[2021-09-10 10:56:30.719][10248][INFO] [CMD:101][ACC:JX7gtNcj3ktU]
[2021-09-10 10:56:46.461][10248][INFO] [CMD:101][ACC:2zMZDLfsezdv]
[2021-09-10 10:56:46.609][10248][INFO] [CMD:1025]{"token":"3rpmsroirovprfo59qids272kc","acc":"2zMZDLfsezdv"}
[2021-09-10 10:56:46.647][10248][INFO] [CMD:1021]{"token":"3rpmsroirovprfo59qids272kc","acc":"2zMZDLfsezdv"}
[2021-09-10 10:56:46.647][10248][INFO] [CMD:1028]{"token":"3rpmsroirovprfo59qids272kc","acc":"2zMZDLfsezdv"}
[2021-09-10 10:56:56.874][10248][INFO] [CMD:1011]{"token":"3rpmsroirovprfo59qids272kc","acc":"2zMZDLfsezdv"}
[2021-09-10 10:56:56.876][10248][INFO] [CMD:1023]{"token":"3rpmsroirovprfo59qids272kc","acc":"2zMZDLfsezdv"}
[2021-09-10 10:56:56.876][10248][INFO] [CMD:1001]{"token":"3rpmsroirovprfo59qids272kc","acc":"2zMZDLfsezdv"}
[2021-09-10 10:57:13.989][10248][INFO] [CMD:1011]{"token":"3rpmsroirovprfo59qids272kc","acc":"2zMZDLfsezdv"}
[2021-09-10 11:01:53.676][5716][INFO] [CMD:101][ACC:2zMZDLfsezdv]
[2021-09-10 11:01:53.907][5716][INFO] [CMD:1025]{"token":"79j5ftpph9ar6h7q6bh8kekl20","acc":"2zMZDLfsezdv"}
[2021-09-10 11:01:53.944][5716][INFO] [CMD:1028]{"token":"79j5ftpph9ar6h7q6bh8kekl20","acc":"2zMZDLfsezdv"}
[2021-09-10 11:01:53.952][5716][INFO] [CMD:1021]{"token":"79j5ftpph9ar6h7q6bh8kekl20","acc":"2zMZDLfsezdv"}
[2021-09-10 11:01:57.858][5716][INFO] [CMD:1001]{"token":"79j5ftpph9ar6h7q6bh8kekl20","acc":"2zMZDLfsezdv"}
[2021-09-10 11:01:57.880][5716][INFO] [CMD:1011]{"token":"79j5ftpph9ar6h7q6bh8kekl20","acc":"2zMZDLfsezdv"}
[2021-09-10 11:01:57.891][5716][INFO] [CMD:1023]{"token":"79j5ftpph9ar6h7q6bh8kekl20","acc":"2zMZDLfsezdv"}
[2021-09-10 11:02:02.242][5716][INFO] [CMD:1011]{"token":"79j5ftpph9ar6h7q6bh8kekl20","acc":"2zMZDLfsezdv"}
[2021-09-10 11:02:02.250][5716][INFO] [CMD:1001]{"token":"79j5ftpph9ar6h7q6bh8kekl20","acc":"2zMZDLfsezdv"}
[2021-09-10 11:06:19.271][5716][INFO] [CMD:101][ACC:2zMZDLfsezdv]
[2021-09-10 11:06:19.425][5716][INFO] [CMD:1025]{"token":"p24nbjlmv7otobv0ak9avqqhk3","acc":"2zMZDLfsezdv"}
[2021-09-10 11:06:19.438][5716][INFO] [CMD:1028]{"token":"p24nbjlmv7otobv0ak9avqqhk3","acc":"2zMZDLfsezdv"}
[2021-09-10 11:06:19.446][5716][INFO] [CMD:1021]{"token":"p24nbjlmv7otobv0ak9avqqhk3","acc":"2zMZDLfsezdv"}
[2021-09-10 11:06:23.526][5716][INFO] [CMD:1023]{"token":"p24nbjlmv7otobv0ak9avqqhk3","acc":"2zMZDLfsezdv"}
[2021-09-10 11:06:23.541][5716][INFO] [CMD:1011]{"token":"p24nbjlmv7otobv0ak9avqqhk3","acc":"2zMZDLfsezdv"}
[2021-09-10 11:06:23.541][5716][INFO] [CMD:1001]{"token":"p24nbjlmv7otobv0ak9avqqhk3","acc":"2zMZDLfsezdv"}
[2021-09-10 11:07:48.254][5716][INFO] [CMD:101][ACC:2zMZDLfsezdv]
[2021-09-10 11:07:48.396][5716][INFO] [CMD:1025]{"token":"t7liprmsm11mr4soln0i5o7dnl","acc":"2zMZDLfsezdv"}
[2021-09-10 11:07:48.427][5716][INFO] [CMD:1028]{"token":"t7liprmsm11mr4soln0i5o7dnl","acc":"2zMZDLfsezdv"}
[2021-09-10 11:07:48.443][5716][INFO] [CMD:1021]{"token":"t7liprmsm11mr4soln0i5o7dnl","acc":"2zMZDLfsezdv"}
[2021-09-10 11:07:53.223][5716][INFO] [CMD:1011]{"token":"t7liprmsm11mr4soln0i5o7dnl","acc":"2zMZDLfsezdv"}
[2021-09-10 11:07:53.226][5716][INFO] [CMD:1001]{"token":"t7liprmsm11mr4soln0i5o7dnl","acc":"2zMZDLfsezdv"}
[2021-09-10 11:07:53.242][5716][INFO] [CMD:1023]{"token":"t7liprmsm11mr4soln0i5o7dnl","acc":"2zMZDLfsezdv"}
[2021-09-10 11:08:10.174][5716][INFO] [CMD:1011]{"token":"t7liprmsm11mr4soln0i5o7dnl","acc":"2zMZDLfsezdv"}
[2021-09-10 11:09:02.617][5716][INFO] [CMD:101][ACC:2zMZDLfsezdv]
[2021-09-10 11:09:02.822][5716][INFO] [CMD:1025]{"token":"m82792rkfo17tem2u3f78000cb","acc":"2zMZDLfsezdv"}
[2021-09-10 11:09:02.850][5716][INFO] [CMD:1028]{"token":"m82792rkfo17tem2u3f78000cb","acc":"2zMZDLfsezdv"}
[2021-09-10 11:09:02.866][5716][INFO] [CMD:1021]{"token":"m82792rkfo17tem2u3f78000cb","acc":"2zMZDLfsezdv"}
[2021-09-10 11:09:07.107][5716][INFO] [CMD:1023]{"token":"m82792rkfo17tem2u3f78000cb","acc":"2zMZDLfsezdv"}
[2021-09-10 11:09:07.139][5716][INFO] [CMD:1001]{"token":"m82792rkfo17tem2u3f78000cb","acc":"2zMZDLfsezdv"}
[2021-09-10 11:09:07.142][5716][INFO] [CMD:1011]{"token":"m82792rkfo17tem2u3f78000cb","acc":"2zMZDLfsezdv"}
[2021-09-10 13:16:38.503][5716][INFO] [CMD:101][ACC:2zMZDLfsezdv]
[2021-09-10 13:16:38.668][5716][INFO] [CMD:1028]{"token":"hqeo3h15o3048ojjq3dmlpqo94","acc":"2zMZDLfsezdv"}
[2021-09-10 13:16:38.672][5716][INFO] [CMD:1025]{"token":"hqeo3h15o3048ojjq3dmlpqo94","acc":"2zMZDLfsezdv"}
[2021-09-10 13:16:38.702][5716][INFO] [CMD:1021]{"token":"hqeo3h15o3048ojjq3dmlpqo94","acc":"2zMZDLfsezdv"}
[2021-09-10 13:16:43.113][5716][INFO] [CMD:1001]{"token":"hqeo3h15o3048ojjq3dmlpqo94","acc":"2zMZDLfsezdv"}
[2021-09-10 13:16:43.116][5716][INFO] [CMD:1023]{"token":"hqeo3h15o3048ojjq3dmlpqo94","acc":"2zMZDLfsezdv"}
[2021-09-10 13:16:43.132][5716][INFO] [CMD:1011]{"token":"hqeo3h15o3048ojjq3dmlpqo94","acc":"2zMZDLfsezdv"}
[2021-09-10 13:16:47.378][5716][INFO] [CMD:1011]{"token":"hqeo3h15o3048ojjq3dmlpqo94","acc":"2zMZDLfsezdv"}
[2021-09-10 13:16:59.578][5716][INFO] [CMD:1011]{"token":"hqeo3h15o3048ojjq3dmlpqo94","acc":"2zMZDLfsezdv"}
[2021-09-10 13:18:34.446][5716][INFO] [CMD:101][ACC:2zMZDLfsezdv]
[2021-09-10 13:18:34.593][5716][INFO] [CMD:1021]{"token":"fbsrpemipaqs73scsc7ob5k9jh","acc":"2zMZDLfsezdv"}
[2021-09-10 13:18:34.618][5716][INFO] [CMD:1025]{"token":"fbsrpemipaqs73scsc7ob5k9jh","acc":"2zMZDLfsezdv"}
[2021-09-10 13:18:34.635][5716][INFO] [CMD:1028]{"token":"fbsrpemipaqs73scsc7ob5k9jh","acc":"2zMZDLfsezdv"}
[2021-09-10 13:18:38.640][5716][INFO] [CMD:1023]{"token":"fbsrpemipaqs73scsc7ob5k9jh","acc":"2zMZDLfsezdv"}
[2021-09-10 13:18:38.653][5716][INFO] [CMD:1001]{"token":"fbsrpemipaqs73scsc7ob5k9jh","acc":"2zMZDLfsezdv"}
[2021-09-10 13:18:38.653][5716][INFO] [CMD:1011]{"token":"fbsrpemipaqs73scsc7ob5k9jh","acc":"2zMZDLfsezdv"}
[2021-09-10 13:18:43.250][5716][INFO] [CMD:1011]{"token":"fbsrpemipaqs73scsc7ob5k9jh","acc":"2zMZDLfsezdv"}
[2021-09-10 13:19:00.891][5716][INFO] [CMD:1011]{"token":"fbsrpemipaqs73scsc7ob5k9jh","acc":"2zMZDLfsezdv"}
[2021-09-10 13:19:36.842][5716][INFO] [CMD:101][ACC:2zMZDLfsezdv]
[2021-09-10 13:19:37.021][5716][INFO] [CMD:1021]{"token":"3kl7qgajigdn1hkpoms6g11ujt","acc":"2zMZDLfsezdv"}
[2021-09-10 13:19:37.025][5716][INFO] [CMD:1025]{"token":"3kl7qgajigdn1hkpoms6g11ujt","acc":"2zMZDLfsezdv"}
[2021-09-10 13:19:37.033][5716][INFO] [CMD:1028]{"token":"3kl7qgajigdn1hkpoms6g11ujt","acc":"2zMZDLfsezdv"}
[2021-09-10 13:19:41.460][5716][INFO] [CMD:1001]{"token":"3kl7qgajigdn1hkpoms6g11ujt","acc":"2zMZDLfsezdv"}
[2021-09-10 13:19:41.462][5716][INFO] [CMD:1011]{"token":"3kl7qgajigdn1hkpoms6g11ujt","acc":"2zMZDLfsezdv"}
[2021-09-10 13:19:41.493][5716][INFO] [CMD:1023]{"token":"3kl7qgajigdn1hkpoms6g11ujt","acc":"2zMZDLfsezdv"}
[2021-09-10 13:19:43.869][5716][INFO] [CMD:1011]{"token":"3kl7qgajigdn1hkpoms6g11ujt","acc":"2zMZDLfsezdv"}
[2021-09-10 13:21:08.707][5716][INFO] [CMD:101][ACC:2zMZDLfsezdv]
[2021-09-10 13:21:08.872][5716][INFO] [CMD:1021]{"token":"oe8gqt2je1mtok09n0tmp4g6br","acc":"2zMZDLfsezdv"}
[2021-09-10 13:21:08.889][5716][INFO] [CMD:1028]{"token":"oe8gqt2je1mtok09n0tmp4g6br","acc":"2zMZDLfsezdv"}
[2021-09-10 13:21:08.889][5716][INFO] [CMD:1025]{"token":"oe8gqt2je1mtok09n0tmp4g6br","acc":"2zMZDLfsezdv"}
[2021-09-10 13:21:13.081][5716][INFO] [CMD:1011]{"token":"oe8gqt2je1mtok09n0tmp4g6br","acc":"2zMZDLfsezdv"}
[2021-09-10 13:21:13.081][5716][INFO] [CMD:1023]{"token":"oe8gqt2je1mtok09n0tmp4g6br","acc":"2zMZDLfsezdv"}
[2021-09-10 13:21:13.081][5716][INFO] [CMD:1001]{"token":"oe8gqt2je1mtok09n0tmp4g6br","acc":"2zMZDLfsezdv"}
[2021-09-10 13:21:20.206][5716][INFO] [CMD:1011]{"token":"oe8gqt2je1mtok09n0tmp4g6br","acc":"2zMZDLfsezdv"}
[2021-09-10 13:24:24.027][5716][INFO] [CMD:101][ACC:2zMZDLfsezdv]
[2021-09-10 13:24:24.157][5716][INFO] [CMD:1025]{"token":"446078m3v9jh34hnud555ms1ir","acc":"2zMZDLfsezdv"}
[2021-09-10 13:24:24.176][5716][INFO] [CMD:1028]{"token":"446078m3v9jh34hnud555ms1ir","acc":"2zMZDLfsezdv"}
[2021-09-10 13:24:24.195][5716][INFO] [CMD:1021]{"token":"446078m3v9jh34hnud555ms1ir","acc":"2zMZDLfsezdv"}
[2021-09-10 13:24:28.606][5716][INFO] [CMD:1011]{"token":"446078m3v9jh34hnud555ms1ir","acc":"2zMZDLfsezdv"}
[2021-09-10 13:24:28.606][5716][INFO] [CMD:1001]{"token":"446078m3v9jh34hnud555ms1ir","acc":"2zMZDLfsezdv"}
[2021-09-10 13:24:28.609][5716][INFO] [CMD:1023]{"token":"446078m3v9jh34hnud555ms1ir","acc":"2zMZDLfsezdv"}
[2021-09-10 13:24:34.994][5716][INFO] [CMD:1011]{"token":"446078m3v9jh34hnud555ms1ir","acc":"2zMZDLfsezdv"}
[2021-09-10 13:25:38.440][5716][INFO] [CMD:1011]{"token":"446078m3v9jh34hnud555ms1ir","acc":"2zMZDLfsezdv"}
[2021-09-10 13:26:54.509][5716][INFO] [CMD:101][ACC:2zMZDLfsezdv]
[2021-09-10 13:26:54.666][5716][INFO] [CMD:1028]{"token":"buiqcovo5dkproq6pjimjr1lp7","acc":"2zMZDLfsezdv"}
[2021-09-10 13:26:54.666][5716][INFO] [CMD:1021]{"token":"buiqcovo5dkproq6pjimjr1lp7","acc":"2zMZDLfsezdv"}
[2021-09-10 13:26:54.680][5716][INFO] [CMD:1025]{"token":"buiqcovo5dkproq6pjimjr1lp7","acc":"2zMZDLfsezdv"}
[2021-09-10 13:26:59.640][5716][INFO] [CMD:1023]{"token":"buiqcovo5dkproq6pjimjr1lp7","acc":"2zMZDLfsezdv"}
[2021-09-10 13:26:59.640][5716][INFO] [CMD:1001]{"token":"buiqcovo5dkproq6pjimjr1lp7","acc":"2zMZDLfsezdv"}
[2021-09-10 13:26:59.647][5716][INFO] [CMD:1011]{"token":"buiqcovo5dkproq6pjimjr1lp7","acc":"2zMZDLfsezdv"}
[2021-09-10 13:27:07.627][5716][INFO] [CMD:1011]{"token":"buiqcovo5dkproq6pjimjr1lp7","acc":"2zMZDLfsezdv"}
[2021-09-10 13:30:17.086][5716][INFO] [CMD:101][ACC:2zMZDLfsezdv]
[2021-09-10 13:30:17.245][5716][INFO] [CMD:1025]{"token":"3c6oo1fqqr8c0k60n3uki76pob","acc":"2zMZDLfsezdv"}
[2021-09-10 13:30:17.267][5716][INFO] [CMD:1021]{"token":"3c6oo1fqqr8c0k60n3uki76pob","acc":"2zMZDLfsezdv"}
[2021-09-10 13:30:17.275][5716][INFO] [CMD:1028]{"token":"3c6oo1fqqr8c0k60n3uki76pob","acc":"2zMZDLfsezdv"}
[2021-09-10 13:30:21.665][5716][INFO] [CMD:1023]{"token":"3c6oo1fqqr8c0k60n3uki76pob","acc":"2zMZDLfsezdv"}
[2021-09-10 13:30:21.669][5716][INFO] [CMD:1011]{"token":"3c6oo1fqqr8c0k60n3uki76pob","acc":"2zMZDLfsezdv"}
[2021-09-10 13:30:21.677][5716][INFO] [CMD:1001]{"token":"3c6oo1fqqr8c0k60n3uki76pob","acc":"2zMZDLfsezdv"}
[2021-09-10 13:30:24.219][5716][INFO] [CMD:1011]{"token":"3c6oo1fqqr8c0k60n3uki76pob","acc":"2zMZDLfsezdv"}
[2021-09-10 13:31:13.606][5716][INFO] [CMD:101][ACC:2zMZDLfsezdv]
[2021-09-10 13:31:13.743][5716][INFO] [CMD:1025]{"token":"p23vesb9msdc5pm3ojk1un8sds","acc":"2zMZDLfsezdv"}
[2021-09-10 13:31:13.766][5716][INFO] [CMD:1021]{"token":"p23vesb9msdc5pm3ojk1un8sds","acc":"2zMZDLfsezdv"}
[2021-09-10 13:31:13.766][5716][INFO] [CMD:1028]{"token":"p23vesb9msdc5pm3ojk1un8sds","acc":"2zMZDLfsezdv"}
[2021-09-10 13:31:18.310][5716][INFO] [CMD:1023]{"token":"p23vesb9msdc5pm3ojk1un8sds","acc":"2zMZDLfsezdv"}
[2021-09-10 13:31:18.316][5716][INFO] [CMD:1011]{"token":"p23vesb9msdc5pm3ojk1un8sds","acc":"2zMZDLfsezdv"}
[2021-09-10 13:31:18.316][5716][INFO] [CMD:1001]{"token":"p23vesb9msdc5pm3ojk1un8sds","acc":"2zMZDLfsezdv"}
[2021-09-10 13:31:21.518][5716][INFO] [CMD:1011]{"token":"p23vesb9msdc5pm3ojk1un8sds","acc":"2zMZDLfsezdv"}
[2021-09-10 13:33:09.953][5716][INFO] [CMD:101][ACC:2zMZDLfsezdv]
[2021-09-10 13:33:10.087][5716][INFO] [CMD:1025]{"token":"ba67ep80govggki6ut76sd28i1","acc":"2zMZDLfsezdv"}
[2021-09-10 13:33:10.100][5716][INFO] [CMD:1028]{"token":"ba67ep80govggki6ut76sd28i1","acc":"2zMZDLfsezdv"}
[2021-09-10 13:33:10.101][5716][INFO] [CMD:1021]{"token":"ba67ep80govggki6ut76sd28i1","acc":"2zMZDLfsezdv"}
[2021-09-10 13:33:14.486][5716][INFO] [CMD:1023]{"token":"ba67ep80govggki6ut76sd28i1","acc":"2zMZDLfsezdv"}
[2021-09-10 13:33:14.489][5716][INFO] [CMD:1001]{"token":"ba67ep80govggki6ut76sd28i1","acc":"2zMZDLfsezdv"}
[2021-09-10 13:33:14.499][5716][INFO] [CMD:1011]{"token":"ba67ep80govggki6ut76sd28i1","acc":"2zMZDLfsezdv"}
[2021-09-10 13:33:16.947][5716][INFO] [CMD:1011]{"token":"ba67ep80govggki6ut76sd28i1","acc":"2zMZDLfsezdv"}
[2021-09-10 13:34:19.061][5716][INFO] [CMD:101][ACC:2zMZDLfsezdv]
[2021-09-10 13:34:19.199][5716][INFO] [CMD:1025]{"token":"ikqfnlinoetp81klgkkt0rgjki","acc":"2zMZDLfsezdv"}
[2021-09-10 13:34:19.211][5716][INFO] [CMD:1021]{"token":"ikqfnlinoetp81klgkkt0rgjki","acc":"2zMZDLfsezdv"}
[2021-09-10 13:34:19.215][5716][INFO] [CMD:1028]{"token":"ikqfnlinoetp81klgkkt0rgjki","acc":"2zMZDLfsezdv"}
[2021-09-10 13:34:23.243][5716][INFO] [CMD:1023]{"token":"ikqfnlinoetp81klgkkt0rgjki","acc":"2zMZDLfsezdv"}
[2021-09-10 13:34:23.254][5716][INFO] [CMD:1001]{"token":"ikqfnlinoetp81klgkkt0rgjki","acc":"2zMZDLfsezdv"}
[2021-09-10 13:34:23.261][5716][INFO] [CMD:1011]{"token":"ikqfnlinoetp81klgkkt0rgjki","acc":"2zMZDLfsezdv"}
[2021-09-10 13:34:26.950][5716][INFO] [CMD:1011]{"token":"ikqfnlinoetp81klgkkt0rgjki","acc":"2zMZDLfsezdv"}
[2021-09-10 13:39:05.987][5716][INFO] [CMD:101][ACC:2zMZDLfsezdv]
[2021-09-10 13:39:06.159][5716][INFO] [CMD:1025]{"token":"l1rbl2usuqn52j3b10q3v74jhr","acc":"2zMZDLfsezdv"}
[2021-09-10 13:39:06.160][5716][INFO] [CMD:1028]{"token":"l1rbl2usuqn52j3b10q3v74jhr","acc":"2zMZDLfsezdv"}
[2021-09-10 13:39:06.177][5716][INFO] [CMD:1021]{"token":"l1rbl2usuqn52j3b10q3v74jhr","acc":"2zMZDLfsezdv"}
[2021-09-10 13:39:11.068][5716][INFO] [CMD:1001]{"token":"l1rbl2usuqn52j3b10q3v74jhr","acc":"2zMZDLfsezdv"}
[2021-09-10 13:39:11.077][5716][INFO] [CMD:1011]{"token":"l1rbl2usuqn52j3b10q3v74jhr","acc":"2zMZDLfsezdv"}
[2021-09-10 13:39:11.077][5716][INFO] [CMD:1023]{"token":"l1rbl2usuqn52j3b10q3v74jhr","acc":"2zMZDLfsezdv"}
[2021-09-10 13:39:13.833][5716][INFO] [CMD:1011]{"token":"l1rbl2usuqn52j3b10q3v74jhr","acc":"2zMZDLfsezdv"}
[2021-09-10 13:40:06.374][5716][INFO] [CMD:101][ACC:2zMZDLfsezdv]
[2021-09-10 13:40:06.529][5716][INFO] [CMD:1021]{"token":"44j2na7qu0qeenun3fds9kcub6","acc":"2zMZDLfsezdv"}
[2021-09-10 13:40:06.549][5716][INFO] [CMD:1028]{"token":"44j2na7qu0qeenun3fds9kcub6","acc":"2zMZDLfsezdv"}
[2021-09-10 13:40:06.549][5716][INFO] [CMD:1025]{"token":"44j2na7qu0qeenun3fds9kcub6","acc":"2zMZDLfsezdv"}
[2021-09-10 13:40:10.810][5716][INFO] [CMD:1011]{"token":"44j2na7qu0qeenun3fds9kcub6","acc":"2zMZDLfsezdv"}
[2021-09-10 13:40:10.816][5716][INFO] [CMD:1023]{"token":"44j2na7qu0qeenun3fds9kcub6","acc":"2zMZDLfsezdv"}
[2021-09-10 13:40:10.820][5716][INFO] [CMD:1001]{"token":"44j2na7qu0qeenun3fds9kcub6","acc":"2zMZDLfsezdv"}
[2021-09-10 13:40:12.498][5716][INFO] [CMD:1011]{"token":"44j2na7qu0qeenun3fds9kcub6","acc":"2zMZDLfsezdv"}
[2021-09-10 13:40:22.737][5716][INFO] [CMD:1030]{"token":"44j2na7qu0qeenun3fds9kcub6","acc":"2zMZDLfsezdv","gachaId":2}
[2021-09-10 13:40:42.842][5716][INFO] [CMD:1001]{"token":"44j2na7qu0qeenun3fds9kcub6","acc":"2zMZDLfsezdv"}
[2021-09-10 13:41:49.795][5716][INFO] [CMD:101][ACC:2zMZDLfsezdv]
[2021-09-10 13:41:49.991][5716][INFO] [CMD:1021]{"token":"a3bghmjvjama2mnis2ai8ao42m","acc":"2zMZDLfsezdv"}
[2021-09-10 13:41:50.002][5716][INFO] [CMD:1025]{"token":"a3bghmjvjama2mnis2ai8ao42m","acc":"2zMZDLfsezdv"}
[2021-09-10 13:41:50.002][5716][INFO] [CMD:1028]{"token":"a3bghmjvjama2mnis2ai8ao42m","acc":"2zMZDLfsezdv"}
[2021-09-10 13:41:54.422][5716][INFO] [CMD:1023]{"token":"a3bghmjvjama2mnis2ai8ao42m","acc":"2zMZDLfsezdv"}
[2021-09-10 13:41:54.422][5716][INFO] [CMD:1001]{"token":"a3bghmjvjama2mnis2ai8ao42m","acc":"2zMZDLfsezdv"}
[2021-09-10 13:41:54.429][5716][INFO] [CMD:1011]{"token":"a3bghmjvjama2mnis2ai8ao42m","acc":"2zMZDLfsezdv"}
[2021-09-10 13:41:59.033][5716][INFO] [CMD:1011]{"token":"a3bghmjvjama2mnis2ai8ao42m","acc":"2zMZDLfsezdv"}
[2021-09-10 13:42:11.559][5716][INFO] [CMD:1030]{"token":"a3bghmjvjama2mnis2ai8ao42m","acc":"2zMZDLfsezdv","gachaId":2}
[2021-09-10 13:42:29.613][5716][INFO] [CMD:1001]{"token":"a3bghmjvjama2mnis2ai8ao42m","acc":"2zMZDLfsezdv"}
[2021-09-10 13:42:31.720][5716][INFO] [CMD:1030]{"token":"a3bghmjvjama2mnis2ai8ao42m","acc":"2zMZDLfsezdv","gachaId":2}
[2021-09-10 13:42:51.388][5716][INFO] [CMD:1042]{"token":"a3bghmjvjama2mnis2ai8ao42m","acc":"2zMZDLfsezdv","gachaId":1}
[2021-09-10 13:42:51.581][5716][INFO] [CMD:1001]{"token":"a3bghmjvjama2mnis2ai8ao42m","acc":"2zMZDLfsezdv"}
[2021-09-10 13:43:00.358][5716][INFO] [CMD:1001]{"token":"a3bghmjvjama2mnis2ai8ao42m","acc":"2zMZDLfsezdv"}
[2021-09-10 13:43:02.424][5716][INFO] [CMD:1030]{"token":"a3bghmjvjama2mnis2ai8ao42m","acc":"2zMZDLfsezdv","gachaId":2}
[2021-09-10 13:43:22.717][5716][INFO] [CMD:1001]{"token":"a3bghmjvjama2mnis2ai8ao42m","acc":"2zMZDLfsezdv"}
[2021-09-10 13:43:26.184][5716][INFO] [CMD:1030]{"token":"a3bghmjvjama2mnis2ai8ao42m","acc":"2zMZDLfsezdv","gachaId":2}
[2021-09-10 13:45:23.907][5716][INFO] [CMD:1001]{"token":"a3bghmjvjama2mnis2ai8ao42m","acc":"2zMZDLfsezdv"}
[2021-09-10 13:45:23.912][5716][INFO] [CMD:1042]{"token":"a3bghmjvjama2mnis2ai8ao42m","acc":"2zMZDLfsezdv","gachaId":1}
[2021-09-10 13:45:31.829][5716][INFO] [CMD:1042]{"token":"a3bghmjvjama2mnis2ai8ao42m","acc":"2zMZDLfsezdv","gachaId":1}
[2021-09-10 13:45:31.839][5716][INFO] [CMD:1001]{"token":"a3bghmjvjama2mnis2ai8ao42m","acc":"2zMZDLfsezdv"}
[2021-09-10 13:45:40.239][5716][INFO] [CMD:1001]{"token":"a3bghmjvjama2mnis2ai8ao42m","acc":"2zMZDLfsezdv"}
[2021-09-10 13:45:41.906][5716][INFO] [CMD:1030]{"token":"a3bghmjvjama2mnis2ai8ao42m","acc":"2zMZDLfsezdv","gachaId":2}
[2021-09-10 13:50:28.455][5716][INFO] [CMD:1001]{"token":"a3bghmjvjama2mnis2ai8ao42m","acc":"2zMZDLfsezdv"}
[2021-09-10 13:50:30.107][5716][INFO] [CMD:1030]{"token":"a3bghmjvjama2mnis2ai8ao42m","acc":"2zMZDLfsezdv","gachaId":2}
[2021-09-10 13:50:49.884][5716][INFO] [CMD:1042]{"token":"a3bghmjvjama2mnis2ai8ao42m","acc":"2zMZDLfsezdv","gachaId":1}
[2021-09-10 13:50:49.886][5716][INFO] [CMD:1001]{"token":"a3bghmjvjama2mnis2ai8ao42m","acc":"2zMZDLfsezdv"}
[2021-09-10 13:50:58.501][5716][INFO] [CMD:1001]{"token":"a3bghmjvjama2mnis2ai8ao42m","acc":"2zMZDLfsezdv"}
[2021-09-10 13:51:00.079][5716][INFO] [CMD:1030]{"token":"a3bghmjvjama2mnis2ai8ao42m","acc":"2zMZDLfsezdv","gachaId":2}
[2021-09-10 13:51:17.941][5716][INFO] [CMD:1001]{"token":"a3bghmjvjama2mnis2ai8ao42m","acc":"2zMZDLfsezdv"}
[2021-09-10 13:51:19.364][5716][INFO] [CMD:1030]{"token":"a3bghmjvjama2mnis2ai8ao42m","acc":"2zMZDLfsezdv","gachaId":2}
[2021-09-10 13:51:37.544][5716][INFO] [CMD:1001]{"token":"a3bghmjvjama2mnis2ai8ao42m","acc":"2zMZDLfsezdv"}
[2021-09-10 13:51:37.559][5716][INFO] [CMD:1042]{"token":"a3bghmjvjama2mnis2ai8ao42m","acc":"2zMZDLfsezdv","gachaId":1}
[2021-09-10 13:51:45.899][5716][INFO] [CMD:1001]{"token":"a3bghmjvjama2mnis2ai8ao42m","acc":"2zMZDLfsezdv"}
[2021-09-10 13:51:49.189][5716][INFO] [CMD:1011]{"token":"a3bghmjvjama2mnis2ai8ao42m","acc":"2zMZDLfsezdv"}
[2021-09-10 13:51:53.585][5716][INFO] [CMD:1010]{"token":"a3bghmjvjama2mnis2ai8ao42m","acc":"2zMZDLfsezdv","shopId":2005}
[2021-09-10 13:51:53.695][5716][INFO] [CMD:1001]{"token":"a3bghmjvjama2mnis2ai8ao42m","acc":"2zMZDLfsezdv"}
[2021-09-10 13:51:53.698][5716][INFO] [CMD:1011]{"token":"a3bghmjvjama2mnis2ai8ao42m","acc":"2zMZDLfsezdv"}
[2021-09-10 13:51:58.162][5716][INFO] [CMD:1010]{"token":"a3bghmjvjama2mnis2ai8ao42m","acc":"2zMZDLfsezdv","shopId":2001}
[2021-09-10 13:51:58.293][5716][INFO] [CMD:1011]{"token":"a3bghmjvjama2mnis2ai8ao42m","acc":"2zMZDLfsezdv"}
[2021-09-10 13:51:58.300][5716][INFO] [CMD:1001]{"token":"a3bghmjvjama2mnis2ai8ao42m","acc":"2zMZDLfsezdv"}
[2021-09-10 13:51:59.739][5716][INFO] [CMD:1010]{"token":"a3bghmjvjama2mnis2ai8ao42m","acc":"2zMZDLfsezdv","shopId":2000}
[2021-09-10 13:51:59.850][5716][INFO] [CMD:1001]{"token":"a3bghmjvjama2mnis2ai8ao42m","acc":"2zMZDLfsezdv"}
[2021-09-10 13:51:59.869][5716][INFO] [CMD:1011]{"token":"a3bghmjvjama2mnis2ai8ao42m","acc":"2zMZDLfsezdv"}
[2021-09-10 13:52:02.607][5716][INFO] [CMD:1011]{"token":"a3bghmjvjama2mnis2ai8ao42m","acc":"2zMZDLfsezdv"}
[2021-09-10 13:56:48.661][5716][INFO] [CMD:101][ACC:2zMZDLfsezdv]
[2021-09-10 13:56:49.083][5716][INFO] [CMD:1028]{"token":"csdvk3p8hkba7rvn01tmhfgqsj","acc":"2zMZDLfsezdv"}
[2021-09-10 13:56:49.084][5716][INFO] [CMD:1021]{"token":"csdvk3p8hkba7rvn01tmhfgqsj","acc":"2zMZDLfsezdv"}
[2021-09-10 13:56:49.095][5716][INFO] [CMD:1025]{"token":"csdvk3p8hkba7rvn01tmhfgqsj","acc":"2zMZDLfsezdv"}
[2021-09-10 13:56:53.205][5716][INFO] [CMD:1023]{"token":"csdvk3p8hkba7rvn01tmhfgqsj","acc":"2zMZDLfsezdv"}
[2021-09-10 13:56:53.220][5716][INFO] [CMD:1001]{"token":"csdvk3p8hkba7rvn01tmhfgqsj","acc":"2zMZDLfsezdv"}
[2021-09-10 13:56:53.234][5716][INFO] [CMD:1011]{"token":"csdvk3p8hkba7rvn01tmhfgqsj","acc":"2zMZDLfsezdv"}
[2021-09-10 13:56:56.613][5716][INFO] [CMD:1011]{"token":"csdvk3p8hkba7rvn01tmhfgqsj","acc":"2zMZDLfsezdv"}
[2021-09-10 13:57:39.490][5716][INFO] [CMD:101][ACC:2zMZDLfsezdv]
[2021-09-10 13:57:39.622][5716][INFO] [CMD:1025]{"token":"76cigr01bsupivh19eetusobp8","acc":"2zMZDLfsezdv"}
[2021-09-10 13:57:39.639][5716][INFO] [CMD:1028]{"token":"76cigr01bsupivh19eetusobp8","acc":"2zMZDLfsezdv"}
[2021-09-10 13:57:39.644][5716][INFO] [CMD:1021]{"token":"76cigr01bsupivh19eetusobp8","acc":"2zMZDLfsezdv"}
[2021-09-10 13:57:43.984][5716][INFO] [CMD:1023]{"token":"76cigr01bsupivh19eetusobp8","acc":"2zMZDLfsezdv"}
[2021-09-10 13:57:43.995][5716][INFO] [CMD:1011]{"token":"76cigr01bsupivh19eetusobp8","acc":"2zMZDLfsezdv"}
[2021-09-10 13:57:44.024][5716][INFO] [CMD:1001]{"token":"76cigr01bsupivh19eetusobp8","acc":"2zMZDLfsezdv"}
[2021-09-10 13:57:46.292][5716][INFO] [CMD:1011]{"token":"76cigr01bsupivh19eetusobp8","acc":"2zMZDLfsezdv"}
[2021-09-10 14:11:21.198][5716][INFO] [CMD:101][ACC:2zMZDLfsezdv]
[2021-09-10 14:11:21.349][5716][INFO] [CMD:1025]{"token":"bf4b59vmqndccon0nh014rhc81","acc":"2zMZDLfsezdv"}
[2021-09-10 14:11:21.351][5716][INFO] [CMD:1028]{"token":"bf4b59vmqndccon0nh014rhc81","acc":"2zMZDLfsezdv"}
[2021-09-10 14:11:21.373][5716][INFO] [CMD:1021]{"token":"bf4b59vmqndccon0nh014rhc81","acc":"2zMZDLfsezdv"}
[2021-09-10 14:11:24.955][5716][INFO] [CMD:1023]{"token":"bf4b59vmqndccon0nh014rhc81","acc":"2zMZDLfsezdv"}
[2021-09-10 14:11:24.976][5716][INFO] [CMD:1001]{"token":"bf4b59vmqndccon0nh014rhc81","acc":"2zMZDLfsezdv"}
[2021-09-10 14:11:24.993][5716][INFO] [CMD:1011]{"token":"bf4b59vmqndccon0nh014rhc81","acc":"2zMZDLfsezdv"}
[2021-09-10 14:12:01.722][5716][INFO] [CMD:1011]{"token":"bf4b59vmqndccon0nh014rhc81","acc":"2zMZDLfsezdv"}
[2021-09-10 14:12:01.725][5716][INFO] [CMD:1001]{"token":"bf4b59vmqndccon0nh014rhc81","acc":"2zMZDLfsezdv"}
[2021-09-10 14:12:04.258][5716][INFO] [CMD:1002]{"token":"bf4b59vmqndccon0nh014rhc81","acc":"2zMZDLfsezdv","guid":273,"count":1}
[2021-09-10 14:12:04.811][5716][INFO] [CMD:1002]{"token":"bf4b59vmqndccon0nh014rhc81","acc":"2zMZDLfsezdv","guid":273,"count":1}
[2021-09-10 14:12:06.260][5716][INFO] [CMD:1001]{"token":"bf4b59vmqndccon0nh014rhc81","acc":"2zMZDLfsezdv"}
[2021-09-10 14:12:06.263][5716][INFO] [CMD:1011]{"token":"bf4b59vmqndccon0nh014rhc81","acc":"2zMZDLfsezdv"}
[2021-09-10 14:12:07.543][5716][INFO] [CMD:1007]{"token":"bf4b59vmqndccon0nh014rhc81","acc":"2zMZDLfsezdv","guid":273,"site":0}
[2021-09-10 14:12:07.624][5716][INFO] [CMD:1007]{"token":"bf4b59vmqndccon0nh014rhc81","acc":"2zMZDLfsezdv","guid":235,"site":1}
[2021-09-10 14:12:09.622][5716][INFO] [CMD:1002]{"token":"bf4b59vmqndccon0nh014rhc81","acc":"2zMZDLfsezdv","guid":235,"count":1}
[2021-09-10 14:12:11.616][5716][INFO] [CMD:1002]{"token":"bf4b59vmqndccon0nh014rhc81","acc":"2zMZDLfsezdv","guid":235,"count":1}
[2021-09-10 14:12:13.463][5716][INFO] [CMD:1002]{"token":"bf4b59vmqndccon0nh014rhc81","acc":"2zMZDLfsezdv","guid":235,"count":1}
[2021-09-10 14:12:14.915][5716][INFO] [CMD:1002]{"token":"bf4b59vmqndccon0nh014rhc81","acc":"2zMZDLfsezdv","guid":235,"count":1}
[2021-09-10 14:12:15.308][5716][INFO] [CMD:1002]{"token":"bf4b59vmqndccon0nh014rhc81","acc":"2zMZDLfsezdv","guid":235,"count":1}
[2021-09-10 14:12:16.622][5716][INFO] [CMD:1011]{"token":"bf4b59vmqndccon0nh014rhc81","acc":"2zMZDLfsezdv"}
[2021-09-10 14:12:16.626][5716][INFO] [CMD:1001]{"token":"bf4b59vmqndccon0nh014rhc81","acc":"2zMZDLfsezdv"}
[2021-09-10 14:12:19.436][5716][INFO] [CMD:1007]{"token":"bf4b59vmqndccon0nh014rhc81","acc":"2zMZDLfsezdv","guid":342,"site":0}
[2021-09-10 14:12:19.518][5716][INFO] [CMD:1007]{"token":"bf4b59vmqndccon0nh014rhc81","acc":"2zMZDLfsezdv","guid":236,"site":2}
[2021-09-10 14:12:28.012][5716][INFO] [CMD:1005]{"token":"bf4b59vmqndccon0nh014rhc81","acc":"2zMZDLfsezdv","itemId":3002,"count":1,"newName":"Gsdgsdg","rdata":"{\"sizeX\":3,\"sizeZ\":1,\"blocks\":[{\"id\":1023,\"posX\":0,\"posY\":0,\"posZ\":0,\"direction\":0},{\"id\":5100,\"posX\":-1,\"posY\":1,\"posZ\":0,\"direction\":5},{\"id\":1023,\"posX\":0,\"posY\":1,\"posZ\":0,\"direction\":0},{\"id\":5100,\"posX\":1,\"posY\":1,\"posZ\":0,\"direction\":4},{\"id\":5100,\"posX\":0,\"posY\":2,\"posZ\":0,\"direction\":0}],\"IsDuplicate\":false}"}
[2021-09-10 14:12:28.102][5716][INFO] [CMD:1001]{"token":"bf4b59vmqndccon0nh014rhc81","acc":"2zMZDLfsezdv"}
[2021-09-10 14:12:28.275][5716][INFO] [CMD:1003]{"token":"bf4b59vmqndccon0nh014rhc81","acc":"2zMZDLfsezdv","itemId":3001,"count":1}
[2021-09-10 14:12:28.390][5716][INFO] [CMD:1001]{"token":"bf4b59vmqndccon0nh014rhc81","acc":"2zMZDLfsezdv"}
[2021-09-10 14:13:14.670][5716][INFO] [CMD:1011]{"token":"bf4b59vmqndccon0nh014rhc81","acc":"2zMZDLfsezdv"}
[2021-09-10 14:13:14.670][5716][INFO] [CMD:1001]{"token":"bf4b59vmqndccon0nh014rhc81","acc":"2zMZDLfsezdv"}
[2021-09-10 14:13:17.101][5716][INFO] [CMD:1007]{"token":"bf4b59vmqndccon0nh014rhc81","acc":"2zMZDLfsezdv","guid":341,"site":0}
[2021-09-10 14:13:17.174][5716][INFO] [CMD:1007]{"token":"bf4b59vmqndccon0nh014rhc81","acc":"2zMZDLfsezdv","guid":343,"site":3}
[2021-09-10 14:13:19.841][5716][INFO] [CMD:1043]{"token":"bf4b59vmqndccon0nh014rhc81","acc":"2zMZDLfsezdv","itemGuid":343}
[2021-09-10 14:13:25.193][5716][INFO] [CMD:1043]{"token":"bf4b59vmqndccon0nh014rhc81","acc":"2zMZDLfsezdv","itemGuid":343}
[2021-09-10 14:13:26.630][5716][INFO] [CMD:1003]{"token":"bf4b59vmqndccon0nh014rhc81","acc":"2zMZDLfsezdv","itemId":123,"count":2}
[2021-09-10 14:13:26.637][5716][INFO] [CMD:1003]{"token":"bf4b59vmqndccon0nh014rhc81","acc":"2zMZDLfsezdv","itemId":5,"count":3}
[2021-09-10 14:13:26.638][5716][INFO] [CMD:1002]{"token":"bf4b59vmqndccon0nh014rhc81","acc":"2zMZDLfsezdv","guid":343,"count":1}
[2021-09-10 14:13:26.745][5716][INFO] [CMD:1001]{"token":"bf4b59vmqndccon0nh014rhc81","acc":"2zMZDLfsezdv"}
[2021-09-10 14:13:26.763][5716][INFO] [CMD:1001]{"token":"bf4b59vmqndccon0nh014rhc81","acc":"2zMZDLfsezdv"}
[2021-09-10 14:53:13.015][5716][INFO] [CMD:101][ACC:p8qCgvHRwiWQ]
[2021-09-10 14:53:31.969][5716][INFO] [CMD:101][ACC:2zMZDLfsezdv]
[2021-09-10 14:53:32.641][5716][INFO] [CMD:1025]{"token":"38t5qci4dt5ev0a5tbu5uenpvf","acc":"2zMZDLfsezdv"}
[2021-09-10 14:53:32.646][5716][INFO] [CMD:1028]{"token":"38t5qci4dt5ev0a5tbu5uenpvf","acc":"2zMZDLfsezdv"}
[2021-09-10 14:53:32.665][5716][INFO] [CMD:1021]{"token":"38t5qci4dt5ev0a5tbu5uenpvf","acc":"2zMZDLfsezdv"}
[2021-09-10 14:53:40.130][5716][INFO] [CMD:1001]{"token":"38t5qci4dt5ev0a5tbu5uenpvf","acc":"2zMZDLfsezdv"}
[2021-09-10 14:53:40.135][5716][INFO] [CMD:1011]{"token":"38t5qci4dt5ev0a5tbu5uenpvf","acc":"2zMZDLfsezdv"}
[2021-09-10 14:53:40.135][5716][INFO] [CMD:1023]{"token":"38t5qci4dt5ev0a5tbu5uenpvf","acc":"2zMZDLfsezdv"}
[2021-09-10 14:53:43.058][5716][INFO] [CMD:1011]{"token":"38t5qci4dt5ev0a5tbu5uenpvf","acc":"2zMZDLfsezdv"}
[2021-09-10 14:53:44.777][5716][INFO] [CMD:1030]{"token":"38t5qci4dt5ev0a5tbu5uenpvf","acc":"2zMZDLfsezdv","gachaId":1}
[2021-09-10 14:54:05.310][5716][INFO] [CMD:1042]{"token":"38t5qci4dt5ev0a5tbu5uenpvf","acc":"2zMZDLfsezdv","gachaId":1}
[2021-09-10 14:54:05.316][5716][INFO] [CMD:1001]{"token":"38t5qci4dt5ev0a5tbu5uenpvf","acc":"2zMZDLfsezdv"}
[2021-09-10 14:54:17.092][5716][INFO] [CMD:1001]{"token":"38t5qci4dt5ev0a5tbu5uenpvf","acc":"2zMZDLfsezdv"}
[2021-09-10 14:54:48.199][5716][INFO] [CMD:1011]{"token":"38t5qci4dt5ev0a5tbu5uenpvf","acc":"2zMZDLfsezdv"}
[2021-09-10 14:54:54.418][5716][INFO] [CMD:9000]{"token":"38t5qci4dt5ev0a5tbu5uenpvf","acc":"2zMZDLfsezdv","productId":"craftstory_120","transactionId":"c84d2210-1988-4935-9e71-703007113902"}
[2021-09-10 14:54:54.897][5716][INFO] [CMD:1011]{"token":"38t5qci4dt5ev0a5tbu5uenpvf","acc":"2zMZDLfsezdv"}
[2021-09-10 14:54:56.479][5716][INFO] [CMD:1030]{"token":"38t5qci4dt5ev0a5tbu5uenpvf","acc":"2zMZDLfsezdv","gachaId":1}
[2021-09-10 14:55:18.562][5716][INFO] [CMD:1042]{"token":"38t5qci4dt5ev0a5tbu5uenpvf","acc":"2zMZDLfsezdv","gachaId":1}
[2021-09-10 14:55:18.563][5716][INFO] [CMD:1001]{"token":"38t5qci4dt5ev0a5tbu5uenpvf","acc":"2zMZDLfsezdv"}
[2021-09-10 14:55:29.412][5716][INFO] [CMD:1001]{"token":"38t5qci4dt5ev0a5tbu5uenpvf","acc":"2zMZDLfsezdv"}
[2021-09-10 14:55:29.430][5716][INFO] [CMD:1042]{"token":"38t5qci4dt5ev0a5tbu5uenpvf","acc":"2zMZDLfsezdv","gachaId":1}
[2021-09-10 14:55:41.203][5716][INFO] [CMD:1001]{"token":"38t5qci4dt5ev0a5tbu5uenpvf","acc":"2zMZDLfsezdv"}
[2021-09-10 14:55:41.204][5716][INFO] [CMD:1042]{"token":"38t5qci4dt5ev0a5tbu5uenpvf","acc":"2zMZDLfsezdv","gachaId":1}
[2021-09-10 14:55:52.592][5716][INFO] [CMD:1001]{"token":"38t5qci4dt5ev0a5tbu5uenpvf","acc":"2zMZDLfsezdv"}
[2021-09-10 15:22:00.681][5716][INFO] [CMD:101][ACC:2zMZDLfsezdv]
[2021-09-10 15:22:00.811][5716][INFO] [CMD:1025]{"token":"ro5s48udt3ik6f3lafe0sv35ar","acc":"2zMZDLfsezdv"}
[2021-09-10 15:22:00.834][5716][INFO] [CMD:1028]{"token":"ro5s48udt3ik6f3lafe0sv35ar","acc":"2zMZDLfsezdv"}
[2021-09-10 15:22:00.835][5716][INFO] [CMD:1021]{"token":"ro5s48udt3ik6f3lafe0sv35ar","acc":"2zMZDLfsezdv"}
[2021-09-10 15:22:17.312][5716][INFO] [CMD:1001]{"token":"ro5s48udt3ik6f3lafe0sv35ar","acc":"2zMZDLfsezdv"}
[2021-09-10 15:22:17.315][5716][INFO] [CMD:1011]{"token":"ro5s48udt3ik6f3lafe0sv35ar","acc":"2zMZDLfsezdv"}
[2021-09-10 15:22:17.315][5716][INFO] [CMD:1023]{"token":"ro5s48udt3ik6f3lafe0sv35ar","acc":"2zMZDLfsezdv"}
[2021-09-10 15:22:20.301][5716][INFO] [CMD:1011]{"token":"ro5s48udt3ik6f3lafe0sv35ar","acc":"2zMZDLfsezdv"}
[2021-09-10 15:22:56.216][5716][INFO] [CMD:1011]{"token":"ro5s48udt3ik6f3lafe0sv35ar","acc":"2zMZDLfsezdv"}
[2021-09-10 15:22:59.015][5716][INFO] [CMD:9000]{"token":"ro5s48udt3ik6f3lafe0sv35ar","acc":"2zMZDLfsezdv","productId":"craftstory_120","transactionId":"3d14de05-affd-4010-a921-24a336551bc6"}
[2021-09-10 15:22:59.144][5716][INFO] [CMD:1011]{"token":"ro5s48udt3ik6f3lafe0sv35ar","acc":"2zMZDLfsezdv"}
[2021-09-10 15:23:03.287][5716][INFO] [CMD:1030]{"token":"ro5s48udt3ik6f3lafe0sv35ar","acc":"2zMZDLfsezdv","gachaId":1}
[2021-09-10 15:29:09.576][5716][INFO] [CMD:1001]{"token":"ro5s48udt3ik6f3lafe0sv35ar","acc":"2zMZDLfsezdv"}
[2021-09-10 15:31:04.701][5716][INFO] [CMD:1011]{"token":"ro5s48udt3ik6f3lafe0sv35ar","acc":"2zMZDLfsezdv"}
[2021-09-10 15:31:40.726][5716][INFO] [CMD:1011]{"token":"ro5s48udt3ik6f3lafe0sv35ar","acc":"2zMZDLfsezdv"}
[2021-09-10 15:31:43.070][5716][INFO] [CMD:1011]{"token":"ro5s48udt3ik6f3lafe0sv35ar","acc":"2zMZDLfsezdv"}
[2021-09-10 15:31:58.235][5716][INFO] [CMD:1011]{"token":"ro5s48udt3ik6f3lafe0sv35ar","acc":"2zMZDLfsezdv"}
[2021-09-10 15:32:10.524][5716][INFO] [CMD:9000]{"token":"ro5s48udt3ik6f3lafe0sv35ar","acc":"2zMZDLfsezdv","productId":"craftstory_1960","transactionId":"d597e2f4-7d80-41b8-aa70-3e56ff438fed"}
[2021-09-10 15:32:10.791][5716][INFO] [CMD:1011]{"token":"ro5s48udt3ik6f3lafe0sv35ar","acc":"2zMZDLfsezdv"}
[2021-09-10 15:32:24.051][5716][INFO] [CMD:1030]{"token":"ro5s48udt3ik6f3lafe0sv35ar","acc":"2zMZDLfsezdv","gachaId":1}
[2021-09-10 15:32:43.253][5716][INFO] [CMD:1001]{"token":"ro5s48udt3ik6f3lafe0sv35ar","acc":"2zMZDLfsezdv"}
[2021-09-10 15:32:43.253][5716][INFO] [CMD:1042]{"token":"ro5s48udt3ik6f3lafe0sv35ar","acc":"2zMZDLfsezdv","gachaId":1}
[2021-09-10 15:32:53.365][5716][INFO] [CMD:1001]{"token":"ro5s48udt3ik6f3lafe0sv35ar","acc":"2zMZDLfsezdv"}
[2021-09-10 15:34:18.506][5716][INFO] [CMD:1030]{"token":"ro5s48udt3ik6f3lafe0sv35ar","acc":"2zMZDLfsezdv","gachaId":1}
[2021-09-10 15:35:13.028][5716][INFO] [CMD:1001]{"token":"ro5s48udt3ik6f3lafe0sv35ar","acc":"2zMZDLfsezdv"}
[2021-09-10 15:35:18.123][5716][INFO] [CMD:1010]{"token":"ro5s48udt3ik6f3lafe0sv35ar","acc":"2zMZDLfsezdv","shopId":2003}
[2021-09-10 15:35:18.262][5716][INFO] [CMD:1001]{"token":"ro5s48udt3ik6f3lafe0sv35ar","acc":"2zMZDLfsezdv"}
[2021-09-10 15:35:18.276][5716][INFO] [CMD:1011]{"token":"ro5s48udt3ik6f3lafe0sv35ar","acc":"2zMZDLfsezdv"}
[2021-09-10 15:35:19.859][5716][INFO] [CMD:1010]{"token":"ro5s48udt3ik6f3lafe0sv35ar","acc":"2zMZDLfsezdv","shopId":2002}
[2021-09-10 15:35:19.975][5716][INFO] [CMD:1001]{"token":"ro5s48udt3ik6f3lafe0sv35ar","acc":"2zMZDLfsezdv"}
[2021-09-10 15:35:19.980][5716][INFO] [CMD:1011]{"token":"ro5s48udt3ik6f3lafe0sv35ar","acc":"2zMZDLfsezdv"}
[2021-09-10 15:35:20.692][5716][INFO] [CMD:1010]{"token":"ro5s48udt3ik6f3lafe0sv35ar","acc":"2zMZDLfsezdv","shopId":2001}
[2021-09-10 15:35:20.786][5716][INFO] [CMD:1001]{"token":"ro5s48udt3ik6f3lafe0sv35ar","acc":"2zMZDLfsezdv"}
[2021-09-10 15:35:20.789][5716][INFO] [CMD:1011]{"token":"ro5s48udt3ik6f3lafe0sv35ar","acc":"2zMZDLfsezdv"}
[2021-09-10 15:36:11.626][5716][INFO] [CMD:9000]{"token":"ro5s48udt3ik6f3lafe0sv35ar","acc":"2zMZDLfsezdv","productId":"craftstory_120","transactionId":"42f19523-f610-4785-a3dd-4d2bb7eb3b01"}
[2021-09-10 15:36:11.769][5716][INFO] [CMD:1011]{"token":"ro5s48udt3ik6f3lafe0sv35ar","acc":"2zMZDLfsezdv"}
[2021-09-10 15:36:14.616][5716][INFO] [CMD:1030]{"token":"ro5s48udt3ik6f3lafe0sv35ar","acc":"2zMZDLfsezdv","gachaId":1}
[2021-09-10 15:39:43.245][5716][INFO] [CMD:1042]{"token":"ro5s48udt3ik6f3lafe0sv35ar","acc":"2zMZDLfsezdv","gachaId":1}
[2021-09-10 15:39:43.247][5716][INFO] [CMD:1001]{"token":"ro5s48udt3ik6f3lafe0sv35ar","acc":"2zMZDLfsezdv"}
[2021-09-10 15:40:07.240][5716][INFO] [CMD:1001]{"token":"ro5s48udt3ik6f3lafe0sv35ar","acc":"2zMZDLfsezdv"}
[2021-09-10 15:40:07.240][5716][INFO] [CMD:1042]{"token":"ro5s48udt3ik6f3lafe0sv35ar","acc":"2zMZDLfsezdv","gachaId":1}
[2021-09-10 15:41:07.967][5716][INFO] [CMD:1001]{"token":"ro5s48udt3ik6f3lafe0sv35ar","acc":"2zMZDLfsezdv"}
[2021-09-10 15:42:08.084][5716][INFO] [CMD:1011]{"token":"ro5s48udt3ik6f3lafe0sv35ar","acc":"2zMZDLfsezdv"}
[2021-09-10 15:42:08.085][5716][INFO] [CMD:1001]{"token":"ro5s48udt3ik6f3lafe0sv35ar","acc":"2zMZDLfsezdv"}
[2021-09-10 15:42:22.395][5716][INFO] [CMD:1011]{"token":"ro5s48udt3ik6f3lafe0sv35ar","acc":"2zMZDLfsezdv"}
[2021-09-10 15:43:21.841][5716][INFO] [CMD:100]
[2021-09-10 15:43:22.163][5716][INFO] [CMD:101][ACC:wwLRSCVCyyTk]
[2021-09-10 15:43:22.383][5716][INFO] [CMD:1025]{"token":"mksg4ubhvgjmb52c9foark7975","acc":"wwLRSCVCyyTk"}
[2021-09-10 15:43:22.438][5716][INFO] [CMD:1028]{"token":"mksg4ubhvgjmb52c9foark7975","acc":"wwLRSCVCyyTk"}
[2021-09-10 15:43:22.443][5716][INFO] [CMD:1021]{"token":"mksg4ubhvgjmb52c9foark7975","acc":"wwLRSCVCyyTk"}
[2021-09-10 15:43:24.905][5716][INFO] [CMD:1011]{"token":"mksg4ubhvgjmb52c9foark7975","acc":"wwLRSCVCyyTk"}
[2021-09-10 15:43:39.408][5716][INFO] [CMD:101][ACC:wwLRSCVCyyTk]
[2021-09-10 15:43:39.556][5716][INFO] [CMD:1025]{"token":"a1m6hma05v8sr8hpod26if8tjh","acc":"wwLRSCVCyyTk"}
[2021-09-10 15:43:39.569][5716][INFO] [CMD:1028]{"token":"a1m6hma05v8sr8hpod26if8tjh","acc":"wwLRSCVCyyTk"}
[2021-09-10 15:43:39.573][5716][INFO] [CMD:1021]{"token":"a1m6hma05v8sr8hpod26if8tjh","acc":"wwLRSCVCyyTk"}
[2021-09-10 15:43:41.890][5716][INFO] [CMD:1011]{"token":"a1m6hma05v8sr8hpod26if8tjh","acc":"wwLRSCVCyyTk"}
[2021-09-10 15:43:44.204][5716][INFO] [CMD:1029]{"token":"a1m6hma05v8sr8hpod26if8tjh","acc":"wwLRSCVCyyTk"}
[2021-09-10 15:43:47.523][5716][INFO] [CMD:1023]{"token":"a1m6hma05v8sr8hpod26if8tjh","acc":"wwLRSCVCyyTk"}
[2021-09-10 15:43:47.545][5716][INFO] [CMD:1011]{"token":"a1m6hma05v8sr8hpod26if8tjh","acc":"wwLRSCVCyyTk"}
[2021-09-10 15:43:47.554][5716][INFO] [CMD:1001]{"token":"a1m6hma05v8sr8hpod26if8tjh","acc":"wwLRSCVCyyTk"}
[2021-09-10 15:46:53.451][5716][INFO] [CMD:1001]{"token":"a1m6hma05v8sr8hpod26if8tjh","acc":"wwLRSCVCyyTk"}
[2021-09-10 15:46:53.455][5716][INFO] [CMD:1011]{"token":"a1m6hma05v8sr8hpod26if8tjh","acc":"wwLRSCVCyyTk"}
[2021-09-10 15:46:55.546][5716][INFO] [CMD:1007]{"token":"a1m6hma05v8sr8hpod26if8tjh","acc":"wwLRSCVCyyTk","guid":344,"site":0}
[2021-09-10 15:46:55.630][5716][INFO] [CMD:1007]{"token":"a1m6hma05v8sr8hpod26if8tjh","acc":"wwLRSCVCyyTk","guid":348,"site":1}
[2021-09-10 15:46:56.949][5716][INFO] [CMD:1007]{"token":"a1m6hma05v8sr8hpod26if8tjh","acc":"wwLRSCVCyyTk","guid":345,"site":0}
[2021-09-10 15:46:57.035][5716][INFO] [CMD:1007]{"token":"a1m6hma05v8sr8hpod26if8tjh","acc":"wwLRSCVCyyTk","guid":347,"site":2}
[2021-09-10 15:46:58.098][5716][INFO] [CMD:1007]{"token":"a1m6hma05v8sr8hpod26if8tjh","acc":"wwLRSCVCyyTk","guid":346,"site":0}
[2021-09-10 15:46:58.234][5716][INFO] [CMD:1007]{"token":"a1m6hma05v8sr8hpod26if8tjh","acc":"wwLRSCVCyyTk","guid":349,"site":3}
[2021-09-10 15:47:10.642][5716][INFO] [CMD:1002]{"token":"a1m6hma05v8sr8hpod26if8tjh","acc":"wwLRSCVCyyTk","guid":348,"count":1}
[2021-09-10 15:47:10.938][5716][INFO] [CMD:1002]{"token":"a1m6hma05v8sr8hpod26if8tjh","acc":"wwLRSCVCyyTk","guid":348,"count":1}
[2021-09-10 15:47:11.341][5716][INFO] [CMD:1002]{"token":"a1m6hma05v8sr8hpod26if8tjh","acc":"wwLRSCVCyyTk","guid":348,"count":1}
[2021-09-10 15:47:11.610][5716][INFO] [CMD:1002]{"token":"a1m6hma05v8sr8hpod26if8tjh","acc":"wwLRSCVCyyTk","guid":348,"count":1}
[2021-09-10 15:47:12.129][5716][INFO] [CMD:1002]{"token":"a1m6hma05v8sr8hpod26if8tjh","acc":"wwLRSCVCyyTk","guid":348,"count":1}
[2021-09-10 15:47:12.698][5716][INFO] [CMD:1002]{"token":"a1m6hma05v8sr8hpod26if8tjh","acc":"wwLRSCVCyyTk","guid":348,"count":1}
[2021-09-10 15:47:15.355][5716][INFO] [CMD:1004]{"token":"a1m6hma05v8sr8hpod26if8tjh","acc":"wwLRSCVCyyTk","itemId":106,"count":1}
[2021-09-10 15:47:16.502][5716][INFO] [CMD:1002]{"token":"a1m6hma05v8sr8hpod26if8tjh","acc":"wwLRSCVCyyTk","guid":348,"count":1}
[2021-09-10 15:47:16.902][5716][INFO] [CMD:1002]{"token":"a1m6hma05v8sr8hpod26if8tjh","acc":"wwLRSCVCyyTk","guid":348,"count":1}
[2021-09-10 15:47:17.416][5716][INFO] [CMD:1002]{"token":"a1m6hma05v8sr8hpod26if8tjh","acc":"wwLRSCVCyyTk","guid":348,"count":1}
[2021-09-10 15:47:17.889][5716][INFO] [CMD:1002]{"token":"a1m6hma05v8sr8hpod26if8tjh","acc":"wwLRSCVCyyTk","guid":348,"count":1}
[2021-09-10 15:47:18.421][5716][INFO] [CMD:1002]{"token":"a1m6hma05v8sr8hpod26if8tjh","acc":"wwLRSCVCyyTk","guid":348,"count":1}
[2021-09-10 15:47:19.261][5716][INFO] [CMD:1002]{"token":"a1m6hma05v8sr8hpod26if8tjh","acc":"wwLRSCVCyyTk","guid":348,"count":1}
[2021-09-10 15:47:19.581][5716][INFO] [CMD:1002]{"token":"a1m6hma05v8sr8hpod26if8tjh","acc":"wwLRSCVCyyTk","guid":348,"count":1}
[2021-09-10 15:47:19.958][5716][INFO] [CMD:1002]{"token":"a1m6hma05v8sr8hpod26if8tjh","acc":"wwLRSCVCyyTk","guid":348,"count":1}
[2021-09-10 15:47:20.424][5716][INFO] [CMD:1002]{"token":"a1m6hma05v8sr8hpod26if8tjh","acc":"wwLRSCVCyyTk","guid":348,"count":1}
[2021-09-10 15:47:20.838][5716][INFO] [CMD:1002]{"token":"a1m6hma05v8sr8hpod26if8tjh","acc":"wwLRSCVCyyTk","guid":348,"count":1}
[2021-09-10 15:47:21.366][5716][INFO] [CMD:1002]{"token":"a1m6hma05v8sr8hpod26if8tjh","acc":"wwLRSCVCyyTk","guid":348,"count":1}
[2021-09-10 15:47:21.764][5716][INFO] [CMD:1002]{"token":"a1m6hma05v8sr8hpod26if8tjh","acc":"wwLRSCVCyyTk","guid":348,"count":1}
[2021-09-10 15:47:22.106][5716][INFO] [CMD:1002]{"token":"a1m6hma05v8sr8hpod26if8tjh","acc":"wwLRSCVCyyTk","guid":348,"count":1}
[2021-09-10 15:47:22.533][5716][INFO] [CMD:1002]{"token":"a1m6hma05v8sr8hpod26if8tjh","acc":"wwLRSCVCyyTk","guid":348,"count":1}
[2021-09-10 15:47:22.919][5716][INFO] [CMD:1002]{"token":"a1m6hma05v8sr8hpod26if8tjh","acc":"wwLRSCVCyyTk","guid":348,"count":1}
[2021-09-10 15:47:24.841][5716][INFO] [CMD:1002]{"token":"a1m6hma05v8sr8hpod26if8tjh","acc":"wwLRSCVCyyTk","guid":348,"count":1}
[2021-09-10 15:47:25.288][5716][INFO] [CMD:1002]{"token":"a1m6hma05v8sr8hpod26if8tjh","acc":"wwLRSCVCyyTk","guid":348,"count":1}
[2021-09-10 15:47:25.718][5716][INFO] [CMD:1002]{"token":"a1m6hma05v8sr8hpod26if8tjh","acc":"wwLRSCVCyyTk","guid":348,"count":1}
[2021-09-10 15:47:28.643][5716][INFO] [CMD:1002]{"token":"a1m6hma05v8sr8hpod26if8tjh","acc":"wwLRSCVCyyTk","guid":348,"count":1}
[2021-09-10 15:47:28.813][5716][INFO] [CMD:1002]{"token":"a1m6hma05v8sr8hpod26if8tjh","acc":"wwLRSCVCyyTk","guid":348,"count":1}
[2021-09-10 15:47:29.002][5716][INFO] [CMD:1002]{"token":"a1m6hma05v8sr8hpod26if8tjh","acc":"wwLRSCVCyyTk","guid":348,"count":1}
[2021-09-10 15:47:29.336][5716][INFO] [CMD:1002]{"token":"a1m6hma05v8sr8hpod26if8tjh","acc":"wwLRSCVCyyTk","guid":348,"count":1}
[2021-09-10 15:47:29.821][5716][INFO] [CMD:1002]{"token":"a1m6hma05v8sr8hpod26if8tjh","acc":"wwLRSCVCyyTk","guid":348,"count":1}
[2021-09-10 15:47:30.002][5716][INFO] [CMD:1002]{"token":"a1m6hma05v8sr8hpod26if8tjh","acc":"wwLRSCVCyyTk","guid":348,"count":1}
[2021-09-10 15:47:30.172][5716][INFO] [CMD:1002]{"token":"a1m6hma05v8sr8hpod26if8tjh","acc":"wwLRSCVCyyTk","guid":348,"count":1}
[2021-09-10 15:47:30.341][5716][INFO] [CMD:1002]{"token":"a1m6hma05v8sr8hpod26if8tjh","acc":"wwLRSCVCyyTk","guid":348,"count":1}
[2021-09-10 15:47:30.729][5716][INFO] [CMD:1002]{"token":"a1m6hma05v8sr8hpod26if8tjh","acc":"wwLRSCVCyyTk","guid":348,"count":1}
[2021-09-10 15:47:31.631][5716][INFO] [CMD:1002]{"token":"a1m6hma05v8sr8hpod26if8tjh","acc":"wwLRSCVCyyTk","guid":348,"count":1}
[2021-09-10 15:47:31.811][5716][INFO] [CMD:1002]{"token":"a1m6hma05v8sr8hpod26if8tjh","acc":"wwLRSCVCyyTk","guid":348,"count":1}
[2021-09-10 15:47:31.987][5716][INFO] [CMD:1002]{"token":"a1m6hma05v8sr8hpod26if8tjh","acc":"wwLRSCVCyyTk","guid":348,"count":1}
[2021-09-10 15:47:32.158][5716][INFO] [CMD:1002]{"token":"a1m6hma05v8sr8hpod26if8tjh","acc":"wwLRSCVCyyTk","guid":348,"count":1}
[2021-09-10 15:47:32.331][5716][INFO] [CMD:1002]{"token":"a1m6hma05v8sr8hpod26if8tjh","acc":"wwLRSCVCyyTk","guid":348,"count":1}
[2021-09-10 15:47:32.504][5716][INFO] [CMD:1002]{"token":"a1m6hma05v8sr8hpod26if8tjh","acc":"wwLRSCVCyyTk","guid":348,"count":1}
[2021-09-10 15:47:32.672][5716][INFO] [CMD:1002]{"token":"a1m6hma05v8sr8hpod26if8tjh","acc":"wwLRSCVCyyTk","guid":348,"count":1}
[2021-09-10 15:47:32.935][5716][INFO] [CMD:1002]{"token":"a1m6hma05v8sr8hpod26if8tjh","acc":"wwLRSCVCyyTk","guid":348,"count":1}
[2021-09-10 15:47:33.323][5716][INFO] [CMD:1002]{"token":"a1m6hma05v8sr8hpod26if8tjh","acc":"wwLRSCVCyyTk","guid":348,"count":1}
[2021-09-10 15:47:34.331][5716][INFO] [CMD:1002]{"token":"a1m6hma05v8sr8hpod26if8tjh","acc":"wwLRSCVCyyTk","guid":348,"count":1}
[2021-09-10 15:47:35.993][5716][INFO] [CMD:1004]{"token":"a1m6hma05v8sr8hpod26if8tjh","acc":"wwLRSCVCyyTk","itemId":106,"count":1}
[2021-09-10 15:47:37.128][5716][INFO] [CMD:1002]{"token":"a1m6hma05v8sr8hpod26if8tjh","acc":"wwLRSCVCyyTk","guid":348,"count":1}
[2021-09-10 15:47:37.302][5716][INFO] [CMD:1002]{"token":"a1m6hma05v8sr8hpod26if8tjh","acc":"wwLRSCVCyyTk","guid":348,"count":1}
[2021-09-10 15:47:37.465][5716][INFO] [CMD:1002]{"token":"a1m6hma05v8sr8hpod26if8tjh","acc":"wwLRSCVCyyTk","guid":348,"count":1}
[2021-09-10 15:47:37.638][5716][INFO] [CMD:1002]{"token":"a1m6hma05v8sr8hpod26if8tjh","acc":"wwLRSCVCyyTk","guid":348,"count":1}
[2021-09-10 15:47:37.860][5716][INFO] [CMD:1002]{"token":"a1m6hma05v8sr8hpod26if8tjh","acc":"wwLRSCVCyyTk","guid":348,"count":1}
[2021-09-10 15:47:38.001][5716][INFO] [CMD:1002]{"token":"a1m6hma05v8sr8hpod26if8tjh","acc":"wwLRSCVCyyTk","guid":348,"count":1}
[2021-09-10 15:47:38.216][5716][INFO] [CMD:1002]{"token":"a1m6hma05v8sr8hpod26if8tjh","acc":"wwLRSCVCyyTk","guid":348,"count":1}
[2021-09-10 15:47:38.548][5716][INFO] [CMD:1002]{"token":"a1m6hma05v8sr8hpod26if8tjh","acc":"wwLRSCVCyyTk","guid":348,"count":1}
[2021-09-10 15:47:38.891][5716][INFO] [CMD:1002]{"token":"a1m6hma05v8sr8hpod26if8tjh","acc":"wwLRSCVCyyTk","guid":348,"count":1}
[2021-09-10 15:47:41.312][5716][INFO] [CMD:1002]{"token":"a1m6hma05v8sr8hpod26if8tjh","acc":"wwLRSCVCyyTk","guid":347,"count":1}
[2021-09-10 15:47:41.562][5716][INFO] [CMD:1002]{"token":"a1m6hma05v8sr8hpod26if8tjh","acc":"wwLRSCVCyyTk","guid":347,"count":1}
[2021-09-10 15:47:43.174][5716][INFO] [CMD:1004]{"token":"a1m6hma05v8sr8hpod26if8tjh","acc":"wwLRSCVCyyTk","itemId":112,"count":1}
[2021-09-10 15:47:43.933][5716][INFO] [CMD:1002]{"token":"a1m6hma05v8sr8hpod26if8tjh","acc":"wwLRSCVCyyTk","guid":347,"count":1}
[2021-09-10 15:47:44.359][5716][INFO] [CMD:1002]{"token":"a1m6hma05v8sr8hpod26if8tjh","acc":"wwLRSCVCyyTk","guid":347,"count":1}
[2021-09-10 15:47:44.720][5716][INFO] [CMD:1002]{"token":"a1m6hma05v8sr8hpod26if8tjh","acc":"wwLRSCVCyyTk","guid":347,"count":1}
[2021-09-10 15:47:45.207][5716][INFO] [CMD:1002]{"token":"a1m6hma05v8sr8hpod26if8tjh","acc":"wwLRSCVCyyTk","guid":347,"count":1}
[2021-09-10 15:47:49.217][5716][INFO] [CMD:1002]{"token":"a1m6hma05v8sr8hpod26if8tjh","acc":"wwLRSCVCyyTk","guid":347,"count":1}
[2021-09-10 15:47:49.541][5716][INFO] [CMD:1002]{"token":"a1m6hma05v8sr8hpod26if8tjh","acc":"wwLRSCVCyyTk","guid":347,"count":1}
[2021-09-10 15:47:49.962][5716][INFO] [CMD:1002]{"token":"a1m6hma05v8sr8hpod26if8tjh","acc":"wwLRSCVCyyTk","guid":347,"count":1}
[2021-09-10 15:47:50.348][5716][INFO] [CMD:1002]{"token":"a1m6hma05v8sr8hpod26if8tjh","acc":"wwLRSCVCyyTk","guid":347,"count":1}
[2021-09-10 15:47:50.712][5716][INFO] [CMD:1002]{"token":"a1m6hma05v8sr8hpod26if8tjh","acc":"wwLRSCVCyyTk","guid":347,"count":1}
[2021-09-10 15:47:51.087][5716][INFO] [CMD:1002]{"token":"a1m6hma05v8sr8hpod26if8tjh","acc":"wwLRSCVCyyTk","guid":347,"count":1}
[2021-09-10 15:47:51.555][5716][INFO] [CMD:1002]{"token":"a1m6hma05v8sr8hpod26if8tjh","acc":"wwLRSCVCyyTk","guid":347,"count":1}
[2021-09-10 15:47:52.022][5716][INFO] [CMD:1002]{"token":"a1m6hma05v8sr8hpod26if8tjh","acc":"wwLRSCVCyyTk","guid":347,"count":1}
[2021-09-10 15:47:52.792][5716][INFO] [CMD:1002]{"token":"a1m6hma05v8sr8hpod26if8tjh","acc":"wwLRSCVCyyTk","guid":347,"count":1}
[2021-09-10 15:47:54.847][5716][INFO] [CMD:1002]{"token":"a1m6hma05v8sr8hpod26if8tjh","acc":"wwLRSCVCyyTk","guid":347,"count":1}
[2021-09-10 15:47:54.983][5716][INFO] [CMD:1002]{"token":"a1m6hma05v8sr8hpod26if8tjh","acc":"wwLRSCVCyyTk","guid":347,"count":1}
[2021-09-10 15:47:55.154][5716][INFO] [CMD:1002]{"token":"a1m6hma05v8sr8hpod26if8tjh","acc":"wwLRSCVCyyTk","guid":347,"count":1}
[2021-09-10 15:47:55.435][5716][INFO] [CMD:1002]{"token":"a1m6hma05v8sr8hpod26if8tjh","acc":"wwLRSCVCyyTk","guid":347,"count":1}
[2021-09-10 15:47:55.584][5716][INFO] [CMD:1002]{"token":"a1m6hma05v8sr8hpod26if8tjh","acc":"wwLRSCVCyyTk","guid":347,"count":1}
[2021-09-10 15:47:55.890][5716][INFO] [CMD:1002]{"token":"a1m6hma05v8sr8hpod26if8tjh","acc":"wwLRSCVCyyTk","guid":347,"count":1}
[2021-09-10 15:47:56.132][5716][INFO] [CMD:1002]{"token":"a1m6hma05v8sr8hpod26if8tjh","acc":"wwLRSCVCyyTk","guid":347,"count":1}
[2021-09-10 15:47:56.391][5716][INFO] [CMD:1002]{"token":"a1m6hma05v8sr8hpod26if8tjh","acc":"wwLRSCVCyyTk","guid":347,"count":1}
[2021-09-10 15:47:56.632][5716][INFO] [CMD:1002]{"token":"a1m6hma05v8sr8hpod26if8tjh","acc":"wwLRSCVCyyTk","guid":347,"count":1}
[2021-09-10 15:48:00.405][5716][INFO] [CMD:1002]{"token":"a1m6hma05v8sr8hpod26if8tjh","acc":"wwLRSCVCyyTk","guid":347,"count":1}
[2021-09-10 15:48:00.522][5716][INFO] [CMD:1002]{"token":"a1m6hma05v8sr8hpod26if8tjh","acc":"wwLRSCVCyyTk","guid":347,"count":1}
[2021-09-10 15:48:00.717][5716][INFO] [CMD:1002]{"token":"a1m6hma05v8sr8hpod26if8tjh","acc":"wwLRSCVCyyTk","guid":347,"count":1}
[2021-09-10 15:48:00.879][5716][INFO] [CMD:1002]{"token":"a1m6hma05v8sr8hpod26if8tjh","acc":"wwLRSCVCyyTk","guid":347,"count":1}
[2021-09-10 15:48:00.983][5716][INFO] [CMD:1002]{"token":"a1m6hma05v8sr8hpod26if8tjh","acc":"wwLRSCVCyyTk","guid":347,"count":1}
[2021-09-10 15:48:01.169][5716][INFO] [CMD:1002]{"token":"a1m6hma05v8sr8hpod26if8tjh","acc":"wwLRSCVCyyTk","guid":347,"count":1}
[2021-09-10 15:48:01.313][5716][INFO] [CMD:1002]{"token":"a1m6hma05v8sr8hpod26if8tjh","acc":"wwLRSCVCyyTk","guid":347,"count":1}
[2021-09-10 15:48:01.488][5716][INFO] [CMD:1002]{"token":"a1m6hma05v8sr8hpod26if8tjh","acc":"wwLRSCVCyyTk","guid":347,"count":1}
[2021-09-10 15:48:01.634][5716][INFO] [CMD:1002]{"token":"a1m6hma05v8sr8hpod26if8tjh","acc":"wwLRSCVCyyTk","guid":347,"count":1}
[2021-09-10 15:48:02.210][5716][INFO] [CMD:1002]{"token":"a1m6hma05v8sr8hpod26if8tjh","acc":"wwLRSCVCyyTk","guid":347,"count":1}
[2021-09-10 15:48:04.061][5716][INFO] [CMD:1002]{"token":"a1m6hma05v8sr8hpod26if8tjh","acc":"wwLRSCVCyyTk","guid":347,"count":1}
[2021-09-10 15:48:04.252][5716][INFO] [CMD:1002]{"token":"a1m6hma05v8sr8hpod26if8tjh","acc":"wwLRSCVCyyTk","guid":347,"count":1}
[2021-09-10 15:48:04.429][5716][INFO] [CMD:1002]{"token":"a1m6hma05v8sr8hpod26if8tjh","acc":"wwLRSCVCyyTk","guid":347,"count":1}
[2021-09-10 15:48:04.581][5716][INFO] [CMD:1002]{"token":"a1m6hma05v8sr8hpod26if8tjh","acc":"wwLRSCVCyyTk","guid":347,"count":1}
[2021-09-10 15:48:04.735][5716][INFO] [CMD:1002]{"token":"a1m6hma05v8sr8hpod26if8tjh","acc":"wwLRSCVCyyTk","guid":347,"count":1}
[2021-09-10 15:48:04.981][5716][INFO] [CMD:1002]{"token":"a1m6hma05v8sr8hpod26if8tjh","acc":"wwLRSCVCyyTk","guid":347,"count":1}
[2021-09-10 15:48:05.206][5716][INFO] [CMD:1002]{"token":"a1m6hma05v8sr8hpod26if8tjh","acc":"wwLRSCVCyyTk","guid":347,"count":1}
[2021-09-10 15:48:05.441][5716][INFO] [CMD:1002]{"token":"a1m6hma05v8sr8hpod26if8tjh","acc":"wwLRSCVCyyTk","guid":347,"count":1}
[2021-09-10 15:48:05.555][5716][INFO] [CMD:1002]{"token":"a1m6hma05v8sr8hpod26if8tjh","acc":"wwLRSCVCyyTk","guid":347,"count":1}
[2021-09-10 15:48:06.541][5716][INFO] [CMD:1002]{"token":"a1m6hma05v8sr8hpod26if8tjh","acc":"wwLRSCVCyyTk","guid":347,"count":1}
[2021-09-10 15:48:06.697][5716][INFO] [CMD:1002]{"token":"a1m6hma05v8sr8hpod26if8tjh","acc":"wwLRSCVCyyTk","guid":347,"count":1}
[2021-09-10 15:48:06.935][5716][INFO] [CMD:1002]{"token":"a1m6hma05v8sr8hpod26if8tjh","acc":"wwLRSCVCyyTk","guid":347,"count":1}
[2021-09-10 15:48:07.199][5716][INFO] [CMD:1002]{"token":"a1m6hma05v8sr8hpod26if8tjh","acc":"wwLRSCVCyyTk","guid":347,"count":1}
[2021-09-10 15:48:07.311][5716][INFO] [CMD:1002]{"token":"a1m6hma05v8sr8hpod26if8tjh","acc":"wwLRSCVCyyTk","guid":347,"count":1}
[2021-09-10 15:48:07.538][5716][INFO] [CMD:1002]{"token":"a1m6hma05v8sr8hpod26if8tjh","acc":"wwLRSCVCyyTk","guid":347,"count":1}
[2021-09-10 15:48:07.707][5716][INFO] [CMD:1002]{"token":"a1m6hma05v8sr8hpod26if8tjh","acc":"wwLRSCVCyyTk","guid":347,"count":1}
[2021-09-10 15:48:07.948][5716][INFO] [CMD:1002]{"token":"a1m6hma05v8sr8hpod26if8tjh","acc":"wwLRSCVCyyTk","guid":347,"count":1}
[2021-09-10 15:48:08.384][5716][INFO] [CMD:1002]{"token":"a1m6hma05v8sr8hpod26if8tjh","acc":"wwLRSCVCyyTk","guid":347,"count":1}
[2021-09-10 15:48:10.230][5716][INFO] [CMD:1004]{"token":"a1m6hma05v8sr8hpod26if8tjh","acc":"wwLRSCVCyyTk","itemId":112,"count":1}
[2021-09-10 15:48:14.591][5716][INFO] [CMD:1002]{"token":"a1m6hma05v8sr8hpod26if8tjh","acc":"wwLRSCVCyyTk","guid":349,"count":1}
[2021-09-10 15:48:15.435][5716][INFO] [CMD:1002]{"token":"a1m6hma05v8sr8hpod26if8tjh","acc":"wwLRSCVCyyTk","guid":349,"count":1}
[2021-09-10 15:48:15.942][5716][INFO] [CMD:1002]{"token":"a1m6hma05v8sr8hpod26if8tjh","acc":"wwLRSCVCyyTk","guid":349,"count":1}
[2021-09-10 15:48:16.358][5716][INFO] [CMD:1002]{"token":"a1m6hma05v8sr8hpod26if8tjh","acc":"wwLRSCVCyyTk","guid":349,"count":1}
[2021-09-10 15:48:16.871][5716][INFO] [CMD:1002]{"token":"a1m6hma05v8sr8hpod26if8tjh","acc":"wwLRSCVCyyTk","guid":349,"count":1}
[2021-09-10 15:48:20.099][5716][INFO] [CMD:1002]{"token":"a1m6hma05v8sr8hpod26if8tjh","acc":"wwLRSCVCyyTk","guid":349,"count":1}
[2021-09-10 15:48:20.312][5716][INFO] [CMD:1002]{"token":"a1m6hma05v8sr8hpod26if8tjh","acc":"wwLRSCVCyyTk","guid":349,"count":1}
[2021-09-10 15:48:20.463][5716][INFO] [CMD:1002]{"token":"a1m6hma05v8sr8hpod26if8tjh","acc":"wwLRSCVCyyTk","guid":349,"count":1}
[2021-09-10 15:48:20.703][5716][INFO] [CMD:1002]{"token":"a1m6hma05v8sr8hpod26if8tjh","acc":"wwLRSCVCyyTk","guid":349,"count":1}
[2021-09-10 15:48:21.549][5716][INFO] [CMD:1002]{"token":"a1m6hma05v8sr8hpod26if8tjh","acc":"wwLRSCVCyyTk","guid":349,"count":1}
[2021-09-10 15:48:27.170][5716][INFO] [CMD:1002]{"token":"a1m6hma05v8sr8hpod26if8tjh","acc":"wwLRSCVCyyTk","guid":349,"count":1}
[2021-09-10 15:48:27.361][5716][INFO] [CMD:1002]{"token":"a1m6hma05v8sr8hpod26if8tjh","acc":"wwLRSCVCyyTk","guid":349,"count":1}
[2021-09-10 15:48:27.796][5716][INFO] [CMD:1002]{"token":"a1m6hma05v8sr8hpod26if8tjh","acc":"wwLRSCVCyyTk","guid":349,"count":1}
[2021-09-10 15:48:28.235][5716][INFO] [CMD:1002]{"token":"a1m6hma05v8sr8hpod26if8tjh","acc":"wwLRSCVCyyTk","guid":349,"count":1}
[2021-09-10 15:48:28.947][5716][INFO] [CMD:1002]{"token":"a1m6hma05v8sr8hpod26if8tjh","acc":"wwLRSCVCyyTk","guid":349,"count":1}
[2021-09-10 15:48:31.764][5716][INFO] [CMD:1002]{"token":"a1m6hma05v8sr8hpod26if8tjh","acc":"wwLRSCVCyyTk","guid":349,"count":1}
[2021-09-10 15:48:31.931][5716][INFO] [CMD:1002]{"token":"a1m6hma05v8sr8hpod26if8tjh","acc":"wwLRSCVCyyTk","guid":349,"count":1}
[2021-09-10 15:48:32.236][5716][INFO] [CMD:1002]{"token":"a1m6hma05v8sr8hpod26if8tjh","acc":"wwLRSCVCyyTk","guid":349,"count":1}
[2021-09-10 15:48:32.468][5716][INFO] [CMD:1002]{"token":"a1m6hma05v8sr8hpod26if8tjh","acc":"wwLRSCVCyyTk","guid":349,"count":1}
[2021-09-10 15:48:32.622][5716][INFO] [CMD:1002]{"token":"a1m6hma05v8sr8hpod26if8tjh","acc":"wwLRSCVCyyTk","guid":349,"count":1}
[2021-09-10 15:48:32.834][5716][INFO] [CMD:1002]{"token":"a1m6hma05v8sr8hpod26if8tjh","acc":"wwLRSCVCyyTk","guid":349,"count":1}
[2021-09-10 15:48:33.193][5716][INFO] [CMD:1002]{"token":"a1m6hma05v8sr8hpod26if8tjh","acc":"wwLRSCVCyyTk","guid":349,"count":1}
[2021-09-10 15:48:33.349][5716][INFO] [CMD:1002]{"token":"a1m6hma05v8sr8hpod26if8tjh","acc":"wwLRSCVCyyTk","guid":349,"count":1}
[2021-09-10 15:48:33.663][5716][INFO] [CMD:1002]{"token":"a1m6hma05v8sr8hpod26if8tjh","acc":"wwLRSCVCyyTk","guid":349,"count":1}
[2021-09-10 15:48:34.367][5716][INFO] [CMD:1002]{"token":"a1m6hma05v8sr8hpod26if8tjh","acc":"wwLRSCVCyyTk","guid":349,"count":1}
[2021-09-10 15:48:34.540][5716][INFO] [CMD:1002]{"token":"a1m6hma05v8sr8hpod26if8tjh","acc":"wwLRSCVCyyTk","guid":349,"count":1}
[2021-09-10 15:48:34.744][5716][INFO] [CMD:1002]{"token":"a1m6hma05v8sr8hpod26if8tjh","acc":"wwLRSCVCyyTk","guid":349,"count":1}
[2021-09-10 15:48:35.072][5716][INFO] [CMD:1002]{"token":"a1m6hma05v8sr8hpod26if8tjh","acc":"wwLRSCVCyyTk","guid":349,"count":1}
[2021-09-10 15:48:35.244][5716][INFO] [CMD:1002]{"token":"a1m6hma05v8sr8hpod26if8tjh","acc":"wwLRSCVCyyTk","guid":349,"count":1}
[2021-09-10 15:48:35.392][5716][INFO] [CMD:1002]{"token":"a1m6hma05v8sr8hpod26if8tjh","acc":"wwLRSCVCyyTk","guid":349,"count":1}
[2021-09-10 15:48:35.561][5716][INFO] [CMD:1002]{"token":"a1m6hma05v8sr8hpod26if8tjh","acc":"wwLRSCVCyyTk","guid":349,"count":1}
[2021-09-10 15:48:35.752][5716][INFO] [CMD:1002]{"token":"a1m6hma05v8sr8hpod26if8tjh","acc":"wwLRSCVCyyTk","guid":349,"count":1}
[2021-09-10 15:48:36.544][5716][INFO] [CMD:1002]{"token":"a1m6hma05v8sr8hpod26if8tjh","acc":"wwLRSCVCyyTk","guid":349,"count":1}
[2021-09-10 15:48:36.727][5716][INFO] [CMD:1002]{"token":"a1m6hma05v8sr8hpod26if8tjh","acc":"wwLRSCVCyyTk","guid":349,"count":1}
[2021-09-10 15:48:36.917][5716][INFO] [CMD:1002]{"token":"a1m6hma05v8sr8hpod26if8tjh","acc":"wwLRSCVCyyTk","guid":349,"count":1}
[2021-09-10 15:48:37.110][5716][INFO] [CMD:1002]{"token":"a1m6hma05v8sr8hpod26if8tjh","acc":"wwLRSCVCyyTk","guid":349,"count":1}
[2021-09-10 15:48:37.338][5716][INFO] [CMD:1002]{"token":"a1m6hma05v8sr8hpod26if8tjh","acc":"wwLRSCVCyyTk","guid":349,"count":1}
[2021-09-10 15:48:37.496][5716][INFO] [CMD:1002]{"token":"a1m6hma05v8sr8hpod26if8tjh","acc":"wwLRSCVCyyTk","guid":349,"count":1}
[2021-09-10 15:48:37.666][5716][INFO] [CMD:1002]{"token":"a1m6hma05v8sr8hpod26if8tjh","acc":"wwLRSCVCyyTk","guid":349,"count":1}
[2021-09-10 15:48:37.774][5716][INFO] [CMD:1002]{"token":"a1m6hma05v8sr8hpod26if8tjh","acc":"wwLRSCVCyyTk","guid":349,"count":1}
[2021-09-10 15:48:38.922][5716][INFO] [CMD:1002]{"token":"a1m6hma05v8sr8hpod26if8tjh","acc":"wwLRSCVCyyTk","guid":349,"count":1}
[2021-09-10 15:48:39.096][5716][INFO] [CMD:1002]{"token":"a1m6hma05v8sr8hpod26if8tjh","acc":"wwLRSCVCyyTk","guid":349,"count":1}
[2021-09-10 15:48:39.291][5716][INFO] [CMD:1002]{"token":"a1m6hma05v8sr8hpod26if8tjh","acc":"wwLRSCVCyyTk","guid":349,"count":1}
[2021-09-10 15:48:39.497][5716][INFO] [CMD:1002]{"token":"a1m6hma05v8sr8hpod26if8tjh","acc":"wwLRSCVCyyTk","guid":349,"count":1}
[2021-09-10 15:48:39.831][5716][INFO] [CMD:1002]{"token":"a1m6hma05v8sr8hpod26if8tjh","acc":"wwLRSCVCyyTk","guid":349,"count":1}
[2021-09-10 15:48:40.030][5716][INFO] [CMD:1002]{"token":"a1m6hma05v8sr8hpod26if8tjh","acc":"wwLRSCVCyyTk","guid":349,"count":1}
[2021-09-10 15:48:40.199][5716][INFO] [CMD:1002]{"token":"a1m6hma05v8sr8hpod26if8tjh","acc":"wwLRSCVCyyTk","guid":349,"count":1}
[2021-09-10 15:48:41.083][5716][INFO] [CMD:1002]{"token":"a1m6hma05v8sr8hpod26if8tjh","acc":"wwLRSCVCyyTk","guid":349,"count":1}
[2021-09-10 15:49:21.341][5716][INFO] [CMD:101][ACC:wwLRSCVCyyTk]
[2021-09-10 15:49:21.487][5716][INFO] [CMD:1025]{"token":"l8mpjmh9rau7n8vi3o93b75tf5","acc":"wwLRSCVCyyTk"}
[2021-09-10 15:49:21.498][5716][INFO] [CMD:1028]{"token":"l8mpjmh9rau7n8vi3o93b75tf5","acc":"wwLRSCVCyyTk"}
[2021-09-10 15:49:21.498][5716][INFO] [CMD:1021]{"token":"l8mpjmh9rau7n8vi3o93b75tf5","acc":"wwLRSCVCyyTk"}
[2021-09-10 15:49:26.518][5716][INFO] [CMD:1001]{"token":"l8mpjmh9rau7n8vi3o93b75tf5","acc":"wwLRSCVCyyTk"}
[2021-09-10 15:49:26.523][5716][INFO] [CMD:1011]{"token":"l8mpjmh9rau7n8vi3o93b75tf5","acc":"wwLRSCVCyyTk"}
[2021-09-10 15:49:26.523][5716][INFO] [CMD:1023]{"token":"l8mpjmh9rau7n8vi3o93b75tf5","acc":"wwLRSCVCyyTk"}
[2021-09-10 15:51:45.142][5716][INFO] [CMD:1011]{"token":"l8mpjmh9rau7n8vi3o93b75tf5","acc":"wwLRSCVCyyTk"}
[2021-09-10 15:52:41.106][5716][INFO] [CMD:101][ACC:wwLRSCVCyyTk]
[2021-09-10 15:52:41.251][5716][INFO] [CMD:1025]{"token":"ntfqrnkeotu09684mo7epoimq1","acc":"wwLRSCVCyyTk"}
[2021-09-10 15:52:41.269][5716][INFO] [CMD:1021]{"token":"ntfqrnkeotu09684mo7epoimq1","acc":"wwLRSCVCyyTk"}
[2021-09-10 15:52:41.272][5716][INFO] [CMD:1028]{"token":"ntfqrnkeotu09684mo7epoimq1","acc":"wwLRSCVCyyTk"}
[2021-09-10 15:52:46.695][5716][INFO] [CMD:1001]{"token":"ntfqrnkeotu09684mo7epoimq1","acc":"wwLRSCVCyyTk"}
[2021-09-10 15:52:46.695][5716][INFO] [CMD:1023]{"token":"ntfqrnkeotu09684mo7epoimq1","acc":"wwLRSCVCyyTk"}
[2021-09-10 15:52:46.729][5716][INFO] [CMD:1011]{"token":"ntfqrnkeotu09684mo7epoimq1","acc":"wwLRSCVCyyTk"}
[2021-09-10 15:52:50.785][5716][INFO] [CMD:1011]{"token":"ntfqrnkeotu09684mo7epoimq1","acc":"wwLRSCVCyyTk"}
[2021-09-10 15:55:34.846][5716][INFO] [CMD:1011]{"token":"ntfqrnkeotu09684mo7epoimq1","acc":"wwLRSCVCyyTk"}
[2021-09-10 15:55:44.805][5716][INFO] [CMD:101][ACC:wwLRSCVCyyTk]
[2021-09-10 15:55:44.956][5716][INFO] [CMD:1021]{"token":"hdqqu3tumlv6h21sqplc852nn7","acc":"wwLRSCVCyyTk"}
[2021-09-10 15:55:44.958][5716][INFO] [CMD:1028]{"token":"hdqqu3tumlv6h21sqplc852nn7","acc":"wwLRSCVCyyTk"}
[2021-09-10 15:55:44.965][5716][INFO] [CMD:1025]{"token":"hdqqu3tumlv6h21sqplc852nn7","acc":"wwLRSCVCyyTk"}
[2021-09-10 15:55:50.181][5716][INFO] [CMD:1001]{"token":"hdqqu3tumlv6h21sqplc852nn7","acc":"wwLRSCVCyyTk"}
[2021-09-10 15:55:50.187][5716][INFO] [CMD:1011]{"token":"hdqqu3tumlv6h21sqplc852nn7","acc":"wwLRSCVCyyTk"}
[2021-09-10 15:55:50.192][5716][INFO] [CMD:1023]{"token":"hdqqu3tumlv6h21sqplc852nn7","acc":"wwLRSCVCyyTk"}
[2021-09-10 15:55:54.130][5716][INFO] [CMD:1011]{"token":"hdqqu3tumlv6h21sqplc852nn7","acc":"wwLRSCVCyyTk"}
[2021-09-10 15:56:12.103][5716][INFO] [CMD:9000]{"token":"hdqqu3tumlv6h21sqplc852nn7","acc":"wwLRSCVCyyTk","productId":"craftstory_120","transactionId":"cbe01658-8408-49ff-a633-747d306d6d46"}
[2021-09-10 15:56:12.228][5716][INFO] [CMD:1011]{"token":"hdqqu3tumlv6h21sqplc852nn7","acc":"wwLRSCVCyyTk"}
[2021-09-10 15:56:14.780][5716][INFO] [CMD:1030]{"token":"hdqqu3tumlv6h21sqplc852nn7","acc":"wwLRSCVCyyTk","gachaId":1}
[2021-09-10 15:56:35.461][5716][INFO] [CMD:1001]{"token":"hdqqu3tumlv6h21sqplc852nn7","acc":"wwLRSCVCyyTk"}
[2021-09-10 15:56:37.167][5716][INFO] [CMD:1001]{"token":"hdqqu3tumlv6h21sqplc852nn7","acc":"wwLRSCVCyyTk"}
[2021-09-10 15:56:37.178][5716][INFO] [CMD:1011]{"token":"hdqqu3tumlv6h21sqplc852nn7","acc":"wwLRSCVCyyTk"}
[2021-09-10 15:56:38.844][5716][INFO] [CMD:1007]{"token":"hdqqu3tumlv6h21sqplc852nn7","acc":"wwLRSCVCyyTk","guid":269,"site":4}
[2021-09-10 15:56:40.242][5716][INFO] [CMD:1007]{"token":"hdqqu3tumlv6h21sqplc852nn7","acc":"wwLRSCVCyyTk","guid":271,"site":5}
[2021-09-10 15:56:41.560][5716][INFO] [CMD:1007]{"token":"hdqqu3tumlv6h21sqplc852nn7","acc":"wwLRSCVCyyTk","guid":350,"site":6}
[2021-09-10 15:56:48.792][5716][INFO] [CMD:1004]{"token":"hdqqu3tumlv6h21sqplc852nn7","acc":"wwLRSCVCyyTk","itemId":507,"count":1}
[2021-09-10 15:56:50.402][5716][INFO] [CMD:1004]{"token":"hdqqu3tumlv6h21sqplc852nn7","acc":"wwLRSCVCyyTk","itemId":508,"count":1}
[2021-09-10 15:56:54.263][5716][INFO] [CMD:1002]{"token":"hdqqu3tumlv6h21sqplc852nn7","acc":"wwLRSCVCyyTk","guid":350,"count":1}
[2021-09-10 15:56:57.257][5716][INFO] [CMD:1002]{"token":"hdqqu3tumlv6h21sqplc852nn7","acc":"wwLRSCVCyyTk","guid":269,"count":1}
[2021-09-10 15:56:57.611][5716][INFO] [CMD:1002]{"token":"hdqqu3tumlv6h21sqplc852nn7","acc":"wwLRSCVCyyTk","guid":269,"count":1}
[2021-09-10 15:56:58.081][5716][INFO] [CMD:1002]{"token":"hdqqu3tumlv6h21sqplc852nn7","acc":"wwLRSCVCyyTk","guid":269,"count":1}
[2021-09-10 15:56:58.384][5716][INFO] [CMD:1002]{"token":"hdqqu3tumlv6h21sqplc852nn7","acc":"wwLRSCVCyyTk","guid":269,"count":1}
[2021-09-10 15:57:00.300][5716][INFO] [CMD:1002]{"token":"hdqqu3tumlv6h21sqplc852nn7","acc":"wwLRSCVCyyTk","guid":271,"count":1}
[2021-09-10 15:57:00.606][5716][INFO] [CMD:1002]{"token":"hdqqu3tumlv6h21sqplc852nn7","acc":"wwLRSCVCyyTk","guid":271,"count":1}
[2021-09-10 15:57:01.056][5716][INFO] [CMD:1002]{"token":"hdqqu3tumlv6h21sqplc852nn7","acc":"wwLRSCVCyyTk","guid":271,"count":1}
[2021-09-10 15:57:01.659][5716][INFO] [CMD:1002]{"token":"hdqqu3tumlv6h21sqplc852nn7","acc":"wwLRSCVCyyTk","guid":271,"count":1}
[2021-09-10 15:57:03.379][5716][INFO] [CMD:1002]{"token":"hdqqu3tumlv6h21sqplc852nn7","acc":"wwLRSCVCyyTk","guid":271,"count":1}
[2021-09-10 15:57:03.956][5716][INFO] [CMD:1002]{"token":"hdqqu3tumlv6h21sqplc852nn7","acc":"wwLRSCVCyyTk","guid":271,"count":1}
[2021-09-10 15:57:04.570][5716][INFO] [CMD:1002]{"token":"hdqqu3tumlv6h21sqplc852nn7","acc":"wwLRSCVCyyTk","guid":271,"count":1}
[2021-09-10 15:57:06.399][5716][INFO] [CMD:1002]{"token":"hdqqu3tumlv6h21sqplc852nn7","acc":"wwLRSCVCyyTk","guid":269,"count":1}
[2021-09-10 15:57:06.764][5716][INFO] [CMD:1002]{"token":"hdqqu3tumlv6h21sqplc852nn7","acc":"wwLRSCVCyyTk","guid":269,"count":1}
[2021-09-10 15:57:07.282][5716][INFO] [CMD:1002]{"token":"hdqqu3tumlv6h21sqplc852nn7","acc":"wwLRSCVCyyTk","guid":269,"count":1}
[2021-09-10 15:57:13.167][5716][INFO] [CMD:1002]{"token":"hdqqu3tumlv6h21sqplc852nn7","acc":"wwLRSCVCyyTk","guid":347,"count":1}
[2021-09-10 15:57:13.498][5716][INFO] [CMD:1002]{"token":"hdqqu3tumlv6h21sqplc852nn7","acc":"wwLRSCVCyyTk","guid":347,"count":1}
[2021-09-10 15:57:14.235][5716][INFO] [CMD:1002]{"token":"hdqqu3tumlv6h21sqplc852nn7","acc":"wwLRSCVCyyTk","guid":347,"count":1}
[2021-09-10 15:57:14.745][5716][INFO] [CMD:1002]{"token":"hdqqu3tumlv6h21sqplc852nn7","acc":"wwLRSCVCyyTk","guid":347,"count":1}
[2021-09-10 15:57:18.647][5716][INFO] [CMD:1002]{"token":"hdqqu3tumlv6h21sqplc852nn7","acc":"wwLRSCVCyyTk","guid":349,"count":1}
[2021-09-10 15:57:19.045][5716][INFO] [CMD:1002]{"token":"hdqqu3tumlv6h21sqplc852nn7","acc":"wwLRSCVCyyTk","guid":349,"count":1}
[2021-09-10 15:59:14.095][5716][INFO] [CMD:1002]{"token":"hdqqu3tumlv6h21sqplc852nn7","acc":"wwLRSCVCyyTk","guid":348,"count":1}
[2021-09-10 15:59:14.692][5716][INFO] [CMD:1002]{"token":"hdqqu3tumlv6h21sqplc852nn7","acc":"wwLRSCVCyyTk","guid":348,"count":1}
[2021-09-10 15:59:15.202][5716][INFO] [CMD:1002]{"token":"hdqqu3tumlv6h21sqplc852nn7","acc":"wwLRSCVCyyTk","guid":348,"count":1}
[2021-09-10 15:59:18.795][5716][INFO] [CMD:1002]{"token":"hdqqu3tumlv6h21sqplc852nn7","acc":"wwLRSCVCyyTk","guid":348,"count":1}
[2021-09-10 15:59:20.226][5716][INFO] [CMD:1002]{"token":"hdqqu3tumlv6h21sqplc852nn7","acc":"wwLRSCVCyyTk","guid":348,"count":1}
[2021-09-10 15:59:21.097][5716][INFO] [CMD:1002]{"token":"hdqqu3tumlv6h21sqplc852nn7","acc":"wwLRSCVCyyTk","guid":348,"count":1}
[2021-09-10 15:59:22.994][5716][INFO] [CMD:1002]{"token":"hdqqu3tumlv6h21sqplc852nn7","acc":"wwLRSCVCyyTk","guid":348,"count":1}
[2021-09-10 15:59:23.618][5716][INFO] [CMD:1002]{"token":"hdqqu3tumlv6h21sqplc852nn7","acc":"wwLRSCVCyyTk","guid":348,"count":1}
[2021-09-10 15:59:24.183][5716][INFO] [CMD:1002]{"token":"hdqqu3tumlv6h21sqplc852nn7","acc":"wwLRSCVCyyTk","guid":348,"count":1}
[2021-09-10 15:59:27.072][5716][INFO] [CMD:1002]{"token":"hdqqu3tumlv6h21sqplc852nn7","acc":"wwLRSCVCyyTk","guid":348,"count":1}
[2021-09-10 15:59:28.512][5716][INFO] [CMD:1002]{"token":"hdqqu3tumlv6h21sqplc852nn7","acc":"wwLRSCVCyyTk","guid":348,"count":1}
[2021-09-10 15:59:31.206][5716][INFO] [CMD:1002]{"token":"hdqqu3tumlv6h21sqplc852nn7","acc":"wwLRSCVCyyTk","guid":348,"count":1}
[2021-09-10 15:59:34.407][5716][INFO] [CMD:1002]{"token":"hdqqu3tumlv6h21sqplc852nn7","acc":"wwLRSCVCyyTk","guid":348,"count":1}
[2021-09-10 15:59:34.933][5716][INFO] [CMD:1002]{"token":"hdqqu3tumlv6h21sqplc852nn7","acc":"wwLRSCVCyyTk","guid":348,"count":1}
[2021-09-10 15:59:35.841][5716][INFO] [CMD:1002]{"token":"hdqqu3tumlv6h21sqplc852nn7","acc":"wwLRSCVCyyTk","guid":348,"count":1}
[2021-09-10 15:59:55.423][5716][INFO] [CMD:1004]{"token":"hdqqu3tumlv6h21sqplc852nn7","acc":"wwLRSCVCyyTk","itemId":507,"count":1}
[2021-09-10 15:59:56.391][5716][INFO] [CMD:1002]{"token":"hdqqu3tumlv6h21sqplc852nn7","acc":"wwLRSCVCyyTk","guid":348,"count":1}
[2021-09-10 16:00:14.293][5716][INFO] [CMD:1002]{"token":"hdqqu3tumlv6h21sqplc852nn7","acc":"wwLRSCVCyyTk","guid":348,"count":1}
[2021-09-10 16:00:14.878][5716][INFO] [CMD:1002]{"token":"hdqqu3tumlv6h21sqplc852nn7","acc":"wwLRSCVCyyTk","guid":348,"count":1}
[2021-09-10 16:00:15.439][5716][INFO] [CMD:1002]{"token":"hdqqu3tumlv6h21sqplc852nn7","acc":"wwLRSCVCyyTk","guid":348,"count":1}
[2021-09-10 16:00:15.984][5716][INFO] [CMD:1002]{"token":"hdqqu3tumlv6h21sqplc852nn7","acc":"wwLRSCVCyyTk","guid":348,"count":1}
[2021-09-10 16:00:16.594][5716][INFO] [CMD:1002]{"token":"hdqqu3tumlv6h21sqplc852nn7","acc":"wwLRSCVCyyTk","guid":348,"count":1}
[2021-09-10 16:00:17.218][5716][INFO] [CMD:1002]{"token":"hdqqu3tumlv6h21sqplc852nn7","acc":"wwLRSCVCyyTk","guid":348,"count":1}
[2021-09-10 16:00:17.728][5716][INFO] [CMD:1002]{"token":"hdqqu3tumlv6h21sqplc852nn7","acc":"wwLRSCVCyyTk","guid":348,"count":1}
[2021-09-10 16:00:18.300][5716][INFO] [CMD:1002]{"token":"hdqqu3tumlv6h21sqplc852nn7","acc":"wwLRSCVCyyTk","guid":348,"count":1}
[2021-09-10 16:00:19.040][5716][INFO] [CMD:1002]{"token":"hdqqu3tumlv6h21sqplc852nn7","acc":"wwLRSCVCyyTk","guid":348,"count":1}
[2021-09-10 16:00:19.914][5716][INFO] [CMD:1002]{"token":"hdqqu3tumlv6h21sqplc852nn7","acc":"wwLRSCVCyyTk","guid":348,"count":1}
[2021-09-10 16:00:20.668][5716][INFO] [CMD:1002]{"token":"hdqqu3tumlv6h21sqplc852nn7","acc":"wwLRSCVCyyTk","guid":348,"count":1}
[2021-09-10 16:00:21.154][5716][INFO] [CMD:1002]{"token":"hdqqu3tumlv6h21sqplc852nn7","acc":"wwLRSCVCyyTk","guid":348,"count":1}
[2021-09-10 16:00:21.797][5716][INFO] [CMD:1002]{"token":"hdqqu3tumlv6h21sqplc852nn7","acc":"wwLRSCVCyyTk","guid":348,"count":1}
[2021-09-10 16:00:22.415][5716][INFO] [CMD:1002]{"token":"hdqqu3tumlv6h21sqplc852nn7","acc":"wwLRSCVCyyTk","guid":348,"count":1}
[2021-09-10 16:00:23.176][5716][INFO] [CMD:1002]{"token":"hdqqu3tumlv6h21sqplc852nn7","acc":"wwLRSCVCyyTk","guid":348,"count":1}
[2021-09-10 16:00:23.967][5716][INFO] [CMD:1002]{"token":"hdqqu3tumlv6h21sqplc852nn7","acc":"wwLRSCVCyyTk","guid":348,"count":1}
[2021-09-10 16:00:58.728][5716][INFO] [CMD:1004]{"token":"hdqqu3tumlv6h21sqplc852nn7","acc":"wwLRSCVCyyTk","itemId":106,"count":1}
[2021-09-10 16:01:00.542][5716][INFO] [CMD:1004]{"token":"hdqqu3tumlv6h21sqplc852nn7","acc":"wwLRSCVCyyTk","itemId":105,"count":1}
[2021-09-10 16:01:02.066][5716][INFO] [CMD:1004]{"token":"hdqqu3tumlv6h21sqplc852nn7","acc":"wwLRSCVCyyTk","itemId":105,"count":1}
[2021-09-10 16:01:08.727][5716][INFO] [CMD:1002]{"token":"hdqqu3tumlv6h21sqplc852nn7","acc":"wwLRSCVCyyTk","guid":348,"count":1}
[2021-09-10 16:01:42.995][5716][INFO] [CMD:1004]{"token":"hdqqu3tumlv6h21sqplc852nn7","acc":"wwLRSCVCyyTk","itemId":105,"count":1}
[2021-09-10 16:01:44.467][5716][INFO] [CMD:1004]{"token":"hdqqu3tumlv6h21sqplc852nn7","acc":"wwLRSCVCyyTk","itemId":106,"count":1}
[2021-09-10 16:01:45.960][5716][INFO] [CMD:1004]{"token":"hdqqu3tumlv6h21sqplc852nn7","acc":"wwLRSCVCyyTk","itemId":106,"count":1}
[2021-09-10 16:01:47.404][5716][INFO] [CMD:1004]{"token":"hdqqu3tumlv6h21sqplc852nn7","acc":"wwLRSCVCyyTk","itemId":105,"count":1}
[2021-09-10 16:01:49.053][5716][INFO] [CMD:1004]{"token":"hdqqu3tumlv6h21sqplc852nn7","acc":"wwLRSCVCyyTk","itemId":105,"count":1}
[2021-09-10 16:01:50.532][5716][INFO] [CMD:1004]{"token":"hdqqu3tumlv6h21sqplc852nn7","acc":"wwLRSCVCyyTk","itemId":101,"count":1}
[2021-09-10 16:01:52.419][5716][INFO] [CMD:1004]{"token":"hdqqu3tumlv6h21sqplc852nn7","acc":"wwLRSCVCyyTk","itemId":105,"count":1}
[2021-09-10 16:01:53.111][5716][INFO] [CMD:1004]{"token":"hdqqu3tumlv6h21sqplc852nn7","acc":"wwLRSCVCyyTk","itemId":101,"count":1}
[2021-09-10 16:01:54.768][5716][INFO] [CMD:1004]{"token":"hdqqu3tumlv6h21sqplc852nn7","acc":"wwLRSCVCyyTk","itemId":101,"count":1}
[2021-09-10 16:01:56.441][5716][INFO] [CMD:1004]{"token":"hdqqu3tumlv6h21sqplc852nn7","acc":"wwLRSCVCyyTk","itemId":101,"count":1}
[2021-09-10 16:02:00.689][5716][INFO] [CMD:1004]{"token":"hdqqu3tumlv6h21sqplc852nn7","acc":"wwLRSCVCyyTk","itemId":101,"count":1}
[2021-09-10 16:02:02.336][5716][INFO] [CMD:1004]{"token":"hdqqu3tumlv6h21sqplc852nn7","acc":"wwLRSCVCyyTk","itemId":101,"count":1}
[2021-09-10 16:05:01.536][5716][INFO] [CMD:101][ACC:wwLRSCVCyyTk]
[2021-09-10 16:05:01.716][5716][INFO] [CMD:1021]{"token":"4stfsruokojvl3ee797orhh22h","acc":"wwLRSCVCyyTk"}
[2021-09-10 16:05:01.721][5716][INFO] [CMD:1028]{"token":"4stfsruokojvl3ee797orhh22h","acc":"wwLRSCVCyyTk"}
[2021-09-10 16:05:01.737][5716][INFO] [CMD:1025]{"token":"4stfsruokojvl3ee797orhh22h","acc":"wwLRSCVCyyTk"}
[2021-09-10 16:05:06.667][5716][INFO] [CMD:1001]{"token":"4stfsruokojvl3ee797orhh22h","acc":"wwLRSCVCyyTk"}
[2021-09-10 16:05:06.671][5716][INFO] [CMD:1011]{"token":"4stfsruokojvl3ee797orhh22h","acc":"wwLRSCVCyyTk"}
[2021-09-10 16:05:06.678][5716][INFO] [CMD:1023]{"token":"4stfsruokojvl3ee797orhh22h","acc":"wwLRSCVCyyTk"}
[2021-09-10 16:05:12.217][5716][INFO] [CMD:1001]{"token":"4stfsruokojvl3ee797orhh22h","acc":"wwLRSCVCyyTk"}
[2021-09-10 16:05:12.221][5716][INFO] [CMD:1011]{"token":"4stfsruokojvl3ee797orhh22h","acc":"wwLRSCVCyyTk"}
[2021-09-10 16:05:18.432][5716][INFO] [CMD:1011]{"token":"4stfsruokojvl3ee797orhh22h","acc":"wwLRSCVCyyTk"}
[2021-09-10 16:05:24.793][5716][INFO] [CMD:9000]{"token":"4stfsruokojvl3ee797orhh22h","acc":"wwLRSCVCyyTk","productId":"craftstory_120","transactionId":"4ce64014-a91d-4515-b87a-34186c17ab04"}
[2021-09-10 16:05:24.907][5716][INFO] [CMD:1011]{"token":"4stfsruokojvl3ee797orhh22h","acc":"wwLRSCVCyyTk"}
[2021-09-10 16:12:27.983][5716][INFO] [CMD:1004]{"token":"4stfsruokojvl3ee797orhh22h","acc":"wwLRSCVCyyTk","itemId":4,"count":1}
[2021-09-10 16:12:30.677][5716][INFO] [CMD:1001]{"token":"4stfsruokojvl3ee797orhh22h","acc":"wwLRSCVCyyTk"}
[2021-09-10 16:12:30.693][5716][INFO] [CMD:1011]{"token":"4stfsruokojvl3ee797orhh22h","acc":"wwLRSCVCyyTk"}
[2021-09-10 16:12:32.625][5716][INFO] [CMD:1007]{"token":"4stfsruokojvl3ee797orhh22h","acc":"wwLRSCVCyyTk","guid":271,"site":5}
[2021-09-10 16:12:35.055][5716][INFO] [CMD:1002]{"token":"4stfsruokojvl3ee797orhh22h","acc":"wwLRSCVCyyTk","guid":271,"count":1}
[2021-09-10 16:15:58.978][5716][INFO] [CMD:101][ACC:wwLRSCVCyyTk]
[2021-09-10 16:15:59.134][5716][INFO] [CMD:1025]{"token":"6vmcmm0egu7bcl1etph5opc4q6","acc":"wwLRSCVCyyTk"}
[2021-09-10 16:15:59.145][5716][INFO] [CMD:1028]{"token":"6vmcmm0egu7bcl1etph5opc4q6","acc":"wwLRSCVCyyTk"}
[2021-09-10 16:15:59.168][5716][INFO] [CMD:1021]{"token":"6vmcmm0egu7bcl1etph5opc4q6","acc":"wwLRSCVCyyTk"}
[2021-09-10 16:16:04.146][5716][INFO] [CMD:1011]{"token":"6vmcmm0egu7bcl1etph5opc4q6","acc":"wwLRSCVCyyTk"}
[2021-09-10 16:16:04.149][5716][INFO] [CMD:1001]{"token":"6vmcmm0egu7bcl1etph5opc4q6","acc":"wwLRSCVCyyTk"}
[2021-09-10 16:16:04.149][5716][INFO] [CMD:1023]{"token":"6vmcmm0egu7bcl1etph5opc4q6","acc":"wwLRSCVCyyTk"}
[2021-09-10 16:19:20.241][5716][INFO] [CMD:101][ACC:wwLRSCVCyyTk]
[2021-09-10 16:19:20.380][5716][INFO] [CMD:1021]{"token":"gk8nfekj0n5ac6b5t3kol1k4uq","acc":"wwLRSCVCyyTk"}
[2021-09-10 16:19:20.384][5716][INFO] [CMD:1028]{"token":"gk8nfekj0n5ac6b5t3kol1k4uq","acc":"wwLRSCVCyyTk"}
[2021-09-10 16:19:20.391][5716][INFO] [CMD:1025]{"token":"gk8nfekj0n5ac6b5t3kol1k4uq","acc":"wwLRSCVCyyTk"}
[2021-09-10 16:19:32.544][5716][INFO] [CMD:1023]{"token":"gk8nfekj0n5ac6b5t3kol1k4uq","acc":"wwLRSCVCyyTk"}
[2021-09-10 16:19:32.572][5716][INFO] [CMD:1001]{"token":"gk8nfekj0n5ac6b5t3kol1k4uq","acc":"wwLRSCVCyyTk"}
[2021-09-10 16:19:32.572][5716][INFO] [CMD:1011]{"token":"gk8nfekj0n5ac6b5t3kol1k4uq","acc":"wwLRSCVCyyTk"}
[2021-09-10 16:20:02.727][5716][INFO] [CMD:1004]{"token":"gk8nfekj0n5ac6b5t3kol1k4uq","acc":"wwLRSCVCyyTk","itemId":106,"count":1}
[2021-09-10 16:20:04.846][5716][INFO] [CMD:1002]{"token":"gk8nfekj0n5ac6b5t3kol1k4uq","acc":"wwLRSCVCyyTk","guid":348,"count":1}
[2021-09-10 16:26:23.616][5716][INFO] [CMD:1011]{"token":"gk8nfekj0n5ac6b5t3kol1k4uq","acc":"wwLRSCVCyyTk"}
[2021-09-10 16:26:26.621][5716][INFO] [CMD:9000]{"token":"gk8nfekj0n5ac6b5t3kol1k4uq","acc":"wwLRSCVCyyTk","productId":"craftstory_1960","transactionId":"65196881-1d6f-4724-affe-47ef3c9500ac"}
[2021-09-10 16:26:26.752][5716][INFO] [CMD:1011]{"token":"gk8nfekj0n5ac6b5t3kol1k4uq","acc":"wwLRSCVCyyTk"}
[2021-09-10 16:27:22.897][5716][INFO] [CMD:1009]{"token":"gk8nfekj0n5ac6b5t3kol1k4uq","acc":"wwLRSCVCyyTk","bonusList":"3,1,1,1,2,2,1,5,2,3,3"}
[2021-09-10 16:27:54.900][5716][INFO] [CMD:1009]{"token":"gk8nfekj0n5ac6b5t3kol1k4uq","acc":"wwLRSCVCyyTk","bonusList":"1,1,5,2,1,3,1,3,2,2,5,6"}
[2021-09-10 16:28:45.929][5716][INFO] [CMD:1009]{"token":"gk8nfekj0n5ac6b5t3kol1k4uq","acc":"wwLRSCVCyyTk","bonusList":"2,1,1,1,1,1,3,2,7,1,7,2,5,2,1,3,6,5,3,5,3,6,5"}
[2021-09-10 16:29:43.220][5716][INFO] [CMD:1009]{"token":"gk8nfekj0n5ac6b5t3kol1k4uq","acc":"wwLRSCVCyyTk","bonusList":"3,6,2,1,1,7,6,5,2,1,1,1,7,6,3,2,3,1,5,1,3,8,7,2"}
[2021-09-10 16:29:49.784][5716][INFO] [CMD:1001]{"token":"gk8nfekj0n5ac6b5t3kol1k4uq","acc":"wwLRSCVCyyTk"}
[2021-09-10 16:29:49.799][5716][INFO] [CMD:1011]{"token":"gk8nfekj0n5ac6b5t3kol1k4uq","acc":"wwLRSCVCyyTk"}
