[2021-09-01 11:55:18.780][30268][INFO] [CMD:101][ACC:MeX3Uq6I5zX7]
[2021-09-01 11:55:19.045][30268][INFO] [CMD:1025]{"token":"56gpns93lemh0tb69okue0t3oc","acc":"MeX3Uq6I5zX7"}
[2021-09-01 11:55:19.059][30268][INFO] [CMD:1021]{"token":"56gpns93lemh0tb69okue0t3oc","acc":"MeX3Uq6I5zX7"}
[2021-09-01 11:55:19.059][30268][INFO] [CMD:1028]{"token":"56gpns93lemh0tb69okue0t3oc","acc":"MeX3Uq6I5zX7"}
[2021-09-01 11:55:24.561][30268][INFO] [CMD:1023]{"token":"56gpns93lemh0tb69okue0t3oc","acc":"MeX3Uq6I5zX7"}
[2021-09-01 11:55:24.565][30268][INFO] [CMD:1011]{"token":"56gpns93lemh0tb69okue0t3oc","acc":"MeX3Uq6I5zX7"}
[2021-09-01 11:55:24.566][30268][INFO] [CMD:1001]{"token":"56gpns93lemh0tb69okue0t3oc","acc":"MeX3Uq6I5zX7"}
[2021-09-01 11:55:29.059][30268][INFO] [CMD:1001]{"token":"56gpns93lemh0tb69okue0t3oc","acc":"MeX3Uq6I5zX7"}
[2021-09-01 11:55:29.059][30268][INFO] [CMD:1011]{"token":"56gpns93lemh0tb69okue0t3oc","acc":"MeX3Uq6I5zX7"}
[2021-09-01 11:57:44.508][30268][INFO] [CMD:101][ACC:MeX3Uq6I5zX7]
[2021-09-01 11:57:44.686][30268][INFO] [CMD:1021]{"token":"6ejk2ojc34mim9b3t3sfqilj0k","acc":"MeX3Uq6I5zX7"}
[2021-09-01 11:57:44.691][30268][INFO] [CMD:1025]{"token":"6ejk2ojc34mim9b3t3sfqilj0k","acc":"MeX3Uq6I5zX7"}
[2021-09-01 11:57:44.705][30268][INFO] [CMD:1028]{"token":"6ejk2ojc34mim9b3t3sfqilj0k","acc":"MeX3Uq6I5zX7"}
[2021-09-01 11:57:49.038][30268][INFO] [CMD:1023]{"token":"6ejk2ojc34mim9b3t3sfqilj0k","acc":"MeX3Uq6I5zX7"}
[2021-09-01 11:57:49.041][30268][INFO] [CMD:1001]{"token":"6ejk2ojc34mim9b3t3sfqilj0k","acc":"MeX3Uq6I5zX7"}
[2021-09-01 11:57:49.063][30268][INFO] [CMD:1011]{"token":"6ejk2ojc34mim9b3t3sfqilj0k","acc":"MeX3Uq6I5zX7"}
[2021-09-01 11:59:20.917][30268][INFO] [CMD:101][ACC:MeX3Uq6I5zX7]
[2021-09-01 11:59:21.073][30268][INFO] [CMD:1021]{"token":"dn841pklmf7f9fetosnah0kdeb","acc":"MeX3Uq6I5zX7"}
[2021-09-01 11:59:21.089][30268][INFO] [CMD:1028]{"token":"dn841pklmf7f9fetosnah0kdeb","acc":"MeX3Uq6I5zX7"}
[2021-09-01 11:59:21.089][30268][INFO] [CMD:1025]{"token":"dn841pklmf7f9fetosnah0kdeb","acc":"MeX3Uq6I5zX7"}
[2021-09-01 11:59:25.523][30268][INFO] [CMD:1011]{"token":"dn841pklmf7f9fetosnah0kdeb","acc":"MeX3Uq6I5zX7"}
[2021-09-01 11:59:25.525][30268][INFO] [CMD:1023]{"token":"dn841pklmf7f9fetosnah0kdeb","acc":"MeX3Uq6I5zX7"}
[2021-09-01 11:59:25.532][30268][INFO] [CMD:1001]{"token":"dn841pklmf7f9fetosnah0kdeb","acc":"MeX3Uq6I5zX7"}
[2021-09-01 12:00:04.604][30268][INFO] [CMD:101][ACC:MeX3Uq6I5zX7]
[2021-09-01 12:00:04.788][30268][INFO] [CMD:1025]{"token":"laf0o6hhkickpej918aq4fujkv","acc":"MeX3Uq6I5zX7"}
[2021-09-01 12:00:04.803][30268][INFO] [CMD:1021]{"token":"laf0o6hhkickpej918aq4fujkv","acc":"MeX3Uq6I5zX7"}
[2021-09-01 12:00:04.803][30268][INFO] [CMD:1028]{"token":"laf0o6hhkickpej918aq4fujkv","acc":"MeX3Uq6I5zX7"}
[2021-09-01 12:00:08.680][30268][INFO] [CMD:1023]{"token":"laf0o6hhkickpej918aq4fujkv","acc":"MeX3Uq6I5zX7"}
[2021-09-01 12:00:08.708][30268][INFO] [CMD:1001]{"token":"laf0o6hhkickpej918aq4fujkv","acc":"MeX3Uq6I5zX7"}
[2021-09-01 12:00:08.708][30268][INFO] [CMD:1011]{"token":"laf0o6hhkickpej918aq4fujkv","acc":"MeX3Uq6I5zX7"}
[2021-09-01 12:01:37.862][30268][INFO] [CMD:101][ACC:MeX3Uq6I5zX7]
[2021-09-01 12:01:38.767][30268][INFO] [CMD:1025]{"token":"6eirnds2la5c30rnj9q1q4tuhn","acc":"MeX3Uq6I5zX7"}
[2021-09-01 12:01:38.779][30268][INFO] [CMD:1028]{"token":"6eirnds2la5c30rnj9q1q4tuhn","acc":"MeX3Uq6I5zX7"}
[2021-09-01 12:01:38.797][30268][INFO] [CMD:1021]{"token":"6eirnds2la5c30rnj9q1q4tuhn","acc":"MeX3Uq6I5zX7"}
[2021-09-01 13:00:23.473][30268][INFO] [CMD:1023]{"token":"6eirnds2la5c30rnj9q1q4tuhn","acc":"MeX3Uq6I5zX7"}
[2021-09-01 13:00:23.483][30268][INFO] [CMD:1001]{"token":"6eirnds2la5c30rnj9q1q4tuhn","acc":"MeX3Uq6I5zX7"}
[2021-09-01 13:00:23.483][30268][INFO] [CMD:1011]{"token":"6eirnds2la5c30rnj9q1q4tuhn","acc":"MeX3Uq6I5zX7"}
[2021-09-01 13:01:17.582][30268][INFO] [CMD:101][ACC:MeX3Uq6I5zX7]
[2021-09-01 13:01:17.739][30268][INFO] [CMD:1025]{"token":"9jcb704io0t4nlso1oshjicl75","acc":"MeX3Uq6I5zX7"}
[2021-09-01 13:01:17.740][30268][INFO] [CMD:1028]{"token":"9jcb704io0t4nlso1oshjicl75","acc":"MeX3Uq6I5zX7"}
[2021-09-01 13:01:17.773][30268][INFO] [CMD:1021]{"token":"9jcb704io0t4nlso1oshjicl75","acc":"MeX3Uq6I5zX7"}
[2021-09-01 13:01:22.464][30268][INFO] [CMD:1023]{"token":"9jcb704io0t4nlso1oshjicl75","acc":"MeX3Uq6I5zX7"}
[2021-09-01 13:01:22.515][30268][INFO] [CMD:1001]{"token":"9jcb704io0t4nlso1oshjicl75","acc":"MeX3Uq6I5zX7"}
[2021-09-01 13:01:22.516][30268][INFO] [CMD:1011]{"token":"9jcb704io0t4nlso1oshjicl75","acc":"MeX3Uq6I5zX7"}
[2021-09-01 13:01:48.478][30268][INFO] [CMD:101][ACC:MeX3Uq6I5zX7]
[2021-09-01 13:01:48.620][30268][INFO] [CMD:1021]{"token":"cg6lih63j6dicb4qr07psa3t1k","acc":"MeX3Uq6I5zX7"}
[2021-09-01 13:01:48.638][30268][INFO] [CMD:1028]{"token":"cg6lih63j6dicb4qr07psa3t1k","acc":"MeX3Uq6I5zX7"}
[2021-09-01 13:01:48.638][30268][INFO] [CMD:1025]{"token":"cg6lih63j6dicb4qr07psa3t1k","acc":"MeX3Uq6I5zX7"}
[2021-09-01 13:01:52.540][30268][INFO] [CMD:1023]{"token":"cg6lih63j6dicb4qr07psa3t1k","acc":"MeX3Uq6I5zX7"}
[2021-09-01 13:01:52.556][30268][INFO] [CMD:1001]{"token":"cg6lih63j6dicb4qr07psa3t1k","acc":"MeX3Uq6I5zX7"}
[2021-09-01 13:01:52.564][30268][INFO] [CMD:1011]{"token":"cg6lih63j6dicb4qr07psa3t1k","acc":"MeX3Uq6I5zX7"}
[2021-09-01 13:04:02.034][30268][INFO] [CMD:101][ACC:MeX3Uq6I5zX7]
[2021-09-01 13:04:02.165][30268][INFO] [CMD:1028]{"token":"a2b5ee21i7rcgaadsn6vg7eg57","acc":"MeX3Uq6I5zX7"}
[2021-09-01 13:04:02.170][30268][INFO] [CMD:1021]{"token":"a2b5ee21i7rcgaadsn6vg7eg57","acc":"MeX3Uq6I5zX7"}
[2021-09-01 13:04:02.182][30268][INFO] [CMD:1025]{"token":"a2b5ee21i7rcgaadsn6vg7eg57","acc":"MeX3Uq6I5zX7"}
[2021-09-01 13:04:05.898][30268][INFO] [CMD:1011]{"token":"a2b5ee21i7rcgaadsn6vg7eg57","acc":"MeX3Uq6I5zX7"}
[2021-09-01 13:04:05.911][30268][INFO] [CMD:1023]{"token":"a2b5ee21i7rcgaadsn6vg7eg57","acc":"MeX3Uq6I5zX7"}
[2021-09-01 13:04:05.928][30268][INFO] [CMD:1001]{"token":"a2b5ee21i7rcgaadsn6vg7eg57","acc":"MeX3Uq6I5zX7"}
[2021-09-01 13:05:13.898][30268][INFO] [CMD:101][ACC:MeX3Uq6I5zX7]
[2021-09-01 13:05:14.063][30268][INFO] [CMD:1021]{"token":"hml4lt1jn9brsnecccpgs6v9l2","acc":"MeX3Uq6I5zX7"}
[2021-09-01 13:05:14.065][30268][INFO] [CMD:1028]{"token":"hml4lt1jn9brsnecccpgs6v9l2","acc":"MeX3Uq6I5zX7"}
[2021-09-01 13:05:14.076][30268][INFO] [CMD:1025]{"token":"hml4lt1jn9brsnecccpgs6v9l2","acc":"MeX3Uq6I5zX7"}
[2021-09-01 13:05:18.257][30268][INFO] [CMD:1001]{"token":"hml4lt1jn9brsnecccpgs6v9l2","acc":"MeX3Uq6I5zX7"}
[2021-09-01 13:05:18.267][30268][INFO] [CMD:1023]{"token":"hml4lt1jn9brsnecccpgs6v9l2","acc":"MeX3Uq6I5zX7"}
[2021-09-01 13:05:18.282][30268][INFO] [CMD:1011]{"token":"hml4lt1jn9brsnecccpgs6v9l2","acc":"MeX3Uq6I5zX7"}
[2021-09-01 13:07:17.580][30268][INFO] [CMD:101][ACC:MeX3Uq6I5zX7]
[2021-09-01 13:07:17.715][30268][INFO] [CMD:1021]{"token":"pclbgbr4thrt39oig1ic6ai8t4","acc":"MeX3Uq6I5zX7"}
[2021-09-01 13:07:17.733][30268][INFO] [CMD:1025]{"token":"pclbgbr4thrt39oig1ic6ai8t4","acc":"MeX3Uq6I5zX7"}
[2021-09-01 13:07:17.733][30268][INFO] [CMD:1028]{"token":"pclbgbr4thrt39oig1ic6ai8t4","acc":"MeX3Uq6I5zX7"}
[2021-09-01 13:07:21.733][30268][INFO] [CMD:1011]{"token":"pclbgbr4thrt39oig1ic6ai8t4","acc":"MeX3Uq6I5zX7"}
[2021-09-01 13:07:21.735][30268][INFO] [CMD:1023]{"token":"pclbgbr4thrt39oig1ic6ai8t4","acc":"MeX3Uq6I5zX7"}
[2021-09-01 13:07:21.740][30268][INFO] [CMD:1001]{"token":"pclbgbr4thrt39oig1ic6ai8t4","acc":"MeX3Uq6I5zX7"}
[2021-09-01 13:07:43.076][30268][INFO] [CMD:1041]{"token":"pclbgbr4thrt39oig1ic6ai8t4","acc":"MeX3Uq6I5zX7","point":700,"email":"sdgas@gg.com"}
[2021-09-01 13:09:02.134][30268][INFO] [CMD:101][ACC:MeX3Uq6I5zX7]
[2021-09-01 13:09:02.284][30268][INFO] [CMD:1021]{"token":"v336chv8qjqjn1nl1m3i9gvpk6","acc":"MeX3Uq6I5zX7"}
[2021-09-01 13:09:02.303][30268][INFO] [CMD:1025]{"token":"v336chv8qjqjn1nl1m3i9gvpk6","acc":"MeX3Uq6I5zX7"}
[2021-09-01 13:09:02.319][30268][INFO] [CMD:1028]{"token":"v336chv8qjqjn1nl1m3i9gvpk6","acc":"MeX3Uq6I5zX7"}
[2021-09-01 13:09:06.416][30268][INFO] [CMD:1001]{"token":"v336chv8qjqjn1nl1m3i9gvpk6","acc":"MeX3Uq6I5zX7"}
[2021-09-01 13:09:06.416][30268][INFO] [CMD:1011]{"token":"v336chv8qjqjn1nl1m3i9gvpk6","acc":"MeX3Uq6I5zX7"}
[2021-09-01 13:09:06.422][30268][INFO] [CMD:1023]{"token":"v336chv8qjqjn1nl1m3i9gvpk6","acc":"MeX3Uq6I5zX7"}
[2021-09-01 13:13:23.719][30268][INFO] [CMD:101][ACC:MeX3Uq6I5zX7]
[2021-09-01 13:13:24.128][30268][INFO] [CMD:1025]{"token":"g980r9bjs8ga804vv4agf3kbpq","acc":"MeX3Uq6I5zX7"}
[2021-09-01 13:13:24.135][30268][INFO] [CMD:1028]{"token":"g980r9bjs8ga804vv4agf3kbpq","acc":"MeX3Uq6I5zX7"}
[2021-09-01 13:13:24.166][30268][INFO] [CMD:1021]{"token":"g980r9bjs8ga804vv4agf3kbpq","acc":"MeX3Uq6I5zX7"}
[2021-09-01 13:13:28.256][30268][INFO] [CMD:1023]{"token":"g980r9bjs8ga804vv4agf3kbpq","acc":"MeX3Uq6I5zX7"}
[2021-09-01 13:13:28.271][30268][INFO] [CMD:1001]{"token":"g980r9bjs8ga804vv4agf3kbpq","acc":"MeX3Uq6I5zX7"}
[2021-09-01 13:13:28.278][30268][INFO] [CMD:1011]{"token":"g980r9bjs8ga804vv4agf3kbpq","acc":"MeX3Uq6I5zX7"}
[2021-09-01 13:14:55.935][30268][INFO] [CMD:101][ACC:MeX3Uq6I5zX7]
[2021-09-01 13:14:56.080][30268][INFO] [CMD:1021]{"token":"mc373gv4512uptc6ie4ubbbf8o","acc":"MeX3Uq6I5zX7"}
[2021-09-01 13:14:56.094][30268][INFO] [CMD:1025]{"token":"mc373gv4512uptc6ie4ubbbf8o","acc":"MeX3Uq6I5zX7"}
[2021-09-01 13:14:56.111][30268][INFO] [CMD:1028]{"token":"mc373gv4512uptc6ie4ubbbf8o","acc":"MeX3Uq6I5zX7"}
[2021-09-01 13:15:00.192][30268][INFO] [CMD:1023]{"token":"mc373gv4512uptc6ie4ubbbf8o","acc":"MeX3Uq6I5zX7"}
[2021-09-01 13:15:00.207][30268][INFO] [CMD:1001]{"token":"mc373gv4512uptc6ie4ubbbf8o","acc":"MeX3Uq6I5zX7"}
[2021-09-01 13:15:00.217][30268][INFO] [CMD:1011]{"token":"mc373gv4512uptc6ie4ubbbf8o","acc":"MeX3Uq6I5zX7"}
[2021-09-01 13:15:01.116][30268][INFO] [CMD:1024]{"token":"mc373gv4512uptc6ie4ubbbf8o","acc":"MeX3Uq6I5zX7","guid":1}
[2021-09-01 13:15:18.566][30268][INFO] [CMD:1041]{"token":"mc373gv4512uptc6ie4ubbbf8o","acc":"MeX3Uq6I5zX7","point":220,"email":"sss@sss.com"}
[2021-09-01 13:15:48.049][30268][INFO] [CMD:1001]{"token":"mc373gv4512uptc6ie4ubbbf8o","acc":"MeX3Uq6I5zX7"}
[2021-09-01 13:15:48.056][30268][INFO] [CMD:1011]{"token":"mc373gv4512uptc6ie4ubbbf8o","acc":"MeX3Uq6I5zX7"}
[2021-09-01 13:15:50.304][30268][INFO] [CMD:1011]{"token":"mc373gv4512uptc6ie4ubbbf8o","acc":"MeX3Uq6I5zX7"}
[2021-09-01 13:15:55.795][30268][INFO] [CMD:1011]{"token":"mc373gv4512uptc6ie4ubbbf8o","acc":"MeX3Uq6I5zX7"}
[2021-09-01 13:16:27.033][30268][INFO] [CMD:1001]{"token":"mc373gv4512uptc6ie4ubbbf8o","acc":"MeX3Uq6I5zX7"}
[2021-09-01 13:16:27.034][30268][INFO] [CMD:1011]{"token":"mc373gv4512uptc6ie4ubbbf8o","acc":"MeX3Uq6I5zX7"}
[2021-09-01 13:16:33.814][30268][INFO] [CMD:1011]{"token":"mc373gv4512uptc6ie4ubbbf8o","acc":"MeX3Uq6I5zX7"}
[2021-09-01 13:20:00.153][30268][INFO] [CMD:101][ACC:MeX3Uq6I5zX7]
[2021-09-01 13:20:00.453][30268][INFO] [CMD:1021]{"token":"mhfdtbdrskrvunm7336uae74ok","acc":"MeX3Uq6I5zX7"}
[2021-09-01 13:20:00.472][30268][INFO] [CMD:1025]{"token":"mhfdtbdrskrvunm7336uae74ok","acc":"MeX3Uq6I5zX7"}
[2021-09-01 13:20:00.473][30268][INFO] [CMD:1028]{"token":"mhfdtbdrskrvunm7336uae74ok","acc":"MeX3Uq6I5zX7"}
[2021-09-01 13:20:04.467][30268][INFO] [CMD:1001]{"token":"mhfdtbdrskrvunm7336uae74ok","acc":"MeX3Uq6I5zX7"}
[2021-09-01 13:20:04.470][30268][INFO] [CMD:1011]{"token":"mhfdtbdrskrvunm7336uae74ok","acc":"MeX3Uq6I5zX7"}
[2021-09-01 13:20:04.472][30268][INFO] [CMD:1023]{"token":"mhfdtbdrskrvunm7336uae74ok","acc":"MeX3Uq6I5zX7"}
[2021-09-01 13:20:52.471][30268][INFO] [CMD:101][ACC:MeX3Uq6I5zX7]
[2021-09-01 13:20:52.587][30268][INFO] [CMD:1025]{"token":"vi2m48v7cr9ls0i8s8f1okkqk9","acc":"MeX3Uq6I5zX7"}
[2021-09-01 13:20:52.593][30268][INFO] [CMD:1021]{"token":"vi2m48v7cr9ls0i8s8f1okkqk9","acc":"MeX3Uq6I5zX7"}
[2021-09-01 13:20:52.597][30268][INFO] [CMD:1028]{"token":"vi2m48v7cr9ls0i8s8f1okkqk9","acc":"MeX3Uq6I5zX7"}
[2021-09-01 13:21:00.521][30268][INFO] [CMD:1011]{"token":"vi2m48v7cr9ls0i8s8f1okkqk9","acc":"MeX3Uq6I5zX7"}
[2021-09-01 13:21:00.523][30268][INFO] [CMD:1023]{"token":"vi2m48v7cr9ls0i8s8f1okkqk9","acc":"MeX3Uq6I5zX7"}
[2021-09-01 13:21:00.525][30268][INFO] [CMD:1001]{"token":"vi2m48v7cr9ls0i8s8f1okkqk9","acc":"MeX3Uq6I5zX7"}
[2021-09-01 13:21:13.311][30268][INFO] [CMD:101][ACC:MeX3Uq6I5zX7]
[2021-09-01 13:21:26.379][30268][INFO] [CMD:1021]{"token":"gdru6qd3fcsv82m3edui2sjcoo","acc":"MeX3Uq6I5zX7"}
[2021-09-01 13:21:26.381][30268][INFO] [CMD:1028]{"token":"gdru6qd3fcsv82m3edui2sjcoo","acc":"MeX3Uq6I5zX7"}
[2021-09-01 13:21:26.387][30268][INFO] [CMD:1025]{"token":"gdru6qd3fcsv82m3edui2sjcoo","acc":"MeX3Uq6I5zX7"}
[2021-09-01 13:21:30.999][30268][INFO] [CMD:1023]{"token":"gdru6qd3fcsv82m3edui2sjcoo","acc":"MeX3Uq6I5zX7"}
[2021-09-01 13:21:31.021][30268][INFO] [CMD:1011]{"token":"gdru6qd3fcsv82m3edui2sjcoo","acc":"MeX3Uq6I5zX7"}
[2021-09-01 13:21:31.022][30268][INFO] [CMD:1001]{"token":"gdru6qd3fcsv82m3edui2sjcoo","acc":"MeX3Uq6I5zX7"}
[2021-09-01 13:21:56.302][30268][INFO] [CMD:101][ACC:MeX3Uq6I5zX7]
[2021-09-01 13:21:59.940][30268][INFO] [CMD:1025]{"token":"u8kpj38omrb3a7bi61l62b93ob","acc":"MeX3Uq6I5zX7"}
[2021-09-01 13:21:59.956][30268][INFO] [CMD:1021]{"token":"u8kpj38omrb3a7bi61l62b93ob","acc":"MeX3Uq6I5zX7"}
[2021-09-01 13:21:59.958][30268][INFO] [CMD:1028]{"token":"u8kpj38omrb3a7bi61l62b93ob","acc":"MeX3Uq6I5zX7"}
[2021-09-01 13:22:04.296][30268][INFO] [CMD:1023]{"token":"u8kpj38omrb3a7bi61l62b93ob","acc":"MeX3Uq6I5zX7"}
[2021-09-01 13:22:04.337][30268][INFO] [CMD:1001]{"token":"u8kpj38omrb3a7bi61l62b93ob","acc":"MeX3Uq6I5zX7"}
[2021-09-01 13:22:04.348][30268][INFO] [CMD:1011]{"token":"u8kpj38omrb3a7bi61l62b93ob","acc":"MeX3Uq6I5zX7"}
[2021-09-01 13:23:42.711][30268][INFO] [CMD:101][ACC:MeX3Uq6I5zX7]
[2021-09-01 13:23:42.873][30268][INFO] [CMD:1021]{"token":"7vhrtri6r52ino9v35i5jcfgfq","acc":"MeX3Uq6I5zX7"}
[2021-09-01 13:23:42.888][30268][INFO] [CMD:1028]{"token":"7vhrtri6r52ino9v35i5jcfgfq","acc":"MeX3Uq6I5zX7"}
[2021-09-01 13:23:42.894][30268][INFO] [CMD:1025]{"token":"7vhrtri6r52ino9v35i5jcfgfq","acc":"MeX3Uq6I5zX7"}
[2021-09-01 13:23:46.933][30268][INFO] [CMD:1001]{"token":"7vhrtri6r52ino9v35i5jcfgfq","acc":"MeX3Uq6I5zX7"}
[2021-09-01 13:23:46.941][30268][INFO] [CMD:1011]{"token":"7vhrtri6r52ino9v35i5jcfgfq","acc":"MeX3Uq6I5zX7"}
[2021-09-01 13:23:46.943][30268][INFO] [CMD:1023]{"token":"7vhrtri6r52ino9v35i5jcfgfq","acc":"MeX3Uq6I5zX7"}
[2021-09-01 13:23:57.358][30268][INFO] [CMD:1011]{"token":"7vhrtri6r52ino9v35i5jcfgfq","acc":"MeX3Uq6I5zX7"}
[2021-09-01 13:24:00.044][30268][INFO] [CMD:1010]{"token":"7vhrtri6r52ino9v35i5jcfgfq","acc":"MeX3Uq6I5zX7","shopId":2001}
[2021-09-01 13:24:00.178][30268][INFO] [CMD:1011]{"token":"7vhrtri6r52ino9v35i5jcfgfq","acc":"MeX3Uq6I5zX7"}
[2021-09-01 13:24:00.182][30268][INFO] [CMD:1001]{"token":"7vhrtri6r52ino9v35i5jcfgfq","acc":"MeX3Uq6I5zX7"}
[2021-09-01 13:24:14.318][30268][INFO] [CMD:1041]{"token":"7vhrtri6r52ino9v35i5jcfgfq","acc":"MeX3Uq6I5zX7","point":550,"email":"sss@sss.com"}
[2021-09-01 13:24:23.735][30268][INFO] [CMD:1011]{"token":"7vhrtri6r52ino9v35i5jcfgfq","acc":"MeX3Uq6I5zX7"}
[2021-09-01 16:20:05.209][30268][INFO] [CMD:101][ACC:p8qCgvHRwiWQ]
[2021-09-01 16:20:27.299][30268][INFO] [CMD:101][ACC:MeX3Uq6I5zX7]
[2021-09-01 16:20:27.473][30268][INFO] [CMD:1025]{"token":"3ev9gcj89n4mqn3nlmpupjrn4m","acc":"MeX3Uq6I5zX7"}
[2021-09-01 16:20:27.514][30268][INFO] [CMD:1028]{"token":"3ev9gcj89n4mqn3nlmpupjrn4m","acc":"MeX3Uq6I5zX7"}
[2021-09-01 16:20:27.527][30268][INFO] [CMD:1021]{"token":"3ev9gcj89n4mqn3nlmpupjrn4m","acc":"MeX3Uq6I5zX7"}
[2021-09-01 16:20:32.103][30268][INFO] [CMD:1023]{"token":"3ev9gcj89n4mqn3nlmpupjrn4m","acc":"MeX3Uq6I5zX7"}
[2021-09-01 16:20:32.105][30268][INFO] [CMD:1011]{"token":"3ev9gcj89n4mqn3nlmpupjrn4m","acc":"MeX3Uq6I5zX7"}
[2021-09-01 16:20:32.123][30268][INFO] [CMD:1001]{"token":"3ev9gcj89n4mqn3nlmpupjrn4m","acc":"MeX3Uq6I5zX7"}
[2021-09-01 16:20:34.659][30268][INFO] [CMD:1011]{"token":"3ev9gcj89n4mqn3nlmpupjrn4m","acc":"MeX3Uq6I5zX7"}
[2021-09-01 16:21:18.800][30268][INFO] [CMD:101][ACC:MeX3Uq6I5zX7]
[2021-09-01 16:21:19.071][30268][INFO] [CMD:1028]{"token":"9346bd98g9rt632po98sr2nf8t","acc":"MeX3Uq6I5zX7"}
[2021-09-01 16:21:19.086][30268][INFO] [CMD:1021]{"token":"9346bd98g9rt632po98sr2nf8t","acc":"MeX3Uq6I5zX7"}
[2021-09-01 16:21:19.097][30268][INFO] [CMD:1025]{"token":"9346bd98g9rt632po98sr2nf8t","acc":"MeX3Uq6I5zX7"}
[2021-09-01 16:37:53.071][30268][INFO] [CMD:101][ACC:MeX3Uq6I5zX7]
[2021-09-01 16:37:53.210][30268][INFO] [CMD:1025]{"token":"79onqdjii40qaar67v7r29pq0i","acc":"MeX3Uq6I5zX7"}
[2021-09-01 16:37:53.220][30268][INFO] [CMD:1021]{"token":"79onqdjii40qaar67v7r29pq0i","acc":"MeX3Uq6I5zX7"}
[2021-09-01 16:37:53.221][30268][INFO] [CMD:1028]{"token":"79onqdjii40qaar67v7r29pq0i","acc":"MeX3Uq6I5zX7"}
[2021-09-01 16:37:57.448][30268][INFO] [CMD:1001]{"token":"79onqdjii40qaar67v7r29pq0i","acc":"MeX3Uq6I5zX7"}
[2021-09-01 16:37:57.455][30268][INFO] [CMD:1011]{"token":"79onqdjii40qaar67v7r29pq0i","acc":"MeX3Uq6I5zX7"}
[2021-09-01 16:37:57.456][30268][INFO] [CMD:1023]{"token":"79onqdjii40qaar67v7r29pq0i","acc":"MeX3Uq6I5zX7"}
[2021-09-01 16:38:05.667][30268][INFO] [CMD:1011]{"token":"79onqdjii40qaar67v7r29pq0i","acc":"MeX3Uq6I5zX7"}
[2021-09-01 16:38:07.249][30268][INFO] [CMD:1011]{"token":"79onqdjii40qaar67v7r29pq0i","acc":"MeX3Uq6I5zX7"}
[2021-09-01 16:38:15.204][30268][INFO] [CMD:1010]{"token":"79onqdjii40qaar67v7r29pq0i","acc":"MeX3Uq6I5zX7","shopId":2002}
[2021-09-01 16:38:15.295][30268][INFO] [CMD:1001]{"token":"79onqdjii40qaar67v7r29pq0i","acc":"MeX3Uq6I5zX7"}
[2021-09-01 16:38:15.306][30268][INFO] [CMD:1011]{"token":"79onqdjii40qaar67v7r29pq0i","acc":"MeX3Uq6I5zX7"}
[2021-09-01 16:38:51.737][30268][INFO] [CMD:101][ACC:MeX3Uq6I5zX7]
[2021-09-01 16:38:51.886][30268][INFO] [CMD:1025]{"token":"66nikl6g80beedigrt3r4a5ha9","acc":"MeX3Uq6I5zX7"}
[2021-09-01 16:38:51.924][30268][INFO] [CMD:1028]{"token":"66nikl6g80beedigrt3r4a5ha9","acc":"MeX3Uq6I5zX7"}
[2021-09-01 16:38:52.096][30268][INFO] [CMD:1021]{"token":"66nikl6g80beedigrt3r4a5ha9","acc":"MeX3Uq6I5zX7"}
[2021-09-01 16:38:56.084][30268][INFO] [CMD:1011]{"token":"66nikl6g80beedigrt3r4a5ha9","acc":"MeX3Uq6I5zX7"}
[2021-09-01 16:38:56.086][30268][INFO] [CMD:1023]{"token":"66nikl6g80beedigrt3r4a5ha9","acc":"MeX3Uq6I5zX7"}
[2021-09-01 16:38:56.117][30268][INFO] [CMD:1001]{"token":"66nikl6g80beedigrt3r4a5ha9","acc":"MeX3Uq6I5zX7"}
[2021-09-01 16:39:01.223][30268][INFO] [CMD:1011]{"token":"66nikl6g80beedigrt3r4a5ha9","acc":"MeX3Uq6I5zX7"}
[2021-09-01 16:39:06.876][30268][INFO] [CMD:1011]{"token":"66nikl6g80beedigrt3r4a5ha9","acc":"MeX3Uq6I5zX7"}
[2021-09-01 16:39:39.288][30268][INFO] [CMD:101][ACC:MeX3Uq6I5zX7]
[2021-09-01 16:39:39.446][30268][INFO] [CMD:1025]{"token":"1g0hh760nveqe9v5bf17k3ir88","acc":"MeX3Uq6I5zX7"}
[2021-09-01 16:39:39.450][30268][INFO] [CMD:1021]{"token":"1g0hh760nveqe9v5bf17k3ir88","acc":"MeX3Uq6I5zX7"}
[2021-09-01 16:39:39.451][30268][INFO] [CMD:1028]{"token":"1g0hh760nveqe9v5bf17k3ir88","acc":"MeX3Uq6I5zX7"}
[2021-09-01 16:43:28.399][30268][INFO] [CMD:1023]{"token":"1g0hh760nveqe9v5bf17k3ir88","acc":"MeX3Uq6I5zX7"}
[2021-09-01 16:43:28.420][30268][INFO] [CMD:1011]{"token":"1g0hh760nveqe9v5bf17k3ir88","acc":"MeX3Uq6I5zX7"}
[2021-09-01 16:43:28.420][30268][INFO] [CMD:1001]{"token":"1g0hh760nveqe9v5bf17k3ir88","acc":"MeX3Uq6I5zX7"}
[2021-09-01 16:43:51.531][30268][INFO] [CMD:1011]{"token":"1g0hh760nveqe9v5bf17k3ir88","acc":"MeX3Uq6I5zX7"}
[2021-09-01 16:43:55.205][30268][INFO] [CMD:1011]{"token":"1g0hh760nveqe9v5bf17k3ir88","acc":"MeX3Uq6I5zX7"}
[2021-09-01 16:44:01.443][30268][INFO] [CMD:9000]{"token":"1g0hh760nveqe9v5bf17k3ir88","acc":"MeX3Uq6I5zX7","productId":"craftstory_120","transactionId":"fd1e05f5-085a-41bf-ab39-1ca03f35cf38"}
[2021-09-01 16:44:02.357][30268][INFO] [CMD:1011]{"token":"1g0hh760nveqe9v5bf17k3ir88","acc":"MeX3Uq6I5zX7"}
[2021-09-01 16:44:23.948][30268][INFO] [CMD:101][ACC:MeX3Uq6I5zX7]
[2021-09-01 16:44:24.127][30268][INFO] [CMD:1025]{"token":"g0fg8dju6rhmkvkcm6qnqems4o","acc":"MeX3Uq6I5zX7"}
[2021-09-01 16:44:24.145][30268][INFO] [CMD:1028]{"token":"g0fg8dju6rhmkvkcm6qnqems4o","acc":"MeX3Uq6I5zX7"}
[2021-09-01 16:44:24.161][30268][INFO] [CMD:1021]{"token":"g0fg8dju6rhmkvkcm6qnqems4o","acc":"MeX3Uq6I5zX7"}
[2021-09-01 16:44:28.235][30268][INFO] [CMD:1011]{"token":"g0fg8dju6rhmkvkcm6qnqems4o","acc":"MeX3Uq6I5zX7"}
[2021-09-01 16:44:28.235][30268][INFO] [CMD:1023]{"token":"g0fg8dju6rhmkvkcm6qnqems4o","acc":"MeX3Uq6I5zX7"}
[2021-09-01 16:44:28.235][30268][INFO] [CMD:1001]{"token":"g0fg8dju6rhmkvkcm6qnqems4o","acc":"MeX3Uq6I5zX7"}
[2021-09-01 16:44:32.734][30268][INFO] [CMD:1011]{"token":"g0fg8dju6rhmkvkcm6qnqems4o","acc":"MeX3Uq6I5zX7"}
[2021-09-01 16:44:57.620][30268][INFO] [CMD:101][ACC:MeX3Uq6I5zX7]
[2021-09-01 16:44:58.131][30268][INFO] [CMD:1025]{"token":"7aqrf2kdcvqfku42p0flm085jb","acc":"MeX3Uq6I5zX7"}
[2021-09-01 16:44:58.163][30268][INFO] [CMD:1028]{"token":"7aqrf2kdcvqfku42p0flm085jb","acc":"MeX3Uq6I5zX7"}
[2021-09-01 16:44:58.175][30268][INFO] [CMD:1021]{"token":"7aqrf2kdcvqfku42p0flm085jb","acc":"MeX3Uq6I5zX7"}
[2021-09-01 16:45:19.147][30268][INFO] [CMD:1023]{"token":"7aqrf2kdcvqfku42p0flm085jb","acc":"MeX3Uq6I5zX7"}
[2021-09-01 16:45:19.173][30268][INFO] [CMD:1011]{"token":"7aqrf2kdcvqfku42p0flm085jb","acc":"MeX3Uq6I5zX7"}
[2021-09-01 16:45:19.173][30268][INFO] [CMD:1001]{"token":"7aqrf2kdcvqfku42p0flm085jb","acc":"MeX3Uq6I5zX7"}
[2021-09-01 16:46:12.025][30268][INFO] [CMD:1011]{"token":"7aqrf2kdcvqfku42p0flm085jb","acc":"MeX3Uq6I5zX7"}
[2021-09-01 16:46:16.307][30268][INFO] [CMD:1010]{"token":"7aqrf2kdcvqfku42p0flm085jb","acc":"MeX3Uq6I5zX7","shopId":2000}
[2021-09-01 16:46:16.536][30268][INFO] [CMD:1001]{"token":"7aqrf2kdcvqfku42p0flm085jb","acc":"MeX3Uq6I5zX7"}
[2021-09-01 16:46:16.538][30268][INFO] [CMD:1011]{"token":"7aqrf2kdcvqfku42p0flm085jb","acc":"MeX3Uq6I5zX7"}
[2021-09-01 16:46:21.189][30268][INFO] [CMD:9000]{"token":"7aqrf2kdcvqfku42p0flm085jb","acc":"MeX3Uq6I5zX7","productId":"craftstory_120","transactionId":"3d3bbd0c-bef3-400b-9f04-70142704c084"}
[2021-09-01 16:46:21.375][30268][INFO] [CMD:1011]{"token":"7aqrf2kdcvqfku42p0flm085jb","acc":"MeX3Uq6I5zX7"}
[2021-09-01 16:46:29.306][30268][INFO] [CMD:1030]{"token":"7aqrf2kdcvqfku42p0flm085jb","acc":"MeX3Uq6I5zX7","gachaId":1}
[2021-09-01 16:55:17.347][30268][INFO] [CMD:101][ACC:MeX3Uq6I5zX7]
[2021-09-01 16:55:17.490][30268][INFO] [CMD:1025]{"token":"dvf4irrbqjijq7h8bhott5srmb","acc":"MeX3Uq6I5zX7"}
[2021-09-01 16:55:17.521][30268][INFO] [CMD:1021]{"token":"dvf4irrbqjijq7h8bhott5srmb","acc":"MeX3Uq6I5zX7"}
[2021-09-01 16:55:17.523][30268][INFO] [CMD:1028]{"token":"dvf4irrbqjijq7h8bhott5srmb","acc":"MeX3Uq6I5zX7"}
[2021-09-01 16:57:27.065][30268][INFO] [CMD:1001]{"token":"dvf4irrbqjijq7h8bhott5srmb","acc":"MeX3Uq6I5zX7"}
[2021-09-01 16:57:27.078][30268][INFO] [CMD:1023]{"token":"dvf4irrbqjijq7h8bhott5srmb","acc":"MeX3Uq6I5zX7"}
[2021-09-01 16:57:27.082][30268][INFO] [CMD:1011]{"token":"dvf4irrbqjijq7h8bhott5srmb","acc":"MeX3Uq6I5zX7"}
[2021-09-01 16:57:29.333][30268][INFO] [CMD:1011]{"token":"dvf4irrbqjijq7h8bhott5srmb","acc":"MeX3Uq6I5zX7"}
[2021-09-01 16:57:34.956][30268][INFO] [CMD:9000]{"token":"dvf4irrbqjijq7h8bhott5srmb","acc":"MeX3Uq6I5zX7","productId":"craftstory_1960","transactionId":"26bd56b9-44f9-4567-8e8f-ca24c726e971"}
[2021-09-01 16:57:35.069][30268][INFO] [CMD:1011]{"token":"dvf4irrbqjijq7h8bhott5srmb","acc":"MeX3Uq6I5zX7"}
[2021-09-01 16:57:40.200][30268][INFO] [CMD:1030]{"token":"dvf4irrbqjijq7h8bhott5srmb","acc":"MeX3Uq6I5zX7","gachaId":1}
[2021-09-01 17:19:35.907][30268][INFO] [CMD:101][ACC:MeX3Uq6I5zX7]
[2021-09-01 17:19:36.113][30268][INFO] [CMD:1025]{"token":"pbogkoo0cqdmkad0e8umjs367b","acc":"MeX3Uq6I5zX7"}
[2021-09-01 17:19:36.145][30268][INFO] [CMD:1028]{"token":"pbogkoo0cqdmkad0e8umjs367b","acc":"MeX3Uq6I5zX7"}
[2021-09-01 17:19:36.160][30268][INFO] [CMD:1021]{"token":"pbogkoo0cqdmkad0e8umjs367b","acc":"MeX3Uq6I5zX7"}
[2021-09-01 17:19:40.060][30268][INFO] [CMD:1023]{"token":"pbogkoo0cqdmkad0e8umjs367b","acc":"MeX3Uq6I5zX7"}
[2021-09-01 17:19:40.073][30268][INFO] [CMD:1011]{"token":"pbogkoo0cqdmkad0e8umjs367b","acc":"MeX3Uq6I5zX7"}
[2021-09-01 17:19:40.093][30268][INFO] [CMD:1001]{"token":"pbogkoo0cqdmkad0e8umjs367b","acc":"MeX3Uq6I5zX7"}
[2021-09-01 17:19:41.689][30268][INFO] [CMD:1011]{"token":"pbogkoo0cqdmkad0e8umjs367b","acc":"MeX3Uq6I5zX7"}
[2021-09-01 17:19:43.175][30268][INFO] [CMD:1030]{"token":"pbogkoo0cqdmkad0e8umjs367b","acc":"MeX3Uq6I5zX7","gachaId":1}
[2021-09-01 17:20:10.031][30268][INFO] [CMD:101][ACC:MeX3Uq6I5zX7]
[2021-09-01 17:20:10.180][30268][INFO] [CMD:1021]{"token":"6nprnroaufsff76uml83td9uen","acc":"MeX3Uq6I5zX7"}
[2021-09-01 17:20:10.187][30268][INFO] [CMD:1025]{"token":"6nprnroaufsff76uml83td9uen","acc":"MeX3Uq6I5zX7"}
[2021-09-01 17:20:10.199][30268][INFO] [CMD:1028]{"token":"6nprnroaufsff76uml83td9uen","acc":"MeX3Uq6I5zX7"}
[2021-09-01 17:20:14.170][30268][INFO] [CMD:1023]{"token":"6nprnroaufsff76uml83td9uen","acc":"MeX3Uq6I5zX7"}
[2021-09-01 17:20:14.186][30268][INFO] [CMD:1001]{"token":"6nprnroaufsff76uml83td9uen","acc":"MeX3Uq6I5zX7"}
[2021-09-01 17:20:14.200][30268][INFO] [CMD:1011]{"token":"6nprnroaufsff76uml83td9uen","acc":"MeX3Uq6I5zX7"}
[2021-09-01 17:20:16.685][30268][INFO] [CMD:1011]{"token":"6nprnroaufsff76uml83td9uen","acc":"MeX3Uq6I5zX7"}
[2021-09-01 17:20:17.983][30268][INFO] [CMD:1030]{"token":"6nprnroaufsff76uml83td9uen","acc":"MeX3Uq6I5zX7","gachaId":1}
[2021-09-01 17:20:50.814][30268][INFO] [CMD:1042]{"token":"6nprnroaufsff76uml83td9uen","acc":"MeX3Uq6I5zX7","gachaId":1}
[2021-09-01 17:21:02.267][30268][INFO] [CMD:1030]{"token":"6nprnroaufsff76uml83td9uen","acc":"MeX3Uq6I5zX7","gachaId":1}
[2021-09-01 17:22:04.427][30268][INFO] [CMD:101][ACC:MeX3Uq6I5zX7]
[2021-09-01 17:22:04.593][30268][INFO] [CMD:1028]{"token":"u26igdvg4eju4n876cpnc7fpjr","acc":"MeX3Uq6I5zX7"}
[2021-09-01 17:22:04.594][30268][INFO] [CMD:1025]{"token":"u26igdvg4eju4n876cpnc7fpjr","acc":"MeX3Uq6I5zX7"}
[2021-09-01 17:22:04.625][30268][INFO] [CMD:1021]{"token":"u26igdvg4eju4n876cpnc7fpjr","acc":"MeX3Uq6I5zX7"}
[2021-09-01 17:22:08.534][30268][INFO] [CMD:1011]{"token":"u26igdvg4eju4n876cpnc7fpjr","acc":"MeX3Uq6I5zX7"}
[2021-09-01 17:22:08.548][30268][INFO] [CMD:1023]{"token":"u26igdvg4eju4n876cpnc7fpjr","acc":"MeX3Uq6I5zX7"}
[2021-09-01 17:22:08.549][30268][INFO] [CMD:1001]{"token":"u26igdvg4eju4n876cpnc7fpjr","acc":"MeX3Uq6I5zX7"}
[2021-09-01 17:22:11.226][30268][INFO] [CMD:1011]{"token":"u26igdvg4eju4n876cpnc7fpjr","acc":"MeX3Uq6I5zX7"}
[2021-09-01 17:22:13.226][30268][INFO] [CMD:1030]{"token":"u26igdvg4eju4n876cpnc7fpjr","acc":"MeX3Uq6I5zX7","gachaId":1}
[2021-09-01 17:44:55.509][30268][INFO] [CMD:101][ACC:MeX3Uq6I5zX7]
[2021-09-01 17:44:55.641][30268][INFO] [CMD:1025]{"token":"fnhisu9m6hbpn1rcgointglplq","acc":"MeX3Uq6I5zX7"}
[2021-09-01 17:44:55.641][30268][INFO] [CMD:1021]{"token":"fnhisu9m6hbpn1rcgointglplq","acc":"MeX3Uq6I5zX7"}
[2021-09-01 17:44:55.643][30268][INFO] [CMD:1028]{"token":"fnhisu9m6hbpn1rcgointglplq","acc":"MeX3Uq6I5zX7"}
[2021-09-01 17:44:59.721][30268][INFO] [CMD:1011]{"token":"fnhisu9m6hbpn1rcgointglplq","acc":"MeX3Uq6I5zX7"}
[2021-09-01 17:44:59.728][30268][INFO] [CMD:1023]{"token":"fnhisu9m6hbpn1rcgointglplq","acc":"MeX3Uq6I5zX7"}
[2021-09-01 17:44:59.729][30268][INFO] [CMD:1001]{"token":"fnhisu9m6hbpn1rcgointglplq","acc":"MeX3Uq6I5zX7"}
[2021-09-01 17:45:02.387][30268][INFO] [CMD:1011]{"token":"fnhisu9m6hbpn1rcgointglplq","acc":"MeX3Uq6I5zX7"}
[2021-09-01 17:45:04.521][30268][INFO] [CMD:1030]{"token":"fnhisu9m6hbpn1rcgointglplq","acc":"MeX3Uq6I5zX7","gachaId":1}
[2021-09-01 17:46:55.888][30268][INFO] [CMD:101][ACC:MeX3Uq6I5zX7]
[2021-09-01 17:46:56.343][30268][INFO] [CMD:1025]{"token":"07d19bv1cf3k09l9pf7g37v0a9","acc":"MeX3Uq6I5zX7"}
[2021-09-01 17:46:56.359][30268][INFO] [CMD:1021]{"token":"07d19bv1cf3k09l9pf7g37v0a9","acc":"MeX3Uq6I5zX7"}
[2021-09-01 17:46:56.372][30268][INFO] [CMD:1028]{"token":"07d19bv1cf3k09l9pf7g37v0a9","acc":"MeX3Uq6I5zX7"}
[2021-09-01 17:47:00.219][30268][INFO] [CMD:1001]{"token":"07d19bv1cf3k09l9pf7g37v0a9","acc":"MeX3Uq6I5zX7"}
[2021-09-01 17:47:00.227][30268][INFO] [CMD:1023]{"token":"07d19bv1cf3k09l9pf7g37v0a9","acc":"MeX3Uq6I5zX7"}
[2021-09-01 17:47:00.237][30268][INFO] [CMD:1011]{"token":"07d19bv1cf3k09l9pf7g37v0a9","acc":"MeX3Uq6I5zX7"}
[2021-09-01 17:47:02.730][30268][INFO] [CMD:1011]{"token":"07d19bv1cf3k09l9pf7g37v0a9","acc":"MeX3Uq6I5zX7"}
[2021-09-01 17:47:04.583][30268][INFO] [CMD:1030]{"token":"07d19bv1cf3k09l9pf7g37v0a9","acc":"MeX3Uq6I5zX7","gachaId":1}
[2021-09-01 17:48:58.705][30268][INFO] [CMD:101][ACC:MeX3Uq6I5zX7]
[2021-09-01 17:48:58.875][30268][INFO] [CMD:1025]{"token":"5ah22j9hav8mltfoevhu9f23ql","acc":"MeX3Uq6I5zX7"}
[2021-09-01 17:48:58.890][30268][INFO] [CMD:1028]{"token":"5ah22j9hav8mltfoevhu9f23ql","acc":"MeX3Uq6I5zX7"}
[2021-09-01 17:48:58.921][30268][INFO] [CMD:1021]{"token":"5ah22j9hav8mltfoevhu9f23ql","acc":"MeX3Uq6I5zX7"}
[2021-09-01 17:49:02.787][30268][INFO] [CMD:1023]{"token":"5ah22j9hav8mltfoevhu9f23ql","acc":"MeX3Uq6I5zX7"}
[2021-09-01 17:49:02.807][30268][INFO] [CMD:1001]{"token":"5ah22j9hav8mltfoevhu9f23ql","acc":"MeX3Uq6I5zX7"}
[2021-09-01 17:49:02.819][30268][INFO] [CMD:1011]{"token":"5ah22j9hav8mltfoevhu9f23ql","acc":"MeX3Uq6I5zX7"}
[2021-09-01 17:49:05.106][30268][INFO] [CMD:1011]{"token":"5ah22j9hav8mltfoevhu9f23ql","acc":"MeX3Uq6I5zX7"}
[2021-09-01 17:49:06.153][30268][INFO] [CMD:1030]{"token":"5ah22j9hav8mltfoevhu9f23ql","acc":"MeX3Uq6I5zX7","gachaId":1}
[2021-09-01 17:55:56.400][30268][INFO] [CMD:101][ACC:MeX3Uq6I5zX7]
[2021-09-01 17:55:56.555][30268][INFO] [CMD:1025]{"token":"gijq9g5u4vuan8hqrn938nfk4i","acc":"MeX3Uq6I5zX7"}
[2021-09-01 17:55:56.605][30268][INFO] [CMD:1028]{"token":"gijq9g5u4vuan8hqrn938nfk4i","acc":"MeX3Uq6I5zX7"}
[2021-09-01 17:55:56.622][30268][INFO] [CMD:1021]{"token":"gijq9g5u4vuan8hqrn938nfk4i","acc":"MeX3Uq6I5zX7"}
[2021-09-01 17:56:00.576][30268][INFO] [CMD:1001]{"token":"gijq9g5u4vuan8hqrn938nfk4i","acc":"MeX3Uq6I5zX7"}
[2021-09-01 17:56:00.585][30268][INFO] [CMD:1011]{"token":"gijq9g5u4vuan8hqrn938nfk4i","acc":"MeX3Uq6I5zX7"}
[2021-09-01 17:56:00.586][30268][INFO] [CMD:1023]{"token":"gijq9g5u4vuan8hqrn938nfk4i","acc":"MeX3Uq6I5zX7"}
[2021-09-01 17:56:03.133][30268][INFO] [CMD:1011]{"token":"gijq9g5u4vuan8hqrn938nfk4i","acc":"MeX3Uq6I5zX7"}
[2021-09-01 17:56:05.318][30268][INFO] [CMD:1030]{"token":"gijq9g5u4vuan8hqrn938nfk4i","acc":"MeX3Uq6I5zX7","gachaId":1}
[2021-09-01 17:57:20.832][30268][INFO] [CMD:101][ACC:MeX3Uq6I5zX7]
[2021-09-01 17:57:21.135][30268][INFO] [CMD:1021]{"token":"hfg4krr3b4o46pkdnh966c60kk","acc":"MeX3Uq6I5zX7"}
[2021-09-01 17:57:21.140][30268][INFO] [CMD:1025]{"token":"hfg4krr3b4o46pkdnh966c60kk","acc":"MeX3Uq6I5zX7"}
[2021-09-01 17:57:21.171][30268][INFO] [CMD:1028]{"token":"hfg4krr3b4o46pkdnh966c60kk","acc":"MeX3Uq6I5zX7"}
[2021-09-01 17:57:24.942][30268][INFO] [CMD:1023]{"token":"hfg4krr3b4o46pkdnh966c60kk","acc":"MeX3Uq6I5zX7"}
[2021-09-01 17:57:24.950][30268][INFO] [CMD:1011]{"token":"hfg4krr3b4o46pkdnh966c60kk","acc":"MeX3Uq6I5zX7"}
[2021-09-01 17:57:24.950][30268][INFO] [CMD:1001]{"token":"hfg4krr3b4o46pkdnh966c60kk","acc":"MeX3Uq6I5zX7"}
[2021-09-01 17:57:26.993][30268][INFO] [CMD:1011]{"token":"hfg4krr3b4o46pkdnh966c60kk","acc":"MeX3Uq6I5zX7"}
[2021-09-01 17:57:30.728][30268][INFO] [CMD:1030]{"token":"hfg4krr3b4o46pkdnh966c60kk","acc":"MeX3Uq6I5zX7","gachaId":1}
