[2021-09-16 09:20:28.066][27460][INFO] [CMD:101][ACC:v6hrwzMYhvXU]
[2021-09-16 09:20:28.403][27460][INFO] [CMD:1021]{"token":"peq8rrm4pbedk67dk6t4foslpl","acc":"v6hrwzMYhvXU"}
[2021-09-16 09:20:28.422][27460][INFO] [CMD:1025]{"token":"peq8rrm4pbedk67dk6t4foslpl","acc":"v6hrwzMYhvXU"}
[2021-09-16 09:20:28.422][27460][INFO] [CMD:1028]{"token":"peq8rrm4pbedk67dk6t4foslpl","acc":"v6hrwzMYhvXU"}
[2021-09-16 09:20:33.607][27460][INFO] [CMD:1023]{"token":"peq8rrm4pbedk67dk6t4foslpl","acc":"v6hrwzMYhvXU"}
[2021-09-16 09:20:33.619][27460][INFO] [CMD:1011]{"token":"peq8rrm4pbedk67dk6t4foslpl","acc":"v6hrwzMYhvXU"}
[2021-09-16 09:20:33.620][27460][INFO] [CMD:1001]{"token":"peq8rrm4pbedk67dk6t4foslpl","acc":"v6hrwzMYhvXU"}
[2021-09-16 09:20:39.323][27460][INFO] [CMD:1019]{"token":"peq8rrm4pbedk67dk6t4foslpl","acc":"v6hrwzMYhvXU","page":1}
[2021-09-16 09:23:21.817][27460][INFO] [CMD:101][ACC:v6hrwzMYhvXU]
[2021-09-16 09:23:21.995][27460][INFO] [CMD:1021]{"token":"2vv1t1c4203am6t3hsbi7101t6","acc":"v6hrwzMYhvXU"}
[2021-09-16 09:23:22.018][27460][INFO] [CMD:1025]{"token":"2vv1t1c4203am6t3hsbi7101t6","acc":"v6hrwzMYhvXU"}
[2021-09-16 09:23:22.018][27460][INFO] [CMD:1028]{"token":"2vv1t1c4203am6t3hsbi7101t6","acc":"v6hrwzMYhvXU"}
[2021-09-16 09:23:27.364][27460][INFO] [CMD:1023]{"token":"2vv1t1c4203am6t3hsbi7101t6","acc":"v6hrwzMYhvXU"}
[2021-09-16 09:23:27.397][27460][INFO] [CMD:1001]{"token":"2vv1t1c4203am6t3hsbi7101t6","acc":"v6hrwzMYhvXU"}
[2021-09-16 09:23:27.398][27460][INFO] [CMD:1011]{"token":"2vv1t1c4203am6t3hsbi7101t6","acc":"v6hrwzMYhvXU"}
[2021-09-16 09:23:29.842][27460][INFO] [CMD:1019]{"token":"2vv1t1c4203am6t3hsbi7101t6","acc":"v6hrwzMYhvXU","page":1}
[2021-09-16 09:25:10.516][27460][INFO] [CMD:101][ACC:v6hrwzMYhvXU]
[2021-09-16 09:25:10.799][27460][INFO] [CMD:1025]{"token":"mr4rbha1dgtgvm90l34oqpr24d","acc":"v6hrwzMYhvXU"}
[2021-09-16 09:25:10.813][27460][INFO] [CMD:1028]{"token":"mr4rbha1dgtgvm90l34oqpr24d","acc":"v6hrwzMYhvXU"}
[2021-09-16 09:25:10.815][27460][INFO] [CMD:1021]{"token":"mr4rbha1dgtgvm90l34oqpr24d","acc":"v6hrwzMYhvXU"}
[2021-09-16 09:36:31.286][27460][INFO] [CMD:1023]{"token":"mr4rbha1dgtgvm90l34oqpr24d","acc":"v6hrwzMYhvXU"}
[2021-09-16 09:36:31.292][27460][INFO] [CMD:1011]{"token":"mr4rbha1dgtgvm90l34oqpr24d","acc":"v6hrwzMYhvXU"}
[2021-09-16 09:36:31.300][27460][INFO] [CMD:1001]{"token":"mr4rbha1dgtgvm90l34oqpr24d","acc":"v6hrwzMYhvXU"}
[2021-09-16 09:36:46.472][27460][INFO] [CMD:1019]{"token":"mr4rbha1dgtgvm90l34oqpr24d","acc":"v6hrwzMYhvXU","page":1}
[2021-09-16 09:36:49.993][27460][INFO] [CMD:1020]{"token":"mr4rbha1dgtgvm90l34oqpr24d","acc":"v6hrwzMYhvXU","guid":125}
[2021-09-16 09:36:50.009][27460][INFO] [CMD:1026]{"token":"mr4rbha1dgtgvm90l34oqpr24d","acc":"v6hrwzMYhvXU","guid":125}
[2021-09-16 09:36:50.212][27460][INFO] [CMD:1001]{"token":"mr4rbha1dgtgvm90l34oqpr24d","acc":"v6hrwzMYhvXU"}
[2021-09-16 09:36:50.779][27460][INFO] [CMD:1019]{"token":"mr4rbha1dgtgvm90l34oqpr24d","acc":"v6hrwzMYhvXU","page":1}
[2021-09-16 09:36:51.363][27460][INFO] [CMD:1026]{"token":"mr4rbha1dgtgvm90l34oqpr24d","acc":"v6hrwzMYhvXU","guid":126}
[2021-09-16 09:36:51.364][27460][INFO] [CMD:1020]{"token":"mr4rbha1dgtgvm90l34oqpr24d","acc":"v6hrwzMYhvXU","guid":126}
[2021-09-16 09:36:51.628][27460][INFO] [CMD:1001]{"token":"mr4rbha1dgtgvm90l34oqpr24d","acc":"v6hrwzMYhvXU"}
[2021-09-16 09:36:51.946][27460][INFO] [CMD:1019]{"token":"mr4rbha1dgtgvm90l34oqpr24d","acc":"v6hrwzMYhvXU","page":1}
[2021-09-16 09:36:52.453][27460][INFO] [CMD:1026]{"token":"mr4rbha1dgtgvm90l34oqpr24d","acc":"v6hrwzMYhvXU","guid":127}
[2021-09-16 09:36:52.455][27460][INFO] [CMD:1020]{"token":"mr4rbha1dgtgvm90l34oqpr24d","acc":"v6hrwzMYhvXU","guid":127}
[2021-09-16 09:36:52.639][27460][INFO] [CMD:1001]{"token":"mr4rbha1dgtgvm90l34oqpr24d","acc":"v6hrwzMYhvXU"}
[2021-09-16 09:36:53.743][27460][INFO] [CMD:1019]{"token":"mr4rbha1dgtgvm90l34oqpr24d","acc":"v6hrwzMYhvXU","page":1}
[2021-09-16 09:36:54.778][27460][INFO] [CMD:1020]{"token":"mr4rbha1dgtgvm90l34oqpr24d","acc":"v6hrwzMYhvXU","guid":128}
[2021-09-16 09:36:54.789][27460][INFO] [CMD:1026]{"token":"mr4rbha1dgtgvm90l34oqpr24d","acc":"v6hrwzMYhvXU","guid":128}
[2021-09-16 09:36:54.983][27460][INFO] [CMD:1001]{"token":"mr4rbha1dgtgvm90l34oqpr24d","acc":"v6hrwzMYhvXU"}
[2021-09-16 09:36:55.410][27460][INFO] [CMD:1019]{"token":"mr4rbha1dgtgvm90l34oqpr24d","acc":"v6hrwzMYhvXU","page":1}
[2021-09-16 09:37:06.901][27460][INFO] [CMD:101][ACC:v6hrwzMYhvXU]
[2021-09-16 09:37:20.427][27460][INFO] [CMD:101][ACC:v6hrwzMYhvXU]
[2021-09-16 09:37:21.124][27460][INFO] [CMD:1021]{"token":"lgt0d8349d48i5umpefk61h7ka","acc":"v6hrwzMYhvXU"}
[2021-09-16 09:37:21.143][27460][INFO] [CMD:1025]{"token":"lgt0d8349d48i5umpefk61h7ka","acc":"v6hrwzMYhvXU"}
[2021-09-16 09:37:21.166][27460][INFO] [CMD:1028]{"token":"lgt0d8349d48i5umpefk61h7ka","acc":"v6hrwzMYhvXU"}
[2021-09-16 09:37:25.982][27460][INFO] [CMD:1023]{"token":"lgt0d8349d48i5umpefk61h7ka","acc":"v6hrwzMYhvXU"}
[2021-09-16 09:37:25.988][27460][INFO] [CMD:1001]{"token":"lgt0d8349d48i5umpefk61h7ka","acc":"v6hrwzMYhvXU"}
[2021-09-16 09:37:26.000][27460][INFO] [CMD:1011]{"token":"lgt0d8349d48i5umpefk61h7ka","acc":"v6hrwzMYhvXU"}
[2021-09-16 09:37:27.946][27460][INFO] [CMD:1019]{"token":"lgt0d8349d48i5umpefk61h7ka","acc":"v6hrwzMYhvXU","page":1}
[2021-09-16 09:37:28.695][27460][INFO] [CMD:1020]{"token":"lgt0d8349d48i5umpefk61h7ka","acc":"v6hrwzMYhvXU","guid":129}
[2021-09-16 09:37:28.718][27460][INFO] [CMD:1026]{"token":"lgt0d8349d48i5umpefk61h7ka","acc":"v6hrwzMYhvXU","guid":129}
[2021-09-16 09:37:28.886][27460][INFO] [CMD:1001]{"token":"lgt0d8349d48i5umpefk61h7ka","acc":"v6hrwzMYhvXU"}
[2021-09-16 09:37:29.635][27460][INFO] [CMD:1019]{"token":"lgt0d8349d48i5umpefk61h7ka","acc":"v6hrwzMYhvXU","page":1}
[2021-09-16 09:37:52.183][27460][INFO] [CMD:101][ACC:qI47Rc8XQBqq]
[2021-09-16 09:37:52.455][27460][INFO] [CMD:1025]{"token":"g0qdpu2aoonv7onvbp7r3b8672","acc":"qI47Rc8XQBqq"}
[2021-09-16 09:37:52.459][27460][INFO] [CMD:1021]{"token":"g0qdpu2aoonv7onvbp7r3b8672","acc":"qI47Rc8XQBqq"}
[2021-09-16 09:37:52.464][27460][INFO] [CMD:1028]{"token":"g0qdpu2aoonv7onvbp7r3b8672","acc":"qI47Rc8XQBqq"}
[2021-09-16 09:37:57.838][27460][INFO] [CMD:1023]{"token":"g0qdpu2aoonv7onvbp7r3b8672","acc":"qI47Rc8XQBqq"}
[2021-09-16 09:37:57.845][27460][INFO] [CMD:1011]{"token":"g0qdpu2aoonv7onvbp7r3b8672","acc":"qI47Rc8XQBqq"}
[2021-09-16 09:37:57.846][27460][INFO] [CMD:1001]{"token":"g0qdpu2aoonv7onvbp7r3b8672","acc":"qI47Rc8XQBqq"}
[2021-09-16 09:38:01.168][27460][INFO] [CMD:1019]{"token":"g0qdpu2aoonv7onvbp7r3b8672","acc":"qI47Rc8XQBqq","page":1}
[2021-09-16 09:38:02.536][27460][INFO] [CMD:1026]{"token":"g0qdpu2aoonv7onvbp7r3b8672","acc":"qI47Rc8XQBqq","guid":130}
[2021-09-16 09:38:02.538][27460][INFO] [CMD:1020]{"token":"g0qdpu2aoonv7onvbp7r3b8672","acc":"qI47Rc8XQBqq","guid":130}
[2021-09-16 09:38:02.741][27460][INFO] [CMD:1001]{"token":"g0qdpu2aoonv7onvbp7r3b8672","acc":"qI47Rc8XQBqq"}
[2021-09-16 09:38:03.592][27460][INFO] [CMD:1019]{"token":"g0qdpu2aoonv7onvbp7r3b8672","acc":"qI47Rc8XQBqq","page":1}
