[2021-09-22 09:14:02.378][3564][INFO] [CMD:101][ACC:v6hrwzMYhvXU]
[2021-09-22 09:14:02.725][3564][INFO] [CMD:1028]{"token":"mq1apid0crbu2mlfb8h8b6s2vi","acc":"v6hrwzMYhvXU"}
[2021-09-22 09:14:02.730][3564][INFO] [CMD:1025]{"token":"mq1apid0crbu2mlfb8h8b6s2vi","acc":"v6hrwzMYhvXU"}
[2021-09-22 09:14:02.760][3564][INFO] [CMD:1021]{"token":"mq1apid0crbu2mlfb8h8b6s2vi","acc":"v6hrwzMYhvXU"}
[2021-09-22 09:14:10.833][3564][INFO] [CMD:1001]{"token":"mq1apid0crbu2mlfb8h8b6s2vi","acc":"v6hrwzMYhvXU"}
[2021-09-22 09:14:10.842][3564][INFO] [CMD:1023]{"token":"mq1apid0crbu2mlfb8h8b6s2vi","acc":"v6hrwzMYhvXU"}
[2021-09-22 09:14:10.859][3564][INFO] [CMD:1011]{"token":"mq1apid0crbu2mlfb8h8b6s2vi","acc":"v6hrwzMYhvXU"}
[2021-09-22 09:14:31.113][3564][INFO] [CMD:1019]{"token":"mq1apid0crbu2mlfb8h8b6s2vi","acc":"v6hrwzMYhvXU","page":1}
[2021-09-22 09:14:32.276][3564][INFO] [CMD:1020]{"token":"mq1apid0crbu2mlfb8h8b6s2vi","acc":"v6hrwzMYhvXU","guid":132}
[2021-09-22 09:14:32.322][3564][INFO] [CMD:1026]{"token":"mq1apid0crbu2mlfb8h8b6s2vi","acc":"v6hrwzMYhvXU","guid":132}
[2021-09-22 09:14:32.483][3564][INFO] [CMD:1001]{"token":"mq1apid0crbu2mlfb8h8b6s2vi","acc":"v6hrwzMYhvXU"}
[2021-09-22 09:14:33.497][3564][INFO] [CMD:1019]{"token":"mq1apid0crbu2mlfb8h8b6s2vi","acc":"v6hrwzMYhvXU","page":1}
[2021-09-22 09:45:18.196][3564][INFO] [CMD:101][ACC:QmApGOph0KbE]
[2021-09-22 09:45:49.584][3564][INFO] [CMD:101][ACC:v6hrwzMYhvXU]
[2021-09-22 09:45:49.829][3564][INFO] [CMD:1025]{"token":"ef9e4p9shrmfomeohd9t3vbl12","acc":"v6hrwzMYhvXU"}
[2021-09-22 09:45:49.836][3564][INFO] [CMD:1028]{"token":"ef9e4p9shrmfomeohd9t3vbl12","acc":"v6hrwzMYhvXU"}
[2021-09-22 09:45:49.843][3564][INFO] [CMD:1021]{"token":"ef9e4p9shrmfomeohd9t3vbl12","acc":"v6hrwzMYhvXU"}
[2021-09-22 09:45:54.908][3564][INFO] [CMD:1023]{"token":"ef9e4p9shrmfomeohd9t3vbl12","acc":"v6hrwzMYhvXU"}
[2021-09-22 09:45:54.908][3564][INFO] [CMD:1001]{"token":"ef9e4p9shrmfomeohd9t3vbl12","acc":"v6hrwzMYhvXU"}
[2021-09-22 09:45:54.910][3564][INFO] [CMD:1011]{"token":"ef9e4p9shrmfomeohd9t3vbl12","acc":"v6hrwzMYhvXU"}
[2021-09-22 09:47:40.716][3564][INFO] [CMD:101][ACC:v6hrwzMYhvXU]
[2021-09-22 09:47:40.854][3564][INFO] [CMD:1025]{"token":"c5terb3g251v8hq2j841fir1c1","acc":"v6hrwzMYhvXU"}
[2021-09-22 09:47:40.869][3564][INFO] [CMD:1028]{"token":"c5terb3g251v8hq2j841fir1c1","acc":"v6hrwzMYhvXU"}
[2021-09-22 09:47:40.873][3564][INFO] [CMD:1021]{"token":"c5terb3g251v8hq2j841fir1c1","acc":"v6hrwzMYhvXU"}
[2021-09-22 09:47:45.791][3564][INFO] [CMD:1011]{"token":"c5terb3g251v8hq2j841fir1c1","acc":"v6hrwzMYhvXU"}
[2021-09-22 09:47:45.810][3564][INFO] [CMD:1023]{"token":"c5terb3g251v8hq2j841fir1c1","acc":"v6hrwzMYhvXU"}
[2021-09-22 09:47:45.810][3564][INFO] [CMD:1001]{"token":"c5terb3g251v8hq2j841fir1c1","acc":"v6hrwzMYhvXU"}
[2021-09-22 10:10:07.959][3564][INFO] [CMD:101][ACC:v6hrwzMYhvXU]
[2021-09-22 10:10:08.103][3564][INFO] [CMD:1025]{"token":"8cvl01tidfdgkvuafu7r1i8b6n","acc":"v6hrwzMYhvXU"}
[2021-09-22 10:10:08.123][3564][INFO] [CMD:1021]{"token":"8cvl01tidfdgkvuafu7r1i8b6n","acc":"v6hrwzMYhvXU"}
[2021-09-22 10:10:08.125][3564][INFO] [CMD:1028]{"token":"8cvl01tidfdgkvuafu7r1i8b6n","acc":"v6hrwzMYhvXU"}
[2021-09-22 10:10:13.099][3564][INFO] [CMD:1011]{"token":"8cvl01tidfdgkvuafu7r1i8b6n","acc":"v6hrwzMYhvXU"}
[2021-09-22 10:10:13.100][3564][INFO] [CMD:1001]{"token":"8cvl01tidfdgkvuafu7r1i8b6n","acc":"v6hrwzMYhvXU"}
[2021-09-22 10:10:13.114][3564][INFO] [CMD:1023]{"token":"8cvl01tidfdgkvuafu7r1i8b6n","acc":"v6hrwzMYhvXU"}
[2021-09-22 10:11:21.062][3564][INFO] [CMD:101][ACC:v6hrwzMYhvXU]
[2021-09-22 10:11:21.595][3564][INFO] [CMD:1025]{"token":"ntgt303brgsnavfv7nnkiv9oph","acc":"v6hrwzMYhvXU"}
[2021-09-22 10:11:21.626][3564][INFO] [CMD:1021]{"token":"ntgt303brgsnavfv7nnkiv9oph","acc":"v6hrwzMYhvXU"}
[2021-09-22 10:11:21.626][3564][INFO] [CMD:1028]{"token":"ntgt303brgsnavfv7nnkiv9oph","acc":"v6hrwzMYhvXU"}
[2021-09-22 10:11:28.106][3564][INFO] [CMD:1001]{"token":"ntgt303brgsnavfv7nnkiv9oph","acc":"v6hrwzMYhvXU"}
[2021-09-22 10:11:28.109][3564][INFO] [CMD:1011]{"token":"ntgt303brgsnavfv7nnkiv9oph","acc":"v6hrwzMYhvXU"}
[2021-09-22 10:11:28.114][3564][INFO] [CMD:1023]{"token":"ntgt303brgsnavfv7nnkiv9oph","acc":"v6hrwzMYhvXU"}
[2021-09-22 10:11:31.716][3564][INFO] [CMD:1045]{"token":"ntgt303brgsnavfv7nnkiv9oph","acc":"v6hrwzMYhvXU","missionId":2,"missionType":1,"count":1}
[2021-09-22 10:11:39.641][3564][INFO] [CMD:1011]{"token":"ntgt303brgsnavfv7nnkiv9oph","acc":"v6hrwzMYhvXU"}
[2021-09-22 10:11:39.650][3564][INFO] [CMD:1001]{"token":"ntgt303brgsnavfv7nnkiv9oph","acc":"v6hrwzMYhvXU"}
[2021-09-22 10:11:46.064][3564][INFO] [CMD:1011]{"token":"ntgt303brgsnavfv7nnkiv9oph","acc":"v6hrwzMYhvXU"}
[2021-09-22 10:11:46.086][3564][INFO] [CMD:1001]{"token":"ntgt303brgsnavfv7nnkiv9oph","acc":"v6hrwzMYhvXU"}
[2021-09-22 10:13:52.126][3564][INFO] [CMD:101][ACC:v6hrwzMYhvXU]
[2021-09-22 10:13:52.357][3564][INFO] [CMD:1028]{"token":"55kc08imfupagan7kg0ap7j5rt","acc":"v6hrwzMYhvXU"}
[2021-09-22 10:13:52.386][3564][INFO] [CMD:1025]{"token":"55kc08imfupagan7kg0ap7j5rt","acc":"v6hrwzMYhvXU"}
[2021-09-22 10:13:52.387][3564][INFO] [CMD:1021]{"token":"55kc08imfupagan7kg0ap7j5rt","acc":"v6hrwzMYhvXU"}
[2021-09-22 10:14:00.699][3564][INFO] [CMD:1023]{"token":"55kc08imfupagan7kg0ap7j5rt","acc":"v6hrwzMYhvXU"}
[2021-09-22 10:14:00.699][3564][INFO] [CMD:1011]{"token":"55kc08imfupagan7kg0ap7j5rt","acc":"v6hrwzMYhvXU"}
[2021-09-22 10:14:00.708][3564][INFO] [CMD:1001]{"token":"55kc08imfupagan7kg0ap7j5rt","acc":"v6hrwzMYhvXU"}
[2021-09-22 10:44:08.595][3564][INFO] [CMD:101][ACC:v6hrwzMYhvXU]
[2021-09-22 10:44:08.793][3564][INFO] [CMD:1025]{"token":"3grdjursu5mdi5j6uire0haohb","acc":"v6hrwzMYhvXU"}
[2021-09-22 10:44:08.794][3564][INFO] [CMD:1021]{"token":"3grdjursu5mdi5j6uire0haohb","acc":"v6hrwzMYhvXU"}
[2021-09-22 10:44:08.794][3564][INFO] [CMD:1028]{"token":"3grdjursu5mdi5j6uire0haohb","acc":"v6hrwzMYhvXU"}
[2021-09-22 10:44:20.857][3564][INFO] [CMD:1011]{"token":"3grdjursu5mdi5j6uire0haohb","acc":"v6hrwzMYhvXU"}
[2021-09-22 10:44:20.859][3564][INFO] [CMD:1023]{"token":"3grdjursu5mdi5j6uire0haohb","acc":"v6hrwzMYhvXU"}
[2021-09-22 10:44:20.874][3564][INFO] [CMD:1001]{"token":"3grdjursu5mdi5j6uire0haohb","acc":"v6hrwzMYhvXU"}
[2021-09-22 10:44:48.467][3564][INFO] [CMD:101][ACC:v6hrwzMYhvXU]
[2021-09-22 10:44:48.634][3564][INFO] [CMD:1025]{"token":"dep7sn7fqohakhn3kdqtu5f8r6","acc":"v6hrwzMYhvXU"}
[2021-09-22 10:44:48.651][3564][INFO] [CMD:1028]{"token":"dep7sn7fqohakhn3kdqtu5f8r6","acc":"v6hrwzMYhvXU"}
[2021-09-22 10:44:48.654][3564][INFO] [CMD:1021]{"token":"dep7sn7fqohakhn3kdqtu5f8r6","acc":"v6hrwzMYhvXU"}
[2021-09-22 10:44:57.189][3564][INFO] [CMD:1001]{"token":"dep7sn7fqohakhn3kdqtu5f8r6","acc":"v6hrwzMYhvXU"}
[2021-09-22 10:44:57.206][3564][INFO] [CMD:1011]{"token":"dep7sn7fqohakhn3kdqtu5f8r6","acc":"v6hrwzMYhvXU"}
[2021-09-22 10:44:57.208][3564][INFO] [CMD:1023]{"token":"dep7sn7fqohakhn3kdqtu5f8r6","acc":"v6hrwzMYhvXU"}
[2021-09-22 10:48:04.536][3564][INFO] [CMD:101][ACC:v6hrwzMYhvXU]
[2021-09-22 10:48:04.731][3564][INFO] [CMD:1021]{"token":"26kd1953hkar2nu4lgm987b3vq","acc":"v6hrwzMYhvXU"}
[2021-09-22 10:48:04.739][3564][INFO] [CMD:1025]{"token":"26kd1953hkar2nu4lgm987b3vq","acc":"v6hrwzMYhvXU"}
[2021-09-22 10:48:04.754][3564][INFO] [CMD:1028]{"token":"26kd1953hkar2nu4lgm987b3vq","acc":"v6hrwzMYhvXU"}
[2021-09-22 10:48:10.079][3564][INFO] [CMD:1023]{"token":"26kd1953hkar2nu4lgm987b3vq","acc":"v6hrwzMYhvXU"}
[2021-09-22 10:48:10.086][3564][INFO] [CMD:1001]{"token":"26kd1953hkar2nu4lgm987b3vq","acc":"v6hrwzMYhvXU"}
[2021-09-22 10:48:10.111][3564][INFO] [CMD:1011]{"token":"26kd1953hkar2nu4lgm987b3vq","acc":"v6hrwzMYhvXU"}
[2021-09-22 11:13:51.776][3564][INFO] [CMD:101][ACC:v6hrwzMYhvXU]
[2021-09-22 11:13:51.931][3564][INFO] [CMD:1028]{"token":"k07dlf7128erjb2ehnkqedn0sp","acc":"v6hrwzMYhvXU"}
[2021-09-22 11:13:51.933][3564][INFO] [CMD:1025]{"token":"k07dlf7128erjb2ehnkqedn0sp","acc":"v6hrwzMYhvXU"}
[2021-09-22 11:13:52.002][3564][INFO] [CMD:1021]{"token":"k07dlf7128erjb2ehnkqedn0sp","acc":"v6hrwzMYhvXU"}
[2021-09-22 11:13:57.112][3564][INFO] [CMD:1001]{"token":"k07dlf7128erjb2ehnkqedn0sp","acc":"v6hrwzMYhvXU"}
[2021-09-22 11:13:57.112][3564][INFO] [CMD:1011]{"token":"k07dlf7128erjb2ehnkqedn0sp","acc":"v6hrwzMYhvXU"}
[2021-09-22 11:13:57.112][3564][INFO] [CMD:1023]{"token":"k07dlf7128erjb2ehnkqedn0sp","acc":"v6hrwzMYhvXU"}
[2021-09-22 11:16:01.785][3564][INFO] [CMD:101][ACC:v6hrwzMYhvXU]
[2021-09-22 11:16:01.968][3564][INFO] [CMD:1021]{"token":"7vjk612if4vkmvj915i7210lr3","acc":"v6hrwzMYhvXU"}
[2021-09-22 11:16:01.984][3564][INFO] [CMD:1025]{"token":"7vjk612if4vkmvj915i7210lr3","acc":"v6hrwzMYhvXU"}
[2021-09-22 11:16:02.001][3564][INFO] [CMD:1028]{"token":"7vjk612if4vkmvj915i7210lr3","acc":"v6hrwzMYhvXU"}
[2021-09-22 11:16:07.060][3564][INFO] [CMD:1011]{"token":"7vjk612if4vkmvj915i7210lr3","acc":"v6hrwzMYhvXU"}
[2021-09-22 11:16:07.061][3564][INFO] [CMD:1001]{"token":"7vjk612if4vkmvj915i7210lr3","acc":"v6hrwzMYhvXU"}
[2021-09-22 11:16:07.062][3564][INFO] [CMD:1023]{"token":"7vjk612if4vkmvj915i7210lr3","acc":"v6hrwzMYhvXU"}
[2021-09-22 11:17:13.317][3564][INFO] [CMD:101][ACC:v6hrwzMYhvXU]
[2021-09-22 11:17:13.456][3564][INFO] [CMD:1028]{"token":"h339n2dnci0ku2ds6m47575ahf","acc":"v6hrwzMYhvXU"}
[2021-09-22 11:17:13.461][3564][INFO] [CMD:1025]{"token":"h339n2dnci0ku2ds6m47575ahf","acc":"v6hrwzMYhvXU"}
[2021-09-22 11:17:13.478][3564][INFO] [CMD:1021]{"token":"h339n2dnci0ku2ds6m47575ahf","acc":"v6hrwzMYhvXU"}
[2021-09-22 11:17:18.508][3564][INFO] [CMD:1001]{"token":"h339n2dnci0ku2ds6m47575ahf","acc":"v6hrwzMYhvXU"}
[2021-09-22 11:17:18.512][3564][INFO] [CMD:1011]{"token":"h339n2dnci0ku2ds6m47575ahf","acc":"v6hrwzMYhvXU"}
[2021-09-22 11:17:18.527][3564][INFO] [CMD:1023]{"token":"h339n2dnci0ku2ds6m47575ahf","acc":"v6hrwzMYhvXU"}
[2021-09-22 11:18:32.816][3564][INFO] [CMD:101][ACC:v6hrwzMYhvXU]
[2021-09-22 11:18:32.972][3564][INFO] [CMD:1021]{"token":"97ohaerntf5kv12ic9rg60pdqd","acc":"v6hrwzMYhvXU"}
[2021-09-22 11:18:32.977][3564][INFO] [CMD:1028]{"token":"97ohaerntf5kv12ic9rg60pdqd","acc":"v6hrwzMYhvXU"}
[2021-09-22 11:18:32.979][3564][INFO] [CMD:1025]{"token":"97ohaerntf5kv12ic9rg60pdqd","acc":"v6hrwzMYhvXU"}
[2021-09-22 11:18:37.672][3564][INFO] [CMD:1023]{"token":"97ohaerntf5kv12ic9rg60pdqd","acc":"v6hrwzMYhvXU"}
[2021-09-22 11:18:37.674][3564][INFO] [CMD:1001]{"token":"97ohaerntf5kv12ic9rg60pdqd","acc":"v6hrwzMYhvXU"}
[2021-09-22 11:18:37.674][3564][INFO] [CMD:1011]{"token":"97ohaerntf5kv12ic9rg60pdqd","acc":"v6hrwzMYhvXU"}
[2021-09-22 11:19:01.603][3564][INFO] [CMD:1001]{"token":"97ohaerntf5kv12ic9rg60pdqd","acc":"v6hrwzMYhvXU"}
[2021-09-22 11:19:01.633][3564][INFO] [CMD:1011]{"token":"97ohaerntf5kv12ic9rg60pdqd","acc":"v6hrwzMYhvXU"}
[2021-09-22 11:29:17.437][3564][INFO] [CMD:101][ACC:v6hrwzMYhvXU]
[2021-09-22 11:29:17.630][3564][INFO] [CMD:1025]{"token":"a0dc6q9uh59uachtk62032ul8q","acc":"v6hrwzMYhvXU"}
[2021-09-22 11:29:17.633][3564][INFO] [CMD:1028]{"token":"a0dc6q9uh59uachtk62032ul8q","acc":"v6hrwzMYhvXU"}
[2021-09-22 11:29:17.637][3564][INFO] [CMD:1021]{"token":"a0dc6q9uh59uachtk62032ul8q","acc":"v6hrwzMYhvXU"}
[2021-09-22 11:29:24.330][3564][INFO] [CMD:1023]{"token":"a0dc6q9uh59uachtk62032ul8q","acc":"v6hrwzMYhvXU"}
[2021-09-22 11:29:24.335][3564][INFO] [CMD:1011]{"token":"a0dc6q9uh59uachtk62032ul8q","acc":"v6hrwzMYhvXU"}
[2021-09-22 11:29:24.340][3564][INFO] [CMD:1001]{"token":"a0dc6q9uh59uachtk62032ul8q","acc":"v6hrwzMYhvXU"}
[2021-09-22 11:29:28.777][3564][INFO] [CMD:1011]{"token":"a0dc6q9uh59uachtk62032ul8q","acc":"v6hrwzMYhvXU"}
[2021-09-22 13:28:32.797][3564][INFO] [CMD:101][ACC:v6hrwzMYhvXU]
[2021-09-22 13:28:32.939][3564][INFO] [CMD:1025]{"token":"nclq9pcn2c0t5c5i8n6baukio9","acc":"v6hrwzMYhvXU"}
[2021-09-22 13:28:32.976][3564][INFO] [CMD:1021]{"token":"nclq9pcn2c0t5c5i8n6baukio9","acc":"v6hrwzMYhvXU"}
[2021-09-22 13:28:32.991][3564][INFO] [CMD:1028]{"token":"nclq9pcn2c0t5c5i8n6baukio9","acc":"v6hrwzMYhvXU"}
[2021-09-22 13:28:39.774][3564][INFO] [CMD:1023]{"token":"nclq9pcn2c0t5c5i8n6baukio9","acc":"v6hrwzMYhvXU"}
[2021-09-22 13:28:39.783][3564][INFO] [CMD:1001]{"token":"nclq9pcn2c0t5c5i8n6baukio9","acc":"v6hrwzMYhvXU"}
[2021-09-22 13:28:39.793][3564][INFO] [CMD:1011]{"token":"nclq9pcn2c0t5c5i8n6baukio9","acc":"v6hrwzMYhvXU"}
[2021-09-22 13:30:12.783][3564][INFO] [CMD:101][ACC:v6hrwzMYhvXU]
[2021-09-22 13:30:13.155][3564][INFO] [CMD:1025]{"token":"ormnscjafkbo0gso176q5sq1o2","acc":"v6hrwzMYhvXU"}
[2021-09-22 13:30:13.168][3564][INFO] [CMD:1021]{"token":"ormnscjafkbo0gso176q5sq1o2","acc":"v6hrwzMYhvXU"}
[2021-09-22 13:30:13.172][3564][INFO] [CMD:1028]{"token":"ormnscjafkbo0gso176q5sq1o2","acc":"v6hrwzMYhvXU"}
[2021-09-22 13:30:18.161][3564][INFO] [CMD:1023]{"token":"ormnscjafkbo0gso176q5sq1o2","acc":"v6hrwzMYhvXU"}
[2021-09-22 13:30:18.164][3564][INFO] [CMD:1011]{"token":"ormnscjafkbo0gso176q5sq1o2","acc":"v6hrwzMYhvXU"}
[2021-09-22 13:30:18.167][3564][INFO] [CMD:1001]{"token":"ormnscjafkbo0gso176q5sq1o2","acc":"v6hrwzMYhvXU"}
[2021-09-22 13:31:58.676][3564][INFO] [CMD:101][ACC:v6hrwzMYhvXU]
[2021-09-22 13:31:59.455][3564][INFO] [CMD:1025]{"token":"smnr0chsmgfkvnu4jmac5itub9","acc":"v6hrwzMYhvXU"}
[2021-09-22 13:31:59.456][3564][INFO] [CMD:1021]{"token":"smnr0chsmgfkvnu4jmac5itub9","acc":"v6hrwzMYhvXU"}
[2021-09-22 13:31:59.489][3564][INFO] [CMD:1028]{"token":"smnr0chsmgfkvnu4jmac5itub9","acc":"v6hrwzMYhvXU"}
[2021-09-22 13:32:04.578][3564][INFO] [CMD:1023]{"token":"smnr0chsmgfkvnu4jmac5itub9","acc":"v6hrwzMYhvXU"}
[2021-09-22 13:32:04.579][3564][INFO] [CMD:1011]{"token":"smnr0chsmgfkvnu4jmac5itub9","acc":"v6hrwzMYhvXU"}
[2021-09-22 13:32:04.593][3564][INFO] [CMD:1001]{"token":"smnr0chsmgfkvnu4jmac5itub9","acc":"v6hrwzMYhvXU"}
[2021-09-22 13:32:06.026][3564][INFO] [CMD:1024]{"token":"smnr0chsmgfkvnu4jmac5itub9","acc":"v6hrwzMYhvXU","guid":1}
[2021-09-22 13:33:19.953][3564][INFO] [CMD:101][ACC:v6hrwzMYhvXU]
[2021-09-22 13:33:20.402][3564][INFO] [CMD:1021]{"token":"g7hqfteghhug4jnhg4ji9kgjk8","acc":"v6hrwzMYhvXU"}
[2021-09-22 13:33:20.402][3564][INFO] [CMD:1025]{"token":"g7hqfteghhug4jnhg4ji9kgjk8","acc":"v6hrwzMYhvXU"}
[2021-09-22 13:33:20.439][3564][INFO] [CMD:1028]{"token":"g7hqfteghhug4jnhg4ji9kgjk8","acc":"v6hrwzMYhvXU"}
[2021-09-22 13:33:28.237][3564][INFO] [CMD:1023]{"token":"g7hqfteghhug4jnhg4ji9kgjk8","acc":"v6hrwzMYhvXU"}
[2021-09-22 13:33:28.241][3564][INFO] [CMD:1001]{"token":"g7hqfteghhug4jnhg4ji9kgjk8","acc":"v6hrwzMYhvXU"}
[2021-09-22 13:33:28.242][3564][INFO] [CMD:1011]{"token":"g7hqfteghhug4jnhg4ji9kgjk8","acc":"v6hrwzMYhvXU"}
[2021-09-22 13:35:07.840][3564][INFO] [CMD:101][ACC:v6hrwzMYhvXU]
[2021-09-22 13:35:08.027][3564][INFO] [CMD:1025]{"token":"u9d7vs29qoru2d99gieilte54v","acc":"v6hrwzMYhvXU"}
[2021-09-22 13:35:08.064][3564][INFO] [CMD:1021]{"token":"u9d7vs29qoru2d99gieilte54v","acc":"v6hrwzMYhvXU"}
[2021-09-22 13:35:08.064][3564][INFO] [CMD:1028]{"token":"u9d7vs29qoru2d99gieilte54v","acc":"v6hrwzMYhvXU"}
[2021-09-22 13:35:15.430][3564][INFO] [CMD:1001]{"token":"u9d7vs29qoru2d99gieilte54v","acc":"v6hrwzMYhvXU"}
[2021-09-22 13:35:15.430][3564][INFO] [CMD:1011]{"token":"u9d7vs29qoru2d99gieilte54v","acc":"v6hrwzMYhvXU"}
[2021-09-22 13:35:15.437][3564][INFO] [CMD:1023]{"token":"u9d7vs29qoru2d99gieilte54v","acc":"v6hrwzMYhvXU"}
[2021-09-22 13:36:02.291][3564][INFO] [CMD:101][ACC:v6hrwzMYhvXU]
[2021-09-22 13:36:02.523][3564][INFO] [CMD:1025]{"token":"avt81pu9l90rthtlhv8s7h04ki","acc":"v6hrwzMYhvXU"}
[2021-09-22 13:36:02.540][3564][INFO] [CMD:1021]{"token":"avt81pu9l90rthtlhv8s7h04ki","acc":"v6hrwzMYhvXU"}
[2021-09-22 13:36:02.553][3564][INFO] [CMD:1028]{"token":"avt81pu9l90rthtlhv8s7h04ki","acc":"v6hrwzMYhvXU"}
[2021-09-22 13:36:10.560][3564][INFO] [CMD:1023]{"token":"avt81pu9l90rthtlhv8s7h04ki","acc":"v6hrwzMYhvXU"}
[2021-09-22 13:36:10.566][3564][INFO] [CMD:1011]{"token":"avt81pu9l90rthtlhv8s7h04ki","acc":"v6hrwzMYhvXU"}
[2021-09-22 13:36:10.568][3564][INFO] [CMD:1001]{"token":"avt81pu9l90rthtlhv8s7h04ki","acc":"v6hrwzMYhvXU"}
[2021-09-22 13:36:35.965][3564][INFO] [CMD:101][ACC:v6hrwzMYhvXU]
[2021-09-22 13:36:36.273][3564][INFO] [CMD:1028]{"token":"bcd0o67ttl5588c2u81lh3gsvd","acc":"v6hrwzMYhvXU"}
[2021-09-22 13:36:36.289][3564][INFO] [CMD:1025]{"token":"bcd0o67ttl5588c2u81lh3gsvd","acc":"v6hrwzMYhvXU"}
[2021-09-22 13:36:36.289][3564][INFO] [CMD:1021]{"token":"bcd0o67ttl5588c2u81lh3gsvd","acc":"v6hrwzMYhvXU"}
[2021-09-22 13:36:43.959][3564][INFO] [CMD:1001]{"token":"bcd0o67ttl5588c2u81lh3gsvd","acc":"v6hrwzMYhvXU"}
[2021-09-22 13:36:43.969][3564][INFO] [CMD:1023]{"token":"bcd0o67ttl5588c2u81lh3gsvd","acc":"v6hrwzMYhvXU"}
[2021-09-22 13:36:43.972][3564][INFO] [CMD:1011]{"token":"bcd0o67ttl5588c2u81lh3gsvd","acc":"v6hrwzMYhvXU"}
[2021-09-22 13:37:49.122][3564][INFO] [CMD:101][ACC:v6hrwzMYhvXU]
[2021-09-22 13:37:49.358][3564][INFO] [CMD:1021]{"token":"8mtqkjdcu68qkm4mt8n2emnnca","acc":"v6hrwzMYhvXU"}
[2021-09-22 13:37:49.390][3564][INFO] [CMD:1025]{"token":"8mtqkjdcu68qkm4mt8n2emnnca","acc":"v6hrwzMYhvXU"}
[2021-09-22 13:37:49.390][3564][INFO] [CMD:1028]{"token":"8mtqkjdcu68qkm4mt8n2emnnca","acc":"v6hrwzMYhvXU"}
[2021-09-22 13:37:59.138][3564][INFO] [CMD:1001]{"token":"8mtqkjdcu68qkm4mt8n2emnnca","acc":"v6hrwzMYhvXU"}
[2021-09-22 13:37:59.147][3564][INFO] [CMD:1011]{"token":"8mtqkjdcu68qkm4mt8n2emnnca","acc":"v6hrwzMYhvXU"}
[2021-09-22 13:37:59.165][3564][INFO] [CMD:1023]{"token":"8mtqkjdcu68qkm4mt8n2emnnca","acc":"v6hrwzMYhvXU"}
[2021-09-22 13:38:47.576][3564][INFO] [CMD:101][ACC:v6hrwzMYhvXU]
[2021-09-22 13:38:47.800][3564][INFO] [CMD:1025]{"token":"69ehsinnig29tju895vl77m4k7","acc":"v6hrwzMYhvXU"}
[2021-09-22 13:38:47.814][3564][INFO] [CMD:1021]{"token":"69ehsinnig29tju895vl77m4k7","acc":"v6hrwzMYhvXU"}
[2021-09-22 13:38:47.821][3564][INFO] [CMD:1028]{"token":"69ehsinnig29tju895vl77m4k7","acc":"v6hrwzMYhvXU"}
[2021-09-22 13:38:52.852][3564][INFO] [CMD:1001]{"token":"69ehsinnig29tju895vl77m4k7","acc":"v6hrwzMYhvXU"}
[2021-09-22 13:38:52.858][3564][INFO] [CMD:1011]{"token":"69ehsinnig29tju895vl77m4k7","acc":"v6hrwzMYhvXU"}
[2021-09-22 13:38:52.860][3564][INFO] [CMD:1023]{"token":"69ehsinnig29tju895vl77m4k7","acc":"v6hrwzMYhvXU"}
[2021-09-22 13:41:09.435][3564][INFO] [CMD:101][ACC:v6hrwzMYhvXU]
[2021-09-22 13:41:09.624][3564][INFO] [CMD:1025]{"token":"g1rq8sleeunob8n65ggp5hoc9o","acc":"v6hrwzMYhvXU"}
[2021-09-22 13:41:09.628][3564][INFO] [CMD:1021]{"token":"g1rq8sleeunob8n65ggp5hoc9o","acc":"v6hrwzMYhvXU"}
[2021-09-22 13:41:09.658][3564][INFO] [CMD:1028]{"token":"g1rq8sleeunob8n65ggp5hoc9o","acc":"v6hrwzMYhvXU"}
[2021-09-22 13:41:14.854][3564][INFO] [CMD:1023]{"token":"g1rq8sleeunob8n65ggp5hoc9o","acc":"v6hrwzMYhvXU"}
[2021-09-22 13:41:14.864][3564][INFO] [CMD:1001]{"token":"g1rq8sleeunob8n65ggp5hoc9o","acc":"v6hrwzMYhvXU"}
[2021-09-22 13:41:14.864][3564][INFO] [CMD:1011]{"token":"g1rq8sleeunob8n65ggp5hoc9o","acc":"v6hrwzMYhvXU"}
[2021-09-22 14:08:41.484][3564][INFO] [CMD:101][ACC:v6hrwzMYhvXU]
[2021-09-22 14:08:41.669][3564][INFO] [CMD:1025]{"token":"c64aj85lc76c73h99kfmhpu0da","acc":"v6hrwzMYhvXU"}
[2021-09-22 14:08:41.683][3564][INFO] [CMD:1021]{"token":"c64aj85lc76c73h99kfmhpu0da","acc":"v6hrwzMYhvXU"}
[2021-09-22 14:08:41.702][3564][INFO] [CMD:1028]{"token":"c64aj85lc76c73h99kfmhpu0da","acc":"v6hrwzMYhvXU"}
[2021-09-22 14:08:49.152][3564][INFO] [CMD:1001]{"token":"c64aj85lc76c73h99kfmhpu0da","acc":"v6hrwzMYhvXU"}
[2021-09-22 14:08:49.154][3564][INFO] [CMD:1011]{"token":"c64aj85lc76c73h99kfmhpu0da","acc":"v6hrwzMYhvXU"}
[2021-09-22 14:08:49.154][3564][INFO] [CMD:1023]{"token":"c64aj85lc76c73h99kfmhpu0da","acc":"v6hrwzMYhvXU"}
[2021-09-22 14:09:24.508][3564][INFO] [CMD:101][ACC:v6hrwzMYhvXU]
[2021-09-22 14:09:24.815][3564][INFO] [CMD:1025]{"token":"vfnrivfjbusqd7dsl8eb2ubgjb","acc":"v6hrwzMYhvXU"}
[2021-09-22 14:09:24.825][3564][INFO] [CMD:1021]{"token":"vfnrivfjbusqd7dsl8eb2ubgjb","acc":"v6hrwzMYhvXU"}
[2021-09-22 14:09:24.831][3564][INFO] [CMD:1028]{"token":"vfnrivfjbusqd7dsl8eb2ubgjb","acc":"v6hrwzMYhvXU"}
[2021-09-22 14:09:29.800][3564][INFO] [CMD:1023]{"token":"vfnrivfjbusqd7dsl8eb2ubgjb","acc":"v6hrwzMYhvXU"}
[2021-09-22 14:09:29.801][3564][INFO] [CMD:1001]{"token":"vfnrivfjbusqd7dsl8eb2ubgjb","acc":"v6hrwzMYhvXU"}
[2021-09-22 14:09:29.801][3564][INFO] [CMD:1011]{"token":"vfnrivfjbusqd7dsl8eb2ubgjb","acc":"v6hrwzMYhvXU"}
[2021-09-22 14:10:29.406][3564][INFO] [CMD:101][ACC:v6hrwzMYhvXU]
[2021-09-22 14:10:29.575][3564][INFO] [CMD:1025]{"token":"14m5a8eiujgtk4njpc8uc27jtq","acc":"v6hrwzMYhvXU"}
[2021-09-22 14:10:29.589][3564][INFO] [CMD:1028]{"token":"14m5a8eiujgtk4njpc8uc27jtq","acc":"v6hrwzMYhvXU"}
[2021-09-22 14:10:29.616][3564][INFO] [CMD:1021]{"token":"14m5a8eiujgtk4njpc8uc27jtq","acc":"v6hrwzMYhvXU"}
[2021-09-22 14:10:34.990][3564][INFO] [CMD:1023]{"token":"14m5a8eiujgtk4njpc8uc27jtq","acc":"v6hrwzMYhvXU"}
[2021-09-22 14:10:35.001][3564][INFO] [CMD:1001]{"token":"14m5a8eiujgtk4njpc8uc27jtq","acc":"v6hrwzMYhvXU"}
[2021-09-22 14:10:35.002][3564][INFO] [CMD:1011]{"token":"14m5a8eiujgtk4njpc8uc27jtq","acc":"v6hrwzMYhvXU"}
[2021-09-22 14:11:22.613][3564][INFO] [CMD:101][ACC:v6hrwzMYhvXU]
[2021-09-22 14:11:22.760][3564][INFO] [CMD:1025]{"token":"ik0robkv7p3q6g5gnssb1fus7n","acc":"v6hrwzMYhvXU"}
[2021-09-22 14:11:22.783][3564][INFO] [CMD:1028]{"token":"ik0robkv7p3q6g5gnssb1fus7n","acc":"v6hrwzMYhvXU"}
[2021-09-22 14:11:22.808][3564][INFO] [CMD:1021]{"token":"ik0robkv7p3q6g5gnssb1fus7n","acc":"v6hrwzMYhvXU"}
[2021-09-22 14:11:28.631][3564][INFO] [CMD:1001]{"token":"ik0robkv7p3q6g5gnssb1fus7n","acc":"v6hrwzMYhvXU"}
[2021-09-22 14:11:28.631][3564][INFO] [CMD:1023]{"token":"ik0robkv7p3q6g5gnssb1fus7n","acc":"v6hrwzMYhvXU"}
[2021-09-22 14:11:28.642][3564][INFO] [CMD:1011]{"token":"ik0robkv7p3q6g5gnssb1fus7n","acc":"v6hrwzMYhvXU"}
[2021-09-22 14:13:36.015][3564][INFO] [CMD:101][ACC:v6hrwzMYhvXU]
[2021-09-22 14:13:36.375][3564][INFO] [CMD:1025]{"token":"k36e0aejo9kidmlm94t1ii95dp","acc":"v6hrwzMYhvXU"}
[2021-09-22 14:13:36.388][3564][INFO] [CMD:1028]{"token":"k36e0aejo9kidmlm94t1ii95dp","acc":"v6hrwzMYhvXU"}
[2021-09-22 14:13:36.399][3564][INFO] [CMD:1021]{"token":"k36e0aejo9kidmlm94t1ii95dp","acc":"v6hrwzMYhvXU"}
[2021-09-22 14:13:41.469][3564][INFO] [CMD:1001]{"token":"k36e0aejo9kidmlm94t1ii95dp","acc":"v6hrwzMYhvXU"}
[2021-09-22 14:13:41.469][3564][INFO] [CMD:1011]{"token":"k36e0aejo9kidmlm94t1ii95dp","acc":"v6hrwzMYhvXU"}
[2021-09-22 14:13:41.474][3564][INFO] [CMD:1023]{"token":"k36e0aejo9kidmlm94t1ii95dp","acc":"v6hrwzMYhvXU"}
[2021-09-22 14:21:09.469][3564][INFO] [CMD:101][ACC:v6hrwzMYhvXU]
[2021-09-22 14:21:09.613][3564][INFO] [CMD:1025]{"token":"udq6g1g67le0qibselp9b0td9n","acc":"v6hrwzMYhvXU"}
[2021-09-22 14:21:09.627][3564][INFO] [CMD:1028]{"token":"udq6g1g67le0qibselp9b0td9n","acc":"v6hrwzMYhvXU"}
[2021-09-22 14:21:09.631][3564][INFO] [CMD:1021]{"token":"udq6g1g67le0qibselp9b0td9n","acc":"v6hrwzMYhvXU"}
[2021-09-22 14:21:15.648][3564][INFO] [CMD:1023]{"token":"udq6g1g67le0qibselp9b0td9n","acc":"v6hrwzMYhvXU"}
[2021-09-22 14:21:15.680][3564][INFO] [CMD:1011]{"token":"udq6g1g67le0qibselp9b0td9n","acc":"v6hrwzMYhvXU"}
[2021-09-22 14:21:15.680][3564][INFO] [CMD:1001]{"token":"udq6g1g67le0qibselp9b0td9n","acc":"v6hrwzMYhvXU"}
[2021-09-22 14:32:48.241][3564][INFO] [CMD:101][ACC:v6hrwzMYhvXU]
[2021-09-22 14:32:48.639][3564][INFO] [CMD:1021]{"token":"ukqvj4tohc169d20irifougbs7","acc":"v6hrwzMYhvXU"}
[2021-09-22 14:32:48.655][3564][INFO] [CMD:1025]{"token":"ukqvj4tohc169d20irifougbs7","acc":"v6hrwzMYhvXU"}
[2021-09-22 14:32:48.661][3564][INFO] [CMD:1028]{"token":"ukqvj4tohc169d20irifougbs7","acc":"v6hrwzMYhvXU"}
[2021-09-22 14:32:53.777][3564][INFO] [CMD:1011]{"token":"ukqvj4tohc169d20irifougbs7","acc":"v6hrwzMYhvXU"}
[2021-09-22 14:32:53.789][3564][INFO] [CMD:1001]{"token":"ukqvj4tohc169d20irifougbs7","acc":"v6hrwzMYhvXU"}
[2021-09-22 14:32:53.793][3564][INFO] [CMD:1023]{"token":"ukqvj4tohc169d20irifougbs7","acc":"v6hrwzMYhvXU"}
[2021-09-22 14:33:58.891][3564][INFO] [CMD:101][ACC:v6hrwzMYhvXU]
[2021-09-22 14:33:59.024][3564][INFO] [CMD:1025]{"token":"s6up7kbbiuqjgbqh6lttng008q","acc":"v6hrwzMYhvXU"}
[2021-09-22 14:33:59.039][3564][INFO] [CMD:1028]{"token":"s6up7kbbiuqjgbqh6lttng008q","acc":"v6hrwzMYhvXU"}
[2021-09-22 14:33:59.071][3564][INFO] [CMD:1021]{"token":"s6up7kbbiuqjgbqh6lttng008q","acc":"v6hrwzMYhvXU"}
[2021-09-22 14:34:03.965][3564][INFO] [CMD:1011]{"token":"s6up7kbbiuqjgbqh6lttng008q","acc":"v6hrwzMYhvXU"}
[2021-09-22 14:34:03.973][3564][INFO] [CMD:1023]{"token":"s6up7kbbiuqjgbqh6lttng008q","acc":"v6hrwzMYhvXU"}
[2021-09-22 14:34:03.974][3564][INFO] [CMD:1001]{"token":"s6up7kbbiuqjgbqh6lttng008q","acc":"v6hrwzMYhvXU"}
[2021-09-22 14:35:27.824][3564][INFO] [CMD:101][ACC:v6hrwzMYhvXU]
[2021-09-22 14:35:27.957][3564][INFO] [CMD:1025]{"token":"0p9be5mpuvf67lq5t5ifr3tr2g","acc":"v6hrwzMYhvXU"}
[2021-09-22 14:35:27.973][3564][INFO] [CMD:1021]{"token":"0p9be5mpuvf67lq5t5ifr3tr2g","acc":"v6hrwzMYhvXU"}
[2021-09-22 14:35:27.973][3564][INFO] [CMD:1028]{"token":"0p9be5mpuvf67lq5t5ifr3tr2g","acc":"v6hrwzMYhvXU"}
[2021-09-22 14:35:32.865][3564][INFO] [CMD:1011]{"token":"0p9be5mpuvf67lq5t5ifr3tr2g","acc":"v6hrwzMYhvXU"}
[2021-09-22 14:35:32.868][3564][INFO] [CMD:1023]{"token":"0p9be5mpuvf67lq5t5ifr3tr2g","acc":"v6hrwzMYhvXU"}
[2021-09-22 14:35:32.869][3564][INFO] [CMD:1001]{"token":"0p9be5mpuvf67lq5t5ifr3tr2g","acc":"v6hrwzMYhvXU"}
[2021-09-22 14:36:09.582][3564][INFO] [CMD:1010]{"token":"0p9be5mpuvf67lq5t5ifr3tr2g","acc":"v6hrwzMYhvXU","shopId":101}
[2021-09-22 14:36:09.820][3564][INFO] [CMD:1001]{"token":"0p9be5mpuvf67lq5t5ifr3tr2g","acc":"v6hrwzMYhvXU"}
[2021-09-22 14:36:09.844][3564][INFO] [CMD:1011]{"token":"0p9be5mpuvf67lq5t5ifr3tr2g","acc":"v6hrwzMYhvXU"}
[2021-09-22 14:38:09.258][3564][INFO] [CMD:101][ACC:v6hrwzMYhvXU]
[2021-09-22 14:38:09.407][3564][INFO] [CMD:1025]{"token":"gbjb188a8s4hkjjjpnmpuspdk7","acc":"v6hrwzMYhvXU"}
[2021-09-22 14:38:09.416][3564][INFO] [CMD:1021]{"token":"gbjb188a8s4hkjjjpnmpuspdk7","acc":"v6hrwzMYhvXU"}
[2021-09-22 14:38:09.427][3564][INFO] [CMD:1028]{"token":"gbjb188a8s4hkjjjpnmpuspdk7","acc":"v6hrwzMYhvXU"}
[2021-09-22 14:38:14.425][3564][INFO] [CMD:1001]{"token":"gbjb188a8s4hkjjjpnmpuspdk7","acc":"v6hrwzMYhvXU"}
[2021-09-22 14:38:14.434][3564][INFO] [CMD:1023]{"token":"gbjb188a8s4hkjjjpnmpuspdk7","acc":"v6hrwzMYhvXU"}
[2021-09-22 14:38:14.436][3564][INFO] [CMD:1011]{"token":"gbjb188a8s4hkjjjpnmpuspdk7","acc":"v6hrwzMYhvXU"}
[2021-09-22 14:38:18.968][3564][INFO] [CMD:1011]{"token":"gbjb188a8s4hkjjjpnmpuspdk7","acc":"v6hrwzMYhvXU"}
[2021-09-22 14:39:27.822][3564][INFO] [CMD:101][ACC:v6hrwzMYhvXU]
[2021-09-22 14:39:28.310][3564][INFO] [CMD:1028]{"token":"4bm334dihmjdvq3qu7njkfco9n","acc":"v6hrwzMYhvXU"}
[2021-09-22 14:39:28.328][3564][INFO] [CMD:1025]{"token":"4bm334dihmjdvq3qu7njkfco9n","acc":"v6hrwzMYhvXU"}
[2021-09-22 14:39:28.344][3564][INFO] [CMD:1021]{"token":"4bm334dihmjdvq3qu7njkfco9n","acc":"v6hrwzMYhvXU"}
[2021-09-22 14:39:33.366][3564][INFO] [CMD:1011]{"token":"4bm334dihmjdvq3qu7njkfco9n","acc":"v6hrwzMYhvXU"}
[2021-09-22 14:39:33.368][3564][INFO] [CMD:1023]{"token":"4bm334dihmjdvq3qu7njkfco9n","acc":"v6hrwzMYhvXU"}
[2021-09-22 14:39:33.372][3564][INFO] [CMD:1001]{"token":"4bm334dihmjdvq3qu7njkfco9n","acc":"v6hrwzMYhvXU"}
[2021-09-22 15:12:13.912][3564][INFO] [CMD:101][ACC:v6hrwzMYhvXU]
[2021-09-22 15:12:14.132][3564][INFO] [CMD:1025]{"token":"q6p1pjhlj2209bjsirsu73d4k5","acc":"v6hrwzMYhvXU"}
[2021-09-22 15:12:14.157][3564][INFO] [CMD:1028]{"token":"q6p1pjhlj2209bjsirsu73d4k5","acc":"v6hrwzMYhvXU"}
[2021-09-22 15:12:14.160][3564][INFO] [CMD:1021]{"token":"q6p1pjhlj2209bjsirsu73d4k5","acc":"v6hrwzMYhvXU"}
[2021-09-22 15:12:19.608][3564][INFO] [CMD:1001]{"token":"q6p1pjhlj2209bjsirsu73d4k5","acc":"v6hrwzMYhvXU"}
[2021-09-22 15:12:19.612][3564][INFO] [CMD:1023]{"token":"q6p1pjhlj2209bjsirsu73d4k5","acc":"v6hrwzMYhvXU"}
[2021-09-22 15:12:19.622][3564][INFO] [CMD:1011]{"token":"q6p1pjhlj2209bjsirsu73d4k5","acc":"v6hrwzMYhvXU"}
[2021-09-22 15:16:00.889][3564][INFO] [CMD:1011]{"token":"q6p1pjhlj2209bjsirsu73d4k5","acc":"v6hrwzMYhvXU"}
[2021-09-22 15:16:00.897][3564][INFO] [CMD:1001]{"token":"q6p1pjhlj2209bjsirsu73d4k5","acc":"v6hrwzMYhvXU"}
[2021-09-22 15:16:03.506][3564][INFO] [CMD:1007]{"token":"q6p1pjhlj2209bjsirsu73d4k5","acc":"v6hrwzMYhvXU","guid":374,"site":0}
[2021-09-22 15:16:03.568][3564][INFO] [CMD:1007]{"token":"q6p1pjhlj2209bjsirsu73d4k5","acc":"v6hrwzMYhvXU","guid":408,"site":4}
[2021-09-22 15:17:50.013][3564][INFO] [CMD:1005]{"token":"q6p1pjhlj2209bjsirsu73d4k5","acc":"v6hrwzMYhvXU","itemId":3002,"count":1,"newName":"Ggee","rdata":"{\"sizeX\":4,\"sizeZ\":5,\"blocks\":[{\"id\":1025,\"posX\":0,\"posY\":0,\"posZ\":-1,\"direction\":0},{\"id\":1025,\"posX\":0,\"posY\":0,\"posZ\":0,\"direction\":0},{\"id\":1025,\"posX\":0,\"posY\":0,\"posZ\":1,\"direction\":0},{\"id\":1024,\"posX\":1,\"posY\":0,\"posZ\":-1,\"direction\":0},{\"id\":1024,\"posX\":1,\"posY\":0,\"posZ\":0,\"direction\":0},{\"id\":1024,\"posX\":1,\"posY\":0,\"posZ\":1,\"direction\":0}],\"IsDuplicate\":false}"}
[2021-09-22 15:17:50.084][3564][INFO] [CMD:1001]{"token":"q6p1pjhlj2209bjsirsu73d4k5","acc":"v6hrwzMYhvXU"}
[2021-09-22 15:17:50.162][3564][INFO] [CMD:1003]{"token":"q6p1pjhlj2209bjsirsu73d4k5","acc":"v6hrwzMYhvXU","itemId":3001,"count":1}
[2021-09-22 15:17:50.280][3564][INFO] [CMD:1001]{"token":"q6p1pjhlj2209bjsirsu73d4k5","acc":"v6hrwzMYhvXU"}
[2021-09-22 15:17:58.469][3564][INFO] [CMD:1015]{"token":"q6p1pjhlj2209bjsirsu73d4k5","acc":"v6hrwzMYhvXU","nickName":"ggggg"}
[2021-09-22 16:03:40.242][3564][INFO] [CMD:101][ACC:v6hrwzMYhvXU]
[2021-09-22 16:03:40.546][3564][INFO] [CMD:1025]{"token":"79dukltjc80r37eko47s1j6b12","acc":"v6hrwzMYhvXU"}
[2021-09-22 16:03:40.565][3564][INFO] [CMD:1028]{"token":"79dukltjc80r37eko47s1j6b12","acc":"v6hrwzMYhvXU"}
[2021-09-22 16:03:40.661][3564][INFO] [CMD:1021]{"token":"79dukltjc80r37eko47s1j6b12","acc":"v6hrwzMYhvXU"}
[2021-09-22 16:03:50.217][3564][INFO] [CMD:1023]{"token":"79dukltjc80r37eko47s1j6b12","acc":"v6hrwzMYhvXU"}
[2021-09-22 16:03:50.217][3564][INFO] [CMD:1001]{"token":"79dukltjc80r37eko47s1j6b12","acc":"v6hrwzMYhvXU"}
[2021-09-22 16:03:50.220][3564][INFO] [CMD:1011]{"token":"79dukltjc80r37eko47s1j6b12","acc":"v6hrwzMYhvXU"}
[2021-09-22 16:39:13.615][3564][INFO] [CMD:101][ACC:v6hrwzMYhvXU]
[2021-09-22 16:39:13.889][3564][INFO] [CMD:1025]{"token":"s17lqggiek6nvo3dm752cus7i0","acc":"v6hrwzMYhvXU"}
[2021-09-22 16:39:13.912][3564][INFO] [CMD:1028]{"token":"s17lqggiek6nvo3dm752cus7i0","acc":"v6hrwzMYhvXU"}
[2021-09-22 16:39:13.942][3564][INFO] [CMD:1021]{"token":"s17lqggiek6nvo3dm752cus7i0","acc":"v6hrwzMYhvXU"}
[2021-09-22 16:39:20.642][3564][INFO] [CMD:1023]{"token":"s17lqggiek6nvo3dm752cus7i0","acc":"v6hrwzMYhvXU"}
[2021-09-22 16:39:20.645][3564][INFO] [CMD:1001]{"token":"s17lqggiek6nvo3dm752cus7i0","acc":"v6hrwzMYhvXU"}
[2021-09-22 16:39:20.647][3564][INFO] [CMD:1011]{"token":"s17lqggiek6nvo3dm752cus7i0","acc":"v6hrwzMYhvXU"}
[2021-09-22 16:39:25.181][3564][INFO] [CMD:1011]{"token":"s17lqggiek6nvo3dm752cus7i0","acc":"v6hrwzMYhvXU"}
[2021-09-22 16:39:36.959][3564][INFO] [CMD:1030]{"token":"s17lqggiek6nvo3dm752cus7i0","acc":"v6hrwzMYhvXU","gachaId":1}
[2021-09-22 16:52:51.613][3564][INFO] [CMD:101][ACC:v6hrwzMYhvXU]
[2021-09-22 16:52:51.992][3564][INFO] [CMD:1025]{"token":"l077ob1lld7gn2llva9gotvbjr","acc":"v6hrwzMYhvXU"}
[2021-09-22 16:52:52.003][3564][INFO] [CMD:1028]{"token":"l077ob1lld7gn2llva9gotvbjr","acc":"v6hrwzMYhvXU"}
[2021-09-22 16:52:52.022][3564][INFO] [CMD:1021]{"token":"l077ob1lld7gn2llva9gotvbjr","acc":"v6hrwzMYhvXU"}
[2021-09-22 16:52:58.638][3564][INFO] [CMD:1023]{"token":"l077ob1lld7gn2llva9gotvbjr","acc":"v6hrwzMYhvXU"}
[2021-09-22 16:52:58.648][3564][INFO] [CMD:1001]{"token":"l077ob1lld7gn2llva9gotvbjr","acc":"v6hrwzMYhvXU"}
[2021-09-22 16:52:58.650][3564][INFO] [CMD:1011]{"token":"l077ob1lld7gn2llva9gotvbjr","acc":"v6hrwzMYhvXU"}
[2021-09-22 16:53:10.651][3564][INFO] [CMD:1011]{"token":"l077ob1lld7gn2llva9gotvbjr","acc":"v6hrwzMYhvXU"}
[2021-09-22 16:53:12.927][3564][INFO] [CMD:1030]{"token":"l077ob1lld7gn2llva9gotvbjr","acc":"v6hrwzMYhvXU","gachaId":1}
[2021-09-22 17:22:49.381][3564][INFO] [CMD:101][ACC:v6hrwzMYhvXU]
[2021-09-22 17:22:49.672][3564][INFO] [CMD:1025]{"token":"vcmqlu2fke1hf6tsorbmklvt61","acc":"v6hrwzMYhvXU"}
[2021-09-22 17:22:49.705][3564][INFO] [CMD:1021]{"token":"vcmqlu2fke1hf6tsorbmklvt61","acc":"v6hrwzMYhvXU"}
[2021-09-22 17:22:49.730][3564][INFO] [CMD:1028]{"token":"vcmqlu2fke1hf6tsorbmklvt61","acc":"v6hrwzMYhvXU"}
[2021-09-22 17:22:56.411][3564][INFO] [CMD:1011]{"token":"vcmqlu2fke1hf6tsorbmklvt61","acc":"v6hrwzMYhvXU"}
[2021-09-22 17:22:56.420][3564][INFO] [CMD:1023]{"token":"vcmqlu2fke1hf6tsorbmklvt61","acc":"v6hrwzMYhvXU"}
[2021-09-22 17:22:56.434][3564][INFO] [CMD:1001]{"token":"vcmqlu2fke1hf6tsorbmklvt61","acc":"v6hrwzMYhvXU"}
[2021-09-22 17:23:00.435][3564][INFO] [CMD:1011]{"token":"vcmqlu2fke1hf6tsorbmklvt61","acc":"v6hrwzMYhvXU"}
[2021-09-22 17:23:01.792][3564][INFO] [CMD:1016]{"token":"vcmqlu2fke1hf6tsorbmklvt61","acc":"v6hrwzMYhvXU","page":1,"nickName":"","sortType":0}
[2021-09-22 17:23:08.827][3564][INFO] [CMD:1014]{"token":"vcmqlu2fke1hf6tsorbmklvt61","acc":"v6hrwzMYhvXU","nickName":"ggggg","itemGuid":409,"site":1,"price":110}
[2021-09-22 17:23:10.427][3564][INFO] [CMD:1025]{"token":"vcmqlu2fke1hf6tsorbmklvt61","acc":"v6hrwzMYhvXU"}
[2021-09-22 17:23:12.464][3564][INFO] [CMD:1039]{"token":"vcmqlu2fke1hf6tsorbmklvt61","acc":"v6hrwzMYhvXU","myshopId":1}
[2021-09-22 17:26:28.976][3564][INFO] [CMD:101][ACC:v6hrwzMYhvXU]
[2021-09-22 17:26:29.494][3564][INFO] [CMD:1025]{"token":"ljn5eqj232cb2hc9un66lqfmjh","acc":"v6hrwzMYhvXU"}
[2021-09-22 17:26:29.499][3564][INFO] [CMD:1028]{"token":"ljn5eqj232cb2hc9un66lqfmjh","acc":"v6hrwzMYhvXU"}
[2021-09-22 17:26:29.534][3564][INFO] [CMD:1021]{"token":"ljn5eqj232cb2hc9un66lqfmjh","acc":"v6hrwzMYhvXU"}
[2021-09-22 17:26:34.291][3564][INFO] [CMD:1023]{"token":"ljn5eqj232cb2hc9un66lqfmjh","acc":"v6hrwzMYhvXU"}
[2021-09-22 17:26:34.295][3564][INFO] [CMD:1001]{"token":"ljn5eqj232cb2hc9un66lqfmjh","acc":"v6hrwzMYhvXU"}
[2021-09-22 17:26:34.295][3564][INFO] [CMD:1011]{"token":"ljn5eqj232cb2hc9un66lqfmjh","acc":"v6hrwzMYhvXU"}
[2021-09-22 17:27:47.442][3564][INFO] [CMD:101][ACC:v6hrwzMYhvXU]
[2021-09-22 17:27:47.806][3564][INFO] [CMD:1025]{"token":"2gbsd4jhng9unn0l0d826ip67d","acc":"v6hrwzMYhvXU"}
[2021-09-22 17:27:47.815][3564][INFO] [CMD:1028]{"token":"2gbsd4jhng9unn0l0d826ip67d","acc":"v6hrwzMYhvXU"}
[2021-09-22 17:27:47.821][3564][INFO] [CMD:1021]{"token":"2gbsd4jhng9unn0l0d826ip67d","acc":"v6hrwzMYhvXU"}
[2021-09-22 17:27:54.382][3564][INFO] [CMD:1011]{"token":"2gbsd4jhng9unn0l0d826ip67d","acc":"v6hrwzMYhvXU"}
[2021-09-22 17:27:54.382][3564][INFO] [CMD:1001]{"token":"2gbsd4jhng9unn0l0d826ip67d","acc":"v6hrwzMYhvXU"}
[2021-09-22 17:27:54.383][3564][INFO] [CMD:1023]{"token":"2gbsd4jhng9unn0l0d826ip67d","acc":"v6hrwzMYhvXU"}
[2021-09-22 17:28:00.625][3564][INFO] [CMD:1039]{"token":"2gbsd4jhng9unn0l0d826ip67d","acc":"v6hrwzMYhvXU","myshopId":1}
