[2021-09-15 10:03:47.174][2764][INFO] [CMD:101][ACC:v6hrwzMYhvXU]
[2021-09-15 10:03:47.807][2764][INFO] [CMD:1028]{"token":"i2lu5qtp3pm0217cvds47thtmr","acc":"v6hrwzMYhvXU"}
[2021-09-15 10:03:47.823][2764][INFO] [CMD:1025]{"token":"i2lu5qtp3pm0217cvds47thtmr","acc":"v6hrwzMYhvXU"}
[2021-09-15 10:03:47.860][2764][INFO] [CMD:1021]{"token":"i2lu5qtp3pm0217cvds47thtmr","acc":"v6hrwzMYhvXU"}
[2021-09-15 10:03:55.322][2764][INFO] [CMD:1011]{"token":"i2lu5qtp3pm0217cvds47thtmr","acc":"v6hrwzMYhvXU"}
[2021-09-15 10:03:55.332][2764][INFO] [CMD:1023]{"token":"i2lu5qtp3pm0217cvds47thtmr","acc":"v6hrwzMYhvXU"}
[2021-09-15 10:03:55.344][2764][INFO] [CMD:1001]{"token":"i2lu5qtp3pm0217cvds47thtmr","acc":"v6hrwzMYhvXU"}
[2021-09-15 10:05:46.693][2764][INFO] [CMD:101][ACC:v6hrwzMYhvXU]
[2021-09-15 10:05:46.913][2764][INFO] [CMD:1025]{"token":"djog3r61k8a6mm6fqbojlbb41r","acc":"v6hrwzMYhvXU"}
[2021-09-15 10:05:46.924][2764][INFO] [CMD:1021]{"token":"djog3r61k8a6mm6fqbojlbb41r","acc":"v6hrwzMYhvXU"}
[2021-09-15 10:05:46.924][2764][INFO] [CMD:6001]{"token":"djog3r61k8a6mm6fqbojlbb41r","acc":"v6hrwzMYhvXU"}
[2021-09-15 10:05:46.929][2764][INFO] [CMD:1028]{"token":"djog3r61k8a6mm6fqbojlbb41r","acc":"v6hrwzMYhvXU"}
[2021-09-15 10:05:52.248][2764][INFO] [CMD:1023]{"token":"djog3r61k8a6mm6fqbojlbb41r","acc":"v6hrwzMYhvXU"}
[2021-09-15 10:05:52.264][2764][INFO] [CMD:1001]{"token":"djog3r61k8a6mm6fqbojlbb41r","acc":"v6hrwzMYhvXU"}
[2021-09-15 10:05:52.270][2764][INFO] [CMD:1011]{"token":"djog3r61k8a6mm6fqbojlbb41r","acc":"v6hrwzMYhvXU"}
[2021-09-15 10:06:21.294][2764][INFO] [CMD:101][ACC:v6hrwzMYhvXU]
[2021-09-15 10:06:21.575][2764][INFO] [CMD:1025]{"token":"sh56sq6v3rjq15cbtoalsia7fg","acc":"v6hrwzMYhvXU"}
[2021-09-15 10:06:21.581][2764][INFO] [CMD:1021]{"token":"sh56sq6v3rjq15cbtoalsia7fg","acc":"v6hrwzMYhvXU"}
[2021-09-15 10:06:21.591][2764][INFO] [CMD:1028]{"token":"sh56sq6v3rjq15cbtoalsia7fg","acc":"v6hrwzMYhvXU"}
[2021-09-15 10:06:26.562][2764][INFO] [CMD:1011]{"token":"sh56sq6v3rjq15cbtoalsia7fg","acc":"v6hrwzMYhvXU"}
[2021-09-15 10:06:26.563][2764][INFO] [CMD:1023]{"token":"sh56sq6v3rjq15cbtoalsia7fg","acc":"v6hrwzMYhvXU"}
[2021-09-15 10:06:26.568][2764][INFO] [CMD:1001]{"token":"sh56sq6v3rjq15cbtoalsia7fg","acc":"v6hrwzMYhvXU"}
[2021-09-15 10:06:33.052][2764][INFO] [CMD:1001]{"token":"sh56sq6v3rjq15cbtoalsia7fg","acc":"v6hrwzMYhvXU"}
[2021-09-15 10:06:33.068][2764][INFO] [CMD:1011]{"token":"sh56sq6v3rjq15cbtoalsia7fg","acc":"v6hrwzMYhvXU"}
[2021-09-15 10:06:40.189][2764][INFO] [CMD:1044]{"token":"sh56sq6v3rjq15cbtoalsia7fg","acc":"v6hrwzMYhvXU"}
[2021-09-15 10:07:22.935][2764][INFO] [CMD:101][ACC:v6hrwzMYhvXU]
[2021-09-15 10:07:23.293][2764][INFO] [CMD:1025]{"token":"id4096emvoki43686kjdckqf73","acc":"v6hrwzMYhvXU"}
[2021-09-15 10:07:23.304][2764][INFO] [CMD:1021]{"token":"id4096emvoki43686kjdckqf73","acc":"v6hrwzMYhvXU"}
[2021-09-15 10:07:23.322][2764][INFO] [CMD:1028]{"token":"id4096emvoki43686kjdckqf73","acc":"v6hrwzMYhvXU"}
[2021-09-15 10:07:28.172][2764][INFO] [CMD:1023]{"token":"id4096emvoki43686kjdckqf73","acc":"v6hrwzMYhvXU"}
[2021-09-15 10:07:28.185][2764][INFO] [CMD:1011]{"token":"id4096emvoki43686kjdckqf73","acc":"v6hrwzMYhvXU"}
[2021-09-15 10:07:28.190][2764][INFO] [CMD:1001]{"token":"id4096emvoki43686kjdckqf73","acc":"v6hrwzMYhvXU"}
[2021-09-15 10:07:31.401][2764][INFO] [CMD:1044]{"token":"id4096emvoki43686kjdckqf73","acc":"v6hrwzMYhvXU"}
[2021-09-15 10:08:51.208][2764][INFO] [CMD:101][ACC:v6hrwzMYhvXU]
[2021-09-15 10:08:51.369][2764][INFO] [CMD:1025]{"token":"52puil6bod3bo6hkrm903smuh0","acc":"v6hrwzMYhvXU"}
[2021-09-15 10:08:51.384][2764][INFO] [CMD:1021]{"token":"52puil6bod3bo6hkrm903smuh0","acc":"v6hrwzMYhvXU"}
[2021-09-15 10:08:51.400][2764][INFO] [CMD:1028]{"token":"52puil6bod3bo6hkrm903smuh0","acc":"v6hrwzMYhvXU"}
[2021-09-15 10:08:57.759][2764][INFO] [CMD:1011]{"token":"52puil6bod3bo6hkrm903smuh0","acc":"v6hrwzMYhvXU"}
[2021-09-15 10:08:57.764][2764][INFO] [CMD:1023]{"token":"52puil6bod3bo6hkrm903smuh0","acc":"v6hrwzMYhvXU"}
[2021-09-15 10:08:57.765][2764][INFO] [CMD:1001]{"token":"52puil6bod3bo6hkrm903smuh0","acc":"v6hrwzMYhvXU"}
[2021-09-15 10:09:00.207][2764][INFO] [CMD:1044]{"token":"52puil6bod3bo6hkrm903smuh0","acc":"v6hrwzMYhvXU"}
[2021-09-15 10:10:07.141][2764][INFO] [CMD:101][ACC:v6hrwzMYhvXU]
[2021-09-15 10:10:07.278][2764][INFO] [CMD:1025]{"token":"shrfj32mm26t5d8nersbj72do4","acc":"v6hrwzMYhvXU"}
[2021-09-15 10:10:07.308][2764][INFO] [CMD:1021]{"token":"shrfj32mm26t5d8nersbj72do4","acc":"v6hrwzMYhvXU"}
[2021-09-15 10:10:07.326][2764][INFO] [CMD:1028]{"token":"shrfj32mm26t5d8nersbj72do4","acc":"v6hrwzMYhvXU"}
[2021-09-15 10:10:12.167][2764][INFO] [CMD:1001]{"token":"shrfj32mm26t5d8nersbj72do4","acc":"v6hrwzMYhvXU"}
[2021-09-15 10:10:12.183][2764][INFO] [CMD:1011]{"token":"shrfj32mm26t5d8nersbj72do4","acc":"v6hrwzMYhvXU"}
[2021-09-15 10:10:12.183][2764][INFO] [CMD:1023]{"token":"shrfj32mm26t5d8nersbj72do4","acc":"v6hrwzMYhvXU"}
[2021-09-15 10:10:13.883][2764][INFO] [CMD:1044]{"token":"shrfj32mm26t5d8nersbj72do4","acc":"v6hrwzMYhvXU"}
[2021-09-15 10:10:43.781][2764][INFO] [CMD:101][ACC:v6hrwzMYhvXU]
[2021-09-15 10:10:43.983][2764][INFO] [CMD:1028]{"token":"88iqnf97vcpbuhf3ut59g9q6s5","acc":"v6hrwzMYhvXU"}
[2021-09-15 10:10:43.984][2764][INFO] [CMD:1025]{"token":"88iqnf97vcpbuhf3ut59g9q6s5","acc":"v6hrwzMYhvXU"}
[2021-09-15 10:10:43.992][2764][INFO] [CMD:1021]{"token":"88iqnf97vcpbuhf3ut59g9q6s5","acc":"v6hrwzMYhvXU"}
[2021-09-15 10:10:49.285][2764][INFO] [CMD:1023]{"token":"88iqnf97vcpbuhf3ut59g9q6s5","acc":"v6hrwzMYhvXU"}
[2021-09-15 10:10:49.289][2764][INFO] [CMD:1011]{"token":"88iqnf97vcpbuhf3ut59g9q6s5","acc":"v6hrwzMYhvXU"}
[2021-09-15 10:10:49.289][2764][INFO] [CMD:1001]{"token":"88iqnf97vcpbuhf3ut59g9q6s5","acc":"v6hrwzMYhvXU"}
[2021-09-15 10:10:51.750][2764][INFO] [CMD:1044]{"token":"88iqnf97vcpbuhf3ut59g9q6s5","acc":"v6hrwzMYhvXU"}
[2021-09-15 10:11:41.260][2764][INFO] [CMD:101][ACC:v6hrwzMYhvXU]
[2021-09-15 10:11:41.427][2764][INFO] [CMD:1028]{"token":"73csk8tdpt0gaef1u3r5c32r7j","acc":"v6hrwzMYhvXU"}
[2021-09-15 10:11:41.429][2764][INFO] [CMD:1021]{"token":"73csk8tdpt0gaef1u3r5c32r7j","acc":"v6hrwzMYhvXU"}
[2021-09-15 10:11:41.431][2764][INFO] [CMD:1025]{"token":"73csk8tdpt0gaef1u3r5c32r7j","acc":"v6hrwzMYhvXU"}
[2021-09-15 10:11:46.363][2764][INFO] [CMD:1011]{"token":"73csk8tdpt0gaef1u3r5c32r7j","acc":"v6hrwzMYhvXU"}
[2021-09-15 10:11:46.366][2764][INFO] [CMD:1023]{"token":"73csk8tdpt0gaef1u3r5c32r7j","acc":"v6hrwzMYhvXU"}
[2021-09-15 10:11:46.367][2764][INFO] [CMD:1001]{"token":"73csk8tdpt0gaef1u3r5c32r7j","acc":"v6hrwzMYhvXU"}
[2021-09-15 10:11:47.958][2764][INFO] [CMD:1044]{"token":"73csk8tdpt0gaef1u3r5c32r7j","acc":"v6hrwzMYhvXU"}
[2021-09-15 10:57:21.809][2764][INFO] [CMD:101][ACC:v6hrwzMYhvXU]
[2021-09-15 10:57:22.247][2764][INFO] [CMD:1025]{"token":"lu82dgiq4tofqhn1p9v3vvrvsc","acc":"v6hrwzMYhvXU"}
[2021-09-15 10:57:22.250][2764][INFO] [CMD:1021]{"token":"lu82dgiq4tofqhn1p9v3vvrvsc","acc":"v6hrwzMYhvXU"}
[2021-09-15 10:57:23.155][2764][INFO] [CMD:1028]{"token":"lu82dgiq4tofqhn1p9v3vvrvsc","acc":"v6hrwzMYhvXU"}
[2021-09-15 10:57:27.081][2764][INFO] [CMD:1001]{"token":"lu82dgiq4tofqhn1p9v3vvrvsc","acc":"v6hrwzMYhvXU"}
[2021-09-15 10:57:27.090][2764][INFO] [CMD:1011]{"token":"lu82dgiq4tofqhn1p9v3vvrvsc","acc":"v6hrwzMYhvXU"}
[2021-09-15 10:57:27.091][2764][INFO] [CMD:1023]{"token":"lu82dgiq4tofqhn1p9v3vvrvsc","acc":"v6hrwzMYhvXU"}
[2021-09-15 10:57:28.939][2764][INFO] [CMD:1044]{"token":"lu82dgiq4tofqhn1p9v3vvrvsc","acc":"v6hrwzMYhvXU"}
[2021-09-15 10:57:38.345][2764][INFO] [CMD:1045]{"token":"lu82dgiq4tofqhn1p9v3vvrvsc","acc":"v6hrwzMYhvXU","missionId":2,"missionType":1,"count":1}
[2021-09-15 10:57:45.120][2764][INFO] [CMD:1009]{"token":"lu82dgiq4tofqhn1p9v3vvrvsc","acc":"v6hrwzMYhvXU","bonusList":"1,1"}
[2021-09-15 10:57:50.972][2764][INFO] [CMD:1011]{"token":"lu82dgiq4tofqhn1p9v3vvrvsc","acc":"v6hrwzMYhvXU"}
[2021-09-15 10:57:50.973][2764][INFO] [CMD:1001]{"token":"lu82dgiq4tofqhn1p9v3vvrvsc","acc":"v6hrwzMYhvXU"}
[2021-09-15 10:57:55.593][2764][INFO] [CMD:1008]{"token":"lu82dgiq4tofqhn1p9v3vvrvsc","acc":"v6hrwzMYhvXU","creaftId":2,"count":3}
[2021-09-15 10:57:56.019][2764][INFO] [CMD:1045]{"token":"lu82dgiq4tofqhn1p9v3vvrvsc","acc":"v6hrwzMYhvXU","missionId":3,"missionType":1,"count":3}
[2021-09-15 10:57:56.019][2764][INFO] [CMD:1001]{"token":"lu82dgiq4tofqhn1p9v3vvrvsc","acc":"v6hrwzMYhvXU"}
[2021-09-15 10:57:57.248][2764][INFO] [CMD:1044]{"token":"lu82dgiq4tofqhn1p9v3vvrvsc","acc":"v6hrwzMYhvXU"}
[2021-09-15 11:01:22.362][2764][INFO] [CMD:101][ACC:v6hrwzMYhvXU]
[2021-09-15 11:01:22.516][2764][INFO] [CMD:1025]{"token":"cceqh8qlv88jbtogr30udjq0cn","acc":"v6hrwzMYhvXU"}
[2021-09-15 11:01:22.528][2764][INFO] [CMD:1028]{"token":"cceqh8qlv88jbtogr30udjq0cn","acc":"v6hrwzMYhvXU"}
[2021-09-15 11:01:22.539][2764][INFO] [CMD:1021]{"token":"cceqh8qlv88jbtogr30udjq0cn","acc":"v6hrwzMYhvXU"}
[2021-09-15 11:01:27.433][2764][INFO] [CMD:1011]{"token":"cceqh8qlv88jbtogr30udjq0cn","acc":"v6hrwzMYhvXU"}
[2021-09-15 11:01:27.438][2764][INFO] [CMD:1001]{"token":"cceqh8qlv88jbtogr30udjq0cn","acc":"v6hrwzMYhvXU"}
[2021-09-15 11:01:27.438][2764][INFO] [CMD:1023]{"token":"cceqh8qlv88jbtogr30udjq0cn","acc":"v6hrwzMYhvXU"}
[2021-09-15 11:01:40.541][2764][INFO] [CMD:1044]{"token":"cceqh8qlv88jbtogr30udjq0cn","acc":"v6hrwzMYhvXU"}
[2021-09-15 11:18:40.409][2764][INFO] [CMD:101][ACC:v6hrwzMYhvXU]
[2021-09-15 11:18:40.564][2764][INFO] [CMD:1025]{"token":"k0ici7g6fkrsu929f9jsbl6gd4","acc":"v6hrwzMYhvXU"}
[2021-09-15 11:18:40.580][2764][INFO] [CMD:1028]{"token":"k0ici7g6fkrsu929f9jsbl6gd4","acc":"v6hrwzMYhvXU"}
[2021-09-15 11:18:40.595][2764][INFO] [CMD:1021]{"token":"k0ici7g6fkrsu929f9jsbl6gd4","acc":"v6hrwzMYhvXU"}
[2021-09-15 11:18:45.619][2764][INFO] [CMD:1011]{"token":"k0ici7g6fkrsu929f9jsbl6gd4","acc":"v6hrwzMYhvXU"}
[2021-09-15 11:18:45.620][2764][INFO] [CMD:1023]{"token":"k0ici7g6fkrsu929f9jsbl6gd4","acc":"v6hrwzMYhvXU"}
[2021-09-15 11:18:45.620][2764][INFO] [CMD:1001]{"token":"k0ici7g6fkrsu929f9jsbl6gd4","acc":"v6hrwzMYhvXU"}
[2021-09-15 11:18:48.000][2764][INFO] [CMD:1044]{"token":"k0ici7g6fkrsu929f9jsbl6gd4","acc":"v6hrwzMYhvXU"}
[2021-09-15 11:20:40.411][2764][INFO] [CMD:101][ACC:v6hrwzMYhvXU]
[2021-09-15 11:20:40.664][2764][INFO] [CMD:1028]{"token":"c9q4dpu5ukofpl1abqiirsoa7d","acc":"v6hrwzMYhvXU"}
[2021-09-15 11:20:40.667][2764][INFO] [CMD:1025]{"token":"c9q4dpu5ukofpl1abqiirsoa7d","acc":"v6hrwzMYhvXU"}
[2021-09-15 11:20:40.690][2764][INFO] [CMD:1021]{"token":"c9q4dpu5ukofpl1abqiirsoa7d","acc":"v6hrwzMYhvXU"}
[2021-09-15 11:20:45.548][2764][INFO] [CMD:1001]{"token":"c9q4dpu5ukofpl1abqiirsoa7d","acc":"v6hrwzMYhvXU"}
[2021-09-15 11:20:45.550][2764][INFO] [CMD:1023]{"token":"c9q4dpu5ukofpl1abqiirsoa7d","acc":"v6hrwzMYhvXU"}
[2021-09-15 11:20:45.550][2764][INFO] [CMD:1011]{"token":"c9q4dpu5ukofpl1abqiirsoa7d","acc":"v6hrwzMYhvXU"}
[2021-09-15 11:20:50.072][2764][INFO] [CMD:1004]{"token":"c9q4dpu5ukofpl1abqiirsoa7d","acc":"v6hrwzMYhvXU","itemId":106,"count":1}
[2021-09-15 11:20:50.994][2764][INFO] [CMD:1004]{"token":"c9q4dpu5ukofpl1abqiirsoa7d","acc":"v6hrwzMYhvXU","itemId":106,"count":1}
[2021-09-15 11:20:51.735][2764][INFO] [CMD:1004]{"token":"c9q4dpu5ukofpl1abqiirsoa7d","acc":"v6hrwzMYhvXU","itemId":106,"count":1}
[2021-09-15 11:20:52.401][2764][INFO] [CMD:1004]{"token":"c9q4dpu5ukofpl1abqiirsoa7d","acc":"v6hrwzMYhvXU","itemId":105,"count":1}
[2021-09-15 11:20:56.589][2764][INFO] [CMD:1004]{"token":"c9q4dpu5ukofpl1abqiirsoa7d","acc":"v6hrwzMYhvXU","itemId":105,"count":1}
[2021-09-15 11:20:57.322][2764][INFO] [CMD:1004]{"token":"c9q4dpu5ukofpl1abqiirsoa7d","acc":"v6hrwzMYhvXU","itemId":105,"count":1}
[2021-09-15 11:22:00.282][2764][INFO] [CMD:101][ACC:v6hrwzMYhvXU]
[2021-09-15 11:22:00.648][2764][INFO] [CMD:1025]{"token":"j5i0kuf617s0oh1k8no704orue","acc":"v6hrwzMYhvXU"}
[2021-09-15 11:22:00.650][2764][INFO] [CMD:1021]{"token":"j5i0kuf617s0oh1k8no704orue","acc":"v6hrwzMYhvXU"}
[2021-09-15 11:22:00.686][2764][INFO] [CMD:1028]{"token":"j5i0kuf617s0oh1k8no704orue","acc":"v6hrwzMYhvXU"}
[2021-09-15 11:22:05.754][2764][INFO] [CMD:1001]{"token":"j5i0kuf617s0oh1k8no704orue","acc":"v6hrwzMYhvXU"}
[2021-09-15 11:22:05.755][2764][INFO] [CMD:1023]{"token":"j5i0kuf617s0oh1k8no704orue","acc":"v6hrwzMYhvXU"}
[2021-09-15 11:22:05.761][2764][INFO] [CMD:1011]{"token":"j5i0kuf617s0oh1k8no704orue","acc":"v6hrwzMYhvXU"}
[2021-09-15 11:22:07.634][2764][INFO] [CMD:1044]{"token":"j5i0kuf617s0oh1k8no704orue","acc":"v6hrwzMYhvXU"}
[2021-09-15 11:23:14.118][2764][INFO] [CMD:101][ACC:v6hrwzMYhvXU]
[2021-09-15 11:23:14.293][2764][INFO] [CMD:1025]{"token":"95o5vj21800nsa44od65l6cf5s","acc":"v6hrwzMYhvXU"}
[2021-09-15 11:23:14.303][2764][INFO] [CMD:1021]{"token":"95o5vj21800nsa44od65l6cf5s","acc":"v6hrwzMYhvXU"}
[2021-09-15 11:23:14.324][2764][INFO] [CMD:1028]{"token":"95o5vj21800nsa44od65l6cf5s","acc":"v6hrwzMYhvXU"}
[2021-09-15 11:23:19.355][2764][INFO] [CMD:1011]{"token":"95o5vj21800nsa44od65l6cf5s","acc":"v6hrwzMYhvXU"}
[2021-09-15 11:23:19.360][2764][INFO] [CMD:1023]{"token":"95o5vj21800nsa44od65l6cf5s","acc":"v6hrwzMYhvXU"}
[2021-09-15 11:23:19.365][2764][INFO] [CMD:1001]{"token":"95o5vj21800nsa44od65l6cf5s","acc":"v6hrwzMYhvXU"}
[2021-09-15 11:24:23.984][2764][INFO] [CMD:101][ACC:v6hrwzMYhvXU]
[2021-09-15 11:24:24.143][2764][INFO] [CMD:1025]{"token":"9vt2frdaog1gmvd62sjjmn09ge","acc":"v6hrwzMYhvXU"}
[2021-09-15 11:24:24.155][2764][INFO] [CMD:1021]{"token":"9vt2frdaog1gmvd62sjjmn09ge","acc":"v6hrwzMYhvXU"}
[2021-09-15 11:24:24.162][2764][INFO] [CMD:1028]{"token":"9vt2frdaog1gmvd62sjjmn09ge","acc":"v6hrwzMYhvXU"}
[2021-09-15 11:24:28.752][2764][INFO] [CMD:1023]{"token":"9vt2frdaog1gmvd62sjjmn09ge","acc":"v6hrwzMYhvXU"}
[2021-09-15 11:24:28.752][2764][INFO] [CMD:1001]{"token":"9vt2frdaog1gmvd62sjjmn09ge","acc":"v6hrwzMYhvXU"}
[2021-09-15 11:24:28.763][2764][INFO] [CMD:1011]{"token":"9vt2frdaog1gmvd62sjjmn09ge","acc":"v6hrwzMYhvXU"}
[2021-09-15 11:24:30.420][2764][INFO] [CMD:1044]{"token":"9vt2frdaog1gmvd62sjjmn09ge","acc":"v6hrwzMYhvXU"}
[2021-09-15 11:24:37.144][2764][INFO] [CMD:1008]{"token":"9vt2frdaog1gmvd62sjjmn09ge","acc":"v6hrwzMYhvXU","creaftId":2,"count":3}
[2021-09-15 11:24:37.308][2764][INFO] [CMD:1045]{"token":"9vt2frdaog1gmvd62sjjmn09ge","acc":"v6hrwzMYhvXU","missionId":3,"missionType":1,"count":3}
[2021-09-15 11:24:37.323][2764][INFO] [CMD:1001]{"token":"9vt2frdaog1gmvd62sjjmn09ge","acc":"v6hrwzMYhvXU"}
[2021-09-15 11:24:38.833][2764][INFO] [CMD:1044]{"token":"9vt2frdaog1gmvd62sjjmn09ge","acc":"v6hrwzMYhvXU"}
[2021-09-15 11:30:44.374][2764][INFO] [CMD:101][ACC:v6hrwzMYhvXU]
[2021-09-15 11:30:44.574][2764][INFO] [CMD:1025]{"token":"b0ejl378bvuh2hll11bvvgi7hj","acc":"v6hrwzMYhvXU"}
[2021-09-15 11:30:44.600][2764][INFO] [CMD:1028]{"token":"b0ejl378bvuh2hll11bvvgi7hj","acc":"v6hrwzMYhvXU"}
[2021-09-15 11:30:44.633][2764][INFO] [CMD:1021]{"token":"b0ejl378bvuh2hll11bvvgi7hj","acc":"v6hrwzMYhvXU"}
[2021-09-15 11:30:51.137][2764][INFO] [CMD:1001]{"token":"b0ejl378bvuh2hll11bvvgi7hj","acc":"v6hrwzMYhvXU"}
[2021-09-15 11:30:51.137][2764][INFO] [CMD:1011]{"token":"b0ejl378bvuh2hll11bvvgi7hj","acc":"v6hrwzMYhvXU"}
[2021-09-15 11:30:51.149][2764][INFO] [CMD:1023]{"token":"b0ejl378bvuh2hll11bvvgi7hj","acc":"v6hrwzMYhvXU"}
[2021-09-15 11:30:53.123][2764][INFO] [CMD:1044]{"token":"b0ejl378bvuh2hll11bvvgi7hj","acc":"v6hrwzMYhvXU"}
[2021-09-15 11:31:54.729][2764][INFO] [CMD:101][ACC:v6hrwzMYhvXU]
[2021-09-15 11:31:54.881][2764][INFO] [CMD:1025]{"token":"plhbuup6t144savqjrghlvu5eu","acc":"v6hrwzMYhvXU"}
[2021-09-15 11:31:54.910][2764][INFO] [CMD:1021]{"token":"plhbuup6t144savqjrghlvu5eu","acc":"v6hrwzMYhvXU"}
[2021-09-15 11:31:54.931][2764][INFO] [CMD:1028]{"token":"plhbuup6t144savqjrghlvu5eu","acc":"v6hrwzMYhvXU"}
[2021-09-15 11:31:59.966][2764][INFO] [CMD:1001]{"token":"plhbuup6t144savqjrghlvu5eu","acc":"v6hrwzMYhvXU"}
[2021-09-15 11:31:59.984][2764][INFO] [CMD:1023]{"token":"plhbuup6t144savqjrghlvu5eu","acc":"v6hrwzMYhvXU"}
[2021-09-15 11:31:59.985][2764][INFO] [CMD:1011]{"token":"plhbuup6t144savqjrghlvu5eu","acc":"v6hrwzMYhvXU"}
[2021-09-15 11:32:01.506][2764][INFO] [CMD:1044]{"token":"plhbuup6t144savqjrghlvu5eu","acc":"v6hrwzMYhvXU"}
[2021-09-15 11:32:44.456][2764][INFO] [CMD:1044]{"token":"plhbuup6t144savqjrghlvu5eu","acc":"v6hrwzMYhvXU"}
[2021-09-15 11:33:27.640][2764][INFO] [CMD:101][ACC:v6hrwzMYhvXU]
[2021-09-15 11:33:27.798][2764][INFO] [CMD:1025]{"token":"dghhjd0i12nh132urllj8oab5n","acc":"v6hrwzMYhvXU"}
[2021-09-15 11:33:27.809][2764][INFO] [CMD:1028]{"token":"dghhjd0i12nh132urllj8oab5n","acc":"v6hrwzMYhvXU"}
[2021-09-15 11:33:27.819][2764][INFO] [CMD:1021]{"token":"dghhjd0i12nh132urllj8oab5n","acc":"v6hrwzMYhvXU"}
[2021-09-15 11:33:33.267][2764][INFO] [CMD:1023]{"token":"dghhjd0i12nh132urllj8oab5n","acc":"v6hrwzMYhvXU"}
[2021-09-15 11:33:33.268][2764][INFO] [CMD:1011]{"token":"dghhjd0i12nh132urllj8oab5n","acc":"v6hrwzMYhvXU"}
[2021-09-15 11:33:33.283][2764][INFO] [CMD:1001]{"token":"dghhjd0i12nh132urllj8oab5n","acc":"v6hrwzMYhvXU"}
[2021-09-15 11:33:35.920][2764][INFO] [CMD:1044]{"token":"dghhjd0i12nh132urllj8oab5n","acc":"v6hrwzMYhvXU"}
[2021-09-15 11:33:44.489][2764][INFO] [CMD:1044]{"token":"dghhjd0i12nh132urllj8oab5n","acc":"v6hrwzMYhvXU"}
[2021-09-15 11:35:00.135][2764][INFO] [CMD:1044]{"token":"dghhjd0i12nh132urllj8oab5n","acc":"v6hrwzMYhvXU"}
[2021-09-15 11:36:16.224][2764][INFO] [CMD:101][ACC:v6hrwzMYhvXU]
[2021-09-15 11:36:16.406][2764][INFO] [CMD:1025]{"token":"bcgkjgbllut7qh2tn4nujrkmo5","acc":"v6hrwzMYhvXU"}
[2021-09-15 11:36:16.422][2764][INFO] [CMD:1021]{"token":"bcgkjgbllut7qh2tn4nujrkmo5","acc":"v6hrwzMYhvXU"}
[2021-09-15 11:36:16.447][2764][INFO] [CMD:1028]{"token":"bcgkjgbllut7qh2tn4nujrkmo5","acc":"v6hrwzMYhvXU"}
[2021-09-15 11:36:21.872][2764][INFO] [CMD:1001]{"token":"bcgkjgbllut7qh2tn4nujrkmo5","acc":"v6hrwzMYhvXU"}
[2021-09-15 11:36:21.872][2764][INFO] [CMD:1011]{"token":"bcgkjgbllut7qh2tn4nujrkmo5","acc":"v6hrwzMYhvXU"}
[2021-09-15 11:36:21.876][2764][INFO] [CMD:1023]{"token":"bcgkjgbllut7qh2tn4nujrkmo5","acc":"v6hrwzMYhvXU"}
[2021-09-15 11:36:23.569][2764][INFO] [CMD:1044]{"token":"bcgkjgbllut7qh2tn4nujrkmo5","acc":"v6hrwzMYhvXU"}
[2021-09-15 11:43:12.840][2764][INFO] [CMD:101][ACC:v6hrwzMYhvXU]
[2021-09-15 11:43:13.102][2764][INFO] [CMD:1025]{"token":"m1bais3epu90anqeu82vb0fci4","acc":"v6hrwzMYhvXU"}
[2021-09-15 11:43:13.122][2764][INFO] [CMD:1028]{"token":"m1bais3epu90anqeu82vb0fci4","acc":"v6hrwzMYhvXU"}
[2021-09-15 11:43:13.122][2764][INFO] [CMD:1021]{"token":"m1bais3epu90anqeu82vb0fci4","acc":"v6hrwzMYhvXU"}
[2021-09-15 11:43:21.029][2764][INFO] [CMD:1023]{"token":"m1bais3epu90anqeu82vb0fci4","acc":"v6hrwzMYhvXU"}
[2021-09-15 11:43:21.031][2764][INFO] [CMD:1001]{"token":"m1bais3epu90anqeu82vb0fci4","acc":"v6hrwzMYhvXU"}
[2021-09-15 11:43:21.046][2764][INFO] [CMD:1011]{"token":"m1bais3epu90anqeu82vb0fci4","acc":"v6hrwzMYhvXU"}
[2021-09-15 11:43:22.854][2764][INFO] [CMD:1044]{"token":"m1bais3epu90anqeu82vb0fci4","acc":"v6hrwzMYhvXU"}
[2021-09-15 11:47:56.796][2764][INFO] [CMD:101][ACC:v6hrwzMYhvXU]
[2021-09-15 11:47:56.964][2764][INFO] [CMD:1028]{"token":"qqbn9ia6m41vdk7ucmoc5l5tf1","acc":"v6hrwzMYhvXU"}
[2021-09-15 11:47:56.987][2764][INFO] [CMD:1025]{"token":"qqbn9ia6m41vdk7ucmoc5l5tf1","acc":"v6hrwzMYhvXU"}
[2021-09-15 11:47:57.002][2764][INFO] [CMD:1021]{"token":"qqbn9ia6m41vdk7ucmoc5l5tf1","acc":"v6hrwzMYhvXU"}
[2021-09-15 11:48:01.991][2764][INFO] [CMD:1001]{"token":"qqbn9ia6m41vdk7ucmoc5l5tf1","acc":"v6hrwzMYhvXU"}
[2021-09-15 11:48:01.996][2764][INFO] [CMD:1023]{"token":"qqbn9ia6m41vdk7ucmoc5l5tf1","acc":"v6hrwzMYhvXU"}
[2021-09-15 11:48:02.015][2764][INFO] [CMD:1011]{"token":"qqbn9ia6m41vdk7ucmoc5l5tf1","acc":"v6hrwzMYhvXU"}
[2021-09-15 11:48:03.732][2764][INFO] [CMD:1044]{"token":"qqbn9ia6m41vdk7ucmoc5l5tf1","acc":"v6hrwzMYhvXU"}
[2021-09-15 11:48:20.532][2764][INFO] [CMD:1008]{"token":"qqbn9ia6m41vdk7ucmoc5l5tf1","acc":"v6hrwzMYhvXU","creaftId":29,"count":1}
[2021-09-15 11:48:20.748][2764][INFO] [CMD:1045]{"token":"qqbn9ia6m41vdk7ucmoc5l5tf1","acc":"v6hrwzMYhvXU","missionId":3,"missionType":1,"count":1}
[2021-09-15 11:48:20.757][2764][INFO] [CMD:1001]{"token":"qqbn9ia6m41vdk7ucmoc5l5tf1","acc":"v6hrwzMYhvXU"}
[2021-09-15 11:49:44.046][2764][INFO] [CMD:101][ACC:v6hrwzMYhvXU]
[2021-09-15 11:49:44.197][2764][INFO] [CMD:1025]{"token":"uqtbaee23kh6aq07n6jujtcgbd","acc":"v6hrwzMYhvXU"}
[2021-09-15 11:49:44.210][2764][INFO] [CMD:1028]{"token":"uqtbaee23kh6aq07n6jujtcgbd","acc":"v6hrwzMYhvXU"}
[2021-09-15 11:49:44.216][2764][INFO] [CMD:1021]{"token":"uqtbaee23kh6aq07n6jujtcgbd","acc":"v6hrwzMYhvXU"}
[2021-09-15 11:49:49.131][2764][INFO] [CMD:1001]{"token":"uqtbaee23kh6aq07n6jujtcgbd","acc":"v6hrwzMYhvXU"}
[2021-09-15 11:49:49.145][2764][INFO] [CMD:1023]{"token":"uqtbaee23kh6aq07n6jujtcgbd","acc":"v6hrwzMYhvXU"}
[2021-09-15 11:49:49.145][2764][INFO] [CMD:1011]{"token":"uqtbaee23kh6aq07n6jujtcgbd","acc":"v6hrwzMYhvXU"}
[2021-09-15 11:49:51.820][2764][INFO] [CMD:1044]{"token":"uqtbaee23kh6aq07n6jujtcgbd","acc":"v6hrwzMYhvXU"}
[2021-09-15 11:50:00.766][2764][INFO] [CMD:1011]{"token":"uqtbaee23kh6aq07n6jujtcgbd","acc":"v6hrwzMYhvXU"}
[2021-09-15 12:00:57.255][2764][INFO] [CMD:101][ACC:v6hrwzMYhvXU]
[2021-09-15 12:00:57.624][2764][INFO] [CMD:1025]{"token":"ej38cinfn0l3hil52mu1s015g2","acc":"v6hrwzMYhvXU"}
[2021-09-15 12:00:57.643][2764][INFO] [CMD:1021]{"token":"ej38cinfn0l3hil52mu1s015g2","acc":"v6hrwzMYhvXU"}
[2021-09-15 12:00:57.654][2764][INFO] [CMD:1028]{"token":"ej38cinfn0l3hil52mu1s015g2","acc":"v6hrwzMYhvXU"}
[2021-09-15 12:01:02.798][2764][INFO] [CMD:1023]{"token":"ej38cinfn0l3hil52mu1s015g2","acc":"v6hrwzMYhvXU"}
[2021-09-15 12:01:02.798][2764][INFO] [CMD:1001]{"token":"ej38cinfn0l3hil52mu1s015g2","acc":"v6hrwzMYhvXU"}
[2021-09-15 12:01:02.805][2764][INFO] [CMD:1011]{"token":"ej38cinfn0l3hil52mu1s015g2","acc":"v6hrwzMYhvXU"}
[2021-09-15 12:01:04.746][2764][INFO] [CMD:1044]{"token":"ej38cinfn0l3hil52mu1s015g2","acc":"v6hrwzMYhvXU"}
[2021-09-15 12:03:50.210][2764][INFO] [CMD:101][ACC:v6hrwzMYhvXU]
[2021-09-15 12:03:50.341][2764][INFO] [CMD:1025]{"token":"82i1nev6fvmr7tb3su17g4msaf","acc":"v6hrwzMYhvXU"}
[2021-09-15 12:03:50.368][2764][INFO] [CMD:1021]{"token":"82i1nev6fvmr7tb3su17g4msaf","acc":"v6hrwzMYhvXU"}
[2021-09-15 12:03:50.368][2764][INFO] [CMD:1028]{"token":"82i1nev6fvmr7tb3su17g4msaf","acc":"v6hrwzMYhvXU"}
[2021-09-15 12:03:55.418][2764][INFO] [CMD:1011]{"token":"82i1nev6fvmr7tb3su17g4msaf","acc":"v6hrwzMYhvXU"}
[2021-09-15 12:03:55.432][2764][INFO] [CMD:1023]{"token":"82i1nev6fvmr7tb3su17g4msaf","acc":"v6hrwzMYhvXU"}
[2021-09-15 12:03:55.445][2764][INFO] [CMD:1001]{"token":"82i1nev6fvmr7tb3su17g4msaf","acc":"v6hrwzMYhvXU"}
[2021-09-15 12:03:57.147][2764][INFO] [CMD:1044]{"token":"82i1nev6fvmr7tb3su17g4msaf","acc":"v6hrwzMYhvXU"}
[2021-09-15 12:05:20.910][2764][INFO] [CMD:101][ACC:v6hrwzMYhvXU]
[2021-09-15 12:05:21.267][2764][INFO] [CMD:1025]{"token":"ar2slmb6stkg0vgpraagqtjchb","acc":"v6hrwzMYhvXU"}
[2021-09-15 12:05:21.282][2764][INFO] [CMD:1028]{"token":"ar2slmb6stkg0vgpraagqtjchb","acc":"v6hrwzMYhvXU"}
[2021-09-15 12:05:21.282][2764][INFO] [CMD:1021]{"token":"ar2slmb6stkg0vgpraagqtjchb","acc":"v6hrwzMYhvXU"}
[2021-09-15 12:05:26.312][2764][INFO] [CMD:1011]{"token":"ar2slmb6stkg0vgpraagqtjchb","acc":"v6hrwzMYhvXU"}
[2021-09-15 12:05:26.326][2764][INFO] [CMD:1001]{"token":"ar2slmb6stkg0vgpraagqtjchb","acc":"v6hrwzMYhvXU"}
[2021-09-15 12:05:26.337][2764][INFO] [CMD:1023]{"token":"ar2slmb6stkg0vgpraagqtjchb","acc":"v6hrwzMYhvXU"}
[2021-09-15 12:05:28.183][2764][INFO] [CMD:1044]{"token":"ar2slmb6stkg0vgpraagqtjchb","acc":"v6hrwzMYhvXU"}
[2021-09-15 13:00:34.290][2764][INFO] [CMD:1044]{"token":"ar2slmb6stkg0vgpraagqtjchb","acc":"v6hrwzMYhvXU"}
[2021-09-15 13:00:43.590][2764][INFO] [CMD:1008]{"token":"ar2slmb6stkg0vgpraagqtjchb","acc":"v6hrwzMYhvXU","creaftId":29,"count":1}
[2021-09-15 13:00:44.068][2764][INFO] [CMD:1045]{"token":"ar2slmb6stkg0vgpraagqtjchb","acc":"v6hrwzMYhvXU","missionId":3,"missionType":1,"count":1}
[2021-09-15 13:00:44.088][2764][INFO] [CMD:1001]{"token":"ar2slmb6stkg0vgpraagqtjchb","acc":"v6hrwzMYhvXU"}
[2021-09-15 13:03:40.128][2764][INFO] [CMD:101][ACC:v6hrwzMYhvXU]
[2021-09-15 13:03:40.348][2764][INFO] [CMD:1028]{"token":"vaabkq8fqlr8qq8a0fjrc1qg01","acc":"v6hrwzMYhvXU"}
[2021-09-15 13:03:40.363][2764][INFO] [CMD:1025]{"token":"vaabkq8fqlr8qq8a0fjrc1qg01","acc":"v6hrwzMYhvXU"}
[2021-09-15 13:03:40.379][2764][INFO] [CMD:1021]{"token":"vaabkq8fqlr8qq8a0fjrc1qg01","acc":"v6hrwzMYhvXU"}
[2021-09-15 13:03:45.460][2764][INFO] [CMD:1001]{"token":"vaabkq8fqlr8qq8a0fjrc1qg01","acc":"v6hrwzMYhvXU"}
[2021-09-15 13:03:45.462][2764][INFO] [CMD:1011]{"token":"vaabkq8fqlr8qq8a0fjrc1qg01","acc":"v6hrwzMYhvXU"}
[2021-09-15 13:03:45.465][2764][INFO] [CMD:1023]{"token":"vaabkq8fqlr8qq8a0fjrc1qg01","acc":"v6hrwzMYhvXU"}
[2021-09-15 13:03:46.993][2764][INFO] [CMD:1044]{"token":"vaabkq8fqlr8qq8a0fjrc1qg01","acc":"v6hrwzMYhvXU"}
[2021-09-15 13:08:37.700][2764][INFO] [CMD:101][ACC:v6hrwzMYhvXU]
[2021-09-15 13:08:38.126][2764][INFO] [CMD:1028]{"token":"n06rl5f4fnmuu4gsfbp5d4qsgu","acc":"v6hrwzMYhvXU"}
[2021-09-15 13:08:38.139][2764][INFO] [CMD:1025]{"token":"n06rl5f4fnmuu4gsfbp5d4qsgu","acc":"v6hrwzMYhvXU"}
[2021-09-15 13:08:38.161][2764][INFO] [CMD:1021]{"token":"n06rl5f4fnmuu4gsfbp5d4qsgu","acc":"v6hrwzMYhvXU"}
[2021-09-15 13:08:43.114][2764][INFO] [CMD:1011]{"token":"n06rl5f4fnmuu4gsfbp5d4qsgu","acc":"v6hrwzMYhvXU"}
[2021-09-15 13:08:43.116][2764][INFO] [CMD:1023]{"token":"n06rl5f4fnmuu4gsfbp5d4qsgu","acc":"v6hrwzMYhvXU"}
[2021-09-15 13:08:43.117][2764][INFO] [CMD:1001]{"token":"n06rl5f4fnmuu4gsfbp5d4qsgu","acc":"v6hrwzMYhvXU"}
[2021-09-15 13:08:52.135][2764][INFO] [CMD:1044]{"token":"n06rl5f4fnmuu4gsfbp5d4qsgu","acc":"v6hrwzMYhvXU"}
[2021-09-15 13:10:34.499][2764][INFO] [CMD:100]
[2021-09-15 13:10:35.455][2764][INFO] [CMD:101][ACC:AepslUaEvkhS]
[2021-09-15 13:10:35.833][2764][INFO] [CMD:1025]{"token":"8f1leqopc2d2b8ec6t939ig7i6","acc":"AepslUaEvkhS"}
[2021-09-15 13:10:35.868][2764][INFO] [CMD:1021]{"token":"8f1leqopc2d2b8ec6t939ig7i6","acc":"AepslUaEvkhS"}
[2021-09-15 13:10:35.868][2764][INFO] [CMD:1028]{"token":"8f1leqopc2d2b8ec6t939ig7i6","acc":"AepslUaEvkhS"}
[2021-09-15 13:10:38.469][2764][INFO] [CMD:1011]{"token":"8f1leqopc2d2b8ec6t939ig7i6","acc":"AepslUaEvkhS"}
[2021-09-15 13:10:41.789][2764][INFO] [CMD:1029]{"token":"8f1leqopc2d2b8ec6t939ig7i6","acc":"AepslUaEvkhS"}
[2021-09-15 13:10:45.177][2764][INFO] [CMD:1011]{"token":"8f1leqopc2d2b8ec6t939ig7i6","acc":"AepslUaEvkhS"}
[2021-09-15 13:10:45.178][2764][INFO] [CMD:1001]{"token":"8f1leqopc2d2b8ec6t939ig7i6","acc":"AepslUaEvkhS"}
[2021-09-15 13:10:45.179][2764][INFO] [CMD:1023]{"token":"8f1leqopc2d2b8ec6t939ig7i6","acc":"AepslUaEvkhS"}
[2021-09-15 13:11:03.415][2764][INFO] [CMD:1001]{"token":"8f1leqopc2d2b8ec6t939ig7i6","acc":"AepslUaEvkhS"}
[2021-09-15 13:11:03.416][2764][INFO] [CMD:1011]{"token":"8f1leqopc2d2b8ec6t939ig7i6","acc":"AepslUaEvkhS"}
[2021-09-15 13:11:06.806][2764][INFO] [CMD:1008]{"token":"8f1leqopc2d2b8ec6t939ig7i6","acc":"AepslUaEvkhS","creaftId":29,"count":1}
[2021-09-15 13:11:06.968][2764][INFO] [CMD:1045]{"token":"8f1leqopc2d2b8ec6t939ig7i6","acc":"AepslUaEvkhS","missionId":3,"missionType":1,"count":1}
[2021-09-15 13:11:06.978][2764][INFO] [CMD:1001]{"token":"8f1leqopc2d2b8ec6t939ig7i6","acc":"AepslUaEvkhS"}
[2021-09-15 13:11:17.474][2764][INFO] [CMD:1008]{"token":"8f1leqopc2d2b8ec6t939ig7i6","acc":"AepslUaEvkhS","creaftId":29,"count":1}
[2021-09-15 13:11:17.654][2764][INFO] [CMD:1045]{"token":"8f1leqopc2d2b8ec6t939ig7i6","acc":"AepslUaEvkhS","missionId":3,"missionType":1,"count":1}
[2021-09-15 13:11:17.662][2764][INFO] [CMD:1001]{"token":"8f1leqopc2d2b8ec6t939ig7i6","acc":"AepslUaEvkhS"}
[2021-09-15 13:11:19.673][2764][INFO] [CMD:1044]{"token":"8f1leqopc2d2b8ec6t939ig7i6","acc":"AepslUaEvkhS"}
[2021-09-15 13:11:42.426][2764][INFO] [CMD:1008]{"token":"8f1leqopc2d2b8ec6t939ig7i6","acc":"AepslUaEvkhS","creaftId":2,"count":3}
[2021-09-15 13:11:42.918][2764][INFO] [CMD:1045]{"token":"8f1leqopc2d2b8ec6t939ig7i6","acc":"AepslUaEvkhS","missionId":3,"missionType":1,"count":3}
[2021-09-15 13:11:42.926][2764][INFO] [CMD:1001]{"token":"8f1leqopc2d2b8ec6t939ig7i6","acc":"AepslUaEvkhS"}
[2021-09-15 13:11:44.401][2764][INFO] [CMD:1044]{"token":"8f1leqopc2d2b8ec6t939ig7i6","acc":"AepslUaEvkhS"}
[2021-09-15 13:14:30.493][2764][INFO] [CMD:101][ACC:v6hrwzMYhvXU]
[2021-09-15 13:14:30.758][2764][INFO] [CMD:1025]{"token":"8n806h8u40j72r0hpnf2il8aqk","acc":"v6hrwzMYhvXU"}
[2021-09-15 13:14:30.772][2764][INFO] [CMD:1021]{"token":"8n806h8u40j72r0hpnf2il8aqk","acc":"v6hrwzMYhvXU"}
[2021-09-15 13:14:30.777][2764][INFO] [CMD:1028]{"token":"8n806h8u40j72r0hpnf2il8aqk","acc":"v6hrwzMYhvXU"}
[2021-09-15 13:14:35.810][2764][INFO] [CMD:1023]{"token":"8n806h8u40j72r0hpnf2il8aqk","acc":"v6hrwzMYhvXU"}
[2021-09-15 13:14:35.812][2764][INFO] [CMD:1001]{"token":"8n806h8u40j72r0hpnf2il8aqk","acc":"v6hrwzMYhvXU"}
[2021-09-15 13:14:35.815][2764][INFO] [CMD:1011]{"token":"8n806h8u40j72r0hpnf2il8aqk","acc":"v6hrwzMYhvXU"}
[2021-09-15 13:17:52.284][2764][INFO] [CMD:101][ACC:v6hrwzMYhvXU]
[2021-09-15 13:17:53.245][2764][INFO] [CMD:1028]{"token":"mccluia62coh5gv3nsnuq2cohn","acc":"v6hrwzMYhvXU"}
[2021-09-15 13:17:53.250][2764][INFO] [CMD:1025]{"token":"mccluia62coh5gv3nsnuq2cohn","acc":"v6hrwzMYhvXU"}
[2021-09-15 13:17:53.251][2764][INFO] [CMD:1021]{"token":"mccluia62coh5gv3nsnuq2cohn","acc":"v6hrwzMYhvXU"}
[2021-09-15 13:17:58.012][2764][INFO] [CMD:1011]{"token":"mccluia62coh5gv3nsnuq2cohn","acc":"v6hrwzMYhvXU"}
[2021-09-15 13:17:58.013][2764][INFO] [CMD:1001]{"token":"mccluia62coh5gv3nsnuq2cohn","acc":"v6hrwzMYhvXU"}
[2021-09-15 13:17:58.989][2764][INFO] [CMD:1023]{"token":"mccluia62coh5gv3nsnuq2cohn","acc":"v6hrwzMYhvXU"}
[2021-09-15 13:18:26.608][2764][INFO] [CMD:101][ACC:v6hrwzMYhvXU]
[2021-09-15 13:18:27.310][2764][INFO] [CMD:1021]{"token":"t1veeusaq3stvva0sf4jjea1fb","acc":"v6hrwzMYhvXU"}
[2021-09-15 13:18:27.314][2764][INFO] [CMD:1025]{"token":"t1veeusaq3stvva0sf4jjea1fb","acc":"v6hrwzMYhvXU"}
[2021-09-15 13:18:27.314][2764][INFO] [CMD:1028]{"token":"t1veeusaq3stvva0sf4jjea1fb","acc":"v6hrwzMYhvXU"}
[2021-09-15 13:18:32.399][2764][INFO] [CMD:1001]{"token":"t1veeusaq3stvva0sf4jjea1fb","acc":"v6hrwzMYhvXU"}
[2021-09-15 13:18:32.399][2764][INFO] [CMD:1023]{"token":"t1veeusaq3stvva0sf4jjea1fb","acc":"v6hrwzMYhvXU"}
[2021-09-15 13:18:32.399][2764][INFO] [CMD:1011]{"token":"t1veeusaq3stvva0sf4jjea1fb","acc":"v6hrwzMYhvXU"}
[2021-09-15 13:19:30.381][2764][INFO] [CMD:1044]{"token":"t1veeusaq3stvva0sf4jjea1fb","acc":"v6hrwzMYhvXU"}
[2021-09-15 13:19:41.935][2764][INFO] [CMD:101][ACC:v6hrwzMYhvXU]
[2021-09-15 13:19:42.619][2764][INFO] [CMD:1025]{"token":"l8cg0r4pp7bnjvfmot7tso2r6f","acc":"v6hrwzMYhvXU"}
[2021-09-15 13:19:42.627][2764][INFO] [CMD:1028]{"token":"l8cg0r4pp7bnjvfmot7tso2r6f","acc":"v6hrwzMYhvXU"}
[2021-09-15 13:19:42.652][2764][INFO] [CMD:1021]{"token":"l8cg0r4pp7bnjvfmot7tso2r6f","acc":"v6hrwzMYhvXU"}
[2021-09-15 13:19:47.577][2764][INFO] [CMD:1023]{"token":"l8cg0r4pp7bnjvfmot7tso2r6f","acc":"v6hrwzMYhvXU"}
[2021-09-15 13:19:47.583][2764][INFO] [CMD:1001]{"token":"l8cg0r4pp7bnjvfmot7tso2r6f","acc":"v6hrwzMYhvXU"}
[2021-09-15 13:19:47.585][2764][INFO] [CMD:1011]{"token":"l8cg0r4pp7bnjvfmot7tso2r6f","acc":"v6hrwzMYhvXU"}
[2021-09-15 13:20:14.617][2764][INFO] [CMD:101][ACC:v6hrwzMYhvXU]
[2021-09-15 13:20:15.294][2764][INFO] [CMD:1028]{"token":"67di1go8rllq1cofovldbgmidr","acc":"v6hrwzMYhvXU"}
[2021-09-15 13:20:15.318][2764][INFO] [CMD:1025]{"token":"67di1go8rllq1cofovldbgmidr","acc":"v6hrwzMYhvXU"}
[2021-09-15 13:20:15.334][2764][INFO] [CMD:1021]{"token":"67di1go8rllq1cofovldbgmidr","acc":"v6hrwzMYhvXU"}
[2021-09-15 13:20:20.514][2764][INFO] [CMD:1011]{"token":"67di1go8rllq1cofovldbgmidr","acc":"v6hrwzMYhvXU"}
[2021-09-15 13:20:20.515][2764][INFO] [CMD:1023]{"token":"67di1go8rllq1cofovldbgmidr","acc":"v6hrwzMYhvXU"}
[2021-09-15 13:20:20.515][2764][INFO] [CMD:1001]{"token":"67di1go8rllq1cofovldbgmidr","acc":"v6hrwzMYhvXU"}
[2021-09-15 13:22:54.230][2764][INFO] [CMD:101][ACC:v6hrwzMYhvXU]
[2021-09-15 13:22:54.622][2764][INFO] [CMD:1028]{"token":"lm3e9gtil75ma642cr5e57frc0","acc":"v6hrwzMYhvXU"}
[2021-09-15 13:22:54.624][2764][INFO] [CMD:1025]{"token":"lm3e9gtil75ma642cr5e57frc0","acc":"v6hrwzMYhvXU"}
[2021-09-15 13:22:54.625][2764][INFO] [CMD:1021]{"token":"lm3e9gtil75ma642cr5e57frc0","acc":"v6hrwzMYhvXU"}
[2021-09-15 13:23:13.145][2764][INFO] [CMD:1023]{"token":"lm3e9gtil75ma642cr5e57frc0","acc":"v6hrwzMYhvXU"}
[2021-09-15 13:23:13.148][2764][INFO] [CMD:1001]{"token":"lm3e9gtil75ma642cr5e57frc0","acc":"v6hrwzMYhvXU"}
[2021-09-15 13:23:13.161][2764][INFO] [CMD:1011]{"token":"lm3e9gtil75ma642cr5e57frc0","acc":"v6hrwzMYhvXU"}
[2021-09-15 13:26:38.163][2764][INFO] [CMD:101][ACC:v6hrwzMYhvXU]
[2021-09-15 13:26:38.552][2764][INFO] [CMD:1025]{"token":"5pod6lrkkdmq5ch4qb30dj3qvp","acc":"v6hrwzMYhvXU"}
[2021-09-15 13:26:38.561][2764][INFO] [CMD:1028]{"token":"5pod6lrkkdmq5ch4qb30dj3qvp","acc":"v6hrwzMYhvXU"}
[2021-09-15 13:26:38.580][2764][INFO] [CMD:1021]{"token":"5pod6lrkkdmq5ch4qb30dj3qvp","acc":"v6hrwzMYhvXU"}
[2021-09-15 13:26:43.431][2764][INFO] [CMD:1001]{"token":"5pod6lrkkdmq5ch4qb30dj3qvp","acc":"v6hrwzMYhvXU"}
[2021-09-15 13:26:43.434][2764][INFO] [CMD:1023]{"token":"5pod6lrkkdmq5ch4qb30dj3qvp","acc":"v6hrwzMYhvXU"}
[2021-09-15 13:26:43.449][2764][INFO] [CMD:1011]{"token":"5pod6lrkkdmq5ch4qb30dj3qvp","acc":"v6hrwzMYhvXU"}
[2021-09-15 13:27:01.002][2764][INFO] [CMD:1041]{"token":"5pod6lrkkdmq5ch4qb30dj3qvp","acc":"v6hrwzMYhvXU","point":1000,"money":300,"email":"gggg@ggg.com"}
[2021-09-15 13:27:08.479][2764][INFO] [CMD:1019]{"token":"5pod6lrkkdmq5ch4qb30dj3qvp","acc":"v6hrwzMYhvXU","page":1}
[2021-09-15 13:27:09.497][2764][INFO] [CMD:1020]{"token":"5pod6lrkkdmq5ch4qb30dj3qvp","acc":"v6hrwzMYhvXU","guid":123}
[2021-09-15 13:27:10.142][2764][INFO] [CMD:1019]{"token":"5pod6lrkkdmq5ch4qb30dj3qvp","acc":"v6hrwzMYhvXU","page":1}
[2021-09-15 13:30:05.708][2764][INFO] [CMD:101][ACC:v6hrwzMYhvXU]
[2021-09-15 13:30:05.998][2764][INFO] [CMD:1025]{"token":"acogdsoc27hf043d02c8cjnv8m","acc":"v6hrwzMYhvXU"}
[2021-09-15 13:30:06.013][2764][INFO] [CMD:1028]{"token":"acogdsoc27hf043d02c8cjnv8m","acc":"v6hrwzMYhvXU"}
[2021-09-15 13:30:06.016][2764][INFO] [CMD:1021]{"token":"acogdsoc27hf043d02c8cjnv8m","acc":"v6hrwzMYhvXU"}
[2021-09-15 13:31:14.131][2764][INFO] [CMD:1023]{"token":"acogdsoc27hf043d02c8cjnv8m","acc":"v6hrwzMYhvXU"}
[2021-09-15 13:31:14.131][2764][INFO] [CMD:1011]{"token":"acogdsoc27hf043d02c8cjnv8m","acc":"v6hrwzMYhvXU"}
[2021-09-15 13:31:14.132][2764][INFO] [CMD:1001]{"token":"acogdsoc27hf043d02c8cjnv8m","acc":"v6hrwzMYhvXU"}
[2021-09-15 13:33:13.348][2764][INFO] [CMD:101][ACC:v6hrwzMYhvXU]
[2021-09-15 13:33:13.883][2764][INFO] [CMD:1025]{"token":"od8ivkgapb3fg79n7n03mf6vpc","acc":"v6hrwzMYhvXU"}
[2021-09-15 13:33:13.897][2764][INFO] [CMD:1021]{"token":"od8ivkgapb3fg79n7n03mf6vpc","acc":"v6hrwzMYhvXU"}
[2021-09-15 13:33:13.922][2764][INFO] [CMD:1028]{"token":"od8ivkgapb3fg79n7n03mf6vpc","acc":"v6hrwzMYhvXU"}
[2021-09-15 13:33:19.623][2764][INFO] [CMD:1011]{"token":"od8ivkgapb3fg79n7n03mf6vpc","acc":"v6hrwzMYhvXU"}
[2021-09-15 13:33:19.624][2764][INFO] [CMD:1001]{"token":"od8ivkgapb3fg79n7n03mf6vpc","acc":"v6hrwzMYhvXU"}
[2021-09-15 13:33:19.625][2764][INFO] [CMD:1023]{"token":"od8ivkgapb3fg79n7n03mf6vpc","acc":"v6hrwzMYhvXU"}
[2021-09-15 13:36:35.224][2764][INFO] [CMD:1041]{"token":"od8ivkgapb3fg79n7n03mf6vpc","acc":"v6hrwzMYhvXU","point":1000,"money":300,"email":"gggg@ggg.com"}
[2021-09-15 14:07:38.022][2764][INFO] [CMD:101][ACC:v6hrwzMYhvXU]
[2021-09-15 14:07:38.356][2764][INFO] [CMD:1025]{"token":"qklgmo5o76k1g6uqp64htjkuq3","acc":"v6hrwzMYhvXU"}
[2021-09-15 14:07:38.373][2764][INFO] [CMD:1028]{"token":"qklgmo5o76k1g6uqp64htjkuq3","acc":"v6hrwzMYhvXU"}
[2021-09-15 14:07:38.379][2764][INFO] [CMD:1021]{"token":"qklgmo5o76k1g6uqp64htjkuq3","acc":"v6hrwzMYhvXU"}
[2021-09-15 14:07:43.656][2764][INFO] [CMD:1011]{"token":"qklgmo5o76k1g6uqp64htjkuq3","acc":"v6hrwzMYhvXU"}
[2021-09-15 14:07:43.664][2764][INFO] [CMD:1001]{"token":"qklgmo5o76k1g6uqp64htjkuq3","acc":"v6hrwzMYhvXU"}
[2021-09-15 14:07:43.667][2764][INFO] [CMD:1023]{"token":"qklgmo5o76k1g6uqp64htjkuq3","acc":"v6hrwzMYhvXU"}
[2021-09-15 14:07:48.820][2764][INFO] [CMD:1044]{"token":"qklgmo5o76k1g6uqp64htjkuq3","acc":"v6hrwzMYhvXU"}
[2021-09-15 14:07:51.772][2764][INFO] [CMD:1046]{"token":"qklgmo5o76k1g6uqp64htjkuq3","acc":"v6hrwzMYhvXU","missionId":1,"missionType":1}
[2021-09-15 14:07:55.496][2764][INFO] [CMD:1046]{"token":"qklgmo5o76k1g6uqp64htjkuq3","acc":"v6hrwzMYhvXU","missionId":1004,"missionType":2}
[2021-09-15 14:08:05.864][2764][INFO] [CMD:1019]{"token":"qklgmo5o76k1g6uqp64htjkuq3","acc":"v6hrwzMYhvXU","page":1}
[2021-09-15 14:08:06.624][2764][INFO] [CMD:1020]{"token":"qklgmo5o76k1g6uqp64htjkuq3","acc":"v6hrwzMYhvXU","guid":124}
[2021-09-15 14:08:07.347][2764][INFO] [CMD:1019]{"token":"qklgmo5o76k1g6uqp64htjkuq3","acc":"v6hrwzMYhvXU","page":1}
[2021-09-15 14:08:09.650][2764][INFO] [CMD:1044]{"token":"qklgmo5o76k1g6uqp64htjkuq3","acc":"v6hrwzMYhvXU"}
[2021-09-15 14:10:41.101][2764][INFO] [CMD:101][ACC:v6hrwzMYhvXU]
[2021-09-15 14:10:41.513][2764][INFO] [CMD:1028]{"token":"49lihulp2d9tcerqel1pvkhhk2","acc":"v6hrwzMYhvXU"}
[2021-09-15 14:10:41.532][2764][INFO] [CMD:1025]{"token":"49lihulp2d9tcerqel1pvkhhk2","acc":"v6hrwzMYhvXU"}
[2021-09-15 14:10:41.547][2764][INFO] [CMD:1021]{"token":"49lihulp2d9tcerqel1pvkhhk2","acc":"v6hrwzMYhvXU"}
[2021-09-15 14:10:46.589][2764][INFO] [CMD:1011]{"token":"49lihulp2d9tcerqel1pvkhhk2","acc":"v6hrwzMYhvXU"}
[2021-09-15 14:10:46.606][2764][INFO] [CMD:1023]{"token":"49lihulp2d9tcerqel1pvkhhk2","acc":"v6hrwzMYhvXU"}
[2021-09-15 14:10:46.617][2764][INFO] [CMD:1001]{"token":"49lihulp2d9tcerqel1pvkhhk2","acc":"v6hrwzMYhvXU"}
[2021-09-15 14:11:45.817][2764][INFO] [CMD:101][ACC:v6hrwzMYhvXU]
[2021-09-15 14:11:46.294][2764][INFO] [CMD:1025]{"token":"615e3tmdpj4f2cks02jhicgs93","acc":"v6hrwzMYhvXU"}
[2021-09-15 14:11:46.299][2764][INFO] [CMD:1021]{"token":"615e3tmdpj4f2cks02jhicgs93","acc":"v6hrwzMYhvXU"}
[2021-09-15 14:11:46.323][2764][INFO] [CMD:1028]{"token":"615e3tmdpj4f2cks02jhicgs93","acc":"v6hrwzMYhvXU"}
[2021-09-15 14:11:51.462][2764][INFO] [CMD:1023]{"token":"615e3tmdpj4f2cks02jhicgs93","acc":"v6hrwzMYhvXU"}
[2021-09-15 14:11:51.689][2764][INFO] [CMD:1011]{"token":"615e3tmdpj4f2cks02jhicgs93","acc":"v6hrwzMYhvXU"}
[2021-09-15 14:11:51.691][2764][INFO] [CMD:1001]{"token":"615e3tmdpj4f2cks02jhicgs93","acc":"v6hrwzMYhvXU"}
[2021-09-15 14:12:03.297][2764][INFO] [CMD:1045]{"token":"615e3tmdpj4f2cks02jhicgs93","acc":"v6hrwzMYhvXU","missionId":4,"missionType":1,"count":1}
[2021-09-15 14:12:04.302][2764][INFO] [CMD:1002]{"token":"615e3tmdpj4f2cks02jhicgs93","acc":"v6hrwzMYhvXU","guid":374,"count":1}
[2021-09-15 14:12:07.323][2764][INFO] [CMD:1002]{"token":"615e3tmdpj4f2cks02jhicgs93","acc":"v6hrwzMYhvXU","guid":374,"count":1}
[2021-09-15 14:12:07.327][2764][INFO] [CMD:1045]{"token":"615e3tmdpj4f2cks02jhicgs93","acc":"v6hrwzMYhvXU","missionId":4,"missionType":1,"count":1}
[2021-09-15 14:12:08.274][2764][INFO] [CMD:1045]{"token":"615e3tmdpj4f2cks02jhicgs93","acc":"v6hrwzMYhvXU","missionId":4,"missionType":1,"count":1}
[2021-09-15 14:12:08.281][2764][INFO] [CMD:1002]{"token":"615e3tmdpj4f2cks02jhicgs93","acc":"v6hrwzMYhvXU","guid":374,"count":1}
[2021-09-15 14:12:08.828][2764][INFO] [CMD:1002]{"token":"615e3tmdpj4f2cks02jhicgs93","acc":"v6hrwzMYhvXU","guid":374,"count":1}
[2021-09-15 14:12:08.847][2764][INFO] [CMD:1045]{"token":"615e3tmdpj4f2cks02jhicgs93","acc":"v6hrwzMYhvXU","missionId":4,"missionType":1,"count":1}
[2021-09-15 14:12:09.481][2764][INFO] [CMD:1002]{"token":"615e3tmdpj4f2cks02jhicgs93","acc":"v6hrwzMYhvXU","guid":374,"count":1}
[2021-09-15 14:12:09.739][2764][INFO] [CMD:1045]{"token":"615e3tmdpj4f2cks02jhicgs93","acc":"v6hrwzMYhvXU","missionId":4,"missionType":1,"count":1}
[2021-09-15 14:12:10.036][2764][INFO] [CMD:1002]{"token":"615e3tmdpj4f2cks02jhicgs93","acc":"v6hrwzMYhvXU","guid":374,"count":1}
[2021-09-15 14:12:10.049][2764][INFO] [CMD:1045]{"token":"615e3tmdpj4f2cks02jhicgs93","acc":"v6hrwzMYhvXU","missionId":4,"missionType":1,"count":1}
[2021-09-15 14:12:10.746][2764][INFO] [CMD:1002]{"token":"615e3tmdpj4f2cks02jhicgs93","acc":"v6hrwzMYhvXU","guid":374,"count":1}
[2021-09-15 14:12:10.759][2764][INFO] [CMD:1045]{"token":"615e3tmdpj4f2cks02jhicgs93","acc":"v6hrwzMYhvXU","missionId":4,"missionType":1,"count":1}
[2021-09-15 14:12:11.340][2764][INFO] [CMD:1045]{"token":"615e3tmdpj4f2cks02jhicgs93","acc":"v6hrwzMYhvXU","missionId":4,"missionType":1,"count":1}
[2021-09-15 14:12:11.344][2764][INFO] [CMD:1002]{"token":"615e3tmdpj4f2cks02jhicgs93","acc":"v6hrwzMYhvXU","guid":374,"count":1}
[2021-09-15 14:12:11.818][2764][INFO] [CMD:1002]{"token":"615e3tmdpj4f2cks02jhicgs93","acc":"v6hrwzMYhvXU","guid":374,"count":1}
[2021-09-15 14:12:11.831][2764][INFO] [CMD:1045]{"token":"615e3tmdpj4f2cks02jhicgs93","acc":"v6hrwzMYhvXU","missionId":4,"missionType":1,"count":1}
[2021-09-15 14:12:12.422][2764][INFO] [CMD:1045]{"token":"615e3tmdpj4f2cks02jhicgs93","acc":"v6hrwzMYhvXU","missionId":4,"missionType":1,"count":1}
[2021-09-15 14:12:12.424][2764][INFO] [CMD:1002]{"token":"615e3tmdpj4f2cks02jhicgs93","acc":"v6hrwzMYhvXU","guid":374,"count":1}
[2021-09-15 14:12:13.021][2764][INFO] [CMD:1002]{"token":"615e3tmdpj4f2cks02jhicgs93","acc":"v6hrwzMYhvXU","guid":374,"count":1}
[2021-09-15 14:12:13.037][2764][INFO] [CMD:1045]{"token":"615e3tmdpj4f2cks02jhicgs93","acc":"v6hrwzMYhvXU","missionId":4,"missionType":1,"count":1}
[2021-09-15 14:12:13.578][2764][INFO] [CMD:1002]{"token":"615e3tmdpj4f2cks02jhicgs93","acc":"v6hrwzMYhvXU","guid":374,"count":1}
[2021-09-15 14:12:13.593][2764][INFO] [CMD:1045]{"token":"615e3tmdpj4f2cks02jhicgs93","acc":"v6hrwzMYhvXU","missionId":4,"missionType":1,"count":1}
[2021-09-15 14:12:14.111][2764][INFO] [CMD:1002]{"token":"615e3tmdpj4f2cks02jhicgs93","acc":"v6hrwzMYhvXU","guid":374,"count":1}
[2021-09-15 14:12:14.122][2764][INFO] [CMD:1045]{"token":"615e3tmdpj4f2cks02jhicgs93","acc":"v6hrwzMYhvXU","missionId":4,"missionType":1,"count":1}
[2021-09-15 14:12:14.774][2764][INFO] [CMD:1002]{"token":"615e3tmdpj4f2cks02jhicgs93","acc":"v6hrwzMYhvXU","guid":374,"count":1}
[2021-09-15 14:12:15.239][2764][INFO] [CMD:1002]{"token":"615e3tmdpj4f2cks02jhicgs93","acc":"v6hrwzMYhvXU","guid":374,"count":1}
[2021-09-15 14:12:15.239][2764][INFO] [CMD:1045]{"token":"615e3tmdpj4f2cks02jhicgs93","acc":"v6hrwzMYhvXU","missionId":4,"missionType":1,"count":1}
[2021-09-15 14:12:15.777][2764][INFO] [CMD:1045]{"token":"615e3tmdpj4f2cks02jhicgs93","acc":"v6hrwzMYhvXU","missionId":4,"missionType":1,"count":1}
[2021-09-15 14:12:15.842][2764][INFO] [CMD:1002]{"token":"615e3tmdpj4f2cks02jhicgs93","acc":"v6hrwzMYhvXU","guid":374,"count":1}
[2021-09-15 14:12:15.845][2764][INFO] [CMD:1045]{"token":"615e3tmdpj4f2cks02jhicgs93","acc":"v6hrwzMYhvXU","missionId":4,"missionType":1,"count":1}
[2021-09-15 14:12:16.371][2764][INFO] [CMD:1002]{"token":"615e3tmdpj4f2cks02jhicgs93","acc":"v6hrwzMYhvXU","guid":374,"count":1}
[2021-09-15 14:12:16.373][2764][INFO] [CMD:1045]{"token":"615e3tmdpj4f2cks02jhicgs93","acc":"v6hrwzMYhvXU","missionId":4,"missionType":1,"count":1}
[2021-09-15 14:12:16.877][2764][INFO] [CMD:1002]{"token":"615e3tmdpj4f2cks02jhicgs93","acc":"v6hrwzMYhvXU","guid":374,"count":1}
[2021-09-15 14:12:16.880][2764][INFO] [CMD:1045]{"token":"615e3tmdpj4f2cks02jhicgs93","acc":"v6hrwzMYhvXU","missionId":4,"missionType":1,"count":1}
[2021-09-15 14:12:17.505][2764][INFO] [CMD:1045]{"token":"615e3tmdpj4f2cks02jhicgs93","acc":"v6hrwzMYhvXU","missionId":4,"missionType":1,"count":1}
[2021-09-15 14:12:17.511][2764][INFO] [CMD:1002]{"token":"615e3tmdpj4f2cks02jhicgs93","acc":"v6hrwzMYhvXU","guid":374,"count":1}
[2021-09-15 14:12:17.969][2764][INFO] [CMD:1002]{"token":"615e3tmdpj4f2cks02jhicgs93","acc":"v6hrwzMYhvXU","guid":374,"count":1}
[2021-09-15 14:12:17.990][2764][INFO] [CMD:1045]{"token":"615e3tmdpj4f2cks02jhicgs93","acc":"v6hrwzMYhvXU","missionId":4,"missionType":1,"count":1}
[2021-09-15 14:12:18.584][2764][INFO] [CMD:1002]{"token":"615e3tmdpj4f2cks02jhicgs93","acc":"v6hrwzMYhvXU","guid":374,"count":1}
[2021-09-15 14:12:18.596][2764][INFO] [CMD:1045]{"token":"615e3tmdpj4f2cks02jhicgs93","acc":"v6hrwzMYhvXU","missionId":4,"missionType":1,"count":1}
[2021-09-15 14:12:19.262][2764][INFO] [CMD:1002]{"token":"615e3tmdpj4f2cks02jhicgs93","acc":"v6hrwzMYhvXU","guid":374,"count":1}
[2021-09-15 14:12:19.264][2764][INFO] [CMD:1045]{"token":"615e3tmdpj4f2cks02jhicgs93","acc":"v6hrwzMYhvXU","missionId":4,"missionType":1,"count":1}
[2021-09-15 14:12:19.766][2764][INFO] [CMD:1002]{"token":"615e3tmdpj4f2cks02jhicgs93","acc":"v6hrwzMYhvXU","guid":374,"count":1}
[2021-09-15 14:12:19.782][2764][INFO] [CMD:1045]{"token":"615e3tmdpj4f2cks02jhicgs93","acc":"v6hrwzMYhvXU","missionId":4,"missionType":1,"count":1}
[2021-09-15 14:12:20.399][2764][INFO] [CMD:1002]{"token":"615e3tmdpj4f2cks02jhicgs93","acc":"v6hrwzMYhvXU","guid":374,"count":1}
[2021-09-15 14:12:20.402][2764][INFO] [CMD:1045]{"token":"615e3tmdpj4f2cks02jhicgs93","acc":"v6hrwzMYhvXU","missionId":4,"missionType":1,"count":1}
[2021-09-15 14:12:21.030][2764][INFO] [CMD:1045]{"token":"615e3tmdpj4f2cks02jhicgs93","acc":"v6hrwzMYhvXU","missionId":4,"missionType":1,"count":1}
[2021-09-15 14:12:21.031][2764][INFO] [CMD:1002]{"token":"615e3tmdpj4f2cks02jhicgs93","acc":"v6hrwzMYhvXU","guid":374,"count":1}
[2021-09-15 14:12:21.683][2764][INFO] [CMD:1002]{"token":"615e3tmdpj4f2cks02jhicgs93","acc":"v6hrwzMYhvXU","guid":374,"count":1}
[2021-09-15 14:12:21.688][2764][INFO] [CMD:1045]{"token":"615e3tmdpj4f2cks02jhicgs93","acc":"v6hrwzMYhvXU","missionId":4,"missionType":1,"count":1}
[2021-09-15 14:12:22.230][2764][INFO] [CMD:1045]{"token":"615e3tmdpj4f2cks02jhicgs93","acc":"v6hrwzMYhvXU","missionId":4,"missionType":1,"count":1}
[2021-09-15 14:12:22.234][2764][INFO] [CMD:1002]{"token":"615e3tmdpj4f2cks02jhicgs93","acc":"v6hrwzMYhvXU","guid":374,"count":1}
[2021-09-15 14:12:23.001][2764][INFO] [CMD:1045]{"token":"615e3tmdpj4f2cks02jhicgs93","acc":"v6hrwzMYhvXU","missionId":4,"missionType":1,"count":1}
[2021-09-15 14:12:23.224][2764][INFO] [CMD:1002]{"token":"615e3tmdpj4f2cks02jhicgs93","acc":"v6hrwzMYhvXU","guid":374,"count":1}
[2021-09-15 14:12:23.422][2764][INFO] [CMD:1045]{"token":"615e3tmdpj4f2cks02jhicgs93","acc":"v6hrwzMYhvXU","missionId":4,"missionType":1,"count":1}
[2021-09-15 14:12:23.424][2764][INFO] [CMD:1002]{"token":"615e3tmdpj4f2cks02jhicgs93","acc":"v6hrwzMYhvXU","guid":374,"count":1}
[2021-09-15 14:12:23.836][2764][INFO] [CMD:1045]{"token":"615e3tmdpj4f2cks02jhicgs93","acc":"v6hrwzMYhvXU","missionId":4,"missionType":1,"count":1}
[2021-09-15 14:12:23.837][2764][INFO] [CMD:1002]{"token":"615e3tmdpj4f2cks02jhicgs93","acc":"v6hrwzMYhvXU","guid":374,"count":1}
[2021-09-15 14:12:24.386][2764][INFO] [CMD:1045]{"token":"615e3tmdpj4f2cks02jhicgs93","acc":"v6hrwzMYhvXU","missionId":4,"missionType":1,"count":1}
[2021-09-15 14:12:24.392][2764][INFO] [CMD:1002]{"token":"615e3tmdpj4f2cks02jhicgs93","acc":"v6hrwzMYhvXU","guid":374,"count":1}
[2021-09-15 14:12:24.938][2764][INFO] [CMD:1002]{"token":"615e3tmdpj4f2cks02jhicgs93","acc":"v6hrwzMYhvXU","guid":374,"count":1}
[2021-09-15 14:12:24.950][2764][INFO] [CMD:1045]{"token":"615e3tmdpj4f2cks02jhicgs93","acc":"v6hrwzMYhvXU","missionId":4,"missionType":1,"count":1}
[2021-09-15 14:12:25.400][2764][INFO] [CMD:1002]{"token":"615e3tmdpj4f2cks02jhicgs93","acc":"v6hrwzMYhvXU","guid":374,"count":1}
[2021-09-15 14:12:25.404][2764][INFO] [CMD:1045]{"token":"615e3tmdpj4f2cks02jhicgs93","acc":"v6hrwzMYhvXU","missionId":4,"missionType":1,"count":1}
[2021-09-15 14:12:25.759][2764][INFO] [CMD:1002]{"token":"615e3tmdpj4f2cks02jhicgs93","acc":"v6hrwzMYhvXU","guid":374,"count":1}
[2021-09-15 14:12:25.785][2764][INFO] [CMD:1045]{"token":"615e3tmdpj4f2cks02jhicgs93","acc":"v6hrwzMYhvXU","missionId":4,"missionType":1,"count":1}
[2021-09-15 14:12:26.257][2764][INFO] [CMD:1002]{"token":"615e3tmdpj4f2cks02jhicgs93","acc":"v6hrwzMYhvXU","guid":374,"count":1}
[2021-09-15 14:12:26.271][2764][INFO] [CMD:1045]{"token":"615e3tmdpj4f2cks02jhicgs93","acc":"v6hrwzMYhvXU","missionId":4,"missionType":1,"count":1}
[2021-09-15 14:12:26.770][2764][INFO] [CMD:1002]{"token":"615e3tmdpj4f2cks02jhicgs93","acc":"v6hrwzMYhvXU","guid":374,"count":1}
[2021-09-15 14:12:26.792][2764][INFO] [CMD:1045]{"token":"615e3tmdpj4f2cks02jhicgs93","acc":"v6hrwzMYhvXU","missionId":4,"missionType":1,"count":1}
[2021-09-15 14:12:27.305][2764][INFO] [CMD:1002]{"token":"615e3tmdpj4f2cks02jhicgs93","acc":"v6hrwzMYhvXU","guid":374,"count":1}
[2021-09-15 14:12:27.305][2764][INFO] [CMD:1045]{"token":"615e3tmdpj4f2cks02jhicgs93","acc":"v6hrwzMYhvXU","missionId":4,"missionType":1,"count":1}
[2021-09-15 14:12:27.710][2764][INFO] [CMD:1045]{"token":"615e3tmdpj4f2cks02jhicgs93","acc":"v6hrwzMYhvXU","missionId":4,"missionType":1,"count":1}
[2021-09-15 14:12:27.721][2764][INFO] [CMD:1002]{"token":"615e3tmdpj4f2cks02jhicgs93","acc":"v6hrwzMYhvXU","guid":374,"count":1}
[2021-09-15 14:12:28.226][2764][INFO] [CMD:1002]{"token":"615e3tmdpj4f2cks02jhicgs93","acc":"v6hrwzMYhvXU","guid":374,"count":1}
[2021-09-15 14:12:28.239][2764][INFO] [CMD:1045]{"token":"615e3tmdpj4f2cks02jhicgs93","acc":"v6hrwzMYhvXU","missionId":4,"missionType":1,"count":1}
[2021-09-15 14:12:28.724][2764][INFO] [CMD:1002]{"token":"615e3tmdpj4f2cks02jhicgs93","acc":"v6hrwzMYhvXU","guid":374,"count":1}
[2021-09-15 14:12:28.741][2764][INFO] [CMD:1045]{"token":"615e3tmdpj4f2cks02jhicgs93","acc":"v6hrwzMYhvXU","missionId":4,"missionType":1,"count":1}
[2021-09-15 14:12:29.251][2764][INFO] [CMD:1002]{"token":"615e3tmdpj4f2cks02jhicgs93","acc":"v6hrwzMYhvXU","guid":374,"count":1}
[2021-09-15 14:12:29.263][2764][INFO] [CMD:1045]{"token":"615e3tmdpj4f2cks02jhicgs93","acc":"v6hrwzMYhvXU","missionId":4,"missionType":1,"count":1}
[2021-09-15 14:12:32.645][2764][INFO] [CMD:1045]{"token":"615e3tmdpj4f2cks02jhicgs93","acc":"v6hrwzMYhvXU","missionId":4,"missionType":1,"count":1}
[2021-09-15 14:12:32.660][2764][INFO] [CMD:1002]{"token":"615e3tmdpj4f2cks02jhicgs93","acc":"v6hrwzMYhvXU","guid":374,"count":1}
[2021-09-15 14:12:33.202][2764][INFO] [CMD:1002]{"token":"615e3tmdpj4f2cks02jhicgs93","acc":"v6hrwzMYhvXU","guid":374,"count":1}
[2021-09-15 14:12:33.221][2764][INFO] [CMD:1045]{"token":"615e3tmdpj4f2cks02jhicgs93","acc":"v6hrwzMYhvXU","missionId":4,"missionType":1,"count":1}
[2021-09-15 14:12:33.850][2764][INFO] [CMD:1045]{"token":"615e3tmdpj4f2cks02jhicgs93","acc":"v6hrwzMYhvXU","missionId":4,"missionType":1,"count":1}
[2021-09-15 14:12:33.857][2764][INFO] [CMD:1002]{"token":"615e3tmdpj4f2cks02jhicgs93","acc":"v6hrwzMYhvXU","guid":374,"count":1}
[2021-09-15 14:12:34.421][2764][INFO] [CMD:1002]{"token":"615e3tmdpj4f2cks02jhicgs93","acc":"v6hrwzMYhvXU","guid":374,"count":1}
[2021-09-15 14:12:34.425][2764][INFO] [CMD:1045]{"token":"615e3tmdpj4f2cks02jhicgs93","acc":"v6hrwzMYhvXU","missionId":4,"missionType":1,"count":1}
[2021-09-15 14:12:35.108][2764][INFO] [CMD:1002]{"token":"615e3tmdpj4f2cks02jhicgs93","acc":"v6hrwzMYhvXU","guid":374,"count":1}
[2021-09-15 14:12:35.111][2764][INFO] [CMD:1045]{"token":"615e3tmdpj4f2cks02jhicgs93","acc":"v6hrwzMYhvXU","missionId":4,"missionType":1,"count":1}
[2021-09-15 14:12:37.115][2764][INFO] [CMD:1002]{"token":"615e3tmdpj4f2cks02jhicgs93","acc":"v6hrwzMYhvXU","guid":374,"count":1}
[2021-09-15 14:12:37.120][2764][INFO] [CMD:1045]{"token":"615e3tmdpj4f2cks02jhicgs93","acc":"v6hrwzMYhvXU","missionId":4,"missionType":1,"count":1}
[2021-09-15 14:12:37.665][2764][INFO] [CMD:1002]{"token":"615e3tmdpj4f2cks02jhicgs93","acc":"v6hrwzMYhvXU","guid":374,"count":1}
[2021-09-15 14:12:37.666][2764][INFO] [CMD:1045]{"token":"615e3tmdpj4f2cks02jhicgs93","acc":"v6hrwzMYhvXU","missionId":4,"missionType":1,"count":1}
[2021-09-15 14:12:38.125][2764][INFO] [CMD:1002]{"token":"615e3tmdpj4f2cks02jhicgs93","acc":"v6hrwzMYhvXU","guid":374,"count":1}
[2021-09-15 14:12:38.157][2764][INFO] [CMD:1045]{"token":"615e3tmdpj4f2cks02jhicgs93","acc":"v6hrwzMYhvXU","missionId":4,"missionType":1,"count":1}
[2021-09-15 14:12:38.726][2764][INFO] [CMD:1002]{"token":"615e3tmdpj4f2cks02jhicgs93","acc":"v6hrwzMYhvXU","guid":374,"count":1}
[2021-09-15 14:12:38.732][2764][INFO] [CMD:1045]{"token":"615e3tmdpj4f2cks02jhicgs93","acc":"v6hrwzMYhvXU","missionId":4,"missionType":1,"count":1}
[2021-09-15 14:12:39.385][2764][INFO] [CMD:1002]{"token":"615e3tmdpj4f2cks02jhicgs93","acc":"v6hrwzMYhvXU","guid":374,"count":1}
[2021-09-15 14:12:39.394][2764][INFO] [CMD:1045]{"token":"615e3tmdpj4f2cks02jhicgs93","acc":"v6hrwzMYhvXU","missionId":4,"missionType":1,"count":1}
[2021-09-15 14:12:39.810][2764][INFO] [CMD:1002]{"token":"615e3tmdpj4f2cks02jhicgs93","acc":"v6hrwzMYhvXU","guid":374,"count":1}
[2021-09-15 14:12:39.813][2764][INFO] [CMD:1045]{"token":"615e3tmdpj4f2cks02jhicgs93","acc":"v6hrwzMYhvXU","missionId":4,"missionType":1,"count":1}
[2021-09-15 14:12:40.379][2764][INFO] [CMD:1002]{"token":"615e3tmdpj4f2cks02jhicgs93","acc":"v6hrwzMYhvXU","guid":374,"count":1}
[2021-09-15 14:12:40.395][2764][INFO] [CMD:1045]{"token":"615e3tmdpj4f2cks02jhicgs93","acc":"v6hrwzMYhvXU","missionId":4,"missionType":1,"count":1}
[2021-09-15 14:12:40.822][2764][INFO] [CMD:1002]{"token":"615e3tmdpj4f2cks02jhicgs93","acc":"v6hrwzMYhvXU","guid":374,"count":1}
[2021-09-15 14:12:40.823][2764][INFO] [CMD:1045]{"token":"615e3tmdpj4f2cks02jhicgs93","acc":"v6hrwzMYhvXU","missionId":4,"missionType":1,"count":1}
[2021-09-15 14:12:41.382][2764][INFO] [CMD:1045]{"token":"615e3tmdpj4f2cks02jhicgs93","acc":"v6hrwzMYhvXU","missionId":4,"missionType":1,"count":1}
[2021-09-15 14:12:41.388][2764][INFO] [CMD:1002]{"token":"615e3tmdpj4f2cks02jhicgs93","acc":"v6hrwzMYhvXU","guid":374,"count":1}
[2021-09-15 14:12:41.948][2764][INFO] [CMD:1002]{"token":"615e3tmdpj4f2cks02jhicgs93","acc":"v6hrwzMYhvXU","guid":374,"count":1}
[2021-09-15 14:12:41.957][2764][INFO] [CMD:1045]{"token":"615e3tmdpj4f2cks02jhicgs93","acc":"v6hrwzMYhvXU","missionId":4,"missionType":1,"count":1}
[2021-09-15 14:12:42.512][2764][INFO] [CMD:1045]{"token":"615e3tmdpj4f2cks02jhicgs93","acc":"v6hrwzMYhvXU","missionId":4,"missionType":1,"count":1}
[2021-09-15 14:12:42.515][2764][INFO] [CMD:1002]{"token":"615e3tmdpj4f2cks02jhicgs93","acc":"v6hrwzMYhvXU","guid":374,"count":1}
[2021-09-15 14:12:42.972][2764][INFO] [CMD:1002]{"token":"615e3tmdpj4f2cks02jhicgs93","acc":"v6hrwzMYhvXU","guid":374,"count":1}
[2021-09-15 14:12:42.985][2764][INFO] [CMD:1045]{"token":"615e3tmdpj4f2cks02jhicgs93","acc":"v6hrwzMYhvXU","missionId":4,"missionType":1,"count":1}
[2021-09-15 14:12:43.583][2764][INFO] [CMD:1002]{"token":"615e3tmdpj4f2cks02jhicgs93","acc":"v6hrwzMYhvXU","guid":374,"count":1}
[2021-09-15 14:12:43.591][2764][INFO] [CMD:1045]{"token":"615e3tmdpj4f2cks02jhicgs93","acc":"v6hrwzMYhvXU","missionId":4,"missionType":1,"count":1}
[2021-09-15 14:12:44.112][2764][INFO] [CMD:1002]{"token":"615e3tmdpj4f2cks02jhicgs93","acc":"v6hrwzMYhvXU","guid":374,"count":1}
[2021-09-15 14:12:44.128][2764][INFO] [CMD:1045]{"token":"615e3tmdpj4f2cks02jhicgs93","acc":"v6hrwzMYhvXU","missionId":4,"missionType":1,"count":1}
[2021-09-15 14:12:44.631][2764][INFO] [CMD:1002]{"token":"615e3tmdpj4f2cks02jhicgs93","acc":"v6hrwzMYhvXU","guid":374,"count":1}
[2021-09-15 14:12:44.648][2764][INFO] [CMD:1045]{"token":"615e3tmdpj4f2cks02jhicgs93","acc":"v6hrwzMYhvXU","missionId":4,"missionType":1,"count":1}
[2021-09-15 14:12:45.117][2764][INFO] [CMD:1002]{"token":"615e3tmdpj4f2cks02jhicgs93","acc":"v6hrwzMYhvXU","guid":374,"count":1}
[2021-09-15 14:12:45.121][2764][INFO] [CMD:1045]{"token":"615e3tmdpj4f2cks02jhicgs93","acc":"v6hrwzMYhvXU","missionId":4,"missionType":1,"count":1}
[2021-09-15 14:12:45.933][2764][INFO] [CMD:1002]{"token":"615e3tmdpj4f2cks02jhicgs93","acc":"v6hrwzMYhvXU","guid":374,"count":1}
[2021-09-15 14:12:45.946][2764][INFO] [CMD:1045]{"token":"615e3tmdpj4f2cks02jhicgs93","acc":"v6hrwzMYhvXU","missionId":4,"missionType":1,"count":1}
[2021-09-15 14:12:46.422][2764][INFO] [CMD:1002]{"token":"615e3tmdpj4f2cks02jhicgs93","acc":"v6hrwzMYhvXU","guid":374,"count":1}
[2021-09-15 14:12:46.434][2764][INFO] [CMD:1045]{"token":"615e3tmdpj4f2cks02jhicgs93","acc":"v6hrwzMYhvXU","missionId":4,"missionType":1,"count":1}
[2021-09-15 14:12:47.029][2764][INFO] [CMD:1002]{"token":"615e3tmdpj4f2cks02jhicgs93","acc":"v6hrwzMYhvXU","guid":374,"count":1}
[2021-09-15 14:12:47.035][2764][INFO] [CMD:1045]{"token":"615e3tmdpj4f2cks02jhicgs93","acc":"v6hrwzMYhvXU","missionId":4,"missionType":1,"count":1}
[2021-09-15 14:12:47.437][2764][INFO] [CMD:1002]{"token":"615e3tmdpj4f2cks02jhicgs93","acc":"v6hrwzMYhvXU","guid":374,"count":1}
[2021-09-15 14:12:47.444][2764][INFO] [CMD:1045]{"token":"615e3tmdpj4f2cks02jhicgs93","acc":"v6hrwzMYhvXU","missionId":4,"missionType":1,"count":1}
[2021-09-15 14:12:48.013][2764][INFO] [CMD:1002]{"token":"615e3tmdpj4f2cks02jhicgs93","acc":"v6hrwzMYhvXU","guid":374,"count":1}
[2021-09-15 14:12:48.030][2764][INFO] [CMD:1045]{"token":"615e3tmdpj4f2cks02jhicgs93","acc":"v6hrwzMYhvXU","missionId":4,"missionType":1,"count":1}
[2021-09-15 14:12:48.607][2764][INFO] [CMD:1002]{"token":"615e3tmdpj4f2cks02jhicgs93","acc":"v6hrwzMYhvXU","guid":374,"count":1}
[2021-09-15 14:12:48.617][2764][INFO] [CMD:1045]{"token":"615e3tmdpj4f2cks02jhicgs93","acc":"v6hrwzMYhvXU","missionId":4,"missionType":1,"count":1}
[2021-09-15 14:12:49.073][2764][INFO] [CMD:1002]{"token":"615e3tmdpj4f2cks02jhicgs93","acc":"v6hrwzMYhvXU","guid":374,"count":1}
[2021-09-15 14:12:49.084][2764][INFO] [CMD:1045]{"token":"615e3tmdpj4f2cks02jhicgs93","acc":"v6hrwzMYhvXU","missionId":4,"missionType":1,"count":1}
[2021-09-15 14:12:49.557][2764][INFO] [CMD:1002]{"token":"615e3tmdpj4f2cks02jhicgs93","acc":"v6hrwzMYhvXU","guid":374,"count":1}
[2021-09-15 14:12:49.561][2764][INFO] [CMD:1045]{"token":"615e3tmdpj4f2cks02jhicgs93","acc":"v6hrwzMYhvXU","missionId":4,"missionType":1,"count":1}
[2021-09-15 14:12:50.068][2764][INFO] [CMD:1002]{"token":"615e3tmdpj4f2cks02jhicgs93","acc":"v6hrwzMYhvXU","guid":374,"count":1}
[2021-09-15 14:12:50.078][2764][INFO] [CMD:1045]{"token":"615e3tmdpj4f2cks02jhicgs93","acc":"v6hrwzMYhvXU","missionId":4,"missionType":1,"count":1}
[2021-09-15 14:12:50.767][2764][INFO] [CMD:1002]{"token":"615e3tmdpj4f2cks02jhicgs93","acc":"v6hrwzMYhvXU","guid":374,"count":1}
[2021-09-15 14:12:50.780][2764][INFO] [CMD:1045]{"token":"615e3tmdpj4f2cks02jhicgs93","acc":"v6hrwzMYhvXU","missionId":4,"missionType":1,"count":1}
[2021-09-15 14:12:51.446][2764][INFO] [CMD:1002]{"token":"615e3tmdpj4f2cks02jhicgs93","acc":"v6hrwzMYhvXU","guid":374,"count":1}
[2021-09-15 14:12:51.476][2764][INFO] [CMD:1045]{"token":"615e3tmdpj4f2cks02jhicgs93","acc":"v6hrwzMYhvXU","missionId":4,"missionType":1,"count":1}
[2021-09-15 14:12:51.931][2764][INFO] [CMD:1002]{"token":"615e3tmdpj4f2cks02jhicgs93","acc":"v6hrwzMYhvXU","guid":374,"count":1}
[2021-09-15 14:12:51.944][2764][INFO] [CMD:1045]{"token":"615e3tmdpj4f2cks02jhicgs93","acc":"v6hrwzMYhvXU","missionId":4,"missionType":1,"count":1}
[2021-09-15 14:12:52.562][2764][INFO] [CMD:1002]{"token":"615e3tmdpj4f2cks02jhicgs93","acc":"v6hrwzMYhvXU","guid":374,"count":1}
[2021-09-15 14:12:52.565][2764][INFO] [CMD:1045]{"token":"615e3tmdpj4f2cks02jhicgs93","acc":"v6hrwzMYhvXU","missionId":4,"missionType":1,"count":1}
[2021-09-15 14:12:53.014][2764][INFO] [CMD:1002]{"token":"615e3tmdpj4f2cks02jhicgs93","acc":"v6hrwzMYhvXU","guid":374,"count":1}
[2021-09-15 14:12:53.030][2764][INFO] [CMD:1045]{"token":"615e3tmdpj4f2cks02jhicgs93","acc":"v6hrwzMYhvXU","missionId":4,"missionType":1,"count":1}
[2021-09-15 14:12:53.573][2764][INFO] [CMD:1002]{"token":"615e3tmdpj4f2cks02jhicgs93","acc":"v6hrwzMYhvXU","guid":374,"count":1}
[2021-09-15 14:12:53.597][2764][INFO] [CMD:1045]{"token":"615e3tmdpj4f2cks02jhicgs93","acc":"v6hrwzMYhvXU","missionId":4,"missionType":1,"count":1}
[2021-09-15 14:12:54.042][2764][INFO] [CMD:1002]{"token":"615e3tmdpj4f2cks02jhicgs93","acc":"v6hrwzMYhvXU","guid":374,"count":1}
[2021-09-15 14:12:54.052][2764][INFO] [CMD:1045]{"token":"615e3tmdpj4f2cks02jhicgs93","acc":"v6hrwzMYhvXU","missionId":4,"missionType":1,"count":1}
[2021-09-15 14:12:54.631][2764][INFO] [CMD:1002]{"token":"615e3tmdpj4f2cks02jhicgs93","acc":"v6hrwzMYhvXU","guid":374,"count":1}
[2021-09-15 14:12:54.644][2764][INFO] [CMD:1045]{"token":"615e3tmdpj4f2cks02jhicgs93","acc":"v6hrwzMYhvXU","missionId":4,"missionType":1,"count":1}
[2021-09-15 14:12:55.254][2764][INFO] [CMD:1002]{"token":"615e3tmdpj4f2cks02jhicgs93","acc":"v6hrwzMYhvXU","guid":374,"count":1}
[2021-09-15 14:12:55.255][2764][INFO] [CMD:1045]{"token":"615e3tmdpj4f2cks02jhicgs93","acc":"v6hrwzMYhvXU","missionId":4,"missionType":1,"count":1}
[2021-09-15 14:12:55.671][2764][INFO] [CMD:1002]{"token":"615e3tmdpj4f2cks02jhicgs93","acc":"v6hrwzMYhvXU","guid":374,"count":1}
[2021-09-15 14:12:55.684][2764][INFO] [CMD:1045]{"token":"615e3tmdpj4f2cks02jhicgs93","acc":"v6hrwzMYhvXU","missionId":4,"missionType":1,"count":1}
[2021-09-15 14:12:56.088][2764][INFO] [CMD:1002]{"token":"615e3tmdpj4f2cks02jhicgs93","acc":"v6hrwzMYhvXU","guid":374,"count":1}
[2021-09-15 14:12:56.106][2764][INFO] [CMD:1045]{"token":"615e3tmdpj4f2cks02jhicgs93","acc":"v6hrwzMYhvXU","missionId":4,"missionType":1,"count":1}
[2021-09-15 14:12:56.670][2764][INFO] [CMD:1002]{"token":"615e3tmdpj4f2cks02jhicgs93","acc":"v6hrwzMYhvXU","guid":374,"count":1}
[2021-09-15 14:12:56.689][2764][INFO] [CMD:1045]{"token":"615e3tmdpj4f2cks02jhicgs93","acc":"v6hrwzMYhvXU","missionId":4,"missionType":1,"count":1}
[2021-09-15 14:12:57.225][2764][INFO] [CMD:1002]{"token":"615e3tmdpj4f2cks02jhicgs93","acc":"v6hrwzMYhvXU","guid":374,"count":1}
[2021-09-15 14:12:57.234][2764][INFO] [CMD:1045]{"token":"615e3tmdpj4f2cks02jhicgs93","acc":"v6hrwzMYhvXU","missionId":4,"missionType":1,"count":1}
[2021-09-15 14:12:57.677][2764][INFO] [CMD:1045]{"token":"615e3tmdpj4f2cks02jhicgs93","acc":"v6hrwzMYhvXU","missionId":4,"missionType":1,"count":1}
[2021-09-15 14:12:57.678][2764][INFO] [CMD:1002]{"token":"615e3tmdpj4f2cks02jhicgs93","acc":"v6hrwzMYhvXU","guid":374,"count":1}
[2021-09-15 14:12:58.186][2764][INFO] [CMD:1002]{"token":"615e3tmdpj4f2cks02jhicgs93","acc":"v6hrwzMYhvXU","guid":374,"count":1}
[2021-09-15 14:12:58.192][2764][INFO] [CMD:1045]{"token":"615e3tmdpj4f2cks02jhicgs93","acc":"v6hrwzMYhvXU","missionId":4,"missionType":1,"count":1}
[2021-09-15 14:12:58.676][2764][INFO] [CMD:1002]{"token":"615e3tmdpj4f2cks02jhicgs93","acc":"v6hrwzMYhvXU","guid":374,"count":1}
[2021-09-15 14:12:58.693][2764][INFO] [CMD:1045]{"token":"615e3tmdpj4f2cks02jhicgs93","acc":"v6hrwzMYhvXU","missionId":4,"missionType":1,"count":1}
[2021-09-15 14:12:59.210][2764][INFO] [CMD:1002]{"token":"615e3tmdpj4f2cks02jhicgs93","acc":"v6hrwzMYhvXU","guid":374,"count":1}
[2021-09-15 14:12:59.226][2764][INFO] [CMD:1045]{"token":"615e3tmdpj4f2cks02jhicgs93","acc":"v6hrwzMYhvXU","missionId":4,"missionType":1,"count":1}
[2021-09-15 14:12:59.929][2764][INFO] [CMD:1002]{"token":"615e3tmdpj4f2cks02jhicgs93","acc":"v6hrwzMYhvXU","guid":374,"count":1}
[2021-09-15 14:12:59.933][2764][INFO] [CMD:1045]{"token":"615e3tmdpj4f2cks02jhicgs93","acc":"v6hrwzMYhvXU","missionId":4,"missionType":1,"count":1}
[2021-09-15 14:13:00.561][2764][INFO] [CMD:1002]{"token":"615e3tmdpj4f2cks02jhicgs93","acc":"v6hrwzMYhvXU","guid":374,"count":1}
[2021-09-15 14:13:00.563][2764][INFO] [CMD:1045]{"token":"615e3tmdpj4f2cks02jhicgs93","acc":"v6hrwzMYhvXU","missionId":4,"missionType":1,"count":1}
[2021-09-15 14:13:01.194][2764][INFO] [CMD:1002]{"token":"615e3tmdpj4f2cks02jhicgs93","acc":"v6hrwzMYhvXU","guid":374,"count":1}
[2021-09-15 14:13:01.203][2764][INFO] [CMD:1045]{"token":"615e3tmdpj4f2cks02jhicgs93","acc":"v6hrwzMYhvXU","missionId":4,"missionType":1,"count":1}
[2021-09-15 14:13:01.761][2764][INFO] [CMD:1002]{"token":"615e3tmdpj4f2cks02jhicgs93","acc":"v6hrwzMYhvXU","guid":374,"count":1}
[2021-09-15 14:13:01.772][2764][INFO] [CMD:1045]{"token":"615e3tmdpj4f2cks02jhicgs93","acc":"v6hrwzMYhvXU","missionId":4,"missionType":1,"count":1}
[2021-09-15 14:13:02.291][2764][INFO] [CMD:1045]{"token":"615e3tmdpj4f2cks02jhicgs93","acc":"v6hrwzMYhvXU","missionId":4,"missionType":1,"count":1}
[2021-09-15 14:13:06.971][2764][INFO] [CMD:1045]{"token":"615e3tmdpj4f2cks02jhicgs93","acc":"v6hrwzMYhvXU","missionId":4,"missionType":1,"count":1}
[2021-09-15 14:13:20.827][2764][INFO] [CMD:101][ACC:v6hrwzMYhvXU]
[2021-09-15 14:13:20.978][2764][INFO] [CMD:1025]{"token":"5g4k6mol1ufghnlfgcmtmai4u3","acc":"v6hrwzMYhvXU"}
[2021-09-15 14:13:20.985][2764][INFO] [CMD:1021]{"token":"5g4k6mol1ufghnlfgcmtmai4u3","acc":"v6hrwzMYhvXU"}
[2021-09-15 14:13:20.995][2764][INFO] [CMD:1028]{"token":"5g4k6mol1ufghnlfgcmtmai4u3","acc":"v6hrwzMYhvXU"}
[2021-09-15 14:13:26.111][2764][INFO] [CMD:1011]{"token":"5g4k6mol1ufghnlfgcmtmai4u3","acc":"v6hrwzMYhvXU"}
[2021-09-15 14:13:26.112][2764][INFO] [CMD:1023]{"token":"5g4k6mol1ufghnlfgcmtmai4u3","acc":"v6hrwzMYhvXU"}
[2021-09-15 14:13:26.115][2764][INFO] [CMD:1001]{"token":"5g4k6mol1ufghnlfgcmtmai4u3","acc":"v6hrwzMYhvXU"}
[2021-09-15 14:14:43.738][2764][INFO] [CMD:101][ACC:v6hrwzMYhvXU]
[2021-09-15 14:14:44.399][2764][INFO] [CMD:1025]{"token":"pcch75e2lb7pdlur07fp3lbk1p","acc":"v6hrwzMYhvXU"}
[2021-09-15 14:14:44.416][2764][INFO] [CMD:1021]{"token":"pcch75e2lb7pdlur07fp3lbk1p","acc":"v6hrwzMYhvXU"}
[2021-09-15 14:14:44.432][2764][INFO] [CMD:1028]{"token":"pcch75e2lb7pdlur07fp3lbk1p","acc":"v6hrwzMYhvXU"}
[2021-09-15 14:14:49.556][2764][INFO] [CMD:1011]{"token":"pcch75e2lb7pdlur07fp3lbk1p","acc":"v6hrwzMYhvXU"}
[2021-09-15 14:14:49.556][2764][INFO] [CMD:1023]{"token":"pcch75e2lb7pdlur07fp3lbk1p","acc":"v6hrwzMYhvXU"}
[2021-09-15 14:14:49.569][2764][INFO] [CMD:1001]{"token":"pcch75e2lb7pdlur07fp3lbk1p","acc":"v6hrwzMYhvXU"}
[2021-09-15 14:18:35.353][2764][INFO] [CMD:101][ACC:v6hrwzMYhvXU]
[2021-09-15 14:18:35.751][2764][INFO] [CMD:1025]{"token":"8ffnskge6jbv9l7paqqadk8grg","acc":"v6hrwzMYhvXU"}
[2021-09-15 14:18:35.760][2764][INFO] [CMD:1021]{"token":"8ffnskge6jbv9l7paqqadk8grg","acc":"v6hrwzMYhvXU"}
[2021-09-15 14:18:35.775][2764][INFO] [CMD:1028]{"token":"8ffnskge6jbv9l7paqqadk8grg","acc":"v6hrwzMYhvXU"}
[2021-09-15 14:18:41.127][2764][INFO] [CMD:1001]{"token":"8ffnskge6jbv9l7paqqadk8grg","acc":"v6hrwzMYhvXU"}
[2021-09-15 14:18:41.144][2764][INFO] [CMD:1023]{"token":"8ffnskge6jbv9l7paqqadk8grg","acc":"v6hrwzMYhvXU"}
[2021-09-15 14:18:41.145][2764][INFO] [CMD:1011]{"token":"8ffnskge6jbv9l7paqqadk8grg","acc":"v6hrwzMYhvXU"}
[2021-09-15 14:18:57.457][2764][INFO] [CMD:1004]{"token":"8ffnskge6jbv9l7paqqadk8grg","acc":"v6hrwzMYhvXU","itemId":102,"count":1}
[2021-09-15 14:18:58.882][2764][INFO] [CMD:1004]{"token":"8ffnskge6jbv9l7paqqadk8grg","acc":"v6hrwzMYhvXU","itemId":102,"count":1}
[2021-09-15 14:20:23.835][2764][INFO] [CMD:101][ACC:v6hrwzMYhvXU]
[2021-09-15 14:20:24.263][2764][INFO] [CMD:1025]{"token":"drn6to50rto88qulc0nae5u4ja","acc":"v6hrwzMYhvXU"}
[2021-09-15 14:20:24.267][2764][INFO] [CMD:1021]{"token":"drn6to50rto88qulc0nae5u4ja","acc":"v6hrwzMYhvXU"}
[2021-09-15 14:20:24.298][2764][INFO] [CMD:1028]{"token":"drn6to50rto88qulc0nae5u4ja","acc":"v6hrwzMYhvXU"}
[2021-09-15 14:20:30.269][2764][INFO] [CMD:1001]{"token":"drn6to50rto88qulc0nae5u4ja","acc":"v6hrwzMYhvXU"}
[2021-09-15 14:20:30.271][2764][INFO] [CMD:1011]{"token":"drn6to50rto88qulc0nae5u4ja","acc":"v6hrwzMYhvXU"}
[2021-09-15 14:20:30.301][2764][INFO] [CMD:1023]{"token":"drn6to50rto88qulc0nae5u4ja","acc":"v6hrwzMYhvXU"}
[2021-09-15 14:21:00.867][2764][INFO] [CMD:1004]{"token":"drn6to50rto88qulc0nae5u4ja","acc":"v6hrwzMYhvXU","itemId":102,"count":1}
[2021-09-15 14:23:28.724][2764][INFO] [CMD:1011]{"token":"drn6to50rto88qulc0nae5u4ja","acc":"v6hrwzMYhvXU"}
[2021-09-15 14:23:40.837][2764][INFO] [CMD:1011]{"token":"drn6to50rto88qulc0nae5u4ja","acc":"v6hrwzMYhvXU"}
[2021-09-15 14:23:58.130][2764][INFO] [CMD:1030]{"token":"drn6to50rto88qulc0nae5u4ja","acc":"v6hrwzMYhvXU","gachaId":1}
[2021-09-15 14:24:18.671][2764][INFO] [CMD:1001]{"token":"drn6to50rto88qulc0nae5u4ja","acc":"v6hrwzMYhvXU"}
[2021-09-15 14:24:18.679][2764][INFO] [CMD:1042]{"token":"drn6to50rto88qulc0nae5u4ja","acc":"v6hrwzMYhvXU","gachaId":1}
[2021-09-15 14:24:26.612][2764][INFO] [CMD:1001]{"token":"drn6to50rto88qulc0nae5u4ja","acc":"v6hrwzMYhvXU"}
[2021-09-15 14:26:04.189][2764][INFO] [CMD:101][ACC:v6hrwzMYhvXU]
[2021-09-15 14:26:05.004][2764][INFO] [CMD:1021]{"token":"1rm70h32l0cqi5s3g56b2dv12u","acc":"v6hrwzMYhvXU"}
[2021-09-15 14:26:05.028][2764][INFO] [CMD:1025]{"token":"1rm70h32l0cqi5s3g56b2dv12u","acc":"v6hrwzMYhvXU"}
[2021-09-15 14:26:05.039][2764][INFO] [CMD:1028]{"token":"1rm70h32l0cqi5s3g56b2dv12u","acc":"v6hrwzMYhvXU"}
[2021-09-15 14:26:09.982][2764][INFO] [CMD:1001]{"token":"1rm70h32l0cqi5s3g56b2dv12u","acc":"v6hrwzMYhvXU"}
[2021-09-15 14:26:09.998][2764][INFO] [CMD:1011]{"token":"1rm70h32l0cqi5s3g56b2dv12u","acc":"v6hrwzMYhvXU"}
[2021-09-15 14:26:10.004][2764][INFO] [CMD:1023]{"token":"1rm70h32l0cqi5s3g56b2dv12u","acc":"v6hrwzMYhvXU"}
[2021-09-15 14:26:39.105][2764][INFO] [CMD:1001]{"token":"1rm70h32l0cqi5s3g56b2dv12u","acc":"v6hrwzMYhvXU"}
[2021-09-15 14:26:39.105][2764][INFO] [CMD:1011]{"token":"1rm70h32l0cqi5s3g56b2dv12u","acc":"v6hrwzMYhvXU"}
[2021-09-15 14:26:40.579][2764][INFO] [CMD:1007]{"token":"1rm70h32l0cqi5s3g56b2dv12u","acc":"v6hrwzMYhvXU","guid":389,"site":5}
[2021-09-15 14:26:43.325][2764][INFO] [CMD:1002]{"token":"1rm70h32l0cqi5s3g56b2dv12u","acc":"v6hrwzMYhvXU","guid":389,"count":1}
[2021-09-15 14:26:43.348][2764][INFO] [CMD:1045]{"token":"1rm70h32l0cqi5s3g56b2dv12u","acc":"v6hrwzMYhvXU","missionId":4,"missionType":1,"count":1}
[2021-09-15 14:26:56.083][2764][INFO] [CMD:1045]{"token":"1rm70h32l0cqi5s3g56b2dv12u","acc":"v6hrwzMYhvXU","missionId":4,"missionType":1,"count":1}
[2021-09-15 14:26:56.084][2764][INFO] [CMD:1002]{"token":"1rm70h32l0cqi5s3g56b2dv12u","acc":"v6hrwzMYhvXU","guid":374,"count":1}
[2021-09-15 14:26:56.692][2764][INFO] [CMD:1002]{"token":"1rm70h32l0cqi5s3g56b2dv12u","acc":"v6hrwzMYhvXU","guid":374,"count":1}
[2021-09-15 14:26:56.698][2764][INFO] [CMD:1045]{"token":"1rm70h32l0cqi5s3g56b2dv12u","acc":"v6hrwzMYhvXU","missionId":4,"missionType":1,"count":1}
[2021-09-15 14:26:57.125][2764][INFO] [CMD:1002]{"token":"1rm70h32l0cqi5s3g56b2dv12u","acc":"v6hrwzMYhvXU","guid":374,"count":1}
[2021-09-15 14:26:57.139][2764][INFO] [CMD:1045]{"token":"1rm70h32l0cqi5s3g56b2dv12u","acc":"v6hrwzMYhvXU","missionId":4,"missionType":1,"count":1}
[2021-09-15 14:26:57.681][2764][INFO] [CMD:1045]{"token":"1rm70h32l0cqi5s3g56b2dv12u","acc":"v6hrwzMYhvXU","missionId":4,"missionType":1,"count":1}
[2021-09-15 14:26:58.108][2764][INFO] [CMD:1002]{"token":"1rm70h32l0cqi5s3g56b2dv12u","acc":"v6hrwzMYhvXU","guid":374,"count":1}
[2021-09-15 14:26:58.115][2764][INFO] [CMD:1045]{"token":"1rm70h32l0cqi5s3g56b2dv12u","acc":"v6hrwzMYhvXU","missionId":4,"missionType":1,"count":1}
[2021-09-15 14:26:58.579][2764][INFO] [CMD:1045]{"token":"1rm70h32l0cqi5s3g56b2dv12u","acc":"v6hrwzMYhvXU","missionId":4,"missionType":1,"count":1}
[2021-09-15 14:26:58.579][2764][INFO] [CMD:1002]{"token":"1rm70h32l0cqi5s3g56b2dv12u","acc":"v6hrwzMYhvXU","guid":374,"count":1}
[2021-09-15 14:26:58.636][2764][INFO] [CMD:1002]{"token":"1rm70h32l0cqi5s3g56b2dv12u","acc":"v6hrwzMYhvXU","guid":374,"count":1}
[2021-09-15 14:26:59.412][2764][INFO] [CMD:1002]{"token":"1rm70h32l0cqi5s3g56b2dv12u","acc":"v6hrwzMYhvXU","guid":374,"count":1}
[2021-09-15 14:26:59.421][2764][INFO] [CMD:1045]{"token":"1rm70h32l0cqi5s3g56b2dv12u","acc":"v6hrwzMYhvXU","missionId":4,"missionType":1,"count":1}
[2021-09-15 14:27:00.985][2764][INFO] [CMD:1045]{"token":"1rm70h32l0cqi5s3g56b2dv12u","acc":"v6hrwzMYhvXU","missionId":4,"missionType":1,"count":1}
[2021-09-15 14:27:00.985][2764][INFO] [CMD:1002]{"token":"1rm70h32l0cqi5s3g56b2dv12u","acc":"v6hrwzMYhvXU","guid":374,"count":1}
[2021-09-15 14:27:02.398][2764][INFO] [CMD:1004]{"token":"1rm70h32l0cqi5s3g56b2dv12u","acc":"v6hrwzMYhvXU","itemId":106,"count":1}
[2021-09-15 14:27:04.615][2764][INFO] [CMD:1004]{"token":"1rm70h32l0cqi5s3g56b2dv12u","acc":"v6hrwzMYhvXU","itemId":102,"count":1}
[2021-09-15 14:27:05.437][2764][INFO] [CMD:1002]{"token":"1rm70h32l0cqi5s3g56b2dv12u","acc":"v6hrwzMYhvXU","guid":374,"count":1}
[2021-09-15 14:27:05.442][2764][INFO] [CMD:1045]{"token":"1rm70h32l0cqi5s3g56b2dv12u","acc":"v6hrwzMYhvXU","missionId":4,"missionType":1,"count":1}
[2021-09-15 14:27:06.081][2764][INFO] [CMD:1002]{"token":"1rm70h32l0cqi5s3g56b2dv12u","acc":"v6hrwzMYhvXU","guid":374,"count":1}
[2021-09-15 14:27:06.100][2764][INFO] [CMD:1045]{"token":"1rm70h32l0cqi5s3g56b2dv12u","acc":"v6hrwzMYhvXU","missionId":4,"missionType":1,"count":1}
[2021-09-15 14:27:08.148][2764][INFO] [CMD:1002]{"token":"1rm70h32l0cqi5s3g56b2dv12u","acc":"v6hrwzMYhvXU","guid":389,"count":1}
[2021-09-15 14:27:08.150][2764][INFO] [CMD:1045]{"token":"1rm70h32l0cqi5s3g56b2dv12u","acc":"v6hrwzMYhvXU","missionId":4,"missionType":1,"count":1}
[2021-09-15 14:27:16.371][2764][INFO] [CMD:1004]{"token":"1rm70h32l0cqi5s3g56b2dv12u","acc":"v6hrwzMYhvXU","itemId":102,"count":1}
[2021-09-15 14:27:17.936][2764][INFO] [CMD:1004]{"token":"1rm70h32l0cqi5s3g56b2dv12u","acc":"v6hrwzMYhvXU","itemId":102,"count":1}
[2021-09-15 14:27:19.471][2764][INFO] [CMD:1004]{"token":"1rm70h32l0cqi5s3g56b2dv12u","acc":"v6hrwzMYhvXU","itemId":554,"count":1}
[2021-09-15 14:27:23.179][2764][INFO] [CMD:1045]{"token":"1rm70h32l0cqi5s3g56b2dv12u","acc":"v6hrwzMYhvXU","missionId":4,"missionType":1,"count":1}
[2021-09-15 14:27:23.186][2764][INFO] [CMD:1002]{"token":"1rm70h32l0cqi5s3g56b2dv12u","acc":"v6hrwzMYhvXU","guid":374,"count":1}
[2021-09-15 14:27:25.043][2764][INFO] [CMD:1002]{"token":"1rm70h32l0cqi5s3g56b2dv12u","acc":"v6hrwzMYhvXU","guid":374,"count":1}
[2021-09-15 14:27:25.052][2764][INFO] [CMD:1045]{"token":"1rm70h32l0cqi5s3g56b2dv12u","acc":"v6hrwzMYhvXU","missionId":4,"missionType":1,"count":1}
[2021-09-15 14:27:26.611][2764][INFO] [CMD:1002]{"token":"1rm70h32l0cqi5s3g56b2dv12u","acc":"v6hrwzMYhvXU","guid":374,"count":1}
[2021-09-15 14:27:26.626][2764][INFO] [CMD:1045]{"token":"1rm70h32l0cqi5s3g56b2dv12u","acc":"v6hrwzMYhvXU","missionId":4,"missionType":1,"count":1}
[2021-09-15 14:27:28.249][2764][INFO] [CMD:1002]{"token":"1rm70h32l0cqi5s3g56b2dv12u","acc":"v6hrwzMYhvXU","guid":389,"count":1}
[2021-09-15 14:27:28.252][2764][INFO] [CMD:1045]{"token":"1rm70h32l0cqi5s3g56b2dv12u","acc":"v6hrwzMYhvXU","missionId":4,"missionType":1,"count":1}
[2021-09-15 14:27:33.140][2764][INFO] [CMD:1004]{"token":"1rm70h32l0cqi5s3g56b2dv12u","acc":"v6hrwzMYhvXU","itemId":554,"count":1}
[2021-09-15 14:27:39.190][2764][INFO] [CMD:1045]{"token":"1rm70h32l0cqi5s3g56b2dv12u","acc":"v6hrwzMYhvXU","missionId":4,"missionType":1,"count":1}
[2021-09-15 14:27:39.599][2764][INFO] [CMD:1002]{"token":"1rm70h32l0cqi5s3g56b2dv12u","acc":"v6hrwzMYhvXU","guid":374,"count":1}
[2021-09-15 14:27:39.606][2764][INFO] [CMD:1045]{"token":"1rm70h32l0cqi5s3g56b2dv12u","acc":"v6hrwzMYhvXU","missionId":4,"missionType":1,"count":1}
[2021-09-15 14:27:40.170][2764][INFO] [CMD:1002]{"token":"1rm70h32l0cqi5s3g56b2dv12u","acc":"v6hrwzMYhvXU","guid":374,"count":1}
[2021-09-15 14:27:40.335][2764][INFO] [CMD:1045]{"token":"1rm70h32l0cqi5s3g56b2dv12u","acc":"v6hrwzMYhvXU","missionId":4,"missionType":1,"count":1}
[2021-09-15 14:27:40.339][2764][INFO] [CMD:1002]{"token":"1rm70h32l0cqi5s3g56b2dv12u","acc":"v6hrwzMYhvXU","guid":374,"count":1}
[2021-09-15 14:27:41.663][2764][INFO] [CMD:1002]{"token":"1rm70h32l0cqi5s3g56b2dv12u","acc":"v6hrwzMYhvXU","guid":374,"count":1}
[2021-09-15 14:27:42.378][2764][INFO] [CMD:1045]{"token":"1rm70h32l0cqi5s3g56b2dv12u","acc":"v6hrwzMYhvXU","missionId":4,"missionType":1,"count":1}
[2021-09-15 14:27:42.928][2764][INFO] [CMD:1045]{"token":"1rm70h32l0cqi5s3g56b2dv12u","acc":"v6hrwzMYhvXU","missionId":4,"missionType":1,"count":1}
[2021-09-15 14:27:45.170][2764][INFO] [CMD:1004]{"token":"1rm70h32l0cqi5s3g56b2dv12u","acc":"v6hrwzMYhvXU","itemId":102,"count":1}
[2021-09-15 14:27:45.771][2764][INFO] [CMD:1045]{"token":"1rm70h32l0cqi5s3g56b2dv12u","acc":"v6hrwzMYhvXU","missionId":4,"missionType":1,"count":1}
[2021-09-15 14:27:46.916][2764][INFO] [CMD:1004]{"token":"1rm70h32l0cqi5s3g56b2dv12u","acc":"v6hrwzMYhvXU","itemId":102,"count":1}
[2021-09-15 14:27:47.661][2764][INFO] [CMD:1002]{"token":"1rm70h32l0cqi5s3g56b2dv12u","acc":"v6hrwzMYhvXU","guid":389,"count":1}
[2021-09-15 14:27:47.673][2764][INFO] [CMD:1045]{"token":"1rm70h32l0cqi5s3g56b2dv12u","acc":"v6hrwzMYhvXU","missionId":4,"missionType":1,"count":1}
[2021-09-15 14:27:52.117][2764][INFO] [CMD:1004]{"token":"1rm70h32l0cqi5s3g56b2dv12u","acc":"v6hrwzMYhvXU","itemId":102,"count":1}
[2021-09-15 14:27:53.601][2764][INFO] [CMD:1004]{"token":"1rm70h32l0cqi5s3g56b2dv12u","acc":"v6hrwzMYhvXU","itemId":102,"count":1}
[2021-09-15 14:27:55.880][2764][INFO] [CMD:1004]{"token":"1rm70h32l0cqi5s3g56b2dv12u","acc":"v6hrwzMYhvXU","itemId":102,"count":1}
[2021-09-15 14:27:58.986][2764][INFO] [CMD:1004]{"token":"1rm70h32l0cqi5s3g56b2dv12u","acc":"v6hrwzMYhvXU","itemId":554,"count":1}
[2021-09-15 14:28:01.496][2764][INFO] [CMD:1002]{"token":"1rm70h32l0cqi5s3g56b2dv12u","acc":"v6hrwzMYhvXU","guid":389,"count":1}
[2021-09-15 14:28:01.500][2764][INFO] [CMD:1045]{"token":"1rm70h32l0cqi5s3g56b2dv12u","acc":"v6hrwzMYhvXU","missionId":4,"missionType":1,"count":1}
[2021-09-15 14:28:04.698][2764][INFO] [CMD:1004]{"token":"1rm70h32l0cqi5s3g56b2dv12u","acc":"v6hrwzMYhvXU","itemId":102,"count":1}
[2021-09-15 14:28:08.827][2764][INFO] [CMD:1004]{"token":"1rm70h32l0cqi5s3g56b2dv12u","acc":"v6hrwzMYhvXU","itemId":102,"count":1}
[2021-09-15 14:28:10.424][2764][INFO] [CMD:1004]{"token":"1rm70h32l0cqi5s3g56b2dv12u","acc":"v6hrwzMYhvXU","itemId":102,"count":1}
[2021-09-15 14:28:11.997][2764][INFO] [CMD:1004]{"token":"1rm70h32l0cqi5s3g56b2dv12u","acc":"v6hrwzMYhvXU","itemId":102,"count":1}
[2021-09-15 14:28:13.442][2764][INFO] [CMD:1004]{"token":"1rm70h32l0cqi5s3g56b2dv12u","acc":"v6hrwzMYhvXU","itemId":102,"count":1}
[2021-09-15 14:28:14.729][2764][INFO] [CMD:1004]{"token":"1rm70h32l0cqi5s3g56b2dv12u","acc":"v6hrwzMYhvXU","itemId":102,"count":1}
[2021-09-15 14:28:16.390][2764][INFO] [CMD:1004]{"token":"1rm70h32l0cqi5s3g56b2dv12u","acc":"v6hrwzMYhvXU","itemId":102,"count":1}
[2021-09-15 14:28:17.671][2764][INFO] [CMD:1004]{"token":"1rm70h32l0cqi5s3g56b2dv12u","acc":"v6hrwzMYhvXU","itemId":102,"count":1}
[2021-09-15 14:28:19.141][2764][INFO] [CMD:1004]{"token":"1rm70h32l0cqi5s3g56b2dv12u","acc":"v6hrwzMYhvXU","itemId":102,"count":1}
[2021-09-15 14:28:29.052][2764][INFO] [CMD:1045]{"token":"1rm70h32l0cqi5s3g56b2dv12u","acc":"v6hrwzMYhvXU","missionId":4,"missionType":1,"count":1}
[2021-09-15 14:29:25.261][2764][INFO] [CMD:101][ACC:v6hrwzMYhvXU]
[2021-09-15 14:29:25.877][2764][INFO] [CMD:1025]{"token":"qdrtbssl4o5usi6opp4kjfncl3","acc":"v6hrwzMYhvXU"}
[2021-09-15 14:29:25.890][2764][INFO] [CMD:1021]{"token":"qdrtbssl4o5usi6opp4kjfncl3","acc":"v6hrwzMYhvXU"}
[2021-09-15 14:29:25.937][2764][INFO] [CMD:1028]{"token":"qdrtbssl4o5usi6opp4kjfncl3","acc":"v6hrwzMYhvXU"}
[2021-09-15 14:29:39.316][2764][INFO] [CMD:1023]{"token":"qdrtbssl4o5usi6opp4kjfncl3","acc":"v6hrwzMYhvXU"}
[2021-09-15 14:29:39.316][2764][INFO] [CMD:1011]{"token":"qdrtbssl4o5usi6opp4kjfncl3","acc":"v6hrwzMYhvXU"}
[2021-09-15 14:29:39.329][2764][INFO] [CMD:1001]{"token":"qdrtbssl4o5usi6opp4kjfncl3","acc":"v6hrwzMYhvXU"}
[2021-09-15 14:30:11.994][2764][INFO] [CMD:101][ACC:v6hrwzMYhvXU]
[2021-09-15 14:30:12.930][2764][INFO] [CMD:1025]{"token":"87p16v1h9lq7lce7hc88k19r83","acc":"v6hrwzMYhvXU"}
[2021-09-15 14:30:12.945][2764][INFO] [CMD:1021]{"token":"87p16v1h9lq7lce7hc88k19r83","acc":"v6hrwzMYhvXU"}
[2021-09-15 14:30:12.966][2764][INFO] [CMD:1028]{"token":"87p16v1h9lq7lce7hc88k19r83","acc":"v6hrwzMYhvXU"}
[2021-09-15 14:30:20.936][2764][INFO] [CMD:1011]{"token":"87p16v1h9lq7lce7hc88k19r83","acc":"v6hrwzMYhvXU"}
[2021-09-15 14:30:20.946][2764][INFO] [CMD:1001]{"token":"87p16v1h9lq7lce7hc88k19r83","acc":"v6hrwzMYhvXU"}
[2021-09-15 14:30:20.955][2764][INFO] [CMD:1023]{"token":"87p16v1h9lq7lce7hc88k19r83","acc":"v6hrwzMYhvXU"}
[2021-09-15 14:57:55.794][2764][INFO] [CMD:101][ACC:v6hrwzMYhvXU]
[2021-09-15 14:57:56.596][2764][INFO] [CMD:1028]{"token":"80mk9t4clr655kmrhobc675j8d","acc":"v6hrwzMYhvXU"}
[2021-09-15 14:57:56.644][2764][INFO] [CMD:1021]{"token":"80mk9t4clr655kmrhobc675j8d","acc":"v6hrwzMYhvXU"}
[2021-09-15 14:57:57.581][2764][INFO] [CMD:1025]{"token":"80mk9t4clr655kmrhobc675j8d","acc":"v6hrwzMYhvXU"}
[2021-09-15 14:58:04.934][2764][INFO] [CMD:1001]{"token":"80mk9t4clr655kmrhobc675j8d","acc":"v6hrwzMYhvXU"}
[2021-09-15 14:58:04.935][2764][INFO] [CMD:1023]{"token":"80mk9t4clr655kmrhobc675j8d","acc":"v6hrwzMYhvXU"}
[2021-09-15 14:58:04.944][2764][INFO] [CMD:1011]{"token":"80mk9t4clr655kmrhobc675j8d","acc":"v6hrwzMYhvXU"}
[2021-09-15 14:58:10.230][2764][INFO] [CMD:1001]{"token":"80mk9t4clr655kmrhobc675j8d","acc":"v6hrwzMYhvXU"}
[2021-09-15 14:58:10.240][2764][INFO] [CMD:1011]{"token":"80mk9t4clr655kmrhobc675j8d","acc":"v6hrwzMYhvXU"}
[2021-09-15 14:58:14.769][2764][INFO] [CMD:1011]{"token":"80mk9t4clr655kmrhobc675j8d","acc":"v6hrwzMYhvXU"}
[2021-09-15 15:00:17.853][2764][INFO] [CMD:1011]{"token":"80mk9t4clr655kmrhobc675j8d","acc":"v6hrwzMYhvXU"}
[2021-09-15 15:00:25.661][2764][INFO] [CMD:1011]{"token":"80mk9t4clr655kmrhobc675j8d","acc":"v6hrwzMYhvXU"}
[2021-09-15 15:01:20.160][2764][INFO] [CMD:1011]{"token":"80mk9t4clr655kmrhobc675j8d","acc":"v6hrwzMYhvXU"}
[2021-09-15 15:01:48.893][2764][INFO] [CMD:1016]{"token":"80mk9t4clr655kmrhobc675j8d","acc":"v6hrwzMYhvXU","page":1,"nickName":"","sortType":0}
[2021-09-15 15:02:03.882][2764][INFO] [CMD:1016]{"token":"80mk9t4clr655kmrhobc675j8d","acc":"v6hrwzMYhvXU","page":1,"nickName":"","sortType":0}
[2021-09-15 15:16:24.626][2764][INFO] [CMD:101][ACC:v6hrwzMYhvXU]
[2021-09-15 15:16:25.197][2764][INFO] [CMD:1028]{"token":"h9lb2k5goaf564b63kj7odvds0","acc":"v6hrwzMYhvXU"}
[2021-09-15 15:16:25.212][2764][INFO] [CMD:1025]{"token":"h9lb2k5goaf564b63kj7odvds0","acc":"v6hrwzMYhvXU"}
[2021-09-15 15:16:25.219][2764][INFO] [CMD:1021]{"token":"h9lb2k5goaf564b63kj7odvds0","acc":"v6hrwzMYhvXU"}
[2021-09-15 15:16:33.312][2764][INFO] [CMD:1011]{"token":"h9lb2k5goaf564b63kj7odvds0","acc":"v6hrwzMYhvXU"}
[2021-09-15 15:16:33.312][2764][INFO] [CMD:1001]{"token":"h9lb2k5goaf564b63kj7odvds0","acc":"v6hrwzMYhvXU"}
[2021-09-15 15:16:33.313][2764][INFO] [CMD:1023]{"token":"h9lb2k5goaf564b63kj7odvds0","acc":"v6hrwzMYhvXU"}
[2021-09-15 15:59:35.956][2764][INFO] [CMD:101][ACC:v6hrwzMYhvXU]
[2021-09-15 15:59:36.412][2764][INFO] [CMD:1021]{"token":"a3v5obb9h0vfeq9ir4lr00bv4i","acc":"v6hrwzMYhvXU"}
[2021-09-15 15:59:36.435][2764][INFO] [CMD:1025]{"token":"a3v5obb9h0vfeq9ir4lr00bv4i","acc":"v6hrwzMYhvXU"}
[2021-09-15 15:59:36.435][2764][INFO] [CMD:1028]{"token":"a3v5obb9h0vfeq9ir4lr00bv4i","acc":"v6hrwzMYhvXU"}
[2021-09-15 15:59:47.934][2764][INFO] [CMD:1001]{"token":"a3v5obb9h0vfeq9ir4lr00bv4i","acc":"v6hrwzMYhvXU"}
[2021-09-15 15:59:47.946][2764][INFO] [CMD:1023]{"token":"a3v5obb9h0vfeq9ir4lr00bv4i","acc":"v6hrwzMYhvXU"}
[2021-09-15 15:59:47.958][2764][INFO] [CMD:1011]{"token":"a3v5obb9h0vfeq9ir4lr00bv4i","acc":"v6hrwzMYhvXU"}
[2021-09-15 16:00:30.997][2764][INFO] [CMD:101][ACC:v6hrwzMYhvXU]
[2021-09-15 16:00:31.631][2764][INFO] [CMD:1028]{"token":"cmfkp9gq12udcmh7ntf9l46r6l","acc":"v6hrwzMYhvXU"}
[2021-09-15 16:00:31.635][2764][INFO] [CMD:1025]{"token":"cmfkp9gq12udcmh7ntf9l46r6l","acc":"v6hrwzMYhvXU"}
[2021-09-15 16:00:31.682][2764][INFO] [CMD:1021]{"token":"cmfkp9gq12udcmh7ntf9l46r6l","acc":"v6hrwzMYhvXU"}
[2021-09-15 16:00:39.794][2764][INFO] [CMD:1023]{"token":"cmfkp9gq12udcmh7ntf9l46r6l","acc":"v6hrwzMYhvXU"}
[2021-09-15 16:00:39.813][2764][INFO] [CMD:1001]{"token":"cmfkp9gq12udcmh7ntf9l46r6l","acc":"v6hrwzMYhvXU"}
[2021-09-15 16:00:39.813][2764][INFO] [CMD:1011]{"token":"cmfkp9gq12udcmh7ntf9l46r6l","acc":"v6hrwzMYhvXU"}
[2021-09-15 16:01:50.111][2764][INFO] [CMD:101][ACC:v6hrwzMYhvXU]
[2021-09-15 16:01:50.582][2764][INFO] [CMD:1021]{"token":"jhhb1lrmk5balrhr6ejso349su","acc":"v6hrwzMYhvXU"}
[2021-09-15 16:01:50.595][2764][INFO] [CMD:1025]{"token":"jhhb1lrmk5balrhr6ejso349su","acc":"v6hrwzMYhvXU"}
[2021-09-15 16:01:50.626][2764][INFO] [CMD:1028]{"token":"jhhb1lrmk5balrhr6ejso349su","acc":"v6hrwzMYhvXU"}
[2021-09-15 16:01:58.745][2764][INFO] [CMD:1011]{"token":"jhhb1lrmk5balrhr6ejso349su","acc":"v6hrwzMYhvXU"}
[2021-09-15 16:01:58.745][2764][INFO] [CMD:1023]{"token":"jhhb1lrmk5balrhr6ejso349su","acc":"v6hrwzMYhvXU"}
[2021-09-15 16:01:58.749][2764][INFO] [CMD:1001]{"token":"jhhb1lrmk5balrhr6ejso349su","acc":"v6hrwzMYhvXU"}
[2021-09-15 16:03:08.118][2764][INFO] [CMD:101][ACC:v6hrwzMYhvXU]
[2021-09-15 16:03:08.760][2764][INFO] [CMD:1025]{"token":"vt74u51ce9hberkc1l870le8fh","acc":"v6hrwzMYhvXU"}
[2021-09-15 16:03:08.772][2764][INFO] [CMD:1021]{"token":"vt74u51ce9hberkc1l870le8fh","acc":"v6hrwzMYhvXU"}
[2021-09-15 16:03:08.812][2764][INFO] [CMD:1028]{"token":"vt74u51ce9hberkc1l870le8fh","acc":"v6hrwzMYhvXU"}
[2021-09-15 16:03:17.072][2764][INFO] [CMD:1023]{"token":"vt74u51ce9hberkc1l870le8fh","acc":"v6hrwzMYhvXU"}
[2021-09-15 16:03:17.077][2764][INFO] [CMD:1001]{"token":"vt74u51ce9hberkc1l870le8fh","acc":"v6hrwzMYhvXU"}
[2021-09-15 16:03:17.103][2764][INFO] [CMD:1011]{"token":"vt74u51ce9hberkc1l870le8fh","acc":"v6hrwzMYhvXU"}
[2021-09-15 16:04:24.430][2764][INFO] [CMD:101][ACC:v6hrwzMYhvXU]
[2021-09-15 16:04:25.031][2764][INFO] [CMD:1025]{"token":"4u78p5h7pia759tfbujt5fk6h4","acc":"v6hrwzMYhvXU"}
[2021-09-15 16:04:25.041][2764][INFO] [CMD:1021]{"token":"4u78p5h7pia759tfbujt5fk6h4","acc":"v6hrwzMYhvXU"}
[2021-09-15 16:04:25.064][2764][INFO] [CMD:1028]{"token":"4u78p5h7pia759tfbujt5fk6h4","acc":"v6hrwzMYhvXU"}
[2021-09-15 16:04:32.684][2764][INFO] [CMD:1023]{"token":"4u78p5h7pia759tfbujt5fk6h4","acc":"v6hrwzMYhvXU"}
[2021-09-15 16:04:32.690][2764][INFO] [CMD:1011]{"token":"4u78p5h7pia759tfbujt5fk6h4","acc":"v6hrwzMYhvXU"}
[2021-09-15 16:04:32.691][2764][INFO] [CMD:1001]{"token":"4u78p5h7pia759tfbujt5fk6h4","acc":"v6hrwzMYhvXU"}
[2021-09-15 16:08:46.640][2764][INFO] [CMD:101][ACC:v6hrwzMYhvXU]
[2021-09-15 16:08:46.886][2764][INFO] [CMD:1025]{"token":"okl3l52g0gl5em7227u2ee8ijt","acc":"v6hrwzMYhvXU"}
[2021-09-15 16:08:46.897][2764][INFO] [CMD:1021]{"token":"okl3l52g0gl5em7227u2ee8ijt","acc":"v6hrwzMYhvXU"}
[2021-09-15 16:08:46.921][2764][INFO] [CMD:1028]{"token":"okl3l52g0gl5em7227u2ee8ijt","acc":"v6hrwzMYhvXU"}
[2021-09-15 16:08:55.517][2764][INFO] [CMD:1001]{"token":"okl3l52g0gl5em7227u2ee8ijt","acc":"v6hrwzMYhvXU"}
[2021-09-15 16:08:55.541][2764][INFO] [CMD:1011]{"token":"okl3l52g0gl5em7227u2ee8ijt","acc":"v6hrwzMYhvXU"}
[2021-09-15 16:08:55.541][2764][INFO] [CMD:1023]{"token":"okl3l52g0gl5em7227u2ee8ijt","acc":"v6hrwzMYhvXU"}
[2021-09-15 16:10:00.467][2764][INFO] [CMD:101][ACC:v6hrwzMYhvXU]
[2021-09-15 16:10:00.861][2764][INFO] [CMD:1025]{"token":"hrj19m7o42e6o3d0ivl2u2ucg6","acc":"v6hrwzMYhvXU"}
[2021-09-15 16:10:00.892][2764][INFO] [CMD:1021]{"token":"hrj19m7o42e6o3d0ivl2u2ucg6","acc":"v6hrwzMYhvXU"}
[2021-09-15 16:10:00.933][2764][INFO] [CMD:1028]{"token":"hrj19m7o42e6o3d0ivl2u2ucg6","acc":"v6hrwzMYhvXU"}
[2021-09-15 16:10:10.557][2764][INFO] [CMD:1001]{"token":"hrj19m7o42e6o3d0ivl2u2ucg6","acc":"v6hrwzMYhvXU"}
[2021-09-15 16:10:10.560][2764][INFO] [CMD:1011]{"token":"hrj19m7o42e6o3d0ivl2u2ucg6","acc":"v6hrwzMYhvXU"}
[2021-09-15 16:10:10.561][2764][INFO] [CMD:1023]{"token":"hrj19m7o42e6o3d0ivl2u2ucg6","acc":"v6hrwzMYhvXU"}
[2021-09-15 16:10:16.302][2764][INFO] [CMD:1011]{"token":"hrj19m7o42e6o3d0ivl2u2ucg6","acc":"v6hrwzMYhvXU"}
[2021-09-15 16:17:04.182][2764][INFO] [CMD:101][ACC:v6hrwzMYhvXU]
[2021-09-15 16:17:04.852][2764][INFO] [CMD:1025]{"token":"nhu25gsv63huc95pbp12um3i4b","acc":"v6hrwzMYhvXU"}
[2021-09-15 16:17:04.877][2764][INFO] [CMD:1021]{"token":"nhu25gsv63huc95pbp12um3i4b","acc":"v6hrwzMYhvXU"}
[2021-09-15 16:17:04.904][2764][INFO] [CMD:1028]{"token":"nhu25gsv63huc95pbp12um3i4b","acc":"v6hrwzMYhvXU"}
[2021-09-15 16:18:11.006][2764][INFO] [CMD:1001]{"token":"nhu25gsv63huc95pbp12um3i4b","acc":"v6hrwzMYhvXU"}
[2021-09-15 16:18:11.020][2764][INFO] [CMD:1011]{"token":"nhu25gsv63huc95pbp12um3i4b","acc":"v6hrwzMYhvXU"}
[2021-09-15 16:18:11.025][2764][INFO] [CMD:1023]{"token":"nhu25gsv63huc95pbp12um3i4b","acc":"v6hrwzMYhvXU"}
[2021-09-15 16:21:40.558][2764][INFO] [CMD:1011]{"token":"nhu25gsv63huc95pbp12um3i4b","acc":"v6hrwzMYhvXU"}
[2021-09-15 16:21:52.037][2764][INFO] [CMD:1011]{"token":"nhu25gsv63huc95pbp12um3i4b","acc":"v6hrwzMYhvXU"}
[2021-09-15 16:21:53.246][2764][INFO] [CMD:1016]{"token":"nhu25gsv63huc95pbp12um3i4b","acc":"v6hrwzMYhvXU","page":1,"nickName":"","sortType":0}
[2021-09-15 16:21:55.168][2764][INFO] [CMD:1016]{"token":"nhu25gsv63huc95pbp12um3i4b","acc":"v6hrwzMYhvXU","page":2,"nickName":"","sortType":0}
[2021-09-15 16:21:55.900][2764][INFO] [CMD:1016]{"token":"nhu25gsv63huc95pbp12um3i4b","acc":"v6hrwzMYhvXU","page":1,"nickName":"","sortType":0}
[2021-09-15 16:21:56.985][2764][INFO] [CMD:1016]{"token":"nhu25gsv63huc95pbp12um3i4b","acc":"v6hrwzMYhvXU","page":2,"nickName":"","sortType":0}
[2021-09-15 16:21:57.601][2764][INFO] [CMD:1016]{"token":"nhu25gsv63huc95pbp12um3i4b","acc":"v6hrwzMYhvXU","page":1,"nickName":"","sortType":0}
[2021-09-15 16:22:17.583][2764][INFO] [CMD:1039]{"token":"nhu25gsv63huc95pbp12um3i4b","acc":"v6hrwzMYhvXU","myshopId":2}
[2021-09-15 16:24:56.331][2764][INFO] [CMD:101][ACC:v6hrwzMYhvXU]
[2021-09-15 16:24:56.813][2764][INFO] [CMD:1025]{"token":"iimtbf95s4th0at0egb0p8j82r","acc":"v6hrwzMYhvXU"}
[2021-09-15 16:24:56.823][2764][INFO] [CMD:1028]{"token":"iimtbf95s4th0at0egb0p8j82r","acc":"v6hrwzMYhvXU"}
[2021-09-15 16:24:56.863][2764][INFO] [CMD:1021]{"token":"iimtbf95s4th0at0egb0p8j82r","acc":"v6hrwzMYhvXU"}
[2021-09-15 16:25:02.282][2764][INFO] [CMD:1001]{"token":"iimtbf95s4th0at0egb0p8j82r","acc":"v6hrwzMYhvXU"}
[2021-09-15 16:25:02.286][2764][INFO] [CMD:1011]{"token":"iimtbf95s4th0at0egb0p8j82r","acc":"v6hrwzMYhvXU"}
[2021-09-15 16:25:02.286][2764][INFO] [CMD:1023]{"token":"iimtbf95s4th0at0egb0p8j82r","acc":"v6hrwzMYhvXU"}
[2021-09-15 16:27:05.671][2764][INFO] [CMD:1005]{"token":"iimtbf95s4th0at0egb0p8j82r","acc":"v6hrwzMYhvXU","itemId":3002,"count":1,"newName":"Gggg","rdata":"{\"sizeX\":1,\"sizeZ\":3,\"blocks\":[{\"id\":1003,\"posX\":0,\"posY\":0,\"posZ\":0,\"direction\":0},{\"id\":1012,\"posX\":0,\"posY\":5,\"posZ\":-1,\"direction\":0},{\"id\":1012,\"posX\":0,\"posY\":5,\"posZ\":0,\"direction\":0},{\"id\":1012,\"posX\":0,\"posY\":6,\"posZ\":-1,\"direction\":0},{\"id\":1012,\"posX\":0,\"posY\":6,\"posZ\":0,\"direction\":0},{\"id\":1012,\"posX\":0,\"posY\":7,\"posZ\":-1,\"direction\":0},{\"id\":1012,\"posX\":0,\"posY\":7,\"posZ\":0,\"direction\":0},{\"id\":1012,\"posX\":0,\"posY\":8,\"posZ\":0,\"direction\":0}],\"IsDuplicate\":false}"}
[2021-09-15 16:27:05.906][2764][INFO] [CMD:1001]{"token":"iimtbf95s4th0at0egb0p8j82r","acc":"v6hrwzMYhvXU"}
[2021-09-15 16:27:06.127][2764][INFO] [CMD:1003]{"token":"iimtbf95s4th0at0egb0p8j82r","acc":"v6hrwzMYhvXU","itemId":3001,"count":1}
[2021-09-15 16:27:06.386][2764][INFO] [CMD:1001]{"token":"iimtbf95s4th0at0egb0p8j82r","acc":"v6hrwzMYhvXU"}
[2021-09-15 16:27:45.498][2764][INFO] [CMD:1001]{"token":"iimtbf95s4th0at0egb0p8j82r","acc":"v6hrwzMYhvXU"}
[2021-09-15 16:27:45.507][2764][INFO] [CMD:1011]{"token":"iimtbf95s4th0at0egb0p8j82r","acc":"v6hrwzMYhvXU"}
[2021-09-15 16:27:48.625][2764][INFO] [CMD:1007]{"token":"iimtbf95s4th0at0egb0p8j82r","acc":"v6hrwzMYhvXU","guid":396,"site":3}
[2021-09-15 16:37:51.814][2764][INFO] [CMD:101][ACC:v6hrwzMYhvXU]
[2021-09-15 16:37:52.180][2764][INFO] [CMD:1028]{"token":"soek2kbkt4truf39a2b4qfrini","acc":"v6hrwzMYhvXU"}
[2021-09-15 16:37:52.190][2764][INFO] [CMD:1025]{"token":"soek2kbkt4truf39a2b4qfrini","acc":"v6hrwzMYhvXU"}
[2021-09-15 16:37:52.190][2764][INFO] [CMD:1021]{"token":"soek2kbkt4truf39a2b4qfrini","acc":"v6hrwzMYhvXU"}
[2021-09-15 17:42:38.236][2764][INFO] [CMD:101][ACC:v6hrwzMYhvXU]
[2021-09-15 17:42:39.017][2764][INFO] [CMD:1028]{"token":"ipsln8kq6mss2vlhfgoau9qmto","acc":"v6hrwzMYhvXU"}
[2021-09-15 17:42:39.040][2764][INFO] [CMD:1025]{"token":"ipsln8kq6mss2vlhfgoau9qmto","acc":"v6hrwzMYhvXU"}
[2021-09-15 17:42:39.040][2764][INFO] [CMD:1021]{"token":"ipsln8kq6mss2vlhfgoau9qmto","acc":"v6hrwzMYhvXU"}
[2021-09-15 17:42:44.361][2764][INFO] [CMD:1001]{"token":"ipsln8kq6mss2vlhfgoau9qmto","acc":"v6hrwzMYhvXU"}
[2021-09-15 17:42:44.367][2764][INFO] [CMD:1011]{"token":"ipsln8kq6mss2vlhfgoau9qmto","acc":"v6hrwzMYhvXU"}
[2021-09-15 17:42:44.378][2764][INFO] [CMD:1023]{"token":"ipsln8kq6mss2vlhfgoau9qmto","acc":"v6hrwzMYhvXU"}
[2021-09-15 17:43:01.606][2764][INFO] [CMD:1011]{"token":"ipsln8kq6mss2vlhfgoau9qmto","acc":"v6hrwzMYhvXU"}
[2021-09-15 17:43:01.611][2764][INFO] [CMD:1001]{"token":"ipsln8kq6mss2vlhfgoau9qmto","acc":"v6hrwzMYhvXU"}
[2021-09-15 17:43:39.722][2764][INFO] [CMD:1044]{"token":"ipsln8kq6mss2vlhfgoau9qmto","acc":"v6hrwzMYhvXU"}
[2021-09-15 17:43:42.843][2764][INFO] [CMD:1046]{"token":"ipsln8kq6mss2vlhfgoau9qmto","acc":"v6hrwzMYhvXU","missionId":1,"missionType":1}
[2021-09-15 17:43:44.192][2764][INFO] [CMD:1046]{"token":"ipsln8kq6mss2vlhfgoau9qmto","acc":"v6hrwzMYhvXU","missionId":4,"missionType":1}
[2021-09-15 17:44:13.296][2764][INFO] [CMD:101][ACC:v6hrwzMYhvXU]
[2021-09-15 17:44:13.792][2764][INFO] [CMD:1021]{"token":"sv34o7dd6bsbej12q9njbbhutt","acc":"v6hrwzMYhvXU"}
[2021-09-15 17:44:13.815][2764][INFO] [CMD:1025]{"token":"sv34o7dd6bsbej12q9njbbhutt","acc":"v6hrwzMYhvXU"}
[2021-09-15 17:44:13.847][2764][INFO] [CMD:1028]{"token":"sv34o7dd6bsbej12q9njbbhutt","acc":"v6hrwzMYhvXU"}
[2021-09-15 17:44:19.037][2764][INFO] [CMD:1011]{"token":"sv34o7dd6bsbej12q9njbbhutt","acc":"v6hrwzMYhvXU"}
[2021-09-15 17:44:19.066][2764][INFO] [CMD:1001]{"token":"sv34o7dd6bsbej12q9njbbhutt","acc":"v6hrwzMYhvXU"}
[2021-09-15 17:44:19.082][2764][INFO] [CMD:1023]{"token":"sv34o7dd6bsbej12q9njbbhutt","acc":"v6hrwzMYhvXU"}
[2021-09-15 17:44:27.764][2764][INFO] [CMD:1044]{"token":"sv34o7dd6bsbej12q9njbbhutt","acc":"v6hrwzMYhvXU"}
[2021-09-15 17:55:31.420][2764][INFO] [CMD:101][ACC:v6hrwzMYhvXU]
[2021-09-15 17:56:07.810][2764][INFO] [CMD:101][ACC:v6hrwzMYhvXU]
[2021-09-15 17:56:08.314][2764][INFO] [CMD:1021]{"token":"3cikacoek1fit0c6805killf1n","acc":"v6hrwzMYhvXU"}
[2021-09-15 17:56:08.325][2764][INFO] [CMD:1025]{"token":"3cikacoek1fit0c6805killf1n","acc":"v6hrwzMYhvXU"}
[2021-09-15 17:56:08.357][2764][INFO] [CMD:1028]{"token":"3cikacoek1fit0c6805killf1n","acc":"v6hrwzMYhvXU"}
[2021-09-15 17:56:13.371][2764][INFO] [CMD:1011]{"token":"3cikacoek1fit0c6805killf1n","acc":"v6hrwzMYhvXU"}
[2021-09-15 17:56:13.395][2764][INFO] [CMD:1001]{"token":"3cikacoek1fit0c6805killf1n","acc":"v6hrwzMYhvXU"}
[2021-09-15 17:56:13.395][2764][INFO] [CMD:1023]{"token":"3cikacoek1fit0c6805killf1n","acc":"v6hrwzMYhvXU"}
[2021-09-15 17:56:19.324][2764][INFO] [CMD:1044]{"token":"3cikacoek1fit0c6805killf1n","acc":"v6hrwzMYhvXU"}
[2021-09-15 17:57:50.230][2764][INFO] [CMD:101][ACC:v6hrwzMYhvXU]
[2021-09-15 17:57:50.652][2764][INFO] [CMD:1025]{"token":"n84rsagg41cpca7f6hchv4q74h","acc":"v6hrwzMYhvXU"}
[2021-09-15 17:57:50.660][2764][INFO] [CMD:1028]{"token":"n84rsagg41cpca7f6hchv4q74h","acc":"v6hrwzMYhvXU"}
[2021-09-15 17:57:50.688][2764][INFO] [CMD:1021]{"token":"n84rsagg41cpca7f6hchv4q74h","acc":"v6hrwzMYhvXU"}
[2021-09-15 17:57:55.721][2764][INFO] [CMD:1011]{"token":"n84rsagg41cpca7f6hchv4q74h","acc":"v6hrwzMYhvXU"}
[2021-09-15 17:57:55.724][2764][INFO] [CMD:1023]{"token":"n84rsagg41cpca7f6hchv4q74h","acc":"v6hrwzMYhvXU"}
[2021-09-15 17:57:55.739][2764][INFO] [CMD:1001]{"token":"n84rsagg41cpca7f6hchv4q74h","acc":"v6hrwzMYhvXU"}
[2021-09-15 18:02:15.647][2764][INFO] [CMD:101][ACC:v6hrwzMYhvXU]
[2021-09-15 18:04:38.149][2764][INFO] [CMD:101][ACC:v6hrwzMYhvXU]
[2021-09-15 18:04:38.797][2764][INFO] [CMD:1028]{"token":"f8lqo1ibkrmovs51qcn751ipit","acc":"v6hrwzMYhvXU"}
[2021-09-15 18:04:38.810][2764][INFO] [CMD:1025]{"token":"f8lqo1ibkrmovs51qcn751ipit","acc":"v6hrwzMYhvXU"}
[2021-09-15 18:04:38.841][2764][INFO] [CMD:1021]{"token":"f8lqo1ibkrmovs51qcn751ipit","acc":"v6hrwzMYhvXU"}
[2021-09-15 18:04:43.914][2764][INFO] [CMD:1011]{"token":"f8lqo1ibkrmovs51qcn751ipit","acc":"v6hrwzMYhvXU"}
[2021-09-15 18:04:43.916][2764][INFO] [CMD:1001]{"token":"f8lqo1ibkrmovs51qcn751ipit","acc":"v6hrwzMYhvXU"}
[2021-09-15 18:04:43.916][2764][INFO] [CMD:1023]{"token":"f8lqo1ibkrmovs51qcn751ipit","acc":"v6hrwzMYhvXU"}
[2021-09-15 18:04:49.353][2764][INFO] [CMD:1044]{"token":"f8lqo1ibkrmovs51qcn751ipit","acc":"v6hrwzMYhvXU"}
