[2021-08-20 13:23:39.356][6996][INFO] [CMD:1002][ACC:MeX3Uq6I5zX7]{"token":"79idt12l6lj0lht5l68ma07mv0","acc":"MeX3Uq6I5zX7","guid":216,"count":1}
[2021-08-20 13:24:48.424][6996][INFO] [CMD:1002]{"token":"79idt12l6lj0lht5l68ma07mv0","acc":"MeX3Uq6I5zX7","guid":216,"count":1}
[2021-08-20 13:25:41.816][6996][INFO] [CMD:101][ACC:MeX3Uq6I5zX7]
[2021-08-20 13:25:41.930][6996][INFO] [CMD:1025]{"token":"f9pb9km4kmdu8stn68m6rnk5od","acc":"MeX3Uq6I5zX7"}
[2021-08-20 13:25:41.953][6996][INFO] [CMD:1028]{"token":"f9pb9km4kmdu8stn68m6rnk5od","acc":"MeX3Uq6I5zX7"}
[2021-08-20 13:25:41.968][6996][INFO] [CMD:1021]{"token":"f9pb9km4kmdu8stn68m6rnk5od","acc":"MeX3Uq6I5zX7"}
[2021-08-20 13:25:45.886][6996][INFO] [CMD:1001]{"token":"f9pb9km4kmdu8stn68m6rnk5od","acc":"MeX3Uq6I5zX7"}
[2021-08-20 13:25:45.895][6996][INFO] [CMD:1011]{"token":"f9pb9km4kmdu8stn68m6rnk5od","acc":"MeX3Uq6I5zX7"}
[2021-08-20 13:25:45.896][6996][INFO] [CMD:1023]{"token":"f9pb9km4kmdu8stn68m6rnk5od","acc":"MeX3Uq6I5zX7"}
[2021-08-20 13:25:49.107][6996][INFO] [CMD:1002]{"token":"f9pb9km4kmdu8stn68m6rnk5od","acc":"MeX3Uq6I5zX7","guid":216,"count":1}
[2021-08-20 13:25:49.899][6996][INFO] [CMD:1002]{"token":"f9pb9km4kmdu8stn68m6rnk5od","acc":"MeX3Uq6I5zX7","guid":216,"count":1}
[2021-08-20 13:25:50.566][6996][INFO] [CMD:1002]{"token":"f9pb9km4kmdu8stn68m6rnk5od","acc":"MeX3Uq6I5zX7","guid":216,"count":1}
[2021-08-20 13:27:04.128][6996][INFO] [CMD:1002]{"token":"f9pb9km4kmdu8stn68m6rnk5od","acc":"MeX3Uq6I5zX7","guid":216,"count":1}
[2021-08-20 13:27:05.144][6996][INFO] [CMD:1002]{"token":"f9pb9km4kmdu8stn68m6rnk5od","acc":"MeX3Uq6I5zX7","guid":216,"count":1}
[2021-08-20 13:27:06.397][6996][INFO] [CMD:1002]{"token":"f9pb9km4kmdu8stn68m6rnk5od","acc":"MeX3Uq6I5zX7","guid":216,"count":1}
[2021-08-20 13:27:06.776][6996][INFO] [CMD:1002]{"token":"f9pb9km4kmdu8stn68m6rnk5od","acc":"MeX3Uq6I5zX7","guid":216,"count":1}
[2021-08-20 13:27:07.593][6996][INFO] [CMD:1002]{"token":"f9pb9km4kmdu8stn68m6rnk5od","acc":"MeX3Uq6I5zX7","guid":216,"count":1}
[2021-08-20 13:27:08.011][6996][INFO] [CMD:1002]{"token":"f9pb9km4kmdu8stn68m6rnk5od","acc":"MeX3Uq6I5zX7","guid":216,"count":1}
[2021-08-20 13:27:12.966][6996][INFO] [CMD:1002]{"token":"f9pb9km4kmdu8stn68m6rnk5od","acc":"MeX3Uq6I5zX7","guid":216,"count":1}
[2021-08-20 13:27:13.443][6996][INFO] [CMD:1002]{"token":"f9pb9km4kmdu8stn68m6rnk5od","acc":"MeX3Uq6I5zX7","guid":216,"count":1}
[2021-08-20 13:27:13.929][6996][INFO] [CMD:1002]{"token":"f9pb9km4kmdu8stn68m6rnk5od","acc":"MeX3Uq6I5zX7","guid":216,"count":1}
[2021-08-20 13:27:15.754][6996][INFO] [CMD:1002]{"token":"f9pb9km4kmdu8stn68m6rnk5od","acc":"MeX3Uq6I5zX7","guid":216,"count":1}
[2021-08-20 13:27:16.130][6996][INFO] [CMD:1002]{"token":"f9pb9km4kmdu8stn68m6rnk5od","acc":"MeX3Uq6I5zX7","guid":216,"count":1}
[2021-08-20 13:27:16.565][6996][INFO] [CMD:1002]{"token":"f9pb9km4kmdu8stn68m6rnk5od","acc":"MeX3Uq6I5zX7","guid":216,"count":1}
[2021-08-20 13:27:17.294][6996][INFO] [CMD:1002]{"token":"f9pb9km4kmdu8stn68m6rnk5od","acc":"MeX3Uq6I5zX7","guid":216,"count":1}
[2021-08-20 13:27:19.030][6996][INFO] [CMD:1002]{"token":"f9pb9km4kmdu8stn68m6rnk5od","acc":"MeX3Uq6I5zX7","guid":216,"count":1}
[2021-08-20 13:27:19.526][6996][INFO] [CMD:1002]{"token":"f9pb9km4kmdu8stn68m6rnk5od","acc":"MeX3Uq6I5zX7","guid":216,"count":1}
[2021-08-20 13:27:20.133][6996][INFO] [CMD:1002]{"token":"f9pb9km4kmdu8stn68m6rnk5od","acc":"MeX3Uq6I5zX7","guid":216,"count":1}
[2021-08-20 13:27:21.009][6996][INFO] [CMD:1002]{"token":"f9pb9km4kmdu8stn68m6rnk5od","acc":"MeX3Uq6I5zX7","guid":216,"count":1}
[2021-08-20 13:27:25.728][6996][INFO] [CMD:1002]{"token":"f9pb9km4kmdu8stn68m6rnk5od","acc":"MeX3Uq6I5zX7","guid":216,"count":1}
[2021-08-20 13:27:47.495][6996][INFO] [CMD:1002]{"token":"f9pb9km4kmdu8stn68m6rnk5od","acc":"MeX3Uq6I5zX7","guid":216,"count":1}
[2021-08-20 13:28:22.315][6996][INFO] [CMD:1002]{"token":"f9pb9km4kmdu8stn68m6rnk5od","acc":"MeX3Uq6I5zX7","guid":216,"count":1}
[2021-08-20 13:34:17.610][6996][INFO] [CMD:1002]{"token":"f9pb9km4kmdu8stn68m6rnk5od","acc":"MeX3Uq6I5zX7","guid":216,"count":1}
[2021-08-20 13:34:33.551][6996][INFO] [CMD:101][ACC:MeX3Uq6I5zX7]
[2021-08-20 13:34:33.667][6996][INFO] [CMD:1025]{"token":"sg67s6od5gg9e8msi3pipa2v1s","acc":"MeX3Uq6I5zX7"}
[2021-08-20 13:34:33.682][6996][INFO] [CMD:1021]{"token":"sg67s6od5gg9e8msi3pipa2v1s","acc":"MeX3Uq6I5zX7"}
[2021-08-20 13:34:33.682][6996][INFO] [CMD:1028]{"token":"sg67s6od5gg9e8msi3pipa2v1s","acc":"MeX3Uq6I5zX7"}
[2021-08-20 13:34:37.689][6996][INFO] [CMD:1001]{"token":"sg67s6od5gg9e8msi3pipa2v1s","acc":"MeX3Uq6I5zX7"}
[2021-08-20 13:34:37.692][6996][INFO] [CMD:1011]{"token":"sg67s6od5gg9e8msi3pipa2v1s","acc":"MeX3Uq6I5zX7"}
[2021-08-20 13:34:37.693][6996][INFO] [CMD:1023]{"token":"sg67s6od5gg9e8msi3pipa2v1s","acc":"MeX3Uq6I5zX7"}
[2021-08-20 13:35:14.115][6996][INFO] [CMD:1002]{"token":"sg67s6od5gg9e8msi3pipa2v1s","acc":"MeX3Uq6I5zX7","guid":216,"count":1}
[2021-08-20 14:00:55.718][6996][INFO] [CMD:101][ACC:ECilmL5wmL0O]
[2021-08-20 14:01:16.088][6996][INFO] [CMD:101][ACC:MeX3Uq6I5zX7]
[2021-08-20 14:01:16.254][6996][INFO] [CMD:1025]{"token":"sd8i7td4o5k7d9gocjrrelk6ld","acc":"MeX3Uq6I5zX7"}
[2021-08-20 14:01:16.282][6996][INFO] [CMD:1021]{"token":"sd8i7td4o5k7d9gocjrrelk6ld","acc":"MeX3Uq6I5zX7"}
[2021-08-20 14:01:16.282][6996][INFO] [CMD:1028]{"token":"sd8i7td4o5k7d9gocjrrelk6ld","acc":"MeX3Uq6I5zX7"}
[2021-08-20 14:01:20.421][6996][INFO] [CMD:1023]{"token":"sd8i7td4o5k7d9gocjrrelk6ld","acc":"MeX3Uq6I5zX7"}
[2021-08-20 14:01:20.435][6996][INFO] [CMD:1001]{"token":"sd8i7td4o5k7d9gocjrrelk6ld","acc":"MeX3Uq6I5zX7"}
[2021-08-20 14:01:20.437][6996][INFO] [CMD:1011]{"token":"sd8i7td4o5k7d9gocjrrelk6ld","acc":"MeX3Uq6I5zX7"}
[2021-08-20 15:00:53.426][6996][INFO] [CMD:101][ACC:MeX3Uq6I5zX7]
[2021-08-20 15:00:53.548][6996][INFO] [CMD:1021]{"token":"715rid1omsnes0o6bksrd4gah9","acc":"MeX3Uq6I5zX7"}
[2021-08-20 15:00:53.577][6996][INFO] [CMD:1025]{"token":"715rid1omsnes0o6bksrd4gah9","acc":"MeX3Uq6I5zX7"}
[2021-08-20 15:00:53.584][6996][INFO] [CMD:1028]{"token":"715rid1omsnes0o6bksrd4gah9","acc":"MeX3Uq6I5zX7"}
[2021-08-20 15:01:15.962][6996][INFO] [CMD:1023]{"token":"715rid1omsnes0o6bksrd4gah9","acc":"MeX3Uq6I5zX7"}
[2021-08-20 15:01:15.962][6996][INFO] [CMD:1011]{"token":"715rid1omsnes0o6bksrd4gah9","acc":"MeX3Uq6I5zX7"}
[2021-08-20 15:01:15.964][6996][INFO] [CMD:1001]{"token":"715rid1omsnes0o6bksrd4gah9","acc":"MeX3Uq6I5zX7"}
[2021-08-20 15:01:20.017][6996][INFO] [CMD:1002]{"token":"715rid1omsnes0o6bksrd4gah9","acc":"MeX3Uq6I5zX7","guid":216,"count":1}
[2021-08-20 15:01:20.566][6996][INFO] [CMD:1002]{"token":"715rid1omsnes0o6bksrd4gah9","acc":"MeX3Uq6I5zX7","guid":216,"count":1}
[2021-08-20 15:01:26.303][6996][INFO] [CMD:1004]{"token":"715rid1omsnes0o6bksrd4gah9","acc":"MeX3Uq6I5zX7","itemId":101,"count":1}
[2021-08-20 15:01:26.400][6996][INFO] [CMD:1001]{"token":"715rid1omsnes0o6bksrd4gah9","acc":"MeX3Uq6I5zX7"}
[2021-08-20 15:01:38.665][6996][INFO] [CMD:1002]{"token":"715rid1omsnes0o6bksrd4gah9","acc":"MeX3Uq6I5zX7","guid":216,"count":1}
[2021-08-20 15:01:40.563][6996][INFO] [CMD:1004]{"token":"715rid1omsnes0o6bksrd4gah9","acc":"MeX3Uq6I5zX7","itemId":101,"count":1}
[2021-08-20 15:01:40.644][6996][INFO] [CMD:1001]{"token":"715rid1omsnes0o6bksrd4gah9","acc":"MeX3Uq6I5zX7"}
[2021-08-20 15:01:41.894][6996][INFO] [CMD:1002]{"token":"715rid1omsnes0o6bksrd4gah9","acc":"MeX3Uq6I5zX7","guid":216,"count":1}
[2021-08-20 15:01:50.833][6996][INFO] [CMD:1002]{"token":"715rid1omsnes0o6bksrd4gah9","acc":"MeX3Uq6I5zX7","guid":216,"count":1}
[2021-08-20 15:01:51.271][6996][INFO] [CMD:1002]{"token":"715rid1omsnes0o6bksrd4gah9","acc":"MeX3Uq6I5zX7","guid":216,"count":1}
[2021-08-20 15:01:52.505][6996][INFO] [CMD:1002]{"token":"715rid1omsnes0o6bksrd4gah9","acc":"MeX3Uq6I5zX7","guid":216,"count":1}
[2021-08-20 15:01:53.050][6996][INFO] [CMD:1002]{"token":"715rid1omsnes0o6bksrd4gah9","acc":"MeX3Uq6I5zX7","guid":216,"count":1}
[2021-08-20 15:02:19.369][6996][INFO] [CMD:1002]{"token":"715rid1omsnes0o6bksrd4gah9","acc":"MeX3Uq6I5zX7","guid":216,"count":1}
[2021-08-20 15:02:22.886][6996][INFO] [CMD:1004]{"token":"715rid1omsnes0o6bksrd4gah9","acc":"MeX3Uq6I5zX7","itemId":101,"count":1}
[2021-08-20 15:02:22.973][6996][INFO] [CMD:1001]{"token":"715rid1omsnes0o6bksrd4gah9","acc":"MeX3Uq6I5zX7"}
[2021-08-20 15:07:22.430][6996][INFO] [CMD:101][ACC:MeX3Uq6I5zX7]
[2021-08-20 15:07:22.534][6996][INFO] [CMD:1025]{"token":"efiitmhjq8qvgviee8j5ql7ccp","acc":"MeX3Uq6I5zX7"}
[2021-08-20 15:07:22.582][6996][INFO] [CMD:1021]{"token":"efiitmhjq8qvgviee8j5ql7ccp","acc":"MeX3Uq6I5zX7"}
[2021-08-20 15:07:22.582][6996][INFO] [CMD:1028]{"token":"efiitmhjq8qvgviee8j5ql7ccp","acc":"MeX3Uq6I5zX7"}
[2021-08-20 15:07:26.332][6996][INFO] [CMD:1023]{"token":"efiitmhjq8qvgviee8j5ql7ccp","acc":"MeX3Uq6I5zX7"}
[2021-08-20 15:07:26.346][6996][INFO] [CMD:1011]{"token":"efiitmhjq8qvgviee8j5ql7ccp","acc":"MeX3Uq6I5zX7"}
[2021-08-20 15:07:26.348][6996][INFO] [CMD:1001]{"token":"efiitmhjq8qvgviee8j5ql7ccp","acc":"MeX3Uq6I5zX7"}
[2021-08-20 15:07:40.387][6996][INFO] [CMD:1002]{"token":"efiitmhjq8qvgviee8j5ql7ccp","acc":"MeX3Uq6I5zX7","guid":216,"count":1}
[2021-08-20 15:07:48.691][6996][INFO] [CMD:1004]{"token":"efiitmhjq8qvgviee8j5ql7ccp","acc":"MeX3Uq6I5zX7","itemId":101,"count":1}
[2021-08-20 15:07:48.921][6996][INFO] [CMD:1001]{"token":"efiitmhjq8qvgviee8j5ql7ccp","acc":"MeX3Uq6I5zX7"}
[2021-08-20 15:07:51.363][6996][INFO] [CMD:1002]{"token":"efiitmhjq8qvgviee8j5ql7ccp","acc":"MeX3Uq6I5zX7","guid":216,"count":1}
[2021-08-20 16:00:17.915][6996][INFO] [CMD:101][ACC:MeX3Uq6I5zX7]
[2021-08-20 16:00:18.038][6996][INFO] [CMD:1025]{"token":"a3rcft0a70bi45re9ks5897mv5","acc":"MeX3Uq6I5zX7"}
[2021-08-20 16:00:18.055][6996][INFO] [CMD:1028]{"token":"a3rcft0a70bi45re9ks5897mv5","acc":"MeX3Uq6I5zX7"}
[2021-08-20 16:00:18.058][6996][INFO] [CMD:1021]{"token":"a3rcft0a70bi45re9ks5897mv5","acc":"MeX3Uq6I5zX7"}
[2021-08-20 16:00:22.156][6996][INFO] [CMD:1001]{"token":"a3rcft0a70bi45re9ks5897mv5","acc":"MeX3Uq6I5zX7"}
[2021-08-20 16:00:22.156][6996][INFO] [CMD:1023]{"token":"a3rcft0a70bi45re9ks5897mv5","acc":"MeX3Uq6I5zX7"}
[2021-08-20 16:00:22.159][6996][INFO] [CMD:1011]{"token":"a3rcft0a70bi45re9ks5897mv5","acc":"MeX3Uq6I5zX7"}
[2021-08-20 16:00:30.956][6996][INFO] [CMD:1037]{"token":"a3rcft0a70bi45re9ks5897mv5","acc":"MeX3Uq6I5zX7","comment":"ggee"}
[2021-08-20 16:01:16.993][6996][INFO] [CMD:101][ACC:MeX3Uq6I5zX7]
[2021-08-20 16:01:17.175][6996][INFO] [CMD:1025]{"token":"e7rvhflgnb63m2e728e4qpe7fk","acc":"MeX3Uq6I5zX7"}
[2021-08-20 16:01:17.188][6996][INFO] [CMD:1028]{"token":"e7rvhflgnb63m2e728e4qpe7fk","acc":"MeX3Uq6I5zX7"}
[2021-08-20 16:01:17.189][6996][INFO] [CMD:1021]{"token":"e7rvhflgnb63m2e728e4qpe7fk","acc":"MeX3Uq6I5zX7"}
[2021-08-20 16:01:21.263][6996][INFO] [CMD:1023]{"token":"e7rvhflgnb63m2e728e4qpe7fk","acc":"MeX3Uq6I5zX7"}
[2021-08-20 16:01:21.270][6996][INFO] [CMD:1001]{"token":"e7rvhflgnb63m2e728e4qpe7fk","acc":"MeX3Uq6I5zX7"}
[2021-08-20 16:01:21.272][6996][INFO] [CMD:1011]{"token":"e7rvhflgnb63m2e728e4qpe7fk","acc":"MeX3Uq6I5zX7"}
[2021-08-20 16:01:23.703][6996][INFO] [CMD:1019]{"token":"e7rvhflgnb63m2e728e4qpe7fk","acc":"MeX3Uq6I5zX7","page":1}
[2021-08-20 16:01:37.486][6996][INFO] [CMD:1037]{"token":"e7rvhflgnb63m2e728e4qpe7fk","acc":"MeX3Uq6I5zX7","comment":"ggeeaaaaaaaaaaaaaaaaaaaaaaaaa"}
[2021-08-20 16:01:40.883][6996][INFO] [CMD:1037]{"token":"e7rvhflgnb63m2e728e4qpe7fk","acc":"MeX3Uq6I5zX7","comment":"ggeeaaaaaaaaaaaaaaaaaaaaaaaaa"}
[2021-08-20 16:01:49.514][6996][INFO] [CMD:1037]{"token":"e7rvhflgnb63m2e728e4qpe7fk","acc":"MeX3Uq6I5zX7","comment":"ggeeaaaaaaaaaaaaaaaaaaaaaaaaagsegsssssssssssssssss"}
[2021-08-20 16:03:53.029][6996][INFO] [CMD:1037]{"token":"e7rvhflgnb63m2e728e4qpe7fk","acc":"MeX3Uq6I5zX7","comment":"ggeeaaaaaaaaaaaaaaaaaaaaaaaaagsegsssssssssssssssss"}
[2021-08-20 16:04:08.378][6996][INFO] [CMD:1037]{"token":"e7rvhflgnb63m2e728e4qpe7fk","acc":"MeX3Uq6I5zX7","comment":"ggeeaaaaaaaaaaaaaaaaaaaaaaaaagsegsssssssssssssssss"}
[2021-08-20 16:04:10.247][6996][INFO] [CMD:1037]{"token":"e7rvhflgnb63m2e728e4qpe7fk","acc":"MeX3Uq6I5zX7","comment":"ggeeaaaaaaaaaaaaaaaaaaaaaaaaagsegsssssssssssssssss"}
[2021-08-20 16:04:19.379][6996][INFO] [CMD:1037]{"token":"e7rvhflgnb63m2e728e4qpe7fk","acc":"MeX3Uq6I5zX7","comment":"ggeeaaaaaaaaaaaaaaaaaaaaaaaaagsegsssssssssssssssss"}
[2021-08-20 16:04:30.741][6996][INFO] [CMD:1037]{"token":"e7rvhflgnb63m2e728e4qpe7fk","acc":"MeX3Uq6I5zX7","comment":"ggeeaaaaaaaaaaaaaaaaaaaaaaaaagsegsssssssssssssssss"}
[2021-08-20 16:08:35.210][6996][INFO] [CMD:1037]{"token":"e7rvhflgnb63m2e728e4qpe7fk","acc":"MeX3Uq6I5zX7","comment":"ggeeaaaaaaaaaaaaaaaaaaaasdfsdgsdgegsdgsdgsdhadssss"}
[2021-08-20 16:08:44.698][6996][INFO] [CMD:101][ACC:MeX3Uq6I5zX7]
[2021-08-20 16:08:44.870][6996][INFO] [CMD:1021]{"token":"2j14okmivi13rleqvgg2rk1nm1","acc":"MeX3Uq6I5zX7"}
[2021-08-20 16:08:44.871][6996][INFO] [CMD:1025]{"token":"2j14okmivi13rleqvgg2rk1nm1","acc":"MeX3Uq6I5zX7"}
[2021-08-20 16:08:44.882][6996][INFO] [CMD:1028]{"token":"2j14okmivi13rleqvgg2rk1nm1","acc":"MeX3Uq6I5zX7"}
[2021-08-20 16:08:48.790][6996][INFO] [CMD:1023]{"token":"2j14okmivi13rleqvgg2rk1nm1","acc":"MeX3Uq6I5zX7"}
[2021-08-20 16:08:48.805][6996][INFO] [CMD:1001]{"token":"2j14okmivi13rleqvgg2rk1nm1","acc":"MeX3Uq6I5zX7"}
[2021-08-20 16:08:48.805][6996][INFO] [CMD:1011]{"token":"2j14okmivi13rleqvgg2rk1nm1","acc":"MeX3Uq6I5zX7"}
[2021-08-20 16:08:51.344][6996][INFO] [CMD:1019]{"token":"2j14okmivi13rleqvgg2rk1nm1","acc":"MeX3Uq6I5zX7","page":1}
[2021-08-20 16:09:02.869][6996][INFO] [CMD:1037]{"token":"2j14okmivi13rleqvgg2rk1nm1","acc":"MeX3Uq6I5zX7","comment":"\u304A\u306F\u3088\u3046\u3054\u3056\u3044\u307E\u3059\uFF01"}
[2021-08-20 16:09:05.977][6996][INFO] [CMD:1037]{"token":"2j14okmivi13rleqvgg2rk1nm1","acc":"MeX3Uq6I5zX7","comment":"\u304A\u306F\u3088\u3046\u3054\u3056\u3044\u307E\u3059\uFF01"}
[2021-08-20 16:09:25.022][6996][INFO] [CMD:1037]{"token":"2j14okmivi13rleqvgg2rk1nm1","acc":"MeX3Uq6I5zX7","comment":"\u304A\u306F\u3088\u3046\u3054\u3056\u3044\u307E\u3059\uFF01"}
[2021-08-20 16:10:19.913][6996][INFO] [CMD:1037]{"token":"2j14okmivi13rleqvgg2rk1nm1","acc":"MeX3Uq6I5zX7","comment":"\u304A\u306F\u3088\u3046\u3054\u3056\u3044\u307E\u3059\uFF01"}
[2021-08-20 16:10:32.857][6996][INFO] [CMD:1037]{"token":"2j14okmivi13rleqvgg2rk1nm1","acc":"MeX3Uq6I5zX7","comment":"\u304A\u306F\u3088\u3046\u3054\u3056\u3044\u307E\u3059\uFF01"}
[2021-08-20 16:10:52.226][6996][INFO] [CMD:1037]{"token":"2j14okmivi13rleqvgg2rk1nm1","acc":"MeX3Uq6I5zX7","comment":"\u304A\u306F\u3088\u3046\u3054\u3056\u3044\u307E\u3059\uFF01"}
[2021-08-20 16:13:48.611][6996][INFO] [CMD:101][ACC:MeX3Uq6I5zX7]
[2021-08-20 16:13:48.737][6996][INFO] [CMD:1021]{"token":"r4rjhso6tuc6qd24kkh00luoe2","acc":"MeX3Uq6I5zX7"}
[2021-08-20 16:13:48.742][6996][INFO] [CMD:1028]{"token":"r4rjhso6tuc6qd24kkh00luoe2","acc":"MeX3Uq6I5zX7"}
[2021-08-20 16:13:48.748][6996][INFO] [CMD:1025]{"token":"r4rjhso6tuc6qd24kkh00luoe2","acc":"MeX3Uq6I5zX7"}
[2021-08-20 16:13:53.008][6996][INFO] [CMD:1023]{"token":"r4rjhso6tuc6qd24kkh00luoe2","acc":"MeX3Uq6I5zX7"}
[2021-08-20 16:13:53.010][6996][INFO] [CMD:1001]{"token":"r4rjhso6tuc6qd24kkh00luoe2","acc":"MeX3Uq6I5zX7"}
[2021-08-20 16:13:53.011][6996][INFO] [CMD:1011]{"token":"r4rjhso6tuc6qd24kkh00luoe2","acc":"MeX3Uq6I5zX7"}
[2021-08-20 16:19:04.168][6996][INFO] [CMD:101][ACC:MeX3Uq6I5zX7]
[2021-08-20 16:19:04.387][6996][INFO] [CMD:1025]{"token":"63v3e1vhae5fgk3l981rbbu0eh","acc":"MeX3Uq6I5zX7"}
[2021-08-20 16:19:04.397][6996][INFO] [CMD:1028]{"token":"63v3e1vhae5fgk3l981rbbu0eh","acc":"MeX3Uq6I5zX7"}
[2021-08-20 16:19:04.407][6996][INFO] [CMD:1021]{"token":"63v3e1vhae5fgk3l981rbbu0eh","acc":"MeX3Uq6I5zX7"}
[2021-08-20 16:19:08.380][6996][INFO] [CMD:1023]{"token":"63v3e1vhae5fgk3l981rbbu0eh","acc":"MeX3Uq6I5zX7"}
[2021-08-20 16:19:08.392][6996][INFO] [CMD:1011]{"token":"63v3e1vhae5fgk3l981rbbu0eh","acc":"MeX3Uq6I5zX7"}
[2021-08-20 16:19:08.419][6996][INFO] [CMD:1001]{"token":"63v3e1vhae5fgk3l981rbbu0eh","acc":"MeX3Uq6I5zX7"}
[2021-08-20 16:20:26.038][6996][INFO] [CMD:101][ACC:MeX3Uq6I5zX7]
[2021-08-20 16:20:26.303][6996][INFO] [CMD:1025]{"token":"9b0g429hc8ct9mbf7qd5g67t1i","acc":"MeX3Uq6I5zX7"}
[2021-08-20 16:20:26.320][6996][INFO] [CMD:1028]{"token":"9b0g429hc8ct9mbf7qd5g67t1i","acc":"MeX3Uq6I5zX7"}
[2021-08-20 16:20:26.322][6996][INFO] [CMD:1021]{"token":"9b0g429hc8ct9mbf7qd5g67t1i","acc":"MeX3Uq6I5zX7"}
[2021-08-20 16:20:30.765][6996][INFO] [CMD:1023]{"token":"9b0g429hc8ct9mbf7qd5g67t1i","acc":"MeX3Uq6I5zX7"}
[2021-08-20 16:20:30.775][6996][INFO] [CMD:1001]{"token":"9b0g429hc8ct9mbf7qd5g67t1i","acc":"MeX3Uq6I5zX7"}
[2021-08-20 16:20:30.790][6996][INFO] [CMD:1011]{"token":"9b0g429hc8ct9mbf7qd5g67t1i","acc":"MeX3Uq6I5zX7"}
[2021-08-20 16:21:13.760][6996][INFO] [CMD:101][ACC:MeX3Uq6I5zX7]
[2021-08-20 16:21:13.950][6996][INFO] [CMD:1025]{"token":"9ssa9c3m6rg03u86ht4dmbavno","acc":"MeX3Uq6I5zX7"}
[2021-08-20 16:21:13.977][6996][INFO] [CMD:1028]{"token":"9ssa9c3m6rg03u86ht4dmbavno","acc":"MeX3Uq6I5zX7"}
[2021-08-20 16:21:13.977][6996][INFO] [CMD:1021]{"token":"9ssa9c3m6rg03u86ht4dmbavno","acc":"MeX3Uq6I5zX7"}
[2021-08-20 16:21:18.380][6996][INFO] [CMD:1001]{"token":"9ssa9c3m6rg03u86ht4dmbavno","acc":"MeX3Uq6I5zX7"}
[2021-08-20 16:21:18.382][6996][INFO] [CMD:1011]{"token":"9ssa9c3m6rg03u86ht4dmbavno","acc":"MeX3Uq6I5zX7"}
[2021-08-20 16:21:18.393][6996][INFO] [CMD:1023]{"token":"9ssa9c3m6rg03u86ht4dmbavno","acc":"MeX3Uq6I5zX7"}
[2021-08-20 16:42:26.386][6996][INFO] [CMD:101][ACC:MeX3Uq6I5zX7]
[2021-08-20 16:42:26.538][6996][INFO] [CMD:1025]{"token":"b81pm3ndqero7asa3l5o4me9mh","acc":"MeX3Uq6I5zX7"}
[2021-08-20 16:42:26.553][6996][INFO] [CMD:1028]{"token":"b81pm3ndqero7asa3l5o4me9mh","acc":"MeX3Uq6I5zX7"}
[2021-08-20 16:42:26.553][6996][INFO] [CMD:1021]{"token":"b81pm3ndqero7asa3l5o4me9mh","acc":"MeX3Uq6I5zX7"}
[2021-08-20 16:42:31.204][6996][INFO] [CMD:1023]{"token":"b81pm3ndqero7asa3l5o4me9mh","acc":"MeX3Uq6I5zX7"}
[2021-08-20 16:42:31.207][6996][INFO] [CMD:1001]{"token":"b81pm3ndqero7asa3l5o4me9mh","acc":"MeX3Uq6I5zX7"}
[2021-08-20 16:42:31.215][6996][INFO] [CMD:1011]{"token":"b81pm3ndqero7asa3l5o4me9mh","acc":"MeX3Uq6I5zX7"}
[2021-08-20 16:42:33.256][6996][INFO] [CMD:1035]{"token":"b81pm3ndqero7asa3l5o4me9mh","acc":"MeX3Uq6I5zX7"}
[2021-08-20 16:43:36.335][6996][INFO] [CMD:1035]{"token":"b81pm3ndqero7asa3l5o4me9mh","acc":"MeX3Uq6I5zX7"}
[2021-08-20 16:44:19.639][6996][INFO] [CMD:1035]{"token":"b81pm3ndqero7asa3l5o4me9mh","acc":"MeX3Uq6I5zX7"}
[2021-08-20 16:47:05.202][6996][INFO] [CMD:1035]{"token":"b81pm3ndqero7asa3l5o4me9mh","acc":"MeX3Uq6I5zX7"}
[2021-08-20 16:47:28.705][6996][INFO] [CMD:1035]{"token":"b81pm3ndqero7asa3l5o4me9mh","acc":"MeX3Uq6I5zX7"}
[2021-08-20 16:48:12.014][6996][INFO] [CMD:1035]{"token":"b81pm3ndqero7asa3l5o4me9mh","acc":"MeX3Uq6I5zX7"}
[2021-08-20 16:54:54.743][6996][INFO] [CMD:1035]{"token":"b81pm3ndqero7asa3l5o4me9mh","acc":"MeX3Uq6I5zX7"}
[2021-08-20 16:55:18.219][6996][INFO] [CMD:1035]{"token":"b81pm3ndqero7asa3l5o4me9mh","acc":"MeX3Uq6I5zX7"}
[2021-08-20 16:55:43.565][6996][INFO] [CMD:1035]{"token":"b81pm3ndqero7asa3l5o4me9mh","acc":"MeX3Uq6I5zX7"}
[2021-08-20 16:56:59.777][6996][INFO] [CMD:101][ACC:MeX3Uq6I5zX7]
[2021-08-20 16:57:00.058][6996][INFO] [CMD:1025]{"token":"7rl8i3uig29ukrhs98sqgmlps9","acc":"MeX3Uq6I5zX7"}
[2021-08-20 16:57:00.058][6996][INFO] [CMD:1021]{"token":"7rl8i3uig29ukrhs98sqgmlps9","acc":"MeX3Uq6I5zX7"}
[2021-08-20 16:57:00.058][6996][INFO] [CMD:1028]{"token":"7rl8i3uig29ukrhs98sqgmlps9","acc":"MeX3Uq6I5zX7"}
[2021-08-20 16:57:04.269][6996][INFO] [CMD:1023]{"token":"7rl8i3uig29ukrhs98sqgmlps9","acc":"MeX3Uq6I5zX7"}
[2021-08-20 16:57:04.277][6996][INFO] [CMD:1011]{"token":"7rl8i3uig29ukrhs98sqgmlps9","acc":"MeX3Uq6I5zX7"}
[2021-08-20 16:57:04.278][6996][INFO] [CMD:1001]{"token":"7rl8i3uig29ukrhs98sqgmlps9","acc":"MeX3Uq6I5zX7"}
[2021-08-20 16:57:06.252][6996][INFO] [CMD:1035]{"token":"7rl8i3uig29ukrhs98sqgmlps9","acc":"MeX3Uq6I5zX7"}
[2021-08-20 16:57:14.014][6996][INFO] [CMD:1035]{"token":"7rl8i3uig29ukrhs98sqgmlps9","acc":"MeX3Uq6I5zX7"}
[2021-08-20 16:57:33.278][6996][INFO] [CMD:1035]{"token":"7rl8i3uig29ukrhs98sqgmlps9","acc":"MeX3Uq6I5zX7"}
[2021-08-20 16:58:22.867][6996][INFO] [CMD:101][ACC:MeX3Uq6I5zX7]
[2021-08-20 16:58:23.006][6996][INFO] [CMD:1025]{"token":"2pm6vpcp6cne9udq6b32sr4v7u","acc":"MeX3Uq6I5zX7"}
[2021-08-20 16:58:23.011][6996][INFO] [CMD:1021]{"token":"2pm6vpcp6cne9udq6b32sr4v7u","acc":"MeX3Uq6I5zX7"}
[2021-08-20 16:58:23.023][6996][INFO] [CMD:1028]{"token":"2pm6vpcp6cne9udq6b32sr4v7u","acc":"MeX3Uq6I5zX7"}
[2021-08-20 16:58:27.655][6996][INFO] [CMD:1023]{"token":"2pm6vpcp6cne9udq6b32sr4v7u","acc":"MeX3Uq6I5zX7"}
[2021-08-20 16:58:27.690][6996][INFO] [CMD:1001]{"token":"2pm6vpcp6cne9udq6b32sr4v7u","acc":"MeX3Uq6I5zX7"}
[2021-08-20 16:58:27.691][6996][INFO] [CMD:1011]{"token":"2pm6vpcp6cne9udq6b32sr4v7u","acc":"MeX3Uq6I5zX7"}
[2021-08-20 16:58:30.038][6996][INFO] [CMD:1035]{"token":"2pm6vpcp6cne9udq6b32sr4v7u","acc":"MeX3Uq6I5zX7"}
[2021-08-20 16:58:40.959][6996][INFO] [CMD:1035]{"token":"2pm6vpcp6cne9udq6b32sr4v7u","acc":"MeX3Uq6I5zX7"}
[2021-08-20 17:00:11.621][6996][INFO] [CMD:101][ACC:MeX3Uq6I5zX7]
[2021-08-20 17:00:11.812][6996][INFO] [CMD:1028]{"token":"7e37hvu6m89rikllvfpguc6dp6","acc":"MeX3Uq6I5zX7"}
[2021-08-20 17:00:11.812][6996][INFO] [CMD:1021]{"token":"7e37hvu6m89rikllvfpguc6dp6","acc":"MeX3Uq6I5zX7"}
[2021-08-20 17:00:11.818][6996][INFO] [CMD:1025]{"token":"7e37hvu6m89rikllvfpguc6dp6","acc":"MeX3Uq6I5zX7"}
[2021-08-20 17:00:15.741][6996][INFO] [CMD:1023]{"token":"7e37hvu6m89rikllvfpguc6dp6","acc":"MeX3Uq6I5zX7"}
[2021-08-20 17:00:15.756][6996][INFO] [CMD:1001]{"token":"7e37hvu6m89rikllvfpguc6dp6","acc":"MeX3Uq6I5zX7"}
[2021-08-20 17:00:15.756][6996][INFO] [CMD:1011]{"token":"7e37hvu6m89rikllvfpguc6dp6","acc":"MeX3Uq6I5zX7"}
[2021-08-20 17:00:18.044][6996][INFO] [CMD:1035]{"token":"7e37hvu6m89rikllvfpguc6dp6","acc":"MeX3Uq6I5zX7"}
[2021-08-20 17:00:39.001][6996][INFO] [CMD:1035]{"token":"7e37hvu6m89rikllvfpguc6dp6","acc":"MeX3Uq6I5zX7"}
[2021-08-20 17:01:56.361][6996][INFO] [CMD:101][ACC:MeX3Uq6I5zX7]
[2021-08-20 17:01:56.510][6996][INFO] [CMD:1025]{"token":"m70hmel2l202b16ala1g9ihm4j","acc":"MeX3Uq6I5zX7"}
[2021-08-20 17:01:56.527][6996][INFO] [CMD:1021]{"token":"m70hmel2l202b16ala1g9ihm4j","acc":"MeX3Uq6I5zX7"}
[2021-08-20 17:01:56.527][6996][INFO] [CMD:1028]{"token":"m70hmel2l202b16ala1g9ihm4j","acc":"MeX3Uq6I5zX7"}
[2021-08-20 17:02:00.423][6996][INFO] [CMD:1023]{"token":"m70hmel2l202b16ala1g9ihm4j","acc":"MeX3Uq6I5zX7"}
[2021-08-20 17:02:00.434][6996][INFO] [CMD:1001]{"token":"m70hmel2l202b16ala1g9ihm4j","acc":"MeX3Uq6I5zX7"}
[2021-08-20 17:02:00.434][6996][INFO] [CMD:1011]{"token":"m70hmel2l202b16ala1g9ihm4j","acc":"MeX3Uq6I5zX7"}
[2021-08-20 17:02:02.600][6996][INFO] [CMD:1035]{"token":"m70hmel2l202b16ala1g9ihm4j","acc":"MeX3Uq6I5zX7"}
[2021-08-20 17:08:08.027][6996][INFO] [CMD:101][ACC:MeX3Uq6I5zX7]
[2021-08-20 17:08:08.198][6996][INFO] [CMD:1025]{"token":"24nbcl14q75hvo8j7mhgk4e9ve","acc":"MeX3Uq6I5zX7"}
[2021-08-20 17:08:08.198][6996][INFO] [CMD:1028]{"token":"24nbcl14q75hvo8j7mhgk4e9ve","acc":"MeX3Uq6I5zX7"}
[2021-08-20 17:08:08.198][6996][INFO] [CMD:1021]{"token":"24nbcl14q75hvo8j7mhgk4e9ve","acc":"MeX3Uq6I5zX7"}
[2021-08-20 17:08:12.530][6996][INFO] [CMD:1011]{"token":"24nbcl14q75hvo8j7mhgk4e9ve","acc":"MeX3Uq6I5zX7"}
[2021-08-20 17:08:12.532][6996][INFO] [CMD:1023]{"token":"24nbcl14q75hvo8j7mhgk4e9ve","acc":"MeX3Uq6I5zX7"}
[2021-08-20 17:08:12.533][6996][INFO] [CMD:1001]{"token":"24nbcl14q75hvo8j7mhgk4e9ve","acc":"MeX3Uq6I5zX7"}
[2021-08-20 17:08:14.760][6996][INFO] [CMD:1035]{"token":"24nbcl14q75hvo8j7mhgk4e9ve","acc":"MeX3Uq6I5zX7"}
[2021-08-20 17:08:30.309][6996][INFO] [CMD:1035]{"token":"24nbcl14q75hvo8j7mhgk4e9ve","acc":"MeX3Uq6I5zX7"}
[2021-08-20 17:09:35.667][6996][INFO] [CMD:101][ACC:MeX3Uq6I5zX7]
[2021-08-20 17:09:35.797][6996][INFO] [CMD:1025]{"token":"t9gif5mkerbmg8tthta170a1gk","acc":"MeX3Uq6I5zX7"}
[2021-08-20 17:09:35.844][6996][INFO] [CMD:1021]{"token":"t9gif5mkerbmg8tthta170a1gk","acc":"MeX3Uq6I5zX7"}
[2021-08-20 17:09:35.844][6996][INFO] [CMD:1028]{"token":"t9gif5mkerbmg8tthta170a1gk","acc":"MeX3Uq6I5zX7"}
[2021-08-20 17:09:40.794][6996][INFO] [CMD:1011]{"token":"t9gif5mkerbmg8tthta170a1gk","acc":"MeX3Uq6I5zX7"}
[2021-08-20 17:09:40.798][6996][INFO] [CMD:1001]{"token":"t9gif5mkerbmg8tthta170a1gk","acc":"MeX3Uq6I5zX7"}
[2021-08-20 17:09:40.800][6996][INFO] [CMD:1023]{"token":"t9gif5mkerbmg8tthta170a1gk","acc":"MeX3Uq6I5zX7"}
[2021-08-20 17:09:44.273][6996][INFO] [CMD:1035]{"token":"t9gif5mkerbmg8tthta170a1gk","acc":"MeX3Uq6I5zX7"}
[2021-08-20 17:12:24.643][6996][INFO] [CMD:101][ACC:MeX3Uq6I5zX7]
[2021-08-20 17:12:24.773][6996][INFO] [CMD:1025]{"token":"1vbatpl31hfcogokif3jg11sso","acc":"MeX3Uq6I5zX7"}
[2021-08-20 17:12:24.777][6996][INFO] [CMD:1028]{"token":"1vbatpl31hfcogokif3jg11sso","acc":"MeX3Uq6I5zX7"}
[2021-08-20 17:12:24.777][6996][INFO] [CMD:1021]{"token":"1vbatpl31hfcogokif3jg11sso","acc":"MeX3Uq6I5zX7"}
[2021-08-20 17:12:29.340][6996][INFO] [CMD:1011]{"token":"1vbatpl31hfcogokif3jg11sso","acc":"MeX3Uq6I5zX7"}
[2021-08-20 17:12:29.341][6996][INFO] [CMD:1023]{"token":"1vbatpl31hfcogokif3jg11sso","acc":"MeX3Uq6I5zX7"}
[2021-08-20 17:12:29.356][6996][INFO] [CMD:1001]{"token":"1vbatpl31hfcogokif3jg11sso","acc":"MeX3Uq6I5zX7"}
[2021-08-20 17:12:31.713][6996][INFO] [CMD:1035]{"token":"1vbatpl31hfcogokif3jg11sso","acc":"MeX3Uq6I5zX7"}
[2021-08-20 17:13:09.923][6996][INFO] [CMD:1035]{"token":"1vbatpl31hfcogokif3jg11sso","acc":"MeX3Uq6I5zX7"}
