[2021-08-23 13:41:33.878][7356][INFO] [CMD:1038]{"token":"av702l68bu8q0jm61m8nl8lisv","acc":"MeX3Uq6I5zX7","userAcc":"bCwVjPrHPGNv"}
[2021-08-23 13:42:25.449][7356][INFO] [CMD:1038]{"token":"av702l68bu8q0jm61m8nl8lisv","acc":"MeX3Uq6I5zX7","userAcc":"bCwVjPrHPGNv"}
[2021-08-23 13:42:48.560][7356][INFO] [CMD:1038]{"token":"av702l68bu8q0jm61m8nl8lisv","acc":"MeX3Uq6I5zX7","userAcc":"bCwVjPrHPGNv"}
[2021-08-23 13:43:16.926][7356][INFO] [CMD:1038]{"token":"av702l68bu8q0jm61m8nl8lisv","acc":"MeX3Uq6I5zX7","userAcc":"bCwVjPrHPGNv"}
[2021-08-23 13:44:12.580][7356][INFO] [CMD:1038]{"token":"av702l68bu8q0jm61m8nl8lisv","acc":"MeX3Uq6I5zX7","userAcc":"bCwVjPrHPGNv"}
[2021-08-23 13:44:20.497][7356][INFO] [CMD:1038]{"token":"av702l68bu8q0jm61m8nl8lisv","acc":"MeX3Uq6I5zX7","userAcc":"bCwVjPrHPGNv"}
[2021-08-23 13:44:24.251][7356][INFO] [CMD:1038]{"token":"av702l68bu8q0jm61m8nl8lisv","acc":"MeX3Uq6I5zX7","userAcc":"bCwVjPrHPGNv"}
[2021-08-23 13:44:36.914][7356][INFO] [CMD:1038]{"token":"av702l68bu8q0jm61m8nl8lisv","acc":"MeX3Uq6I5zX7","userAcc":"bCwVjPrHPGNv"}
[2021-08-23 13:45:34.466][7356][INFO] [CMD:1038]{"token":"av702l68bu8q0jm61m8nl8lisv","acc":"MeX3Uq6I5zX7","userAcc":"bCwVjPrHPGNv"}
[2021-08-23 13:46:00.857][7356][INFO] [CMD:1038]{"token":"av702l68bu8q0jm61m8nl8lisv","acc":"MeX3Uq6I5zX7","userAcc":"bCwVjPrHPGNv"}
[2021-08-23 13:46:05.050][7356][INFO] [CMD:1033]{"token":"av702l68bu8q0jm61m8nl8lisv","acc":"MeX3Uq6I5zX7","guid":7}
[2021-08-23 13:46:11.788][7356][INFO] [CMD:1036]{"token":"av702l68bu8q0jm61m8nl8lisv","acc":"MeX3Uq6I5zX7"}
[2021-08-23 13:46:12.445][7356][INFO] [CMD:1035]{"token":"av702l68bu8q0jm61m8nl8lisv","acc":"MeX3Uq6I5zX7"}
[2021-08-23 13:47:07.061][7356][INFO] [CMD:101][ACC:MeX3Uq6I5zX7]
[2021-08-23 13:47:07.223][7356][INFO] [CMD:1025]{"token":"18kp59oqv2aepngai6o3m5uftg","acc":"MeX3Uq6I5zX7"}
[2021-08-23 13:47:07.241][7356][INFO] [CMD:1021]{"token":"18kp59oqv2aepngai6o3m5uftg","acc":"MeX3Uq6I5zX7"}
[2021-08-23 13:47:07.243][7356][INFO] [CMD:1028]{"token":"18kp59oqv2aepngai6o3m5uftg","acc":"MeX3Uq6I5zX7"}
[2021-08-23 13:47:11.810][7356][INFO] [CMD:1001]{"token":"18kp59oqv2aepngai6o3m5uftg","acc":"MeX3Uq6I5zX7"}
[2021-08-23 13:47:11.816][7356][INFO] [CMD:1011]{"token":"18kp59oqv2aepngai6o3m5uftg","acc":"MeX3Uq6I5zX7"}
[2021-08-23 13:47:11.823][7356][INFO] [CMD:1023]{"token":"18kp59oqv2aepngai6o3m5uftg","acc":"MeX3Uq6I5zX7"}
[2021-08-23 13:47:13.998][7356][INFO] [CMD:1035]{"token":"18kp59oqv2aepngai6o3m5uftg","acc":"MeX3Uq6I5zX7"}
[2021-08-23 13:47:18.626][7356][INFO] [CMD:1038]{"token":"18kp59oqv2aepngai6o3m5uftg","acc":"MeX3Uq6I5zX7","userAcc":"B0RqgrAUAEbl"}
[2021-08-23 13:47:19.815][7356][INFO] [CMD:1033]{"token":"18kp59oqv2aepngai6o3m5uftg","acc":"MeX3Uq6I5zX7","guid":8}
[2021-08-23 13:49:47.495][7356][INFO] [CMD:1033]{"token":"18kp59oqv2aepngai6o3m5uftg","acc":"MeX3Uq6I5zX7","guid":8}
[2021-08-23 13:51:28.910][7356][INFO] [CMD:101][ACC:MeX3Uq6I5zX7]
[2021-08-23 13:51:29.033][7356][INFO] [CMD:1025]{"token":"i4qevgb4lo0316bmpjpb9ps6ae","acc":"MeX3Uq6I5zX7"}
[2021-08-23 13:51:29.065][7356][INFO] [CMD:1028]{"token":"i4qevgb4lo0316bmpjpb9ps6ae","acc":"MeX3Uq6I5zX7"}
[2021-08-23 13:51:29.065][7356][INFO] [CMD:1021]{"token":"i4qevgb4lo0316bmpjpb9ps6ae","acc":"MeX3Uq6I5zX7"}
[2021-08-23 13:51:33.500][7356][INFO] [CMD:1023]{"token":"i4qevgb4lo0316bmpjpb9ps6ae","acc":"MeX3Uq6I5zX7"}
[2021-08-23 13:51:33.511][7356][INFO] [CMD:1011]{"token":"i4qevgb4lo0316bmpjpb9ps6ae","acc":"MeX3Uq6I5zX7"}
[2021-08-23 13:51:33.511][7356][INFO] [CMD:1001]{"token":"i4qevgb4lo0316bmpjpb9ps6ae","acc":"MeX3Uq6I5zX7"}
[2021-08-23 13:51:35.914][7356][INFO] [CMD:1035]{"token":"i4qevgb4lo0316bmpjpb9ps6ae","acc":"MeX3Uq6I5zX7"}
[2021-08-23 13:51:40.271][7356][INFO] [CMD:1034]{"token":"i4qevgb4lo0316bmpjpb9ps6ae","acc":"MeX3Uq6I5zX7","guid":8}
[2021-08-23 13:51:40.423][7356][INFO] [CMD:1035]{"token":"i4qevgb4lo0316bmpjpb9ps6ae","acc":"MeX3Uq6I5zX7"}
[2021-08-23 13:51:49.982][7356][INFO] [CMD:1038]{"token":"i4qevgb4lo0316bmpjpb9ps6ae","acc":"MeX3Uq6I5zX7","userAcc":"B0RqgrAUAEbl"}
[2021-08-23 13:51:57.836][7356][INFO] [CMD:1038]{"token":"i4qevgb4lo0316bmpjpb9ps6ae","acc":"MeX3Uq6I5zX7","userAcc":"B0RqgrAUAEbl"}
[2021-08-23 13:52:32.163][7356][INFO] [CMD:101][ACC:MeX3Uq6I5zX7]
[2021-08-23 13:52:32.343][7356][INFO] [CMD:1025]{"token":"rgca72b5p1ippt0emjsbg2nih0","acc":"MeX3Uq6I5zX7"}
[2021-08-23 13:52:32.370][7356][INFO] [CMD:1028]{"token":"rgca72b5p1ippt0emjsbg2nih0","acc":"MeX3Uq6I5zX7"}
[2021-08-23 13:52:32.371][7356][INFO] [CMD:1021]{"token":"rgca72b5p1ippt0emjsbg2nih0","acc":"MeX3Uq6I5zX7"}
[2021-08-23 13:52:36.647][7356][INFO] [CMD:1001]{"token":"rgca72b5p1ippt0emjsbg2nih0","acc":"MeX3Uq6I5zX7"}
[2021-08-23 13:52:36.652][7356][INFO] [CMD:1023]{"token":"rgca72b5p1ippt0emjsbg2nih0","acc":"MeX3Uq6I5zX7"}
[2021-08-23 13:52:36.652][7356][INFO] [CMD:1011]{"token":"rgca72b5p1ippt0emjsbg2nih0","acc":"MeX3Uq6I5zX7"}
[2021-08-23 13:52:38.975][7356][INFO] [CMD:1035]{"token":"rgca72b5p1ippt0emjsbg2nih0","acc":"MeX3Uq6I5zX7"}
[2021-08-23 13:52:41.940][7356][INFO] [CMD:1038]{"token":"rgca72b5p1ippt0emjsbg2nih0","acc":"MeX3Uq6I5zX7","userAcc":"B0RqgrAUAEbl"}
[2021-08-23 13:52:43.445][7356][INFO] [CMD:1033]{"token":"rgca72b5p1ippt0emjsbg2nih0","acc":"MeX3Uq6I5zX7","guid":8}
[2021-08-23 13:52:43.613][7356][INFO] [CMD:1035]{"token":"rgca72b5p1ippt0emjsbg2nih0","acc":"MeX3Uq6I5zX7"}
[2021-08-23 13:52:47.168][7356][INFO] [CMD:1038]{"token":"rgca72b5p1ippt0emjsbg2nih0","acc":"MeX3Uq6I5zX7","userAcc":"B0RqgrAUAEbl"}
[2021-08-23 13:52:48.254][7356][INFO] [CMD:1033]{"token":"rgca72b5p1ippt0emjsbg2nih0","acc":"MeX3Uq6I5zX7","guid":8}
[2021-08-23 13:53:41.681][7356][INFO] [CMD:101][ACC:MeX3Uq6I5zX7]
[2021-08-23 13:53:41.809][7356][INFO] [CMD:1025]{"token":"aqac3ggcpossrc2tfrfv16o8eb","acc":"MeX3Uq6I5zX7"}
[2021-08-23 13:53:41.836][7356][INFO] [CMD:1021]{"token":"aqac3ggcpossrc2tfrfv16o8eb","acc":"MeX3Uq6I5zX7"}
[2021-08-23 13:53:41.842][7356][INFO] [CMD:1028]{"token":"aqac3ggcpossrc2tfrfv16o8eb","acc":"MeX3Uq6I5zX7"}
[2021-08-23 13:53:46.207][7356][INFO] [CMD:1023]{"token":"aqac3ggcpossrc2tfrfv16o8eb","acc":"MeX3Uq6I5zX7"}
[2021-08-23 13:53:46.215][7356][INFO] [CMD:1011]{"token":"aqac3ggcpossrc2tfrfv16o8eb","acc":"MeX3Uq6I5zX7"}
[2021-08-23 13:53:46.227][7356][INFO] [CMD:1001]{"token":"aqac3ggcpossrc2tfrfv16o8eb","acc":"MeX3Uq6I5zX7"}
[2021-08-23 13:53:49.371][7356][INFO] [CMD:1035]{"token":"aqac3ggcpossrc2tfrfv16o8eb","acc":"MeX3Uq6I5zX7"}
[2021-08-23 13:54:00.832][7356][INFO] [CMD:1038]{"token":"aqac3ggcpossrc2tfrfv16o8eb","acc":"MeX3Uq6I5zX7","userAcc":"B0RqgrAUAEbl"}
[2021-08-23 13:54:02.134][7356][INFO] [CMD:1033]{"token":"aqac3ggcpossrc2tfrfv16o8eb","acc":"MeX3Uq6I5zX7","guid":8}
[2021-08-23 13:54:04.322][7356][INFO] [CMD:1033]{"token":"aqac3ggcpossrc2tfrfv16o8eb","acc":"MeX3Uq6I5zX7","guid":8}
[2021-08-23 13:55:25.613][7356][INFO] [CMD:1036]{"token":"aqac3ggcpossrc2tfrfv16o8eb","acc":"MeX3Uq6I5zX7"}
[2021-08-23 13:55:26.838][7356][INFO] [CMD:1035]{"token":"aqac3ggcpossrc2tfrfv16o8eb","acc":"MeX3Uq6I5zX7"}
[2021-08-23 14:24:12.797][7356][INFO] [CMD:1036]{"token":"aqac3ggcpossrc2tfrfv16o8eb","acc":"MeX3Uq6I5zX7"}
[2021-08-23 14:24:13.655][7356][INFO] [CMD:1035]{"token":"aqac3ggcpossrc2tfrfv16o8eb","acc":"MeX3Uq6I5zX7"}
[2021-08-23 14:24:16.785][7356][INFO] [CMD:1035]{"token":"aqac3ggcpossrc2tfrfv16o8eb","acc":"MeX3Uq6I5zX7"}
[2021-08-23 14:24:18.729][7356][INFO] [CMD:1034]{"token":"aqac3ggcpossrc2tfrfv16o8eb","acc":"MeX3Uq6I5zX7","guid":8}
[2021-08-23 14:24:18.902][7356][INFO] [CMD:1035]{"token":"aqac3ggcpossrc2tfrfv16o8eb","acc":"MeX3Uq6I5zX7"}
[2021-08-23 14:24:20.550][7356][INFO] [CMD:1034]{"token":"aqac3ggcpossrc2tfrfv16o8eb","acc":"MeX3Uq6I5zX7","guid":20}
[2021-08-23 14:24:20.681][7356][INFO] [CMD:1035]{"token":"aqac3ggcpossrc2tfrfv16o8eb","acc":"MeX3Uq6I5zX7"}
[2021-08-23 14:24:22.373][7356][INFO] [CMD:1034]{"token":"aqac3ggcpossrc2tfrfv16o8eb","acc":"MeX3Uq6I5zX7","guid":3}
[2021-08-23 14:24:22.985][7356][INFO] [CMD:1035]{"token":"aqac3ggcpossrc2tfrfv16o8eb","acc":"MeX3Uq6I5zX7"}
[2021-08-23 14:24:24.432][7356][INFO] [CMD:1034]{"token":"aqac3ggcpossrc2tfrfv16o8eb","acc":"MeX3Uq6I5zX7","guid":7}
[2021-08-23 14:24:24.573][7356][INFO] [CMD:1035]{"token":"aqac3ggcpossrc2tfrfv16o8eb","acc":"MeX3Uq6I5zX7"}
[2021-08-23 14:25:02.748][7356][INFO] [CMD:100]
[2021-08-23 14:25:03.309][7356][INFO] [CMD:101][ACC:ZrTX9evfIa2G]
[2021-08-23 14:25:03.441][7356][INFO] [CMD:1025]{"token":"bb6k8cu00l0kehjkh9vh3t5d3n","acc":"ZrTX9evfIa2G"}
[2021-08-23 14:25:03.459][7356][INFO] [CMD:1021]{"token":"bb6k8cu00l0kehjkh9vh3t5d3n","acc":"ZrTX9evfIa2G"}
[2021-08-23 14:25:03.459][7356][INFO] [CMD:1028]{"token":"bb6k8cu00l0kehjkh9vh3t5d3n","acc":"ZrTX9evfIa2G"}
[2021-08-23 14:25:06.458][7356][INFO] [CMD:1011]{"token":"bb6k8cu00l0kehjkh9vh3t5d3n","acc":"ZrTX9evfIa2G"}
[2021-08-23 14:25:07.732][7356][INFO] [CMD:1011]{"token":"bb6k8cu00l0kehjkh9vh3t5d3n","acc":"ZrTX9evfIa2G"}
[2021-08-23 14:26:23.051][7356][INFO] [CMD:101][ACC:ZrTX9evfIa2G]
[2021-08-23 14:26:23.189][7356][INFO] [CMD:1028]{"token":"7g17nisdde2tmdggl2jh12fp2u","acc":"ZrTX9evfIa2G"}
[2021-08-23 14:26:23.209][7356][INFO] [CMD:1025]{"token":"7g17nisdde2tmdggl2jh12fp2u","acc":"ZrTX9evfIa2G"}
[2021-08-23 14:26:23.217][7356][INFO] [CMD:1021]{"token":"7g17nisdde2tmdggl2jh12fp2u","acc":"ZrTX9evfIa2G"}
[2021-08-23 14:26:25.708][7356][INFO] [CMD:1011]{"token":"7g17nisdde2tmdggl2jh12fp2u","acc":"ZrTX9evfIa2G"}
[2021-08-23 14:26:27.611][7356][INFO] [CMD:1011]{"token":"7g17nisdde2tmdggl2jh12fp2u","acc":"ZrTX9evfIa2G"}
[2021-08-23 14:26:38.744][7356][INFO] [CMD:1011]{"token":"7g17nisdde2tmdggl2jh12fp2u","acc":"ZrTX9evfIa2G"}
[2021-08-23 14:26:46.251][7356][INFO] [CMD:1015]{"token":"7g17nisdde2tmdggl2jh12fp2u","acc":"ZrTX9evfIa2G","nickName":"sadg"}
[2021-08-23 14:26:53.814][7356][INFO] [CMD:1011]{"token":"7g17nisdde2tmdggl2jh12fp2u","acc":"ZrTX9evfIa2G"}
[2021-08-23 14:26:55.471][7356][INFO] [CMD:1016]{"token":"7g17nisdde2tmdggl2jh12fp2u","acc":"ZrTX9evfIa2G","page":1,"nickName":"","sortType":0}
[2021-08-23 14:26:58.041][7356][INFO] [CMD:1029]{"token":"7g17nisdde2tmdggl2jh12fp2u","acc":"ZrTX9evfIa2G"}
[2021-08-23 14:27:00.160][7356][INFO] [CMD:1023]{"token":"7g17nisdde2tmdggl2jh12fp2u","acc":"ZrTX9evfIa2G"}
[2021-08-23 14:27:00.168][7356][INFO] [CMD:1011]{"token":"7g17nisdde2tmdggl2jh12fp2u","acc":"ZrTX9evfIa2G"}
[2021-08-23 14:27:00.174][7356][INFO] [CMD:1001]{"token":"7g17nisdde2tmdggl2jh12fp2u","acc":"ZrTX9evfIa2G"}
[2021-08-23 14:27:16.290][7356][INFO] [CMD:1035]{"token":"7g17nisdde2tmdggl2jh12fp2u","acc":"ZrTX9evfIa2G"}
[2021-08-23 14:27:20.477][7356][INFO] [CMD:1038]{"token":"7g17nisdde2tmdggl2jh12fp2u","acc":"ZrTX9evfIa2G","userAcc":"MeX3Uq6I5zX7"}
[2021-08-23 14:27:22.616][7356][INFO] [CMD:1033]{"token":"7g17nisdde2tmdggl2jh12fp2u","acc":"ZrTX9evfIa2G","guid":48}
[2021-08-23 14:27:22.751][7356][INFO] [CMD:1035]{"token":"7g17nisdde2tmdggl2jh12fp2u","acc":"ZrTX9evfIa2G"}
[2021-08-23 14:31:51.508][7356][INFO] [CMD:101][ACC:MeX3Uq6I5zX7]
[2021-08-23 14:31:51.894][7356][INFO] [CMD:1025]{"token":"hoauailhsrkesolg5oic5q2qna","acc":"MeX3Uq6I5zX7"}
[2021-08-23 14:31:51.924][7356][INFO] [CMD:1028]{"token":"hoauailhsrkesolg5oic5q2qna","acc":"MeX3Uq6I5zX7"}
[2021-08-23 14:31:51.938][7356][INFO] [CMD:1021]{"token":"hoauailhsrkesolg5oic5q2qna","acc":"MeX3Uq6I5zX7"}
[2021-08-23 14:31:59.138][7356][INFO] [CMD:1023]{"token":"hoauailhsrkesolg5oic5q2qna","acc":"MeX3Uq6I5zX7"}
[2021-08-23 14:31:59.140][7356][INFO] [CMD:1001]{"token":"hoauailhsrkesolg5oic5q2qna","acc":"MeX3Uq6I5zX7"}
[2021-08-23 14:31:59.143][7356][INFO] [CMD:1011]{"token":"hoauailhsrkesolg5oic5q2qna","acc":"MeX3Uq6I5zX7"}
[2021-08-23 14:33:17.097][7356][INFO] [CMD:101][ACC:MeX3Uq6I5zX7]
[2021-08-23 14:34:06.720][7356][INFO] [CMD:101][ACC:MeX3Uq6I5zX7]
[2021-08-23 14:34:30.447][7356][INFO] [CMD:101][ACC:MeX3Uq6I5zX7]
[2021-08-23 14:34:30.585][7356][INFO] [CMD:1028]{"token":"9ovvq454vfe3h4b0g9k0rqfmmm","acc":"MeX3Uq6I5zX7"}
[2021-08-23 14:34:30.604][7356][INFO] [CMD:1025]{"token":"9ovvq454vfe3h4b0g9k0rqfmmm","acc":"MeX3Uq6I5zX7"}
[2021-08-23 14:34:30.612][7356][INFO] [CMD:1021]{"token":"9ovvq454vfe3h4b0g9k0rqfmmm","acc":"MeX3Uq6I5zX7"}
[2021-08-23 14:34:48.083][7356][INFO] [CMD:1023]{"token":"9ovvq454vfe3h4b0g9k0rqfmmm","acc":"MeX3Uq6I5zX7"}
[2021-08-23 14:34:48.090][7356][INFO] [CMD:1011]{"token":"9ovvq454vfe3h4b0g9k0rqfmmm","acc":"MeX3Uq6I5zX7"}
[2021-08-23 14:34:48.292][7356][INFO] [CMD:1001]{"token":"9ovvq454vfe3h4b0g9k0rqfmmm","acc":"MeX3Uq6I5zX7"}
[2021-08-23 14:35:00.246][7356][INFO] [CMD:101][ACC:MeX3Uq6I5zX7]
[2021-08-23 14:35:00.385][7356][INFO] [CMD:1025]{"token":"ah9ii5aopa506rpkt50g7bnrk7","acc":"MeX3Uq6I5zX7"}
[2021-08-23 14:35:00.416][7356][INFO] [CMD:1021]{"token":"ah9ii5aopa506rpkt50g7bnrk7","acc":"MeX3Uq6I5zX7"}
[2021-08-23 14:35:00.431][7356][INFO] [CMD:1028]{"token":"ah9ii5aopa506rpkt50g7bnrk7","acc":"MeX3Uq6I5zX7"}
[2021-08-23 14:35:04.327][7356][INFO] [CMD:1011]{"token":"ah9ii5aopa506rpkt50g7bnrk7","acc":"MeX3Uq6I5zX7"}
[2021-08-23 14:35:04.327][7356][INFO] [CMD:1023]{"token":"ah9ii5aopa506rpkt50g7bnrk7","acc":"MeX3Uq6I5zX7"}
[2021-08-23 14:35:04.327][7356][INFO] [CMD:1001]{"token":"ah9ii5aopa506rpkt50g7bnrk7","acc":"MeX3Uq6I5zX7"}
[2021-08-23 14:35:06.497][7356][INFO] [CMD:1035]{"token":"ah9ii5aopa506rpkt50g7bnrk7","acc":"MeX3Uq6I5zX7"}
[2021-08-23 14:35:07.434][7356][INFO] [CMD:1036]{"token":"ah9ii5aopa506rpkt50g7bnrk7","acc":"MeX3Uq6I5zX7"}
[2021-08-23 14:35:45.182][7356][INFO] [CMD:101][ACC:ZrTX9evfIa2G]
[2021-08-23 14:35:45.342][7356][INFO] [CMD:1025]{"token":"6l2bgu3u26qujrcvopi4ohun1j","acc":"ZrTX9evfIa2G"}
[2021-08-23 14:35:45.357][7356][INFO] [CMD:1021]{"token":"6l2bgu3u26qujrcvopi4ohun1j","acc":"ZrTX9evfIa2G"}
[2021-08-23 14:35:45.359][7356][INFO] [CMD:1028]{"token":"6l2bgu3u26qujrcvopi4ohun1j","acc":"ZrTX9evfIa2G"}
[2021-08-23 14:35:49.696][7356][INFO] [CMD:1001]{"token":"6l2bgu3u26qujrcvopi4ohun1j","acc":"ZrTX9evfIa2G"}
[2021-08-23 14:35:49.696][7356][INFO] [CMD:1011]{"token":"6l2bgu3u26qujrcvopi4ohun1j","acc":"ZrTX9evfIa2G"}
[2021-08-23 14:35:49.706][7356][INFO] [CMD:1023]{"token":"6l2bgu3u26qujrcvopi4ohun1j","acc":"ZrTX9evfIa2G"}
[2021-08-23 14:35:51.844][7356][INFO] [CMD:1035]{"token":"6l2bgu3u26qujrcvopi4ohun1j","acc":"ZrTX9evfIa2G"}
[2021-08-23 14:35:53.887][7356][INFO] [CMD:1036]{"token":"6l2bgu3u26qujrcvopi4ohun1j","acc":"ZrTX9evfIa2G"}
[2021-08-23 14:35:54.412][7356][INFO] [CMD:1035]{"token":"6l2bgu3u26qujrcvopi4ohun1j","acc":"ZrTX9evfIa2G"}
[2021-08-23 14:36:27.470][7356][INFO] [CMD:1035]{"token":"6l2bgu3u26qujrcvopi4ohun1j","acc":"ZrTX9evfIa2G"}
[2021-08-23 14:36:32.116][7356][INFO] [CMD:1035]{"token":"6l2bgu3u26qujrcvopi4ohun1j","acc":"ZrTX9evfIa2G"}
[2021-08-23 14:36:45.029][7356][INFO] [CMD:1038]{"token":"6l2bgu3u26qujrcvopi4ohun1j","acc":"ZrTX9evfIa2G","userAcc":"mR4YxFUETIJq"}
[2021-08-23 14:36:46.764][7356][INFO] [CMD:1033]{"token":"6l2bgu3u26qujrcvopi4ohun1j","acc":"ZrTX9evfIa2G","guid":53}
[2021-08-23 14:36:47.213][7356][INFO] [CMD:1035]{"token":"6l2bgu3u26qujrcvopi4ohun1j","acc":"ZrTX9evfIa2G"}
[2021-08-23 14:37:04.715][7356][INFO] [CMD:1038]{"token":"6l2bgu3u26qujrcvopi4ohun1j","acc":"ZrTX9evfIa2G","userAcc":"FZEyneuDru52"}
[2021-08-23 14:37:05.820][7356][INFO] [CMD:1033]{"token":"6l2bgu3u26qujrcvopi4ohun1j","acc":"ZrTX9evfIa2G","guid":52}
[2021-08-23 14:37:06.470][7356][INFO] [CMD:1035]{"token":"6l2bgu3u26qujrcvopi4ohun1j","acc":"ZrTX9evfIa2G"}
[2021-08-23 14:37:27.683][7356][INFO] [CMD:1038]{"token":"6l2bgu3u26qujrcvopi4ohun1j","acc":"ZrTX9evfIa2G","userAcc":"6H5r78huOPwD"}
[2021-08-23 14:37:28.744][7356][INFO] [CMD:1033]{"token":"6l2bgu3u26qujrcvopi4ohun1j","acc":"ZrTX9evfIa2G","guid":1}
[2021-08-23 14:37:32.133][7356][INFO] [CMD:1033]{"token":"6l2bgu3u26qujrcvopi4ohun1j","acc":"ZrTX9evfIa2G","guid":1}
[2021-08-23 14:37:45.257][7356][INFO] [CMD:1038]{"token":"6l2bgu3u26qujrcvopi4ohun1j","acc":"ZrTX9evfIa2G","userAcc":"H7FqvT7jxfuK"}
[2021-08-23 14:37:46.256][7356][INFO] [CMD:1033]{"token":"6l2bgu3u26qujrcvopi4ohun1j","acc":"ZrTX9evfIa2G","guid":3}
[2021-08-23 14:37:46.816][7356][INFO] [CMD:1035]{"token":"6l2bgu3u26qujrcvopi4ohun1j","acc":"ZrTX9evfIa2G"}
[2021-08-23 14:37:57.706][7356][INFO] [CMD:1038]{"token":"6l2bgu3u26qujrcvopi4ohun1j","acc":"ZrTX9evfIa2G","userAcc":"ZajOREH1Ur2f"}
[2021-08-23 14:37:58.771][7356][INFO] [CMD:1033]{"token":"6l2bgu3u26qujrcvopi4ohun1j","acc":"ZrTX9evfIa2G","guid":45}
[2021-08-23 14:37:59.081][7356][INFO] [CMD:1035]{"token":"6l2bgu3u26qujrcvopi4ohun1j","acc":"ZrTX9evfIa2G"}
[2021-08-23 14:47:45.966][7356][INFO] [CMD:101][ACC:ZrTX9evfIa2G]
[2021-08-23 14:47:46.307][7356][INFO] [CMD:1025]{"token":"lugthrppcnhmjb95472nnpd1si","acc":"ZrTX9evfIa2G"}
[2021-08-23 14:47:46.348][7356][INFO] [CMD:1028]{"token":"lugthrppcnhmjb95472nnpd1si","acc":"ZrTX9evfIa2G"}
[2021-08-23 14:47:46.348][7356][INFO] [CMD:1021]{"token":"lugthrppcnhmjb95472nnpd1si","acc":"ZrTX9evfIa2G"}
[2021-08-23 14:47:50.178][7356][INFO] [CMD:1001]{"token":"lugthrppcnhmjb95472nnpd1si","acc":"ZrTX9evfIa2G"}
[2021-08-23 14:47:50.181][7356][INFO] [CMD:1023]{"token":"lugthrppcnhmjb95472nnpd1si","acc":"ZrTX9evfIa2G"}
[2021-08-23 14:47:50.186][7356][INFO] [CMD:1011]{"token":"lugthrppcnhmjb95472nnpd1si","acc":"ZrTX9evfIa2G"}
[2021-08-23 14:47:52.490][7356][INFO] [CMD:1035]{"token":"lugthrppcnhmjb95472nnpd1si","acc":"ZrTX9evfIa2G"}
[2021-08-23 14:47:52.495][7356][INFO] [CMD:1035]{"token":"lugthrppcnhmjb95472nnpd1si","acc":"ZrTX9evfIa2G"}
[2021-08-23 14:47:53.328][7356][INFO] [CMD:1036]{"token":"lugthrppcnhmjb95472nnpd1si","acc":"ZrTX9evfIa2G"}
[2021-08-23 14:47:54.360][7356][INFO] [CMD:1035]{"token":"lugthrppcnhmjb95472nnpd1si","acc":"ZrTX9evfIa2G"}
[2021-08-23 14:47:58.979][7356][INFO] [CMD:1035]{"token":"lugthrppcnhmjb95472nnpd1si","acc":"ZrTX9evfIa2G"}
[2021-08-23 14:48:01.727][7356][INFO] [CMD:1035]{"token":"lugthrppcnhmjb95472nnpd1si","acc":"ZrTX9evfIa2G"}
[2021-08-23 14:48:04.001][7356][INFO] [CMD:1035]{"token":"lugthrppcnhmjb95472nnpd1si","acc":"ZrTX9evfIa2G"}
[2021-08-23 14:48:10.471][7356][INFO] [CMD:1035]{"token":"lugthrppcnhmjb95472nnpd1si","acc":"ZrTX9evfIa2G"}
[2021-08-23 14:48:10.484][7356][INFO] [CMD:1035]{"token":"lugthrppcnhmjb95472nnpd1si","acc":"ZrTX9evfIa2G"}
[2021-08-23 14:48:14.230][7356][INFO] [CMD:1035]{"token":"lugthrppcnhmjb95472nnpd1si","acc":"ZrTX9evfIa2G"}
[2021-08-23 14:48:16.882][7356][INFO] [CMD:1035]{"token":"lugthrppcnhmjb95472nnpd1si","acc":"ZrTX9evfIa2G"}
[2021-08-23 14:48:16.888][7356][INFO] [CMD:1035]{"token":"lugthrppcnhmjb95472nnpd1si","acc":"ZrTX9evfIa2G"}
[2021-08-23 14:48:27.244][7356][INFO] [CMD:1035]{"token":"lugthrppcnhmjb95472nnpd1si","acc":"ZrTX9evfIa2G"}
[2021-08-23 14:48:27.245][7356][INFO] [CMD:1035]{"token":"lugthrppcnhmjb95472nnpd1si","acc":"ZrTX9evfIa2G"}
[2021-08-23 14:48:38.325][7356][INFO] [CMD:1035]{"token":"lugthrppcnhmjb95472nnpd1si","acc":"ZrTX9evfIa2G"}
[2021-08-23 14:48:46.691][7356][INFO] [CMD:1035]{"token":"lugthrppcnhmjb95472nnpd1si","acc":"ZrTX9evfIa2G"}
[2021-08-23 14:48:46.698][7356][INFO] [CMD:1035]{"token":"lugthrppcnhmjb95472nnpd1si","acc":"ZrTX9evfIa2G"}
[2021-08-23 14:50:24.379][7356][INFO] [CMD:101][ACC:ZrTX9evfIa2G]
[2021-08-23 14:50:24.644][7356][INFO] [CMD:1021]{"token":"946qh7men8phnhdueo642f2a4g","acc":"ZrTX9evfIa2G"}
[2021-08-23 14:50:24.660][7356][INFO] [CMD:1025]{"token":"946qh7men8phnhdueo642f2a4g","acc":"ZrTX9evfIa2G"}
[2021-08-23 14:50:24.660][7356][INFO] [CMD:1028]{"token":"946qh7men8phnhdueo642f2a4g","acc":"ZrTX9evfIa2G"}
[2021-08-23 14:50:28.495][7356][INFO] [CMD:1023]{"token":"946qh7men8phnhdueo642f2a4g","acc":"ZrTX9evfIa2G"}
[2021-08-23 14:50:28.508][7356][INFO] [CMD:1001]{"token":"946qh7men8phnhdueo642f2a4g","acc":"ZrTX9evfIa2G"}
[2021-08-23 14:50:28.532][7356][INFO] [CMD:1011]{"token":"946qh7men8phnhdueo642f2a4g","acc":"ZrTX9evfIa2G"}
[2021-08-23 14:50:30.862][7356][INFO] [CMD:1035]{"token":"946qh7men8phnhdueo642f2a4g","acc":"ZrTX9evfIa2G"}
[2021-08-23 14:50:30.877][7356][INFO] [CMD:1036]{"token":"946qh7men8phnhdueo642f2a4g","acc":"ZrTX9evfIa2G"}
[2021-08-23 14:50:45.933][7356][INFO] [CMD:1035]{"token":"946qh7men8phnhdueo642f2a4g","acc":"ZrTX9evfIa2G"}
[2021-08-23 14:50:54.144][7356][INFO] [CMD:1035]{"token":"946qh7men8phnhdueo642f2a4g","acc":"ZrTX9evfIa2G"}
[2021-08-23 14:50:59.965][7356][INFO] [CMD:1035]{"token":"946qh7men8phnhdueo642f2a4g","acc":"ZrTX9evfIa2G"}
[2021-08-23 14:51:02.914][7356][INFO] [CMD:1036]{"token":"946qh7men8phnhdueo642f2a4g","acc":"ZrTX9evfIa2G"}
[2021-08-23 14:51:12.352][7356][INFO] [CMD:1035]{"token":"946qh7men8phnhdueo642f2a4g","acc":"ZrTX9evfIa2G"}
[2021-08-23 14:51:15.933][7356][INFO] [CMD:1035]{"token":"946qh7men8phnhdueo642f2a4g","acc":"ZrTX9evfIa2G"}
[2021-08-23 14:51:17.027][7356][INFO] [CMD:1036]{"token":"946qh7men8phnhdueo642f2a4g","acc":"ZrTX9evfIa2G"}
[2021-08-23 14:51:18.310][7356][INFO] [CMD:1035]{"token":"946qh7men8phnhdueo642f2a4g","acc":"ZrTX9evfIa2G"}
[2021-08-23 14:51:20.463][7356][INFO] [CMD:1036]{"token":"946qh7men8phnhdueo642f2a4g","acc":"ZrTX9evfIa2G"}
[2021-08-23 14:51:22.982][7356][INFO] [CMD:1035]{"token":"946qh7men8phnhdueo642f2a4g","acc":"ZrTX9evfIa2G"}
[2021-08-23 14:55:55.550][7356][INFO] [CMD:101][ACC:ZrTX9evfIa2G]
[2021-08-23 14:55:56.154][7356][INFO] [CMD:1025]{"token":"46q18i93r0o95j2qqgbfai9fre","acc":"ZrTX9evfIa2G"}
[2021-08-23 14:55:56.154][7356][INFO] [CMD:1021]{"token":"46q18i93r0o95j2qqgbfai9fre","acc":"ZrTX9evfIa2G"}
[2021-08-23 14:55:56.370][7356][INFO] [CMD:1028]{"token":"46q18i93r0o95j2qqgbfai9fre","acc":"ZrTX9evfIa2G"}
[2021-08-23 14:55:59.987][7356][INFO] [CMD:1023]{"token":"46q18i93r0o95j2qqgbfai9fre","acc":"ZrTX9evfIa2G"}
[2021-08-23 14:56:00.001][7356][INFO] [CMD:1011]{"token":"46q18i93r0o95j2qqgbfai9fre","acc":"ZrTX9evfIa2G"}
[2021-08-23 14:56:00.002][7356][INFO] [CMD:1001]{"token":"46q18i93r0o95j2qqgbfai9fre","acc":"ZrTX9evfIa2G"}
[2021-08-23 14:56:02.078][7356][INFO] [CMD:1036]{"token":"46q18i93r0o95j2qqgbfai9fre","acc":"ZrTX9evfIa2G"}
[2021-08-23 14:56:02.088][7356][INFO] [CMD:1035]{"token":"46q18i93r0o95j2qqgbfai9fre","acc":"ZrTX9evfIa2G"}
[2021-08-23 14:56:03.176][7356][INFO] [CMD:1036]{"token":"46q18i93r0o95j2qqgbfai9fre","acc":"ZrTX9evfIa2G"}
[2021-08-23 14:56:05.764][7356][INFO] [CMD:1035]{"token":"46q18i93r0o95j2qqgbfai9fre","acc":"ZrTX9evfIa2G"}
[2021-08-23 14:56:12.944][7356][INFO] [CMD:1036]{"token":"46q18i93r0o95j2qqgbfai9fre","acc":"ZrTX9evfIa2G"}
[2021-08-23 14:56:14.241][7356][INFO] [CMD:1035]{"token":"46q18i93r0o95j2qqgbfai9fre","acc":"ZrTX9evfIa2G"}
[2021-08-23 14:56:16.670][7356][INFO] [CMD:1035]{"token":"46q18i93r0o95j2qqgbfai9fre","acc":"ZrTX9evfIa2G"}
[2021-08-23 14:56:18.577][7356][INFO] [CMD:1036]{"token":"46q18i93r0o95j2qqgbfai9fre","acc":"ZrTX9evfIa2G"}
[2021-08-23 14:56:19.572][7356][INFO] [CMD:1036]{"token":"46q18i93r0o95j2qqgbfai9fre","acc":"ZrTX9evfIa2G"}
[2021-08-23 14:56:20.810][7356][INFO] [CMD:1036]{"token":"46q18i93r0o95j2qqgbfai9fre","acc":"ZrTX9evfIa2G"}
[2021-08-23 14:56:21.793][7356][INFO] [CMD:1036]{"token":"46q18i93r0o95j2qqgbfai9fre","acc":"ZrTX9evfIa2G"}
[2021-08-23 14:56:22.606][7356][INFO] [CMD:1036]{"token":"46q18i93r0o95j2qqgbfai9fre","acc":"ZrTX9evfIa2G"}
[2021-08-23 15:13:35.584][7356][INFO] [CMD:101][ACC:ZrTX9evfIa2G]
[2021-08-23 15:13:35.759][7356][INFO] [CMD:1025]{"token":"nocsaal7gamhc2sbthsfk3hmvg","acc":"ZrTX9evfIa2G"}
[2021-08-23 15:13:35.759][7356][INFO] [CMD:1021]{"token":"nocsaal7gamhc2sbthsfk3hmvg","acc":"ZrTX9evfIa2G"}
[2021-08-23 15:13:35.759][7356][INFO] [CMD:1028]{"token":"nocsaal7gamhc2sbthsfk3hmvg","acc":"ZrTX9evfIa2G"}
[2021-08-23 15:13:39.772][7356][INFO] [CMD:1023]{"token":"nocsaal7gamhc2sbthsfk3hmvg","acc":"ZrTX9evfIa2G"}
[2021-08-23 15:13:39.794][7356][INFO] [CMD:1011]{"token":"nocsaal7gamhc2sbthsfk3hmvg","acc":"ZrTX9evfIa2G"}
[2021-08-23 15:13:39.808][7356][INFO] [CMD:1001]{"token":"nocsaal7gamhc2sbthsfk3hmvg","acc":"ZrTX9evfIa2G"}
[2021-08-23 15:13:42.334][7356][INFO] [CMD:1035]{"token":"nocsaal7gamhc2sbthsfk3hmvg","acc":"ZrTX9evfIa2G"}
[2021-08-23 15:13:42.336][7356][INFO] [CMD:1036]{"token":"nocsaal7gamhc2sbthsfk3hmvg","acc":"ZrTX9evfIa2G"}
[2021-08-23 15:13:44.180][7356][INFO] [CMD:1036]{"token":"nocsaal7gamhc2sbthsfk3hmvg","acc":"ZrTX9evfIa2G"}
[2021-08-23 15:13:45.008][7356][INFO] [CMD:1035]{"token":"nocsaal7gamhc2sbthsfk3hmvg","acc":"ZrTX9evfIa2G"}
[2021-08-23 15:14:13.167][7356][INFO] [CMD:101][ACC:ZrTX9evfIa2G]
[2021-08-23 15:14:13.288][7356][INFO] [CMD:1028]{"token":"cvqmfhf7ndhta5foq7amlv7hrk","acc":"ZrTX9evfIa2G"}
[2021-08-23 15:14:13.292][7356][INFO] [CMD:1021]{"token":"cvqmfhf7ndhta5foq7amlv7hrk","acc":"ZrTX9evfIa2G"}
[2021-08-23 15:14:13.307][7356][INFO] [CMD:1025]{"token":"cvqmfhf7ndhta5foq7amlv7hrk","acc":"ZrTX9evfIa2G"}
[2021-08-23 15:14:17.511][7356][INFO] [CMD:1001]{"token":"cvqmfhf7ndhta5foq7amlv7hrk","acc":"ZrTX9evfIa2G"}
[2021-08-23 15:14:17.511][7356][INFO] [CMD:1011]{"token":"cvqmfhf7ndhta5foq7amlv7hrk","acc":"ZrTX9evfIa2G"}
[2021-08-23 15:14:17.518][7356][INFO] [CMD:1023]{"token":"cvqmfhf7ndhta5foq7amlv7hrk","acc":"ZrTX9evfIa2G"}
[2021-08-23 15:14:26.531][7356][INFO] [CMD:1002]{"token":"cvqmfhf7ndhta5foq7amlv7hrk","acc":"ZrTX9evfIa2G","guid":239,"count":1}
[2021-08-23 15:14:27.773][7356][INFO] [CMD:1002]{"token":"cvqmfhf7ndhta5foq7amlv7hrk","acc":"ZrTX9evfIa2G","guid":239,"count":1}
[2021-08-23 15:14:28.830][7356][INFO] [CMD:1002]{"token":"cvqmfhf7ndhta5foq7amlv7hrk","acc":"ZrTX9evfIa2G","guid":239,"count":1}
[2021-08-23 15:14:37.487][7356][INFO] [CMD:1009]{"token":"cvqmfhf7ndhta5foq7amlv7hrk","acc":"ZrTX9evfIa2G","bonusList":"1,2,2,1"}
[2021-08-23 15:14:39.950][7356][INFO] [CMD:1009]{"token":"cvqmfhf7ndhta5foq7amlv7hrk","acc":"ZrTX9evfIa2G","bonusList":"1,2,2,1"}
[2021-08-23 15:14:41.043][7356][INFO] [CMD:1009]{"token":"cvqmfhf7ndhta5foq7amlv7hrk","acc":"ZrTX9evfIa2G","bonusList":"1,2,2,1"}
[2021-08-23 15:14:41.253][7356][INFO] [CMD:1009]{"token":"cvqmfhf7ndhta5foq7amlv7hrk","acc":"ZrTX9evfIa2G","bonusList":"1,2,2,1"}
[2021-08-23 15:14:41.462][7356][INFO] [CMD:1009]{"token":"cvqmfhf7ndhta5foq7amlv7hrk","acc":"ZrTX9evfIa2G","bonusList":"1,2,2,1"}
[2021-08-23 15:14:44.034][7356][INFO] [CMD:1009]{"token":"cvqmfhf7ndhta5foq7amlv7hrk","acc":"ZrTX9evfIa2G","bonusList":"1,2,2,1"}
[2021-08-23 15:17:10.675][7356][INFO] [CMD:1009]{"token":"cvqmfhf7ndhta5foq7amlv7hrk","acc":"ZrTX9evfIa2G","bonusList":"1,2,2,1"}
[2021-08-23 15:17:22.738][7356][INFO] [CMD:1009]{"token":"cvqmfhf7ndhta5foq7amlv7hrk","acc":"ZrTX9evfIa2G","bonusList":"2,1,1"}
[2021-08-23 15:17:28.089][7356][INFO] [CMD:1011]{"token":"cvqmfhf7ndhta5foq7amlv7hrk","acc":"ZrTX9evfIa2G"}
[2021-08-23 15:17:28.114][7356][INFO] [CMD:1001]{"token":"cvqmfhf7ndhta5foq7amlv7hrk","acc":"ZrTX9evfIa2G"}
[2021-08-23 15:17:31.604][7356][INFO] [CMD:1011]{"token":"cvqmfhf7ndhta5foq7amlv7hrk","acc":"ZrTX9evfIa2G"}
[2021-08-23 15:17:35.709][7356][INFO] [CMD:9000]{"token":"cvqmfhf7ndhta5foq7amlv7hrk","acc":"ZrTX9evfIa2G","productId":"craftstory_120","transactionId":"3c64f70e-c9e4-4f18-9cea-3d115ff76830"}
[2021-08-23 15:17:35.854][7356][INFO] [CMD:1011]{"token":"cvqmfhf7ndhta5foq7amlv7hrk","acc":"ZrTX9evfIa2G"}
[2021-08-23 15:17:41.575][7356][INFO] [CMD:1027]{"token":"cvqmfhf7ndhta5foq7amlv7hrk","acc":"ZrTX9evfIa2G","type":2}
[2021-08-23 15:17:44.309][7356][INFO] [CMD:1019]{"token":"cvqmfhf7ndhta5foq7amlv7hrk","acc":"ZrTX9evfIa2G","page":1}
[2021-08-23 15:21:38.496][7356][INFO] [CMD:1011]{"token":"cvqmfhf7ndhta5foq7amlv7hrk","acc":"ZrTX9evfIa2G"}
[2021-08-23 15:21:42.319][7356][INFO] [CMD:1027]{"token":"cvqmfhf7ndhta5foq7amlv7hrk","acc":"ZrTX9evfIa2G","type":2}
[2021-08-23 15:21:42.466][7356][INFO] [CMD:1028]{"token":"cvqmfhf7ndhta5foq7amlv7hrk","acc":"ZrTX9evfIa2G"}
[2021-08-23 15:21:42.587][7356][INFO] [CMD:1021]{"token":"cvqmfhf7ndhta5foq7amlv7hrk","acc":"ZrTX9evfIa2G"}
[2021-08-23 15:21:45.312][7356][INFO] [CMD:1019]{"token":"cvqmfhf7ndhta5foq7amlv7hrk","acc":"ZrTX9evfIa2G","page":1}
[2021-08-23 15:21:45.929][7356][INFO] [CMD:1020]{"token":"cvqmfhf7ndhta5foq7amlv7hrk","acc":"ZrTX9evfIa2G","guid":59}
[2021-08-23 15:21:45.929][7356][INFO] [CMD:1026]{"token":"cvqmfhf7ndhta5foq7amlv7hrk","acc":"ZrTX9evfIa2G","guid":59}
[2021-08-23 15:21:46.057][7356][INFO] [CMD:1001]{"token":"cvqmfhf7ndhta5foq7amlv7hrk","acc":"ZrTX9evfIa2G"}
[2021-08-23 15:21:46.717][7356][INFO] [CMD:1019]{"token":"cvqmfhf7ndhta5foq7amlv7hrk","acc":"ZrTX9evfIa2G","page":1}
[2021-08-23 15:21:47.318][7356][INFO] [CMD:1020]{"token":"cvqmfhf7ndhta5foq7amlv7hrk","acc":"ZrTX9evfIa2G","guid":58}
[2021-08-23 15:21:47.329][7356][INFO] [CMD:1026]{"token":"cvqmfhf7ndhta5foq7amlv7hrk","acc":"ZrTX9evfIa2G","guid":58}
[2021-08-23 15:21:47.551][7356][INFO] [CMD:1001]{"token":"cvqmfhf7ndhta5foq7amlv7hrk","acc":"ZrTX9evfIa2G"}
[2021-08-23 15:21:48.174][7356][INFO] [CMD:1019]{"token":"cvqmfhf7ndhta5foq7amlv7hrk","acc":"ZrTX9evfIa2G","page":1}
[2021-08-23 15:21:54.687][7356][INFO] [CMD:1011]{"token":"cvqmfhf7ndhta5foq7amlv7hrk","acc":"ZrTX9evfIa2G"}
[2021-08-23 15:21:56.671][7356][INFO] [CMD:1010]{"token":"cvqmfhf7ndhta5foq7amlv7hrk","acc":"ZrTX9evfIa2G","shopId":2000}
[2021-08-23 15:21:56.925][7356][INFO] [CMD:1001]{"token":"cvqmfhf7ndhta5foq7amlv7hrk","acc":"ZrTX9evfIa2G"}
[2021-08-23 15:21:56.926][7356][INFO] [CMD:1011]{"token":"cvqmfhf7ndhta5foq7amlv7hrk","acc":"ZrTX9evfIa2G"}
[2021-08-23 15:21:59.496][7356][INFO] [CMD:1010]{"token":"cvqmfhf7ndhta5foq7amlv7hrk","acc":"ZrTX9evfIa2G","shopId":101}
[2021-08-23 15:21:59.623][7356][INFO] [CMD:1001]{"token":"cvqmfhf7ndhta5foq7amlv7hrk","acc":"ZrTX9evfIa2G"}
[2021-08-23 15:21:59.630][7356][INFO] [CMD:1011]{"token":"cvqmfhf7ndhta5foq7amlv7hrk","acc":"ZrTX9evfIa2G"}
[2021-08-23 15:22:02.453][7356][INFO] [CMD:1010]{"token":"cvqmfhf7ndhta5foq7amlv7hrk","acc":"ZrTX9evfIa2G","shopId":1000}
[2021-08-23 15:22:02.640][7356][INFO] [CMD:1001]{"token":"cvqmfhf7ndhta5foq7amlv7hrk","acc":"ZrTX9evfIa2G"}
[2021-08-23 15:22:02.645][7356][INFO] [CMD:1011]{"token":"cvqmfhf7ndhta5foq7amlv7hrk","acc":"ZrTX9evfIa2G"}
[2021-08-23 15:22:03.298][7356][INFO] [CMD:1016]{"token":"cvqmfhf7ndhta5foq7amlv7hrk","acc":"ZrTX9evfIa2G","page":1,"nickName":"","sortType":0}
[2021-08-23 15:22:06.042][7356][INFO] [CMD:1016]{"token":"cvqmfhf7ndhta5foq7amlv7hrk","acc":"ZrTX9evfIa2G","page":1,"nickName":"","sortType":1}
[2021-08-23 15:22:07.159][7356][INFO] [CMD:1016]{"token":"cvqmfhf7ndhta5foq7amlv7hrk","acc":"ZrTX9evfIa2G","page":1,"nickName":"","sortType":0}
[2021-08-23 15:22:08.475][7356][INFO] [CMD:1001]{"token":"cvqmfhf7ndhta5foq7amlv7hrk","acc":"ZrTX9evfIa2G"}
[2021-08-23 15:22:08.484][7356][INFO] [CMD:1011]{"token":"cvqmfhf7ndhta5foq7amlv7hrk","acc":"ZrTX9evfIa2G"}
[2021-08-23 15:22:10.076][7356][INFO] [CMD:1007]{"token":"cvqmfhf7ndhta5foq7amlv7hrk","acc":"ZrTX9evfIa2G","guid":242,"site":4}
[2021-08-23 15:22:10.146][7356][INFO] [CMD:1001]{"token":"cvqmfhf7ndhta5foq7amlv7hrk","acc":"ZrTX9evfIa2G"}
[2021-08-23 15:22:18.297][7356][INFO] [CMD:1011]{"token":"cvqmfhf7ndhta5foq7amlv7hrk","acc":"ZrTX9evfIa2G"}
[2021-08-23 15:22:33.516][7356][INFO] [CMD:1037]{"token":"cvqmfhf7ndhta5foq7amlv7hrk","acc":"ZrTX9evfIa2G","comment":"\u3088\u307B\uFF01"}
[2021-08-23 15:22:37.534][7356][INFO] [CMD:1015]{"token":"cvqmfhf7ndhta5foq7amlv7hrk","acc":"ZrTX9evfIa2G","nickName":"\u3063\u3052\u3048"}
[2021-08-23 15:22:43.064][7356][INFO] [CMD:1019]{"token":"cvqmfhf7ndhta5foq7amlv7hrk","acc":"ZrTX9evfIa2G","page":1}
[2021-08-23 15:22:53.094][7356][INFO] [CMD:1014]{"token":"cvqmfhf7ndhta5foq7amlv7hrk","acc":"ZrTX9evfIa2G","nickName":"\u3063\u3052\u3048","itemGuid":242,"site":1,"price":330}
[2021-08-23 15:22:59.203][7356][INFO] [CMD:1004]{"token":"cvqmfhf7ndhta5foq7amlv7hrk","acc":"ZrTX9evfIa2G","itemId":105,"count":1}
[2021-08-23 15:22:59.295][7356][INFO] [CMD:1001]{"token":"cvqmfhf7ndhta5foq7amlv7hrk","acc":"ZrTX9evfIa2G"}
[2021-08-23 15:23:03.992][7356][INFO] [CMD:1004]{"token":"cvqmfhf7ndhta5foq7amlv7hrk","acc":"ZrTX9evfIa2G","itemId":105,"count":1}
[2021-08-23 15:23:04.084][7356][INFO] [CMD:1001]{"token":"cvqmfhf7ndhta5foq7amlv7hrk","acc":"ZrTX9evfIa2G"}
[2021-08-23 15:23:06.053][7356][INFO] [CMD:1004]{"token":"cvqmfhf7ndhta5foq7amlv7hrk","acc":"ZrTX9evfIa2G","itemId":105,"count":1}
[2021-08-23 15:23:06.154][7356][INFO] [CMD:1001]{"token":"cvqmfhf7ndhta5foq7amlv7hrk","acc":"ZrTX9evfIa2G"}
[2021-08-23 15:23:25.504][7356][INFO] [CMD:1008]{"token":"cvqmfhf7ndhta5foq7amlv7hrk","acc":"ZrTX9evfIa2G","creaftId":2,"count":1}
[2021-08-23 15:23:25.765][7356][INFO] [CMD:1001]{"token":"cvqmfhf7ndhta5foq7amlv7hrk","acc":"ZrTX9evfIa2G"}
[2021-08-23 15:23:27.749][7356][INFO] [CMD:1001]{"token":"cvqmfhf7ndhta5foq7amlv7hrk","acc":"ZrTX9evfIa2G"}
[2021-08-23 15:23:27.760][7356][INFO] [CMD:1011]{"token":"cvqmfhf7ndhta5foq7amlv7hrk","acc":"ZrTX9evfIa2G"}
[2021-08-23 15:23:30.177][7356][INFO] [CMD:1007]{"token":"cvqmfhf7ndhta5foq7amlv7hrk","acc":"ZrTX9evfIa2G","guid":155,"site":5}
[2021-08-23 15:23:30.244][7356][INFO] [CMD:1001]{"token":"cvqmfhf7ndhta5foq7amlv7hrk","acc":"ZrTX9evfIa2G"}
[2021-08-23 15:23:35.410][7356][INFO] [CMD:1002]{"token":"cvqmfhf7ndhta5foq7amlv7hrk","acc":"ZrTX9evfIa2G","guid":155,"count":1}
