[2021-10-04 17:16:49.957][33716][INFO] [CMD:101][ACC:Gv3cK4uDn4Ny]
[2021-10-04 17:16:50.157][33716][INFO] [CMD:1025]{"token":"05jn6nnvr63sal5kfi3trlcfv7","acc":"Gv3cK4uDn4Ny"}
[2021-10-04 17:16:50.158][33716][INFO] [CMD:1028]{"token":"05jn6nnvr63sal5kfi3trlcfv7","acc":"Gv3cK4uDn4Ny"}
[2021-10-04 17:16:50.175][33716][INFO] [CMD:1021]{"token":"05jn6nnvr63sal5kfi3trlcfv7","acc":"Gv3cK4uDn4Ny"}
[2021-10-04 17:17:17.144][33716][INFO] [CMD:101][ACC:Gv3cK4uDn4Ny]
[2021-10-04 17:17:17.777][33716][INFO] [CMD:1025]{"token":"c091duei18l2ua34e8mq3lb19n","acc":"Gv3cK4uDn4Ny"}
[2021-10-04 17:17:17.795][33716][INFO] [CMD:1028]{"token":"c091duei18l2ua34e8mq3lb19n","acc":"Gv3cK4uDn4Ny"}
[2021-10-04 17:17:17.801][33716][INFO] [CMD:1021]{"token":"c091duei18l2ua34e8mq3lb19n","acc":"Gv3cK4uDn4Ny"}
[2021-10-04 17:17:23.091][33716][INFO] [CMD:1011]{"token":"c091duei18l2ua34e8mq3lb19n","acc":"Gv3cK4uDn4Ny"}
[2021-10-04 17:17:23.093][33716][INFO] [CMD:1001]{"token":"c091duei18l2ua34e8mq3lb19n","acc":"Gv3cK4uDn4Ny"}
[2021-10-04 17:17:23.095][33716][INFO] [CMD:1023]{"token":"c091duei18l2ua34e8mq3lb19n","acc":"Gv3cK4uDn4Ny"}
[2021-10-04 17:17:26.293][33716][INFO] [CMD:1001]{"token":"c091duei18l2ua34e8mq3lb19n","acc":"Gv3cK4uDn4Ny"}
[2021-10-04 17:17:26.302][33716][INFO] [CMD:1011]{"token":"c091duei18l2ua34e8mq3lb19n","acc":"Gv3cK4uDn4Ny"}
[2021-10-04 17:17:37.735][33716][INFO] [CMD:1016]{"token":"c091duei18l2ua34e8mq3lb19n","acc":"Gv3cK4uDn4Ny","page":1,"nickName":"","sortType":2}
[2021-10-04 17:17:44.644][33716][INFO] [CMD:1016]{"token":"c091duei18l2ua34e8mq3lb19n","acc":"Gv3cK4uDn4Ny","page":1,"nickName":"","sortType":2}
[2021-10-04 17:18:50.698][33716][INFO] [CMD:101][ACC:Gv3cK4uDn4Ny]
[2021-10-04 17:18:50.844][33716][INFO] [CMD:1025]{"token":"g6j7limvbd1n4ma47nito1t0a7","acc":"Gv3cK4uDn4Ny"}
[2021-10-04 17:18:50.869][33716][INFO] [CMD:1028]{"token":"g6j7limvbd1n4ma47nito1t0a7","acc":"Gv3cK4uDn4Ny"}
[2021-10-04 17:18:50.871][33716][INFO] [CMD:1021]{"token":"g6j7limvbd1n4ma47nito1t0a7","acc":"Gv3cK4uDn4Ny"}
[2021-10-04 17:18:56.157][33716][INFO] [CMD:1023]{"token":"g6j7limvbd1n4ma47nito1t0a7","acc":"Gv3cK4uDn4Ny"}
[2021-10-04 17:18:56.177][33716][INFO] [CMD:1011]{"token":"g6j7limvbd1n4ma47nito1t0a7","acc":"Gv3cK4uDn4Ny"}
[2021-10-04 17:18:56.177][33716][INFO] [CMD:1001]{"token":"g6j7limvbd1n4ma47nito1t0a7","acc":"Gv3cK4uDn4Ny"}
[2021-10-04 17:19:12.414][33716][INFO] [CMD:1016]{"token":"g6j7limvbd1n4ma47nito1t0a7","acc":"Gv3cK4uDn4Ny","page":1,"nickName":"","sortType":2}
[2021-10-04 17:20:13.219][33716][INFO] [CMD:101][ACC:Gv3cK4uDn4Ny]
[2021-10-04 17:20:13.450][33716][INFO] [CMD:1025]{"token":"cmjf2o51ftf5lppa58l4e0gq3l","acc":"Gv3cK4uDn4Ny"}
[2021-10-04 17:20:13.465][33716][INFO] [CMD:1028]{"token":"cmjf2o51ftf5lppa58l4e0gq3l","acc":"Gv3cK4uDn4Ny"}
[2021-10-04 17:20:13.481][33716][INFO] [CMD:1021]{"token":"cmjf2o51ftf5lppa58l4e0gq3l","acc":"Gv3cK4uDn4Ny"}
[2021-10-04 17:20:20.109][33716][INFO] [CMD:1001]{"token":"cmjf2o51ftf5lppa58l4e0gq3l","acc":"Gv3cK4uDn4Ny"}
[2021-10-04 17:20:20.112][33716][INFO] [CMD:1023]{"token":"cmjf2o51ftf5lppa58l4e0gq3l","acc":"Gv3cK4uDn4Ny"}
[2021-10-04 17:20:20.128][33716][INFO] [CMD:1011]{"token":"cmjf2o51ftf5lppa58l4e0gq3l","acc":"Gv3cK4uDn4Ny"}
[2021-10-04 17:20:34.760][33716][INFO] [CMD:1016]{"token":"cmjf2o51ftf5lppa58l4e0gq3l","acc":"Gv3cK4uDn4Ny","page":1,"nickName":"","sortType":2}
[2021-10-04 17:20:42.095][33716][INFO] [CMD:1016]{"token":"cmjf2o51ftf5lppa58l4e0gq3l","acc":"Gv3cK4uDn4Ny","page":1,"nickName":"","sortType":2}
[2021-10-04 17:21:29.003][33716][INFO] [CMD:101][ACC:v6hrwzMYhvXU]
[2021-10-04 17:21:29.299][33716][INFO] [CMD:1021]{"token":"mf8n6hju5uiprmf3qac133me69","acc":"v6hrwzMYhvXU"}
[2021-10-04 17:21:29.305][33716][INFO] [CMD:1025]{"token":"mf8n6hju5uiprmf3qac133me69","acc":"v6hrwzMYhvXU"}
[2021-10-04 17:21:29.340][33716][INFO] [CMD:1028]{"token":"mf8n6hju5uiprmf3qac133me69","acc":"v6hrwzMYhvXU"}
[2021-10-04 17:21:34.397][33716][INFO] [CMD:1023]{"token":"mf8n6hju5uiprmf3qac133me69","acc":"v6hrwzMYhvXU"}
[2021-10-04 17:21:34.398][33716][INFO] [CMD:1011]{"token":"mf8n6hju5uiprmf3qac133me69","acc":"v6hrwzMYhvXU"}
[2021-10-04 17:21:34.412][33716][INFO] [CMD:1001]{"token":"mf8n6hju5uiprmf3qac133me69","acc":"v6hrwzMYhvXU"}
[2021-10-04 17:21:44.106][33716][INFO] [CMD:1016]{"token":"mf8n6hju5uiprmf3qac133me69","acc":"v6hrwzMYhvXU","page":1,"nickName":"","sortType":2}
[2021-10-04 17:22:05.033][33716][INFO] [CMD:101][ACC:v6hrwzMYhvXU]
[2021-10-04 17:22:05.247][33716][INFO] [CMD:1025]{"token":"gt5hd564vr1jd3r2iq8pfiq67l","acc":"v6hrwzMYhvXU"}
[2021-10-04 17:22:05.271][33716][INFO] [CMD:1028]{"token":"gt5hd564vr1jd3r2iq8pfiq67l","acc":"v6hrwzMYhvXU"}
[2021-10-04 17:22:05.279][33716][INFO] [CMD:1021]{"token":"gt5hd564vr1jd3r2iq8pfiq67l","acc":"v6hrwzMYhvXU"}
[2021-10-04 17:23:11.597][33716][INFO] [CMD:1011]{"token":"gt5hd564vr1jd3r2iq8pfiq67l","acc":"v6hrwzMYhvXU"}
[2021-10-04 17:23:11.598][33716][INFO] [CMD:1001]{"token":"gt5hd564vr1jd3r2iq8pfiq67l","acc":"v6hrwzMYhvXU"}
[2021-10-04 17:23:11.606][33716][INFO] [CMD:1023]{"token":"gt5hd564vr1jd3r2iq8pfiq67l","acc":"v6hrwzMYhvXU"}
[2021-10-04 17:23:13.363][33716][INFO] [CMD:1016]{"token":"gt5hd564vr1jd3r2iq8pfiq67l","acc":"v6hrwzMYhvXU","page":1,"nickName":"","sortType":2}
[2021-10-04 17:31:24.103][33716][INFO] [CMD:101][ACC:v6hrwzMYhvXU]
[2021-10-04 17:31:24.245][33716][INFO] [CMD:1025]{"token":"q5tiq59k84fcoa245kh8ccqdlh","acc":"v6hrwzMYhvXU"}
[2021-10-04 17:31:24.266][33716][INFO] [CMD:1021]{"token":"q5tiq59k84fcoa245kh8ccqdlh","acc":"v6hrwzMYhvXU"}
[2021-10-04 17:31:24.291][33716][INFO] [CMD:1028]{"token":"q5tiq59k84fcoa245kh8ccqdlh","acc":"v6hrwzMYhvXU"}
[2021-10-04 17:31:29.292][33716][INFO] [CMD:1011]{"token":"q5tiq59k84fcoa245kh8ccqdlh","acc":"v6hrwzMYhvXU"}
[2021-10-04 17:31:29.293][33716][INFO] [CMD:1023]{"token":"q5tiq59k84fcoa245kh8ccqdlh","acc":"v6hrwzMYhvXU"}
[2021-10-04 17:31:29.293][33716][INFO] [CMD:1001]{"token":"q5tiq59k84fcoa245kh8ccqdlh","acc":"v6hrwzMYhvXU"}
[2021-10-04 17:31:30.923][33716][INFO] [CMD:1016]{"token":"q5tiq59k84fcoa245kh8ccqdlh","acc":"v6hrwzMYhvXU","page":1,"nickName":"","sortType":2}
[2021-10-04 17:32:03.076][33716][INFO] [CMD:100]
[2021-10-04 17:32:03.474][33716][INFO] [CMD:101][ACC:Lv5GUrqNIcwK]
[2021-10-04 17:32:03.715][33716][INFO] [CMD:1025]{"token":"kov990pauacsh64blncclj5o36","acc":"Lv5GUrqNIcwK"}
[2021-10-04 17:32:03.723][33716][INFO] [CMD:1028]{"token":"kov990pauacsh64blncclj5o36","acc":"Lv5GUrqNIcwK"}
[2021-10-04 17:32:03.732][33716][INFO] [CMD:1021]{"token":"kov990pauacsh64blncclj5o36","acc":"Lv5GUrqNIcwK"}
[2021-10-04 17:32:05.802][33716][INFO] [CMD:1011]{"token":"kov990pauacsh64blncclj5o36","acc":"Lv5GUrqNIcwK"}
[2021-10-04 17:32:07.393][33716][INFO] [CMD:1016]{"token":"kov990pauacsh64blncclj5o36","acc":"Lv5GUrqNIcwK","page":1,"nickName":"","sortType":2}
[2021-10-04 17:32:14.544][33716][INFO] [CMD:101][ACC:Lv5GUrqNIcwK]
[2021-10-04 17:32:14.717][33716][INFO] [CMD:1025]{"token":"bofmaifem70olc8gfldcj5p9qb","acc":"Lv5GUrqNIcwK"}
[2021-10-04 17:32:14.730][33716][INFO] [CMD:1028]{"token":"bofmaifem70olc8gfldcj5p9qb","acc":"Lv5GUrqNIcwK"}
[2021-10-04 17:32:14.768][33716][INFO] [CMD:1021]{"token":"bofmaifem70olc8gfldcj5p9qb","acc":"Lv5GUrqNIcwK"}
[2021-10-04 17:32:16.945][33716][INFO] [CMD:1011]{"token":"bofmaifem70olc8gfldcj5p9qb","acc":"Lv5GUrqNIcwK"}
[2021-10-04 17:34:29.416][33716][INFO] [CMD:101][ACC:Lv5GUrqNIcwK]
[2021-10-04 17:34:29.581][33716][INFO] [CMD:1025]{"token":"cnbusue3sloqdhjc7ohqq6986q","acc":"Lv5GUrqNIcwK"}
[2021-10-04 17:34:29.626][33716][INFO] [CMD:1028]{"token":"cnbusue3sloqdhjc7ohqq6986q","acc":"Lv5GUrqNIcwK"}
[2021-10-04 17:34:29.649][33716][INFO] [CMD:1021]{"token":"cnbusue3sloqdhjc7ohqq6986q","acc":"Lv5GUrqNIcwK"}
[2021-10-04 17:34:34.741][33716][INFO] [CMD:1023]{"token":"cnbusue3sloqdhjc7ohqq6986q","acc":"Lv5GUrqNIcwK"}
[2021-10-04 17:34:34.771][33716][INFO] [CMD:1001]{"token":"cnbusue3sloqdhjc7ohqq6986q","acc":"Lv5GUrqNIcwK"}
[2021-10-04 17:34:34.771][33716][INFO] [CMD:1011]{"token":"cnbusue3sloqdhjc7ohqq6986q","acc":"Lv5GUrqNIcwK"}
[2021-10-04 17:34:46.298][33716][INFO] [CMD:9000]{"token":"cnbusue3sloqdhjc7ohqq6986q","acc":"Lv5GUrqNIcwK","productId":"craftstory_1960","transactionId":"43698bc1-44c2-4fbb-9d20-c7f1dd23e060"}
[2021-10-04 17:34:46.477][33716][INFO] [CMD:1011]{"token":"cnbusue3sloqdhjc7ohqq6986q","acc":"Lv5GUrqNIcwK"}
[2021-10-04 17:34:54.541][33716][INFO] [CMD:1016]{"token":"cnbusue3sloqdhjc7ohqq6986q","acc":"Lv5GUrqNIcwK","page":1,"nickName":"","sortType":2}
[2021-10-04 17:34:56.330][33716][INFO] [CMD:1018]{"token":"cnbusue3sloqdhjc7ohqq6986q","acc":"Lv5GUrqNIcwK","site":0,"isfree":1}
[2021-10-04 17:34:56.349][33716][INFO] [CMD:1018]{"token":"cnbusue3sloqdhjc7ohqq6986q","acc":"Lv5GUrqNIcwK","site":0,"isfree":1}
[2021-10-04 17:34:56.352][33716][INFO] [CMD:1018]{"token":"cnbusue3sloqdhjc7ohqq6986q","acc":"Lv5GUrqNIcwK","site":0,"isfree":1}
[2021-10-04 17:35:02.018][33716][INFO] [CMD:1010]{"token":"cnbusue3sloqdhjc7ohqq6986q","acc":"Lv5GUrqNIcwK","shopId":1000}
[2021-10-04 17:35:02.189][33716][INFO] [CMD:1001]{"token":"cnbusue3sloqdhjc7ohqq6986q","acc":"Lv5GUrqNIcwK"}
[2021-10-04 17:35:02.205][33716][INFO] [CMD:1011]{"token":"cnbusue3sloqdhjc7ohqq6986q","acc":"Lv5GUrqNIcwK"}
[2021-10-04 17:35:15.689][33716][INFO] [CMD:1011]{"token":"cnbusue3sloqdhjc7ohqq6986q","acc":"Lv5GUrqNIcwK"}
[2021-10-04 17:35:15.690][33716][INFO] [CMD:1001]{"token":"cnbusue3sloqdhjc7ohqq6986q","acc":"Lv5GUrqNIcwK"}
[2021-10-04 17:35:21.099][33716][INFO] [CMD:1015]{"token":"cnbusue3sloqdhjc7ohqq6986q","acc":"Lv5GUrqNIcwK","nickName":"asdf"}
[2021-10-04 17:35:30.292][33716][INFO] [CMD:1016]{"token":"cnbusue3sloqdhjc7ohqq6986q","acc":"Lv5GUrqNIcwK","page":1,"nickName":"","sortType":2}
[2021-10-04 17:35:31.446][33716][INFO] [CMD:1018]{"token":"cnbusue3sloqdhjc7ohqq6986q","acc":"Lv5GUrqNIcwK","site":0,"isfree":1}
[2021-10-04 17:35:31.463][33716][INFO] [CMD:1018]{"token":"cnbusue3sloqdhjc7ohqq6986q","acc":"Lv5GUrqNIcwK","site":0,"isfree":1}
[2021-10-04 17:35:31.469][33716][INFO] [CMD:1018]{"token":"cnbusue3sloqdhjc7ohqq6986q","acc":"Lv5GUrqNIcwK","site":0,"isfree":1}
[2021-10-04 17:35:35.160][33716][INFO] [CMD:1048]{"token":"cnbusue3sloqdhjc7ohqq6986q","acc":"Lv5GUrqNIcwK","guid":23}
[2021-10-04 17:35:37.053][33716][INFO] [CMD:1014]{"token":"cnbusue3sloqdhjc7ohqq6986q","acc":"Lv5GUrqNIcwK","nickName":"asdf","itemGuid":23,"site":1,"price":110,"texture":"Blueprint-Lv5GUrqNIcwK-20211004053536"}
[2021-10-04 17:35:37.216][33716][INFO] [CMD:1025]{"token":"cnbusue3sloqdhjc7ohqq6986q","acc":"Lv5GUrqNIcwK"}
[2021-10-04 17:35:39.781][33716][INFO] [CMD:1013]{"token":"cnbusue3sloqdhjc7ohqq6986q","acc":"Lv5GUrqNIcwK"}
[2021-10-04 17:35:40.770][33716][INFO] [CMD:1013]{"token":"cnbusue3sloqdhjc7ohqq6986q","acc":"Lv5GUrqNIcwK"}
[2021-10-04 17:35:44.254][33716][INFO] [CMD:1048]{"token":"cnbusue3sloqdhjc7ohqq6986q","acc":"Lv5GUrqNIcwK","guid":23}
[2021-10-04 17:35:46.265][33716][INFO] [CMD:1014]{"token":"cnbusue3sloqdhjc7ohqq6986q","acc":"Lv5GUrqNIcwK","nickName":"asdf","itemGuid":23,"site":2,"price":110,"texture":"Blueprint-Lv5GUrqNIcwK-20211004053546"}
[2021-10-04 17:35:46.396][33716][INFO] [CMD:1025]{"token":"cnbusue3sloqdhjc7ohqq6986q","acc":"Lv5GUrqNIcwK"}
[2021-10-04 17:35:51.941][33716][INFO] [CMD:1048]{"token":"cnbusue3sloqdhjc7ohqq6986q","acc":"Lv5GUrqNIcwK","guid":23}
[2021-10-04 17:35:54.550][33716][INFO] [CMD:1014]{"token":"cnbusue3sloqdhjc7ohqq6986q","acc":"Lv5GUrqNIcwK","nickName":"asdf","itemGuid":23,"site":3,"price":110,"texture":"Blueprint-Lv5GUrqNIcwK-20211004053554"}
[2021-10-04 17:35:54.678][33716][INFO] [CMD:1025]{"token":"cnbusue3sloqdhjc7ohqq6986q","acc":"Lv5GUrqNIcwK"}
[2021-10-04 17:36:14.751][33716][INFO] [CMD:101][ACC:v6hrwzMYhvXU]
[2021-10-04 17:36:14.909][33716][INFO] [CMD:1028]{"token":"i3osj3584t71jdkguq880vntvm","acc":"v6hrwzMYhvXU"}
[2021-10-04 17:36:14.938][33716][INFO] [CMD:1021]{"token":"i3osj3584t71jdkguq880vntvm","acc":"v6hrwzMYhvXU"}
[2021-10-04 17:36:14.938][33716][INFO] [CMD:1025]{"token":"i3osj3584t71jdkguq880vntvm","acc":"v6hrwzMYhvXU"}
[2021-10-04 17:36:20.244][33716][INFO] [CMD:1023]{"token":"i3osj3584t71jdkguq880vntvm","acc":"v6hrwzMYhvXU"}
[2021-10-04 17:36:20.245][33716][INFO] [CMD:1001]{"token":"i3osj3584t71jdkguq880vntvm","acc":"v6hrwzMYhvXU"}
[2021-10-04 17:36:20.246][33716][INFO] [CMD:1011]{"token":"i3osj3584t71jdkguq880vntvm","acc":"v6hrwzMYhvXU"}
[2021-10-04 17:36:31.943][33716][INFO] [CMD:1016]{"token":"i3osj3584t71jdkguq880vntvm","acc":"v6hrwzMYhvXU","page":1,"nickName":"","sortType":2}
[2021-10-04 17:37:05.846][33716][INFO] [CMD:1016]{"token":"i3osj3584t71jdkguq880vntvm","acc":"v6hrwzMYhvXU","page":1,"nickName":"","sortType":2}
[2021-10-04 17:37:29.817][33716][INFO] [CMD:1016]{"token":"i3osj3584t71jdkguq880vntvm","acc":"v6hrwzMYhvXU","page":1,"nickName":"","sortType":2}
[2021-10-04 17:39:07.310][33716][INFO] [CMD:101][ACC:v6hrwzMYhvXU]
[2021-10-04 17:39:07.455][33716][INFO] [CMD:1025]{"token":"c39g19djftecd43dtil6qmgvkn","acc":"v6hrwzMYhvXU"}
[2021-10-04 17:39:07.507][33716][INFO] [CMD:1021]{"token":"c39g19djftecd43dtil6qmgvkn","acc":"v6hrwzMYhvXU"}
[2021-10-04 17:39:07.508][33716][INFO] [CMD:1028]{"token":"c39g19djftecd43dtil6qmgvkn","acc":"v6hrwzMYhvXU"}
[2021-10-04 17:39:12.782][33716][INFO] [CMD:1001]{"token":"c39g19djftecd43dtil6qmgvkn","acc":"v6hrwzMYhvXU"}
[2021-10-04 17:39:12.785][33716][INFO] [CMD:1023]{"token":"c39g19djftecd43dtil6qmgvkn","acc":"v6hrwzMYhvXU"}
[2021-10-04 17:39:12.792][33716][INFO] [CMD:1011]{"token":"c39g19djftecd43dtil6qmgvkn","acc":"v6hrwzMYhvXU"}
[2021-10-04 17:39:15.598][33716][INFO] [CMD:1016]{"token":"c39g19djftecd43dtil6qmgvkn","acc":"v6hrwzMYhvXU","page":1,"nickName":"","sortType":2}
[2021-10-04 17:39:25.674][33716][INFO] [CMD:1016]{"token":"c39g19djftecd43dtil6qmgvkn","acc":"v6hrwzMYhvXU","page":2,"nickName":"","sortType":2}
[2021-10-04 17:43:20.829][33716][INFO] [CMD:101][ACC:v6hrwzMYhvXU]
[2021-10-04 17:43:20.991][33716][INFO] [CMD:1028]{"token":"3542n4migkcoajvfcctffte03m","acc":"v6hrwzMYhvXU"}
[2021-10-04 17:43:20.995][33716][INFO] [CMD:1025]{"token":"3542n4migkcoajvfcctffte03m","acc":"v6hrwzMYhvXU"}
[2021-10-04 17:43:21.009][33716][INFO] [CMD:1021]{"token":"3542n4migkcoajvfcctffte03m","acc":"v6hrwzMYhvXU"}
[2021-10-04 17:43:26.271][33716][INFO] [CMD:1011]{"token":"3542n4migkcoajvfcctffte03m","acc":"v6hrwzMYhvXU"}
[2021-10-04 17:43:26.291][33716][INFO] [CMD:1023]{"token":"3542n4migkcoajvfcctffte03m","acc":"v6hrwzMYhvXU"}
[2021-10-04 17:43:26.295][33716][INFO] [CMD:1001]{"token":"3542n4migkcoajvfcctffte03m","acc":"v6hrwzMYhvXU"}
[2021-10-04 17:43:27.903][33716][INFO] [CMD:1016]{"token":"3542n4migkcoajvfcctffte03m","acc":"v6hrwzMYhvXU","page":1,"nickName":"","sortType":2}
[2021-10-04 17:43:35.569][33716][INFO] [CMD:1016]{"token":"3542n4migkcoajvfcctffte03m","acc":"v6hrwzMYhvXU","page":2,"nickName":"","sortType":2}
[2021-10-04 17:43:42.770][33716][INFO] [CMD:1016]{"token":"3542n4migkcoajvfcctffte03m","acc":"v6hrwzMYhvXU","page":1,"nickName":"","sortType":2}
[2021-10-04 17:43:47.441][33716][INFO] [CMD:1016]{"token":"3542n4migkcoajvfcctffte03m","acc":"v6hrwzMYhvXU","page":2,"nickName":"","sortType":2}
[2021-10-04 17:43:48.556][33716][INFO] [CMD:1016]{"token":"3542n4migkcoajvfcctffte03m","acc":"v6hrwzMYhvXU","page":1,"nickName":"","sortType":2}
[2021-10-04 17:44:51.818][33716][INFO] [CMD:101][ACC:v6hrwzMYhvXU]
[2021-10-04 17:44:52.026][33716][INFO] [CMD:1028]{"token":"vp97q43i7ccir10suc0293ock9","acc":"v6hrwzMYhvXU"}
[2021-10-04 17:44:52.054][33716][INFO] [CMD:1025]{"token":"vp97q43i7ccir10suc0293ock9","acc":"v6hrwzMYhvXU"}
[2021-10-04 17:44:52.074][33716][INFO] [CMD:1021]{"token":"vp97q43i7ccir10suc0293ock9","acc":"v6hrwzMYhvXU"}
[2021-10-04 17:44:56.753][33716][INFO] [CMD:1001]{"token":"vp97q43i7ccir10suc0293ock9","acc":"v6hrwzMYhvXU"}
[2021-10-04 17:44:56.755][33716][INFO] [CMD:1011]{"token":"vp97q43i7ccir10suc0293ock9","acc":"v6hrwzMYhvXU"}
[2021-10-04 17:44:56.757][33716][INFO] [CMD:1023]{"token":"vp97q43i7ccir10suc0293ock9","acc":"v6hrwzMYhvXU"}
[2021-10-04 17:48:24.044][33716][INFO] [CMD:101][ACC:v6hrwzMYhvXU]
[2021-10-04 17:48:24.256][33716][INFO] [CMD:1021]{"token":"mlhici1gopkc43nj6deof3p61f","acc":"v6hrwzMYhvXU"}
[2021-10-04 17:48:24.271][33716][INFO] [CMD:1025]{"token":"mlhici1gopkc43nj6deof3p61f","acc":"v6hrwzMYhvXU"}
[2021-10-04 17:48:24.286][33716][INFO] [CMD:1028]{"token":"mlhici1gopkc43nj6deof3p61f","acc":"v6hrwzMYhvXU"}
[2021-10-04 17:48:29.440][33716][INFO] [CMD:1023]{"token":"mlhici1gopkc43nj6deof3p61f","acc":"v6hrwzMYhvXU"}
[2021-10-04 17:48:29.459][33716][INFO] [CMD:1011]{"token":"mlhici1gopkc43nj6deof3p61f","acc":"v6hrwzMYhvXU"}
[2021-10-04 17:48:29.459][33716][INFO] [CMD:1001]{"token":"mlhici1gopkc43nj6deof3p61f","acc":"v6hrwzMYhvXU"}
[2021-10-04 17:49:37.911][33716][INFO] [CMD:1016]{"token":"mlhici1gopkc43nj6deof3p61f","acc":"v6hrwzMYhvXU","page":1,"nickName":"","sortType":2}
[2021-10-04 17:49:40.177][33716][INFO] [CMD:1016]{"token":"mlhici1gopkc43nj6deof3p61f","acc":"v6hrwzMYhvXU","page":2,"nickName":"","sortType":2}
[2021-10-04 17:49:41.523][33716][INFO] [CMD:1016]{"token":"mlhici1gopkc43nj6deof3p61f","acc":"v6hrwzMYhvXU","page":1,"nickName":"","sortType":2}
[2021-10-04 17:59:05.459][33716][INFO] [CMD:101][ACC:Gv3cK4uDn4Ny]
