[2021-09-13 10:32:47.134][25140][INFO] [CMD:101][ACC:wwLRSCVCyyTk]
[2021-09-13 10:32:47.343][25140][INFO] [CMD:1028]{"token":"742lhr1f2l2p7cb0c9phtbq1iu","acc":"wwLRSCVCyyTk"}
[2021-09-13 10:32:47.347][25140][INFO] [CMD:1025]{"token":"742lhr1f2l2p7cb0c9phtbq1iu","acc":"wwLRSCVCyyTk"}
[2021-09-13 10:32:47.368][25140][INFO] [CMD:1021]{"token":"742lhr1f2l2p7cb0c9phtbq1iu","acc":"wwLRSCVCyyTk"}
[2021-09-13 10:33:15.832][25140][INFO] [CMD:1001]{"token":"742lhr1f2l2p7cb0c9phtbq1iu","acc":"wwLRSCVCyyTk"}
[2021-09-13 10:33:15.832][25140][INFO] [CMD:1011]{"token":"742lhr1f2l2p7cb0c9phtbq1iu","acc":"wwLRSCVCyyTk"}
[2021-09-13 10:33:15.833][25140][INFO] [CMD:1023]{"token":"742lhr1f2l2p7cb0c9phtbq1iu","acc":"wwLRSCVCyyTk"}
[2021-09-13 10:37:36.039][25140][INFO] [CMD:1009]{"token":"742lhr1f2l2p7cb0c9phtbq1iu","acc":"wwLRSCVCyyTk","bonusList":"-1"}
[2021-09-13 10:42:58.387][25140][INFO] [CMD:101][ACC:wwLRSCVCyyTk]
[2021-09-13 10:42:58.552][25140][INFO] [CMD:1025]{"token":"f5d2p2kbfk50d88o8quv5tgru4","acc":"wwLRSCVCyyTk"}
[2021-09-13 10:42:58.554][25140][INFO] [CMD:1021]{"token":"f5d2p2kbfk50d88o8quv5tgru4","acc":"wwLRSCVCyyTk"}
[2021-09-13 10:42:58.570][25140][INFO] [CMD:1028]{"token":"f5d2p2kbfk50d88o8quv5tgru4","acc":"wwLRSCVCyyTk"}
[2021-09-13 10:43:03.343][25140][INFO] [CMD:1001]{"token":"f5d2p2kbfk50d88o8quv5tgru4","acc":"wwLRSCVCyyTk"}
[2021-09-13 10:43:03.345][25140][INFO] [CMD:1011]{"token":"f5d2p2kbfk50d88o8quv5tgru4","acc":"wwLRSCVCyyTk"}
[2021-09-13 10:43:03.363][25140][INFO] [CMD:1023]{"token":"f5d2p2kbfk50d88o8quv5tgru4","acc":"wwLRSCVCyyTk"}
[2021-09-13 10:43:17.420][25140][INFO] [CMD:1009]{"token":"f5d2p2kbfk50d88o8quv5tgru4","acc":"wwLRSCVCyyTk","bonusList":"-1"}
[2021-09-13 10:45:06.840][25140][INFO] [CMD:101][ACC:wwLRSCVCyyTk]
[2021-09-13 10:45:07.037][25140][INFO] [CMD:1025]{"token":"g7fgv9bntr3u6pcutgqts5ie0v","acc":"wwLRSCVCyyTk"}
[2021-09-13 10:45:07.055][25140][INFO] [CMD:1021]{"token":"g7fgv9bntr3u6pcutgqts5ie0v","acc":"wwLRSCVCyyTk"}
[2021-09-13 10:45:07.057][25140][INFO] [CMD:1028]{"token":"g7fgv9bntr3u6pcutgqts5ie0v","acc":"wwLRSCVCyyTk"}
[2021-09-13 10:45:11.634][25140][INFO] [CMD:1011]{"token":"g7fgv9bntr3u6pcutgqts5ie0v","acc":"wwLRSCVCyyTk"}
[2021-09-13 10:45:11.634][25140][INFO] [CMD:1001]{"token":"g7fgv9bntr3u6pcutgqts5ie0v","acc":"wwLRSCVCyyTk"}
[2021-09-13 10:45:11.656][25140][INFO] [CMD:1023]{"token":"g7fgv9bntr3u6pcutgqts5ie0v","acc":"wwLRSCVCyyTk"}
[2021-09-13 10:47:07.330][25140][INFO] [CMD:101][ACC:wwLRSCVCyyTk]
[2021-09-13 10:47:07.506][25140][INFO] [CMD:1025]{"token":"42necf9l1sv5c8ustai4qbb05c","acc":"wwLRSCVCyyTk"}
[2021-09-13 10:47:07.507][25140][INFO] [CMD:1021]{"token":"42necf9l1sv5c8ustai4qbb05c","acc":"wwLRSCVCyyTk"}
[2021-09-13 10:47:07.509][25140][INFO] [CMD:1028]{"token":"42necf9l1sv5c8ustai4qbb05c","acc":"wwLRSCVCyyTk"}
[2021-09-13 10:47:12.623][25140][INFO] [CMD:1001]{"token":"42necf9l1sv5c8ustai4qbb05c","acc":"wwLRSCVCyyTk"}
[2021-09-13 10:47:12.626][25140][INFO] [CMD:1023]{"token":"42necf9l1sv5c8ustai4qbb05c","acc":"wwLRSCVCyyTk"}
[2021-09-13 10:47:12.626][25140][INFO] [CMD:1011]{"token":"42necf9l1sv5c8ustai4qbb05c","acc":"wwLRSCVCyyTk"}
[2021-09-13 10:48:18.035][25140][INFO] [CMD:101][ACC:wwLRSCVCyyTk]
[2021-09-13 10:48:18.187][25140][INFO] [CMD:1021]{"token":"noctqrqv5gnj5t5e2tnjdr98tg","acc":"wwLRSCVCyyTk"}
[2021-09-13 10:48:18.193][25140][INFO] [CMD:1028]{"token":"noctqrqv5gnj5t5e2tnjdr98tg","acc":"wwLRSCVCyyTk"}
[2021-09-13 10:48:18.193][25140][INFO] [CMD:1025]{"token":"noctqrqv5gnj5t5e2tnjdr98tg","acc":"wwLRSCVCyyTk"}
[2021-09-13 10:48:23.005][25140][INFO] [CMD:1023]{"token":"noctqrqv5gnj5t5e2tnjdr98tg","acc":"wwLRSCVCyyTk"}
[2021-09-13 10:48:23.006][25140][INFO] [CMD:1011]{"token":"noctqrqv5gnj5t5e2tnjdr98tg","acc":"wwLRSCVCyyTk"}
[2021-09-13 10:48:23.008][25140][INFO] [CMD:1001]{"token":"noctqrqv5gnj5t5e2tnjdr98tg","acc":"wwLRSCVCyyTk"}
[2021-09-13 10:49:27.610][25140][INFO] [CMD:1004]{"token":"noctqrqv5gnj5t5e2tnjdr98tg","acc":"wwLRSCVCyyTk","itemId":106,"count":1}
[2021-09-13 10:49:29.712][25140][INFO] [CMD:1004]{"token":"noctqrqv5gnj5t5e2tnjdr98tg","acc":"wwLRSCVCyyTk","itemId":105,"count":1}
[2021-09-13 10:49:30.426][25140][INFO] [CMD:1004]{"token":"noctqrqv5gnj5t5e2tnjdr98tg","acc":"wwLRSCVCyyTk","itemId":101,"count":1}
[2021-09-13 10:49:31.121][25140][INFO] [CMD:1004]{"token":"noctqrqv5gnj5t5e2tnjdr98tg","acc":"wwLRSCVCyyTk","itemId":101,"count":1}
[2021-09-13 10:49:32.815][25140][INFO] [CMD:1004]{"token":"noctqrqv5gnj5t5e2tnjdr98tg","acc":"wwLRSCVCyyTk","itemId":101,"count":1}
[2021-09-13 10:49:33.512][25140][INFO] [CMD:1004]{"token":"noctqrqv5gnj5t5e2tnjdr98tg","acc":"wwLRSCVCyyTk","itemId":101,"count":1}
[2021-09-13 10:49:34.224][25140][INFO] [CMD:1004]{"token":"noctqrqv5gnj5t5e2tnjdr98tg","acc":"wwLRSCVCyyTk","itemId":101,"count":1}
[2021-09-13 10:49:40.929][25140][INFO] [CMD:1004]{"token":"noctqrqv5gnj5t5e2tnjdr98tg","acc":"wwLRSCVCyyTk","itemId":101,"count":1}
[2021-09-13 10:50:10.747][25140][INFO] [CMD:1004]{"token":"noctqrqv5gnj5t5e2tnjdr98tg","acc":"wwLRSCVCyyTk","itemId":106,"count":1}
[2021-09-13 10:50:12.318][25140][INFO] [CMD:1004]{"token":"noctqrqv5gnj5t5e2tnjdr98tg","acc":"wwLRSCVCyyTk","itemId":101,"count":1}
[2021-09-13 10:50:13.762][25140][INFO] [CMD:1004]{"token":"noctqrqv5gnj5t5e2tnjdr98tg","acc":"wwLRSCVCyyTk","itemId":101,"count":1}
[2021-09-13 10:50:15.278][25140][INFO] [CMD:1004]{"token":"noctqrqv5gnj5t5e2tnjdr98tg","acc":"wwLRSCVCyyTk","itemId":101,"count":1}
[2021-09-13 10:50:16.757][25140][INFO] [CMD:1004]{"token":"noctqrqv5gnj5t5e2tnjdr98tg","acc":"wwLRSCVCyyTk","itemId":105,"count":1}
[2021-09-13 10:50:18.302][25140][INFO] [CMD:1004]{"token":"noctqrqv5gnj5t5e2tnjdr98tg","acc":"wwLRSCVCyyTk","itemId":105,"count":1}
[2021-09-13 10:50:19.778][25140][INFO] [CMD:1004]{"token":"noctqrqv5gnj5t5e2tnjdr98tg","acc":"wwLRSCVCyyTk","itemId":105,"count":1}
[2021-09-13 10:50:21.291][25140][INFO] [CMD:1004]{"token":"noctqrqv5gnj5t5e2tnjdr98tg","acc":"wwLRSCVCyyTk","itemId":105,"count":1}
[2021-09-13 10:50:22.780][25140][INFO] [CMD:1004]{"token":"noctqrqv5gnj5t5e2tnjdr98tg","acc":"wwLRSCVCyyTk","itemId":101,"count":1}
[2021-09-13 10:50:24.302][25140][INFO] [CMD:1004]{"token":"noctqrqv5gnj5t5e2tnjdr98tg","acc":"wwLRSCVCyyTk","itemId":101,"count":1}
[2021-09-13 10:51:08.933][25140][INFO] [CMD:1004]{"token":"noctqrqv5gnj5t5e2tnjdr98tg","acc":"wwLRSCVCyyTk","itemId":105,"count":1}
[2021-09-13 10:51:10.475][25140][INFO] [CMD:1004]{"token":"noctqrqv5gnj5t5e2tnjdr98tg","acc":"wwLRSCVCyyTk","itemId":105,"count":1}
[2021-09-13 10:52:23.997][25140][INFO] [CMD:1011]{"token":"noctqrqv5gnj5t5e2tnjdr98tg","acc":"wwLRSCVCyyTk"}
[2021-09-13 10:52:23.998][25140][INFO] [CMD:1001]{"token":"noctqrqv5gnj5t5e2tnjdr98tg","acc":"wwLRSCVCyyTk"}
[2021-09-13 10:52:25.970][25140][INFO] [CMD:1001]{"token":"noctqrqv5gnj5t5e2tnjdr98tg","acc":"wwLRSCVCyyTk"}
[2021-09-13 10:52:25.994][25140][INFO] [CMD:1011]{"token":"noctqrqv5gnj5t5e2tnjdr98tg","acc":"wwLRSCVCyyTk"}
[2021-09-13 10:52:33.639][25140][INFO] [CMD:1001]{"token":"noctqrqv5gnj5t5e2tnjdr98tg","acc":"wwLRSCVCyyTk"}
[2021-09-13 10:52:33.664][25140][INFO] [CMD:1011]{"token":"noctqrqv5gnj5t5e2tnjdr98tg","acc":"wwLRSCVCyyTk"}
[2021-09-13 10:52:36.748][25140][INFO] [CMD:1011]{"token":"noctqrqv5gnj5t5e2tnjdr98tg","acc":"wwLRSCVCyyTk"}
[2021-09-13 10:52:44.203][25140][INFO] [CMD:1016]{"token":"noctqrqv5gnj5t5e2tnjdr98tg","acc":"wwLRSCVCyyTk","page":1,"nickName":"","sortType":0}
[2021-09-13 10:52:54.559][25140][INFO] [CMD:1015]{"token":"noctqrqv5gnj5t5e2tnjdr98tg","acc":"wwLRSCVCyyTk","nickName":"ffee"}
[2021-09-13 10:53:01.118][25140][INFO] [CMD:1011]{"token":"noctqrqv5gnj5t5e2tnjdr98tg","acc":"wwLRSCVCyyTk"}
[2021-09-13 10:53:04.273][25140][INFO] [CMD:1011]{"token":"noctqrqv5gnj5t5e2tnjdr98tg","acc":"wwLRSCVCyyTk"}
[2021-09-13 10:53:05.922][25140][INFO] [CMD:1016]{"token":"noctqrqv5gnj5t5e2tnjdr98tg","acc":"wwLRSCVCyyTk","page":1,"nickName":"","sortType":0}
[2021-09-13 10:53:07.119][25140][INFO] [CMD:1039]{"token":"noctqrqv5gnj5t5e2tnjdr98tg","acc":"wwLRSCVCyyTk","myshopId":3}
[2021-09-13 10:53:09.328][25140][INFO] [CMD:1039]{"token":"noctqrqv5gnj5t5e2tnjdr98tg","acc":"wwLRSCVCyyTk","myshopId":1}
[2021-09-13 10:53:11.871][25140][INFO] [CMD:1039]{"token":"noctqrqv5gnj5t5e2tnjdr98tg","acc":"wwLRSCVCyyTk","myshopId":2}
[2021-09-13 11:01:58.241][25140][INFO] [CMD:101][ACC:wwLRSCVCyyTk]
[2021-09-13 11:01:58.379][25140][INFO] [CMD:1025]{"token":"v71g631tnhnaqkb2l944o3jtft","acc":"wwLRSCVCyyTk"}
[2021-09-13 11:01:58.393][25140][INFO] [CMD:1028]{"token":"v71g631tnhnaqkb2l944o3jtft","acc":"wwLRSCVCyyTk"}
[2021-09-13 11:01:58.428][25140][INFO] [CMD:1021]{"token":"v71g631tnhnaqkb2l944o3jtft","acc":"wwLRSCVCyyTk"}
[2021-09-13 11:02:09.163][25140][INFO] [CMD:1023]{"token":"v71g631tnhnaqkb2l944o3jtft","acc":"wwLRSCVCyyTk"}
[2021-09-13 11:02:09.170][25140][INFO] [CMD:1011]{"token":"v71g631tnhnaqkb2l944o3jtft","acc":"wwLRSCVCyyTk"}
[2021-09-13 11:02:09.170][25140][INFO] [CMD:1001]{"token":"v71g631tnhnaqkb2l944o3jtft","acc":"wwLRSCVCyyTk"}
[2021-09-13 11:05:47.446][25140][INFO] [CMD:101][ACC:wwLRSCVCyyTk]
[2021-09-13 11:05:47.613][25140][INFO] [CMD:1028]{"token":"k5gv0ef4d4ct678ag0mb40efc3","acc":"wwLRSCVCyyTk"}
[2021-09-13 11:05:47.648][25140][INFO] [CMD:1025]{"token":"k5gv0ef4d4ct678ag0mb40efc3","acc":"wwLRSCVCyyTk"}
[2021-09-13 11:05:47.661][25140][INFO] [CMD:1021]{"token":"k5gv0ef4d4ct678ag0mb40efc3","acc":"wwLRSCVCyyTk"}
[2021-09-13 11:05:52.687][25140][INFO] [CMD:1001]{"token":"k5gv0ef4d4ct678ag0mb40efc3","acc":"wwLRSCVCyyTk"}
[2021-09-13 11:05:52.690][25140][INFO] [CMD:1011]{"token":"k5gv0ef4d4ct678ag0mb40efc3","acc":"wwLRSCVCyyTk"}
[2021-09-13 11:05:52.690][25140][INFO] [CMD:1023]{"token":"k5gv0ef4d4ct678ag0mb40efc3","acc":"wwLRSCVCyyTk"}
[2021-09-13 11:08:05.144][25140][INFO] [CMD:101][ACC:wwLRSCVCyyTk]
[2021-09-13 11:08:05.304][25140][INFO] [CMD:1025]{"token":"98qo6ot33aa05q24e6vu78a2ua","acc":"wwLRSCVCyyTk"}
[2021-09-13 11:08:05.323][25140][INFO] [CMD:1028]{"token":"98qo6ot33aa05q24e6vu78a2ua","acc":"wwLRSCVCyyTk"}
[2021-09-13 11:08:05.345][25140][INFO] [CMD:1021]{"token":"98qo6ot33aa05q24e6vu78a2ua","acc":"wwLRSCVCyyTk"}
[2021-09-13 11:08:10.191][25140][INFO] [CMD:1001]{"token":"98qo6ot33aa05q24e6vu78a2ua","acc":"wwLRSCVCyyTk"}
[2021-09-13 11:08:10.194][25140][INFO] [CMD:1023]{"token":"98qo6ot33aa05q24e6vu78a2ua","acc":"wwLRSCVCyyTk"}
[2021-09-13 11:08:10.229][25140][INFO] [CMD:1011]{"token":"98qo6ot33aa05q24e6vu78a2ua","acc":"wwLRSCVCyyTk"}
[2021-09-13 11:11:03.100][25140][INFO] [CMD:101][ACC:wwLRSCVCyyTk]
[2021-09-13 11:11:03.232][25140][INFO] [CMD:1025]{"token":"d91hj3f8un9nsrg3qjg9kau3qh","acc":"wwLRSCVCyyTk"}
[2021-09-13 11:11:03.248][25140][INFO] [CMD:1028]{"token":"d91hj3f8un9nsrg3qjg9kau3qh","acc":"wwLRSCVCyyTk"}
[2021-09-13 11:11:03.287][25140][INFO] [CMD:1021]{"token":"d91hj3f8un9nsrg3qjg9kau3qh","acc":"wwLRSCVCyyTk"}
[2021-09-13 11:11:08.341][25140][INFO] [CMD:1023]{"token":"d91hj3f8un9nsrg3qjg9kau3qh","acc":"wwLRSCVCyyTk"}
[2021-09-13 11:11:08.342][25140][INFO] [CMD:1001]{"token":"d91hj3f8un9nsrg3qjg9kau3qh","acc":"wwLRSCVCyyTk"}
[2021-09-13 11:11:08.343][25140][INFO] [CMD:1011]{"token":"d91hj3f8un9nsrg3qjg9kau3qh","acc":"wwLRSCVCyyTk"}
[2021-09-13 14:13:36.923][25140][INFO] [CMD:101][ACC:wwLRSCVCyyTk]
[2021-09-13 14:13:37.096][25140][INFO] [CMD:1025]{"token":"k39668bkfq94c7mpe851bf3pnb","acc":"wwLRSCVCyyTk"}
[2021-09-13 14:13:37.099][25140][INFO] [CMD:1021]{"token":"k39668bkfq94c7mpe851bf3pnb","acc":"wwLRSCVCyyTk"}
[2021-09-13 14:13:37.119][25140][INFO] [CMD:1028]{"token":"k39668bkfq94c7mpe851bf3pnb","acc":"wwLRSCVCyyTk"}
[2021-09-13 14:13:42.347][25140][INFO] [CMD:1011]{"token":"k39668bkfq94c7mpe851bf3pnb","acc":"wwLRSCVCyyTk"}
[2021-09-13 14:13:42.367][25140][INFO] [CMD:1023]{"token":"k39668bkfq94c7mpe851bf3pnb","acc":"wwLRSCVCyyTk"}
[2021-09-13 14:13:42.383][25140][INFO] [CMD:1001]{"token":"k39668bkfq94c7mpe851bf3pnb","acc":"wwLRSCVCyyTk"}
[2021-09-13 14:14:26.994][25140][INFO] [CMD:101][ACC:wwLRSCVCyyTk]
[2021-09-13 14:14:27.166][25140][INFO] [CMD:1025]{"token":"rgrt1po5rprq1v4fklovkkr4ko","acc":"wwLRSCVCyyTk"}
[2021-09-13 14:14:27.195][25140][INFO] [CMD:1028]{"token":"rgrt1po5rprq1v4fklovkkr4ko","acc":"wwLRSCVCyyTk"}
[2021-09-13 14:14:27.219][25140][INFO] [CMD:1021]{"token":"rgrt1po5rprq1v4fklovkkr4ko","acc":"wwLRSCVCyyTk"}
[2021-09-13 14:14:32.401][25140][INFO] [CMD:1011]{"token":"rgrt1po5rprq1v4fklovkkr4ko","acc":"wwLRSCVCyyTk"}
[2021-09-13 14:14:32.407][25140][INFO] [CMD:1023]{"token":"rgrt1po5rprq1v4fklovkkr4ko","acc":"wwLRSCVCyyTk"}
[2021-09-13 14:14:32.424][25140][INFO] [CMD:1001]{"token":"rgrt1po5rprq1v4fklovkkr4ko","acc":"wwLRSCVCyyTk"}
[2021-09-13 14:14:44.479][25140][INFO] [CMD:1008]{"token":"rgrt1po5rprq1v4fklovkkr4ko","acc":"wwLRSCVCyyTk","creaftId":29,"count":1}
[2021-09-13 14:14:44.718][25140][INFO] [CMD:1001]{"token":"rgrt1po5rprq1v4fklovkkr4ko","acc":"wwLRSCVCyyTk"}
[2021-09-13 14:14:46.763][25140][INFO] [CMD:1001]{"token":"rgrt1po5rprq1v4fklovkkr4ko","acc":"wwLRSCVCyyTk"}
[2021-09-13 14:14:46.764][25140][INFO] [CMD:1011]{"token":"rgrt1po5rprq1v4fklovkkr4ko","acc":"wwLRSCVCyyTk"}
[2021-09-13 14:14:50.151][25140][INFO] [CMD:1007]{"token":"rgrt1po5rprq1v4fklovkkr4ko","acc":"wwLRSCVCyyTk","guid":362,"site":5}
[2021-09-13 14:17:24.902][25140][INFO] [CMD:101][ACC:wwLRSCVCyyTk]
[2021-09-13 14:17:25.040][25140][INFO] [CMD:1025]{"token":"sj80b8mgfpn4ubdteutg0feu6f","acc":"wwLRSCVCyyTk"}
[2021-09-13 14:17:25.054][25140][INFO] [CMD:1028]{"token":"sj80b8mgfpn4ubdteutg0feu6f","acc":"wwLRSCVCyyTk"}
[2021-09-13 14:17:25.058][25140][INFO] [CMD:1021]{"token":"sj80b8mgfpn4ubdteutg0feu6f","acc":"wwLRSCVCyyTk"}
[2021-09-13 14:17:31.180][25140][INFO] [CMD:1001]{"token":"sj80b8mgfpn4ubdteutg0feu6f","acc":"wwLRSCVCyyTk"}
[2021-09-13 14:17:31.181][25140][INFO] [CMD:1023]{"token":"sj80b8mgfpn4ubdteutg0feu6f","acc":"wwLRSCVCyyTk"}
[2021-09-13 14:17:31.189][25140][INFO] [CMD:1011]{"token":"sj80b8mgfpn4ubdteutg0feu6f","acc":"wwLRSCVCyyTk"}
[2021-09-13 14:18:35.661][25140][INFO] [CMD:101][ACC:wwLRSCVCyyTk]
[2021-09-13 14:18:35.807][25140][INFO] [CMD:1025]{"token":"j190ivrpmgj30l4v7v9q0i3mk4","acc":"wwLRSCVCyyTk"}
[2021-09-13 14:18:35.824][25140][INFO] [CMD:1021]{"token":"j190ivrpmgj30l4v7v9q0i3mk4","acc":"wwLRSCVCyyTk"}
[2021-09-13 14:18:35.827][25140][INFO] [CMD:1028]{"token":"j190ivrpmgj30l4v7v9q0i3mk4","acc":"wwLRSCVCyyTk"}
[2021-09-13 14:18:41.035][25140][INFO] [CMD:1001]{"token":"j190ivrpmgj30l4v7v9q0i3mk4","acc":"wwLRSCVCyyTk"}
[2021-09-13 14:18:41.036][25140][INFO] [CMD:1023]{"token":"j190ivrpmgj30l4v7v9q0i3mk4","acc":"wwLRSCVCyyTk"}
[2021-09-13 14:18:41.039][25140][INFO] [CMD:1011]{"token":"j190ivrpmgj30l4v7v9q0i3mk4","acc":"wwLRSCVCyyTk"}
[2021-09-13 14:20:14.777][25140][INFO] [CMD:101][ACC:wwLRSCVCyyTk]
[2021-09-13 14:20:15.017][25140][INFO] [CMD:1025]{"token":"ui9s5edl7i7o51ee1bsfefdhcq","acc":"wwLRSCVCyyTk"}
[2021-09-13 14:20:15.025][25140][INFO] [CMD:1021]{"token":"ui9s5edl7i7o51ee1bsfefdhcq","acc":"wwLRSCVCyyTk"}
[2021-09-13 14:20:15.026][25140][INFO] [CMD:1028]{"token":"ui9s5edl7i7o51ee1bsfefdhcq","acc":"wwLRSCVCyyTk"}
[2021-09-13 14:20:20.304][25140][INFO] [CMD:1001]{"token":"ui9s5edl7i7o51ee1bsfefdhcq","acc":"wwLRSCVCyyTk"}
[2021-09-13 14:20:20.311][25140][INFO] [CMD:1023]{"token":"ui9s5edl7i7o51ee1bsfefdhcq","acc":"wwLRSCVCyyTk"}
[2021-09-13 14:20:20.317][25140][INFO] [CMD:1011]{"token":"ui9s5edl7i7o51ee1bsfefdhcq","acc":"wwLRSCVCyyTk"}
[2021-09-13 14:20:23.656][25140][INFO] [CMD:1001]{"token":"ui9s5edl7i7o51ee1bsfefdhcq","acc":"wwLRSCVCyyTk"}
[2021-09-13 14:20:23.659][25140][INFO] [CMD:1011]{"token":"ui9s5edl7i7o51ee1bsfefdhcq","acc":"wwLRSCVCyyTk"}
[2021-09-13 14:20:33.119][25140][INFO] [CMD:1002]{"token":"ui9s5edl7i7o51ee1bsfefdhcq","acc":"wwLRSCVCyyTk","guid":362,"count":1}
[2021-09-13 14:24:37.616][25140][INFO] [CMD:101][ACC:wwLRSCVCyyTk]
[2021-09-13 14:24:37.772][25140][INFO] [CMD:1025]{"token":"n2kssjfpbro4cr3nv555ptu94d","acc":"wwLRSCVCyyTk"}
[2021-09-13 14:24:37.782][25140][INFO] [CMD:1028]{"token":"n2kssjfpbro4cr3nv555ptu94d","acc":"wwLRSCVCyyTk"}
[2021-09-13 14:24:37.784][25140][INFO] [CMD:1021]{"token":"n2kssjfpbro4cr3nv555ptu94d","acc":"wwLRSCVCyyTk"}
[2021-09-13 14:24:43.024][25140][INFO] [CMD:1023]{"token":"n2kssjfpbro4cr3nv555ptu94d","acc":"wwLRSCVCyyTk"}
[2021-09-13 14:24:43.041][25140][INFO] [CMD:1001]{"token":"n2kssjfpbro4cr3nv555ptu94d","acc":"wwLRSCVCyyTk"}
[2021-09-13 14:24:43.054][25140][INFO] [CMD:1011]{"token":"n2kssjfpbro4cr3nv555ptu94d","acc":"wwLRSCVCyyTk"}
[2021-09-13 14:24:48.865][25140][INFO] [CMD:1008]{"token":"n2kssjfpbro4cr3nv555ptu94d","acc":"wwLRSCVCyyTk","creaftId":29,"count":1}
[2021-09-13 14:24:49.063][25140][INFO] [CMD:1001]{"token":"n2kssjfpbro4cr3nv555ptu94d","acc":"wwLRSCVCyyTk"}
[2021-09-13 14:24:50.527][25140][INFO] [CMD:1001]{"token":"n2kssjfpbro4cr3nv555ptu94d","acc":"wwLRSCVCyyTk"}
[2021-09-13 14:24:50.543][25140][INFO] [CMD:1011]{"token":"n2kssjfpbro4cr3nv555ptu94d","acc":"wwLRSCVCyyTk"}
[2021-09-13 14:24:53.982][25140][INFO] [CMD:1007]{"token":"n2kssjfpbro4cr3nv555ptu94d","acc":"wwLRSCVCyyTk","guid":362,"site":5}
[2021-09-13 14:25:03.263][25140][INFO] [CMD:1002]{"token":"n2kssjfpbro4cr3nv555ptu94d","acc":"wwLRSCVCyyTk","guid":362,"count":1}
[2021-09-13 14:25:22.806][25140][INFO] [CMD:1004]{"token":"n2kssjfpbro4cr3nv555ptu94d","acc":"wwLRSCVCyyTk","itemId":3003,"count":1}
[2021-09-13 14:25:26.962][25140][INFO] [CMD:1001]{"token":"n2kssjfpbro4cr3nv555ptu94d","acc":"wwLRSCVCyyTk"}
[2021-09-13 14:25:26.964][25140][INFO] [CMD:1011]{"token":"n2kssjfpbro4cr3nv555ptu94d","acc":"wwLRSCVCyyTk"}
[2021-09-13 14:25:30.328][25140][INFO] [CMD:1007]{"token":"n2kssjfpbro4cr3nv555ptu94d","acc":"wwLRSCVCyyTk","guid":362,"site":5}
[2021-09-13 14:25:32.875][25140][INFO] [CMD:1002]{"token":"n2kssjfpbro4cr3nv555ptu94d","acc":"wwLRSCVCyyTk","guid":362,"count":1}
[2021-09-13 14:25:34.906][25140][INFO] [CMD:1004]{"token":"n2kssjfpbro4cr3nv555ptu94d","acc":"wwLRSCVCyyTk","itemId":3003,"count":1}
[2021-09-13 14:25:35.762][25140][INFO] [CMD:1001]{"token":"n2kssjfpbro4cr3nv555ptu94d","acc":"wwLRSCVCyyTk"}
[2021-09-13 14:25:35.778][25140][INFO] [CMD:1011]{"token":"n2kssjfpbro4cr3nv555ptu94d","acc":"wwLRSCVCyyTk"}
[2021-09-13 14:25:36.949][25140][INFO] [CMD:1007]{"token":"n2kssjfpbro4cr3nv555ptu94d","acc":"wwLRSCVCyyTk","guid":362,"site":5}
[2021-09-13 14:25:40.808][25140][INFO] [CMD:1002]{"token":"n2kssjfpbro4cr3nv555ptu94d","acc":"wwLRSCVCyyTk","guid":362,"count":1}
[2021-09-13 14:27:05.137][25140][INFO] [CMD:1011]{"token":"n2kssjfpbro4cr3nv555ptu94d","acc":"wwLRSCVCyyTk"}
[2021-09-13 14:27:06.082][25140][INFO] [CMD:1001]{"token":"n2kssjfpbro4cr3nv555ptu94d","acc":"wwLRSCVCyyTk"}
[2021-09-13 14:27:15.781][25140][INFO] [CMD:1023]{"token":"n2kssjfpbro4cr3nv555ptu94d","acc":"wwLRSCVCyyTk"}
[2021-09-13 14:27:20.330][25140][INFO] [CMD:1019]{"token":"n2kssjfpbro4cr3nv555ptu94d","acc":"wwLRSCVCyyTk","page":1}
[2021-09-13 14:27:23.435][25140][INFO] [CMD:1011]{"token":"n2kssjfpbro4cr3nv555ptu94d","acc":"wwLRSCVCyyTk"}
[2021-09-13 14:27:25.735][25140][INFO] [CMD:1016]{"token":"n2kssjfpbro4cr3nv555ptu94d","acc":"wwLRSCVCyyTk","page":1,"nickName":"","sortType":0}
[2021-09-13 14:27:31.515][25140][INFO] [CMD:1001]{"token":"n2kssjfpbro4cr3nv555ptu94d","acc":"wwLRSCVCyyTk"}
[2021-09-13 14:27:31.519][25140][INFO] [CMD:1011]{"token":"n2kssjfpbro4cr3nv555ptu94d","acc":"wwLRSCVCyyTk"}
[2021-09-13 14:28:28.026][25140][INFO] [CMD:1011]{"token":"n2kssjfpbro4cr3nv555ptu94d","acc":"wwLRSCVCyyTk"}
[2021-09-13 14:28:28.026][25140][INFO] [CMD:1001]{"token":"n2kssjfpbro4cr3nv555ptu94d","acc":"wwLRSCVCyyTk"}
[2021-09-13 14:28:35.861][25140][INFO] [CMD:1011]{"token":"n2kssjfpbro4cr3nv555ptu94d","acc":"wwLRSCVCyyTk"}
[2021-09-13 14:29:50.816][25140][INFO] [CMD:1001]{"token":"n2kssjfpbro4cr3nv555ptu94d","acc":"wwLRSCVCyyTk"}
[2021-09-13 14:29:50.827][25140][INFO] [CMD:1011]{"token":"n2kssjfpbro4cr3nv555ptu94d","acc":"wwLRSCVCyyTk"}
[2021-09-13 17:47:28.301][25140][INFO] [CMD:101][ACC:wwLRSCVCyyTk]
[2021-09-13 17:47:28.445][25140][INFO] [CMD:1021]{"token":"lchoioerjakbo9hsv0lh2b77t0","acc":"wwLRSCVCyyTk"}
[2021-09-13 17:47:28.446][25140][INFO] [CMD:1028]{"token":"lchoioerjakbo9hsv0lh2b77t0","acc":"wwLRSCVCyyTk"}
[2021-09-13 17:47:28.453][25140][INFO] [CMD:1025]{"token":"lchoioerjakbo9hsv0lh2b77t0","acc":"wwLRSCVCyyTk"}
[2021-09-13 17:47:33.523][25140][INFO] [CMD:1001]{"token":"lchoioerjakbo9hsv0lh2b77t0","acc":"wwLRSCVCyyTk"}
[2021-09-13 17:47:33.527][25140][INFO] [CMD:1023]{"token":"lchoioerjakbo9hsv0lh2b77t0","acc":"wwLRSCVCyyTk"}
[2021-09-13 17:47:33.547][25140][INFO] [CMD:1011]{"token":"lchoioerjakbo9hsv0lh2b77t0","acc":"wwLRSCVCyyTk"}
[2021-09-13 17:48:01.119][25140][INFO] [CMD:101][ACC:wwLRSCVCyyTk]
[2021-09-13 17:48:01.253][25140][INFO] [CMD:1025]{"token":"psi1887mbh7nktfnc8ms4li6bt","acc":"wwLRSCVCyyTk"}
[2021-09-13 17:48:01.294][25140][INFO] [CMD:1028]{"token":"psi1887mbh7nktfnc8ms4li6bt","acc":"wwLRSCVCyyTk"}
[2021-09-13 17:48:01.294][25140][INFO] [CMD:1021]{"token":"psi1887mbh7nktfnc8ms4li6bt","acc":"wwLRSCVCyyTk"}
[2021-09-13 17:48:06.321][25140][INFO] [CMD:1001]{"token":"psi1887mbh7nktfnc8ms4li6bt","acc":"wwLRSCVCyyTk"}
[2021-09-13 17:48:06.323][25140][INFO] [CMD:1011]{"token":"psi1887mbh7nktfnc8ms4li6bt","acc":"wwLRSCVCyyTk"}
[2021-09-13 17:48:06.330][25140][INFO] [CMD:1023]{"token":"psi1887mbh7nktfnc8ms4li6bt","acc":"wwLRSCVCyyTk"}
[2021-09-13 17:48:10.351][25140][INFO] [CMD:1044]{"token":"psi1887mbh7nktfnc8ms4li6bt","acc":"wwLRSCVCyyTk"}
[2021-09-13 17:49:40.215][25140][INFO] [CMD:101][ACC:wwLRSCVCyyTk]
[2021-09-13 17:49:40.343][25140][INFO] [CMD:1025]{"token":"83bupp7b3d4dai1mns6h84ns97","acc":"wwLRSCVCyyTk"}
[2021-09-13 17:49:40.357][25140][INFO] [CMD:1021]{"token":"83bupp7b3d4dai1mns6h84ns97","acc":"wwLRSCVCyyTk"}
[2021-09-13 17:49:40.378][25140][INFO] [CMD:1028]{"token":"83bupp7b3d4dai1mns6h84ns97","acc":"wwLRSCVCyyTk"}
[2021-09-13 17:49:45.371][25140][INFO] [CMD:1011]{"token":"83bupp7b3d4dai1mns6h84ns97","acc":"wwLRSCVCyyTk"}
[2021-09-13 17:49:45.386][25140][INFO] [CMD:1023]{"token":"83bupp7b3d4dai1mns6h84ns97","acc":"wwLRSCVCyyTk"}
[2021-09-13 17:49:45.387][25140][INFO] [CMD:1001]{"token":"83bupp7b3d4dai1mns6h84ns97","acc":"wwLRSCVCyyTk"}
[2021-09-13 17:49:47.521][25140][INFO] [CMD:1044]{"token":"83bupp7b3d4dai1mns6h84ns97","acc":"wwLRSCVCyyTk"}
[2021-09-13 17:50:09.664][25140][INFO] [CMD:101][ACC:wwLRSCVCyyTk]
[2021-09-13 17:50:10.236][25140][INFO] [CMD:1025]{"token":"47ctv2o7kasfa8h5ljn84auccv","acc":"wwLRSCVCyyTk"}
[2021-09-13 17:50:10.247][25140][INFO] [CMD:1028]{"token":"47ctv2o7kasfa8h5ljn84auccv","acc":"wwLRSCVCyyTk"}
[2021-09-13 17:50:10.261][25140][INFO] [CMD:1021]{"token":"47ctv2o7kasfa8h5ljn84auccv","acc":"wwLRSCVCyyTk"}
[2021-09-13 17:50:15.722][25140][INFO] [CMD:1023]{"token":"47ctv2o7kasfa8h5ljn84auccv","acc":"wwLRSCVCyyTk"}
[2021-09-13 17:50:15.736][25140][INFO] [CMD:1011]{"token":"47ctv2o7kasfa8h5ljn84auccv","acc":"wwLRSCVCyyTk"}
[2021-09-13 17:50:15.739][25140][INFO] [CMD:1001]{"token":"47ctv2o7kasfa8h5ljn84auccv","acc":"wwLRSCVCyyTk"}
[2021-09-13 17:50:30.813][25140][INFO] [CMD:1044]{"token":"47ctv2o7kasfa8h5ljn84auccv","acc":"wwLRSCVCyyTk"}
[2021-09-13 17:51:23.753][25140][INFO] [CMD:101][ACC:wwLRSCVCyyTk]
[2021-09-13 17:51:24.325][25140][INFO] [CMD:1021]{"token":"gnfss5ela8oolv3p72qjthp5io","acc":"wwLRSCVCyyTk"}
[2021-09-13 17:51:24.327][25140][INFO] [CMD:1028]{"token":"gnfss5ela8oolv3p72qjthp5io","acc":"wwLRSCVCyyTk"}
[2021-09-13 17:51:24.328][25140][INFO] [CMD:1025]{"token":"gnfss5ela8oolv3p72qjthp5io","acc":"wwLRSCVCyyTk"}
[2021-09-13 17:51:29.735][25140][INFO] [CMD:1023]{"token":"gnfss5ela8oolv3p72qjthp5io","acc":"wwLRSCVCyyTk"}
[2021-09-13 17:51:29.735][25140][INFO] [CMD:1001]{"token":"gnfss5ela8oolv3p72qjthp5io","acc":"wwLRSCVCyyTk"}
[2021-09-13 17:51:29.748][25140][INFO] [CMD:1011]{"token":"gnfss5ela8oolv3p72qjthp5io","acc":"wwLRSCVCyyTk"}
[2021-09-13 17:51:32.051][25140][INFO] [CMD:1044]{"token":"gnfss5ela8oolv3p72qjthp5io","acc":"wwLRSCVCyyTk"}
[2021-09-13 17:51:54.586][25140][INFO] [CMD:101][ACC:wwLRSCVCyyTk]
[2021-09-13 17:51:56.690][25140][INFO] [CMD:1028]{"token":"jloc6uu3jn2nur6ihp255u02dc","acc":"wwLRSCVCyyTk"}
[2021-09-13 17:51:56.690][25140][INFO] [CMD:1025]{"token":"jloc6uu3jn2nur6ihp255u02dc","acc":"wwLRSCVCyyTk"}
[2021-09-13 17:51:56.707][25140][INFO] [CMD:1021]{"token":"jloc6uu3jn2nur6ihp255u02dc","acc":"wwLRSCVCyyTk"}
[2021-09-13 17:52:26.466][25140][INFO] [CMD:101][ACC:wwLRSCVCyyTk]
[2021-09-13 17:52:26.609][25140][INFO] [CMD:1021]{"token":"kimt2gmni6rkvbjrsvtnokiop9","acc":"wwLRSCVCyyTk"}
[2021-09-13 17:52:26.614][25140][INFO] [CMD:1025]{"token":"kimt2gmni6rkvbjrsvtnokiop9","acc":"wwLRSCVCyyTk"}
[2021-09-13 17:52:26.630][25140][INFO] [CMD:1028]{"token":"kimt2gmni6rkvbjrsvtnokiop9","acc":"wwLRSCVCyyTk"}
[2021-09-13 17:52:31.741][25140][INFO] [CMD:1023]{"token":"kimt2gmni6rkvbjrsvtnokiop9","acc":"wwLRSCVCyyTk"}
[2021-09-13 17:52:31.749][25140][INFO] [CMD:1001]{"token":"kimt2gmni6rkvbjrsvtnokiop9","acc":"wwLRSCVCyyTk"}
[2021-09-13 17:52:31.754][25140][INFO] [CMD:1011]{"token":"kimt2gmni6rkvbjrsvtnokiop9","acc":"wwLRSCVCyyTk"}
[2021-09-13 17:52:35.052][25140][INFO] [CMD:1044]{"token":"kimt2gmni6rkvbjrsvtnokiop9","acc":"wwLRSCVCyyTk"}
[2021-09-13 17:52:51.118][25140][INFO] [CMD:1044]{"token":"kimt2gmni6rkvbjrsvtnokiop9","acc":"wwLRSCVCyyTk"}
[2021-09-13 17:55:29.016][25140][INFO] [CMD:101][ACC:wwLRSCVCyyTk]
[2021-09-13 17:55:29.157][25140][INFO] [CMD:1025]{"token":"6s4bsr6hl928hc98a3kg1s8c8r","acc":"wwLRSCVCyyTk"}
[2021-09-13 17:55:29.173][25140][INFO] [CMD:1028]{"token":"6s4bsr6hl928hc98a3kg1s8c8r","acc":"wwLRSCVCyyTk"}
[2021-09-13 17:55:29.202][25140][INFO] [CMD:1021]{"token":"6s4bsr6hl928hc98a3kg1s8c8r","acc":"wwLRSCVCyyTk"}
[2021-09-13 17:55:34.167][25140][INFO] [CMD:1001]{"token":"6s4bsr6hl928hc98a3kg1s8c8r","acc":"wwLRSCVCyyTk"}
[2021-09-13 17:55:34.175][25140][INFO] [CMD:1023]{"token":"6s4bsr6hl928hc98a3kg1s8c8r","acc":"wwLRSCVCyyTk"}
[2021-09-13 17:55:34.176][25140][INFO] [CMD:1011]{"token":"6s4bsr6hl928hc98a3kg1s8c8r","acc":"wwLRSCVCyyTk"}
[2021-09-13 17:55:36.087][25140][INFO] [CMD:1044]{"token":"6s4bsr6hl928hc98a3kg1s8c8r","acc":"wwLRSCVCyyTk"}
[2021-09-13 17:56:21.134][25140][INFO] [CMD:101][ACC:wwLRSCVCyyTk]
[2021-09-13 17:56:21.287][25140][INFO] [CMD:1021]{"token":"8qcpg2c5b1toevb2gcds42g5k1","acc":"wwLRSCVCyyTk"}
[2021-09-13 17:56:21.317][25140][INFO] [CMD:1025]{"token":"8qcpg2c5b1toevb2gcds42g5k1","acc":"wwLRSCVCyyTk"}
[2021-09-13 17:56:21.334][25140][INFO] [CMD:1028]{"token":"8qcpg2c5b1toevb2gcds42g5k1","acc":"wwLRSCVCyyTk"}
[2021-09-13 17:56:26.237][25140][INFO] [CMD:1023]{"token":"8qcpg2c5b1toevb2gcds42g5k1","acc":"wwLRSCVCyyTk"}
[2021-09-13 17:56:26.238][25140][INFO] [CMD:1001]{"token":"8qcpg2c5b1toevb2gcds42g5k1","acc":"wwLRSCVCyyTk"}
[2021-09-13 17:56:26.241][25140][INFO] [CMD:1011]{"token":"8qcpg2c5b1toevb2gcds42g5k1","acc":"wwLRSCVCyyTk"}
[2021-09-13 17:58:08.181][25140][INFO] [CMD:1044]{"token":"8qcpg2c5b1toevb2gcds42g5k1","acc":"wwLRSCVCyyTk"}
[2021-09-13 17:58:20.971][25140][INFO] [CMD:101][ACC:wwLRSCVCyyTk]
[2021-09-13 17:58:21.112][25140][INFO] [CMD:1025]{"token":"1jm66mt22hkq7prrdmfg0tj326","acc":"wwLRSCVCyyTk"}
[2021-09-13 17:58:21.128][25140][INFO] [CMD:1021]{"token":"1jm66mt22hkq7prrdmfg0tj326","acc":"wwLRSCVCyyTk"}
[2021-09-13 17:58:21.143][25140][INFO] [CMD:1028]{"token":"1jm66mt22hkq7prrdmfg0tj326","acc":"wwLRSCVCyyTk"}
[2021-09-13 17:58:26.249][25140][INFO] [CMD:1001]{"token":"1jm66mt22hkq7prrdmfg0tj326","acc":"wwLRSCVCyyTk"}
[2021-09-13 17:58:26.249][25140][INFO] [CMD:1011]{"token":"1jm66mt22hkq7prrdmfg0tj326","acc":"wwLRSCVCyyTk"}
[2021-09-13 17:58:26.249][25140][INFO] [CMD:1023]{"token":"1jm66mt22hkq7prrdmfg0tj326","acc":"wwLRSCVCyyTk"}
[2021-09-13 17:58:46.829][25140][INFO] [CMD:1044]{"token":"1jm66mt22hkq7prrdmfg0tj326","acc":"wwLRSCVCyyTk"}
[2021-09-13 17:58:57.646][25140][INFO] [CMD:101][ACC:wwLRSCVCyyTk]
[2021-09-13 17:58:57.802][25140][INFO] [CMD:1025]{"token":"trihu8r6rq0nra4ks0qk0ctrqb","acc":"wwLRSCVCyyTk"}
[2021-09-13 17:58:57.831][25140][INFO] [CMD:1021]{"token":"trihu8r6rq0nra4ks0qk0ctrqb","acc":"wwLRSCVCyyTk"}
[2021-09-13 17:58:57.831][25140][INFO] [CMD:1028]{"token":"trihu8r6rq0nra4ks0qk0ctrqb","acc":"wwLRSCVCyyTk"}
[2021-09-13 17:59:03.436][25140][INFO] [CMD:1023]{"token":"trihu8r6rq0nra4ks0qk0ctrqb","acc":"wwLRSCVCyyTk"}
[2021-09-13 17:59:03.455][25140][INFO] [CMD:1011]{"token":"trihu8r6rq0nra4ks0qk0ctrqb","acc":"wwLRSCVCyyTk"}
[2021-09-13 17:59:03.455][25140][INFO] [CMD:1001]{"token":"trihu8r6rq0nra4ks0qk0ctrqb","acc":"wwLRSCVCyyTk"}
[2021-09-13 17:59:43.822][25140][INFO] [CMD:1044]{"token":"trihu8r6rq0nra4ks0qk0ctrqb","acc":"wwLRSCVCyyTk"}
[2021-09-13 18:00:24.946][25140][INFO] [CMD:1044]{"token":"trihu8r6rq0nra4ks0qk0ctrqb","acc":"wwLRSCVCyyTk"}
