[2021-08-31 13:12:48.693][33896][INFO] [CMD:101][ACC:MeX3Uq6I5zX7]
[2021-08-31 13:12:48.870][33896][INFO] [CMD:1025]{"token":"1hn95askrqat4mhittrarfdedf","acc":"MeX3Uq6I5zX7"}
[2021-08-31 13:12:48.873][33896][INFO] [CMD:1021]{"token":"1hn95askrqat4mhittrarfdedf","acc":"MeX3Uq6I5zX7"}
[2021-08-31 13:12:48.874][33896][INFO] [CMD:1028]{"token":"1hn95askrqat4mhittrarfdedf","acc":"MeX3Uq6I5zX7"}
[2021-08-31 13:12:53.008][33896][INFO] [CMD:1023]{"token":"1hn95askrqat4mhittrarfdedf","acc":"MeX3Uq6I5zX7"}
[2021-08-31 13:12:53.013][33896][INFO] [CMD:1011]{"token":"1hn95askrqat4mhittrarfdedf","acc":"MeX3Uq6I5zX7"}
[2021-08-31 13:12:53.029][33896][INFO] [CMD:1001]{"token":"1hn95askrqat4mhittrarfdedf","acc":"MeX3Uq6I5zX7"}
[2021-08-31 13:12:55.537][33896][INFO] [CMD:1011]{"token":"1hn95askrqat4mhittrarfdedf","acc":"MeX3Uq6I5zX7"}
[2021-08-31 13:12:57.341][33896][INFO] [CMD:1030]{"token":"1hn95askrqat4mhittrarfdedf","acc":"MeX3Uq6I5zX7","gachaId":1}
[2021-08-31 13:13:15.774][33896][INFO] [CMD:1042]{"token":"1hn95askrqat4mhittrarfdedf","acc":"MeX3Uq6I5zX7","gachaId":1}
[2021-08-31 13:13:37.453][33896][INFO] [CMD:1030]{"token":"1hn95askrqat4mhittrarfdedf","acc":"MeX3Uq6I5zX7","gachaId":1}
[2021-08-31 13:13:49.474][33896][INFO] [CMD:1042]{"token":"1hn95askrqat4mhittrarfdedf","acc":"MeX3Uq6I5zX7","gachaId":1}
[2021-08-31 13:15:00.400][33896][INFO] [CMD:1030]{"token":"1hn95askrqat4mhittrarfdedf","acc":"MeX3Uq6I5zX7","gachaId":1}
[2021-08-31 13:15:12.530][33896][INFO] [CMD:1042]{"token":"1hn95askrqat4mhittrarfdedf","acc":"MeX3Uq6I5zX7","gachaId":1}
[2021-08-31 13:15:27.294][33896][INFO] [CMD:1030]{"token":"1hn95askrqat4mhittrarfdedf","acc":"MeX3Uq6I5zX7","gachaId":1}
[2021-08-31 13:15:48.776][33896][INFO] [CMD:1042]{"token":"1hn95askrqat4mhittrarfdedf","acc":"MeX3Uq6I5zX7","gachaId":1}
[2021-08-31 13:16:56.851][33896][INFO] [CMD:101][ACC:MeX3Uq6I5zX7]
[2021-08-31 13:16:57.635][33896][INFO] [CMD:1025]{"token":"dp3ofitv9e8ftrr1habhu4hi2a","acc":"MeX3Uq6I5zX7"}
[2021-08-31 13:16:57.646][33896][INFO] [CMD:1021]{"token":"dp3ofitv9e8ftrr1habhu4hi2a","acc":"MeX3Uq6I5zX7"}
[2021-08-31 13:16:57.680][33896][INFO] [CMD:1028]{"token":"dp3ofitv9e8ftrr1habhu4hi2a","acc":"MeX3Uq6I5zX7"}
[2021-08-31 13:17:03.429][33896][INFO] [CMD:1011]{"token":"dp3ofitv9e8ftrr1habhu4hi2a","acc":"MeX3Uq6I5zX7"}
[2021-08-31 13:17:03.451][33896][INFO] [CMD:1023]{"token":"dp3ofitv9e8ftrr1habhu4hi2a","acc":"MeX3Uq6I5zX7"}
[2021-08-31 13:17:03.454][33896][INFO] [CMD:1001]{"token":"dp3ofitv9e8ftrr1habhu4hi2a","acc":"MeX3Uq6I5zX7"}
[2021-08-31 13:17:06.244][33896][INFO] [CMD:1011]{"token":"dp3ofitv9e8ftrr1habhu4hi2a","acc":"MeX3Uq6I5zX7"}
[2021-08-31 13:17:07.561][33896][INFO] [CMD:1030]{"token":"dp3ofitv9e8ftrr1habhu4hi2a","acc":"MeX3Uq6I5zX7","gachaId":1}
[2021-08-31 13:17:26.769][33896][INFO] [CMD:1042]{"token":"dp3ofitv9e8ftrr1habhu4hi2a","acc":"MeX3Uq6I5zX7","gachaId":1}
[2021-08-31 13:17:31.765][33896][INFO] [CMD:1042]{"token":"dp3ofitv9e8ftrr1habhu4hi2a","acc":"MeX3Uq6I5zX7","gachaId":1}
[2021-08-31 13:18:23.033][33896][INFO] [CMD:101][ACC:MeX3Uq6I5zX7]
[2021-08-31 13:18:23.269][33896][INFO] [CMD:1028]{"token":"5q0qf8k688ha06s81qg1uon02l","acc":"MeX3Uq6I5zX7"}
[2021-08-31 13:18:23.274][33896][INFO] [CMD:1025]{"token":"5q0qf8k688ha06s81qg1uon02l","acc":"MeX3Uq6I5zX7"}
[2021-08-31 13:18:23.283][33896][INFO] [CMD:1021]{"token":"5q0qf8k688ha06s81qg1uon02l","acc":"MeX3Uq6I5zX7"}
[2021-08-31 13:18:27.409][33896][INFO] [CMD:1001]{"token":"5q0qf8k688ha06s81qg1uon02l","acc":"MeX3Uq6I5zX7"}
[2021-08-31 13:18:27.433][33896][INFO] [CMD:1011]{"token":"5q0qf8k688ha06s81qg1uon02l","acc":"MeX3Uq6I5zX7"}
[2021-08-31 13:18:27.433][33896][INFO] [CMD:1023]{"token":"5q0qf8k688ha06s81qg1uon02l","acc":"MeX3Uq6I5zX7"}
[2021-08-31 13:18:29.743][33896][INFO] [CMD:1011]{"token":"5q0qf8k688ha06s81qg1uon02l","acc":"MeX3Uq6I5zX7"}
[2021-08-31 13:18:31.026][33896][INFO] [CMD:1030]{"token":"5q0qf8k688ha06s81qg1uon02l","acc":"MeX3Uq6I5zX7","gachaId":1}
[2021-08-31 13:18:47.740][33896][INFO] [CMD:1042]{"token":"5q0qf8k688ha06s81qg1uon02l","acc":"MeX3Uq6I5zX7","gachaId":1}
[2021-08-31 13:18:56.297][33896][INFO] [CMD:1042]{"token":"5q0qf8k688ha06s81qg1uon02l","acc":"MeX3Uq6I5zX7","gachaId":1}
[2021-08-31 13:19:19.674][33896][INFO] [CMD:1042]{"token":"5q0qf8k688ha06s81qg1uon02l","acc":"MeX3Uq6I5zX7","gachaId":1}
[2021-08-31 13:38:32.687][33896][INFO] [CMD:101][ACC:MeX3Uq6I5zX7]
[2021-08-31 13:38:32.857][33896][INFO] [CMD:1025]{"token":"jmufa5gu6i4oq5e9sjphcp6bvf","acc":"MeX3Uq6I5zX7"}
[2021-08-31 13:38:32.859][33896][INFO] [CMD:1028]{"token":"jmufa5gu6i4oq5e9sjphcp6bvf","acc":"MeX3Uq6I5zX7"}
[2021-08-31 13:38:32.877][33896][INFO] [CMD:1021]{"token":"jmufa5gu6i4oq5e9sjphcp6bvf","acc":"MeX3Uq6I5zX7"}
[2021-08-31 13:38:37.042][33896][INFO] [CMD:1023]{"token":"jmufa5gu6i4oq5e9sjphcp6bvf","acc":"MeX3Uq6I5zX7"}
[2021-08-31 13:38:37.053][33896][INFO] [CMD:1011]{"token":"jmufa5gu6i4oq5e9sjphcp6bvf","acc":"MeX3Uq6I5zX7"}
[2021-08-31 13:38:37.058][33896][INFO] [CMD:1001]{"token":"jmufa5gu6i4oq5e9sjphcp6bvf","acc":"MeX3Uq6I5zX7"}
[2021-08-31 13:38:39.793][33896][INFO] [CMD:1011]{"token":"jmufa5gu6i4oq5e9sjphcp6bvf","acc":"MeX3Uq6I5zX7"}
[2021-08-31 13:38:41.658][33896][INFO] [CMD:1030]{"token":"jmufa5gu6i4oq5e9sjphcp6bvf","acc":"MeX3Uq6I5zX7","gachaId":1}
[2021-08-31 13:38:58.158][33896][INFO] [CMD:1042]{"token":"jmufa5gu6i4oq5e9sjphcp6bvf","acc":"MeX3Uq6I5zX7","gachaId":1}
[2021-08-31 13:39:11.038][33896][INFO] [CMD:1042]{"token":"jmufa5gu6i4oq5e9sjphcp6bvf","acc":"MeX3Uq6I5zX7","gachaId":1}
[2021-08-31 13:39:19.749][33896][INFO] [CMD:1042]{"token":"jmufa5gu6i4oq5e9sjphcp6bvf","acc":"MeX3Uq6I5zX7","gachaId":1}
[2021-08-31 13:39:28.103][33896][INFO] [CMD:1042]{"token":"jmufa5gu6i4oq5e9sjphcp6bvf","acc":"MeX3Uq6I5zX7","gachaId":1}
[2021-08-31 13:39:41.016][33896][INFO] [CMD:101][ACC:MeX3Uq6I5zX7]
[2021-08-31 13:39:41.180][33896][INFO] [CMD:1021]{"token":"n8mv2v2dhfohakogo2aqiscjms","acc":"MeX3Uq6I5zX7"}
[2021-08-31 13:39:41.196][33896][INFO] [CMD:1025]{"token":"n8mv2v2dhfohakogo2aqiscjms","acc":"MeX3Uq6I5zX7"}
[2021-08-31 13:39:41.212][33896][INFO] [CMD:1028]{"token":"n8mv2v2dhfohakogo2aqiscjms","acc":"MeX3Uq6I5zX7"}
[2021-08-31 13:39:45.369][33896][INFO] [CMD:1023]{"token":"n8mv2v2dhfohakogo2aqiscjms","acc":"MeX3Uq6I5zX7"}
[2021-08-31 13:39:45.369][33896][INFO] [CMD:1001]{"token":"n8mv2v2dhfohakogo2aqiscjms","acc":"MeX3Uq6I5zX7"}
[2021-08-31 13:39:45.370][33896][INFO] [CMD:1011]{"token":"n8mv2v2dhfohakogo2aqiscjms","acc":"MeX3Uq6I5zX7"}
[2021-08-31 13:43:54.475][33896][INFO] [CMD:1011]{"token":"n8mv2v2dhfohakogo2aqiscjms","acc":"MeX3Uq6I5zX7"}
[2021-08-31 13:45:12.047][33896][INFO] [CMD:1011]{"token":"n8mv2v2dhfohakogo2aqiscjms","acc":"MeX3Uq6I5zX7"}
[2021-08-31 13:46:40.691][33896][INFO] [CMD:1010]{"token":"n8mv2v2dhfohakogo2aqiscjms","acc":"MeX3Uq6I5zX7","shopId":101}
[2021-08-31 13:46:40.906][33896][INFO] [CMD:1001]{"token":"n8mv2v2dhfohakogo2aqiscjms","acc":"MeX3Uq6I5zX7"}
[2021-08-31 13:46:40.909][33896][INFO] [CMD:1011]{"token":"n8mv2v2dhfohakogo2aqiscjms","acc":"MeX3Uq6I5zX7"}
[2021-08-31 13:49:44.734][33896][INFO] [CMD:101][ACC:MeX3Uq6I5zX7]
[2021-08-31 13:49:44.868][33896][INFO] [CMD:1025]{"token":"l3mhgt4p4kurd7o02rkliku57m","acc":"MeX3Uq6I5zX7"}
[2021-08-31 13:49:44.875][33896][INFO] [CMD:1028]{"token":"l3mhgt4p4kurd7o02rkliku57m","acc":"MeX3Uq6I5zX7"}
[2021-08-31 13:49:44.878][33896][INFO] [CMD:1021]{"token":"l3mhgt4p4kurd7o02rkliku57m","acc":"MeX3Uq6I5zX7"}
[2021-08-31 13:50:19.059][33896][INFO] [CMD:101][ACC:MeX3Uq6I5zX7]
[2021-08-31 13:50:19.208][33896][INFO] [CMD:1021]{"token":"r9ip0524gm98eb8ji9l6okvfi2","acc":"MeX3Uq6I5zX7"}
[2021-08-31 13:50:19.221][33896][INFO] [CMD:1028]{"token":"r9ip0524gm98eb8ji9l6okvfi2","acc":"MeX3Uq6I5zX7"}
[2021-08-31 13:50:19.224][33896][INFO] [CMD:1025]{"token":"r9ip0524gm98eb8ji9l6okvfi2","acc":"MeX3Uq6I5zX7"}
[2021-08-31 13:51:12.183][33896][INFO] [CMD:1001]{"token":"r9ip0524gm98eb8ji9l6okvfi2","acc":"MeX3Uq6I5zX7"}
[2021-08-31 13:51:12.184][33896][INFO] [CMD:1011]{"token":"r9ip0524gm98eb8ji9l6okvfi2","acc":"MeX3Uq6I5zX7"}
[2021-08-31 13:51:12.194][33896][INFO] [CMD:1023]{"token":"r9ip0524gm98eb8ji9l6okvfi2","acc":"MeX3Uq6I5zX7"}
[2021-08-31 13:51:14.605][33896][INFO] [CMD:1011]{"token":"r9ip0524gm98eb8ji9l6okvfi2","acc":"MeX3Uq6I5zX7"}
[2021-08-31 14:01:12.740][33896][INFO] [CMD:101][ACC:MeX3Uq6I5zX7]
[2021-08-31 14:01:12.895][33896][INFO] [CMD:1025]{"token":"dl9alv1j1dad6jki6pv8j5hg9c","acc":"MeX3Uq6I5zX7"}
[2021-08-31 14:01:12.912][33896][INFO] [CMD:1028]{"token":"dl9alv1j1dad6jki6pv8j5hg9c","acc":"MeX3Uq6I5zX7"}
[2021-08-31 14:01:12.915][33896][INFO] [CMD:1021]{"token":"dl9alv1j1dad6jki6pv8j5hg9c","acc":"MeX3Uq6I5zX7"}
[2021-08-31 14:01:16.848][33896][INFO] [CMD:1023]{"token":"dl9alv1j1dad6jki6pv8j5hg9c","acc":"MeX3Uq6I5zX7"}
[2021-08-31 14:01:16.855][33896][INFO] [CMD:1001]{"token":"dl9alv1j1dad6jki6pv8j5hg9c","acc":"MeX3Uq6I5zX7"}
[2021-08-31 14:01:16.860][33896][INFO] [CMD:1011]{"token":"dl9alv1j1dad6jki6pv8j5hg9c","acc":"MeX3Uq6I5zX7"}
[2021-08-31 14:01:21.446][33896][INFO] [CMD:1011]{"token":"dl9alv1j1dad6jki6pv8j5hg9c","acc":"MeX3Uq6I5zX7"}
[2021-08-31 14:03:10.385][33896][INFO] [CMD:9000]{"token":"dl9alv1j1dad6jki6pv8j5hg9c","acc":"MeX3Uq6I5zX7","productId":"craftstory_120","transactionId":"0e5527c3-c2e9-423d-ad71-6a3aedeb9183"}
[2021-08-31 14:03:10.494][33896][INFO] [CMD:1011]{"token":"dl9alv1j1dad6jki6pv8j5hg9c","acc":"MeX3Uq6I5zX7"}
[2021-08-31 14:05:16.634][33896][INFO] [CMD:1030]{"token":"dl9alv1j1dad6jki6pv8j5hg9c","acc":"MeX3Uq6I5zX7","gachaId":1}
[2021-08-31 14:14:21.502][33896][INFO] [CMD:1042]{"token":"dl9alv1j1dad6jki6pv8j5hg9c","acc":"MeX3Uq6I5zX7","gachaId":1}
[2021-08-31 14:15:30.115][33896][INFO] [CMD:101][ACC:MeX3Uq6I5zX7]
[2021-08-31 14:15:30.263][33896][INFO] [CMD:1021]{"token":"l3m01n865jsqr3b0ergr3p069p","acc":"MeX3Uq6I5zX7"}
[2021-08-31 14:15:30.277][33896][INFO] [CMD:1025]{"token":"l3m01n865jsqr3b0ergr3p069p","acc":"MeX3Uq6I5zX7"}
[2021-08-31 14:15:30.286][33896][INFO] [CMD:1028]{"token":"l3m01n865jsqr3b0ergr3p069p","acc":"MeX3Uq6I5zX7"}
[2021-08-31 14:15:34.341][33896][INFO] [CMD:1001]{"token":"l3m01n865jsqr3b0ergr3p069p","acc":"MeX3Uq6I5zX7"}
[2021-08-31 14:15:34.350][33896][INFO] [CMD:1023]{"token":"l3m01n865jsqr3b0ergr3p069p","acc":"MeX3Uq6I5zX7"}
[2021-08-31 14:15:34.350][33896][INFO] [CMD:1011]{"token":"l3m01n865jsqr3b0ergr3p069p","acc":"MeX3Uq6I5zX7"}
[2021-08-31 14:15:36.757][33896][INFO] [CMD:1011]{"token":"l3m01n865jsqr3b0ergr3p069p","acc":"MeX3Uq6I5zX7"}
[2021-08-31 14:15:41.157][33896][INFO] [CMD:9000]{"token":"l3m01n865jsqr3b0ergr3p069p","acc":"MeX3Uq6I5zX7","productId":"craftstory_980","transactionId":"fce9d2ad-93b7-4498-b235-c33ea9270664"}
[2021-08-31 14:15:41.292][33896][INFO] [CMD:1011]{"token":"l3m01n865jsqr3b0ergr3p069p","acc":"MeX3Uq6I5zX7"}
[2021-08-31 14:15:45.528][33896][INFO] [CMD:1030]{"token":"l3m01n865jsqr3b0ergr3p069p","acc":"MeX3Uq6I5zX7","gachaId":1}
[2021-08-31 14:16:04.889][33896][INFO] [CMD:1042]{"token":"l3m01n865jsqr3b0ergr3p069p","acc":"MeX3Uq6I5zX7","gachaId":1}
[2021-08-31 16:49:41.199][33896][INFO] [CMD:101][ACC:MeX3Uq6I5zX7]
[2021-08-31 16:49:41.556][33896][INFO] [CMD:1025]{"token":"l2s2n7fpq4m0m9forr22gil49s","acc":"MeX3Uq6I5zX7"}
[2021-08-31 16:49:41.588][33896][INFO] [CMD:1028]{"token":"l2s2n7fpq4m0m9forr22gil49s","acc":"MeX3Uq6I5zX7"}
[2021-08-31 16:49:41.589][33896][INFO] [CMD:1021]{"token":"l2s2n7fpq4m0m9forr22gil49s","acc":"MeX3Uq6I5zX7"}
[2021-08-31 16:49:45.758][33896][INFO] [CMD:1011]{"token":"l2s2n7fpq4m0m9forr22gil49s","acc":"MeX3Uq6I5zX7"}
[2021-08-31 16:49:45.759][33896][INFO] [CMD:1001]{"token":"l2s2n7fpq4m0m9forr22gil49s","acc":"MeX3Uq6I5zX7"}
[2021-08-31 16:49:45.770][33896][INFO] [CMD:1023]{"token":"l2s2n7fpq4m0m9forr22gil49s","acc":"MeX3Uq6I5zX7"}
[2021-08-31 16:49:51.567][33896][INFO] [CMD:1041]{"token":"l2s2n7fpq4m0m9forr22gil49s","acc":"MeX3Uq6I5zX7","point":1000,"email":"123@aaa.com"}
[2021-08-31 16:51:02.383][33896][INFO] [CMD:1041]{"token":"l2s2n7fpq4m0m9forr22gil49s","acc":"MeX3Uq6I5zX7","point":1000,"email":"123@aaa.com"}
[2021-08-31 16:52:55.949][33896][INFO] [CMD:1041]{"token":"l2s2n7fpq4m0m9forr22gil49s","acc":"MeX3Uq6I5zX7","point":1000,"email":"123@aaa.com"}
[2021-08-31 17:13:29.914][33896][INFO] [CMD:101][ACC:MeX3Uq6I5zX7]
[2021-08-31 17:13:30.092][33896][INFO] [CMD:1025]{"token":"3i4t2ojj6079b4nv3f1nurcd17","acc":"MeX3Uq6I5zX7"}
[2021-08-31 17:13:30.115][33896][INFO] [CMD:1021]{"token":"3i4t2ojj6079b4nv3f1nurcd17","acc":"MeX3Uq6I5zX7"}
[2021-08-31 17:13:30.116][33896][INFO] [CMD:1028]{"token":"3i4t2ojj6079b4nv3f1nurcd17","acc":"MeX3Uq6I5zX7"}
[2021-08-31 17:13:36.103][33896][INFO] [CMD:1023]{"token":"3i4t2ojj6079b4nv3f1nurcd17","acc":"MeX3Uq6I5zX7"}
[2021-08-31 17:13:36.127][33896][INFO] [CMD:1011]{"token":"3i4t2ojj6079b4nv3f1nurcd17","acc":"MeX3Uq6I5zX7"}
[2021-08-31 17:13:36.139][33896][INFO] [CMD:1001]{"token":"3i4t2ojj6079b4nv3f1nurcd17","acc":"MeX3Uq6I5zX7"}
[2021-08-31 17:13:40.544][33896][INFO] [CMD:1041]{"token":"3i4t2ojj6079b4nv3f1nurcd17","acc":"MeX3Uq6I5zX7","point":1000,"email":"123@aaa.com"}
[2021-08-31 17:13:51.608][33896][INFO] [CMD:1041]{"token":"3i4t2ojj6079b4nv3f1nurcd17","acc":"MeX3Uq6I5zX7","point":1000,"email":"123@aaa.com"}
[2021-08-31 17:17:17.063][33896][INFO] [CMD:101][ACC:MeX3Uq6I5zX7]
[2021-08-31 17:17:17.484][33896][INFO] [CMD:1025]{"token":"2ktuph8dkvhi0ndf59ecl8sldl","acc":"MeX3Uq6I5zX7"}
[2021-08-31 17:17:17.496][33896][INFO] [CMD:1028]{"token":"2ktuph8dkvhi0ndf59ecl8sldl","acc":"MeX3Uq6I5zX7"}
[2021-08-31 17:17:17.512][33896][INFO] [CMD:1021]{"token":"2ktuph8dkvhi0ndf59ecl8sldl","acc":"MeX3Uq6I5zX7"}
[2021-08-31 17:17:21.720][33896][INFO] [CMD:1011]{"token":"2ktuph8dkvhi0ndf59ecl8sldl","acc":"MeX3Uq6I5zX7"}
[2021-08-31 17:17:21.725][33896][INFO] [CMD:1001]{"token":"2ktuph8dkvhi0ndf59ecl8sldl","acc":"MeX3Uq6I5zX7"}
[2021-08-31 17:17:21.731][33896][INFO] [CMD:1023]{"token":"2ktuph8dkvhi0ndf59ecl8sldl","acc":"MeX3Uq6I5zX7"}
[2021-08-31 17:17:25.724][33896][INFO] [CMD:1041]{"token":"2ktuph8dkvhi0ndf59ecl8sldl","acc":"MeX3Uq6I5zX7","point":1000,"email":"123@aaa.com"}
[2021-08-31 17:18:09.158][33896][INFO] [CMD:101][ACC:MeX3Uq6I5zX7]
[2021-08-31 17:18:09.531][33896][INFO] [CMD:1021]{"token":"rssesoccr5dlblgq3ter375rhs","acc":"MeX3Uq6I5zX7"}
[2021-08-31 17:18:09.534][33896][INFO] [CMD:1025]{"token":"rssesoccr5dlblgq3ter375rhs","acc":"MeX3Uq6I5zX7"}
[2021-08-31 17:18:09.536][33896][INFO] [CMD:1028]{"token":"rssesoccr5dlblgq3ter375rhs","acc":"MeX3Uq6I5zX7"}
[2021-08-31 17:18:13.542][33896][INFO] [CMD:1011]{"token":"rssesoccr5dlblgq3ter375rhs","acc":"MeX3Uq6I5zX7"}
[2021-08-31 17:18:13.544][33896][INFO] [CMD:1001]{"token":"rssesoccr5dlblgq3ter375rhs","acc":"MeX3Uq6I5zX7"}
[2021-08-31 17:18:13.559][33896][INFO] [CMD:1023]{"token":"rssesoccr5dlblgq3ter375rhs","acc":"MeX3Uq6I5zX7"}
[2021-08-31 17:18:15.626][33896][INFO] [CMD:1041]{"token":"rssesoccr5dlblgq3ter375rhs","acc":"MeX3Uq6I5zX7","point":1000,"email":"123@aaa.com"}
[2021-08-31 17:20:11.013][33896][INFO] [CMD:1041]{"token":"rssesoccr5dlblgq3ter375rhs","acc":"MeX3Uq6I5zX7","point":1000,"email":"123@aaa.com"}
[2021-08-31 17:21:42.640][33896][INFO] [CMD:1041]{"token":"rssesoccr5dlblgq3ter375rhs","acc":"MeX3Uq6I5zX7","point":1000,"email":"123@aaa.com"}
[2021-08-31 17:22:15.535][33896][INFO] [CMD:1041]{"token":"rssesoccr5dlblgq3ter375rhs","acc":"MeX3Uq6I5zX7","point":1000,"email":"123@aaa.com"}
[2021-08-31 17:23:56.632][33896][INFO] [CMD:1041]{"token":"rssesoccr5dlblgq3ter375rhs","acc":"MeX3Uq6I5zX7","point":1000,"email":"123@aaa.com"}
[2021-08-31 17:28:55.142][33896][INFO] [CMD:101][ACC:MeX3Uq6I5zX7]
[2021-08-31 17:28:55.272][33896][INFO] [CMD:1025]{"token":"d49m9mabi541rpskbti4e9gi4e","acc":"MeX3Uq6I5zX7"}
[2021-08-31 17:28:55.290][33896][INFO] [CMD:1028]{"token":"d49m9mabi541rpskbti4e9gi4e","acc":"MeX3Uq6I5zX7"}
[2021-08-31 17:28:55.306][33896][INFO] [CMD:1021]{"token":"d49m9mabi541rpskbti4e9gi4e","acc":"MeX3Uq6I5zX7"}
[2021-08-31 17:28:58.878][33896][INFO] [CMD:1023]{"token":"d49m9mabi541rpskbti4e9gi4e","acc":"MeX3Uq6I5zX7"}
[2021-08-31 17:28:58.884][33896][INFO] [CMD:1001]{"token":"d49m9mabi541rpskbti4e9gi4e","acc":"MeX3Uq6I5zX7"}
[2021-08-31 17:28:58.902][33896][INFO] [CMD:1011]{"token":"d49m9mabi541rpskbti4e9gi4e","acc":"MeX3Uq6I5zX7"}
[2021-08-31 17:29:02.447][33896][INFO] [CMD:1001]{"token":"d49m9mabi541rpskbti4e9gi4e","acc":"MeX3Uq6I5zX7"}
[2021-08-31 17:29:02.447][33896][INFO] [CMD:1011]{"token":"d49m9mabi541rpskbti4e9gi4e","acc":"MeX3Uq6I5zX7"}
[2021-08-31 17:29:04.807][33896][INFO] [CMD:1011]{"token":"d49m9mabi541rpskbti4e9gi4e","acc":"MeX3Uq6I5zX7"}
[2021-08-31 17:29:14.999][33896][INFO] [CMD:1041]{"token":"d49m9mabi541rpskbti4e9gi4e","acc":"MeX3Uq6I5zX7","point":1000,"email":"123@aaa.com"}
[2021-08-31 17:29:17.137][33896][INFO] [CMD:1001]{"token":"d49m9mabi541rpskbti4e9gi4e","acc":"MeX3Uq6I5zX7"}
[2021-08-31 17:29:17.156][33896][INFO] [CMD:1011]{"token":"d49m9mabi541rpskbti4e9gi4e","acc":"MeX3Uq6I5zX7"}
[2021-08-31 17:29:19.390][33896][INFO] [CMD:1011]{"token":"d49m9mabi541rpskbti4e9gi4e","acc":"MeX3Uq6I5zX7"}
[2021-08-31 17:29:28.142][33896][INFO] [CMD:1041]{"token":"d49m9mabi541rpskbti4e9gi4e","acc":"MeX3Uq6I5zX7","point":1000,"email":"123@aaa.com"}
[2021-08-31 17:29:28.822][33896][INFO] [CMD:1041]{"token":"d49m9mabi541rpskbti4e9gi4e","acc":"MeX3Uq6I5zX7","point":1000,"email":"123@aaa.com"}
[2021-08-31 17:29:29.358][33896][INFO] [CMD:1041]{"token":"d49m9mabi541rpskbti4e9gi4e","acc":"MeX3Uq6I5zX7","point":1000,"email":"123@aaa.com"}
[2021-08-31 17:29:29.939][33896][INFO] [CMD:1041]{"token":"d49m9mabi541rpskbti4e9gi4e","acc":"MeX3Uq6I5zX7","point":1000,"email":"123@aaa.com"}
[2021-08-31 17:29:33.393][33896][INFO] [CMD:1041]{"token":"d49m9mabi541rpskbti4e9gi4e","acc":"MeX3Uq6I5zX7","point":1000,"email":"123@aaa.com"}
[2021-08-31 17:29:36.168][33896][INFO] [CMD:1011]{"token":"d49m9mabi541rpskbti4e9gi4e","acc":"MeX3Uq6I5zX7"}
[2021-08-31 17:29:39.669][33896][INFO] [CMD:1041]{"token":"d49m9mabi541rpskbti4e9gi4e","acc":"MeX3Uq6I5zX7","point":1000,"email":"123@aaa.com"}
[2021-08-31 17:30:15.939][33896][INFO] [CMD:1041]{"token":"d49m9mabi541rpskbti4e9gi4e","acc":"MeX3Uq6I5zX7","point":1000,"email":"123@aaa.com"}
[2021-08-31 17:30:26.395][33896][INFO] [CMD:101][ACC:MeX3Uq6I5zX7]
[2021-08-31 17:30:26.555][33896][INFO] [CMD:1025]{"token":"krppivud1dmh6jg335lqud8oba","acc":"MeX3Uq6I5zX7"}
[2021-08-31 17:30:26.582][33896][INFO] [CMD:1028]{"token":"krppivud1dmh6jg335lqud8oba","acc":"MeX3Uq6I5zX7"}
[2021-08-31 17:30:26.597][33896][INFO] [CMD:1021]{"token":"krppivud1dmh6jg335lqud8oba","acc":"MeX3Uq6I5zX7"}
[2021-08-31 17:30:30.636][33896][INFO] [CMD:1001]{"token":"krppivud1dmh6jg335lqud8oba","acc":"MeX3Uq6I5zX7"}
[2021-08-31 17:30:30.636][33896][INFO] [CMD:1011]{"token":"krppivud1dmh6jg335lqud8oba","acc":"MeX3Uq6I5zX7"}
[2021-08-31 17:30:30.639][33896][INFO] [CMD:1023]{"token":"krppivud1dmh6jg335lqud8oba","acc":"MeX3Uq6I5zX7"}
[2021-08-31 17:30:32.605][33896][INFO] [CMD:1041]{"token":"krppivud1dmh6jg335lqud8oba","acc":"MeX3Uq6I5zX7","point":1000,"email":"123@aaa.com"}
[2021-08-31 17:32:46.163][33896][INFO] [CMD:101][ACC:MeX3Uq6I5zX7]
[2021-08-31 17:32:46.397][33896][INFO] [CMD:1021]{"token":"6g65da0bdgqtjh9s3r9aps1ks9","acc":"MeX3Uq6I5zX7"}
[2021-08-31 17:32:46.408][33896][INFO] [CMD:1025]{"token":"6g65da0bdgqtjh9s3r9aps1ks9","acc":"MeX3Uq6I5zX7"}
[2021-08-31 17:32:46.411][33896][INFO] [CMD:1028]{"token":"6g65da0bdgqtjh9s3r9aps1ks9","acc":"MeX3Uq6I5zX7"}
[2021-08-31 17:32:50.681][33896][INFO] [CMD:1011]{"token":"6g65da0bdgqtjh9s3r9aps1ks9","acc":"MeX3Uq6I5zX7"}
[2021-08-31 17:32:50.706][33896][INFO] [CMD:1001]{"token":"6g65da0bdgqtjh9s3r9aps1ks9","acc":"MeX3Uq6I5zX7"}
[2021-08-31 17:32:50.706][33896][INFO] [CMD:1023]{"token":"6g65da0bdgqtjh9s3r9aps1ks9","acc":"MeX3Uq6I5zX7"}
