[2021-09-28 10:05:36.467][19112][INFO] [CMD:101][ACC:v6hrwzMYhvXU]
[2021-09-28 10:05:36.844][19112][INFO] [CMD:1025]{"token":"1oeunn2j8ud2u0pt0r50h7ir2i","acc":"v6hrwzMYhvXU"}
[2021-09-28 10:05:36.844][19112][INFO] [CMD:1021]{"token":"1oeunn2j8ud2u0pt0r50h7ir2i","acc":"v6hrwzMYhvXU"}
[2021-09-28 10:05:36.868][19112][INFO] [CMD:1028]{"token":"1oeunn2j8ud2u0pt0r50h7ir2i","acc":"v6hrwzMYhvXU"}
[2021-09-28 10:05:42.912][19112][INFO] [CMD:1001]{"token":"1oeunn2j8ud2u0pt0r50h7ir2i","acc":"v6hrwzMYhvXU"}
[2021-09-28 10:05:42.920][19112][INFO] [CMD:1023]{"token":"1oeunn2j8ud2u0pt0r50h7ir2i","acc":"v6hrwzMYhvXU"}
[2021-09-28 10:05:42.935][19112][INFO] [CMD:1011]{"token":"1oeunn2j8ud2u0pt0r50h7ir2i","acc":"v6hrwzMYhvXU"}
[2021-09-28 10:07:20.469][19112][INFO] [CMD:101][ACC:v6hrwzMYhvXU]
[2021-09-28 10:07:20.611][19112][INFO] [CMD:1025]{"token":"kiqtpbdqfij1okq6cii4bj9go1","acc":"v6hrwzMYhvXU"}
[2021-09-28 10:07:20.614][19112][INFO] [CMD:1021]{"token":"kiqtpbdqfij1okq6cii4bj9go1","acc":"v6hrwzMYhvXU"}
[2021-09-28 10:07:20.635][19112][INFO] [CMD:1028]{"token":"kiqtpbdqfij1okq6cii4bj9go1","acc":"v6hrwzMYhvXU"}
[2021-09-28 10:07:25.619][19112][INFO] [CMD:1011]{"token":"kiqtpbdqfij1okq6cii4bj9go1","acc":"v6hrwzMYhvXU"}
[2021-09-28 10:07:25.625][19112][INFO] [CMD:1023]{"token":"kiqtpbdqfij1okq6cii4bj9go1","acc":"v6hrwzMYhvXU"}
[2021-09-28 10:07:25.640][19112][INFO] [CMD:1001]{"token":"kiqtpbdqfij1okq6cii4bj9go1","acc":"v6hrwzMYhvXU"}
[2021-09-28 10:07:37.179][19112][INFO] [CMD:1016]{"token":"kiqtpbdqfij1okq6cii4bj9go1","acc":"v6hrwzMYhvXU","page":1,"nickName":"","sortType":0}
[2021-09-28 10:07:47.180][19112][INFO] [CMD:1016]{"token":"kiqtpbdqfij1okq6cii4bj9go1","acc":"v6hrwzMYhvXU","page":1,"nickName":"","sortType":0}
[2021-09-28 10:07:50.705][19112][INFO] [CMD:1016]{"token":"kiqtpbdqfij1okq6cii4bj9go1","acc":"v6hrwzMYhvXU","page":1,"nickName":"","sortType":0}
[2021-09-28 10:07:52.572][19112][INFO] [CMD:1016]{"token":"kiqtpbdqfij1okq6cii4bj9go1","acc":"v6hrwzMYhvXU","page":1,"nickName":"","sortType":0}
[2021-09-28 10:07:54.509][19112][INFO] [CMD:1016]{"token":"kiqtpbdqfij1okq6cii4bj9go1","acc":"v6hrwzMYhvXU","page":1,"nickName":"","sortType":0}
[2021-09-28 10:07:56.669][19112][INFO] [CMD:1016]{"token":"kiqtpbdqfij1okq6cii4bj9go1","acc":"v6hrwzMYhvXU","page":1,"nickName":"","sortType":0}
[2021-09-28 10:07:57.850][19112][INFO] [CMD:1016]{"token":"kiqtpbdqfij1okq6cii4bj9go1","acc":"v6hrwzMYhvXU","page":1,"nickName":"","sortType":0}
[2021-09-28 10:09:24.342][19112][INFO] [CMD:101][ACC:v6hrwzMYhvXU]
[2021-09-28 10:09:24.578][19112][INFO] [CMD:1021]{"token":"ngc8rmi3jm7v8v2n76g1gg3iqj","acc":"v6hrwzMYhvXU"}
[2021-09-28 10:09:24.591][19112][INFO] [CMD:1025]{"token":"ngc8rmi3jm7v8v2n76g1gg3iqj","acc":"v6hrwzMYhvXU"}
[2021-09-28 10:09:24.607][19112][INFO] [CMD:1028]{"token":"ngc8rmi3jm7v8v2n76g1gg3iqj","acc":"v6hrwzMYhvXU"}
[2021-09-28 10:09:40.882][19112][INFO] [CMD:1011]{"token":"ngc8rmi3jm7v8v2n76g1gg3iqj","acc":"v6hrwzMYhvXU"}
[2021-09-28 10:09:40.883][19112][INFO] [CMD:1023]{"token":"ngc8rmi3jm7v8v2n76g1gg3iqj","acc":"v6hrwzMYhvXU"}
[2021-09-28 10:09:40.885][19112][INFO] [CMD:1001]{"token":"ngc8rmi3jm7v8v2n76g1gg3iqj","acc":"v6hrwzMYhvXU"}
[2021-09-28 10:11:01.171][19112][INFO] [CMD:1016]{"token":"ngc8rmi3jm7v8v2n76g1gg3iqj","acc":"v6hrwzMYhvXU","page":1,"nickName":"","sortType":0}
[2021-09-28 10:12:24.846][19112][INFO] [CMD:1016]{"token":"ngc8rmi3jm7v8v2n76g1gg3iqj","acc":"v6hrwzMYhvXU","page":1,"nickName":"","sortType":0}
[2021-09-28 10:13:55.331][19112][INFO] [CMD:101][ACC:v6hrwzMYhvXU]
[2021-09-28 10:13:55.526][19112][INFO] [CMD:1025]{"token":"bhpj084csvre1c50opn0j9egl5","acc":"v6hrwzMYhvXU"}
[2021-09-28 10:13:55.527][19112][INFO] [CMD:1021]{"token":"bhpj084csvre1c50opn0j9egl5","acc":"v6hrwzMYhvXU"}
[2021-09-28 10:13:55.527][19112][INFO] [CMD:1028]{"token":"bhpj084csvre1c50opn0j9egl5","acc":"v6hrwzMYhvXU"}
[2021-09-28 10:14:00.591][19112][INFO] [CMD:1023]{"token":"bhpj084csvre1c50opn0j9egl5","acc":"v6hrwzMYhvXU"}
[2021-09-28 10:14:00.591][19112][INFO] [CMD:1011]{"token":"bhpj084csvre1c50opn0j9egl5","acc":"v6hrwzMYhvXU"}
[2021-09-28 10:14:00.604][19112][INFO] [CMD:1001]{"token":"bhpj084csvre1c50opn0j9egl5","acc":"v6hrwzMYhvXU"}
[2021-09-28 10:14:14.508][19112][INFO] [CMD:1016]{"token":"bhpj084csvre1c50opn0j9egl5","acc":"v6hrwzMYhvXU","page":1,"nickName":"","sortType":0}
[2021-09-28 10:16:02.013][19112][INFO] [CMD:101][ACC:v6hrwzMYhvXU]
[2021-09-28 10:16:02.196][19112][INFO] [CMD:1025]{"token":"61el1asbhsbvp83u1kh3vfrk7g","acc":"v6hrwzMYhvXU"}
[2021-09-28 10:16:02.207][19112][INFO] [CMD:1028]{"token":"61el1asbhsbvp83u1kh3vfrk7g","acc":"v6hrwzMYhvXU"}
[2021-09-28 10:16:02.207][19112][INFO] [CMD:1021]{"token":"61el1asbhsbvp83u1kh3vfrk7g","acc":"v6hrwzMYhvXU"}
[2021-09-28 10:16:38.748][19112][INFO] [CMD:101][ACC:v6hrwzMYhvXU]
[2021-09-28 10:16:38.912][19112][INFO] [CMD:1021]{"token":"g9l57n36cesi8a5s7pia1o67o8","acc":"v6hrwzMYhvXU"}
[2021-09-28 10:16:38.917][19112][INFO] [CMD:1025]{"token":"g9l57n36cesi8a5s7pia1o67o8","acc":"v6hrwzMYhvXU"}
[2021-09-28 10:16:38.938][19112][INFO] [CMD:1028]{"token":"g9l57n36cesi8a5s7pia1o67o8","acc":"v6hrwzMYhvXU"}
[2021-09-28 10:16:43.972][19112][INFO] [CMD:1001]{"token":"g9l57n36cesi8a5s7pia1o67o8","acc":"v6hrwzMYhvXU"}
[2021-09-28 10:16:43.975][19112][INFO] [CMD:1023]{"token":"g9l57n36cesi8a5s7pia1o67o8","acc":"v6hrwzMYhvXU"}
[2021-09-28 10:16:43.980][19112][INFO] [CMD:1011]{"token":"g9l57n36cesi8a5s7pia1o67o8","acc":"v6hrwzMYhvXU"}
[2021-09-28 10:17:04.362][19112][INFO] [CMD:1016]{"token":"g9l57n36cesi8a5s7pia1o67o8","acc":"v6hrwzMYhvXU","page":1,"nickName":"","sortType":0}
[2021-09-28 10:21:56.662][19112][INFO] [CMD:101][ACC:v6hrwzMYhvXU]
[2021-09-28 10:21:56.826][19112][INFO] [CMD:1021]{"token":"mtvlbptl9qc3uv3a750vooh6nc","acc":"v6hrwzMYhvXU"}
[2021-09-28 10:21:56.830][19112][INFO] [CMD:1025]{"token":"mtvlbptl9qc3uv3a750vooh6nc","acc":"v6hrwzMYhvXU"}
[2021-09-28 10:21:56.870][19112][INFO] [CMD:1028]{"token":"mtvlbptl9qc3uv3a750vooh6nc","acc":"v6hrwzMYhvXU"}
[2021-09-28 10:22:02.004][19112][INFO] [CMD:1001]{"token":"mtvlbptl9qc3uv3a750vooh6nc","acc":"v6hrwzMYhvXU"}
[2021-09-28 10:22:02.005][19112][INFO] [CMD:1023]{"token":"mtvlbptl9qc3uv3a750vooh6nc","acc":"v6hrwzMYhvXU"}
[2021-09-28 10:22:02.022][19112][INFO] [CMD:1011]{"token":"mtvlbptl9qc3uv3a750vooh6nc","acc":"v6hrwzMYhvXU"}
[2021-09-28 10:22:12.168][19112][INFO] [CMD:1016]{"token":"mtvlbptl9qc3uv3a750vooh6nc","acc":"v6hrwzMYhvXU","page":1,"nickName":"","sortType":0}
[2021-09-28 10:23:34.329][19112][INFO] [CMD:1016]{"token":"mtvlbptl9qc3uv3a750vooh6nc","acc":"v6hrwzMYhvXU","page":1,"nickName":"","sortType":0}
[2021-09-28 10:23:36.372][19112][INFO] [CMD:1016]{"token":"mtvlbptl9qc3uv3a750vooh6nc","acc":"v6hrwzMYhvXU","page":1,"nickName":"","sortType":0}
[2021-09-28 10:23:41.256][19112][INFO] [CMD:1016]{"token":"mtvlbptl9qc3uv3a750vooh6nc","acc":"v6hrwzMYhvXU","page":1,"nickName":"","sortType":4}
[2021-09-28 10:24:07.630][19112][INFO] [CMD:1016]{"token":"mtvlbptl9qc3uv3a750vooh6nc","acc":"v6hrwzMYhvXU","page":1,"nickName":"","sortType":5}
[2021-09-28 10:25:17.346][19112][INFO] [CMD:101][ACC:v6hrwzMYhvXU]
[2021-09-28 10:25:17.478][19112][INFO] [CMD:1025]{"token":"2rg8ceiqekgburda5jitj5l7to","acc":"v6hrwzMYhvXU"}
[2021-09-28 10:25:17.525][19112][INFO] [CMD:1028]{"token":"2rg8ceiqekgburda5jitj5l7to","acc":"v6hrwzMYhvXU"}
[2021-09-28 10:25:17.525][19112][INFO] [CMD:1021]{"token":"2rg8ceiqekgburda5jitj5l7to","acc":"v6hrwzMYhvXU"}
[2021-09-28 10:25:22.748][19112][INFO] [CMD:1023]{"token":"2rg8ceiqekgburda5jitj5l7to","acc":"v6hrwzMYhvXU"}
[2021-09-28 10:25:22.754][19112][INFO] [CMD:1011]{"token":"2rg8ceiqekgburda5jitj5l7to","acc":"v6hrwzMYhvXU"}
[2021-09-28 10:25:22.756][19112][INFO] [CMD:1001]{"token":"2rg8ceiqekgburda5jitj5l7to","acc":"v6hrwzMYhvXU"}
[2021-09-28 10:25:30.667][19112][INFO] [CMD:1016]{"token":"2rg8ceiqekgburda5jitj5l7to","acc":"v6hrwzMYhvXU","page":1,"nickName":"","sortType":0}
[2021-09-28 10:25:36.819][19112][INFO] [CMD:1016]{"token":"2rg8ceiqekgburda5jitj5l7to","acc":"v6hrwzMYhvXU","page":1,"nickName":"","sortType":4}
[2021-09-28 10:25:44.554][19112][INFO] [CMD:1016]{"token":"2rg8ceiqekgburda5jitj5l7to","acc":"v6hrwzMYhvXU","page":1,"nickName":"","sortType":5}
[2021-09-28 10:25:47.769][19112][INFO] [CMD:1016]{"token":"2rg8ceiqekgburda5jitj5l7to","acc":"v6hrwzMYhvXU","page":1,"nickName":"","sortType":6}
[2021-09-28 10:25:49.569][19112][INFO] [CMD:1016]{"token":"2rg8ceiqekgburda5jitj5l7to","acc":"v6hrwzMYhvXU","page":1,"nickName":"","sortType":4}
[2021-09-28 10:25:50.978][19112][INFO] [CMD:1016]{"token":"2rg8ceiqekgburda5jitj5l7to","acc":"v6hrwzMYhvXU","page":1,"nickName":"","sortType":3}
[2021-09-28 10:25:52.744][19112][INFO] [CMD:1016]{"token":"2rg8ceiqekgburda5jitj5l7to","acc":"v6hrwzMYhvXU","page":1,"nickName":"","sortType":5}
[2021-09-28 10:26:08.251][19112][INFO] [CMD:1016]{"token":"2rg8ceiqekgburda5jitj5l7to","acc":"v6hrwzMYhvXU","page":2,"nickName":"","sortType":5}
[2021-09-28 10:26:09.560][19112][INFO] [CMD:1016]{"token":"2rg8ceiqekgburda5jitj5l7to","acc":"v6hrwzMYhvXU","page":1,"nickName":"","sortType":5}
[2021-09-28 10:29:13.098][19112][INFO] [CMD:101][ACC:v6hrwzMYhvXU]
[2021-09-28 10:29:13.293][19112][INFO] [CMD:1028]{"token":"77soob4g5edo0t68tu5j3u6n3n","acc":"v6hrwzMYhvXU"}
[2021-09-28 10:29:13.301][19112][INFO] [CMD:1025]{"token":"77soob4g5edo0t68tu5j3u6n3n","acc":"v6hrwzMYhvXU"}
[2021-09-28 10:29:13.328][19112][INFO] [CMD:1021]{"token":"77soob4g5edo0t68tu5j3u6n3n","acc":"v6hrwzMYhvXU"}
[2021-09-28 10:29:18.458][19112][INFO] [CMD:1011]{"token":"77soob4g5edo0t68tu5j3u6n3n","acc":"v6hrwzMYhvXU"}
[2021-09-28 10:29:18.460][19112][INFO] [CMD:1023]{"token":"77soob4g5edo0t68tu5j3u6n3n","acc":"v6hrwzMYhvXU"}
[2021-09-28 10:29:18.486][19112][INFO] [CMD:1001]{"token":"77soob4g5edo0t68tu5j3u6n3n","acc":"v6hrwzMYhvXU"}
[2021-09-28 10:30:52.134][19112][INFO] [CMD:101][ACC:v6hrwzMYhvXU]
[2021-09-28 10:30:52.295][19112][INFO] [CMD:1025]{"token":"1d578bpu74pku3taaouuacqhil","acc":"v6hrwzMYhvXU"}
[2021-09-28 10:30:52.339][19112][INFO] [CMD:1021]{"token":"1d578bpu74pku3taaouuacqhil","acc":"v6hrwzMYhvXU"}
[2021-09-28 10:30:52.339][19112][INFO] [CMD:1028]{"token":"1d578bpu74pku3taaouuacqhil","acc":"v6hrwzMYhvXU"}
[2021-09-28 10:30:57.057][19112][INFO] [CMD:1023]{"token":"1d578bpu74pku3taaouuacqhil","acc":"v6hrwzMYhvXU"}
[2021-09-28 10:30:57.062][19112][INFO] [CMD:1001]{"token":"1d578bpu74pku3taaouuacqhil","acc":"v6hrwzMYhvXU"}
[2021-09-28 10:30:57.063][19112][INFO] [CMD:1011]{"token":"1d578bpu74pku3taaouuacqhil","acc":"v6hrwzMYhvXU"}
[2021-09-28 10:31:02.954][19112][INFO] [CMD:1016]{"token":"1d578bpu74pku3taaouuacqhil","acc":"v6hrwzMYhvXU","page":1,"nickName":"","sortType":0}
[2021-09-28 10:31:48.671][19112][INFO] [CMD:101][ACC:v6hrwzMYhvXU]
[2021-09-28 10:31:48.905][19112][INFO] [CMD:1025]{"token":"qdlqec5s7bqqo4h9b2linvbt56","acc":"v6hrwzMYhvXU"}
[2021-09-28 10:31:48.920][19112][INFO] [CMD:1021]{"token":"qdlqec5s7bqqo4h9b2linvbt56","acc":"v6hrwzMYhvXU"}
[2021-09-28 10:31:48.943][19112][INFO] [CMD:1028]{"token":"qdlqec5s7bqqo4h9b2linvbt56","acc":"v6hrwzMYhvXU"}
[2021-09-28 10:35:17.227][19112][INFO] [CMD:101][ACC:v6hrwzMYhvXU]
[2021-09-28 10:35:17.384][19112][INFO] [CMD:1021]{"token":"in8od1bvas2d4s06kd217kvlki","acc":"v6hrwzMYhvXU"}
[2021-09-28 10:35:17.393][19112][INFO] [CMD:1025]{"token":"in8od1bvas2d4s06kd217kvlki","acc":"v6hrwzMYhvXU"}
[2021-09-28 10:35:17.393][19112][INFO] [CMD:1028]{"token":"in8od1bvas2d4s06kd217kvlki","acc":"v6hrwzMYhvXU"}
[2021-09-28 10:35:22.678][19112][INFO] [CMD:1001]{"token":"in8od1bvas2d4s06kd217kvlki","acc":"v6hrwzMYhvXU"}
[2021-09-28 10:35:22.681][19112][INFO] [CMD:1011]{"token":"in8od1bvas2d4s06kd217kvlki","acc":"v6hrwzMYhvXU"}
[2021-09-28 10:35:22.693][19112][INFO] [CMD:1023]{"token":"in8od1bvas2d4s06kd217kvlki","acc":"v6hrwzMYhvXU"}
[2021-09-28 10:35:30.143][19112][INFO] [CMD:1016]{"token":"in8od1bvas2d4s06kd217kvlki","acc":"v6hrwzMYhvXU","page":1,"nickName":"","sortType":0}
[2021-09-28 10:35:52.102][19112][INFO] [CMD:1016]{"token":"in8od1bvas2d4s06kd217kvlki","acc":"v6hrwzMYhvXU","page":1,"nickName":"","sortType":0}
[2021-09-28 10:36:00.894][19112][INFO] [CMD:1016]{"token":"in8od1bvas2d4s06kd217kvlki","acc":"v6hrwzMYhvXU","page":1,"nickName":"","sortType":0}
[2021-09-28 10:36:02.375][19112][INFO] [CMD:1016]{"token":"in8od1bvas2d4s06kd217kvlki","acc":"v6hrwzMYhvXU","page":1,"nickName":"","sortType":0}
[2021-09-28 10:36:18.915][19112][INFO] [CMD:1016]{"token":"in8od1bvas2d4s06kd217kvlki","acc":"v6hrwzMYhvXU","page":1,"nickName":"","sortType":0}
[2021-09-28 11:00:06.264][19112][INFO] [CMD:1001]{"token":"in8od1bvas2d4s06kd217kvlki","acc":"v6hrwzMYhvXU"}
[2021-09-28 11:00:06.271][19112][INFO] [CMD:1011]{"token":"in8od1bvas2d4s06kd217kvlki","acc":"v6hrwzMYhvXU"}
[2021-09-28 11:00:11.610][19112][INFO] [CMD:1023]{"token":"in8od1bvas2d4s06kd217kvlki","acc":"v6hrwzMYhvXU"}
[2021-09-28 11:00:13.914][19112][INFO] [CMD:1024]{"token":"in8od1bvas2d4s06kd217kvlki","acc":"v6hrwzMYhvXU","guid":1}
[2021-09-28 11:00:21.541][19112][INFO] [CMD:1023]{"token":"in8od1bvas2d4s06kd217kvlki","acc":"v6hrwzMYhvXU"}
[2021-09-28 11:00:26.070][19112][INFO] [CMD:1024]{"token":"in8od1bvas2d4s06kd217kvlki","acc":"v6hrwzMYhvXU","guid":1}
[2021-09-28 12:28:11.000][19112][INFO] [CMD:101][ACC:v6hrwzMYhvXU]
[2021-09-28 12:28:11.172][19112][INFO] [CMD:1025]{"token":"4uajpdpukpku9dm4f0ref15idp","acc":"v6hrwzMYhvXU"}
[2021-09-28 12:28:11.188][19112][INFO] [CMD:1028]{"token":"4uajpdpukpku9dm4f0ref15idp","acc":"v6hrwzMYhvXU"}
[2021-09-28 12:28:11.190][19112][INFO] [CMD:1021]{"token":"4uajpdpukpku9dm4f0ref15idp","acc":"v6hrwzMYhvXU"}
[2021-09-28 12:28:27.216][19112][INFO] [CMD:1023]{"token":"4uajpdpukpku9dm4f0ref15idp","acc":"v6hrwzMYhvXU"}
[2021-09-28 12:28:27.230][19112][INFO] [CMD:1001]{"token":"4uajpdpukpku9dm4f0ref15idp","acc":"v6hrwzMYhvXU"}
[2021-09-28 12:28:27.254][19112][INFO] [CMD:1011]{"token":"4uajpdpukpku9dm4f0ref15idp","acc":"v6hrwzMYhvXU"}
[2021-09-28 12:28:39.016][19112][INFO] [CMD:1016]{"token":"4uajpdpukpku9dm4f0ref15idp","acc":"v6hrwzMYhvXU","page":1,"nickName":"","sortType":0}
[2021-09-28 12:28:47.201][19112][INFO] [CMD:1016]{"token":"4uajpdpukpku9dm4f0ref15idp","acc":"v6hrwzMYhvXU","page":1,"nickName":"","sortType":0}
[2021-09-28 12:29:29.855][19112][INFO] [CMD:101][ACC:v6hrwzMYhvXU]
[2021-09-28 12:29:30.035][19112][INFO] [CMD:1021]{"token":"iqtre4kegk3i7m5hr46ttf1lgr","acc":"v6hrwzMYhvXU"}
[2021-09-28 12:29:30.036][19112][INFO] [CMD:1028]{"token":"iqtre4kegk3i7m5hr46ttf1lgr","acc":"v6hrwzMYhvXU"}
[2021-09-28 12:29:30.051][19112][INFO] [CMD:1025]{"token":"iqtre4kegk3i7m5hr46ttf1lgr","acc":"v6hrwzMYhvXU"}
[2021-09-28 12:29:38.751][19112][INFO] [CMD:1001]{"token":"iqtre4kegk3i7m5hr46ttf1lgr","acc":"v6hrwzMYhvXU"}
[2021-09-28 12:29:38.751][19112][INFO] [CMD:1023]{"token":"iqtre4kegk3i7m5hr46ttf1lgr","acc":"v6hrwzMYhvXU"}
[2021-09-28 12:29:38.756][19112][INFO] [CMD:1011]{"token":"iqtre4kegk3i7m5hr46ttf1lgr","acc":"v6hrwzMYhvXU"}
[2021-09-28 12:29:45.339][19112][INFO] [CMD:1016]{"token":"iqtre4kegk3i7m5hr46ttf1lgr","acc":"v6hrwzMYhvXU","page":1,"nickName":"","sortType":0}
[2021-09-28 12:29:50.093][19112][INFO] [CMD:1016]{"token":"iqtre4kegk3i7m5hr46ttf1lgr","acc":"v6hrwzMYhvXU","page":1,"nickName":"","sortType":0}
[2021-09-28 12:29:57.952][19112][INFO] [CMD:1016]{"token":"iqtre4kegk3i7m5hr46ttf1lgr","acc":"v6hrwzMYhvXU","page":1,"nickName":"","sortType":0}
[2021-09-28 12:30:01.070][19112][INFO] [CMD:1016]{"token":"iqtre4kegk3i7m5hr46ttf1lgr","acc":"v6hrwzMYhvXU","page":1,"nickName":"","sortType":0}
[2021-09-28 12:30:05.058][19112][INFO] [CMD:1016]{"token":"iqtre4kegk3i7m5hr46ttf1lgr","acc":"v6hrwzMYhvXU","page":1,"nickName":"","sortType":3}
[2021-09-28 12:30:06.390][19112][INFO] [CMD:1016]{"token":"iqtre4kegk3i7m5hr46ttf1lgr","acc":"v6hrwzMYhvXU","page":1,"nickName":"","sortType":4}
[2021-09-28 14:19:26.262][19112][INFO] [CMD:101][ACC:v6hrwzMYhvXU]
[2021-09-28 14:19:26.404][19112][INFO] [CMD:1025]{"token":"jueqcraelqs8pqfl0ij306pv0a","acc":"v6hrwzMYhvXU"}
[2021-09-28 14:19:26.457][19112][INFO] [CMD:1028]{"token":"jueqcraelqs8pqfl0ij306pv0a","acc":"v6hrwzMYhvXU"}
[2021-09-28 14:19:26.457][19112][INFO] [CMD:1021]{"token":"jueqcraelqs8pqfl0ij306pv0a","acc":"v6hrwzMYhvXU"}
[2021-09-28 14:19:32.633][19112][INFO] [CMD:1023]{"token":"jueqcraelqs8pqfl0ij306pv0a","acc":"v6hrwzMYhvXU"}
[2021-09-28 14:19:32.635][19112][INFO] [CMD:1001]{"token":"jueqcraelqs8pqfl0ij306pv0a","acc":"v6hrwzMYhvXU"}
[2021-09-28 14:19:32.647][19112][INFO] [CMD:1011]{"token":"jueqcraelqs8pqfl0ij306pv0a","acc":"v6hrwzMYhvXU"}
[2021-09-28 14:21:07.988][19112][INFO] [CMD:101][ACC:v6hrwzMYhvXU]
[2021-09-28 14:21:48.953][19112][INFO] [CMD:1021]{"token":"4mqou4hnjv3q2qlisrkoqva1n7","acc":"v6hrwzMYhvXU"}
[2021-09-28 14:21:48.953][19112][INFO] [CMD:1025]{"token":"4mqou4hnjv3q2qlisrkoqva1n7","acc":"v6hrwzMYhvXU"}
[2021-09-28 14:21:48.977][19112][INFO] [CMD:1028]{"token":"4mqou4hnjv3q2qlisrkoqva1n7","acc":"v6hrwzMYhvXU"}
[2021-09-28 14:23:59.687][19112][INFO] [CMD:101][ACC:v6hrwzMYhvXU]
[2021-09-28 14:24:29.837][19112][INFO] [CMD:1028]{"token":"b8apujuuc5e0geduf8f86m3qs3","acc":"v6hrwzMYhvXU"}
[2021-09-28 14:24:29.839][19112][INFO] [CMD:1025]{"token":"b8apujuuc5e0geduf8f86m3qs3","acc":"v6hrwzMYhvXU"}
[2021-09-28 14:24:29.878][19112][INFO] [CMD:1021]{"token":"b8apujuuc5e0geduf8f86m3qs3","acc":"v6hrwzMYhvXU"}
[2021-09-28 14:24:35.461][19112][INFO] [CMD:1023]{"token":"b8apujuuc5e0geduf8f86m3qs3","acc":"v6hrwzMYhvXU"}
[2021-09-28 14:24:35.466][19112][INFO] [CMD:1011]{"token":"b8apujuuc5e0geduf8f86m3qs3","acc":"v6hrwzMYhvXU"}
[2021-09-28 14:24:35.467][19112][INFO] [CMD:1001]{"token":"b8apujuuc5e0geduf8f86m3qs3","acc":"v6hrwzMYhvXU"}
[2021-09-28 14:24:55.871][19112][INFO] [CMD:1016]{"token":"b8apujuuc5e0geduf8f86m3qs3","acc":"v6hrwzMYhvXU","page":1,"nickName":"","sortType":0}
[2021-09-28 14:25:23.666][19112][INFO] [CMD:1016]{"token":"b8apujuuc5e0geduf8f86m3qs3","acc":"v6hrwzMYhvXU","page":1,"nickName":"","sortType":0}
[2021-09-28 14:25:45.809][19112][INFO] [CMD:1016]{"token":"b8apujuuc5e0geduf8f86m3qs3","acc":"v6hrwzMYhvXU","page":1,"nickName":"","sortType":0}
[2021-09-28 14:26:06.633][19112][INFO] [CMD:1016]{"token":"b8apujuuc5e0geduf8f86m3qs3","acc":"v6hrwzMYhvXU","page":1,"nickName":"","sortType":0}
[2021-09-28 14:27:28.843][19112][INFO] [CMD:101][ACC:v6hrwzMYhvXU]
[2021-09-28 14:27:28.997][19112][INFO] [CMD:1025]{"token":"sg0rsf9fn6lude4do8q7omiode","acc":"v6hrwzMYhvXU"}
[2021-09-28 14:27:29.013][19112][INFO] [CMD:1028]{"token":"sg0rsf9fn6lude4do8q7omiode","acc":"v6hrwzMYhvXU"}
[2021-09-28 14:27:29.033][19112][INFO] [CMD:1021]{"token":"sg0rsf9fn6lude4do8q7omiode","acc":"v6hrwzMYhvXU"}
[2021-09-28 14:27:34.832][19112][INFO] [CMD:1023]{"token":"sg0rsf9fn6lude4do8q7omiode","acc":"v6hrwzMYhvXU"}
[2021-09-28 14:27:34.840][19112][INFO] [CMD:1011]{"token":"sg0rsf9fn6lude4do8q7omiode","acc":"v6hrwzMYhvXU"}
[2021-09-28 14:27:34.840][19112][INFO] [CMD:1001]{"token":"sg0rsf9fn6lude4do8q7omiode","acc":"v6hrwzMYhvXU"}
[2021-09-28 14:37:06.412][19112][INFO] [CMD:1016]{"token":"sg0rsf9fn6lude4do8q7omiode","acc":"v6hrwzMYhvXU","page":1,"nickName":"","sortType":0}
[2021-09-28 14:39:36.361][19112][INFO] [CMD:101][ACC:v6hrwzMYhvXU]
[2021-09-28 14:39:36.508][19112][INFO] [CMD:1025]{"token":"rm8svr9m59o2l2i169o02jqo32","acc":"v6hrwzMYhvXU"}
[2021-09-28 14:39:36.523][19112][INFO] [CMD:1021]{"token":"rm8svr9m59o2l2i169o02jqo32","acc":"v6hrwzMYhvXU"}
[2021-09-28 14:39:36.553][19112][INFO] [CMD:1028]{"token":"rm8svr9m59o2l2i169o02jqo32","acc":"v6hrwzMYhvXU"}
[2021-09-28 14:39:41.646][19112][INFO] [CMD:1001]{"token":"rm8svr9m59o2l2i169o02jqo32","acc":"v6hrwzMYhvXU"}
[2021-09-28 14:39:41.646][19112][INFO] [CMD:1011]{"token":"rm8svr9m59o2l2i169o02jqo32","acc":"v6hrwzMYhvXU"}
[2021-09-28 14:39:41.661][19112][INFO] [CMD:1023]{"token":"rm8svr9m59o2l2i169o02jqo32","acc":"v6hrwzMYhvXU"}
[2021-09-28 14:39:47.497][19112][INFO] [CMD:1016]{"token":"rm8svr9m59o2l2i169o02jqo32","acc":"v6hrwzMYhvXU","page":1,"nickName":"","sortType":0}
[2021-09-28 14:39:53.057][19112][INFO] [CMD:1016]{"token":"rm8svr9m59o2l2i169o02jqo32","acc":"v6hrwzMYhvXU","page":2,"nickName":"","sortType":0}
[2021-09-28 14:39:53.862][19112][INFO] [CMD:1016]{"token":"rm8svr9m59o2l2i169o02jqo32","acc":"v6hrwzMYhvXU","page":1,"nickName":"","sortType":0}
[2021-09-28 17:01:14.019][19112][INFO] [CMD:101][ACC:v6hrwzMYhvXU]
[2021-09-28 17:01:14.198][19112][INFO] [CMD:1028]{"token":"l2atcfvss5km73u3kkeo9ikk0u","acc":"v6hrwzMYhvXU"}
[2021-09-28 17:01:14.215][19112][INFO] [CMD:1025]{"token":"l2atcfvss5km73u3kkeo9ikk0u","acc":"v6hrwzMYhvXU"}
[2021-09-28 17:01:14.231][19112][INFO] [CMD:1021]{"token":"l2atcfvss5km73u3kkeo9ikk0u","acc":"v6hrwzMYhvXU"}
[2021-09-28 17:01:21.144][19112][INFO] [CMD:1011]{"token":"l2atcfvss5km73u3kkeo9ikk0u","acc":"v6hrwzMYhvXU"}
[2021-09-28 17:01:21.148][19112][INFO] [CMD:1001]{"token":"l2atcfvss5km73u3kkeo9ikk0u","acc":"v6hrwzMYhvXU"}
[2021-09-28 17:01:21.152][19112][INFO] [CMD:1023]{"token":"l2atcfvss5km73u3kkeo9ikk0u","acc":"v6hrwzMYhvXU"}
[2021-09-28 17:01:27.603][19112][INFO] [CMD:1016]{"token":"l2atcfvss5km73u3kkeo9ikk0u","acc":"v6hrwzMYhvXU","page":1,"nickName":"","sortType":0}
[2021-09-28 17:01:58.049][19112][INFO] [CMD:1016]{"token":"l2atcfvss5km73u3kkeo9ikk0u","acc":"v6hrwzMYhvXU","page":1,"nickName":"","sortType":0}
[2021-09-28 17:01:59.949][19112][INFO] [CMD:1016]{"token":"l2atcfvss5km73u3kkeo9ikk0u","acc":"v6hrwzMYhvXU","page":1,"nickName":"","sortType":0}
[2021-09-28 17:08:33.674][19112][INFO] [CMD:101][ACC:v6hrwzMYhvXU]
[2021-09-28 17:08:33.839][19112][INFO] [CMD:1028]{"token":"ugauajtjqm5oircs68r9ejdori","acc":"v6hrwzMYhvXU"}
[2021-09-28 17:08:33.858][19112][INFO] [CMD:1025]{"token":"ugauajtjqm5oircs68r9ejdori","acc":"v6hrwzMYhvXU"}
[2021-09-28 17:08:33.864][19112][INFO] [CMD:1021]{"token":"ugauajtjqm5oircs68r9ejdori","acc":"v6hrwzMYhvXU"}
[2021-09-28 17:08:41.975][19112][INFO] [CMD:1011]{"token":"ugauajtjqm5oircs68r9ejdori","acc":"v6hrwzMYhvXU"}
[2021-09-28 17:08:41.978][19112][INFO] [CMD:1023]{"token":"ugauajtjqm5oircs68r9ejdori","acc":"v6hrwzMYhvXU"}
[2021-09-28 17:08:41.983][19112][INFO] [CMD:1001]{"token":"ugauajtjqm5oircs68r9ejdori","acc":"v6hrwzMYhvXU"}
[2021-09-28 17:08:50.708][19112][INFO] [CMD:1016]{"token":"ugauajtjqm5oircs68r9ejdori","acc":"v6hrwzMYhvXU","page":1,"nickName":"","sortType":0}
[2021-09-28 17:09:19.227][19112][INFO] [CMD:101][ACC:v6hrwzMYhvXU]
[2021-09-28 17:09:19.417][19112][INFO] [CMD:1021]{"token":"6l9jkc3p5nrf3l698v6o0sc79k","acc":"v6hrwzMYhvXU"}
[2021-09-28 17:09:19.419][19112][INFO] [CMD:1025]{"token":"6l9jkc3p5nrf3l698v6o0sc79k","acc":"v6hrwzMYhvXU"}
[2021-09-28 17:09:19.434][19112][INFO] [CMD:1028]{"token":"6l9jkc3p5nrf3l698v6o0sc79k","acc":"v6hrwzMYhvXU"}
[2021-09-28 17:09:26.110][19112][INFO] [CMD:1023]{"token":"6l9jkc3p5nrf3l698v6o0sc79k","acc":"v6hrwzMYhvXU"}
[2021-09-28 17:09:26.115][19112][INFO] [CMD:1001]{"token":"6l9jkc3p5nrf3l698v6o0sc79k","acc":"v6hrwzMYhvXU"}
[2021-09-28 17:09:26.115][19112][INFO] [CMD:1011]{"token":"6l9jkc3p5nrf3l698v6o0sc79k","acc":"v6hrwzMYhvXU"}
[2021-09-28 17:09:32.442][19112][INFO] [CMD:1016]{"token":"6l9jkc3p5nrf3l698v6o0sc79k","acc":"v6hrwzMYhvXU","page":1,"nickName":"","sortType":0}
[2021-09-28 17:09:35.637][19112][INFO] [CMD:1016]{"token":"6l9jkc3p5nrf3l698v6o0sc79k","acc":"v6hrwzMYhvXU","page":1,"nickName":"","sortType":0}
[2021-09-28 17:10:04.919][19112][INFO] [CMD:101][ACC:v6hrwzMYhvXU]
[2021-09-28 17:10:05.149][19112][INFO] [CMD:1028]{"token":"r99s4inhhv8ejlinfrb3fsttpr","acc":"v6hrwzMYhvXU"}
[2021-09-28 17:10:05.178][19112][INFO] [CMD:1021]{"token":"r99s4inhhv8ejlinfrb3fsttpr","acc":"v6hrwzMYhvXU"}
[2021-09-28 17:10:05.183][19112][INFO] [CMD:1025]{"token":"r99s4inhhv8ejlinfrb3fsttpr","acc":"v6hrwzMYhvXU"}
[2021-09-28 17:10:17.663][19112][INFO] [CMD:1011]{"token":"r99s4inhhv8ejlinfrb3fsttpr","acc":"v6hrwzMYhvXU"}
[2021-09-28 17:10:17.663][19112][INFO] [CMD:1001]{"token":"r99s4inhhv8ejlinfrb3fsttpr","acc":"v6hrwzMYhvXU"}
[2021-09-28 17:10:17.668][19112][INFO] [CMD:1023]{"token":"r99s4inhhv8ejlinfrb3fsttpr","acc":"v6hrwzMYhvXU"}
[2021-09-28 17:10:25.120][19112][INFO] [CMD:1016]{"token":"r99s4inhhv8ejlinfrb3fsttpr","acc":"v6hrwzMYhvXU","page":1,"nickName":"","sortType":0}
[2021-09-28 17:10:51.128][19112][INFO] [CMD:1016]{"token":"r99s4inhhv8ejlinfrb3fsttpr","acc":"v6hrwzMYhvXU","page":1,"nickName":"","sortType":0}
[2021-09-28 17:10:53.553][19112][INFO] [CMD:1016]{"token":"r99s4inhhv8ejlinfrb3fsttpr","acc":"v6hrwzMYhvXU","page":1,"nickName":"","sortType":0}
[2021-09-28 17:12:58.456][19112][INFO] [CMD:101][ACC:v6hrwzMYhvXU]
[2021-09-28 17:12:58.605][19112][INFO] [CMD:1025]{"token":"m9fi6p0pa5fkk3a7r7knlsur4u","acc":"v6hrwzMYhvXU"}
[2021-09-28 17:12:58.625][19112][INFO] [CMD:1021]{"token":"m9fi6p0pa5fkk3a7r7knlsur4u","acc":"v6hrwzMYhvXU"}
[2021-09-28 17:12:58.647][19112][INFO] [CMD:1028]{"token":"m9fi6p0pa5fkk3a7r7knlsur4u","acc":"v6hrwzMYhvXU"}
[2021-09-28 17:13:03.776][19112][INFO] [CMD:1011]{"token":"m9fi6p0pa5fkk3a7r7knlsur4u","acc":"v6hrwzMYhvXU"}
[2021-09-28 17:13:03.781][19112][INFO] [CMD:1023]{"token":"m9fi6p0pa5fkk3a7r7knlsur4u","acc":"v6hrwzMYhvXU"}
[2021-09-28 17:13:03.781][19112][INFO] [CMD:1001]{"token":"m9fi6p0pa5fkk3a7r7knlsur4u","acc":"v6hrwzMYhvXU"}
[2021-09-28 17:13:09.485][19112][INFO] [CMD:1016]{"token":"m9fi6p0pa5fkk3a7r7knlsur4u","acc":"v6hrwzMYhvXU","page":1,"nickName":"","sortType":0}
[2021-09-28 17:15:21.046][19112][INFO] [CMD:101][ACC:v6hrwzMYhvXU]
[2021-09-28 17:15:21.206][19112][INFO] [CMD:1025]{"token":"ff0n4f14uepfbuj22fgfi684ki","acc":"v6hrwzMYhvXU"}
[2021-09-28 17:15:21.223][19112][INFO] [CMD:1028]{"token":"ff0n4f14uepfbuj22fgfi684ki","acc":"v6hrwzMYhvXU"}
[2021-09-28 17:15:21.240][19112][INFO] [CMD:1021]{"token":"ff0n4f14uepfbuj22fgfi684ki","acc":"v6hrwzMYhvXU"}
[2021-09-28 17:15:26.504][19112][INFO] [CMD:1023]{"token":"ff0n4f14uepfbuj22fgfi684ki","acc":"v6hrwzMYhvXU"}
[2021-09-28 17:15:26.504][19112][INFO] [CMD:1001]{"token":"ff0n4f14uepfbuj22fgfi684ki","acc":"v6hrwzMYhvXU"}
[2021-09-28 17:15:26.511][19112][INFO] [CMD:1011]{"token":"ff0n4f14uepfbuj22fgfi684ki","acc":"v6hrwzMYhvXU"}
[2021-09-28 17:15:32.866][19112][INFO] [CMD:1016]{"token":"ff0n4f14uepfbuj22fgfi684ki","acc":"v6hrwzMYhvXU","page":1,"nickName":"","sortType":0}
[2021-09-28 17:17:10.542][19112][INFO] [CMD:101][ACC:v6hrwzMYhvXU]
[2021-09-28 17:17:10.719][19112][INFO] [CMD:1028]{"token":"pqepopcu14e1hrapk6rfk6cnae","acc":"v6hrwzMYhvXU"}
[2021-09-28 17:17:10.720][19112][INFO] [CMD:1025]{"token":"pqepopcu14e1hrapk6rfk6cnae","acc":"v6hrwzMYhvXU"}
[2021-09-28 17:17:10.743][19112][INFO] [CMD:1021]{"token":"pqepopcu14e1hrapk6rfk6cnae","acc":"v6hrwzMYhvXU"}
[2021-09-28 17:17:17.475][19112][INFO] [CMD:1023]{"token":"pqepopcu14e1hrapk6rfk6cnae","acc":"v6hrwzMYhvXU"}
[2021-09-28 17:17:17.481][19112][INFO] [CMD:1011]{"token":"pqepopcu14e1hrapk6rfk6cnae","acc":"v6hrwzMYhvXU"}
[2021-09-28 17:17:17.494][19112][INFO] [CMD:1001]{"token":"pqepopcu14e1hrapk6rfk6cnae","acc":"v6hrwzMYhvXU"}
[2021-09-28 17:20:04.509][19112][INFO] [CMD:1016]{"token":"pqepopcu14e1hrapk6rfk6cnae","acc":"v6hrwzMYhvXU","page":1,"nickName":"","sortType":0}
[2021-09-28 17:27:09.262][19112][INFO] [CMD:101][ACC:v6hrwzMYhvXU]
[2021-09-28 17:27:09.456][19112][INFO] [CMD:1028]{"token":"ubctfkpiap5ian0bl2bdiqdtqt","acc":"v6hrwzMYhvXU"}
[2021-09-28 17:27:09.461][19112][INFO] [CMD:1025]{"token":"ubctfkpiap5ian0bl2bdiqdtqt","acc":"v6hrwzMYhvXU"}
[2021-09-28 17:27:09.475][19112][INFO] [CMD:1021]{"token":"ubctfkpiap5ian0bl2bdiqdtqt","acc":"v6hrwzMYhvXU"}
[2021-09-28 17:27:15.376][19112][INFO] [CMD:1011]{"token":"ubctfkpiap5ian0bl2bdiqdtqt","acc":"v6hrwzMYhvXU"}
[2021-09-28 17:27:15.376][19112][INFO] [CMD:1001]{"token":"ubctfkpiap5ian0bl2bdiqdtqt","acc":"v6hrwzMYhvXU"}
[2021-09-28 17:27:15.377][19112][INFO] [CMD:1023]{"token":"ubctfkpiap5ian0bl2bdiqdtqt","acc":"v6hrwzMYhvXU"}
[2021-09-28 17:27:21.626][19112][INFO] [CMD:1016]{"token":"ubctfkpiap5ian0bl2bdiqdtqt","acc":"v6hrwzMYhvXU","page":1,"nickName":"","sortType":0}
[2021-09-28 17:27:50.441][19112][INFO] [CMD:101][ACC:v6hrwzMYhvXU]
[2021-09-28 17:27:50.584][19112][INFO] [CMD:1025]{"token":"8eivhe3aupaaqeojct9eoqkmlm","acc":"v6hrwzMYhvXU"}
[2021-09-28 17:27:50.603][19112][INFO] [CMD:1028]{"token":"8eivhe3aupaaqeojct9eoqkmlm","acc":"v6hrwzMYhvXU"}
[2021-09-28 17:27:50.610][19112][INFO] [CMD:1021]{"token":"8eivhe3aupaaqeojct9eoqkmlm","acc":"v6hrwzMYhvXU"}
[2021-09-28 17:27:55.822][19112][INFO] [CMD:1001]{"token":"8eivhe3aupaaqeojct9eoqkmlm","acc":"v6hrwzMYhvXU"}
[2021-09-28 17:27:55.830][19112][INFO] [CMD:1011]{"token":"8eivhe3aupaaqeojct9eoqkmlm","acc":"v6hrwzMYhvXU"}
[2021-09-28 17:27:55.844][19112][INFO] [CMD:1023]{"token":"8eivhe3aupaaqeojct9eoqkmlm","acc":"v6hrwzMYhvXU"}
[2021-09-28 17:31:04.051][19112][INFO] [CMD:1016]{"token":"8eivhe3aupaaqeojct9eoqkmlm","acc":"v6hrwzMYhvXU","page":1,"nickName":"","sortType":0}
[2021-09-28 17:33:03.476][19112][INFO] [CMD:101][ACC:v6hrwzMYhvXU]
[2021-09-28 17:33:03.645][19112][INFO] [CMD:1028]{"token":"2ahmt6d8thbsjk12rnqnpsjfjs","acc":"v6hrwzMYhvXU"}
[2021-09-28 17:33:03.665][19112][INFO] [CMD:1025]{"token":"2ahmt6d8thbsjk12rnqnpsjfjs","acc":"v6hrwzMYhvXU"}
[2021-09-28 17:33:03.679][19112][INFO] [CMD:1021]{"token":"2ahmt6d8thbsjk12rnqnpsjfjs","acc":"v6hrwzMYhvXU"}
[2021-09-28 17:33:11.047][19112][INFO] [CMD:1023]{"token":"2ahmt6d8thbsjk12rnqnpsjfjs","acc":"v6hrwzMYhvXU"}
[2021-09-28 17:33:11.049][19112][INFO] [CMD:1011]{"token":"2ahmt6d8thbsjk12rnqnpsjfjs","acc":"v6hrwzMYhvXU"}
[2021-09-28 17:33:11.055][19112][INFO] [CMD:1001]{"token":"2ahmt6d8thbsjk12rnqnpsjfjs","acc":"v6hrwzMYhvXU"}
[2021-09-28 17:33:23.869][19112][INFO] [CMD:1016]{"token":"2ahmt6d8thbsjk12rnqnpsjfjs","acc":"v6hrwzMYhvXU","page":1,"nickName":"","sortType":0}
[2021-09-28 17:35:02.087][19112][INFO] [CMD:101][ACC:v6hrwzMYhvXU]
[2021-09-28 17:35:02.420][19112][INFO] [CMD:1025]{"token":"def20nc1i1704822lgesjlbjva","acc":"v6hrwzMYhvXU"}
[2021-09-28 17:35:02.470][19112][INFO] [CMD:1028]{"token":"def20nc1i1704822lgesjlbjva","acc":"v6hrwzMYhvXU"}
[2021-09-28 17:35:02.470][19112][INFO] [CMD:1021]{"token":"def20nc1i1704822lgesjlbjva","acc":"v6hrwzMYhvXU"}
[2021-09-28 17:35:07.453][19112][INFO] [CMD:1023]{"token":"def20nc1i1704822lgesjlbjva","acc":"v6hrwzMYhvXU"}
[2021-09-28 17:35:07.458][19112][INFO] [CMD:1011]{"token":"def20nc1i1704822lgesjlbjva","acc":"v6hrwzMYhvXU"}
[2021-09-28 17:35:07.459][19112][INFO] [CMD:1001]{"token":"def20nc1i1704822lgesjlbjva","acc":"v6hrwzMYhvXU"}
[2021-09-28 17:35:18.385][19112][INFO] [CMD:1016]{"token":"def20nc1i1704822lgesjlbjva","acc":"v6hrwzMYhvXU","page":1,"nickName":"","sortType":0}
[2021-09-28 17:40:20.621][19112][INFO] [CMD:101][ACC:v6hrwzMYhvXU]
[2021-09-28 17:40:20.844][19112][INFO] [CMD:1025]{"token":"2van7itj0f2a6tl66ngb1npt0b","acc":"v6hrwzMYhvXU"}
[2021-09-28 17:40:20.854][19112][INFO] [CMD:1028]{"token":"2van7itj0f2a6tl66ngb1npt0b","acc":"v6hrwzMYhvXU"}
[2021-09-28 17:40:20.854][19112][INFO] [CMD:1021]{"token":"2van7itj0f2a6tl66ngb1npt0b","acc":"v6hrwzMYhvXU"}
[2021-09-28 17:40:26.051][19112][INFO] [CMD:1023]{"token":"2van7itj0f2a6tl66ngb1npt0b","acc":"v6hrwzMYhvXU"}
[2021-09-28 17:40:26.052][19112][INFO] [CMD:1011]{"token":"2van7itj0f2a6tl66ngb1npt0b","acc":"v6hrwzMYhvXU"}
[2021-09-28 17:40:26.055][19112][INFO] [CMD:1001]{"token":"2van7itj0f2a6tl66ngb1npt0b","acc":"v6hrwzMYhvXU"}
[2021-09-28 17:40:31.631][19112][INFO] [CMD:1016]{"token":"2van7itj0f2a6tl66ngb1npt0b","acc":"v6hrwzMYhvXU","page":1,"nickName":"","sortType":0}
[2021-09-28 17:40:38.064][19112][INFO] [CMD:1016]{"token":"2van7itj0f2a6tl66ngb1npt0b","acc":"v6hrwzMYhvXU","page":2,"nickName":"","sortType":0}
[2021-09-28 17:40:39.581][19112][INFO] [CMD:1016]{"token":"2van7itj0f2a6tl66ngb1npt0b","acc":"v6hrwzMYhvXU","page":1,"nickName":"","sortType":0}
[2021-09-28 17:42:08.284][19112][INFO] [CMD:101][ACC:v6hrwzMYhvXU]
[2021-09-28 17:42:08.442][19112][INFO] [CMD:1025]{"token":"grnvd1g3pvjeso3ie7thrsrf75","acc":"v6hrwzMYhvXU"}
[2021-09-28 17:42:08.454][19112][INFO] [CMD:1028]{"token":"grnvd1g3pvjeso3ie7thrsrf75","acc":"v6hrwzMYhvXU"}
[2021-09-28 17:42:08.484][19112][INFO] [CMD:1021]{"token":"grnvd1g3pvjeso3ie7thrsrf75","acc":"v6hrwzMYhvXU"}
[2021-09-28 17:42:13.625][19112][INFO] [CMD:1023]{"token":"grnvd1g3pvjeso3ie7thrsrf75","acc":"v6hrwzMYhvXU"}
[2021-09-28 17:42:13.630][19112][INFO] [CMD:1001]{"token":"grnvd1g3pvjeso3ie7thrsrf75","acc":"v6hrwzMYhvXU"}
[2021-09-28 17:42:13.647][19112][INFO] [CMD:1011]{"token":"grnvd1g3pvjeso3ie7thrsrf75","acc":"v6hrwzMYhvXU"}
[2021-09-28 17:42:20.989][19112][INFO] [CMD:1016]{"token":"grnvd1g3pvjeso3ie7thrsrf75","acc":"v6hrwzMYhvXU","page":1,"nickName":"","sortType":0}
[2021-09-28 17:44:32.887][19112][INFO] [CMD:101][ACC:v6hrwzMYhvXU]
[2021-09-28 17:44:33.073][19112][INFO] [CMD:1025]{"token":"noegb8c6hktf20socde5q2kgja","acc":"v6hrwzMYhvXU"}
[2021-09-28 17:44:33.081][19112][INFO] [CMD:1021]{"token":"noegb8c6hktf20socde5q2kgja","acc":"v6hrwzMYhvXU"}
[2021-09-28 17:44:33.081][19112][INFO] [CMD:1028]{"token":"noegb8c6hktf20socde5q2kgja","acc":"v6hrwzMYhvXU"}
[2021-09-28 17:44:42.094][19112][INFO] [CMD:1023]{"token":"noegb8c6hktf20socde5q2kgja","acc":"v6hrwzMYhvXU"}
[2021-09-28 17:44:42.101][19112][INFO] [CMD:1001]{"token":"noegb8c6hktf20socde5q2kgja","acc":"v6hrwzMYhvXU"}
[2021-09-28 17:44:42.101][19112][INFO] [CMD:1011]{"token":"noegb8c6hktf20socde5q2kgja","acc":"v6hrwzMYhvXU"}
[2021-09-28 18:27:54.469][19112][INFO] [CMD:101][ACC:v6hrwzMYhvXU]
[2021-09-28 18:27:54.627][19112][INFO] [CMD:1021]{"token":"2kcvo8ncuqnaevq59oceabufc4","acc":"v6hrwzMYhvXU"}
[2021-09-28 18:27:54.635][19112][INFO] [CMD:1025]{"token":"2kcvo8ncuqnaevq59oceabufc4","acc":"v6hrwzMYhvXU"}
[2021-09-28 18:27:54.636][19112][INFO] [CMD:1028]{"token":"2kcvo8ncuqnaevq59oceabufc4","acc":"v6hrwzMYhvXU"}
[2021-09-28 18:27:59.706][19112][INFO] [CMD:1011]{"token":"2kcvo8ncuqnaevq59oceabufc4","acc":"v6hrwzMYhvXU"}
[2021-09-28 18:27:59.706][19112][INFO] [CMD:1001]{"token":"2kcvo8ncuqnaevq59oceabufc4","acc":"v6hrwzMYhvXU"}
[2021-09-28 18:27:59.706][19112][INFO] [CMD:1023]{"token":"2kcvo8ncuqnaevq59oceabufc4","acc":"v6hrwzMYhvXU"}
[2021-09-28 18:28:02.553][19112][INFO] [CMD:1016]{"token":"2kcvo8ncuqnaevq59oceabufc4","acc":"v6hrwzMYhvXU","page":1,"nickName":"","sortType":0}
[2021-09-28 18:28:06.682][19112][INFO] [CMD:1016]{"token":"2kcvo8ncuqnaevq59oceabufc4","acc":"v6hrwzMYhvXU","page":1,"nickName":"","sortType":0}
[2021-09-28 18:29:23.728][19112][INFO] [CMD:101][ACC:qI47Rc8XQBqq]
[2021-09-28 18:29:24.192][19112][INFO] [CMD:1028]{"token":"sdlposg5cps99laoie0atbhqun","acc":"qI47Rc8XQBqq"}
[2021-09-28 18:29:24.195][19112][INFO] [CMD:1021]{"token":"sdlposg5cps99laoie0atbhqun","acc":"qI47Rc8XQBqq"}
[2021-09-28 18:29:24.208][19112][INFO] [CMD:1025]{"token":"sdlposg5cps99laoie0atbhqun","acc":"qI47Rc8XQBqq"}
[2021-09-28 18:29:30.751][19112][INFO] [CMD:1023]{"token":"sdlposg5cps99laoie0atbhqun","acc":"qI47Rc8XQBqq"}
[2021-09-28 18:29:30.756][19112][INFO] [CMD:1001]{"token":"sdlposg5cps99laoie0atbhqun","acc":"qI47Rc8XQBqq"}
[2021-09-28 18:29:30.756][19112][INFO] [CMD:1011]{"token":"sdlposg5cps99laoie0atbhqun","acc":"qI47Rc8XQBqq"}
[2021-09-28 18:29:34.782][19112][INFO] [CMD:1016]{"token":"sdlposg5cps99laoie0atbhqun","acc":"qI47Rc8XQBqq","page":1,"nickName":"","sortType":0}
[2021-09-28 18:29:43.992][19112][INFO] [CMD:1011]{"token":"sdlposg5cps99laoie0atbhqun","acc":"qI47Rc8XQBqq"}
[2021-09-28 18:29:44.003][19112][INFO] [CMD:1001]{"token":"sdlposg5cps99laoie0atbhqun","acc":"qI47Rc8XQBqq"}
[2021-09-28 18:29:49.117][19112][INFO] [CMD:1011]{"token":"sdlposg5cps99laoie0atbhqun","acc":"qI47Rc8XQBqq"}
[2021-09-28 18:29:55.122][19112][INFO] [CMD:9000]{"token":"sdlposg5cps99laoie0atbhqun","acc":"qI47Rc8XQBqq","productId":"craftstory_4900","transactionId":"ff5badab-1402-44f3-80bc-fad340024a4f"}
[2021-09-28 18:29:55.276][19112][INFO] [CMD:1011]{"token":"sdlposg5cps99laoie0atbhqun","acc":"qI47Rc8XQBqq"}
[2021-09-28 18:30:10.685][19112][INFO] [CMD:1011]{"token":"sdlposg5cps99laoie0atbhqun","acc":"qI47Rc8XQBqq"}
[2021-09-28 18:30:16.617][19112][INFO] [CMD:1010]{"token":"sdlposg5cps99laoie0atbhqun","acc":"qI47Rc8XQBqq","shopId":1000}
[2021-09-28 18:30:16.866][19112][INFO] [CMD:1001]{"token":"sdlposg5cps99laoie0atbhqun","acc":"qI47Rc8XQBqq"}
[2021-09-28 18:30:16.876][19112][INFO] [CMD:1011]{"token":"sdlposg5cps99laoie0atbhqun","acc":"qI47Rc8XQBqq"}
[2021-09-28 18:30:20.607][19112][INFO] [CMD:1001]{"token":"sdlposg5cps99laoie0atbhqun","acc":"qI47Rc8XQBqq"}
[2021-09-28 18:30:20.615][19112][INFO] [CMD:1011]{"token":"sdlposg5cps99laoie0atbhqun","acc":"qI47Rc8XQBqq"}
[2021-09-28 18:30:44.036][19112][INFO] [CMD:1015]{"token":"sdlposg5cps99laoie0atbhqun","acc":"qI47Rc8XQBqq","nickName":"gsdg"}
[2021-09-28 18:30:50.099][19112][INFO] [CMD:1014]{"token":"sdlposg5cps99laoie0atbhqun","acc":"qI47Rc8XQBqq","nickName":"gsdg","itemGuid":46,"site":1,"price":110}
[2021-09-28 18:30:50.274][19112][INFO] [CMD:1025]{"token":"sdlposg5cps99laoie0atbhqun","acc":"qI47Rc8XQBqq"}
[2021-09-28 18:33:19.986][19112][INFO] [CMD:101][ACC:qI47Rc8XQBqq]
[2021-09-28 18:33:20.560][19112][INFO] [CMD:1028]{"token":"67h351rqesfb3hkq1k08h8sp7h","acc":"qI47Rc8XQBqq"}
[2021-09-28 18:33:20.584][19112][INFO] [CMD:1025]{"token":"67h351rqesfb3hkq1k08h8sp7h","acc":"qI47Rc8XQBqq"}
[2021-09-28 18:33:20.585][19112][INFO] [CMD:1021]{"token":"67h351rqesfb3hkq1k08h8sp7h","acc":"qI47Rc8XQBqq"}
[2021-09-28 18:33:25.747][19112][INFO] [CMD:1011]{"token":"67h351rqesfb3hkq1k08h8sp7h","acc":"qI47Rc8XQBqq"}
[2021-09-28 18:33:25.747][19112][INFO] [CMD:1023]{"token":"67h351rqesfb3hkq1k08h8sp7h","acc":"qI47Rc8XQBqq"}
[2021-09-28 18:33:25.749][19112][INFO] [CMD:1001]{"token":"67h351rqesfb3hkq1k08h8sp7h","acc":"qI47Rc8XQBqq"}
[2021-09-28 18:33:28.979][19112][INFO] [CMD:1016]{"token":"67h351rqesfb3hkq1k08h8sp7h","acc":"qI47Rc8XQBqq","page":1,"nickName":"","sortType":0}
[2021-09-28 18:33:32.210][19112][INFO] [CMD:1018]{"token":"67h351rqesfb3hkq1k08h8sp7h","acc":"qI47Rc8XQBqq","site":1,"isfree":0}
[2021-09-28 18:33:36.963][19112][INFO] [CMD:1014]{"token":"67h351rqesfb3hkq1k08h8sp7h","acc":"qI47Rc8XQBqq","nickName":"gsdg","itemGuid":46,"site":1,"price":110}
[2021-09-28 18:33:37.122][19112][INFO] [CMD:1025]{"token":"67h351rqesfb3hkq1k08h8sp7h","acc":"qI47Rc8XQBqq"}
[2021-09-28 18:33:38.526][19112][INFO] [CMD:1013]{"token":"67h351rqesfb3hkq1k08h8sp7h","acc":"qI47Rc8XQBqq"}
[2021-09-28 18:33:43.109][19112][INFO] [CMD:1014]{"token":"67h351rqesfb3hkq1k08h8sp7h","acc":"qI47Rc8XQBqq","nickName":"gsdg","itemGuid":46,"site":2,"price":330}
[2021-09-28 18:33:43.383][19112][INFO] [CMD:1025]{"token":"67h351rqesfb3hkq1k08h8sp7h","acc":"qI47Rc8XQBqq"}
[2021-09-28 18:34:05.008][19112][INFO] [CMD:1018]{"token":"67h351rqesfb3hkq1k08h8sp7h","acc":"qI47Rc8XQBqq","site":2,"isfree":0}
[2021-09-28 18:34:06.004][19112][INFO] [CMD:1018]{"token":"67h351rqesfb3hkq1k08h8sp7h","acc":"qI47Rc8XQBqq","site":1,"isfree":0}
[2021-09-28 18:40:27.723][19112][INFO] [CMD:101][ACC:qI47Rc8XQBqq]
[2021-09-28 18:40:27.899][19112][INFO] [CMD:1025]{"token":"gjbe54bbqbis045c0gvfhud8gu","acc":"qI47Rc8XQBqq"}
[2021-09-28 18:40:27.914][19112][INFO] [CMD:1028]{"token":"gjbe54bbqbis045c0gvfhud8gu","acc":"qI47Rc8XQBqq"}
[2021-09-28 18:40:27.914][19112][INFO] [CMD:1021]{"token":"gjbe54bbqbis045c0gvfhud8gu","acc":"qI47Rc8XQBqq"}
[2021-09-28 18:40:32.931][19112][INFO] [CMD:1023]{"token":"gjbe54bbqbis045c0gvfhud8gu","acc":"qI47Rc8XQBqq"}
[2021-09-28 18:40:32.932][19112][INFO] [CMD:1001]{"token":"gjbe54bbqbis045c0gvfhud8gu","acc":"qI47Rc8XQBqq"}
[2021-09-28 18:40:32.936][19112][INFO] [CMD:1011]{"token":"gjbe54bbqbis045c0gvfhud8gu","acc":"qI47Rc8XQBqq"}
[2021-09-28 18:40:34.911][19112][INFO] [CMD:1016]{"token":"gjbe54bbqbis045c0gvfhud8gu","acc":"qI47Rc8XQBqq","page":1,"nickName":"","sortType":0}
[2021-09-28 18:52:25.703][19112][INFO] [CMD:101][ACC:qI47Rc8XQBqq]
[2021-09-28 18:52:25.924][19112][INFO] [CMD:1025]{"token":"4sj3ru0k9n15rp3tid6jd3mb8k","acc":"qI47Rc8XQBqq"}
[2021-09-28 18:52:25.932][19112][INFO] [CMD:1028]{"token":"4sj3ru0k9n15rp3tid6jd3mb8k","acc":"qI47Rc8XQBqq"}
[2021-09-28 18:52:25.939][19112][INFO] [CMD:1021]{"token":"4sj3ru0k9n15rp3tid6jd3mb8k","acc":"qI47Rc8XQBqq"}
[2021-09-28 18:52:30.906][19112][INFO] [CMD:1001]{"token":"4sj3ru0k9n15rp3tid6jd3mb8k","acc":"qI47Rc8XQBqq"}
[2021-09-28 18:52:30.909][19112][INFO] [CMD:1011]{"token":"4sj3ru0k9n15rp3tid6jd3mb8k","acc":"qI47Rc8XQBqq"}
[2021-09-28 18:52:30.919][19112][INFO] [CMD:1023]{"token":"4sj3ru0k9n15rp3tid6jd3mb8k","acc":"qI47Rc8XQBqq"}
[2021-09-28 18:52:33.158][19112][INFO] [CMD:1016]{"token":"4sj3ru0k9n15rp3tid6jd3mb8k","acc":"qI47Rc8XQBqq","page":1,"nickName":"","sortType":0}
[2021-09-28 18:52:36.689][19112][INFO] [CMD:1048]{"token":"4sj3ru0k9n15rp3tid6jd3mb8k","acc":"qI47Rc8XQBqq","guid":46}
[2021-09-28 18:53:04.067][19112][INFO] [CMD:1048]{"token":"4sj3ru0k9n15rp3tid6jd3mb8k","acc":"qI47Rc8XQBqq","guid":46}
[2021-09-28 18:53:54.973][19112][INFO] [CMD:1048]{"token":"4sj3ru0k9n15rp3tid6jd3mb8k","acc":"qI47Rc8XQBqq","guid":46}
[2021-09-28 18:55:27.455][19112][INFO] [CMD:1048]{"token":"4sj3ru0k9n15rp3tid6jd3mb8k","acc":"qI47Rc8XQBqq","guid":46}
[2021-09-28 18:56:06.337][19112][INFO] [CMD:1048]{"token":"4sj3ru0k9n15rp3tid6jd3mb8k","acc":"qI47Rc8XQBqq","guid":46}
[2021-09-28 18:56:42.821][19112][INFO] [CMD:1048]{"token":"4sj3ru0k9n15rp3tid6jd3mb8k","acc":"qI47Rc8XQBqq","guid":46}
[2021-09-28 18:57:22.144][19112][INFO] [CMD:101][ACC:qI47Rc8XQBqq]
[2021-09-28 18:57:22.296][19112][INFO] [CMD:1028]{"token":"a31ik8u72gonkfonh9q78410vt","acc":"qI47Rc8XQBqq"}
[2021-09-28 18:57:22.298][19112][INFO] [CMD:1021]{"token":"a31ik8u72gonkfonh9q78410vt","acc":"qI47Rc8XQBqq"}
[2021-09-28 18:57:22.326][19112][INFO] [CMD:1025]{"token":"a31ik8u72gonkfonh9q78410vt","acc":"qI47Rc8XQBqq"}
[2021-09-28 18:57:27.295][19112][INFO] [CMD:1023]{"token":"a31ik8u72gonkfonh9q78410vt","acc":"qI47Rc8XQBqq"}
[2021-09-28 18:57:27.306][19112][INFO] [CMD:1001]{"token":"a31ik8u72gonkfonh9q78410vt","acc":"qI47Rc8XQBqq"}
[2021-09-28 18:57:27.310][19112][INFO] [CMD:1011]{"token":"a31ik8u72gonkfonh9q78410vt","acc":"qI47Rc8XQBqq"}
[2021-09-28 18:57:28.788][19112][INFO] [CMD:1016]{"token":"a31ik8u72gonkfonh9q78410vt","acc":"qI47Rc8XQBqq","page":1,"nickName":"","sortType":0}
[2021-09-28 18:57:37.523][19112][INFO] [CMD:1048]{"token":"a31ik8u72gonkfonh9q78410vt","acc":"qI47Rc8XQBqq","guid":46}
[2021-09-28 18:57:43.441][19112][INFO] [CMD:1048]{"token":"a31ik8u72gonkfonh9q78410vt","acc":"qI47Rc8XQBqq","guid":46}
[2021-09-28 19:10:26.202][19112][INFO] [CMD:101][ACC:qI47Rc8XQBqq]
[2021-09-28 19:10:26.362][19112][INFO] [CMD:1028]{"token":"l84ids1ie40gonbkfg78jpmc3q","acc":"qI47Rc8XQBqq"}
[2021-09-28 19:10:26.376][19112][INFO] [CMD:1025]{"token":"l84ids1ie40gonbkfg78jpmc3q","acc":"qI47Rc8XQBqq"}
[2021-09-28 19:10:26.385][19112][INFO] [CMD:1021]{"token":"l84ids1ie40gonbkfg78jpmc3q","acc":"qI47Rc8XQBqq"}
[2021-09-28 19:10:31.448][19112][INFO] [CMD:1023]{"token":"l84ids1ie40gonbkfg78jpmc3q","acc":"qI47Rc8XQBqq"}
[2021-09-28 19:10:31.455][19112][INFO] [CMD:1001]{"token":"l84ids1ie40gonbkfg78jpmc3q","acc":"qI47Rc8XQBqq"}
[2021-09-28 19:10:31.462][19112][INFO] [CMD:1011]{"token":"l84ids1ie40gonbkfg78jpmc3q","acc":"qI47Rc8XQBqq"}
[2021-09-28 19:10:33.210][19112][INFO] [CMD:1016]{"token":"l84ids1ie40gonbkfg78jpmc3q","acc":"qI47Rc8XQBqq","page":1,"nickName":"","sortType":0}
[2021-09-28 19:10:36.938][19112][INFO] [CMD:1048]{"token":"l84ids1ie40gonbkfg78jpmc3q","acc":"qI47Rc8XQBqq","guid":46}
[2021-09-28 19:34:12.725][19112][INFO] [CMD:101][ACC:qI47Rc8XQBqq]
[2021-09-28 19:34:13.170][19112][INFO] [CMD:1028]{"token":"tfr1041nq862pqdr952r0bden7","acc":"qI47Rc8XQBqq"}
[2021-09-28 19:34:13.194][19112][INFO] [CMD:1025]{"token":"tfr1041nq862pqdr952r0bden7","acc":"qI47Rc8XQBqq"}
[2021-09-28 19:34:13.194][19112][INFO] [CMD:1021]{"token":"tfr1041nq862pqdr952r0bden7","acc":"qI47Rc8XQBqq"}
[2021-09-28 19:34:21.806][19112][INFO] [CMD:1023]{"token":"tfr1041nq862pqdr952r0bden7","acc":"qI47Rc8XQBqq"}
[2021-09-28 19:34:21.810][19112][INFO] [CMD:1001]{"token":"tfr1041nq862pqdr952r0bden7","acc":"qI47Rc8XQBqq"}
[2021-09-28 19:34:21.813][19112][INFO] [CMD:1011]{"token":"tfr1041nq862pqdr952r0bden7","acc":"qI47Rc8XQBqq"}
[2021-09-28 20:01:20.245][19112][INFO] [CMD:101][ACC:qI47Rc8XQBqq]
[2021-09-28 20:01:20.715][19112][INFO] [CMD:1025]{"token":"mjtu68e1no9n7nhmfo3o6snur4","acc":"qI47Rc8XQBqq"}
[2021-09-28 20:01:20.733][19112][INFO] [CMD:1021]{"token":"mjtu68e1no9n7nhmfo3o6snur4","acc":"qI47Rc8XQBqq"}
[2021-09-28 20:01:20.770][19112][INFO] [CMD:1028]{"token":"mjtu68e1no9n7nhmfo3o6snur4","acc":"qI47Rc8XQBqq"}
[2021-09-28 20:01:25.812][19112][INFO] [CMD:1023]{"token":"mjtu68e1no9n7nhmfo3o6snur4","acc":"qI47Rc8XQBqq"}
[2021-09-28 20:01:25.812][19112][INFO] [CMD:1001]{"token":"mjtu68e1no9n7nhmfo3o6snur4","acc":"qI47Rc8XQBqq"}
[2021-09-28 20:01:25.816][19112][INFO] [CMD:1011]{"token":"mjtu68e1no9n7nhmfo3o6snur4","acc":"qI47Rc8XQBqq"}
[2021-09-28 20:01:28.987][19112][INFO] [CMD:1016]{"token":"mjtu68e1no9n7nhmfo3o6snur4","acc":"qI47Rc8XQBqq","page":1,"nickName":"","sortType":0}
[2021-09-28 20:05:12.264][19112][INFO] [CMD:101][ACC:qI47Rc8XQBqq]
[2021-09-28 20:05:12.664][19112][INFO] [CMD:1025]{"token":"267ak6174g45jb3a2v9t2s7de3","acc":"qI47Rc8XQBqq"}
[2021-09-28 20:05:12.668][19112][INFO] [CMD:1021]{"token":"267ak6174g45jb3a2v9t2s7de3","acc":"qI47Rc8XQBqq"}
[2021-09-28 20:05:12.687][19112][INFO] [CMD:1028]{"token":"267ak6174g45jb3a2v9t2s7de3","acc":"qI47Rc8XQBqq"}
[2021-09-28 20:05:19.423][19112][INFO] [CMD:1023]{"token":"267ak6174g45jb3a2v9t2s7de3","acc":"qI47Rc8XQBqq"}
[2021-09-28 20:05:19.424][19112][INFO] [CMD:1001]{"token":"267ak6174g45jb3a2v9t2s7de3","acc":"qI47Rc8XQBqq"}
[2021-09-28 20:05:19.425][19112][INFO] [CMD:1011]{"token":"267ak6174g45jb3a2v9t2s7de3","acc":"qI47Rc8XQBqq"}
[2021-09-28 20:05:22.567][19112][INFO] [CMD:1016]{"token":"267ak6174g45jb3a2v9t2s7de3","acc":"qI47Rc8XQBqq","page":1,"nickName":"","sortType":0}
[2021-09-28 20:07:13.080][19112][INFO] [CMD:101][ACC:qI47Rc8XQBqq]
[2021-09-28 20:07:13.849][19112][INFO] [CMD:1025]{"token":"vsor65vuqf4jmpmee2fa4jos0g","acc":"qI47Rc8XQBqq"}
[2021-09-28 20:07:13.864][19112][INFO] [CMD:1028]{"token":"vsor65vuqf4jmpmee2fa4jos0g","acc":"qI47Rc8XQBqq"}
[2021-09-28 20:07:14.096][19112][INFO] [CMD:1021]{"token":"vsor65vuqf4jmpmee2fa4jos0g","acc":"qI47Rc8XQBqq"}
[2021-09-28 20:07:18.758][19112][INFO] [CMD:1011]{"token":"vsor65vuqf4jmpmee2fa4jos0g","acc":"qI47Rc8XQBqq"}
[2021-09-28 20:07:18.760][19112][INFO] [CMD:1001]{"token":"vsor65vuqf4jmpmee2fa4jos0g","acc":"qI47Rc8XQBqq"}
[2021-09-28 20:07:18.764][19112][INFO] [CMD:1023]{"token":"vsor65vuqf4jmpmee2fa4jos0g","acc":"qI47Rc8XQBqq"}
[2021-09-28 20:07:20.419][19112][INFO] [CMD:1016]{"token":"vsor65vuqf4jmpmee2fa4jos0g","acc":"qI47Rc8XQBqq","page":1,"nickName":"","sortType":0}
[2021-09-28 20:07:37.432][19112][INFO] [CMD:1048]{"token":"vsor65vuqf4jmpmee2fa4jos0g","acc":"qI47Rc8XQBqq","guid":46}
[2021-09-28 20:08:12.221][19112][INFO] [CMD:1014]{"token":"vsor65vuqf4jmpmee2fa4jos0g","acc":"qI47Rc8XQBqq","nickName":"gsdg","itemGuid":46,"site":1,"price":110,"texture":"Blueprint-qI47Rc8XQBqq-20210928080801"}
[2021-09-28 20:10:17.134][19112][INFO] [CMD:1025]{"token":"vsor65vuqf4jmpmee2fa4jos0g","acc":"qI47Rc8XQBqq"}
[2021-09-28 20:13:04.957][19112][INFO] [CMD:101][ACC:qI47Rc8XQBqq]
[2021-09-28 20:13:05.108][19112][INFO] [CMD:1025]{"token":"b7bd309idpms2q9vlpc42lbu2o","acc":"qI47Rc8XQBqq"}
[2021-09-28 20:13:05.121][19112][INFO] [CMD:1028]{"token":"b7bd309idpms2q9vlpc42lbu2o","acc":"qI47Rc8XQBqq"}
[2021-09-28 20:13:05.122][19112][INFO] [CMD:1021]{"token":"b7bd309idpms2q9vlpc42lbu2o","acc":"qI47Rc8XQBqq"}
[2021-09-28 20:13:10.350][19112][INFO] [CMD:1023]{"token":"b7bd309idpms2q9vlpc42lbu2o","acc":"qI47Rc8XQBqq"}
[2021-09-28 20:13:10.369][19112][INFO] [CMD:1001]{"token":"b7bd309idpms2q9vlpc42lbu2o","acc":"qI47Rc8XQBqq"}
[2021-09-28 20:13:10.370][19112][INFO] [CMD:1011]{"token":"b7bd309idpms2q9vlpc42lbu2o","acc":"qI47Rc8XQBqq"}
[2021-09-28 20:13:12.677][19112][INFO] [CMD:1016]{"token":"b7bd309idpms2q9vlpc42lbu2o","acc":"qI47Rc8XQBqq","page":1,"nickName":"","sortType":0}
[2021-09-28 20:14:24.174][19112][INFO] [CMD:101][ACC:qI47Rc8XQBqq]
[2021-09-28 20:14:24.365][19112][INFO] [CMD:1028]{"token":"8dqinv7m3u2b62kfehiocrj8cn","acc":"qI47Rc8XQBqq"}
[2021-09-28 20:14:24.400][19112][INFO] [CMD:1021]{"token":"8dqinv7m3u2b62kfehiocrj8cn","acc":"qI47Rc8XQBqq"}
[2021-09-28 20:14:24.424][19112][INFO] [CMD:1025]{"token":"8dqinv7m3u2b62kfehiocrj8cn","acc":"qI47Rc8XQBqq"}
[2021-09-28 20:14:31.010][19112][INFO] [CMD:1001]{"token":"8dqinv7m3u2b62kfehiocrj8cn","acc":"qI47Rc8XQBqq"}
[2021-09-28 20:14:31.012][19112][INFO] [CMD:1023]{"token":"8dqinv7m3u2b62kfehiocrj8cn","acc":"qI47Rc8XQBqq"}
[2021-09-28 20:14:31.026][19112][INFO] [CMD:1011]{"token":"8dqinv7m3u2b62kfehiocrj8cn","acc":"qI47Rc8XQBqq"}
[2021-09-28 20:14:33.424][19112][INFO] [CMD:1016]{"token":"8dqinv7m3u2b62kfehiocrj8cn","acc":"qI47Rc8XQBqq","page":1,"nickName":"","sortType":0}
[2021-09-28 20:14:48.618][19112][INFO] [CMD:1048]{"token":"8dqinv7m3u2b62kfehiocrj8cn","acc":"qI47Rc8XQBqq","guid":46}
[2021-09-28 20:14:57.120][19112][INFO] [CMD:1048]{"token":"8dqinv7m3u2b62kfehiocrj8cn","acc":"qI47Rc8XQBqq","guid":46}
[2021-09-28 20:15:02.977][19112][INFO] [CMD:1014]{"token":"8dqinv7m3u2b62kfehiocrj8cn","acc":"qI47Rc8XQBqq","nickName":"gsdg","itemGuid":46,"site":2,"price":110,"texture":"Blueprint-qI47Rc8XQBqq-20210928081502"}
[2021-09-28 20:15:03.099][19112][INFO] [CMD:1025]{"token":"8dqinv7m3u2b62kfehiocrj8cn","acc":"qI47Rc8XQBqq"}
[2021-09-28 20:15:16.431][19112][INFO] [CMD:1039]{"token":"8dqinv7m3u2b62kfehiocrj8cn","acc":"qI47Rc8XQBqq","myshopId":10}
[2021-09-28 20:15:19.242][19112][INFO] [CMD:1039]{"token":"8dqinv7m3u2b62kfehiocrj8cn","acc":"qI47Rc8XQBqq","myshopId":9}
[2021-09-28 20:15:40.536][19112][INFO] [CMD:101][ACC:v6hrwzMYhvXU]
[2021-09-28 20:15:41.179][19112][INFO] [CMD:1025]{"token":"m1qer2brkiekj75thlregeg2u6","acc":"v6hrwzMYhvXU"}
[2021-09-28 20:15:41.184][19112][INFO] [CMD:1021]{"token":"m1qer2brkiekj75thlregeg2u6","acc":"v6hrwzMYhvXU"}
[2021-09-28 20:15:42.214][19112][INFO] [CMD:1028]{"token":"m1qer2brkiekj75thlregeg2u6","acc":"v6hrwzMYhvXU"}
[2021-09-28 20:15:47.080][19112][INFO] [CMD:1023]{"token":"m1qer2brkiekj75thlregeg2u6","acc":"v6hrwzMYhvXU"}
[2021-09-28 20:15:47.082][19112][INFO] [CMD:1011]{"token":"m1qer2brkiekj75thlregeg2u6","acc":"v6hrwzMYhvXU"}
[2021-09-28 20:15:47.082][19112][INFO] [CMD:1001]{"token":"m1qer2brkiekj75thlregeg2u6","acc":"v6hrwzMYhvXU"}
[2021-09-28 20:15:54.214][19112][INFO] [CMD:1016]{"token":"m1qer2brkiekj75thlregeg2u6","acc":"v6hrwzMYhvXU","page":1,"nickName":"","sortType":0}
[2021-09-28 20:15:57.891][19112][INFO] [CMD:1018]{"token":"m1qer2brkiekj75thlregeg2u6","acc":"v6hrwzMYhvXU","site":1,"isfree":0}
[2021-09-28 20:16:00.000][19112][INFO] [CMD:1016]{"token":"m1qer2brkiekj75thlregeg2u6","acc":"v6hrwzMYhvXU","page":1,"nickName":"","sortType":0}
[2021-09-28 20:16:02.113][19112][INFO] [CMD:1016]{"token":"m1qer2brkiekj75thlregeg2u6","acc":"v6hrwzMYhvXU","page":2,"nickName":"","sortType":0}
[2021-09-28 20:16:03.793][19112][INFO] [CMD:1016]{"token":"m1qer2brkiekj75thlregeg2u6","acc":"v6hrwzMYhvXU","page":1,"nickName":"","sortType":0}
[2021-09-28 20:16:08.952][19112][INFO] [CMD:1016]{"token":"m1qer2brkiekj75thlregeg2u6","acc":"v6hrwzMYhvXU","page":2,"nickName":"","sortType":0}
[2021-09-28 20:16:10.490][19112][INFO] [CMD:1016]{"token":"m1qer2brkiekj75thlregeg2u6","acc":"v6hrwzMYhvXU","page":1,"nickName":"","sortType":0}
[2021-09-28 20:16:34.375][19112][INFO] [CMD:1016]{"token":"m1qer2brkiekj75thlregeg2u6","acc":"v6hrwzMYhvXU","page":1,"nickName":"","sortType":0}
[2021-09-28 20:16:50.777][19112][INFO] [CMD:1016]{"token":"m1qer2brkiekj75thlregeg2u6","acc":"v6hrwzMYhvXU","page":2,"nickName":"","sortType":0}
[2021-09-28 20:17:49.981][19112][INFO] [CMD:101][ACC:v6hrwzMYhvXU]
[2021-09-28 20:17:50.169][19112][INFO] [CMD:1025]{"token":"e2q4unp405umvnk52sado6uurc","acc":"v6hrwzMYhvXU"}
[2021-09-28 20:17:50.188][19112][INFO] [CMD:1021]{"token":"e2q4unp405umvnk52sado6uurc","acc":"v6hrwzMYhvXU"}
[2021-09-28 20:17:50.188][19112][INFO] [CMD:1028]{"token":"e2q4unp405umvnk52sado6uurc","acc":"v6hrwzMYhvXU"}
[2021-09-28 20:17:55.430][19112][INFO] [CMD:1001]{"token":"e2q4unp405umvnk52sado6uurc","acc":"v6hrwzMYhvXU"}
[2021-09-28 20:17:55.431][19112][INFO] [CMD:1023]{"token":"e2q4unp405umvnk52sado6uurc","acc":"v6hrwzMYhvXU"}
[2021-09-28 20:17:55.433][19112][INFO] [CMD:1011]{"token":"e2q4unp405umvnk52sado6uurc","acc":"v6hrwzMYhvXU"}
[2021-09-28 20:17:56.834][19112][INFO] [CMD:1016]{"token":"e2q4unp405umvnk52sado6uurc","acc":"v6hrwzMYhvXU","page":1,"nickName":"","sortType":0}
[2021-09-28 20:18:05.422][19112][INFO] [CMD:1016]{"token":"e2q4unp405umvnk52sado6uurc","acc":"v6hrwzMYhvXU","page":2,"nickName":"","sortType":0}
[2021-09-28 20:19:11.428][19112][INFO] [CMD:101][ACC:qI47Rc8XQBqq]
[2021-09-28 20:19:11.709][19112][INFO] [CMD:1028]{"token":"n89dmvu1tdbm0n85eh6s0s2i0v","acc":"qI47Rc8XQBqq"}
[2021-09-28 20:19:11.709][19112][INFO] [CMD:1025]{"token":"n89dmvu1tdbm0n85eh6s0s2i0v","acc":"qI47Rc8XQBqq"}
[2021-09-28 20:19:11.726][19112][INFO] [CMD:1021]{"token":"n89dmvu1tdbm0n85eh6s0s2i0v","acc":"qI47Rc8XQBqq"}
[2021-09-28 20:19:17.013][19112][INFO] [CMD:1023]{"token":"n89dmvu1tdbm0n85eh6s0s2i0v","acc":"qI47Rc8XQBqq"}
[2021-09-28 20:19:17.016][19112][INFO] [CMD:1001]{"token":"n89dmvu1tdbm0n85eh6s0s2i0v","acc":"qI47Rc8XQBqq"}
[2021-09-28 20:19:17.018][19112][INFO] [CMD:1011]{"token":"n89dmvu1tdbm0n85eh6s0s2i0v","acc":"qI47Rc8XQBqq"}
[2021-09-28 20:19:19.385][19112][INFO] [CMD:1016]{"token":"n89dmvu1tdbm0n85eh6s0s2i0v","acc":"qI47Rc8XQBqq","page":1,"nickName":"","sortType":0}
[2021-09-28 20:19:26.181][19112][INFO] [CMD:1016]{"token":"n89dmvu1tdbm0n85eh6s0s2i0v","acc":"qI47Rc8XQBqq","page":1,"nickName":"","sortType":0}
[2021-09-28 20:19:30.970][19112][INFO] [CMD:1018]{"token":"n89dmvu1tdbm0n85eh6s0s2i0v","acc":"qI47Rc8XQBqq","site":1,"isfree":0}
[2021-09-28 20:19:32.681][19112][INFO] [CMD:1018]{"token":"n89dmvu1tdbm0n85eh6s0s2i0v","acc":"qI47Rc8XQBqq","site":2,"isfree":0}
[2021-09-28 20:19:37.339][19112][INFO] [CMD:1048]{"token":"n89dmvu1tdbm0n85eh6s0s2i0v","acc":"qI47Rc8XQBqq","guid":46}
[2021-09-28 20:19:46.929][19112][INFO] [CMD:1048]{"token":"n89dmvu1tdbm0n85eh6s0s2i0v","acc":"qI47Rc8XQBqq","guid":46}
[2021-09-28 20:19:52.437][19112][INFO] [CMD:1014]{"token":"n89dmvu1tdbm0n85eh6s0s2i0v","acc":"qI47Rc8XQBqq","nickName":"gsdg","itemGuid":46,"site":1,"price":110,"texture":"Blueprint-qI47Rc8XQBqq-20210928081952"}
[2021-09-28 20:19:52.683][19112][INFO] [CMD:1025]{"token":"n89dmvu1tdbm0n85eh6s0s2i0v","acc":"qI47Rc8XQBqq"}
[2021-09-28 20:20:03.417][19112][INFO] [CMD:1039]{"token":"n89dmvu1tdbm0n85eh6s0s2i0v","acc":"qI47Rc8XQBqq","myshopId":1}
[2021-09-28 20:22:44.341][19112][INFO] [CMD:101][ACC:qI47Rc8XQBqq]
[2021-09-28 20:22:44.499][19112][INFO] [CMD:1025]{"token":"53o6lg7bfflc5mbcakb74aqp31","acc":"qI47Rc8XQBqq"}
[2021-09-28 20:22:44.522][19112][INFO] [CMD:1028]{"token":"53o6lg7bfflc5mbcakb74aqp31","acc":"qI47Rc8XQBqq"}
[2021-09-28 20:22:44.542][19112][INFO] [CMD:1021]{"token":"53o6lg7bfflc5mbcakb74aqp31","acc":"qI47Rc8XQBqq"}
[2021-09-28 20:22:49.837][19112][INFO] [CMD:1023]{"token":"53o6lg7bfflc5mbcakb74aqp31","acc":"qI47Rc8XQBqq"}
[2021-09-28 20:22:49.842][19112][INFO] [CMD:1001]{"token":"53o6lg7bfflc5mbcakb74aqp31","acc":"qI47Rc8XQBqq"}
[2021-09-28 20:22:49.843][19112][INFO] [CMD:1011]{"token":"53o6lg7bfflc5mbcakb74aqp31","acc":"qI47Rc8XQBqq"}
[2021-09-28 20:22:51.798][19112][INFO] [CMD:1016]{"token":"53o6lg7bfflc5mbcakb74aqp31","acc":"qI47Rc8XQBqq","page":1,"nickName":"","sortType":0}
[2021-09-28 20:22:55.863][19112][INFO] [CMD:1018]{"token":"53o6lg7bfflc5mbcakb74aqp31","acc":"qI47Rc8XQBqq","site":1,"isfree":0}
[2021-09-28 20:22:59.600][19112][INFO] [CMD:1048]{"token":"53o6lg7bfflc5mbcakb74aqp31","acc":"qI47Rc8XQBqq","guid":46}
[2021-09-28 20:23:03.828][19112][INFO] [CMD:1014]{"token":"53o6lg7bfflc5mbcakb74aqp31","acc":"qI47Rc8XQBqq","nickName":"gsdg","itemGuid":46,"site":1,"price":110,"texture":"Blueprint-qI47Rc8XQBqq-20210928082303"}
[2021-09-28 20:23:04.008][19112][INFO] [CMD:1025]{"token":"53o6lg7bfflc5mbcakb74aqp31","acc":"qI47Rc8XQBqq"}
[2021-09-28 20:23:08.878][19112][INFO] [CMD:1039]{"token":"53o6lg7bfflc5mbcakb74aqp31","acc":"qI47Rc8XQBqq","myshopId":1}
[2021-09-28 20:23:25.219][19112][INFO] [CMD:1018]{"token":"53o6lg7bfflc5mbcakb74aqp31","acc":"qI47Rc8XQBqq","site":1,"isfree":0}
[2021-09-28 20:23:29.251][19112][INFO] [CMD:1048]{"token":"53o6lg7bfflc5mbcakb74aqp31","acc":"qI47Rc8XQBqq","guid":46}
[2021-09-28 20:23:33.073][19112][INFO] [CMD:1014]{"token":"53o6lg7bfflc5mbcakb74aqp31","acc":"qI47Rc8XQBqq","nickName":"gsdg","itemGuid":46,"site":1,"price":110,"texture":"Blueprint-qI47Rc8XQBqq-20210928082332"}
[2021-09-28 20:23:33.933][19112][INFO] [CMD:1025]{"token":"53o6lg7bfflc5mbcakb74aqp31","acc":"qI47Rc8XQBqq"}
[2021-09-28 20:23:42.300][19112][INFO] [CMD:1039]{"token":"53o6lg7bfflc5mbcakb74aqp31","acc":"qI47Rc8XQBqq","myshopId":1}
[2021-09-28 20:26:30.018][19112][INFO] [CMD:101][ACC:qI47Rc8XQBqq]
[2021-09-28 20:26:30.209][19112][INFO] [CMD:1025]{"token":"8cfe329pmgcela3qe85fl0n6h6","acc":"qI47Rc8XQBqq"}
[2021-09-28 20:26:30.211][19112][INFO] [CMD:1021]{"token":"8cfe329pmgcela3qe85fl0n6h6","acc":"qI47Rc8XQBqq"}
[2021-09-28 20:26:30.216][19112][INFO] [CMD:1028]{"token":"8cfe329pmgcela3qe85fl0n6h6","acc":"qI47Rc8XQBqq"}
[2021-09-28 20:26:35.358][19112][INFO] [CMD:1001]{"token":"8cfe329pmgcela3qe85fl0n6h6","acc":"qI47Rc8XQBqq"}
[2021-09-28 20:26:35.375][19112][INFO] [CMD:1023]{"token":"8cfe329pmgcela3qe85fl0n6h6","acc":"qI47Rc8XQBqq"}
[2021-09-28 20:26:35.377][19112][INFO] [CMD:1011]{"token":"8cfe329pmgcela3qe85fl0n6h6","acc":"qI47Rc8XQBqq"}
[2021-09-28 20:26:37.916][19112][INFO] [CMD:1016]{"token":"8cfe329pmgcela3qe85fl0n6h6","acc":"qI47Rc8XQBqq","page":1,"nickName":"","sortType":0}
[2021-09-28 20:27:25.970][19112][INFO] [CMD:101][ACC:qI47Rc8XQBqq]
[2021-09-28 20:27:26.150][19112][INFO] [CMD:1025]{"token":"dpnqpta3hkad7eergfbc077ugs","acc":"qI47Rc8XQBqq"}
[2021-09-28 20:27:26.156][19112][INFO] [CMD:1028]{"token":"dpnqpta3hkad7eergfbc077ugs","acc":"qI47Rc8XQBqq"}
[2021-09-28 20:27:26.158][19112][INFO] [CMD:1021]{"token":"dpnqpta3hkad7eergfbc077ugs","acc":"qI47Rc8XQBqq"}
[2021-09-28 20:27:31.723][19112][INFO] [CMD:1001]{"token":"dpnqpta3hkad7eergfbc077ugs","acc":"qI47Rc8XQBqq"}
[2021-09-28 20:27:31.743][19112][INFO] [CMD:1023]{"token":"dpnqpta3hkad7eergfbc077ugs","acc":"qI47Rc8XQBqq"}
[2021-09-28 20:27:31.751][19112][INFO] [CMD:1011]{"token":"dpnqpta3hkad7eergfbc077ugs","acc":"qI47Rc8XQBqq"}
[2021-09-28 20:27:33.898][19112][INFO] [CMD:1016]{"token":"dpnqpta3hkad7eergfbc077ugs","acc":"qI47Rc8XQBqq","page":1,"nickName":"","sortType":0}
[2021-09-28 20:27:53.125][19112][INFO] [CMD:1048]{"token":"dpnqpta3hkad7eergfbc077ugs","acc":"qI47Rc8XQBqq","guid":46}
[2021-09-28 20:27:58.052][19112][INFO] [CMD:1014]{"token":"dpnqpta3hkad7eergfbc077ugs","acc":"qI47Rc8XQBqq","nickName":"gsdg","itemGuid":46,"site":2,"price":330,"texture":"Blueprint-qI47Rc8XQBqq-20210928082757"}
[2021-09-28 20:27:58.219][19112][INFO] [CMD:1025]{"token":"dpnqpta3hkad7eergfbc077ugs","acc":"qI47Rc8XQBqq"}
[2021-09-28 20:28:06.919][19112][INFO] [CMD:1039]{"token":"dpnqpta3hkad7eergfbc077ugs","acc":"qI47Rc8XQBqq","myshopId":9}
[2021-09-28 20:28:23.155][19112][INFO] [CMD:101][ACC:qI47Rc8XQBqq]
[2021-09-28 20:28:23.325][19112][INFO] [CMD:1025]{"token":"ohuei5e9ovgnesbjmq35df1pji","acc":"qI47Rc8XQBqq"}
[2021-09-28 20:28:23.344][19112][INFO] [CMD:1028]{"token":"ohuei5e9ovgnesbjmq35df1pji","acc":"qI47Rc8XQBqq"}
[2021-09-28 20:28:23.358][19112][INFO] [CMD:1021]{"token":"ohuei5e9ovgnesbjmq35df1pji","acc":"qI47Rc8XQBqq"}
[2021-09-28 20:28:30.072][19112][INFO] [CMD:1001]{"token":"ohuei5e9ovgnesbjmq35df1pji","acc":"qI47Rc8XQBqq"}
[2021-09-28 20:28:30.074][19112][INFO] [CMD:1023]{"token":"ohuei5e9ovgnesbjmq35df1pji","acc":"qI47Rc8XQBqq"}
[2021-09-28 20:28:30.078][19112][INFO] [CMD:1011]{"token":"ohuei5e9ovgnesbjmq35df1pji","acc":"qI47Rc8XQBqq"}
[2021-09-28 20:28:32.449][19112][INFO] [CMD:1016]{"token":"ohuei5e9ovgnesbjmq35df1pji","acc":"qI47Rc8XQBqq","page":1,"nickName":"","sortType":0}
[2021-09-28 20:28:43.837][19112][INFO] [CMD:1018]{"token":"ohuei5e9ovgnesbjmq35df1pji","acc":"qI47Rc8XQBqq","site":2,"isfree":0}
[2021-09-28 20:28:57.815][19112][INFO] [CMD:1048]{"token":"ohuei5e9ovgnesbjmq35df1pji","acc":"qI47Rc8XQBqq","guid":46}
[2021-09-28 20:29:02.825][19112][INFO] [CMD:1014]{"token":"ohuei5e9ovgnesbjmq35df1pji","acc":"qI47Rc8XQBqq","nickName":"gsdg","itemGuid":46,"site":2,"price":110,"texture":"Blueprint-qI47Rc8XQBqq-20210928082902"}
[2021-09-28 20:29:02.977][19112][INFO] [CMD:1025]{"token":"ohuei5e9ovgnesbjmq35df1pji","acc":"qI47Rc8XQBqq"}
[2021-09-28 20:29:15.420][19112][INFO] [CMD:101][ACC:qI47Rc8XQBqq]
[2021-09-28 20:29:15.697][19112][INFO] [CMD:1021]{"token":"ncjcsuqd4oa0i3oc59r46cto56","acc":"qI47Rc8XQBqq"}
[2021-09-28 20:29:15.711][19112][INFO] [CMD:1025]{"token":"ncjcsuqd4oa0i3oc59r46cto56","acc":"qI47Rc8XQBqq"}
[2021-09-28 20:29:15.711][19112][INFO] [CMD:1028]{"token":"ncjcsuqd4oa0i3oc59r46cto56","acc":"qI47Rc8XQBqq"}
[2021-09-28 20:29:20.985][19112][INFO] [CMD:1011]{"token":"ncjcsuqd4oa0i3oc59r46cto56","acc":"qI47Rc8XQBqq"}
[2021-09-28 20:29:20.998][19112][INFO] [CMD:1001]{"token":"ncjcsuqd4oa0i3oc59r46cto56","acc":"qI47Rc8XQBqq"}
[2021-09-28 20:29:20.998][19112][INFO] [CMD:1023]{"token":"ncjcsuqd4oa0i3oc59r46cto56","acc":"qI47Rc8XQBqq"}
[2021-09-28 20:29:25.825][19112][INFO] [CMD:1016]{"token":"ncjcsuqd4oa0i3oc59r46cto56","acc":"qI47Rc8XQBqq","page":1,"nickName":"","sortType":0}
[2021-09-28 20:29:35.689][19112][INFO] [CMD:1039]{"token":"ncjcsuqd4oa0i3oc59r46cto56","acc":"qI47Rc8XQBqq","myshopId":1}
[2021-09-28 20:30:35.730][19112][INFO] [CMD:1039]{"token":"ncjcsuqd4oa0i3oc59r46cto56","acc":"qI47Rc8XQBqq","myshopId":1}
[2021-09-28 20:30:49.028][19112][INFO] [CMD:101][ACC:qI47Rc8XQBqq]
[2021-09-28 20:30:49.242][19112][INFO] [CMD:1025]{"token":"p2ni2n740qf952f12kpqaf5pne","acc":"qI47Rc8XQBqq"}
[2021-09-28 20:30:49.290][19112][INFO] [CMD:1028]{"token":"p2ni2n740qf952f12kpqaf5pne","acc":"qI47Rc8XQBqq"}
[2021-09-28 20:30:49.297][19112][INFO] [CMD:1021]{"token":"p2ni2n740qf952f12kpqaf5pne","acc":"qI47Rc8XQBqq"}
[2021-09-28 20:30:54.532][19112][INFO] [CMD:1001]{"token":"p2ni2n740qf952f12kpqaf5pne","acc":"qI47Rc8XQBqq"}
[2021-09-28 20:30:54.540][19112][INFO] [CMD:1023]{"token":"p2ni2n740qf952f12kpqaf5pne","acc":"qI47Rc8XQBqq"}
[2021-09-28 20:30:54.550][19112][INFO] [CMD:1011]{"token":"p2ni2n740qf952f12kpqaf5pne","acc":"qI47Rc8XQBqq"}
[2021-09-28 20:31:03.103][19112][INFO] [CMD:1016]{"token":"p2ni2n740qf952f12kpqaf5pne","acc":"qI47Rc8XQBqq","page":1,"nickName":"","sortType":0}
[2021-09-28 20:33:22.160][19112][INFO] [CMD:101][ACC:qI47Rc8XQBqq]
[2021-09-28 20:33:22.696][19112][INFO] [CMD:1025]{"token":"mj9pc8sarok0jd0v27ts2crn9e","acc":"qI47Rc8XQBqq"}
[2021-09-28 20:33:22.711][19112][INFO] [CMD:1028]{"token":"mj9pc8sarok0jd0v27ts2crn9e","acc":"qI47Rc8XQBqq"}
[2021-09-28 20:33:22.711][19112][INFO] [CMD:1021]{"token":"mj9pc8sarok0jd0v27ts2crn9e","acc":"qI47Rc8XQBqq"}
[2021-09-28 20:33:27.639][19112][INFO] [CMD:1023]{"token":"mj9pc8sarok0jd0v27ts2crn9e","acc":"qI47Rc8XQBqq"}
[2021-09-28 20:33:27.664][19112][INFO] [CMD:1001]{"token":"mj9pc8sarok0jd0v27ts2crn9e","acc":"qI47Rc8XQBqq"}
[2021-09-28 20:33:27.665][19112][INFO] [CMD:1011]{"token":"mj9pc8sarok0jd0v27ts2crn9e","acc":"qI47Rc8XQBqq"}
[2021-09-28 20:33:30.903][19112][INFO] [CMD:1016]{"token":"mj9pc8sarok0jd0v27ts2crn9e","acc":"qI47Rc8XQBqq","page":1,"nickName":"","sortType":0}
[2021-09-28 20:33:56.955][19112][INFO] [CMD:1016]{"token":"mj9pc8sarok0jd0v27ts2crn9e","acc":"qI47Rc8XQBqq","page":1,"nickName":"","sortType":0}
[2021-09-28 20:34:00.718][19112][INFO] [CMD:1018]{"token":"mj9pc8sarok0jd0v27ts2crn9e","acc":"qI47Rc8XQBqq","site":1,"isfree":0}
[2021-09-28 20:34:02.073][19112][INFO] [CMD:1018]{"token":"mj9pc8sarok0jd0v27ts2crn9e","acc":"qI47Rc8XQBqq","site":2,"isfree":0}
[2021-09-28 20:34:12.338][19112][INFO] [CMD:1048]{"token":"mj9pc8sarok0jd0v27ts2crn9e","acc":"qI47Rc8XQBqq","guid":46}
[2021-09-28 20:34:22.388][19112][INFO] [CMD:1048]{"token":"mj9pc8sarok0jd0v27ts2crn9e","acc":"qI47Rc8XQBqq","guid":46}
[2021-09-28 20:34:42.856][19112][INFO] [CMD:1048]{"token":"mj9pc8sarok0jd0v27ts2crn9e","acc":"qI47Rc8XQBqq","guid":46}
[2021-09-28 20:35:47.950][19112][INFO] [CMD:101][ACC:qI47Rc8XQBqq]
[2021-09-28 20:35:48.163][19112][INFO] [CMD:1021]{"token":"42pqsv3v1ic3h25nkoebf3tqth","acc":"qI47Rc8XQBqq"}
[2021-09-28 20:35:48.166][19112][INFO] [CMD:1025]{"token":"42pqsv3v1ic3h25nkoebf3tqth","acc":"qI47Rc8XQBqq"}
[2021-09-28 20:35:48.181][19112][INFO] [CMD:1028]{"token":"42pqsv3v1ic3h25nkoebf3tqth","acc":"qI47Rc8XQBqq"}
[2021-09-28 20:35:54.980][19112][INFO] [CMD:1001]{"token":"42pqsv3v1ic3h25nkoebf3tqth","acc":"qI47Rc8XQBqq"}
[2021-09-28 20:35:54.988][19112][INFO] [CMD:1011]{"token":"42pqsv3v1ic3h25nkoebf3tqth","acc":"qI47Rc8XQBqq"}
[2021-09-28 20:35:54.989][19112][INFO] [CMD:1023]{"token":"42pqsv3v1ic3h25nkoebf3tqth","acc":"qI47Rc8XQBqq"}
[2021-09-28 20:35:56.537][19112][INFO] [CMD:1016]{"token":"42pqsv3v1ic3h25nkoebf3tqth","acc":"qI47Rc8XQBqq","page":1,"nickName":"","sortType":0}
[2021-09-28 20:36:01.794][19112][INFO] [CMD:1048]{"token":"42pqsv3v1ic3h25nkoebf3tqth","acc":"qI47Rc8XQBqq","guid":46}
[2021-09-28 20:36:10.671][19112][INFO] [CMD:1014]{"token":"42pqsv3v1ic3h25nkoebf3tqth","acc":"qI47Rc8XQBqq","nickName":"gsdg","itemGuid":46,"site":1,"price":110,"texture":"Blueprint-qI47Rc8XQBqq-20210928083610"}
[2021-09-28 20:36:11.169][19112][INFO] [CMD:1025]{"token":"42pqsv3v1ic3h25nkoebf3tqth","acc":"qI47Rc8XQBqq"}
[2021-09-28 20:37:56.072][19112][INFO] [CMD:1018]{"token":"42pqsv3v1ic3h25nkoebf3tqth","acc":"qI47Rc8XQBqq","site":1,"isfree":0}
[2021-09-28 20:38:00.227][19112][INFO] [CMD:1048]{"token":"42pqsv3v1ic3h25nkoebf3tqth","acc":"qI47Rc8XQBqq","guid":46}
[2021-09-28 20:38:06.177][19112][INFO] [CMD:1048]{"token":"42pqsv3v1ic3h25nkoebf3tqth","acc":"qI47Rc8XQBqq","guid":46}
[2021-09-28 20:38:22.147][19112][INFO] [CMD:1014]{"token":"42pqsv3v1ic3h25nkoebf3tqth","acc":"qI47Rc8XQBqq","nickName":"gsdg","itemGuid":46,"site":1,"price":110,"texture":"Blueprint-qI47Rc8XQBqq-20210928083815"}
[2021-09-28 20:38:22.639][19112][INFO] [CMD:1025]{"token":"42pqsv3v1ic3h25nkoebf3tqth","acc":"qI47Rc8XQBqq"}
[2021-09-28 20:40:15.659][19112][INFO] [CMD:101][ACC:qI47Rc8XQBqq]
[2021-09-28 20:40:16.519][19112][INFO] [CMD:1021]{"token":"58nmokukcpju9oiggr33d2q16k","acc":"qI47Rc8XQBqq"}
[2021-09-28 20:40:16.531][19112][INFO] [CMD:1025]{"token":"58nmokukcpju9oiggr33d2q16k","acc":"qI47Rc8XQBqq"}
[2021-09-28 20:40:16.552][19112][INFO] [CMD:1028]{"token":"58nmokukcpju9oiggr33d2q16k","acc":"qI47Rc8XQBqq"}
[2021-09-28 20:40:23.199][19112][INFO] [CMD:1011]{"token":"58nmokukcpju9oiggr33d2q16k","acc":"qI47Rc8XQBqq"}
[2021-09-28 20:40:23.199][19112][INFO] [CMD:1023]{"token":"58nmokukcpju9oiggr33d2q16k","acc":"qI47Rc8XQBqq"}
[2021-09-28 20:40:23.207][19112][INFO] [CMD:1001]{"token":"58nmokukcpju9oiggr33d2q16k","acc":"qI47Rc8XQBqq"}
[2021-09-28 20:40:25.959][19112][INFO] [CMD:1016]{"token":"58nmokukcpju9oiggr33d2q16k","acc":"qI47Rc8XQBqq","page":1,"nickName":"","sortType":0}
[2021-09-28 20:40:35.387][19112][INFO] [CMD:1018]{"token":"58nmokukcpju9oiggr33d2q16k","acc":"qI47Rc8XQBqq","site":1,"isfree":0}
[2021-09-28 20:41:22.657][19112][INFO] [CMD:1048]{"token":"58nmokukcpju9oiggr33d2q16k","acc":"qI47Rc8XQBqq","guid":46}
[2021-09-28 20:41:32.724][19112][INFO] [CMD:1014]{"token":"58nmokukcpju9oiggr33d2q16k","acc":"qI47Rc8XQBqq","nickName":"gsdg","itemGuid":46,"site":1,"price":110,"texture":"Blueprint-qI47Rc8XQBqq-20210928084132"}
[2021-09-28 20:42:34.830][19112][INFO] [CMD:101][ACC:qI47Rc8XQBqq]
[2021-09-28 20:42:34.992][19112][INFO] [CMD:1025]{"token":"5c1iglm40t9u10vfe1dmgvgc4v","acc":"qI47Rc8XQBqq"}
[2021-09-28 20:42:35.022][19112][INFO] [CMD:1028]{"token":"5c1iglm40t9u10vfe1dmgvgc4v","acc":"qI47Rc8XQBqq"}
[2021-09-28 20:42:35.053][19112][INFO] [CMD:1021]{"token":"5c1iglm40t9u10vfe1dmgvgc4v","acc":"qI47Rc8XQBqq"}
[2021-09-28 20:42:43.303][19112][INFO] [CMD:1001]{"token":"5c1iglm40t9u10vfe1dmgvgc4v","acc":"qI47Rc8XQBqq"}
[2021-09-28 20:42:43.307][19112][INFO] [CMD:1023]{"token":"5c1iglm40t9u10vfe1dmgvgc4v","acc":"qI47Rc8XQBqq"}
[2021-09-28 20:42:43.309][19112][INFO] [CMD:1011]{"token":"5c1iglm40t9u10vfe1dmgvgc4v","acc":"qI47Rc8XQBqq"}
[2021-09-28 20:42:44.939][19112][INFO] [CMD:1016]{"token":"5c1iglm40t9u10vfe1dmgvgc4v","acc":"qI47Rc8XQBqq","page":1,"nickName":"","sortType":0}
[2021-09-28 20:42:51.065][19112][INFO] [CMD:1048]{"token":"5c1iglm40t9u10vfe1dmgvgc4v","acc":"qI47Rc8XQBqq","guid":46}
[2021-09-28 20:43:08.232][19112][INFO] [CMD:1014]{"token":"5c1iglm40t9u10vfe1dmgvgc4v","acc":"qI47Rc8XQBqq","nickName":"gsdg","itemGuid":46,"site":1,"price":110,"texture":"Blueprint-qI47Rc8XQBqq-20210928084301"}
[2021-09-28 20:47:49.337][19112][INFO] [CMD:101][ACC:qI47Rc8XQBqq]
[2021-09-28 20:47:49.608][19112][INFO] [CMD:1025]{"token":"6d2a13quvchmpeap229enf7f5q","acc":"qI47Rc8XQBqq"}
[2021-09-28 20:47:49.608][19112][INFO] [CMD:1021]{"token":"6d2a13quvchmpeap229enf7f5q","acc":"qI47Rc8XQBqq"}
[2021-09-28 20:47:49.608][19112][INFO] [CMD:1028]{"token":"6d2a13quvchmpeap229enf7f5q","acc":"qI47Rc8XQBqq"}
[2021-09-28 20:47:54.895][19112][INFO] [CMD:1001]{"token":"6d2a13quvchmpeap229enf7f5q","acc":"qI47Rc8XQBqq"}
[2021-09-28 20:47:54.896][19112][INFO] [CMD:1023]{"token":"6d2a13quvchmpeap229enf7f5q","acc":"qI47Rc8XQBqq"}
[2021-09-28 20:47:54.897][19112][INFO] [CMD:1011]{"token":"6d2a13quvchmpeap229enf7f5q","acc":"qI47Rc8XQBqq"}
[2021-09-28 20:47:56.655][19112][INFO] [CMD:1016]{"token":"6d2a13quvchmpeap229enf7f5q","acc":"qI47Rc8XQBqq","page":1,"nickName":"","sortType":0}
[2021-09-28 20:48:08.288][19112][INFO] [CMD:1018]{"token":"6d2a13quvchmpeap229enf7f5q","acc":"qI47Rc8XQBqq","site":1,"isfree":0}
[2021-09-28 20:48:15.730][19112][INFO] [CMD:1048]{"token":"6d2a13quvchmpeap229enf7f5q","acc":"qI47Rc8XQBqq","guid":46}
[2021-09-28 20:48:32.647][19112][INFO] [CMD:1014]{"token":"6d2a13quvchmpeap229enf7f5q","acc":"qI47Rc8XQBqq","nickName":"gsdg","itemGuid":46,"site":1,"price":110,"texture":"Blueprint-qI47Rc8XQBqq-20210928084830"}
[2021-09-28 20:50:15.479][19112][INFO] [CMD:101][ACC:qI47Rc8XQBqq]
[2021-09-28 20:50:15.966][19112][INFO] [CMD:1025]{"token":"kd3d3ssntffv8ra1oemkqngakn","acc":"qI47Rc8XQBqq"}
[2021-09-28 20:50:15.981][19112][INFO] [CMD:1021]{"token":"kd3d3ssntffv8ra1oemkqngakn","acc":"qI47Rc8XQBqq"}
[2021-09-28 20:50:15.982][19112][INFO] [CMD:1028]{"token":"kd3d3ssntffv8ra1oemkqngakn","acc":"qI47Rc8XQBqq"}
[2021-09-28 20:50:26.550][19112][INFO] [CMD:1001]{"token":"kd3d3ssntffv8ra1oemkqngakn","acc":"qI47Rc8XQBqq"}
[2021-09-28 20:50:26.550][19112][INFO] [CMD:1011]{"token":"kd3d3ssntffv8ra1oemkqngakn","acc":"qI47Rc8XQBqq"}
[2021-09-28 20:50:26.551][19112][INFO] [CMD:1023]{"token":"kd3d3ssntffv8ra1oemkqngakn","acc":"qI47Rc8XQBqq"}
[2021-09-28 20:50:28.225][19112][INFO] [CMD:1016]{"token":"kd3d3ssntffv8ra1oemkqngakn","acc":"qI47Rc8XQBqq","page":1,"nickName":"","sortType":0}
[2021-09-28 20:50:32.939][19112][INFO] [CMD:1048]{"token":"kd3d3ssntffv8ra1oemkqngakn","acc":"qI47Rc8XQBqq","guid":46}
[2021-09-28 20:50:38.534][19112][INFO] [CMD:1048]{"token":"kd3d3ssntffv8ra1oemkqngakn","acc":"qI47Rc8XQBqq","guid":46}
[2021-09-28 20:50:44.542][19112][INFO] [CMD:1014]{"token":"kd3d3ssntffv8ra1oemkqngakn","acc":"qI47Rc8XQBqq","nickName":"gsdg","itemGuid":46,"site":2,"price":110,"texture":"Blueprint-qI47Rc8XQBqq-20210928085044"}
[2021-09-28 20:51:17.149][19112][INFO] [CMD:101][ACC:qI47Rc8XQBqq]
[2021-09-28 20:51:17.641][19112][INFO] [CMD:1025]{"token":"4cod4kqj7joq6k57g422e57kar","acc":"qI47Rc8XQBqq"}
[2021-09-28 20:51:17.659][19112][INFO] [CMD:1028]{"token":"4cod4kqj7joq6k57g422e57kar","acc":"qI47Rc8XQBqq"}
[2021-09-28 20:51:17.672][19112][INFO] [CMD:1021]{"token":"4cod4kqj7joq6k57g422e57kar","acc":"qI47Rc8XQBqq"}
[2021-09-28 20:51:23.181][19112][INFO] [CMD:1001]{"token":"4cod4kqj7joq6k57g422e57kar","acc":"qI47Rc8XQBqq"}
[2021-09-28 20:51:23.181][19112][INFO] [CMD:1011]{"token":"4cod4kqj7joq6k57g422e57kar","acc":"qI47Rc8XQBqq"}
[2021-09-28 20:51:23.183][19112][INFO] [CMD:1023]{"token":"4cod4kqj7joq6k57g422e57kar","acc":"qI47Rc8XQBqq"}
[2021-09-28 20:51:25.908][19112][INFO] [CMD:1016]{"token":"4cod4kqj7joq6k57g422e57kar","acc":"qI47Rc8XQBqq","page":1,"nickName":"","sortType":0}
[2021-09-28 20:51:30.220][19112][INFO] [CMD:1018]{"token":"4cod4kqj7joq6k57g422e57kar","acc":"qI47Rc8XQBqq","site":2,"isfree":0}
[2021-09-28 20:51:35.224][19112][INFO] [CMD:1048]{"token":"4cod4kqj7joq6k57g422e57kar","acc":"qI47Rc8XQBqq","guid":46}
[2021-09-28 20:51:40.135][19112][INFO] [CMD:1014]{"token":"4cod4kqj7joq6k57g422e57kar","acc":"qI47Rc8XQBqq","nickName":"gsdg","itemGuid":46,"site":1,"price":110,"texture":"Blueprint-qI47Rc8XQBqq-20210928085139"}
[2021-09-28 20:51:40.571][19112][INFO] [CMD:1025]{"token":"4cod4kqj7joq6k57g422e57kar","acc":"qI47Rc8XQBqq"}
[2021-09-28 20:53:41.829][19112][INFO] [CMD:101][ACC:qI47Rc8XQBqq]
[2021-09-28 20:53:42.259][19112][INFO] [CMD:1025]{"token":"969lkemg06p1dbkdtphrc6tufu","acc":"qI47Rc8XQBqq"}
[2021-09-28 20:53:42.294][19112][INFO] [CMD:1028]{"token":"969lkemg06p1dbkdtphrc6tufu","acc":"qI47Rc8XQBqq"}
[2021-09-28 20:53:42.295][19112][INFO] [CMD:1021]{"token":"969lkemg06p1dbkdtphrc6tufu","acc":"qI47Rc8XQBqq"}
[2021-09-28 20:53:48.991][19112][INFO] [CMD:1001]{"token":"969lkemg06p1dbkdtphrc6tufu","acc":"qI47Rc8XQBqq"}
[2021-09-28 20:53:48.992][19112][INFO] [CMD:1011]{"token":"969lkemg06p1dbkdtphrc6tufu","acc":"qI47Rc8XQBqq"}
[2021-09-28 20:53:48.995][19112][INFO] [CMD:1023]{"token":"969lkemg06p1dbkdtphrc6tufu","acc":"qI47Rc8XQBqq"}
[2021-09-28 20:53:51.389][19112][INFO] [CMD:1016]{"token":"969lkemg06p1dbkdtphrc6tufu","acc":"qI47Rc8XQBqq","page":1,"nickName":"","sortType":0}
[2021-09-28 20:53:55.061][19112][INFO] [CMD:1018]{"token":"969lkemg06p1dbkdtphrc6tufu","acc":"qI47Rc8XQBqq","site":1,"isfree":0}
[2021-09-28 20:53:59.539][19112][INFO] [CMD:1048]{"token":"969lkemg06p1dbkdtphrc6tufu","acc":"qI47Rc8XQBqq","guid":46}
[2021-09-28 20:54:06.681][19112][INFO] [CMD:1014]{"token":"969lkemg06p1dbkdtphrc6tufu","acc":"qI47Rc8XQBqq","nickName":"gsdg","itemGuid":46,"site":1,"price":110,"texture":"Blueprint-qI47Rc8XQBqq-20210928085406"}
[2021-09-28 20:54:07.125][19112][INFO] [CMD:1025]{"token":"969lkemg06p1dbkdtphrc6tufu","acc":"qI47Rc8XQBqq"}
[2021-09-28 20:55:05.375][19112][INFO] [CMD:1018]{"token":"969lkemg06p1dbkdtphrc6tufu","acc":"qI47Rc8XQBqq","site":1,"isfree":0}
[2021-09-28 20:55:10.338][19112][INFO] [CMD:1048]{"token":"969lkemg06p1dbkdtphrc6tufu","acc":"qI47Rc8XQBqq","guid":46}
[2021-09-28 20:56:11.018][19112][INFO] [CMD:1048]{"token":"969lkemg06p1dbkdtphrc6tufu","acc":"qI47Rc8XQBqq","guid":46}
[2021-09-28 20:58:46.907][19112][INFO] [CMD:1014]{"token":"969lkemg06p1dbkdtphrc6tufu","acc":"qI47Rc8XQBqq","nickName":"gsdg","itemGuid":46,"site":1,"price":110,"texture":"Blueprint-qI47Rc8XQBqq-20210928085846"}
[2021-09-28 20:58:48.937][19112][INFO] [CMD:1025]{"token":"969lkemg06p1dbkdtphrc6tufu","acc":"qI47Rc8XQBqq"}
[2021-09-28 21:13:03.734][19112][INFO] [CMD:1039]{"token":"969lkemg06p1dbkdtphrc6tufu","acc":"qI47Rc8XQBqq","myshopId":1}
[2021-09-28 21:13:09.334][19112][INFO] [CMD:1048]{"token":"969lkemg06p1dbkdtphrc6tufu","acc":"qI47Rc8XQBqq","guid":46}
[2021-09-28 21:13:15.496][19112][INFO] [CMD:1048]{"token":"969lkemg06p1dbkdtphrc6tufu","acc":"qI47Rc8XQBqq","guid":46}
[2021-09-28 21:13:20.174][19112][INFO] [CMD:1014]{"token":"969lkemg06p1dbkdtphrc6tufu","acc":"qI47Rc8XQBqq","nickName":"gsdg","itemGuid":46,"site":2,"price":110,"texture":"Blueprint-qI47Rc8XQBqq-20210928091320"}
[2021-09-28 21:13:21.757][19112][INFO] [CMD:1025]{"token":"969lkemg06p1dbkdtphrc6tufu","acc":"qI47Rc8XQBqq"}
[2021-09-28 21:13:34.307][19112][INFO] [CMD:1018]{"token":"969lkemg06p1dbkdtphrc6tufu","acc":"qI47Rc8XQBqq","site":2,"isfree":0}
[2021-09-28 21:13:35.394][19112][INFO] [CMD:1018]{"token":"969lkemg06p1dbkdtphrc6tufu","acc":"qI47Rc8XQBqq","site":1,"isfree":0}
[2021-09-28 21:13:40.180][19112][INFO] [CMD:1048]{"token":"969lkemg06p1dbkdtphrc6tufu","acc":"qI47Rc8XQBqq","guid":46}
[2021-09-28 21:13:45.205][19112][INFO] [CMD:1014]{"token":"969lkemg06p1dbkdtphrc6tufu","acc":"qI47Rc8XQBqq","nickName":"gsdg","itemGuid":46,"site":1,"price":110,"texture":"Blueprint-qI47Rc8XQBqq-20210928091344"}
[2021-09-28 21:13:46.029][19112][INFO] [CMD:1025]{"token":"969lkemg06p1dbkdtphrc6tufu","acc":"qI47Rc8XQBqq"}
[2021-09-28 21:13:58.217][19112][INFO] [CMD:1048]{"token":"969lkemg06p1dbkdtphrc6tufu","acc":"qI47Rc8XQBqq","guid":46}
[2021-09-28 21:14:06.682][19112][INFO] [CMD:1048]{"token":"969lkemg06p1dbkdtphrc6tufu","acc":"qI47Rc8XQBqq","guid":46}
[2021-09-28 21:14:08.102][19112][INFO] [CMD:1014]{"token":"969lkemg06p1dbkdtphrc6tufu","acc":"qI47Rc8XQBqq","nickName":"gsdg","itemGuid":46,"site":2,"price":110,"texture":"Blueprint-qI47Rc8XQBqq-20210928091407"}
[2021-09-28 21:14:08.610][19112][INFO] [CMD:1025]{"token":"969lkemg06p1dbkdtphrc6tufu","acc":"qI47Rc8XQBqq"}
[2021-09-28 21:14:13.815][19112][INFO] [CMD:1039]{"token":"969lkemg06p1dbkdtphrc6tufu","acc":"qI47Rc8XQBqq","myshopId":2}
[2021-09-28 21:14:35.694][19112][INFO] [CMD:101][ACC:v6hrwzMYhvXU]
[2021-09-28 21:14:35.863][19112][INFO] [CMD:1025]{"token":"i7d8ts191hdrv5d3iespk4lpk5","acc":"v6hrwzMYhvXU"}
[2021-09-28 21:14:35.882][19112][INFO] [CMD:1021]{"token":"i7d8ts191hdrv5d3iespk4lpk5","acc":"v6hrwzMYhvXU"}
[2021-09-28 21:14:35.887][19112][INFO] [CMD:1028]{"token":"i7d8ts191hdrv5d3iespk4lpk5","acc":"v6hrwzMYhvXU"}
[2021-09-28 21:14:40.827][19112][INFO] [CMD:1023]{"token":"i7d8ts191hdrv5d3iespk4lpk5","acc":"v6hrwzMYhvXU"}
[2021-09-28 21:14:40.836][19112][INFO] [CMD:1001]{"token":"i7d8ts191hdrv5d3iespk4lpk5","acc":"v6hrwzMYhvXU"}
[2021-09-28 21:14:40.841][19112][INFO] [CMD:1011]{"token":"i7d8ts191hdrv5d3iespk4lpk5","acc":"v6hrwzMYhvXU"}
[2021-09-28 21:14:43.898][19112][INFO] [CMD:1016]{"token":"i7d8ts191hdrv5d3iespk4lpk5","acc":"v6hrwzMYhvXU","page":1,"nickName":"","sortType":0}
[2021-09-28 21:14:46.480][19112][INFO] [CMD:1016]{"token":"i7d8ts191hdrv5d3iespk4lpk5","acc":"v6hrwzMYhvXU","page":1,"nickName":"","sortType":0}
[2021-09-28 21:14:55.495][19112][INFO] [CMD:1047]{"token":"i7d8ts191hdrv5d3iespk4lpk5","acc":"v6hrwzMYhvXU","targetAcc":"qI47Rc8XQBqq"}
[2021-09-28 21:14:55.501][19112][INFO] [CMD:1047]{"token":"i7d8ts191hdrv5d3iespk4lpk5","acc":"v6hrwzMYhvXU","targetAcc":"qI47Rc8XQBqq"}
[2021-09-28 21:14:55.709][19112][INFO] [CMD:1047]{"token":"i7d8ts191hdrv5d3iespk4lpk5","acc":"v6hrwzMYhvXU","targetAcc":"qI47Rc8XQBqq"}
[2021-09-28 21:14:55.718][19112][INFO] [CMD:1047]{"token":"i7d8ts191hdrv5d3iespk4lpk5","acc":"v6hrwzMYhvXU","targetAcc":"qI47Rc8XQBqq"}
[2021-09-28 21:15:16.225][19112][INFO] [CMD:101][ACC:v6hrwzMYhvXU]
[2021-09-28 21:15:16.532][19112][INFO] [CMD:1025]{"token":"kfmgaf15tghs2t5et10im9vjgf","acc":"v6hrwzMYhvXU"}
[2021-09-28 21:15:16.537][19112][INFO] [CMD:1028]{"token":"kfmgaf15tghs2t5et10im9vjgf","acc":"v6hrwzMYhvXU"}
[2021-09-28 21:15:16.566][19112][INFO] [CMD:1021]{"token":"kfmgaf15tghs2t5et10im9vjgf","acc":"v6hrwzMYhvXU"}
[2021-09-28 21:15:21.669][19112][INFO] [CMD:1023]{"token":"kfmgaf15tghs2t5et10im9vjgf","acc":"v6hrwzMYhvXU"}
[2021-09-28 21:15:21.677][19112][INFO] [CMD:1011]{"token":"kfmgaf15tghs2t5et10im9vjgf","acc":"v6hrwzMYhvXU"}
[2021-09-28 21:15:21.878][19112][INFO] [CMD:1001]{"token":"kfmgaf15tghs2t5et10im9vjgf","acc":"v6hrwzMYhvXU"}
[2021-09-28 21:15:23.360][19112][INFO] [CMD:1016]{"token":"kfmgaf15tghs2t5et10im9vjgf","acc":"v6hrwzMYhvXU","page":1,"nickName":"","sortType":0}
[2021-09-28 21:15:29.001][19112][INFO] [CMD:1016]{"token":"kfmgaf15tghs2t5et10im9vjgf","acc":"v6hrwzMYhvXU","page":1,"nickName":"","sortType":0}
[2021-09-28 21:15:30.550][19112][INFO] [CMD:1016]{"token":"kfmgaf15tghs2t5et10im9vjgf","acc":"v6hrwzMYhvXU","page":1,"nickName":"","sortType":0}
[2021-09-28 21:15:38.412][19112][INFO] [CMD:1016]{"token":"kfmgaf15tghs2t5et10im9vjgf","acc":"v6hrwzMYhvXU","page":1,"nickName":"","sortType":0}
[2021-09-28 21:15:40.290][19112][INFO] [CMD:1016]{"token":"kfmgaf15tghs2t5et10im9vjgf","acc":"v6hrwzMYhvXU","page":1,"nickName":"","sortType":0}
[2021-09-28 21:15:43.163][19112][INFO] [CMD:1016]{"token":"kfmgaf15tghs2t5et10im9vjgf","acc":"v6hrwzMYhvXU","page":1,"nickName":"","sortType":0}
[2021-09-28 21:15:44.719][19112][INFO] [CMD:1016]{"token":"kfmgaf15tghs2t5et10im9vjgf","acc":"v6hrwzMYhvXU","page":1,"nickName":"","sortType":0}
[2021-09-28 21:15:51.806][19112][INFO] [CMD:1016]{"token":"kfmgaf15tghs2t5et10im9vjgf","acc":"v6hrwzMYhvXU","page":2,"nickName":"","sortType":0}
[2021-09-28 21:15:53.228][19112][INFO] [CMD:1016]{"token":"kfmgaf15tghs2t5et10im9vjgf","acc":"v6hrwzMYhvXU","page":1,"nickName":"","sortType":0}
[2021-09-28 21:15:57.171][19112][INFO] [CMD:1016]{"token":"kfmgaf15tghs2t5et10im9vjgf","acc":"v6hrwzMYhvXU","page":2,"nickName":"","sortType":0}
[2021-09-28 21:15:57.924][19112][INFO] [CMD:1016]{"token":"kfmgaf15tghs2t5et10im9vjgf","acc":"v6hrwzMYhvXU","page":1,"nickName":"","sortType":0}
[2021-09-28 21:16:02.165][19112][INFO] [CMD:1016]{"token":"kfmgaf15tghs2t5et10im9vjgf","acc":"v6hrwzMYhvXU","page":1,"nickName":"","sortType":0}
[2021-09-28 21:16:05.600][19112][INFO] [CMD:1016]{"token":"kfmgaf15tghs2t5et10im9vjgf","acc":"v6hrwzMYhvXU","page":1,"nickName":"","sortType":0}
[2021-09-28 21:16:36.408][19112][INFO] [CMD:1048]{"token":"kfmgaf15tghs2t5et10im9vjgf","acc":"v6hrwzMYhvXU","guid":44}
[2021-09-28 21:16:44.056][19112][INFO] [CMD:1014]{"token":"kfmgaf15tghs2t5et10im9vjgf","acc":"v6hrwzMYhvXU","nickName":"ggggg","itemGuid":44,"site":1,"price":110,"texture":"Blueprint-v6hrwzMYhvXU-20210928091643"}
[2021-09-28 21:16:44.508][19112][INFO] [CMD:1025]{"token":"kfmgaf15tghs2t5et10im9vjgf","acc":"v6hrwzMYhvXU"}
[2021-09-28 21:17:33.607][19112][INFO] [CMD:1018]{"token":"kfmgaf15tghs2t5et10im9vjgf","acc":"v6hrwzMYhvXU","site":1,"isfree":0}
[2021-09-28 21:17:37.723][19112][INFO] [CMD:1048]{"token":"kfmgaf15tghs2t5et10im9vjgf","acc":"v6hrwzMYhvXU","guid":43}
[2021-09-28 21:17:39.950][19112][INFO] [CMD:1014]{"token":"kfmgaf15tghs2t5et10im9vjgf","acc":"v6hrwzMYhvXU","nickName":"ggggg","itemGuid":43,"site":1,"price":110,"texture":"Blueprint-v6hrwzMYhvXU-20210928091739"}
[2021-09-28 21:17:40.465][19112][INFO] [CMD:1025]{"token":"kfmgaf15tghs2t5et10im9vjgf","acc":"v6hrwzMYhvXU"}
[2021-09-28 21:17:43.937][19112][INFO] [CMD:1013]{"token":"kfmgaf15tghs2t5et10im9vjgf","acc":"v6hrwzMYhvXU"}
[2021-09-28 21:17:49.246][19112][INFO] [CMD:1048]{"token":"kfmgaf15tghs2t5et10im9vjgf","acc":"v6hrwzMYhvXU","guid":45}
[2021-09-28 21:17:51.587][19112][INFO] [CMD:1014]{"token":"kfmgaf15tghs2t5et10im9vjgf","acc":"v6hrwzMYhvXU","nickName":"ggggg","itemGuid":45,"site":2,"price":110,"texture":"Blueprint-v6hrwzMYhvXU-20210928091751"}
[2021-09-28 21:17:51.899][19112][INFO] [CMD:1025]{"token":"kfmgaf15tghs2t5et10im9vjgf","acc":"v6hrwzMYhvXU"}
[2021-09-28 21:18:37.749][19112][INFO] [CMD:1016]{"token":"kfmgaf15tghs2t5et10im9vjgf","acc":"v6hrwzMYhvXU","page":1,"nickName":"","sortType":0}
[2021-09-28 21:18:41.189][19112][INFO] [CMD:1016]{"token":"kfmgaf15tghs2t5et10im9vjgf","acc":"v6hrwzMYhvXU","page":1,"nickName":"","sortType":0}
[2021-09-28 21:19:01.030][19112][INFO] [CMD:101][ACC:qI47Rc8XQBqq]
[2021-09-28 21:19:01.731][19112][INFO] [CMD:1025]{"token":"npfsmdr27606e0sc6ktpep8drr","acc":"qI47Rc8XQBqq"}
[2021-09-28 21:19:01.737][19112][INFO] [CMD:1021]{"token":"npfsmdr27606e0sc6ktpep8drr","acc":"qI47Rc8XQBqq"}
[2021-09-28 21:19:01.762][19112][INFO] [CMD:1028]{"token":"npfsmdr27606e0sc6ktpep8drr","acc":"qI47Rc8XQBqq"}
[2021-09-28 21:19:06.907][19112][INFO] [CMD:1001]{"token":"npfsmdr27606e0sc6ktpep8drr","acc":"qI47Rc8XQBqq"}
[2021-09-28 21:19:06.914][19112][INFO] [CMD:1023]{"token":"npfsmdr27606e0sc6ktpep8drr","acc":"qI47Rc8XQBqq"}
[2021-09-28 21:19:06.914][19112][INFO] [CMD:1011]{"token":"npfsmdr27606e0sc6ktpep8drr","acc":"qI47Rc8XQBqq"}
[2021-09-28 21:19:10.646][19112][INFO] [CMD:1016]{"token":"npfsmdr27606e0sc6ktpep8drr","acc":"qI47Rc8XQBqq","page":1,"nickName":"","sortType":0}
[2021-09-28 21:19:16.067][19112][INFO] [CMD:1016]{"token":"npfsmdr27606e0sc6ktpep8drr","acc":"qI47Rc8XQBqq","page":1,"nickName":"","sortType":0}
[2021-09-28 21:22:44.299][19112][INFO] [CMD:101][ACC:qI47Rc8XQBqq]
[2021-09-28 21:22:44.556][19112][INFO] [CMD:1025]{"token":"nnvpffi08b05hdg39fiame434v","acc":"qI47Rc8XQBqq"}
[2021-09-28 21:22:44.576][19112][INFO] [CMD:1028]{"token":"nnvpffi08b05hdg39fiame434v","acc":"qI47Rc8XQBqq"}
[2021-09-28 21:22:44.592][19112][INFO] [CMD:1021]{"token":"nnvpffi08b05hdg39fiame434v","acc":"qI47Rc8XQBqq"}
[2021-09-28 21:22:49.625][19112][INFO] [CMD:1011]{"token":"nnvpffi08b05hdg39fiame434v","acc":"qI47Rc8XQBqq"}
[2021-09-28 21:22:49.625][19112][INFO] [CMD:1001]{"token":"nnvpffi08b05hdg39fiame434v","acc":"qI47Rc8XQBqq"}
[2021-09-28 21:22:49.637][19112][INFO] [CMD:1023]{"token":"nnvpffi08b05hdg39fiame434v","acc":"qI47Rc8XQBqq"}
[2021-09-28 21:22:51.369][19112][INFO] [CMD:1016]{"token":"nnvpffi08b05hdg39fiame434v","acc":"qI47Rc8XQBqq","page":1,"nickName":"","sortType":0}
[2021-09-28 21:24:50.603][19112][INFO] [CMD:101][ACC:qI47Rc8XQBqq]
[2021-09-28 21:24:50.797][19112][INFO] [CMD:1025]{"token":"1redu8m69ih1trr3tus6kc5nhh","acc":"qI47Rc8XQBqq"}
[2021-09-28 21:24:50.803][19112][INFO] [CMD:1021]{"token":"1redu8m69ih1trr3tus6kc5nhh","acc":"qI47Rc8XQBqq"}
[2021-09-28 21:24:50.803][19112][INFO] [CMD:1028]{"token":"1redu8m69ih1trr3tus6kc5nhh","acc":"qI47Rc8XQBqq"}
[2021-09-28 21:24:56.212][19112][INFO] [CMD:1023]{"token":"1redu8m69ih1trr3tus6kc5nhh","acc":"qI47Rc8XQBqq"}
[2021-09-28 21:24:56.222][19112][INFO] [CMD:1001]{"token":"1redu8m69ih1trr3tus6kc5nhh","acc":"qI47Rc8XQBqq"}
[2021-09-28 21:24:56.229][19112][INFO] [CMD:1011]{"token":"1redu8m69ih1trr3tus6kc5nhh","acc":"qI47Rc8XQBqq"}
[2021-09-28 21:24:57.720][19112][INFO] [CMD:1016]{"token":"1redu8m69ih1trr3tus6kc5nhh","acc":"qI47Rc8XQBqq","page":1,"nickName":"","sortType":0}
[2021-09-28 21:25:05.110][19112][INFO] [CMD:1016]{"token":"1redu8m69ih1trr3tus6kc5nhh","acc":"qI47Rc8XQBqq","page":1,"nickName":"","sortType":0}
[2021-09-28 21:26:20.306][19112][INFO] [CMD:101][ACC:qI47Rc8XQBqq]
[2021-09-28 21:26:20.495][19112][INFO] [CMD:1025]{"token":"fdc2mloca18ttjkk5anes1bjsg","acc":"qI47Rc8XQBqq"}
[2021-09-28 21:26:20.506][19112][INFO] [CMD:1021]{"token":"fdc2mloca18ttjkk5anes1bjsg","acc":"qI47Rc8XQBqq"}
[2021-09-28 21:26:20.510][19112][INFO] [CMD:1028]{"token":"fdc2mloca18ttjkk5anes1bjsg","acc":"qI47Rc8XQBqq"}
[2021-09-28 21:26:25.445][19112][INFO] [CMD:1001]{"token":"fdc2mloca18ttjkk5anes1bjsg","acc":"qI47Rc8XQBqq"}
[2021-09-28 21:26:25.459][19112][INFO] [CMD:1011]{"token":"fdc2mloca18ttjkk5anes1bjsg","acc":"qI47Rc8XQBqq"}
[2021-09-28 21:26:25.461][19112][INFO] [CMD:1023]{"token":"fdc2mloca18ttjkk5anes1bjsg","acc":"qI47Rc8XQBqq"}
[2021-09-28 21:26:27.585][19112][INFO] [CMD:1016]{"token":"fdc2mloca18ttjkk5anes1bjsg","acc":"qI47Rc8XQBqq","page":1,"nickName":"","sortType":0}
[2021-09-28 21:27:58.758][19112][INFO] [CMD:101][ACC:qI47Rc8XQBqq]
[2021-09-28 21:27:59.133][19112][INFO] [CMD:1028]{"token":"noosg1rgnohlb5lt42072mr0hf","acc":"qI47Rc8XQBqq"}
[2021-09-28 21:27:59.167][19112][INFO] [CMD:1021]{"token":"noosg1rgnohlb5lt42072mr0hf","acc":"qI47Rc8XQBqq"}
[2021-09-28 21:27:59.182][19112][INFO] [CMD:1025]{"token":"noosg1rgnohlb5lt42072mr0hf","acc":"qI47Rc8XQBqq"}
[2021-09-28 21:28:05.030][19112][INFO] [CMD:1023]{"token":"noosg1rgnohlb5lt42072mr0hf","acc":"qI47Rc8XQBqq"}
[2021-09-28 21:28:05.042][19112][INFO] [CMD:1001]{"token":"noosg1rgnohlb5lt42072mr0hf","acc":"qI47Rc8XQBqq"}
[2021-09-28 21:28:05.044][19112][INFO] [CMD:1011]{"token":"noosg1rgnohlb5lt42072mr0hf","acc":"qI47Rc8XQBqq"}
[2021-09-28 21:28:07.235][19112][INFO] [CMD:1016]{"token":"noosg1rgnohlb5lt42072mr0hf","acc":"qI47Rc8XQBqq","page":1,"nickName":"","sortType":0}
[2021-09-28 21:28:45.840][19112][INFO] [CMD:101][ACC:qI47Rc8XQBqq]
[2021-09-28 21:28:46.012][19112][INFO] [CMD:1021]{"token":"eda02it22ti3k9s8ap0rj38kqh","acc":"qI47Rc8XQBqq"}
[2021-09-28 21:28:46.014][19112][INFO] [CMD:1028]{"token":"eda02it22ti3k9s8ap0rj38kqh","acc":"qI47Rc8XQBqq"}
[2021-09-28 21:28:46.030][19112][INFO] [CMD:1025]{"token":"eda02it22ti3k9s8ap0rj38kqh","acc":"qI47Rc8XQBqq"}
[2021-09-28 21:28:51.146][19112][INFO] [CMD:1011]{"token":"eda02it22ti3k9s8ap0rj38kqh","acc":"qI47Rc8XQBqq"}
[2021-09-28 21:28:51.161][19112][INFO] [CMD:1023]{"token":"eda02it22ti3k9s8ap0rj38kqh","acc":"qI47Rc8XQBqq"}
[2021-09-28 21:28:51.161][19112][INFO] [CMD:1001]{"token":"eda02it22ti3k9s8ap0rj38kqh","acc":"qI47Rc8XQBqq"}
[2021-09-28 21:28:53.234][19112][INFO] [CMD:1016]{"token":"eda02it22ti3k9s8ap0rj38kqh","acc":"qI47Rc8XQBqq","page":1,"nickName":"","sortType":0}
[2021-09-28 21:30:02.276][19112][INFO] [CMD:101][ACC:qI47Rc8XQBqq]
[2021-09-28 21:30:02.579][19112][INFO] [CMD:1025]{"token":"n6v8ffkbo74csmf6gj8ajl31md","acc":"qI47Rc8XQBqq"}
[2021-09-28 21:30:02.602][19112][INFO] [CMD:1028]{"token":"n6v8ffkbo74csmf6gj8ajl31md","acc":"qI47Rc8XQBqq"}
[2021-09-28 21:30:02.603][19112][INFO] [CMD:1021]{"token":"n6v8ffkbo74csmf6gj8ajl31md","acc":"qI47Rc8XQBqq"}
[2021-09-28 21:30:07.862][19112][INFO] [CMD:1011]{"token":"n6v8ffkbo74csmf6gj8ajl31md","acc":"qI47Rc8XQBqq"}
[2021-09-28 21:30:07.872][19112][INFO] [CMD:1001]{"token":"n6v8ffkbo74csmf6gj8ajl31md","acc":"qI47Rc8XQBqq"}
[2021-09-28 21:30:08.096][19112][INFO] [CMD:1023]{"token":"n6v8ffkbo74csmf6gj8ajl31md","acc":"qI47Rc8XQBqq"}
[2021-09-28 21:30:11.148][19112][INFO] [CMD:1016]{"token":"n6v8ffkbo74csmf6gj8ajl31md","acc":"qI47Rc8XQBqq","page":1,"nickName":"","sortType":0}
