[2021-09-14 10:15:01.801][2212][INFO] [CMD:101][ACC:ZrTX9evfIa2G]
[2021-09-14 10:15:02.000][2212][INFO] [CMD:1025]{"token":"8f3o9603pgkqae6o9luo0649ff","acc":"ZrTX9evfIa2G"}
[2021-09-14 10:15:02.001][2212][INFO] [CMD:1021]{"token":"8f3o9603pgkqae6o9luo0649ff","acc":"ZrTX9evfIa2G"}
[2021-09-14 10:15:02.010][2212][INFO] [CMD:1028]{"token":"8f3o9603pgkqae6o9luo0649ff","acc":"ZrTX9evfIa2G"}
[2021-09-14 10:15:06.719][2212][INFO] [CMD:1001]{"token":"8f3o9603pgkqae6o9luo0649ff","acc":"ZrTX9evfIa2G"}
[2021-09-14 10:15:06.721][2212][INFO] [CMD:1023]{"token":"8f3o9603pgkqae6o9luo0649ff","acc":"ZrTX9evfIa2G"}
[2021-09-14 10:15:06.722][2212][INFO] [CMD:1011]{"token":"8f3o9603pgkqae6o9luo0649ff","acc":"ZrTX9evfIa2G"}
[2021-09-14 10:15:34.798][2212][INFO] [CMD:101][ACC:2zMZDLfsezdv]
[2021-09-14 10:15:34.960][2212][INFO] [CMD:1021]{"token":"9u6f0jcbnrksegruk68nl79bjm","acc":"2zMZDLfsezdv"}
[2021-09-14 10:15:34.976][2212][INFO] [CMD:1025]{"token":"9u6f0jcbnrksegruk68nl79bjm","acc":"2zMZDLfsezdv"}
[2021-09-14 10:15:34.993][2212][INFO] [CMD:1028]{"token":"9u6f0jcbnrksegruk68nl79bjm","acc":"2zMZDLfsezdv"}
[2021-09-14 10:15:39.932][2212][INFO] [CMD:1001]{"token":"9u6f0jcbnrksegruk68nl79bjm","acc":"2zMZDLfsezdv"}
[2021-09-14 10:15:39.943][2212][INFO] [CMD:1023]{"token":"9u6f0jcbnrksegruk68nl79bjm","acc":"2zMZDLfsezdv"}
[2021-09-14 10:15:39.949][2212][INFO] [CMD:1011]{"token":"9u6f0jcbnrksegruk68nl79bjm","acc":"2zMZDLfsezdv"}
[2021-09-14 10:16:42.382][2212][INFO] [CMD:101][ACC:2zMZDLfsezdv]
[2021-09-14 10:16:42.594][2212][INFO] [CMD:1025]{"token":"69k4t5r1uu2bm105egid62r3si","acc":"2zMZDLfsezdv"}
[2021-09-14 10:16:42.603][2212][INFO] [CMD:1028]{"token":"69k4t5r1uu2bm105egid62r3si","acc":"2zMZDLfsezdv"}
[2021-09-14 10:16:42.610][2212][INFO] [CMD:1021]{"token":"69k4t5r1uu2bm105egid62r3si","acc":"2zMZDLfsezdv"}
[2021-09-14 10:17:20.680][2212][INFO] [CMD:101][ACC:2zMZDLfsezdv]
[2021-09-14 10:17:20.919][2212][INFO] [CMD:1025]{"token":"l6pmhfqp7fm2a3jjketm8tldc6","acc":"2zMZDLfsezdv"}
[2021-09-14 10:17:20.925][2212][INFO] [CMD:1021]{"token":"l6pmhfqp7fm2a3jjketm8tldc6","acc":"2zMZDLfsezdv"}
[2021-09-14 10:17:20.928][2212][INFO] [CMD:1028]{"token":"l6pmhfqp7fm2a3jjketm8tldc6","acc":"2zMZDLfsezdv"}
[2021-09-14 10:26:21.528][2212][INFO] [CMD:101][ACC:2zMZDLfsezdv]
[2021-09-14 10:26:21.650][2212][INFO] [CMD:1025]{"token":"rri9k8tqibujbriua8bhcbdckh","acc":"2zMZDLfsezdv"}
[2021-09-14 10:26:21.665][2212][INFO] [CMD:1021]{"token":"rri9k8tqibujbriua8bhcbdckh","acc":"2zMZDLfsezdv"}
[2021-09-14 10:26:21.671][2212][INFO] [CMD:1028]{"token":"rri9k8tqibujbriua8bhcbdckh","acc":"2zMZDLfsezdv"}
[2021-09-14 10:26:44.810][2212][INFO] [CMD:101][ACC:2zMZDLfsezdv]
[2021-09-14 10:26:44.949][2212][INFO] [CMD:1025]{"token":"u2qg6obp8ftb7migsuh40mulkh","acc":"2zMZDLfsezdv"}
[2021-09-14 10:26:44.951][2212][INFO] [CMD:1028]{"token":"u2qg6obp8ftb7migsuh40mulkh","acc":"2zMZDLfsezdv"}
[2021-09-14 10:26:44.956][2212][INFO] [CMD:1021]{"token":"u2qg6obp8ftb7migsuh40mulkh","acc":"2zMZDLfsezdv"}
[2021-09-14 10:26:51.544][2212][INFO] [CMD:6001]{"token":"u2qg6obp8ftb7migsuh40mulkh","acc":"2zMZDLfsezdv"}
[2021-09-14 10:27:14.099][2212][INFO] [CMD:1011]{"token":"u2qg6obp8ftb7migsuh40mulkh","acc":"2zMZDLfsezdv"}
[2021-09-14 10:27:14.100][2212][INFO] [CMD:1023]{"token":"u2qg6obp8ftb7migsuh40mulkh","acc":"2zMZDLfsezdv"}
[2021-09-14 10:27:14.126][2212][INFO] [CMD:1001]{"token":"u2qg6obp8ftb7migsuh40mulkh","acc":"2zMZDLfsezdv"}
[2021-09-14 10:27:40.519][2212][INFO] [CMD:101][ACC:2zMZDLfsezdv]
[2021-09-14 10:27:40.646][2212][INFO] [CMD:1025]{"token":"7m5o2gdhnhl3evj10t3jm7h4qv","acc":"2zMZDLfsezdv"}
[2021-09-14 10:27:40.656][2212][INFO] [CMD:1028]{"token":"7m5o2gdhnhl3evj10t3jm7h4qv","acc":"2zMZDLfsezdv"}
[2021-09-14 10:27:40.660][2212][INFO] [CMD:1021]{"token":"7m5o2gdhnhl3evj10t3jm7h4qv","acc":"2zMZDLfsezdv"}
[2021-09-14 10:27:52.508][2212][INFO] [CMD:1023]{"token":"7m5o2gdhnhl3evj10t3jm7h4qv","acc":"2zMZDLfsezdv"}
[2021-09-14 10:27:52.510][2212][INFO] [CMD:1001]{"token":"7m5o2gdhnhl3evj10t3jm7h4qv","acc":"2zMZDLfsezdv"}
[2021-09-14 10:27:52.517][2212][INFO] [CMD:1011]{"token":"7m5o2gdhnhl3evj10t3jm7h4qv","acc":"2zMZDLfsezdv"}
[2021-09-14 10:36:10.106][2212][INFO] [CMD:101][ACC:2zMZDLfsezdv]
[2021-09-14 10:36:10.244][2212][INFO] [CMD:1025]{"token":"2lp7jboq9ktbde1s3u1pd3hokv","acc":"2zMZDLfsezdv"}
[2021-09-14 10:36:10.254][2212][INFO] [CMD:1028]{"token":"2lp7jboq9ktbde1s3u1pd3hokv","acc":"2zMZDLfsezdv"}
[2021-09-14 10:36:10.259][2212][INFO] [CMD:1021]{"token":"2lp7jboq9ktbde1s3u1pd3hokv","acc":"2zMZDLfsezdv"}
[2021-09-14 10:36:21.648][2212][INFO] [CMD:1023]{"token":"2lp7jboq9ktbde1s3u1pd3hokv","acc":"2zMZDLfsezdv"}
[2021-09-14 10:36:21.654][2212][INFO] [CMD:1011]{"token":"2lp7jboq9ktbde1s3u1pd3hokv","acc":"2zMZDLfsezdv"}
[2021-09-14 10:36:21.657][2212][INFO] [CMD:1001]{"token":"2lp7jboq9ktbde1s3u1pd3hokv","acc":"2zMZDLfsezdv"}
[2021-09-14 10:36:28.250][2212][INFO] [CMD:1008]{"token":"2lp7jboq9ktbde1s3u1pd3hokv","acc":"2zMZDLfsezdv","creaftId":29,"count":1}
[2021-09-14 10:36:28.432][2212][INFO] [CMD:1001]{"token":"2lp7jboq9ktbde1s3u1pd3hokv","acc":"2zMZDLfsezdv"}
[2021-09-14 10:36:29.928][2212][INFO] [CMD:1011]{"token":"2lp7jboq9ktbde1s3u1pd3hokv","acc":"2zMZDLfsezdv"}
[2021-09-14 10:36:29.928][2212][INFO] [CMD:1001]{"token":"2lp7jboq9ktbde1s3u1pd3hokv","acc":"2zMZDLfsezdv"}
[2021-09-14 10:36:34.929][2212][INFO] [CMD:1007]{"token":"2lp7jboq9ktbde1s3u1pd3hokv","acc":"2zMZDLfsezdv","guid":362,"site":3}
[2021-09-14 10:36:40.927][2212][INFO] [CMD:1002]{"token":"2lp7jboq9ktbde1s3u1pd3hokv","acc":"2zMZDLfsezdv","guid":362,"count":1}
[2021-09-14 10:36:49.210][2212][INFO] [CMD:1044]{"token":"2lp7jboq9ktbde1s3u1pd3hokv","acc":"2zMZDLfsezdv"}
[2021-09-14 11:03:14.349][2212][INFO] [CMD:101][ACC:2zMZDLfsezdv]
[2021-09-14 11:03:14.492][2212][INFO] [CMD:1021]{"token":"nh31sdilt7d9tkkofe7ol18b0o","acc":"2zMZDLfsezdv"}
[2021-09-14 11:03:14.493][2212][INFO] [CMD:1025]{"token":"nh31sdilt7d9tkkofe7ol18b0o","acc":"2zMZDLfsezdv"}
[2021-09-14 11:03:14.501][2212][INFO] [CMD:1028]{"token":"nh31sdilt7d9tkkofe7ol18b0o","acc":"2zMZDLfsezdv"}
[2021-09-14 11:03:18.131][2212][INFO] [CMD:1023]{"token":"nh31sdilt7d9tkkofe7ol18b0o","acc":"2zMZDLfsezdv"}
[2021-09-14 11:03:18.152][2212][INFO] [CMD:1011]{"token":"nh31sdilt7d9tkkofe7ol18b0o","acc":"2zMZDLfsezdv"}
[2021-09-14 11:03:18.174][2212][INFO] [CMD:1001]{"token":"nh31sdilt7d9tkkofe7ol18b0o","acc":"2zMZDLfsezdv"}
[2021-09-14 11:03:21.175][2212][INFO] [CMD:1044]{"token":"nh31sdilt7d9tkkofe7ol18b0o","acc":"2zMZDLfsezdv"}
[2021-09-14 11:10:28.293][2212][INFO] [CMD:101][ACC:2zMZDLfsezdv]
[2021-09-14 11:10:28.445][2212][INFO] [CMD:1025]{"token":"sarca4ehkbpq3t3olv817sisle","acc":"2zMZDLfsezdv"}
[2021-09-14 11:10:28.451][2212][INFO] [CMD:1021]{"token":"sarca4ehkbpq3t3olv817sisle","acc":"2zMZDLfsezdv"}
[2021-09-14 11:10:28.494][2212][INFO] [CMD:1028]{"token":"sarca4ehkbpq3t3olv817sisle","acc":"2zMZDLfsezdv"}
[2021-09-14 11:10:32.010][2212][INFO] [CMD:1023]{"token":"sarca4ehkbpq3t3olv817sisle","acc":"2zMZDLfsezdv"}
[2021-09-14 11:10:32.023][2212][INFO] [CMD:1001]{"token":"sarca4ehkbpq3t3olv817sisle","acc":"2zMZDLfsezdv"}
[2021-09-14 11:10:32.028][2212][INFO] [CMD:1011]{"token":"sarca4ehkbpq3t3olv817sisle","acc":"2zMZDLfsezdv"}
[2021-09-14 11:10:37.289][2212][INFO] [CMD:1044]{"token":"sarca4ehkbpq3t3olv817sisle","acc":"2zMZDLfsezdv"}
[2021-09-14 11:28:29.907][2212][INFO] [CMD:101][ACC:2zMZDLfsezdv]
[2021-09-14 11:28:30.063][2212][INFO] [CMD:1021]{"token":"bkmea85u23u4c6e809bbd92hmk","acc":"2zMZDLfsezdv"}
[2021-09-14 11:28:30.065][2212][INFO] [CMD:1025]{"token":"bkmea85u23u4c6e809bbd92hmk","acc":"2zMZDLfsezdv"}
[2021-09-14 11:28:30.065][2212][INFO] [CMD:1028]{"token":"bkmea85u23u4c6e809bbd92hmk","acc":"2zMZDLfsezdv"}
[2021-09-14 11:28:34.071][2212][INFO] [CMD:1023]{"token":"bkmea85u23u4c6e809bbd92hmk","acc":"2zMZDLfsezdv"}
[2021-09-14 11:28:34.085][2212][INFO] [CMD:1011]{"token":"bkmea85u23u4c6e809bbd92hmk","acc":"2zMZDLfsezdv"}
[2021-09-14 11:28:34.109][2212][INFO] [CMD:1001]{"token":"bkmea85u23u4c6e809bbd92hmk","acc":"2zMZDLfsezdv"}
[2021-09-14 11:28:37.300][2212][INFO] [CMD:1044]{"token":"bkmea85u23u4c6e809bbd92hmk","acc":"2zMZDLfsezdv"}
[2021-09-14 11:29:30.701][2212][INFO] [CMD:101][ACC:2zMZDLfsezdv]
[2021-09-14 11:29:30.943][2212][INFO] [CMD:1021]{"token":"4946ehtulhtu1ucun8mo8qrstq","acc":"2zMZDLfsezdv"}
[2021-09-14 11:29:30.954][2212][INFO] [CMD:1025]{"token":"4946ehtulhtu1ucun8mo8qrstq","acc":"2zMZDLfsezdv"}
[2021-09-14 11:29:30.963][2212][INFO] [CMD:1028]{"token":"4946ehtulhtu1ucun8mo8qrstq","acc":"2zMZDLfsezdv"}
[2021-09-14 11:29:34.887][2212][INFO] [CMD:1023]{"token":"4946ehtulhtu1ucun8mo8qrstq","acc":"2zMZDLfsezdv"}
[2021-09-14 11:29:34.900][2212][INFO] [CMD:1001]{"token":"4946ehtulhtu1ucun8mo8qrstq","acc":"2zMZDLfsezdv"}
[2021-09-14 11:29:34.900][2212][INFO] [CMD:1011]{"token":"4946ehtulhtu1ucun8mo8qrstq","acc":"2zMZDLfsezdv"}
[2021-09-14 13:03:22.263][2212][INFO] [CMD:101][ACC:MeX3Uq6I5zX7]
[2021-09-14 13:03:22.404][2212][INFO] [CMD:1025]{"token":"0tpr65mjq2baku2bajhc3emedo","acc":"MeX3Uq6I5zX7"}
[2021-09-14 13:03:22.433][2212][INFO] [CMD:1028]{"token":"0tpr65mjq2baku2bajhc3emedo","acc":"MeX3Uq6I5zX7"}
[2021-09-14 13:03:22.445][2212][INFO] [CMD:1021]{"token":"0tpr65mjq2baku2bajhc3emedo","acc":"MeX3Uq6I5zX7"}
[2021-09-14 13:03:31.457][2212][INFO] [CMD:1001]{"token":"0tpr65mjq2baku2bajhc3emedo","acc":"MeX3Uq6I5zX7"}
[2021-09-14 13:03:31.457][2212][INFO] [CMD:1011]{"token":"0tpr65mjq2baku2bajhc3emedo","acc":"MeX3Uq6I5zX7"}
[2021-09-14 13:03:31.461][2212][INFO] [CMD:1023]{"token":"0tpr65mjq2baku2bajhc3emedo","acc":"MeX3Uq6I5zX7"}
[2021-09-14 13:07:27.299][2212][INFO] [CMD:101][ACC:MeX3Uq6I5zX7]
[2021-09-14 13:07:27.444][2212][INFO] [CMD:1025]{"token":"g85chd5npk6mdcms9pu378unt3","acc":"MeX3Uq6I5zX7"}
[2021-09-14 13:07:27.463][2212][INFO] [CMD:1028]{"token":"g85chd5npk6mdcms9pu378unt3","acc":"MeX3Uq6I5zX7"}
[2021-09-14 13:07:27.472][2212][INFO] [CMD:1021]{"token":"g85chd5npk6mdcms9pu378unt3","acc":"MeX3Uq6I5zX7"}
[2021-09-14 13:07:36.902][2212][INFO] [CMD:1001]{"token":"g85chd5npk6mdcms9pu378unt3","acc":"MeX3Uq6I5zX7"}
[2021-09-14 13:07:36.903][2212][INFO] [CMD:1023]{"token":"g85chd5npk6mdcms9pu378unt3","acc":"MeX3Uq6I5zX7"}
[2021-09-14 13:07:36.908][2212][INFO] [CMD:1011]{"token":"g85chd5npk6mdcms9pu378unt3","acc":"MeX3Uq6I5zX7"}
[2021-09-14 13:08:30.396][2212][INFO] [CMD:1001]{"token":"g85chd5npk6mdcms9pu378unt3","acc":"MeX3Uq6I5zX7"}
[2021-09-14 13:08:30.398][2212][INFO] [CMD:1011]{"token":"g85chd5npk6mdcms9pu378unt3","acc":"MeX3Uq6I5zX7"}
[2021-09-14 13:09:38.325][2212][INFO] [CMD:1004]{"token":"g85chd5npk6mdcms9pu378unt3","acc":"MeX3Uq6I5zX7","itemId":105,"count":1}
[2021-09-14 13:10:39.719][2212][INFO] [CMD:101][ACC:MeX3Uq6I5zX7]
[2021-09-14 13:10:39.872][2212][INFO] [CMD:1021]{"token":"21rrfb37u2955s917vtnnhj413","acc":"MeX3Uq6I5zX7"}
[2021-09-14 13:10:39.883][2212][INFO] [CMD:1025]{"token":"21rrfb37u2955s917vtnnhj413","acc":"MeX3Uq6I5zX7"}
[2021-09-14 13:10:39.892][2212][INFO] [CMD:1028]{"token":"21rrfb37u2955s917vtnnhj413","acc":"MeX3Uq6I5zX7"}
[2021-09-14 13:10:48.812][2212][INFO] [CMD:1011]{"token":"21rrfb37u2955s917vtnnhj413","acc":"MeX3Uq6I5zX7"}
[2021-09-14 13:10:48.823][2212][INFO] [CMD:1023]{"token":"21rrfb37u2955s917vtnnhj413","acc":"MeX3Uq6I5zX7"}
[2021-09-14 13:10:48.831][2212][INFO] [CMD:1001]{"token":"21rrfb37u2955s917vtnnhj413","acc":"MeX3Uq6I5zX7"}
[2021-09-14 13:14:02.338][2212][INFO] [CMD:101][ACC:MeX3Uq6I5zX7]
[2021-09-14 13:14:02.566][2212][INFO] [CMD:1021]{"token":"3rv2gaarfu31p1r6q2k55hv9ra","acc":"MeX3Uq6I5zX7"}
[2021-09-14 13:14:02.570][2212][INFO] [CMD:1025]{"token":"3rv2gaarfu31p1r6q2k55hv9ra","acc":"MeX3Uq6I5zX7"}
[2021-09-14 13:14:02.585][2212][INFO] [CMD:1028]{"token":"3rv2gaarfu31p1r6q2k55hv9ra","acc":"MeX3Uq6I5zX7"}
[2021-09-14 13:14:11.487][2212][INFO] [CMD:1023]{"token":"3rv2gaarfu31p1r6q2k55hv9ra","acc":"MeX3Uq6I5zX7"}
[2021-09-14 13:14:11.489][2212][INFO] [CMD:1001]{"token":"3rv2gaarfu31p1r6q2k55hv9ra","acc":"MeX3Uq6I5zX7"}
[2021-09-14 13:14:11.512][2212][INFO] [CMD:1011]{"token":"3rv2gaarfu31p1r6q2k55hv9ra","acc":"MeX3Uq6I5zX7"}
[2021-09-14 13:16:51.499][2212][INFO] [CMD:101][ACC:MeX3Uq6I5zX7]
[2021-09-14 13:16:51.809][2212][INFO] [CMD:1025]{"token":"pq4r502vtqlljhfnai12pu2f10","acc":"MeX3Uq6I5zX7"}
[2021-09-14 13:16:51.827][2212][INFO] [CMD:1021]{"token":"pq4r502vtqlljhfnai12pu2f10","acc":"MeX3Uq6I5zX7"}
[2021-09-14 13:16:51.829][2212][INFO] [CMD:6001]{"token":"pq4r502vtqlljhfnai12pu2f10","acc":"MeX3Uq6I5zX7"}
[2021-09-14 13:16:51.830][2212][INFO] [CMD:1028]{"token":"pq4r502vtqlljhfnai12pu2f10","acc":"MeX3Uq6I5zX7"}
[2021-09-14 13:17:01.547][2212][INFO] [CMD:1023]{"token":"pq4r502vtqlljhfnai12pu2f10","acc":"MeX3Uq6I5zX7"}
[2021-09-14 13:17:01.550][2212][INFO] [CMD:1001]{"token":"pq4r502vtqlljhfnai12pu2f10","acc":"MeX3Uq6I5zX7"}
[2021-09-14 13:17:01.550][2212][INFO] [CMD:1011]{"token":"pq4r502vtqlljhfnai12pu2f10","acc":"MeX3Uq6I5zX7"}
[2021-09-14 13:17:30.212][2212][INFO] [CMD:100]
[2021-09-14 13:17:30.476][2212][INFO] [CMD:101][ACC:qI47Rc8XQBqq]
[2021-09-14 13:17:30.739][2212][INFO] [CMD:1025]{"token":"hrufgu91gdu19usgaam0g1ircj","acc":"qI47Rc8XQBqq"}
[2021-09-14 13:17:30.751][2212][INFO] [CMD:1021]{"token":"hrufgu91gdu19usgaam0g1ircj","acc":"qI47Rc8XQBqq"}
[2021-09-14 13:17:30.751][2212][INFO] [CMD:6001]{"token":"hrufgu91gdu19usgaam0g1ircj","acc":"qI47Rc8XQBqq"}
[2021-09-14 13:17:30.752][2212][INFO] [CMD:1028]{"token":"hrufgu91gdu19usgaam0g1ircj","acc":"qI47Rc8XQBqq"}
[2021-09-14 13:17:33.146][2212][INFO] [CMD:1011]{"token":"hrufgu91gdu19usgaam0g1ircj","acc":"qI47Rc8XQBqq"}
[2021-09-14 13:17:38.084][2212][INFO] [CMD:1029]{"token":"hrufgu91gdu19usgaam0g1ircj","acc":"qI47Rc8XQBqq"}
[2021-09-14 13:17:41.392][2212][INFO] [CMD:1023]{"token":"hrufgu91gdu19usgaam0g1ircj","acc":"qI47Rc8XQBqq"}
[2021-09-14 13:17:41.405][2212][INFO] [CMD:1001]{"token":"hrufgu91gdu19usgaam0g1ircj","acc":"qI47Rc8XQBqq"}
[2021-09-14 13:17:41.420][2212][INFO] [CMD:1011]{"token":"hrufgu91gdu19usgaam0g1ircj","acc":"qI47Rc8XQBqq"}
[2021-09-14 13:18:11.862][2212][INFO] [CMD:1009]{"token":"hrufgu91gdu19usgaam0g1ircj","acc":"qI47Rc8XQBqq","bonusList":"2,1,2,2,1,3,1,3,1"}
[2021-09-14 13:18:19.446][2212][INFO] [CMD:1001]{"token":"hrufgu91gdu19usgaam0g1ircj","acc":"qI47Rc8XQBqq"}
[2021-09-14 13:18:19.452][2212][INFO] [CMD:1011]{"token":"hrufgu91gdu19usgaam0g1ircj","acc":"qI47Rc8XQBqq"}
[2021-09-14 13:18:22.503][2212][INFO] [CMD:1008]{"token":"hrufgu91gdu19usgaam0g1ircj","acc":"qI47Rc8XQBqq","creaftId":29,"count":1}
[2021-09-14 13:18:22.675][2212][INFO] [CMD:1001]{"token":"hrufgu91gdu19usgaam0g1ircj","acc":"qI47Rc8XQBqq"}
[2021-09-14 13:18:24.242][2212][INFO] [CMD:1001]{"token":"hrufgu91gdu19usgaam0g1ircj","acc":"qI47Rc8XQBqq"}
[2021-09-14 13:18:24.257][2212][INFO] [CMD:1011]{"token":"hrufgu91gdu19usgaam0g1ircj","acc":"qI47Rc8XQBqq"}
[2021-09-14 13:18:25.552][2212][INFO] [CMD:1007]{"token":"hrufgu91gdu19usgaam0g1ircj","acc":"qI47Rc8XQBqq","guid":370,"site":4}
[2021-09-14 13:18:31.680][2212][INFO] [CMD:1002]{"token":"hrufgu91gdu19usgaam0g1ircj","acc":"qI47Rc8XQBqq","guid":370,"count":1}
[2021-09-14 13:18:33.860][2212][INFO] [CMD:1044]{"token":"hrufgu91gdu19usgaam0g1ircj","acc":"qI47Rc8XQBqq"}
[2021-09-14 13:19:50.688][2212][INFO] [CMD:101][ACC:qI47Rc8XQBqq]
[2021-09-14 13:19:50.808][2212][INFO] [CMD:1025]{"token":"6hvtb613r2c3vduoslf99r2g20","acc":"qI47Rc8XQBqq"}
[2021-09-14 13:19:50.845][2212][INFO] [CMD:1028]{"token":"6hvtb613r2c3vduoslf99r2g20","acc":"qI47Rc8XQBqq"}
[2021-09-14 13:19:50.864][2212][INFO] [CMD:1021]{"token":"6hvtb613r2c3vduoslf99r2g20","acc":"qI47Rc8XQBqq"}
[2021-09-14 13:19:55.964][2212][INFO] [CMD:1023]{"token":"6hvtb613r2c3vduoslf99r2g20","acc":"qI47Rc8XQBqq"}
[2021-09-14 13:19:55.966][2212][INFO] [CMD:1001]{"token":"6hvtb613r2c3vduoslf99r2g20","acc":"qI47Rc8XQBqq"}
[2021-09-14 13:19:55.977][2212][INFO] [CMD:1011]{"token":"6hvtb613r2c3vduoslf99r2g20","acc":"qI47Rc8XQBqq"}
[2021-09-14 13:19:58.667][2212][INFO] [CMD:1044]{"token":"6hvtb613r2c3vduoslf99r2g20","acc":"qI47Rc8XQBqq"}
[2021-09-14 14:52:05.401][2212][INFO] [CMD:101][ACC:qI47Rc8XQBqq]
[2021-09-14 14:52:05.948][2212][INFO] [CMD:1028]{"token":"c89q2gvqqp798vj5hckutg277c","acc":"qI47Rc8XQBqq"}
[2021-09-14 14:52:05.951][2212][INFO] [CMD:1025]{"token":"c89q2gvqqp798vj5hckutg277c","acc":"qI47Rc8XQBqq"}
[2021-09-14 14:52:05.952][2212][INFO] [CMD:1021]{"token":"c89q2gvqqp798vj5hckutg277c","acc":"qI47Rc8XQBqq"}
[2021-09-14 14:52:10.883][2212][INFO] [CMD:1011]{"token":"c89q2gvqqp798vj5hckutg277c","acc":"qI47Rc8XQBqq"}
[2021-09-14 14:52:10.884][2212][INFO] [CMD:1001]{"token":"c89q2gvqqp798vj5hckutg277c","acc":"qI47Rc8XQBqq"}
[2021-09-14 14:52:10.885][2212][INFO] [CMD:1023]{"token":"c89q2gvqqp798vj5hckutg277c","acc":"qI47Rc8XQBqq"}
[2021-09-14 14:52:15.882][2212][INFO] [CMD:1011]{"token":"c89q2gvqqp798vj5hckutg277c","acc":"qI47Rc8XQBqq"}
[2021-09-14 14:52:20.117][2212][INFO] [CMD:9000]{"token":"c89q2gvqqp798vj5hckutg277c","acc":"qI47Rc8XQBqq","productId":"craftstory_4900","transactionId":"5eb374ca-c8cd-447d-a4d3-d966e3193518"}
[2021-09-14 14:52:20.318][2212][INFO] [CMD:1011]{"token":"c89q2gvqqp798vj5hckutg277c","acc":"qI47Rc8XQBqq"}
[2021-09-14 14:52:24.010][2212][INFO] [CMD:1010]{"token":"c89q2gvqqp798vj5hckutg277c","acc":"qI47Rc8XQBqq","shopId":2006}
[2021-09-14 14:52:24.190][2212][INFO] [CMD:1001]{"token":"c89q2gvqqp798vj5hckutg277c","acc":"qI47Rc8XQBqq"}
[2021-09-14 14:52:24.205][2212][INFO] [CMD:1011]{"token":"c89q2gvqqp798vj5hckutg277c","acc":"qI47Rc8XQBqq"}
[2021-09-14 15:06:11.575][2212][INFO] [CMD:101][ACC:qI47Rc8XQBqq]
[2021-09-14 15:06:11.682][2212][INFO] [CMD:1045]{"token":"v37bt1d6t454pqoeqotclgp915","acc":"qI47Rc8XQBqq","missionId":1,"missionType":1}
[2021-09-14 15:06:11.701][2212][INFO] [CMD:1025]{"token":"v37bt1d6t454pqoeqotclgp915","acc":"qI47Rc8XQBqq"}
[2021-09-14 15:06:11.737][2212][INFO] [CMD:1028]{"token":"v37bt1d6t454pqoeqotclgp915","acc":"qI47Rc8XQBqq"}
[2021-09-14 15:06:11.751][2212][INFO] [CMD:1021]{"token":"v37bt1d6t454pqoeqotclgp915","acc":"qI47Rc8XQBqq"}
[2021-09-14 15:06:16.837][2212][INFO] [CMD:1023]{"token":"v37bt1d6t454pqoeqotclgp915","acc":"qI47Rc8XQBqq"}
[2021-09-14 15:06:16.848][2212][INFO] [CMD:1001]{"token":"v37bt1d6t454pqoeqotclgp915","acc":"qI47Rc8XQBqq"}
[2021-09-14 15:06:16.851][2212][INFO] [CMD:1011]{"token":"v37bt1d6t454pqoeqotclgp915","acc":"qI47Rc8XQBqq"}
[2021-09-14 15:06:45.668][2212][INFO] [CMD:1041]{"token":"v37bt1d6t454pqoeqotclgp915","acc":"qI47Rc8XQBqq","point":1000,"money":300,"email":"usus@usus.com"}
[2021-09-14 15:06:48.390][2212][INFO] [CMD:1019]{"token":"v37bt1d6t454pqoeqotclgp915","acc":"qI47Rc8XQBqq","page":1}
[2021-09-14 15:06:49.099][2212][INFO] [CMD:1020]{"token":"v37bt1d6t454pqoeqotclgp915","acc":"qI47Rc8XQBqq","guid":121}
[2021-09-14 15:06:49.756][2212][INFO] [CMD:1019]{"token":"v37bt1d6t454pqoeqotclgp915","acc":"qI47Rc8XQBqq","page":1}
[2021-09-14 15:07:04.315][2212][INFO] [CMD:101][ACC:qI47Rc8XQBqq]
[2021-09-14 15:07:04.515][2212][INFO] [CMD:1045]{"token":"99pps1udtoko0p74p0d43j018n","acc":"qI47Rc8XQBqq","missionId":1,"missionType":1}
[2021-09-14 15:07:04.535][2212][INFO] [CMD:1021]{"token":"99pps1udtoko0p74p0d43j018n","acc":"qI47Rc8XQBqq"}
[2021-09-14 15:07:04.536][2212][INFO] [CMD:1025]{"token":"99pps1udtoko0p74p0d43j018n","acc":"qI47Rc8XQBqq"}
[2021-09-14 15:07:04.555][2212][INFO] [CMD:1028]{"token":"99pps1udtoko0p74p0d43j018n","acc":"qI47Rc8XQBqq"}
[2021-09-14 15:07:09.571][2212][INFO] [CMD:1011]{"token":"99pps1udtoko0p74p0d43j018n","acc":"qI47Rc8XQBqq"}
[2021-09-14 15:07:09.574][2212][INFO] [CMD:1001]{"token":"99pps1udtoko0p74p0d43j018n","acc":"qI47Rc8XQBqq"}
[2021-09-14 15:07:09.575][2212][INFO] [CMD:1023]{"token":"99pps1udtoko0p74p0d43j018n","acc":"qI47Rc8XQBqq"}
[2021-09-14 15:08:31.055][2212][INFO] [CMD:101][ACC:qI47Rc8XQBqq]
[2021-09-14 15:08:31.183][2212][INFO] [CMD:1045]{"token":"ue4d3hta8nbd7g68mpdpf1k92k","acc":"qI47Rc8XQBqq","missionId":1,"missionType":1}
[2021-09-14 15:08:31.196][2212][INFO] [CMD:1025]{"token":"ue4d3hta8nbd7g68mpdpf1k92k","acc":"qI47Rc8XQBqq"}
[2021-09-14 15:08:31.199][2212][INFO] [CMD:1028]{"token":"ue4d3hta8nbd7g68mpdpf1k92k","acc":"qI47Rc8XQBqq"}
[2021-09-14 15:08:31.214][2212][INFO] [CMD:1021]{"token":"ue4d3hta8nbd7g68mpdpf1k92k","acc":"qI47Rc8XQBqq"}
[2021-09-14 15:08:36.270][2212][INFO] [CMD:1023]{"token":"ue4d3hta8nbd7g68mpdpf1k92k","acc":"qI47Rc8XQBqq"}
[2021-09-14 15:08:36.280][2212][INFO] [CMD:1001]{"token":"ue4d3hta8nbd7g68mpdpf1k92k","acc":"qI47Rc8XQBqq"}
[2021-09-14 15:08:36.285][2212][INFO] [CMD:1011]{"token":"ue4d3hta8nbd7g68mpdpf1k92k","acc":"qI47Rc8XQBqq"}
[2021-09-14 15:14:32.109][2212][INFO] [CMD:101][ACC:qI47Rc8XQBqq]
[2021-09-14 15:14:32.246][2212][INFO] [CMD:1045]{"token":"d52cieidn4ic4eth8epp2b0j3u","acc":"qI47Rc8XQBqq","missionId":1,"missionType":1}
[2021-09-14 15:14:32.254][2212][INFO] [CMD:1025]{"token":"d52cieidn4ic4eth8epp2b0j3u","acc":"qI47Rc8XQBqq"}
[2021-09-14 15:14:32.262][2212][INFO] [CMD:1028]{"token":"d52cieidn4ic4eth8epp2b0j3u","acc":"qI47Rc8XQBqq"}
[2021-09-14 15:14:32.278][2212][INFO] [CMD:1021]{"token":"d52cieidn4ic4eth8epp2b0j3u","acc":"qI47Rc8XQBqq"}
[2021-09-14 15:14:36.948][2212][INFO] [CMD:1001]{"token":"d52cieidn4ic4eth8epp2b0j3u","acc":"qI47Rc8XQBqq"}
[2021-09-14 15:14:36.958][2212][INFO] [CMD:1011]{"token":"d52cieidn4ic4eth8epp2b0j3u","acc":"qI47Rc8XQBqq"}
[2021-09-14 15:14:36.959][2212][INFO] [CMD:1023]{"token":"d52cieidn4ic4eth8epp2b0j3u","acc":"qI47Rc8XQBqq"}
[2021-09-14 15:16:32.709][2212][INFO] [CMD:100]
[2021-09-14 15:16:33.026][2212][INFO] [CMD:101][ACC:v6hrwzMYhvXU]
[2021-09-14 15:16:33.208][2212][INFO] [CMD:1028]{"token":"1eujct72vtoe0lpe8j8ca9tc8j","acc":"v6hrwzMYhvXU"}
[2021-09-14 15:16:33.210][2212][INFO] [CMD:1045]{"token":"1eujct72vtoe0lpe8j8ca9tc8j","acc":"v6hrwzMYhvXU","missionId":1,"missionType":1}
[2021-09-14 15:16:33.223][2212][INFO] [CMD:1025]{"token":"1eujct72vtoe0lpe8j8ca9tc8j","acc":"v6hrwzMYhvXU"}
[2021-09-14 15:16:33.242][2212][INFO] [CMD:1021]{"token":"1eujct72vtoe0lpe8j8ca9tc8j","acc":"v6hrwzMYhvXU"}
[2021-09-14 15:16:35.620][2212][INFO] [CMD:1011]{"token":"1eujct72vtoe0lpe8j8ca9tc8j","acc":"v6hrwzMYhvXU"}
[2021-09-14 15:16:39.054][2212][INFO] [CMD:1029]{"token":"1eujct72vtoe0lpe8j8ca9tc8j","acc":"v6hrwzMYhvXU"}
[2021-09-14 15:16:42.287][2212][INFO] [CMD:1023]{"token":"1eujct72vtoe0lpe8j8ca9tc8j","acc":"v6hrwzMYhvXU"}
[2021-09-14 15:16:42.288][2212][INFO] [CMD:1011]{"token":"1eujct72vtoe0lpe8j8ca9tc8j","acc":"v6hrwzMYhvXU"}
[2021-09-14 15:16:42.290][2212][INFO] [CMD:1001]{"token":"1eujct72vtoe0lpe8j8ca9tc8j","acc":"v6hrwzMYhvXU"}
[2021-09-14 15:16:45.490][2212][INFO] [CMD:1011]{"token":"1eujct72vtoe0lpe8j8ca9tc8j","acc":"v6hrwzMYhvXU"}
[2021-09-14 15:16:48.608][2212][INFO] [CMD:9000]{"token":"1eujct72vtoe0lpe8j8ca9tc8j","acc":"v6hrwzMYhvXU","productId":"craftstory_4900","transactionId":"633fca25-266a-456a-8352-2dcd1f31bd12"}
[2021-09-14 15:16:48.774][2212][INFO] [CMD:1011]{"token":"1eujct72vtoe0lpe8j8ca9tc8j","acc":"v6hrwzMYhvXU"}
[2021-09-14 15:16:54.259][2212][INFO] [CMD:1010]{"token":"1eujct72vtoe0lpe8j8ca9tc8j","acc":"v6hrwzMYhvXU","shopId":2004}
[2021-09-14 15:16:54.372][2212][INFO] [CMD:1001]{"token":"1eujct72vtoe0lpe8j8ca9tc8j","acc":"v6hrwzMYhvXU"}
[2021-09-14 15:16:54.391][2212][INFO] [CMD:1011]{"token":"1eujct72vtoe0lpe8j8ca9tc8j","acc":"v6hrwzMYhvXU"}
[2021-09-14 15:18:04.195][2212][INFO] [CMD:1041]{"token":"1eujct72vtoe0lpe8j8ca9tc8j","acc":"v6hrwzMYhvXU","point":1000,"money":300,"email":"gggg@ggg.com"}
[2021-09-14 15:26:32.709][2212][INFO] [CMD:101][ACC:v6hrwzMYhvXU]
[2021-09-14 15:26:32.999][2212][INFO] [CMD:1045]{"token":"13sh8k1hts0msif03d1mdab62m","acc":"v6hrwzMYhvXU","missionId":1,"missionType":1}
[2021-09-14 15:26:33.031][2212][INFO] [CMD:1025]{"token":"13sh8k1hts0msif03d1mdab62m","acc":"v6hrwzMYhvXU"}
[2021-09-14 15:26:33.034][2212][INFO] [CMD:1021]{"token":"13sh8k1hts0msif03d1mdab62m","acc":"v6hrwzMYhvXU"}
[2021-09-14 15:26:33.058][2212][INFO] [CMD:1028]{"token":"13sh8k1hts0msif03d1mdab62m","acc":"v6hrwzMYhvXU"}
[2021-09-14 15:26:38.173][2212][INFO] [CMD:1001]{"token":"13sh8k1hts0msif03d1mdab62m","acc":"v6hrwzMYhvXU"}
[2021-09-14 15:26:38.182][2212][INFO] [CMD:1023]{"token":"13sh8k1hts0msif03d1mdab62m","acc":"v6hrwzMYhvXU"}
[2021-09-14 15:26:38.183][2212][INFO] [CMD:1011]{"token":"13sh8k1hts0msif03d1mdab62m","acc":"v6hrwzMYhvXU"}
[2021-09-14 15:26:40.423][2212][INFO] [CMD:1044]{"token":"13sh8k1hts0msif03d1mdab62m","acc":"v6hrwzMYhvXU"}
[2021-09-14 15:26:53.780][2212][INFO] [CMD:101][ACC:v6hrwzMYhvXU]
[2021-09-14 15:26:54.053][2212][INFO] [CMD:1025]{"token":"k3mt18bn3i2giebqt64c6ks3nr","acc":"v6hrwzMYhvXU"}
[2021-09-14 15:26:54.065][2212][INFO] [CMD:1045]{"token":"k3mt18bn3i2giebqt64c6ks3nr","acc":"v6hrwzMYhvXU","missionId":1,"missionType":1}
[2021-09-14 15:26:54.065][2212][INFO] [CMD:1028]{"token":"k3mt18bn3i2giebqt64c6ks3nr","acc":"v6hrwzMYhvXU"}
[2021-09-14 15:26:54.068][2212][INFO] [CMD:1021]{"token":"k3mt18bn3i2giebqt64c6ks3nr","acc":"v6hrwzMYhvXU"}
[2021-09-14 15:28:04.973][2212][INFO] [CMD:101][ACC:v6hrwzMYhvXU]
[2021-09-14 15:28:08.628][2212][INFO] [CMD:1045]{"token":"8k6m3mprsv5qrih0ona6n9q0oi","acc":"v6hrwzMYhvXU","missionId":1,"missionType":1}
[2021-09-14 15:28:08.654][2212][INFO] [CMD:1028]{"token":"8k6m3mprsv5qrih0ona6n9q0oi","acc":"v6hrwzMYhvXU"}
[2021-09-14 15:28:08.659][2212][INFO] [CMD:1021]{"token":"8k6m3mprsv5qrih0ona6n9q0oi","acc":"v6hrwzMYhvXU"}
[2021-09-14 15:28:08.660][2212][INFO] [CMD:1025]{"token":"8k6m3mprsv5qrih0ona6n9q0oi","acc":"v6hrwzMYhvXU"}
[2021-09-14 15:29:17.408][2212][INFO] [CMD:101][ACC:v6hrwzMYhvXU]
[2021-09-14 15:29:17.541][2212][INFO] [CMD:1045]{"token":"bd4eeu10fn1j3s8fa6sok76sql","acc":"v6hrwzMYhvXU","missionId":1,"missionType":1}
[2021-09-14 15:29:17.555][2212][INFO] [CMD:1028]{"token":"bd4eeu10fn1j3s8fa6sok76sql","acc":"v6hrwzMYhvXU"}
[2021-09-14 15:29:17.565][2212][INFO] [CMD:1025]{"token":"bd4eeu10fn1j3s8fa6sok76sql","acc":"v6hrwzMYhvXU"}
[2021-09-14 15:29:17.578][2212][INFO] [CMD:1021]{"token":"bd4eeu10fn1j3s8fa6sok76sql","acc":"v6hrwzMYhvXU"}
[2021-09-14 15:29:22.767][2212][INFO] [CMD:1001]{"token":"bd4eeu10fn1j3s8fa6sok76sql","acc":"v6hrwzMYhvXU"}
[2021-09-14 15:29:22.769][2212][INFO] [CMD:1023]{"token":"bd4eeu10fn1j3s8fa6sok76sql","acc":"v6hrwzMYhvXU"}
[2021-09-14 15:29:22.777][2212][INFO] [CMD:1011]{"token":"bd4eeu10fn1j3s8fa6sok76sql","acc":"v6hrwzMYhvXU"}
[2021-09-14 15:29:27.320][2212][INFO] [CMD:1044]{"token":"bd4eeu10fn1j3s8fa6sok76sql","acc":"v6hrwzMYhvXU"}
[2021-09-14 15:30:20.224][2212][INFO] [CMD:1044]{"token":"bd4eeu10fn1j3s8fa6sok76sql","acc":"v6hrwzMYhvXU"}
[2021-09-14 15:31:35.416][2212][INFO] [CMD:101][ACC:v6hrwzMYhvXU]
[2021-09-14 15:31:35.538][2212][INFO] [CMD:1045]{"token":"7ukkbc5l7h6o3o7u5n3cvkd50m","acc":"v6hrwzMYhvXU","missionId":1,"missionType":1}
[2021-09-14 15:31:35.556][2212][INFO] [CMD:1025]{"token":"7ukkbc5l7h6o3o7u5n3cvkd50m","acc":"v6hrwzMYhvXU"}
[2021-09-14 15:31:35.557][2212][INFO] [CMD:1028]{"token":"7ukkbc5l7h6o3o7u5n3cvkd50m","acc":"v6hrwzMYhvXU"}
[2021-09-14 15:31:35.588][2212][INFO] [CMD:1021]{"token":"7ukkbc5l7h6o3o7u5n3cvkd50m","acc":"v6hrwzMYhvXU"}
[2021-09-14 15:31:40.683][2212][INFO] [CMD:1023]{"token":"7ukkbc5l7h6o3o7u5n3cvkd50m","acc":"v6hrwzMYhvXU"}
[2021-09-14 15:31:40.690][2212][INFO] [CMD:1011]{"token":"7ukkbc5l7h6o3o7u5n3cvkd50m","acc":"v6hrwzMYhvXU"}
[2021-09-14 15:31:40.691][2212][INFO] [CMD:1001]{"token":"7ukkbc5l7h6o3o7u5n3cvkd50m","acc":"v6hrwzMYhvXU"}
[2021-09-14 15:31:42.642][2212][INFO] [CMD:1044]{"token":"7ukkbc5l7h6o3o7u5n3cvkd50m","acc":"v6hrwzMYhvXU"}
[2021-09-14 15:31:51.619][2212][INFO] [CMD:1044]{"token":"7ukkbc5l7h6o3o7u5n3cvkd50m","acc":"v6hrwzMYhvXU"}
[2021-09-14 15:32:36.260][2212][INFO] [CMD:1044]{"token":"7ukkbc5l7h6o3o7u5n3cvkd50m","acc":"v6hrwzMYhvXU"}
[2021-09-14 15:33:07.024][2212][INFO] [CMD:1044]{"token":"7ukkbc5l7h6o3o7u5n3cvkd50m","acc":"v6hrwzMYhvXU"}
[2021-09-14 15:34:21.623][2212][INFO] [CMD:101][ACC:v6hrwzMYhvXU]
[2021-09-14 15:34:21.892][2212][INFO] [CMD:1028]{"token":"6u349ov9s10msa20c5baubsu6e","acc":"v6hrwzMYhvXU"}
[2021-09-14 15:34:21.899][2212][INFO] [CMD:1025]{"token":"6u349ov9s10msa20c5baubsu6e","acc":"v6hrwzMYhvXU"}
[2021-09-14 15:34:21.908][2212][INFO] [CMD:1045]{"token":"6u349ov9s10msa20c5baubsu6e","acc":"v6hrwzMYhvXU","missionId":1,"missionType":1}
[2021-09-14 15:34:21.909][2212][INFO] [CMD:1021]{"token":"6u349ov9s10msa20c5baubsu6e","acc":"v6hrwzMYhvXU"}
[2021-09-14 15:34:27.002][2212][INFO] [CMD:1011]{"token":"6u349ov9s10msa20c5baubsu6e","acc":"v6hrwzMYhvXU"}
[2021-09-14 15:34:27.003][2212][INFO] [CMD:1023]{"token":"6u349ov9s10msa20c5baubsu6e","acc":"v6hrwzMYhvXU"}
[2021-09-14 15:34:27.005][2212][INFO] [CMD:1001]{"token":"6u349ov9s10msa20c5baubsu6e","acc":"v6hrwzMYhvXU"}
[2021-09-14 15:42:10.223][2212][INFO] [CMD:101][ACC:v6hrwzMYhvXU]
[2021-09-14 15:42:10.374][2212][INFO] [CMD:1045]{"token":"p34iskoocepleca6749rp3hmom","acc":"v6hrwzMYhvXU","missionId":1,"missionType":1}
[2021-09-14 15:42:10.391][2212][INFO] [CMD:1028]{"token":"p34iskoocepleca6749rp3hmom","acc":"v6hrwzMYhvXU"}
[2021-09-14 15:42:10.406][2212][INFO] [CMD:1021]{"token":"p34iskoocepleca6749rp3hmom","acc":"v6hrwzMYhvXU"}
[2021-09-14 15:42:10.414][2212][INFO] [CMD:1025]{"token":"p34iskoocepleca6749rp3hmom","acc":"v6hrwzMYhvXU"}
[2021-09-14 15:42:15.457][2212][INFO] [CMD:1011]{"token":"p34iskoocepleca6749rp3hmom","acc":"v6hrwzMYhvXU"}
[2021-09-14 15:42:15.463][2212][INFO] [CMD:1001]{"token":"p34iskoocepleca6749rp3hmom","acc":"v6hrwzMYhvXU"}
[2021-09-14 15:42:15.465][2212][INFO] [CMD:1023]{"token":"p34iskoocepleca6749rp3hmom","acc":"v6hrwzMYhvXU"}
[2021-09-14 15:43:16.934][2212][INFO] [CMD:101][ACC:v6hrwzMYhvXU]
[2021-09-14 15:43:17.087][2212][INFO] [CMD:1045]{"token":"0q2pp1bgf0qfbnmnv1fvnsp5ba","acc":"v6hrwzMYhvXU","missionId":1,"missionType":1}
[2021-09-14 15:43:17.118][2212][INFO] [CMD:1021]{"token":"0q2pp1bgf0qfbnmnv1fvnsp5ba","acc":"v6hrwzMYhvXU"}
[2021-09-14 15:43:17.119][2212][INFO] [CMD:1025]{"token":"0q2pp1bgf0qfbnmnv1fvnsp5ba","acc":"v6hrwzMYhvXU"}
[2021-09-14 15:43:17.129][2212][INFO] [CMD:1028]{"token":"0q2pp1bgf0qfbnmnv1fvnsp5ba","acc":"v6hrwzMYhvXU"}
[2021-09-14 15:43:21.751][2212][INFO] [CMD:1011]{"token":"0q2pp1bgf0qfbnmnv1fvnsp5ba","acc":"v6hrwzMYhvXU"}
[2021-09-14 15:43:21.757][2212][INFO] [CMD:1001]{"token":"0q2pp1bgf0qfbnmnv1fvnsp5ba","acc":"v6hrwzMYhvXU"}
[2021-09-14 15:43:21.757][2212][INFO] [CMD:1023]{"token":"0q2pp1bgf0qfbnmnv1fvnsp5ba","acc":"v6hrwzMYhvXU"}
[2021-09-14 15:45:32.135][2212][INFO] [CMD:101][ACC:v6hrwzMYhvXU]
[2021-09-14 15:45:32.283][2212][INFO] [CMD:1045]{"token":"p5v1qlo0mrupcf3pkj7vdq8nnl","acc":"v6hrwzMYhvXU","missionId":1,"missionType":1}
[2021-09-14 15:45:32.287][2212][INFO] [CMD:1028]{"token":"p5v1qlo0mrupcf3pkj7vdq8nnl","acc":"v6hrwzMYhvXU"}
[2021-09-14 15:45:32.289][2212][INFO] [CMD:1021]{"token":"p5v1qlo0mrupcf3pkj7vdq8nnl","acc":"v6hrwzMYhvXU"}
[2021-09-14 15:45:32.291][2212][INFO] [CMD:1025]{"token":"p5v1qlo0mrupcf3pkj7vdq8nnl","acc":"v6hrwzMYhvXU"}
[2021-09-14 15:45:37.159][2212][INFO] [CMD:1001]{"token":"p5v1qlo0mrupcf3pkj7vdq8nnl","acc":"v6hrwzMYhvXU"}
[2021-09-14 15:45:37.164][2212][INFO] [CMD:1023]{"token":"p5v1qlo0mrupcf3pkj7vdq8nnl","acc":"v6hrwzMYhvXU"}
[2021-09-14 15:45:37.165][2212][INFO] [CMD:1011]{"token":"p5v1qlo0mrupcf3pkj7vdq8nnl","acc":"v6hrwzMYhvXU"}
[2021-09-14 15:45:42.010][2212][INFO] [CMD:1044]{"token":"p5v1qlo0mrupcf3pkj7vdq8nnl","acc":"v6hrwzMYhvXU"}
[2021-09-14 15:52:29.530][2212][INFO] [CMD:1001]{"token":"p5v1qlo0mrupcf3pkj7vdq8nnl","acc":"v6hrwzMYhvXU"}
[2021-09-14 15:52:29.531][2212][INFO] [CMD:1011]{"token":"p5v1qlo0mrupcf3pkj7vdq8nnl","acc":"v6hrwzMYhvXU"}
[2021-09-14 15:53:05.145][2212][INFO] [CMD:1044]{"token":"p5v1qlo0mrupcf3pkj7vdq8nnl","acc":"v6hrwzMYhvXU"}
[2021-09-14 15:53:26.453][2212][INFO] [CMD:1044]{"token":"p5v1qlo0mrupcf3pkj7vdq8nnl","acc":"v6hrwzMYhvXU"}
[2021-09-14 15:54:04.462][2212][INFO] [CMD:101][ACC:v6hrwzMYhvXU]
[2021-09-14 15:54:04.666][2212][INFO] [CMD:1045]{"token":"2o397dpfq762tgd8ka3epsvhgu","acc":"v6hrwzMYhvXU","missionId":1,"missionType":1}
[2021-09-14 15:54:04.677][2212][INFO] [CMD:1028]{"token":"2o397dpfq762tgd8ka3epsvhgu","acc":"v6hrwzMYhvXU"}
[2021-09-14 15:54:04.680][2212][INFO] [CMD:1025]{"token":"2o397dpfq762tgd8ka3epsvhgu","acc":"v6hrwzMYhvXU"}
[2021-09-14 15:54:04.686][2212][INFO] [CMD:1021]{"token":"2o397dpfq762tgd8ka3epsvhgu","acc":"v6hrwzMYhvXU"}
[2021-09-14 15:54:09.707][2212][INFO] [CMD:1023]{"token":"2o397dpfq762tgd8ka3epsvhgu","acc":"v6hrwzMYhvXU"}
[2021-09-14 15:54:09.726][2212][INFO] [CMD:1001]{"token":"2o397dpfq762tgd8ka3epsvhgu","acc":"v6hrwzMYhvXU"}
[2021-09-14 15:54:09.726][2212][INFO] [CMD:1011]{"token":"2o397dpfq762tgd8ka3epsvhgu","acc":"v6hrwzMYhvXU"}
[2021-09-14 15:54:13.200][2212][INFO] [CMD:1044]{"token":"2o397dpfq762tgd8ka3epsvhgu","acc":"v6hrwzMYhvXU"}
[2021-09-14 16:23:01.381][2212][INFO] [CMD:1011]{"token":"2o397dpfq762tgd8ka3epsvhgu","acc":"v6hrwzMYhvXU"}
[2021-09-14 16:23:01.383][2212][INFO] [CMD:1001]{"token":"2o397dpfq762tgd8ka3epsvhgu","acc":"v6hrwzMYhvXU"}
[2021-09-14 16:23:04.071][2212][INFO] [CMD:1011]{"token":"2o397dpfq762tgd8ka3epsvhgu","acc":"v6hrwzMYhvXU"}
[2021-09-14 16:23:14.364][2212][INFO] [CMD:1011]{"token":"2o397dpfq762tgd8ka3epsvhgu","acc":"v6hrwzMYhvXU"}
[2021-09-14 16:23:31.605][2212][INFO] [CMD:1011]{"token":"2o397dpfq762tgd8ka3epsvhgu","acc":"v6hrwzMYhvXU"}
[2021-09-14 16:23:35.795][2212][INFO] [CMD:1011]{"token":"2o397dpfq762tgd8ka3epsvhgu","acc":"v6hrwzMYhvXU"}
[2021-09-14 16:25:11.622][2212][INFO] [CMD:1011]{"token":"2o397dpfq762tgd8ka3epsvhgu","acc":"v6hrwzMYhvXU"}
[2021-09-14 16:25:14.460][2212][INFO] [CMD:1019]{"token":"2o397dpfq762tgd8ka3epsvhgu","acc":"v6hrwzMYhvXU","page":1}
[2021-09-14 16:25:15.244][2212][INFO] [CMD:1020]{"token":"2o397dpfq762tgd8ka3epsvhgu","acc":"v6hrwzMYhvXU","guid":122}
[2021-09-14 16:25:16.196][2212][INFO] [CMD:1019]{"token":"2o397dpfq762tgd8ka3epsvhgu","acc":"v6hrwzMYhvXU","page":1}
[2021-09-14 16:26:22.243][2212][INFO] [CMD:1011]{"token":"2o397dpfq762tgd8ka3epsvhgu","acc":"v6hrwzMYhvXU"}
[2021-09-14 16:26:35.676][2212][INFO] [CMD:1001]{"token":"2o397dpfq762tgd8ka3epsvhgu","acc":"v6hrwzMYhvXU"}
[2021-09-14 16:26:35.694][2212][INFO] [CMD:1011]{"token":"2o397dpfq762tgd8ka3epsvhgu","acc":"v6hrwzMYhvXU"}
[2021-09-14 16:29:31.791][2212][INFO] [CMD:1001]{"token":"2o397dpfq762tgd8ka3epsvhgu","acc":"v6hrwzMYhvXU"}
[2021-09-14 16:29:31.810][2212][INFO] [CMD:1011]{"token":"2o397dpfq762tgd8ka3epsvhgu","acc":"v6hrwzMYhvXU"}
[2021-09-14 16:29:33.901][2212][INFO] [CMD:1011]{"token":"2o397dpfq762tgd8ka3epsvhgu","acc":"v6hrwzMYhvXU"}
[2021-09-14 16:31:36.869][2212][INFO] [CMD:1011]{"token":"2o397dpfq762tgd8ka3epsvhgu","acc":"v6hrwzMYhvXU"}
[2021-09-14 16:31:36.875][2212][INFO] [CMD:1001]{"token":"2o397dpfq762tgd8ka3epsvhgu","acc":"v6hrwzMYhvXU"}
[2021-09-14 16:31:43.892][2212][INFO] [CMD:1001]{"token":"2o397dpfq762tgd8ka3epsvhgu","acc":"v6hrwzMYhvXU"}
[2021-09-14 16:31:43.909][2212][INFO] [CMD:1011]{"token":"2o397dpfq762tgd8ka3epsvhgu","acc":"v6hrwzMYhvXU"}
[2021-09-14 16:32:03.434][2212][INFO] [CMD:1001]{"token":"2o397dpfq762tgd8ka3epsvhgu","acc":"v6hrwzMYhvXU"}
[2021-09-14 16:32:03.453][2212][INFO] [CMD:1011]{"token":"2o397dpfq762tgd8ka3epsvhgu","acc":"v6hrwzMYhvXU"}
[2021-09-14 16:33:22.088][2212][INFO] [CMD:1001]{"token":"2o397dpfq762tgd8ka3epsvhgu","acc":"v6hrwzMYhvXU"}
[2021-09-14 16:33:22.105][2212][INFO] [CMD:1011]{"token":"2o397dpfq762tgd8ka3epsvhgu","acc":"v6hrwzMYhvXU"}
[2021-09-14 16:33:33.537][2212][INFO] [CMD:1001]{"token":"2o397dpfq762tgd8ka3epsvhgu","acc":"v6hrwzMYhvXU"}
[2021-09-14 16:33:33.543][2212][INFO] [CMD:1011]{"token":"2o397dpfq762tgd8ka3epsvhgu","acc":"v6hrwzMYhvXU"}
[2021-09-14 16:34:10.301][2212][INFO] [CMD:1001]{"token":"2o397dpfq762tgd8ka3epsvhgu","acc":"v6hrwzMYhvXU"}
[2021-09-14 16:34:10.303][2212][INFO] [CMD:1011]{"token":"2o397dpfq762tgd8ka3epsvhgu","acc":"v6hrwzMYhvXU"}
[2021-09-14 16:34:32.333][2212][INFO] [CMD:1011]{"token":"2o397dpfq762tgd8ka3epsvhgu","acc":"v6hrwzMYhvXU"}
[2021-09-14 16:34:32.335][2212][INFO] [CMD:1001]{"token":"2o397dpfq762tgd8ka3epsvhgu","acc":"v6hrwzMYhvXU"}
[2021-09-14 16:35:45.373][2212][INFO] [CMD:1001]{"token":"2o397dpfq762tgd8ka3epsvhgu","acc":"v6hrwzMYhvXU"}
[2021-09-14 16:35:45.382][2212][INFO] [CMD:1011]{"token":"2o397dpfq762tgd8ka3epsvhgu","acc":"v6hrwzMYhvXU"}
[2021-09-14 16:37:21.163][2212][INFO] [CMD:1001]{"token":"2o397dpfq762tgd8ka3epsvhgu","acc":"v6hrwzMYhvXU"}
[2021-09-14 16:37:21.164][2212][INFO] [CMD:1011]{"token":"2o397dpfq762tgd8ka3epsvhgu","acc":"v6hrwzMYhvXU"}
[2021-09-14 16:37:29.427][2212][INFO] [CMD:1011]{"token":"2o397dpfq762tgd8ka3epsvhgu","acc":"v6hrwzMYhvXU"}
[2021-09-14 16:37:29.428][2212][INFO] [CMD:1001]{"token":"2o397dpfq762tgd8ka3epsvhgu","acc":"v6hrwzMYhvXU"}
[2021-09-14 16:37:45.154][2212][INFO] [CMD:1001]{"token":"2o397dpfq762tgd8ka3epsvhgu","acc":"v6hrwzMYhvXU"}
[2021-09-14 16:37:45.165][2212][INFO] [CMD:1011]{"token":"2o397dpfq762tgd8ka3epsvhgu","acc":"v6hrwzMYhvXU"}
[2021-09-14 16:38:10.052][2212][INFO] [CMD:1044]{"token":"2o397dpfq762tgd8ka3epsvhgu","acc":"v6hrwzMYhvXU"}
[2021-09-14 16:38:21.918][2212][INFO] [CMD:101][ACC:v6hrwzMYhvXU]
[2021-09-14 16:38:22.045][2212][INFO] [CMD:1045]{"token":"46efcg6umpnrqbaa1hh0slllp0","acc":"v6hrwzMYhvXU","missionId":1,"missionType":1}
[2021-09-14 16:38:22.053][2212][INFO] [CMD:1028]{"token":"46efcg6umpnrqbaa1hh0slllp0","acc":"v6hrwzMYhvXU"}
[2021-09-14 16:38:22.062][2212][INFO] [CMD:1025]{"token":"46efcg6umpnrqbaa1hh0slllp0","acc":"v6hrwzMYhvXU"}
[2021-09-14 16:38:22.072][2212][INFO] [CMD:1021]{"token":"46efcg6umpnrqbaa1hh0slllp0","acc":"v6hrwzMYhvXU"}
[2021-09-14 16:38:27.062][2212][INFO] [CMD:1011]{"token":"46efcg6umpnrqbaa1hh0slllp0","acc":"v6hrwzMYhvXU"}
[2021-09-14 16:38:27.066][2212][INFO] [CMD:1023]{"token":"46efcg6umpnrqbaa1hh0slllp0","acc":"v6hrwzMYhvXU"}
[2021-09-14 16:38:27.066][2212][INFO] [CMD:1001]{"token":"46efcg6umpnrqbaa1hh0slllp0","acc":"v6hrwzMYhvXU"}
[2021-09-14 16:38:28.982][2212][INFO] [CMD:1044]{"token":"46efcg6umpnrqbaa1hh0slllp0","acc":"v6hrwzMYhvXU"}
[2021-09-14 16:38:41.809][2212][INFO] [CMD:1044]{"token":"46efcg6umpnrqbaa1hh0slllp0","acc":"v6hrwzMYhvXU"}
[2021-09-14 16:42:47.526][2212][INFO] [CMD:101][ACC:v6hrwzMYhvXU]
[2021-09-14 16:42:47.662][2212][INFO] [CMD:1045]{"token":"sf6pqs5colhtaepibalpkjnva4","acc":"v6hrwzMYhvXU","missionId":1,"missionType":1}
[2021-09-14 16:42:47.687][2212][INFO] [CMD:1025]{"token":"sf6pqs5colhtaepibalpkjnva4","acc":"v6hrwzMYhvXU"}
[2021-09-14 16:42:47.687][2212][INFO] [CMD:1028]{"token":"sf6pqs5colhtaepibalpkjnva4","acc":"v6hrwzMYhvXU"}
[2021-09-14 16:42:47.689][2212][INFO] [CMD:1021]{"token":"sf6pqs5colhtaepibalpkjnva4","acc":"v6hrwzMYhvXU"}
[2021-09-14 16:42:52.756][2212][INFO] [CMD:1001]{"token":"sf6pqs5colhtaepibalpkjnva4","acc":"v6hrwzMYhvXU"}
[2021-09-14 16:42:52.757][2212][INFO] [CMD:1023]{"token":"sf6pqs5colhtaepibalpkjnva4","acc":"v6hrwzMYhvXU"}
[2021-09-14 16:42:52.757][2212][INFO] [CMD:1011]{"token":"sf6pqs5colhtaepibalpkjnva4","acc":"v6hrwzMYhvXU"}
[2021-09-14 16:43:06.472][2212][INFO] [CMD:1044]{"token":"sf6pqs5colhtaepibalpkjnva4","acc":"v6hrwzMYhvXU"}
[2021-09-14 16:43:08.976][2212][INFO] [CMD:1046]{"token":"sf6pqs5colhtaepibalpkjnva4","acc":"v6hrwzMYhvXU","missionId":1,"missionType":1}
[2021-09-14 16:43:44.864][2212][INFO] [CMD:1046]{"token":"sf6pqs5colhtaepibalpkjnva4","acc":"v6hrwzMYhvXU","missionId":1,"missionType":1}
[2021-09-14 16:44:03.365][2212][INFO] [CMD:1046]{"token":"sf6pqs5colhtaepibalpkjnva4","acc":"v6hrwzMYhvXU","missionId":1,"missionType":1}
[2021-09-14 16:45:14.023][2212][INFO] [CMD:1046]{"token":"sf6pqs5colhtaepibalpkjnva4","acc":"v6hrwzMYhvXU","missionId":1,"missionType":1}
[2021-09-14 16:45:40.346][2212][INFO] [CMD:1046]{"token":"sf6pqs5colhtaepibalpkjnva4","acc":"v6hrwzMYhvXU","missionId":1,"missionType":1}
[2021-09-14 16:46:00.184][2212][INFO] [CMD:1044]{"token":"sf6pqs5colhtaepibalpkjnva4","acc":"v6hrwzMYhvXU"}
[2021-09-14 16:46:08.470][2212][INFO] [CMD:1046]{"token":"sf6pqs5colhtaepibalpkjnva4","acc":"v6hrwzMYhvXU","missionId":1,"missionType":1}
[2021-09-14 16:46:12.665][2212][INFO] [CMD:1001]{"token":"sf6pqs5colhtaepibalpkjnva4","acc":"v6hrwzMYhvXU"}
[2021-09-14 16:46:12.686][2212][INFO] [CMD:1011]{"token":"sf6pqs5colhtaepibalpkjnva4","acc":"v6hrwzMYhvXU"}
[2021-09-14 16:46:15.109][2212][INFO] [CMD:1044]{"token":"sf6pqs5colhtaepibalpkjnva4","acc":"v6hrwzMYhvXU"}
[2021-09-14 16:46:16.631][2212][INFO] [CMD:1046]{"token":"sf6pqs5colhtaepibalpkjnva4","acc":"v6hrwzMYhvXU","missionId":2,"missionType":1}
[2021-09-14 16:46:18.397][2212][INFO] [CMD:1001]{"token":"sf6pqs5colhtaepibalpkjnva4","acc":"v6hrwzMYhvXU"}
[2021-09-14 16:46:18.414][2212][INFO] [CMD:1011]{"token":"sf6pqs5colhtaepibalpkjnva4","acc":"v6hrwzMYhvXU"}
[2021-09-14 16:46:21.357][2212][INFO] [CMD:1044]{"token":"sf6pqs5colhtaepibalpkjnva4","acc":"v6hrwzMYhvXU"}
[2021-09-14 16:46:31.971][2212][INFO] [CMD:1044]{"token":"sf6pqs5colhtaepibalpkjnva4","acc":"v6hrwzMYhvXU"}
[2021-09-14 16:46:34.523][2212][INFO] [CMD:1046]{"token":"sf6pqs5colhtaepibalpkjnva4","acc":"v6hrwzMYhvXU","missionId":1,"missionType":1}
[2021-09-14 16:46:36.827][2212][INFO] [CMD:1001]{"token":"sf6pqs5colhtaepibalpkjnva4","acc":"v6hrwzMYhvXU"}
[2021-09-14 16:46:36.847][2212][INFO] [CMD:1011]{"token":"sf6pqs5colhtaepibalpkjnva4","acc":"v6hrwzMYhvXU"}
[2021-09-14 16:46:57.593][2212][INFO] [CMD:1044]{"token":"sf6pqs5colhtaepibalpkjnva4","acc":"v6hrwzMYhvXU"}
[2021-09-14 16:46:59.857][2212][INFO] [CMD:1044]{"token":"sf6pqs5colhtaepibalpkjnva4","acc":"v6hrwzMYhvXU"}
[2021-09-14 16:47:00.514][2212][INFO] [CMD:1046]{"token":"sf6pqs5colhtaepibalpkjnva4","acc":"v6hrwzMYhvXU","missionId":2,"missionType":1}
[2021-09-14 16:48:33.677][2212][INFO] [CMD:1044]{"token":"sf6pqs5colhtaepibalpkjnva4","acc":"v6hrwzMYhvXU"}
[2021-09-14 16:48:40.990][2212][INFO] [CMD:1044]{"token":"sf6pqs5colhtaepibalpkjnva4","acc":"v6hrwzMYhvXU"}
[2021-09-14 16:48:55.682][2212][INFO] [CMD:1046]{"token":"sf6pqs5colhtaepibalpkjnva4","acc":"v6hrwzMYhvXU","missionId":1,"missionType":1}
[2021-09-14 16:55:50.312][2212][INFO] [CMD:101][ACC:v6hrwzMYhvXU]
[2021-09-14 16:55:50.420][2212][INFO] [CMD:1045]{"token":"6hka4ecai26hhrd8ecjveprhfg","acc":"v6hrwzMYhvXU","missionId":1,"missionType":1}
[2021-09-14 16:55:50.435][2212][INFO] [CMD:1025]{"token":"6hka4ecai26hhrd8ecjveprhfg","acc":"v6hrwzMYhvXU"}
[2021-09-14 16:55:50.455][2212][INFO] [CMD:1028]{"token":"6hka4ecai26hhrd8ecjveprhfg","acc":"v6hrwzMYhvXU"}
[2021-09-14 16:55:50.470][2212][INFO] [CMD:1021]{"token":"6hka4ecai26hhrd8ecjveprhfg","acc":"v6hrwzMYhvXU"}
[2021-09-14 16:55:55.381][2212][INFO] [CMD:1023]{"token":"6hka4ecai26hhrd8ecjveprhfg","acc":"v6hrwzMYhvXU"}
[2021-09-14 16:55:55.382][2212][INFO] [CMD:1011]{"token":"6hka4ecai26hhrd8ecjveprhfg","acc":"v6hrwzMYhvXU"}
[2021-09-14 16:55:55.400][2212][INFO] [CMD:1001]{"token":"6hka4ecai26hhrd8ecjveprhfg","acc":"v6hrwzMYhvXU"}
[2021-09-14 16:56:01.686][2212][INFO] [CMD:1044]{"token":"6hka4ecai26hhrd8ecjveprhfg","acc":"v6hrwzMYhvXU"}
[2021-09-14 16:56:08.630][2212][INFO] [CMD:1046]{"token":"6hka4ecai26hhrd8ecjveprhfg","acc":"v6hrwzMYhvXU","missionId":2,"missionType":1}
[2021-09-14 16:56:16.652][2212][INFO] [CMD:1044]{"token":"6hka4ecai26hhrd8ecjveprhfg","acc":"v6hrwzMYhvXU"}
[2021-09-14 16:56:24.498][2212][INFO] [CMD:1044]{"token":"6hka4ecai26hhrd8ecjveprhfg","acc":"v6hrwzMYhvXU"}
[2021-09-14 16:56:32.030][2212][INFO] [CMD:1046]{"token":"6hka4ecai26hhrd8ecjveprhfg","acc":"v6hrwzMYhvXU","missionId":1,"missionType":1}
[2021-09-14 17:00:44.329][2212][INFO] [CMD:101][ACC:v6hrwzMYhvXU]
[2021-09-14 17:00:44.536][2212][INFO] [CMD:1045]{"token":"45f5tscogcaga2uaao3pe2vvjc","acc":"v6hrwzMYhvXU","missionId":1,"missionType":1}
[2021-09-14 17:00:44.579][2212][INFO] [CMD:1025]{"token":"45f5tscogcaga2uaao3pe2vvjc","acc":"v6hrwzMYhvXU"}
[2021-09-14 17:00:44.579][2212][INFO] [CMD:1021]{"token":"45f5tscogcaga2uaao3pe2vvjc","acc":"v6hrwzMYhvXU"}
[2021-09-14 17:00:44.589][2212][INFO] [CMD:1028]{"token":"45f5tscogcaga2uaao3pe2vvjc","acc":"v6hrwzMYhvXU"}
[2021-09-14 17:00:50.224][2212][INFO] [CMD:1001]{"token":"45f5tscogcaga2uaao3pe2vvjc","acc":"v6hrwzMYhvXU"}
[2021-09-14 17:00:50.229][2212][INFO] [CMD:1011]{"token":"45f5tscogcaga2uaao3pe2vvjc","acc":"v6hrwzMYhvXU"}
[2021-09-14 17:00:50.231][2212][INFO] [CMD:1023]{"token":"45f5tscogcaga2uaao3pe2vvjc","acc":"v6hrwzMYhvXU"}
[2021-09-14 17:00:52.151][2212][INFO] [CMD:1044]{"token":"45f5tscogcaga2uaao3pe2vvjc","acc":"v6hrwzMYhvXU"}
[2021-09-14 17:01:05.671][2212][INFO] [CMD:1044]{"token":"45f5tscogcaga2uaao3pe2vvjc","acc":"v6hrwzMYhvXU"}
[2021-09-14 17:01:27.684][2212][INFO] [CMD:1044]{"token":"45f5tscogcaga2uaao3pe2vvjc","acc":"v6hrwzMYhvXU"}
[2021-09-14 17:01:35.099][2212][INFO] [CMD:1044]{"token":"45f5tscogcaga2uaao3pe2vvjc","acc":"v6hrwzMYhvXU"}
[2021-09-14 17:02:04.879][2212][INFO] [CMD:1044]{"token":"45f5tscogcaga2uaao3pe2vvjc","acc":"v6hrwzMYhvXU"}
[2021-09-14 17:03:10.086][2212][INFO] [CMD:1044]{"token":"45f5tscogcaga2uaao3pe2vvjc","acc":"v6hrwzMYhvXU"}
[2021-09-14 17:05:53.350][2212][INFO] [CMD:101][ACC:v6hrwzMYhvXU]
[2021-09-14 17:05:53.503][2212][INFO] [CMD:1045]{"token":"b1fc9kgr7pf0fiqo2m2gn7akh0","acc":"v6hrwzMYhvXU","missionId":1,"missionType":1}
[2021-09-14 17:05:53.518][2212][INFO] [CMD:1025]{"token":"b1fc9kgr7pf0fiqo2m2gn7akh0","acc":"v6hrwzMYhvXU"}
[2021-09-14 17:05:53.519][2212][INFO] [CMD:1021]{"token":"b1fc9kgr7pf0fiqo2m2gn7akh0","acc":"v6hrwzMYhvXU"}
[2021-09-14 17:05:53.520][2212][INFO] [CMD:1028]{"token":"b1fc9kgr7pf0fiqo2m2gn7akh0","acc":"v6hrwzMYhvXU"}
[2021-09-14 17:05:58.650][2212][INFO] [CMD:1023]{"token":"b1fc9kgr7pf0fiqo2m2gn7akh0","acc":"v6hrwzMYhvXU"}
[2021-09-14 17:05:58.653][2212][INFO] [CMD:1001]{"token":"b1fc9kgr7pf0fiqo2m2gn7akh0","acc":"v6hrwzMYhvXU"}
[2021-09-14 17:05:58.665][2212][INFO] [CMD:1011]{"token":"b1fc9kgr7pf0fiqo2m2gn7akh0","acc":"v6hrwzMYhvXU"}
[2021-09-14 17:06:08.822][2212][INFO] [CMD:1044]{"token":"b1fc9kgr7pf0fiqo2m2gn7akh0","acc":"v6hrwzMYhvXU"}
[2021-09-14 17:06:34.264][2212][INFO] [CMD:1046]{"token":"b1fc9kgr7pf0fiqo2m2gn7akh0","acc":"v6hrwzMYhvXU","missionId":1,"missionType":1}
[2021-09-14 17:06:48.085][2212][INFO] [CMD:1046]{"token":"b1fc9kgr7pf0fiqo2m2gn7akh0","acc":"v6hrwzMYhvXU","missionId":2,"missionType":1}
[2021-09-14 17:06:57.744][2212][INFO] [CMD:1001]{"token":"b1fc9kgr7pf0fiqo2m2gn7akh0","acc":"v6hrwzMYhvXU"}
[2021-09-14 17:06:57.745][2212][INFO] [CMD:1011]{"token":"b1fc9kgr7pf0fiqo2m2gn7akh0","acc":"v6hrwzMYhvXU"}
[2021-09-14 17:06:59.437][2212][INFO] [CMD:1044]{"token":"b1fc9kgr7pf0fiqo2m2gn7akh0","acc":"v6hrwzMYhvXU"}
[2021-09-14 17:07:01.095][2212][INFO] [CMD:1046]{"token":"b1fc9kgr7pf0fiqo2m2gn7akh0","acc":"v6hrwzMYhvXU","missionId":1,"missionType":1}
[2021-09-14 17:07:02.782][2212][INFO] [CMD:1001]{"token":"b1fc9kgr7pf0fiqo2m2gn7akh0","acc":"v6hrwzMYhvXU"}
[2021-09-14 17:07:02.782][2212][INFO] [CMD:1011]{"token":"b1fc9kgr7pf0fiqo2m2gn7akh0","acc":"v6hrwzMYhvXU"}
[2021-09-14 17:07:05.169][2212][INFO] [CMD:1044]{"token":"b1fc9kgr7pf0fiqo2m2gn7akh0","acc":"v6hrwzMYhvXU"}
[2021-09-14 17:07:06.148][2212][INFO] [CMD:1046]{"token":"b1fc9kgr7pf0fiqo2m2gn7akh0","acc":"v6hrwzMYhvXU","missionId":2,"missionType":1}
[2021-09-14 17:07:07.935][2212][INFO] [CMD:1001]{"token":"b1fc9kgr7pf0fiqo2m2gn7akh0","acc":"v6hrwzMYhvXU"}
[2021-09-14 17:07:07.949][2212][INFO] [CMD:1011]{"token":"b1fc9kgr7pf0fiqo2m2gn7akh0","acc":"v6hrwzMYhvXU"}
[2021-09-14 17:07:12.689][2212][INFO] [CMD:1044]{"token":"b1fc9kgr7pf0fiqo2m2gn7akh0","acc":"v6hrwzMYhvXU"}
[2021-09-14 17:11:00.629][2212][INFO] [CMD:101][ACC:v6hrwzMYhvXU]
[2021-09-14 17:11:01.067][2212][INFO] [CMD:1028]{"token":"i2j6blq1hdj28qo5pg3vnbtv42","acc":"v6hrwzMYhvXU"}
[2021-09-14 17:11:01.080][2212][INFO] [CMD:1021]{"token":"i2j6blq1hdj28qo5pg3vnbtv42","acc":"v6hrwzMYhvXU"}
[2021-09-14 17:11:01.083][2212][INFO] [CMD:1045]{"token":"i2j6blq1hdj28qo5pg3vnbtv42","acc":"v6hrwzMYhvXU","missionId":1,"missionType":1}
[2021-09-14 17:11:01.098][2212][INFO] [CMD:1025]{"token":"i2j6blq1hdj28qo5pg3vnbtv42","acc":"v6hrwzMYhvXU"}
[2021-09-14 17:11:05.994][2212][INFO] [CMD:1011]{"token":"i2j6blq1hdj28qo5pg3vnbtv42","acc":"v6hrwzMYhvXU"}
[2021-09-14 17:11:05.995][2212][INFO] [CMD:1001]{"token":"i2j6blq1hdj28qo5pg3vnbtv42","acc":"v6hrwzMYhvXU"}
[2021-09-14 17:11:05.996][2212][INFO] [CMD:1023]{"token":"i2j6blq1hdj28qo5pg3vnbtv42","acc":"v6hrwzMYhvXU"}
[2021-09-14 17:11:08.947][2212][INFO] [CMD:1044]{"token":"i2j6blq1hdj28qo5pg3vnbtv42","acc":"v6hrwzMYhvXU"}
[2021-09-14 17:11:10.321][2212][INFO] [CMD:1046]{"token":"i2j6blq1hdj28qo5pg3vnbtv42","acc":"v6hrwzMYhvXU","missionId":1,"missionType":1}
[2021-09-14 17:11:12.607][2212][INFO] [CMD:1046]{"token":"i2j6blq1hdj28qo5pg3vnbtv42","acc":"v6hrwzMYhvXU","missionId":2,"missionType":1}
[2021-09-14 17:59:45.138][2212][INFO] [CMD:101][ACC:v6hrwzMYhvXU]
[2021-09-14 17:59:45.291][2212][INFO] [CMD:1045]{"token":"4m95ctmgtljro5nq4aj69juciu","acc":"v6hrwzMYhvXU","missionId":1,"missionType":1}
[2021-09-14 17:59:45.311][2212][INFO] [CMD:1025]{"token":"4m95ctmgtljro5nq4aj69juciu","acc":"v6hrwzMYhvXU"}
[2021-09-14 17:59:45.326][2212][INFO] [CMD:1028]{"token":"4m95ctmgtljro5nq4aj69juciu","acc":"v6hrwzMYhvXU"}
[2021-09-14 17:59:45.338][2212][INFO] [CMD:1021]{"token":"4m95ctmgtljro5nq4aj69juciu","acc":"v6hrwzMYhvXU"}
[2021-09-14 17:59:50.422][2212][INFO] [CMD:1001]{"token":"4m95ctmgtljro5nq4aj69juciu","acc":"v6hrwzMYhvXU"}
[2021-09-14 17:59:50.423][2212][INFO] [CMD:1023]{"token":"4m95ctmgtljro5nq4aj69juciu","acc":"v6hrwzMYhvXU"}
[2021-09-14 17:59:50.439][2212][INFO] [CMD:1011]{"token":"4m95ctmgtljro5nq4aj69juciu","acc":"v6hrwzMYhvXU"}
[2021-09-14 17:59:52.369][2212][INFO] [CMD:1044]{"token":"4m95ctmgtljro5nq4aj69juciu","acc":"v6hrwzMYhvXU"}
[2021-09-14 18:06:35.338][2212][INFO] [CMD:101][ACC:v6hrwzMYhvXU]
[2021-09-14 18:06:35.465][2212][INFO] [CMD:1045]{"token":"oks9l669tn3gdps76bovtgna5t","acc":"v6hrwzMYhvXU","missionId":1,"missionType":1}
[2021-09-14 18:06:35.484][2212][INFO] [CMD:1025]{"token":"oks9l669tn3gdps76bovtgna5t","acc":"v6hrwzMYhvXU"}
[2021-09-14 18:06:35.502][2212][INFO] [CMD:1028]{"token":"oks9l669tn3gdps76bovtgna5t","acc":"v6hrwzMYhvXU"}
[2021-09-14 18:06:35.515][2212][INFO] [CMD:1021]{"token":"oks9l669tn3gdps76bovtgna5t","acc":"v6hrwzMYhvXU"}
[2021-09-14 18:06:40.766][2212][INFO] [CMD:1023]{"token":"oks9l669tn3gdps76bovtgna5t","acc":"v6hrwzMYhvXU"}
[2021-09-14 18:06:40.768][2212][INFO] [CMD:1011]{"token":"oks9l669tn3gdps76bovtgna5t","acc":"v6hrwzMYhvXU"}
[2021-09-14 18:06:40.768][2212][INFO] [CMD:1001]{"token":"oks9l669tn3gdps76bovtgna5t","acc":"v6hrwzMYhvXU"}
[2021-09-14 18:06:43.193][2212][INFO] [CMD:1044]{"token":"oks9l669tn3gdps76bovtgna5t","acc":"v6hrwzMYhvXU"}
[2021-09-14 18:06:53.478][2212][INFO] [CMD:1046]{"token":"oks9l669tn3gdps76bovtgna5t","acc":"v6hrwzMYhvXU","missionId":1,"missionType":1}
[2021-09-14 18:08:00.801][2212][INFO] [CMD:101][ACC:v6hrwzMYhvXU]
[2021-09-14 18:08:00.986][2212][INFO] [CMD:1028]{"token":"71it7h3brjn944pkak9lb816cn","acc":"v6hrwzMYhvXU"}
[2021-09-14 18:08:00.993][2212][INFO] [CMD:1025]{"token":"71it7h3brjn944pkak9lb816cn","acc":"v6hrwzMYhvXU"}
[2021-09-14 18:08:01.006][2212][INFO] [CMD:1021]{"token":"71it7h3brjn944pkak9lb816cn","acc":"v6hrwzMYhvXU"}
[2021-09-14 18:08:06.095][2212][INFO] [CMD:1023]{"token":"71it7h3brjn944pkak9lb816cn","acc":"v6hrwzMYhvXU"}
[2021-09-14 18:08:06.097][2212][INFO] [CMD:1011]{"token":"71it7h3brjn944pkak9lb816cn","acc":"v6hrwzMYhvXU"}
[2021-09-14 18:08:06.100][2212][INFO] [CMD:1001]{"token":"71it7h3brjn944pkak9lb816cn","acc":"v6hrwzMYhvXU"}
[2021-09-14 18:08:08.454][2212][INFO] [CMD:1044]{"token":"71it7h3brjn944pkak9lb816cn","acc":"v6hrwzMYhvXU"}
[2021-09-14 18:09:08.724][2212][INFO] [CMD:101][ACC:v6hrwzMYhvXU]
[2021-09-14 18:09:08.920][2212][INFO] [CMD:1021]{"token":"826f9ob0j0eo83ihn1ren41pn8","acc":"v6hrwzMYhvXU"}
[2021-09-14 18:09:08.925][2212][INFO] [CMD:1028]{"token":"826f9ob0j0eo83ihn1ren41pn8","acc":"v6hrwzMYhvXU"}
[2021-09-14 18:09:08.926][2212][INFO] [CMD:1025]{"token":"826f9ob0j0eo83ihn1ren41pn8","acc":"v6hrwzMYhvXU"}
[2021-09-14 18:09:13.934][2212][INFO] [CMD:1023]{"token":"826f9ob0j0eo83ihn1ren41pn8","acc":"v6hrwzMYhvXU"}
[2021-09-14 18:09:13.951][2212][INFO] [CMD:1011]{"token":"826f9ob0j0eo83ihn1ren41pn8","acc":"v6hrwzMYhvXU"}
[2021-09-14 18:09:13.951][2212][INFO] [CMD:1001]{"token":"826f9ob0j0eo83ihn1ren41pn8","acc":"v6hrwzMYhvXU"}
[2021-09-14 18:09:24.133][2212][INFO] [CMD:1044]{"token":"826f9ob0j0eo83ihn1ren41pn8","acc":"v6hrwzMYhvXU"}
[2021-09-14 18:09:41.165][2212][INFO] [CMD:1046]{"token":"826f9ob0j0eo83ihn1ren41pn8","acc":"v6hrwzMYhvXU","missionId":1,"missionType":1}
[2021-09-14 18:09:52.837][2212][INFO] [CMD:1046]{"token":"826f9ob0j0eo83ihn1ren41pn8","acc":"v6hrwzMYhvXU","missionId":1,"missionType":1}
[2021-09-14 18:09:55.599][2212][INFO] [CMD:1046]{"token":"826f9ob0j0eo83ihn1ren41pn8","acc":"v6hrwzMYhvXU","missionId":1,"missionType":1}
[2021-09-14 18:13:05.777][2212][INFO] [CMD:1046]{"token":"826f9ob0j0eo83ihn1ren41pn8","acc":"v6hrwzMYhvXU","missionId":1,"missionType":1}
[2021-09-14 18:13:20.551][2212][INFO] [CMD:1046]{"token":"826f9ob0j0eo83ihn1ren41pn8","acc":"v6hrwzMYhvXU","missionId":1,"missionType":1}
[2021-09-14 18:58:46.615][2212][INFO] [CMD:101][ACC:v6hrwzMYhvXU]
[2021-09-14 18:58:46.814][2212][INFO] [CMD:1025]{"token":"c6eghb550a0kfa4buptnu59u2f","acc":"v6hrwzMYhvXU"}
[2021-09-14 18:58:46.828][2212][INFO] [CMD:1028]{"token":"c6eghb550a0kfa4buptnu59u2f","acc":"v6hrwzMYhvXU"}
[2021-09-14 18:58:46.848][2212][INFO] [CMD:1021]{"token":"c6eghb550a0kfa4buptnu59u2f","acc":"v6hrwzMYhvXU"}
[2021-09-14 18:58:53.645][2212][INFO] [CMD:1023]{"token":"c6eghb550a0kfa4buptnu59u2f","acc":"v6hrwzMYhvXU"}
[2021-09-14 18:58:53.647][2212][INFO] [CMD:1001]{"token":"c6eghb550a0kfa4buptnu59u2f","acc":"v6hrwzMYhvXU"}
[2021-09-14 18:58:53.689][2212][INFO] [CMD:1011]{"token":"c6eghb550a0kfa4buptnu59u2f","acc":"v6hrwzMYhvXU"}
[2021-09-14 19:04:25.684][2212][INFO] [CMD:101][ACC:v6hrwzMYhvXU]
[2021-09-14 19:04:25.863][2212][INFO] [CMD:1028]{"token":"rdr7seb3abj3vv1l3ns65juvdm","acc":"v6hrwzMYhvXU"}
[2021-09-14 19:04:25.868][2212][INFO] [CMD:1021]{"token":"rdr7seb3abj3vv1l3ns65juvdm","acc":"v6hrwzMYhvXU"}
[2021-09-14 19:04:25.881][2212][INFO] [CMD:1025]{"token":"rdr7seb3abj3vv1l3ns65juvdm","acc":"v6hrwzMYhvXU"}
[2021-09-14 19:04:30.790][2212][INFO] [CMD:1023]{"token":"rdr7seb3abj3vv1l3ns65juvdm","acc":"v6hrwzMYhvXU"}
[2021-09-14 19:04:30.801][2212][INFO] [CMD:1011]{"token":"rdr7seb3abj3vv1l3ns65juvdm","acc":"v6hrwzMYhvXU"}
[2021-09-14 19:04:30.809][2212][INFO] [CMD:1001]{"token":"rdr7seb3abj3vv1l3ns65juvdm","acc":"v6hrwzMYhvXU"}
[2021-09-14 19:04:32.791][2212][INFO] [CMD:1044]{"token":"rdr7seb3abj3vv1l3ns65juvdm","acc":"v6hrwzMYhvXU"}
[2021-09-14 19:04:51.975][2212][INFO] [CMD:101][ACC:v6hrwzMYhvXU]
[2021-09-14 19:04:52.173][2212][INFO] [CMD:1025]{"token":"5d321dmj8kcabe450bevg3hkgn","acc":"v6hrwzMYhvXU"}
[2021-09-14 19:04:52.180][2212][INFO] [CMD:1028]{"token":"5d321dmj8kcabe450bevg3hkgn","acc":"v6hrwzMYhvXU"}
[2021-09-14 19:04:52.195][2212][INFO] [CMD:1021]{"token":"5d321dmj8kcabe450bevg3hkgn","acc":"v6hrwzMYhvXU"}
[2021-09-14 19:04:57.446][2212][INFO] [CMD:1023]{"token":"5d321dmj8kcabe450bevg3hkgn","acc":"v6hrwzMYhvXU"}
[2021-09-14 19:04:57.464][2212][INFO] [CMD:1011]{"token":"5d321dmj8kcabe450bevg3hkgn","acc":"v6hrwzMYhvXU"}
[2021-09-14 19:04:57.464][2212][INFO] [CMD:1001]{"token":"5d321dmj8kcabe450bevg3hkgn","acc":"v6hrwzMYhvXU"}
[2021-09-14 19:05:00.477][2212][INFO] [CMD:1044]{"token":"5d321dmj8kcabe450bevg3hkgn","acc":"v6hrwzMYhvXU"}
[2021-09-14 19:05:10.061][2212][INFO] [CMD:1046]{"token":"5d321dmj8kcabe450bevg3hkgn","acc":"v6hrwzMYhvXU","missionId":1,"missionType":1}
[2021-09-14 19:05:18.405][2212][INFO] [CMD:1044]{"token":"5d321dmj8kcabe450bevg3hkgn","acc":"v6hrwzMYhvXU"}
[2021-09-14 19:06:05.386][2212][INFO] [CMD:1044]{"token":"5d321dmj8kcabe450bevg3hkgn","acc":"v6hrwzMYhvXU"}
[2021-09-14 19:06:09.335][2212][INFO] [CMD:1044]{"token":"5d321dmj8kcabe450bevg3hkgn","acc":"v6hrwzMYhvXU"}
[2021-09-14 19:06:10.762][2212][INFO] [CMD:1046]{"token":"5d321dmj8kcabe450bevg3hkgn","acc":"v6hrwzMYhvXU","missionId":1,"missionType":1}
[2021-09-14 19:06:12.748][2212][INFO] [CMD:1046]{"token":"5d321dmj8kcabe450bevg3hkgn","acc":"v6hrwzMYhvXU","missionId":1,"missionType":1}
[2021-09-14 19:06:23.861][2212][INFO] [CMD:1044]{"token":"5d321dmj8kcabe450bevg3hkgn","acc":"v6hrwzMYhvXU"}
[2021-09-14 19:06:41.748][2212][INFO] [CMD:101][ACC:v6hrwzMYhvXU]
[2021-09-14 19:06:41.963][2212][INFO] [CMD:1025]{"token":"ql20ut5qabmrhuk66h0ptpmpon","acc":"v6hrwzMYhvXU"}
[2021-09-14 19:06:41.978][2212][INFO] [CMD:1021]{"token":"ql20ut5qabmrhuk66h0ptpmpon","acc":"v6hrwzMYhvXU"}
[2021-09-14 19:06:41.990][2212][INFO] [CMD:1028]{"token":"ql20ut5qabmrhuk66h0ptpmpon","acc":"v6hrwzMYhvXU"}
[2021-09-14 19:06:46.954][2212][INFO] [CMD:1001]{"token":"ql20ut5qabmrhuk66h0ptpmpon","acc":"v6hrwzMYhvXU"}
[2021-09-14 19:06:46.955][2212][INFO] [CMD:1011]{"token":"ql20ut5qabmrhuk66h0ptpmpon","acc":"v6hrwzMYhvXU"}
[2021-09-14 19:06:46.957][2212][INFO] [CMD:1023]{"token":"ql20ut5qabmrhuk66h0ptpmpon","acc":"v6hrwzMYhvXU"}
[2021-09-14 19:06:49.172][2212][INFO] [CMD:1044]{"token":"ql20ut5qabmrhuk66h0ptpmpon","acc":"v6hrwzMYhvXU"}
[2021-09-14 19:06:51.783][2212][INFO] [CMD:1011]{"token":"ql20ut5qabmrhuk66h0ptpmpon","acc":"v6hrwzMYhvXU"}
[2021-09-14 19:06:51.788][2212][INFO] [CMD:1001]{"token":"ql20ut5qabmrhuk66h0ptpmpon","acc":"v6hrwzMYhvXU"}
[2021-09-14 19:06:53.756][2212][INFO] [CMD:1044]{"token":"ql20ut5qabmrhuk66h0ptpmpon","acc":"v6hrwzMYhvXU"}
[2021-09-14 19:06:54.755][2212][INFO] [CMD:1046]{"token":"ql20ut5qabmrhuk66h0ptpmpon","acc":"v6hrwzMYhvXU","missionId":1,"missionType":1}
[2021-09-14 19:08:27.887][2212][INFO] [CMD:101][ACC:v6hrwzMYhvXU]
[2021-09-14 19:08:28.088][2212][INFO] [CMD:1025]{"token":"s7i9hn6mse932jackns1mvaks9","acc":"v6hrwzMYhvXU"}
[2021-09-14 19:08:28.100][2212][INFO] [CMD:1021]{"token":"s7i9hn6mse932jackns1mvaks9","acc":"v6hrwzMYhvXU"}
[2021-09-14 19:08:28.134][2212][INFO] [CMD:1028]{"token":"s7i9hn6mse932jackns1mvaks9","acc":"v6hrwzMYhvXU"}
[2021-09-14 19:08:33.235][2212][INFO] [CMD:1011]{"token":"s7i9hn6mse932jackns1mvaks9","acc":"v6hrwzMYhvXU"}
[2021-09-14 19:08:33.239][2212][INFO] [CMD:1023]{"token":"s7i9hn6mse932jackns1mvaks9","acc":"v6hrwzMYhvXU"}
[2021-09-14 19:08:33.254][2212][INFO] [CMD:1001]{"token":"s7i9hn6mse932jackns1mvaks9","acc":"v6hrwzMYhvXU"}
[2021-09-14 19:08:36.455][2212][INFO] [CMD:1001]{"token":"s7i9hn6mse932jackns1mvaks9","acc":"v6hrwzMYhvXU"}
[2021-09-14 19:08:36.468][2212][INFO] [CMD:1011]{"token":"s7i9hn6mse932jackns1mvaks9","acc":"v6hrwzMYhvXU"}
[2021-09-14 19:09:44.879][2212][INFO] [CMD:101][ACC:v6hrwzMYhvXU]
[2021-09-14 19:09:45.098][2212][INFO] [CMD:1025]{"token":"9let29gfnfs42qbqdmncr7dnhk","acc":"v6hrwzMYhvXU"}
[2021-09-14 19:09:45.126][2212][INFO] [CMD:1028]{"token":"9let29gfnfs42qbqdmncr7dnhk","acc":"v6hrwzMYhvXU"}
[2021-09-14 19:09:45.144][2212][INFO] [CMD:1021]{"token":"9let29gfnfs42qbqdmncr7dnhk","acc":"v6hrwzMYhvXU"}
[2021-09-14 19:09:50.067][2212][INFO] [CMD:1023]{"token":"9let29gfnfs42qbqdmncr7dnhk","acc":"v6hrwzMYhvXU"}
[2021-09-14 19:09:50.073][2212][INFO] [CMD:1001]{"token":"9let29gfnfs42qbqdmncr7dnhk","acc":"v6hrwzMYhvXU"}
[2021-09-14 19:09:50.073][2212][INFO] [CMD:1011]{"token":"9let29gfnfs42qbqdmncr7dnhk","acc":"v6hrwzMYhvXU"}
[2021-09-14 19:09:58.071][2212][INFO] [CMD:1044]{"token":"9let29gfnfs42qbqdmncr7dnhk","acc":"v6hrwzMYhvXU"}
[2021-09-14 19:10:13.972][2212][INFO] [CMD:1046]{"token":"9let29gfnfs42qbqdmncr7dnhk","acc":"v6hrwzMYhvXU","missionId":1,"missionType":1}
[2021-09-14 19:12:24.522][2212][INFO] [CMD:1046]{"token":"9let29gfnfs42qbqdmncr7dnhk","acc":"v6hrwzMYhvXU","missionId":1,"missionType":1}
[2021-09-14 19:12:40.334][2212][INFO] [CMD:1001]{"token":"9let29gfnfs42qbqdmncr7dnhk","acc":"v6hrwzMYhvXU"}
[2021-09-14 19:12:40.338][2212][INFO] [CMD:1011]{"token":"9let29gfnfs42qbqdmncr7dnhk","acc":"v6hrwzMYhvXU"}
[2021-09-14 19:12:47.047][2212][INFO] [CMD:1044]{"token":"9let29gfnfs42qbqdmncr7dnhk","acc":"v6hrwzMYhvXU"}
[2021-09-14 19:12:47.697][2212][INFO] [CMD:1046]{"token":"9let29gfnfs42qbqdmncr7dnhk","acc":"v6hrwzMYhvXU","missionId":1,"missionType":1}
[2021-09-14 19:13:01.016][2212][INFO] [CMD:101][ACC:v6hrwzMYhvXU]
[2021-09-14 19:13:01.144][2212][INFO] [CMD:1025]{"token":"h326785o686v2hg46budh67gh5","acc":"v6hrwzMYhvXU"}
[2021-09-14 19:13:01.191][2212][INFO] [CMD:1028]{"token":"h326785o686v2hg46budh67gh5","acc":"v6hrwzMYhvXU"}
[2021-09-14 19:13:01.191][2212][INFO] [CMD:1021]{"token":"h326785o686v2hg46budh67gh5","acc":"v6hrwzMYhvXU"}
[2021-09-14 19:13:06.422][2212][INFO] [CMD:1023]{"token":"h326785o686v2hg46budh67gh5","acc":"v6hrwzMYhvXU"}
[2021-09-14 19:13:06.432][2212][INFO] [CMD:1011]{"token":"h326785o686v2hg46budh67gh5","acc":"v6hrwzMYhvXU"}
[2021-09-14 19:13:06.432][2212][INFO] [CMD:1001]{"token":"h326785o686v2hg46budh67gh5","acc":"v6hrwzMYhvXU"}
[2021-09-14 19:13:14.080][2212][INFO] [CMD:1044]{"token":"h326785o686v2hg46budh67gh5","acc":"v6hrwzMYhvXU"}
[2021-09-14 19:13:26.661][2212][INFO] [CMD:1044]{"token":"h326785o686v2hg46budh67gh5","acc":"v6hrwzMYhvXU"}
[2021-09-14 19:13:48.872][2212][INFO] [CMD:1046]{"token":"h326785o686v2hg46budh67gh5","acc":"v6hrwzMYhvXU","missionId":1,"missionType":1}
[2021-09-14 19:17:01.131][2212][INFO] [CMD:101][ACC:v6hrwzMYhvXU]
[2021-09-14 19:17:01.269][2212][INFO] [CMD:1025]{"token":"vi53dvug55rq9es7ij0rtnid8k","acc":"v6hrwzMYhvXU"}
[2021-09-14 19:17:01.295][2212][INFO] [CMD:1021]{"token":"vi53dvug55rq9es7ij0rtnid8k","acc":"v6hrwzMYhvXU"}
[2021-09-14 19:17:01.295][2212][INFO] [CMD:1028]{"token":"vi53dvug55rq9es7ij0rtnid8k","acc":"v6hrwzMYhvXU"}
[2021-09-14 19:17:06.381][2212][INFO] [CMD:1011]{"token":"vi53dvug55rq9es7ij0rtnid8k","acc":"v6hrwzMYhvXU"}
[2021-09-14 19:17:06.384][2212][INFO] [CMD:1023]{"token":"vi53dvug55rq9es7ij0rtnid8k","acc":"v6hrwzMYhvXU"}
[2021-09-14 19:17:06.384][2212][INFO] [CMD:1001]{"token":"vi53dvug55rq9es7ij0rtnid8k","acc":"v6hrwzMYhvXU"}
[2021-09-14 19:17:10.155][2212][INFO] [CMD:1044]{"token":"vi53dvug55rq9es7ij0rtnid8k","acc":"v6hrwzMYhvXU"}
[2021-09-14 19:17:30.375][2212][INFO] [CMD:101][ACC:v6hrwzMYhvXU]
[2021-09-14 19:17:30.604][2212][INFO] [CMD:1028]{"token":"iu2ouphkfnko9jatpkedp3vb44","acc":"v6hrwzMYhvXU"}
[2021-09-14 19:17:30.606][2212][INFO] [CMD:1025]{"token":"iu2ouphkfnko9jatpkedp3vb44","acc":"v6hrwzMYhvXU"}
[2021-09-14 19:17:30.620][2212][INFO] [CMD:1021]{"token":"iu2ouphkfnko9jatpkedp3vb44","acc":"v6hrwzMYhvXU"}
[2021-09-14 19:17:35.939][2212][INFO] [CMD:1011]{"token":"iu2ouphkfnko9jatpkedp3vb44","acc":"v6hrwzMYhvXU"}
[2021-09-14 19:17:35.950][2212][INFO] [CMD:1023]{"token":"iu2ouphkfnko9jatpkedp3vb44","acc":"v6hrwzMYhvXU"}
[2021-09-14 19:17:35.951][2212][INFO] [CMD:1001]{"token":"iu2ouphkfnko9jatpkedp3vb44","acc":"v6hrwzMYhvXU"}
[2021-09-14 19:17:37.894][2212][INFO] [CMD:1044]{"token":"iu2ouphkfnko9jatpkedp3vb44","acc":"v6hrwzMYhvXU"}
[2021-09-14 19:17:40.497][2212][INFO] [CMD:1046]{"token":"iu2ouphkfnko9jatpkedp3vb44","acc":"v6hrwzMYhvXU","missionId":1,"missionType":1}
[2021-09-14 19:17:44.781][2212][INFO] [CMD:1001]{"token":"iu2ouphkfnko9jatpkedp3vb44","acc":"v6hrwzMYhvXU"}
[2021-09-14 19:17:44.801][2212][INFO] [CMD:1011]{"token":"iu2ouphkfnko9jatpkedp3vb44","acc":"v6hrwzMYhvXU"}
[2021-09-14 19:17:48.398][2212][INFO] [CMD:1044]{"token":"iu2ouphkfnko9jatpkedp3vb44","acc":"v6hrwzMYhvXU"}
[2021-09-14 19:18:01.743][2212][INFO] [CMD:101][ACC:v6hrwzMYhvXU]
[2021-09-14 19:18:01.986][2212][INFO] [CMD:1028]{"token":"0qql7inggu78f5b0oav5b2f2vf","acc":"v6hrwzMYhvXU"}
[2021-09-14 19:18:02.008][2212][INFO] [CMD:1021]{"token":"0qql7inggu78f5b0oav5b2f2vf","acc":"v6hrwzMYhvXU"}
[2021-09-14 19:18:02.008][2212][INFO] [CMD:1025]{"token":"0qql7inggu78f5b0oav5b2f2vf","acc":"v6hrwzMYhvXU"}
[2021-09-14 19:18:06.927][2212][INFO] [CMD:1011]{"token":"0qql7inggu78f5b0oav5b2f2vf","acc":"v6hrwzMYhvXU"}
[2021-09-14 19:18:06.938][2212][INFO] [CMD:1023]{"token":"0qql7inggu78f5b0oav5b2f2vf","acc":"v6hrwzMYhvXU"}
[2021-09-14 19:18:06.938][2212][INFO] [CMD:1001]{"token":"0qql7inggu78f5b0oav5b2f2vf","acc":"v6hrwzMYhvXU"}
[2021-09-14 19:18:08.801][2212][INFO] [CMD:1044]{"token":"0qql7inggu78f5b0oav5b2f2vf","acc":"v6hrwzMYhvXU"}
[2021-09-14 19:18:12.739][2212][INFO] [CMD:1001]{"token":"0qql7inggu78f5b0oav5b2f2vf","acc":"v6hrwzMYhvXU"}
[2021-09-14 19:18:12.749][2212][INFO] [CMD:1011]{"token":"0qql7inggu78f5b0oav5b2f2vf","acc":"v6hrwzMYhvXU"}
[2021-09-14 19:18:14.624][2212][INFO] [CMD:1007]{"token":"0qql7inggu78f5b0oav5b2f2vf","acc":"v6hrwzMYhvXU","guid":374,"site":4}
[2021-09-14 19:18:15.815][2212][INFO] [CMD:1044]{"token":"0qql7inggu78f5b0oav5b2f2vf","acc":"v6hrwzMYhvXU"}
[2021-09-14 19:18:17.090][2212][INFO] [CMD:1046]{"token":"0qql7inggu78f5b0oav5b2f2vf","acc":"v6hrwzMYhvXU","missionId":1,"missionType":1}
[2021-09-14 19:18:20.018][2212][INFO] [CMD:1001]{"token":"0qql7inggu78f5b0oav5b2f2vf","acc":"v6hrwzMYhvXU"}
[2021-09-14 19:18:20.018][2212][INFO] [CMD:1011]{"token":"0qql7inggu78f5b0oav5b2f2vf","acc":"v6hrwzMYhvXU"}
[2021-09-14 19:19:39.585][2212][INFO] [CMD:101][ACC:v6hrwzMYhvXU]
[2021-09-14 19:19:39.763][2212][INFO] [CMD:1025]{"token":"jmek8i4qf60vkr050gobq7p4ei","acc":"v6hrwzMYhvXU"}
[2021-09-14 19:19:39.781][2212][INFO] [CMD:1028]{"token":"jmek8i4qf60vkr050gobq7p4ei","acc":"v6hrwzMYhvXU"}
[2021-09-14 19:19:39.799][2212][INFO] [CMD:1021]{"token":"jmek8i4qf60vkr050gobq7p4ei","acc":"v6hrwzMYhvXU"}
[2021-09-14 19:19:44.771][2212][INFO] [CMD:1001]{"token":"jmek8i4qf60vkr050gobq7p4ei","acc":"v6hrwzMYhvXU"}
[2021-09-14 19:19:44.772][2212][INFO] [CMD:1023]{"token":"jmek8i4qf60vkr050gobq7p4ei","acc":"v6hrwzMYhvXU"}
[2021-09-14 19:19:44.775][2212][INFO] [CMD:1011]{"token":"jmek8i4qf60vkr050gobq7p4ei","acc":"v6hrwzMYhvXU"}
[2021-09-14 19:19:46.617][2212][INFO] [CMD:1044]{"token":"jmek8i4qf60vkr050gobq7p4ei","acc":"v6hrwzMYhvXU"}
[2021-09-14 19:19:48.845][2212][INFO] [CMD:1046]{"token":"jmek8i4qf60vkr050gobq7p4ei","acc":"v6hrwzMYhvXU","missionId":1,"missionType":1}
[2021-09-14 19:20:01.936][2212][INFO] [CMD:101][ACC:v6hrwzMYhvXU]
[2021-09-14 19:20:02.123][2212][INFO] [CMD:1021]{"token":"lq5014npdbbpn8ulrl7lls23ra","acc":"v6hrwzMYhvXU"}
[2021-09-14 19:20:02.128][2212][INFO] [CMD:1025]{"token":"lq5014npdbbpn8ulrl7lls23ra","acc":"v6hrwzMYhvXU"}
[2021-09-14 19:20:02.132][2212][INFO] [CMD:1028]{"token":"lq5014npdbbpn8ulrl7lls23ra","acc":"v6hrwzMYhvXU"}
[2021-09-14 19:20:07.206][2212][INFO] [CMD:1001]{"token":"lq5014npdbbpn8ulrl7lls23ra","acc":"v6hrwzMYhvXU"}
[2021-09-14 19:20:07.210][2212][INFO] [CMD:1023]{"token":"lq5014npdbbpn8ulrl7lls23ra","acc":"v6hrwzMYhvXU"}
[2021-09-14 19:20:07.212][2212][INFO] [CMD:1011]{"token":"lq5014npdbbpn8ulrl7lls23ra","acc":"v6hrwzMYhvXU"}
[2021-09-14 19:20:09.168][2212][INFO] [CMD:1044]{"token":"lq5014npdbbpn8ulrl7lls23ra","acc":"v6hrwzMYhvXU"}
[2021-09-14 19:20:43.004][2212][INFO] [CMD:101][ACC:v6hrwzMYhvXU]
[2021-09-14 19:20:43.186][2212][INFO] [CMD:1021]{"token":"o1n52v54riisloen4kqhb4vpf3","acc":"v6hrwzMYhvXU"}
[2021-09-14 19:20:43.191][2212][INFO] [CMD:1025]{"token":"o1n52v54riisloen4kqhb4vpf3","acc":"v6hrwzMYhvXU"}
[2021-09-14 19:20:43.221][2212][INFO] [CMD:1028]{"token":"o1n52v54riisloen4kqhb4vpf3","acc":"v6hrwzMYhvXU"}
[2021-09-14 19:20:48.124][2212][INFO] [CMD:1011]{"token":"o1n52v54riisloen4kqhb4vpf3","acc":"v6hrwzMYhvXU"}
[2021-09-14 19:20:48.128][2212][INFO] [CMD:1023]{"token":"o1n52v54riisloen4kqhb4vpf3","acc":"v6hrwzMYhvXU"}
[2021-09-14 19:20:48.129][2212][INFO] [CMD:1001]{"token":"o1n52v54riisloen4kqhb4vpf3","acc":"v6hrwzMYhvXU"}
[2021-09-14 19:20:50.074][2212][INFO] [CMD:1044]{"token":"o1n52v54riisloen4kqhb4vpf3","acc":"v6hrwzMYhvXU"}
[2021-09-14 19:22:47.572][2212][INFO] [CMD:101][ACC:v6hrwzMYhvXU]
[2021-09-14 19:22:47.720][2212][INFO] [CMD:1028]{"token":"umnvbpe6jjq4q14g7lena79oo2","acc":"v6hrwzMYhvXU"}
[2021-09-14 19:22:47.724][2212][INFO] [CMD:1025]{"token":"umnvbpe6jjq4q14g7lena79oo2","acc":"v6hrwzMYhvXU"}
[2021-09-14 19:22:47.725][2212][INFO] [CMD:1021]{"token":"umnvbpe6jjq4q14g7lena79oo2","acc":"v6hrwzMYhvXU"}
[2021-09-14 19:22:52.717][2212][INFO] [CMD:1011]{"token":"umnvbpe6jjq4q14g7lena79oo2","acc":"v6hrwzMYhvXU"}
[2021-09-14 19:22:52.726][2212][INFO] [CMD:1001]{"token":"umnvbpe6jjq4q14g7lena79oo2","acc":"v6hrwzMYhvXU"}
[2021-09-14 19:22:52.728][2212][INFO] [CMD:1023]{"token":"umnvbpe6jjq4q14g7lena79oo2","acc":"v6hrwzMYhvXU"}
[2021-09-14 19:22:54.599][2212][INFO] [CMD:1044]{"token":"umnvbpe6jjq4q14g7lena79oo2","acc":"v6hrwzMYhvXU"}
[2021-09-14 19:23:15.021][2212][INFO] [CMD:101][ACC:v6hrwzMYhvXU]
[2021-09-14 19:23:15.244][2212][INFO] [CMD:1025]{"token":"32ppn3anbq8hic6ne1lst8k7dg","acc":"v6hrwzMYhvXU"}
[2021-09-14 19:23:15.271][2212][INFO] [CMD:1028]{"token":"32ppn3anbq8hic6ne1lst8k7dg","acc":"v6hrwzMYhvXU"}
[2021-09-14 19:23:15.273][2212][INFO] [CMD:1021]{"token":"32ppn3anbq8hic6ne1lst8k7dg","acc":"v6hrwzMYhvXU"}
[2021-09-14 19:23:20.226][2212][INFO] [CMD:1011]{"token":"32ppn3anbq8hic6ne1lst8k7dg","acc":"v6hrwzMYhvXU"}
[2021-09-14 19:23:20.228][2212][INFO] [CMD:1023]{"token":"32ppn3anbq8hic6ne1lst8k7dg","acc":"v6hrwzMYhvXU"}
[2021-09-14 19:23:20.232][2212][INFO] [CMD:1001]{"token":"32ppn3anbq8hic6ne1lst8k7dg","acc":"v6hrwzMYhvXU"}
[2021-09-14 19:23:22.016][2212][INFO] [CMD:1044]{"token":"32ppn3anbq8hic6ne1lst8k7dg","acc":"v6hrwzMYhvXU"}
[2021-09-14 19:23:23.369][2212][INFO] [CMD:1046]{"token":"32ppn3anbq8hic6ne1lst8k7dg","acc":"v6hrwzMYhvXU","missionId":1,"missionType":1}
[2021-09-14 19:23:30.240][2212][INFO] [CMD:1011]{"token":"32ppn3anbq8hic6ne1lst8k7dg","acc":"v6hrwzMYhvXU"}
[2021-09-14 19:23:30.245][2212][INFO] [CMD:1001]{"token":"32ppn3anbq8hic6ne1lst8k7dg","acc":"v6hrwzMYhvXU"}
[2021-09-14 19:23:31.704][2212][INFO] [CMD:1044]{"token":"32ppn3anbq8hic6ne1lst8k7dg","acc":"v6hrwzMYhvXU"}
[2021-09-14 19:24:22.747][2212][INFO] [CMD:101][ACC:v6hrwzMYhvXU]
[2021-09-14 19:24:22.886][2212][INFO] [CMD:1025]{"token":"m5689nc7q10n77jnel68ehvnbo","acc":"v6hrwzMYhvXU"}
[2021-09-14 19:24:22.898][2212][INFO] [CMD:1028]{"token":"m5689nc7q10n77jnel68ehvnbo","acc":"v6hrwzMYhvXU"}
[2021-09-14 19:24:22.907][2212][INFO] [CMD:1021]{"token":"m5689nc7q10n77jnel68ehvnbo","acc":"v6hrwzMYhvXU"}
[2021-09-14 19:24:27.861][2212][INFO] [CMD:1001]{"token":"m5689nc7q10n77jnel68ehvnbo","acc":"v6hrwzMYhvXU"}
[2021-09-14 19:24:27.864][2212][INFO] [CMD:1023]{"token":"m5689nc7q10n77jnel68ehvnbo","acc":"v6hrwzMYhvXU"}
[2021-09-14 19:24:27.884][2212][INFO] [CMD:1011]{"token":"m5689nc7q10n77jnel68ehvnbo","acc":"v6hrwzMYhvXU"}
[2021-09-14 19:24:29.613][2212][INFO] [CMD:1044]{"token":"m5689nc7q10n77jnel68ehvnbo","acc":"v6hrwzMYhvXU"}
[2021-09-14 19:24:32.065][2212][INFO] [CMD:1044]{"token":"m5689nc7q10n77jnel68ehvnbo","acc":"v6hrwzMYhvXU"}
[2021-09-14 19:24:38.884][2212][INFO] [CMD:1046]{"token":"m5689nc7q10n77jnel68ehvnbo","acc":"v6hrwzMYhvXU","missionId":1001,"missionType":2}
[2021-09-14 19:24:43.801][2212][INFO] [CMD:1046]{"token":"m5689nc7q10n77jnel68ehvnbo","acc":"v6hrwzMYhvXU","missionId":1002,"missionType":2}
[2021-09-14 19:24:46.960][2212][INFO] [CMD:1011]{"token":"m5689nc7q10n77jnel68ehvnbo","acc":"v6hrwzMYhvXU"}
[2021-09-14 19:24:46.976][2212][INFO] [CMD:1001]{"token":"m5689nc7q10n77jnel68ehvnbo","acc":"v6hrwzMYhvXU"}
[2021-09-14 19:24:48.655][2212][INFO] [CMD:1044]{"token":"m5689nc7q10n77jnel68ehvnbo","acc":"v6hrwzMYhvXU"}
[2021-09-14 19:25:01.623][2212][INFO] [CMD:101][ACC:v6hrwzMYhvXU]
[2021-09-14 19:25:01.759][2212][INFO] [CMD:1025]{"token":"pvb3deugukaatvo1qf88op35nm","acc":"v6hrwzMYhvXU"}
[2021-09-14 19:25:01.774][2212][INFO] [CMD:1028]{"token":"pvb3deugukaatvo1qf88op35nm","acc":"v6hrwzMYhvXU"}
[2021-09-14 19:25:01.775][2212][INFO] [CMD:1021]{"token":"pvb3deugukaatvo1qf88op35nm","acc":"v6hrwzMYhvXU"}
[2021-09-14 19:25:06.770][2212][INFO] [CMD:1023]{"token":"pvb3deugukaatvo1qf88op35nm","acc":"v6hrwzMYhvXU"}
[2021-09-14 19:25:06.779][2212][INFO] [CMD:1001]{"token":"pvb3deugukaatvo1qf88op35nm","acc":"v6hrwzMYhvXU"}
[2021-09-14 19:25:06.783][2212][INFO] [CMD:1011]{"token":"pvb3deugukaatvo1qf88op35nm","acc":"v6hrwzMYhvXU"}
[2021-09-14 19:25:08.496][2212][INFO] [CMD:1044]{"token":"pvb3deugukaatvo1qf88op35nm","acc":"v6hrwzMYhvXU"}
[2021-09-14 19:25:25.786][2212][INFO] [CMD:101][ACC:v6hrwzMYhvXU]
[2021-09-14 19:25:25.968][2212][INFO] [CMD:1025]{"token":"82it5cjm007jvbmbi7km6ukh7k","acc":"v6hrwzMYhvXU"}
[2021-09-14 19:25:25.986][2212][INFO] [CMD:1028]{"token":"82it5cjm007jvbmbi7km6ukh7k","acc":"v6hrwzMYhvXU"}
[2021-09-14 19:25:26.015][2212][INFO] [CMD:1021]{"token":"82it5cjm007jvbmbi7km6ukh7k","acc":"v6hrwzMYhvXU"}
[2021-09-14 19:25:31.547][2212][INFO] [CMD:1023]{"token":"82it5cjm007jvbmbi7km6ukh7k","acc":"v6hrwzMYhvXU"}
[2021-09-14 19:25:31.548][2212][INFO] [CMD:1011]{"token":"82it5cjm007jvbmbi7km6ukh7k","acc":"v6hrwzMYhvXU"}
[2021-09-14 19:25:31.549][2212][INFO] [CMD:1001]{"token":"82it5cjm007jvbmbi7km6ukh7k","acc":"v6hrwzMYhvXU"}
[2021-09-14 19:25:33.521][2212][INFO] [CMD:1044]{"token":"82it5cjm007jvbmbi7km6ukh7k","acc":"v6hrwzMYhvXU"}
[2021-09-14 19:25:35.188][2212][INFO] [CMD:1046]{"token":"82it5cjm007jvbmbi7km6ukh7k","acc":"v6hrwzMYhvXU","missionId":1,"missionType":1}
[2021-09-14 19:25:40.382][2212][INFO] [CMD:1046]{"token":"82it5cjm007jvbmbi7km6ukh7k","acc":"v6hrwzMYhvXU","missionId":1003,"missionType":2}
[2021-09-14 19:25:43.061][2212][INFO] [CMD:1001]{"token":"82it5cjm007jvbmbi7km6ukh7k","acc":"v6hrwzMYhvXU"}
[2021-09-14 19:25:43.075][2212][INFO] [CMD:1011]{"token":"82it5cjm007jvbmbi7km6ukh7k","acc":"v6hrwzMYhvXU"}
[2021-09-14 19:39:50.555][2212][INFO] [CMD:101][ACC:v6hrwzMYhvXU]
[2021-09-14 19:39:50.738][2212][INFO] [CMD:1025]{"token":"hgvk7otoecibup4oje9nvvu9bf","acc":"v6hrwzMYhvXU"}
[2021-09-14 19:39:50.761][2212][INFO] [CMD:1028]{"token":"hgvk7otoecibup4oje9nvvu9bf","acc":"v6hrwzMYhvXU"}
[2021-09-14 19:39:50.776][2212][INFO] [CMD:1021]{"token":"hgvk7otoecibup4oje9nvvu9bf","acc":"v6hrwzMYhvXU"}
[2021-09-14 19:39:55.898][2212][INFO] [CMD:1001]{"token":"hgvk7otoecibup4oje9nvvu9bf","acc":"v6hrwzMYhvXU"}
[2021-09-14 19:39:55.901][2212][INFO] [CMD:1011]{"token":"hgvk7otoecibup4oje9nvvu9bf","acc":"v6hrwzMYhvXU"}
[2021-09-14 19:39:55.902][2212][INFO] [CMD:1023]{"token":"hgvk7otoecibup4oje9nvvu9bf","acc":"v6hrwzMYhvXU"}
[2021-09-14 19:39:57.771][2212][INFO] [CMD:1044]{"token":"hgvk7otoecibup4oje9nvvu9bf","acc":"v6hrwzMYhvXU"}
[2021-09-14 19:41:52.441][2212][INFO] [CMD:101][ACC:v6hrwzMYhvXU]
[2021-09-14 19:41:52.597][2212][INFO] [CMD:1021]{"token":"leu05d6k3fgfdsdk4i0umhlh2h","acc":"v6hrwzMYhvXU"}
[2021-09-14 19:41:52.610][2212][INFO] [CMD:1028]{"token":"leu05d6k3fgfdsdk4i0umhlh2h","acc":"v6hrwzMYhvXU"}
[2021-09-14 19:41:52.612][2212][INFO] [CMD:1025]{"token":"leu05d6k3fgfdsdk4i0umhlh2h","acc":"v6hrwzMYhvXU"}
[2021-09-14 19:41:57.945][2212][INFO] [CMD:1001]{"token":"leu05d6k3fgfdsdk4i0umhlh2h","acc":"v6hrwzMYhvXU"}
[2021-09-14 19:41:57.945][2212][INFO] [CMD:1023]{"token":"leu05d6k3fgfdsdk4i0umhlh2h","acc":"v6hrwzMYhvXU"}
[2021-09-14 19:41:57.950][2212][INFO] [CMD:1011]{"token":"leu05d6k3fgfdsdk4i0umhlh2h","acc":"v6hrwzMYhvXU"}
[2021-09-14 19:42:00.821][2212][INFO] [CMD:1044]{"token":"leu05d6k3fgfdsdk4i0umhlh2h","acc":"v6hrwzMYhvXU"}
[2021-09-14 19:43:09.758][2212][INFO] [CMD:101][ACC:v6hrwzMYhvXU]
[2021-09-14 19:43:09.967][2212][INFO] [CMD:1021]{"token":"gia4ss6codji4ticmugb2v2krb","acc":"v6hrwzMYhvXU"}
[2021-09-14 19:43:09.977][2212][INFO] [CMD:1028]{"token":"gia4ss6codji4ticmugb2v2krb","acc":"v6hrwzMYhvXU"}
[2021-09-14 19:43:09.977][2212][INFO] [CMD:1025]{"token":"gia4ss6codji4ticmugb2v2krb","acc":"v6hrwzMYhvXU"}
[2021-09-14 19:43:14.573][2212][INFO] [CMD:1011]{"token":"gia4ss6codji4ticmugb2v2krb","acc":"v6hrwzMYhvXU"}
[2021-09-14 19:43:14.591][2212][INFO] [CMD:1001]{"token":"gia4ss6codji4ticmugb2v2krb","acc":"v6hrwzMYhvXU"}
[2021-09-14 19:43:14.591][2212][INFO] [CMD:1023]{"token":"gia4ss6codji4ticmugb2v2krb","acc":"v6hrwzMYhvXU"}
[2021-09-14 19:43:16.533][2212][INFO] [CMD:1044]{"token":"gia4ss6codji4ticmugb2v2krb","acc":"v6hrwzMYhvXU"}
[2021-09-14 19:48:45.479][2212][INFO] [CMD:101][ACC:v6hrwzMYhvXU]
[2021-09-14 19:48:45.895][2212][INFO] [CMD:1021]{"token":"1rt1tgmoj8g2u5tshjom17ffoi","acc":"v6hrwzMYhvXU"}
[2021-09-14 19:48:45.946][2212][INFO] [CMD:1025]{"token":"1rt1tgmoj8g2u5tshjom17ffoi","acc":"v6hrwzMYhvXU"}
[2021-09-14 19:48:45.947][2212][INFO] [CMD:1028]{"token":"1rt1tgmoj8g2u5tshjom17ffoi","acc":"v6hrwzMYhvXU"}
[2021-09-14 19:48:50.961][2212][INFO] [CMD:1011]{"token":"1rt1tgmoj8g2u5tshjom17ffoi","acc":"v6hrwzMYhvXU"}
[2021-09-14 19:48:50.966][2212][INFO] [CMD:1023]{"token":"1rt1tgmoj8g2u5tshjom17ffoi","acc":"v6hrwzMYhvXU"}
[2021-09-14 19:48:50.969][2212][INFO] [CMD:1001]{"token":"1rt1tgmoj8g2u5tshjom17ffoi","acc":"v6hrwzMYhvXU"}
[2021-09-14 19:48:56.277][2212][INFO] [CMD:1044]{"token":"1rt1tgmoj8g2u5tshjom17ffoi","acc":"v6hrwzMYhvXU"}
[2021-09-14 19:50:50.490][2212][INFO] [CMD:101][ACC:v6hrwzMYhvXU]
[2021-09-14 19:50:50.629][2212][INFO] [CMD:1025]{"token":"9bos5pglgd4i0gc8uvnbrftqqe","acc":"v6hrwzMYhvXU"}
[2021-09-14 19:50:50.642][2212][INFO] [CMD:1028]{"token":"9bos5pglgd4i0gc8uvnbrftqqe","acc":"v6hrwzMYhvXU"}
[2021-09-14 19:50:50.659][2212][INFO] [CMD:1021]{"token":"9bos5pglgd4i0gc8uvnbrftqqe","acc":"v6hrwzMYhvXU"}
[2021-09-14 19:50:55.861][2212][INFO] [CMD:1011]{"token":"9bos5pglgd4i0gc8uvnbrftqqe","acc":"v6hrwzMYhvXU"}
[2021-09-14 19:50:55.865][2212][INFO] [CMD:1023]{"token":"9bos5pglgd4i0gc8uvnbrftqqe","acc":"v6hrwzMYhvXU"}
[2021-09-14 19:50:55.869][2212][INFO] [CMD:1001]{"token":"9bos5pglgd4i0gc8uvnbrftqqe","acc":"v6hrwzMYhvXU"}
[2021-09-14 19:50:57.542][2212][INFO] [CMD:1044]{"token":"9bos5pglgd4i0gc8uvnbrftqqe","acc":"v6hrwzMYhvXU"}
[2021-09-14 19:52:02.657][2212][INFO] [CMD:101][ACC:v6hrwzMYhvXU]
[2021-09-14 19:52:02.911][2212][INFO] [CMD:1021]{"token":"m5mng6h3ocj0r5k5gv9adlu6ag","acc":"v6hrwzMYhvXU"}
[2021-09-14 19:52:02.915][2212][INFO] [CMD:1025]{"token":"m5mng6h3ocj0r5k5gv9adlu6ag","acc":"v6hrwzMYhvXU"}
[2021-09-14 19:52:02.927][2212][INFO] [CMD:1028]{"token":"m5mng6h3ocj0r5k5gv9adlu6ag","acc":"v6hrwzMYhvXU"}
[2021-09-14 19:52:08.009][2212][INFO] [CMD:1023]{"token":"m5mng6h3ocj0r5k5gv9adlu6ag","acc":"v6hrwzMYhvXU"}
[2021-09-14 19:52:08.020][2212][INFO] [CMD:1001]{"token":"m5mng6h3ocj0r5k5gv9adlu6ag","acc":"v6hrwzMYhvXU"}
[2021-09-14 19:52:08.022][2212][INFO] [CMD:1011]{"token":"m5mng6h3ocj0r5k5gv9adlu6ag","acc":"v6hrwzMYhvXU"}
[2021-09-14 19:52:09.794][2212][INFO] [CMD:1044]{"token":"m5mng6h3ocj0r5k5gv9adlu6ag","acc":"v6hrwzMYhvXU"}
[2021-09-14 19:52:26.165][2212][INFO] [CMD:1044]{"token":"m5mng6h3ocj0r5k5gv9adlu6ag","acc":"v6hrwzMYhvXU"}
[2021-09-14 19:52:38.568][2212][INFO] [CMD:101][ACC:v6hrwzMYhvXU]
[2021-09-14 19:52:38.832][2212][INFO] [CMD:1021]{"token":"rbiitjj0me2lfobmtl9jjpnhd4","acc":"v6hrwzMYhvXU"}
[2021-09-14 19:52:38.833][2212][INFO] [CMD:1028]{"token":"rbiitjj0me2lfobmtl9jjpnhd4","acc":"v6hrwzMYhvXU"}
[2021-09-14 19:52:38.834][2212][INFO] [CMD:1025]{"token":"rbiitjj0me2lfobmtl9jjpnhd4","acc":"v6hrwzMYhvXU"}
[2021-09-14 19:52:43.865][2212][INFO] [CMD:1011]{"token":"rbiitjj0me2lfobmtl9jjpnhd4","acc":"v6hrwzMYhvXU"}
[2021-09-14 19:52:43.865][2212][INFO] [CMD:1001]{"token":"rbiitjj0me2lfobmtl9jjpnhd4","acc":"v6hrwzMYhvXU"}
[2021-09-14 19:52:43.870][2212][INFO] [CMD:1023]{"token":"rbiitjj0me2lfobmtl9jjpnhd4","acc":"v6hrwzMYhvXU"}
[2021-09-14 19:52:45.673][2212][INFO] [CMD:1044]{"token":"rbiitjj0me2lfobmtl9jjpnhd4","acc":"v6hrwzMYhvXU"}
[2021-09-14 19:54:30.486][2212][INFO] [CMD:1001]{"token":"rbiitjj0me2lfobmtl9jjpnhd4","acc":"v6hrwzMYhvXU"}
[2021-09-14 19:54:30.492][2212][INFO] [CMD:1011]{"token":"rbiitjj0me2lfobmtl9jjpnhd4","acc":"v6hrwzMYhvXU"}
[2021-09-14 19:56:30.509][2212][INFO] [CMD:101][ACC:v6hrwzMYhvXU]
[2021-09-14 19:56:30.750][2212][INFO] [CMD:1025]{"token":"m9nt069g5svu5fql6o4jkql256","acc":"v6hrwzMYhvXU"}
[2021-09-14 19:56:30.759][2212][INFO] [CMD:1021]{"token":"m9nt069g5svu5fql6o4jkql256","acc":"v6hrwzMYhvXU"}
[2021-09-14 19:56:30.776][2212][INFO] [CMD:1028]{"token":"m9nt069g5svu5fql6o4jkql256","acc":"v6hrwzMYhvXU"}
[2021-09-14 19:56:35.795][2212][INFO] [CMD:1023]{"token":"m9nt069g5svu5fql6o4jkql256","acc":"v6hrwzMYhvXU"}
[2021-09-14 19:56:35.812][2212][INFO] [CMD:1011]{"token":"m9nt069g5svu5fql6o4jkql256","acc":"v6hrwzMYhvXU"}
[2021-09-14 19:56:35.812][2212][INFO] [CMD:1001]{"token":"m9nt069g5svu5fql6o4jkql256","acc":"v6hrwzMYhvXU"}
[2021-09-14 19:56:37.706][2212][INFO] [CMD:1044]{"token":"m9nt069g5svu5fql6o4jkql256","acc":"v6hrwzMYhvXU"}
[2021-09-14 19:56:50.849][2212][INFO] [CMD:1044]{"token":"m9nt069g5svu5fql6o4jkql256","acc":"v6hrwzMYhvXU"}
[2021-09-14 20:05:51.203][2212][INFO] [CMD:101][ACC:v6hrwzMYhvXU]
[2021-09-14 20:05:51.552][2212][INFO] [CMD:1025]{"token":"ouanq9h2um795722k5u0jhue0c","acc":"v6hrwzMYhvXU"}
[2021-09-14 20:05:51.556][2212][INFO] [CMD:1021]{"token":"ouanq9h2um795722k5u0jhue0c","acc":"v6hrwzMYhvXU"}
[2021-09-14 20:05:51.559][2212][INFO] [CMD:1028]{"token":"ouanq9h2um795722k5u0jhue0c","acc":"v6hrwzMYhvXU"}
[2021-09-14 20:05:56.575][2212][INFO] [CMD:1023]{"token":"ouanq9h2um795722k5u0jhue0c","acc":"v6hrwzMYhvXU"}
[2021-09-14 20:05:56.577][2212][INFO] [CMD:1011]{"token":"ouanq9h2um795722k5u0jhue0c","acc":"v6hrwzMYhvXU"}
[2021-09-14 20:05:56.581][2212][INFO] [CMD:1001]{"token":"ouanq9h2um795722k5u0jhue0c","acc":"v6hrwzMYhvXU"}
[2021-09-14 20:05:58.427][2212][INFO] [CMD:1044]{"token":"ouanq9h2um795722k5u0jhue0c","acc":"v6hrwzMYhvXU"}
[2021-09-14 20:10:42.855][2212][INFO] [CMD:101][ACC:v6hrwzMYhvXU]
[2021-09-14 20:10:43.136][2212][INFO] [CMD:1025]{"token":"69dm574f845bl99bv07218uq1o","acc":"v6hrwzMYhvXU"}
[2021-09-14 20:10:43.139][2212][INFO] [CMD:1021]{"token":"69dm574f845bl99bv07218uq1o","acc":"v6hrwzMYhvXU"}
[2021-09-14 20:10:43.143][2212][INFO] [CMD:1028]{"token":"69dm574f845bl99bv07218uq1o","acc":"v6hrwzMYhvXU"}
[2021-09-14 20:10:48.202][2212][INFO] [CMD:1023]{"token":"69dm574f845bl99bv07218uq1o","acc":"v6hrwzMYhvXU"}
[2021-09-14 20:10:48.209][2212][INFO] [CMD:1001]{"token":"69dm574f845bl99bv07218uq1o","acc":"v6hrwzMYhvXU"}
[2021-09-14 20:10:48.212][2212][INFO] [CMD:1011]{"token":"69dm574f845bl99bv07218uq1o","acc":"v6hrwzMYhvXU"}
[2021-09-14 20:10:50.485][2212][INFO] [CMD:1001]{"token":"69dm574f845bl99bv07218uq1o","acc":"v6hrwzMYhvXU"}
[2021-09-14 20:10:50.488][2212][INFO] [CMD:1011]{"token":"69dm574f845bl99bv07218uq1o","acc":"v6hrwzMYhvXU"}
[2021-09-14 20:10:51.992][2212][INFO] [CMD:1044]{"token":"69dm574f845bl99bv07218uq1o","acc":"v6hrwzMYhvXU"}
