[2021-10-05 10:53:35.716][14080][INFO] [CMD:100]
[2021-10-05 10:53:36.135][14080][INFO] [CMD:101][ACC:Uq2gRpL8gLwc]
[2021-10-05 10:53:36.461][14080][INFO] [CMD:1025]{"token":"fa49j3gmauu6f7tn9bqj8pj8k6","acc":"Uq2gRpL8gLwc"}
[2021-10-05 10:53:36.477][14080][INFO] [CMD:1028]{"token":"fa49j3gmauu6f7tn9bqj8pj8k6","acc":"Uq2gRpL8gLwc"}
[2021-10-05 10:53:36.494][14080][INFO] [CMD:1021]{"token":"fa49j3gmauu6f7tn9bqj8pj8k6","acc":"Uq2gRpL8gLwc"}
[2021-10-05 10:53:39.199][14080][INFO] [CMD:1011]{"token":"fa49j3gmauu6f7tn9bqj8pj8k6","acc":"Uq2gRpL8gLwc"}
[2021-10-05 10:53:42.949][14080][INFO] [CMD:1011]{"token":"fa49j3gmauu6f7tn9bqj8pj8k6","acc":"Uq2gRpL8gLwc"}
[2021-10-05 11:18:19.516][14080][INFO] [CMD:101][ACC:Uq2gRpL8gLwc]
[2021-10-05 11:18:19.657][14080][INFO] [CMD:1028]{"token":"ahg8ti91lop9qemvshl5j0ajld","acc":"Uq2gRpL8gLwc"}
[2021-10-05 11:18:19.679][14080][INFO] [CMD:1025]{"token":"ahg8ti91lop9qemvshl5j0ajld","acc":"Uq2gRpL8gLwc"}
[2021-10-05 11:18:19.696][14080][INFO] [CMD:1021]{"token":"ahg8ti91lop9qemvshl5j0ajld","acc":"Uq2gRpL8gLwc"}
[2021-10-05 11:18:39.228][14080][INFO] [CMD:101][ACC:Uq2gRpL8gLwc]
[2021-10-05 11:18:39.373][14080][INFO] [CMD:1025]{"token":"r0jr9q2ktng9r16ki0but5nd5n","acc":"Uq2gRpL8gLwc"}
[2021-10-05 11:18:39.388][14080][INFO] [CMD:1028]{"token":"r0jr9q2ktng9r16ki0but5nd5n","acc":"Uq2gRpL8gLwc"}
[2021-10-05 11:18:39.408][14080][INFO] [CMD:1021]{"token":"r0jr9q2ktng9r16ki0but5nd5n","acc":"Uq2gRpL8gLwc"}
[2021-10-05 11:18:41.687][14080][INFO] [CMD:1011]{"token":"r0jr9q2ktng9r16ki0but5nd5n","acc":"Uq2gRpL8gLwc"}
[2021-10-05 11:20:02.195][14080][INFO] [CMD:101][ACC:Uq2gRpL8gLwc]
[2021-10-05 11:20:02.343][14080][INFO] [CMD:1025]{"token":"cq2mjgg29gr5iaimf99tr006pk","acc":"Uq2gRpL8gLwc"}
[2021-10-05 11:20:02.353][14080][INFO] [CMD:1021]{"token":"cq2mjgg29gr5iaimf99tr006pk","acc":"Uq2gRpL8gLwc"}
[2021-10-05 11:20:02.365][14080][INFO] [CMD:1028]{"token":"cq2mjgg29gr5iaimf99tr006pk","acc":"Uq2gRpL8gLwc"}
[2021-10-05 11:22:52.760][14080][INFO] [CMD:101][ACC:Uq2gRpL8gLwc]
[2021-10-05 11:22:52.913][14080][INFO] [CMD:1025]{"token":"8qfuui1gc2s0octb0j3gspmvo2","acc":"Uq2gRpL8gLwc"}
[2021-10-05 11:22:52.941][14080][INFO] [CMD:1028]{"token":"8qfuui1gc2s0octb0j3gspmvo2","acc":"Uq2gRpL8gLwc"}
[2021-10-05 11:22:52.963][14080][INFO] [CMD:1021]{"token":"8qfuui1gc2s0octb0j3gspmvo2","acc":"Uq2gRpL8gLwc"}
[2021-10-05 11:22:55.178][14080][INFO] [CMD:1011]{"token":"8qfuui1gc2s0octb0j3gspmvo2","acc":"Uq2gRpL8gLwc"}
[2021-10-05 11:24:28.405][14080][INFO] [CMD:101][ACC:Uq2gRpL8gLwc]
[2021-10-05 11:24:28.566][14080][INFO] [CMD:1025]{"token":"vkmodren2p18ga2idsh54pcpl7","acc":"Uq2gRpL8gLwc"}
[2021-10-05 11:24:28.582][14080][INFO] [CMD:1028]{"token":"vkmodren2p18ga2idsh54pcpl7","acc":"Uq2gRpL8gLwc"}
[2021-10-05 11:24:28.616][14080][INFO] [CMD:1021]{"token":"vkmodren2p18ga2idsh54pcpl7","acc":"Uq2gRpL8gLwc"}
[2021-10-05 12:58:19.657][14080][INFO] [CMD:1011]{"token":"vkmodren2p18ga2idsh54pcpl7","acc":"Uq2gRpL8gLwc"}
[2021-10-05 13:00:07.652][14080][INFO] [CMD:101][ACC:Uq2gRpL8gLwc]
[2021-10-05 13:00:07.852][14080][INFO] [CMD:1025]{"token":"tup1fb6f9jvp64ttfqtjbabb9l","acc":"Uq2gRpL8gLwc"}
[2021-10-05 13:00:07.852][14080][INFO] [CMD:1028]{"token":"tup1fb6f9jvp64ttfqtjbabb9l","acc":"Uq2gRpL8gLwc"}
[2021-10-05 13:00:07.852][14080][INFO] [CMD:1021]{"token":"tup1fb6f9jvp64ttfqtjbabb9l","acc":"Uq2gRpL8gLwc"}
[2021-10-05 13:00:15.009][14080][INFO] [CMD:1011]{"token":"tup1fb6f9jvp64ttfqtjbabb9l","acc":"Uq2gRpL8gLwc"}
[2021-10-05 13:08:36.174][14080][INFO] [CMD:101][ACC:Uq2gRpL8gLwc]
[2021-10-05 13:08:36.448][14080][INFO] [CMD:1025]{"token":"e9sm4k94iv4egu5cgriiuifj2r","acc":"Uq2gRpL8gLwc"}
[2021-10-05 13:08:36.460][14080][INFO] [CMD:1028]{"token":"e9sm4k94iv4egu5cgriiuifj2r","acc":"Uq2gRpL8gLwc"}
[2021-10-05 13:08:36.479][14080][INFO] [CMD:1021]{"token":"e9sm4k94iv4egu5cgriiuifj2r","acc":"Uq2gRpL8gLwc"}
[2021-10-05 13:08:41.468][14080][INFO] [CMD:1011]{"token":"e9sm4k94iv4egu5cgriiuifj2r","acc":"Uq2gRpL8gLwc"}
[2021-10-05 13:08:46.250][14080][INFO] [CMD:1011]{"token":"e9sm4k94iv4egu5cgriiuifj2r","acc":"Uq2gRpL8gLwc"}
[2021-10-05 13:09:28.364][14080][INFO] [CMD:101][ACC:Uq2gRpL8gLwc]
[2021-10-05 13:09:28.637][14080][INFO] [CMD:1025]{"token":"7spff65v7nmf94825nf310g7lr","acc":"Uq2gRpL8gLwc"}
[2021-10-05 13:09:28.652][14080][INFO] [CMD:1021]{"token":"7spff65v7nmf94825nf310g7lr","acc":"Uq2gRpL8gLwc"}
[2021-10-05 13:09:28.652][14080][INFO] [CMD:1028]{"token":"7spff65v7nmf94825nf310g7lr","acc":"Uq2gRpL8gLwc"}
[2021-10-05 13:09:30.986][14080][INFO] [CMD:1011]{"token":"7spff65v7nmf94825nf310g7lr","acc":"Uq2gRpL8gLwc"}
[2021-10-05 13:10:27.102][14080][INFO] [CMD:101][ACC:Uq2gRpL8gLwc]
[2021-10-05 13:10:27.326][14080][INFO] [CMD:1025]{"token":"c77b87cc0jgit0ppm35m184n8f","acc":"Uq2gRpL8gLwc"}
[2021-10-05 13:10:27.330][14080][INFO] [CMD:1021]{"token":"c77b87cc0jgit0ppm35m184n8f","acc":"Uq2gRpL8gLwc"}
[2021-10-05 13:10:27.346][14080][INFO] [CMD:1028]{"token":"c77b87cc0jgit0ppm35m184n8f","acc":"Uq2gRpL8gLwc"}
[2021-10-05 13:10:41.844][14080][INFO] [CMD:101][ACC:Uq2gRpL8gLwc]
[2021-10-05 13:10:42.021][14080][INFO] [CMD:1025]{"token":"paic9jf9s8gqdusnokf95fqvfq","acc":"Uq2gRpL8gLwc"}
[2021-10-05 13:10:42.021][14080][INFO] [CMD:1028]{"token":"paic9jf9s8gqdusnokf95fqvfq","acc":"Uq2gRpL8gLwc"}
[2021-10-05 13:10:42.037][14080][INFO] [CMD:1021]{"token":"paic9jf9s8gqdusnokf95fqvfq","acc":"Uq2gRpL8gLwc"}
[2021-10-05 13:10:44.294][14080][INFO] [CMD:1011]{"token":"paic9jf9s8gqdusnokf95fqvfq","acc":"Uq2gRpL8gLwc"}
[2021-10-05 13:10:50.811][14080][INFO] [CMD:1011]{"token":"paic9jf9s8gqdusnokf95fqvfq","acc":"Uq2gRpL8gLwc"}
[2021-10-05 13:11:16.830][14080][INFO] [CMD:101][ACC:Uq2gRpL8gLwc]
[2021-10-05 13:11:16.984][14080][INFO] [CMD:1021]{"token":"jkfiirhuve6edrm4pdqe4sgq70","acc":"Uq2gRpL8gLwc"}
[2021-10-05 13:11:17.000][14080][INFO] [CMD:1025]{"token":"jkfiirhuve6edrm4pdqe4sgq70","acc":"Uq2gRpL8gLwc"}
[2021-10-05 13:11:17.000][14080][INFO] [CMD:1028]{"token":"jkfiirhuve6edrm4pdqe4sgq70","acc":"Uq2gRpL8gLwc"}
[2021-10-05 13:11:19.248][14080][INFO] [CMD:1011]{"token":"jkfiirhuve6edrm4pdqe4sgq70","acc":"Uq2gRpL8gLwc"}
[2021-10-05 13:11:35.957][14080][INFO] [CMD:1011]{"token":"jkfiirhuve6edrm4pdqe4sgq70","acc":"Uq2gRpL8gLwc"}
[2021-10-05 13:11:54.497][14080][INFO] [CMD:101][ACC:Uq2gRpL8gLwc]
[2021-10-05 13:11:54.861][14080][INFO] [CMD:1021]{"token":"0tr5p5sueth6qmm8p2oa8pabfo","acc":"Uq2gRpL8gLwc"}
[2021-10-05 13:11:54.880][14080][INFO] [CMD:1025]{"token":"0tr5p5sueth6qmm8p2oa8pabfo","acc":"Uq2gRpL8gLwc"}
[2021-10-05 13:11:54.912][14080][INFO] [CMD:1028]{"token":"0tr5p5sueth6qmm8p2oa8pabfo","acc":"Uq2gRpL8gLwc"}
[2021-10-05 13:11:57.053][14080][INFO] [CMD:1011]{"token":"0tr5p5sueth6qmm8p2oa8pabfo","acc":"Uq2gRpL8gLwc"}
[2021-10-05 13:15:26.648][14080][INFO] [CMD:101][ACC:Uq2gRpL8gLwc]
[2021-10-05 13:15:26.825][14080][INFO] [CMD:1021]{"token":"2qigccmaafnvh5cembbqi2b3pu","acc":"Uq2gRpL8gLwc"}
[2021-10-05 13:15:26.826][14080][INFO] [CMD:1028]{"token":"2qigccmaafnvh5cembbqi2b3pu","acc":"Uq2gRpL8gLwc"}
[2021-10-05 13:15:26.831][14080][INFO] [CMD:1025]{"token":"2qigccmaafnvh5cembbqi2b3pu","acc":"Uq2gRpL8gLwc"}
[2021-10-05 13:15:29.047][14080][INFO] [CMD:1011]{"token":"2qigccmaafnvh5cembbqi2b3pu","acc":"Uq2gRpL8gLwc"}
[2021-10-05 13:15:51.934][14080][INFO] [CMD:101][ACC:Uq2gRpL8gLwc]
[2021-10-05 13:15:52.088][14080][INFO] [CMD:1025]{"token":"2c62dgdml3137d7tdftumsh0bf","acc":"Uq2gRpL8gLwc"}
[2021-10-05 13:15:52.101][14080][INFO] [CMD:1021]{"token":"2c62dgdml3137d7tdftumsh0bf","acc":"Uq2gRpL8gLwc"}
[2021-10-05 13:15:52.124][14080][INFO] [CMD:1028]{"token":"2c62dgdml3137d7tdftumsh0bf","acc":"Uq2gRpL8gLwc"}
[2021-10-05 13:15:54.430][14080][INFO] [CMD:1011]{"token":"2c62dgdml3137d7tdftumsh0bf","acc":"Uq2gRpL8gLwc"}
[2021-10-05 13:16:37.378][14080][INFO] [CMD:101][ACC:Uq2gRpL8gLwc]
[2021-10-05 13:16:37.806][14080][INFO] [CMD:1025]{"token":"nbssnrn5tpp4dlfbhl9h9tlode","acc":"Uq2gRpL8gLwc"}
[2021-10-05 13:16:37.838][14080][INFO] [CMD:1028]{"token":"nbssnrn5tpp4dlfbhl9h9tlode","acc":"Uq2gRpL8gLwc"}
[2021-10-05 13:16:37.838][14080][INFO] [CMD:1021]{"token":"nbssnrn5tpp4dlfbhl9h9tlode","acc":"Uq2gRpL8gLwc"}
[2021-10-05 13:16:40.244][14080][INFO] [CMD:1011]{"token":"nbssnrn5tpp4dlfbhl9h9tlode","acc":"Uq2gRpL8gLwc"}
[2021-10-05 13:16:43.830][14080][INFO] [CMD:1011]{"token":"nbssnrn5tpp4dlfbhl9h9tlode","acc":"Uq2gRpL8gLwc"}
[2021-10-05 13:16:49.637][14080][INFO] [CMD:1045]{"token":"nbssnrn5tpp4dlfbhl9h9tlode","acc":"Uq2gRpL8gLwc","missionId":4,"missionType":1,"count":1}
[2021-10-05 13:16:49.804][14080][INFO] [CMD:1045]{"token":"nbssnrn5tpp4dlfbhl9h9tlode","acc":"Uq2gRpL8gLwc","missionId":4,"missionType":1,"count":1}
[2021-10-05 13:16:50.085][14080][INFO] [CMD:1045]{"token":"nbssnrn5tpp4dlfbhl9h9tlode","acc":"Uq2gRpL8gLwc","missionId":4,"missionType":1,"count":1}
[2021-10-05 13:18:32.066][14080][INFO] [CMD:101][ACC:Uq2gRpL8gLwc]
[2021-10-05 13:18:32.248][14080][INFO] [CMD:1028]{"token":"a8sej71f0un4q4qmd0dheqfieg","acc":"Uq2gRpL8gLwc"}
[2021-10-05 13:18:32.258][14080][INFO] [CMD:1025]{"token":"a8sej71f0un4q4qmd0dheqfieg","acc":"Uq2gRpL8gLwc"}
[2021-10-05 13:18:32.302][14080][INFO] [CMD:1021]{"token":"a8sej71f0un4q4qmd0dheqfieg","acc":"Uq2gRpL8gLwc"}
[2021-10-05 13:18:34.780][14080][INFO] [CMD:1011]{"token":"a8sej71f0un4q4qmd0dheqfieg","acc":"Uq2gRpL8gLwc"}
[2021-10-05 13:18:54.179][14080][INFO] [CMD:101][ACC:Uq2gRpL8gLwc]
[2021-10-05 13:18:54.322][14080][INFO] [CMD:1025]{"token":"n4fovsstdpmivf9odtee4kj3br","acc":"Uq2gRpL8gLwc"}
[2021-10-05 13:18:54.338][14080][INFO] [CMD:1028]{"token":"n4fovsstdpmivf9odtee4kj3br","acc":"Uq2gRpL8gLwc"}
[2021-10-05 13:18:54.361][14080][INFO] [CMD:1021]{"token":"n4fovsstdpmivf9odtee4kj3br","acc":"Uq2gRpL8gLwc"}
[2021-10-05 13:18:56.775][14080][INFO] [CMD:1011]{"token":"n4fovsstdpmivf9odtee4kj3br","acc":"Uq2gRpL8gLwc"}
[2021-10-05 13:19:56.879][14080][INFO] [CMD:1011]{"token":"n4fovsstdpmivf9odtee4kj3br","acc":"Uq2gRpL8gLwc"}
[2021-10-05 13:20:02.552][14080][INFO] [CMD:1045]{"token":"n4fovsstdpmivf9odtee4kj3br","acc":"Uq2gRpL8gLwc","missionId":4,"missionType":1,"count":1}
[2021-10-05 13:20:02.859][14080][INFO] [CMD:1045]{"token":"n4fovsstdpmivf9odtee4kj3br","acc":"Uq2gRpL8gLwc","missionId":4,"missionType":1,"count":1}
[2021-10-05 13:20:03.456][14080][INFO] [CMD:1045]{"token":"n4fovsstdpmivf9odtee4kj3br","acc":"Uq2gRpL8gLwc","missionId":4,"missionType":1,"count":1}
[2021-10-05 13:20:33.080][14080][INFO] [CMD:101][ACC:Uq2gRpL8gLwc]
[2021-10-05 13:20:33.230][14080][INFO] [CMD:1025]{"token":"1idof7v3iuo26l80dcta5ssc44","acc":"Uq2gRpL8gLwc"}
[2021-10-05 13:20:33.263][14080][INFO] [CMD:1021]{"token":"1idof7v3iuo26l80dcta5ssc44","acc":"Uq2gRpL8gLwc"}
[2021-10-05 13:20:33.263][14080][INFO] [CMD:1028]{"token":"1idof7v3iuo26l80dcta5ssc44","acc":"Uq2gRpL8gLwc"}
[2021-10-05 13:20:35.596][14080][INFO] [CMD:1011]{"token":"1idof7v3iuo26l80dcta5ssc44","acc":"Uq2gRpL8gLwc"}
[2021-10-05 13:20:38.636][14080][INFO] [CMD:1011]{"token":"1idof7v3iuo26l80dcta5ssc44","acc":"Uq2gRpL8gLwc"}
[2021-10-05 13:20:43.117][14080][INFO] [CMD:1045]{"token":"1idof7v3iuo26l80dcta5ssc44","acc":"Uq2gRpL8gLwc","missionId":4,"missionType":1,"count":1}
[2021-10-05 13:20:43.382][14080][INFO] [CMD:1045]{"token":"1idof7v3iuo26l80dcta5ssc44","acc":"Uq2gRpL8gLwc","missionId":4,"missionType":1,"count":1}
[2021-10-05 13:20:43.707][14080][INFO] [CMD:1045]{"token":"1idof7v3iuo26l80dcta5ssc44","acc":"Uq2gRpL8gLwc","missionId":4,"missionType":1,"count":1}
[2021-10-05 13:23:42.597][14080][INFO] [CMD:101][ACC:Uq2gRpL8gLwc]
[2021-10-05 13:23:42.772][14080][INFO] [CMD:1021]{"token":"18bk31me3pk5v0jo4daee6m54i","acc":"Uq2gRpL8gLwc"}
[2021-10-05 13:23:42.772][14080][INFO] [CMD:1025]{"token":"18bk31me3pk5v0jo4daee6m54i","acc":"Uq2gRpL8gLwc"}
[2021-10-05 13:23:42.787][14080][INFO] [CMD:1028]{"token":"18bk31me3pk5v0jo4daee6m54i","acc":"Uq2gRpL8gLwc"}
[2021-10-05 13:23:45.383][14080][INFO] [CMD:1011]{"token":"18bk31me3pk5v0jo4daee6m54i","acc":"Uq2gRpL8gLwc"}
[2021-10-05 13:23:47.666][14080][INFO] [CMD:1011]{"token":"18bk31me3pk5v0jo4daee6m54i","acc":"Uq2gRpL8gLwc"}
[2021-10-05 13:23:53.345][14080][INFO] [CMD:1045]{"token":"18bk31me3pk5v0jo4daee6m54i","acc":"Uq2gRpL8gLwc","missionId":4,"missionType":1,"count":1}
[2021-10-05 13:23:53.625][14080][INFO] [CMD:1045]{"token":"18bk31me3pk5v0jo4daee6m54i","acc":"Uq2gRpL8gLwc","missionId":4,"missionType":1,"count":1}
[2021-10-05 13:23:53.880][14080][INFO] [CMD:1045]{"token":"18bk31me3pk5v0jo4daee6m54i","acc":"Uq2gRpL8gLwc","missionId":4,"missionType":1,"count":1}
[2021-10-05 13:25:45.627][14080][INFO] [CMD:101][ACC:Uq2gRpL8gLwc]
[2021-10-05 13:25:45.828][14080][INFO] [CMD:1025]{"token":"fmqm2crjdpgr1guu4pn6dnbjms","acc":"Uq2gRpL8gLwc"}
[2021-10-05 13:25:45.835][14080][INFO] [CMD:1028]{"token":"fmqm2crjdpgr1guu4pn6dnbjms","acc":"Uq2gRpL8gLwc"}
[2021-10-05 13:25:45.835][14080][INFO] [CMD:1021]{"token":"fmqm2crjdpgr1guu4pn6dnbjms","acc":"Uq2gRpL8gLwc"}
[2021-10-05 13:25:48.208][14080][INFO] [CMD:1011]{"token":"fmqm2crjdpgr1guu4pn6dnbjms","acc":"Uq2gRpL8gLwc"}
[2021-10-05 13:25:50.284][14080][INFO] [CMD:1011]{"token":"fmqm2crjdpgr1guu4pn6dnbjms","acc":"Uq2gRpL8gLwc"}
[2021-10-05 13:25:53.992][14080][INFO] [CMD:1045]{"token":"fmqm2crjdpgr1guu4pn6dnbjms","acc":"Uq2gRpL8gLwc","missionId":4,"missionType":1,"count":1}
[2021-10-05 13:25:54.127][14080][INFO] [CMD:1045]{"token":"fmqm2crjdpgr1guu4pn6dnbjms","acc":"Uq2gRpL8gLwc","missionId":4,"missionType":1,"count":1}
[2021-10-05 13:25:54.994][14080][INFO] [CMD:1045]{"token":"fmqm2crjdpgr1guu4pn6dnbjms","acc":"Uq2gRpL8gLwc","missionId":4,"missionType":1,"count":1}
[2021-10-05 13:33:55.644][14080][INFO] [CMD:101][ACC:Uq2gRpL8gLwc]
[2021-10-05 13:33:55.820][14080][INFO] [CMD:1025]{"token":"rutco4isilnc7govkoqr13negj","acc":"Uq2gRpL8gLwc"}
[2021-10-05 13:33:55.841][14080][INFO] [CMD:1028]{"token":"rutco4isilnc7govkoqr13negj","acc":"Uq2gRpL8gLwc"}
[2021-10-05 13:33:55.841][14080][INFO] [CMD:1021]{"token":"rutco4isilnc7govkoqr13negj","acc":"Uq2gRpL8gLwc"}
[2021-10-05 13:33:59.026][14080][INFO] [CMD:1011]{"token":"rutco4isilnc7govkoqr13negj","acc":"Uq2gRpL8gLwc"}
[2021-10-05 13:34:01.168][14080][INFO] [CMD:1011]{"token":"rutco4isilnc7govkoqr13negj","acc":"Uq2gRpL8gLwc"}
[2021-10-05 13:34:05.485][14080][INFO] [CMD:1045]{"token":"rutco4isilnc7govkoqr13negj","acc":"Uq2gRpL8gLwc","missionId":4,"missionType":1,"count":1}
[2021-10-05 13:34:05.679][14080][INFO] [CMD:1045]{"token":"rutco4isilnc7govkoqr13negj","acc":"Uq2gRpL8gLwc","missionId":4,"missionType":1,"count":1}
[2021-10-05 13:34:05.917][14080][INFO] [CMD:1045]{"token":"rutco4isilnc7govkoqr13negj","acc":"Uq2gRpL8gLwc","missionId":4,"missionType":1,"count":1}
[2021-10-05 13:35:24.369][14080][INFO] [CMD:101][ACC:Uq2gRpL8gLwc]
[2021-10-05 13:35:24.533][14080][INFO] [CMD:1021]{"token":"e2gfigmci3rturdu3aamdjitjj","acc":"Uq2gRpL8gLwc"}
[2021-10-05 13:35:24.534][14080][INFO] [CMD:1028]{"token":"e2gfigmci3rturdu3aamdjitjj","acc":"Uq2gRpL8gLwc"}
[2021-10-05 13:35:24.554][14080][INFO] [CMD:1025]{"token":"e2gfigmci3rturdu3aamdjitjj","acc":"Uq2gRpL8gLwc"}
[2021-10-05 13:35:27.092][14080][INFO] [CMD:1011]{"token":"e2gfigmci3rturdu3aamdjitjj","acc":"Uq2gRpL8gLwc"}
[2021-10-05 13:35:28.979][14080][INFO] [CMD:1011]{"token":"e2gfigmci3rturdu3aamdjitjj","acc":"Uq2gRpL8gLwc"}
[2021-10-05 13:35:33.248][14080][INFO] [CMD:1045]{"token":"e2gfigmci3rturdu3aamdjitjj","acc":"Uq2gRpL8gLwc","missionId":4,"missionType":1,"count":1}
[2021-10-05 13:35:33.612][14080][INFO] [CMD:1045]{"token":"e2gfigmci3rturdu3aamdjitjj","acc":"Uq2gRpL8gLwc","missionId":4,"missionType":1,"count":1}
[2021-10-05 13:35:34.424][14080][INFO] [CMD:1045]{"token":"e2gfigmci3rturdu3aamdjitjj","acc":"Uq2gRpL8gLwc","missionId":4,"missionType":1,"count":1}
[2021-10-05 13:36:41.550][14080][INFO] [CMD:101][ACC:Uq2gRpL8gLwc]
[2021-10-05 13:36:41.696][14080][INFO] [CMD:1025]{"token":"0g5nv6tloaaeutv60rsnvn4oss","acc":"Uq2gRpL8gLwc"}
[2021-10-05 13:36:41.712][14080][INFO] [CMD:1021]{"token":"0g5nv6tloaaeutv60rsnvn4oss","acc":"Uq2gRpL8gLwc"}
[2021-10-05 13:36:41.733][14080][INFO] [CMD:1028]{"token":"0g5nv6tloaaeutv60rsnvn4oss","acc":"Uq2gRpL8gLwc"}
[2021-10-05 13:36:44.200][14080][INFO] [CMD:1011]{"token":"0g5nv6tloaaeutv60rsnvn4oss","acc":"Uq2gRpL8gLwc"}
[2021-10-05 13:38:08.384][14080][INFO] [CMD:101][ACC:Uq2gRpL8gLwc]
[2021-10-05 13:38:08.595][14080][INFO] [CMD:1028]{"token":"ph9c9lkaqkflbhl9hmf424aheb","acc":"Uq2gRpL8gLwc"}
[2021-10-05 13:38:08.606][14080][INFO] [CMD:1025]{"token":"ph9c9lkaqkflbhl9hmf424aheb","acc":"Uq2gRpL8gLwc"}
[2021-10-05 13:38:08.620][14080][INFO] [CMD:1021]{"token":"ph9c9lkaqkflbhl9hmf424aheb","acc":"Uq2gRpL8gLwc"}
[2021-10-05 13:38:11.022][14080][INFO] [CMD:1011]{"token":"ph9c9lkaqkflbhl9hmf424aheb","acc":"Uq2gRpL8gLwc"}
[2021-10-05 13:38:13.784][14080][INFO] [CMD:1011]{"token":"ph9c9lkaqkflbhl9hmf424aheb","acc":"Uq2gRpL8gLwc"}
[2021-10-05 13:38:17.686][14080][INFO] [CMD:1045]{"token":"ph9c9lkaqkflbhl9hmf424aheb","acc":"Uq2gRpL8gLwc","missionId":4,"missionType":1,"count":1}
[2021-10-05 13:38:17.900][14080][INFO] [CMD:1045]{"token":"ph9c9lkaqkflbhl9hmf424aheb","acc":"Uq2gRpL8gLwc","missionId":4,"missionType":1,"count":1}
[2021-10-05 13:38:18.078][14080][INFO] [CMD:1045]{"token":"ph9c9lkaqkflbhl9hmf424aheb","acc":"Uq2gRpL8gLwc","missionId":4,"missionType":1,"count":1}
[2021-10-05 13:38:38.073][14080][INFO] [CMD:101][ACC:Uq2gRpL8gLwc]
[2021-10-05 13:38:38.299][14080][INFO] [CMD:1025]{"token":"k23g71q2k2m72mhmvibjfigncj","acc":"Uq2gRpL8gLwc"}
[2021-10-05 13:38:38.305][14080][INFO] [CMD:1028]{"token":"k23g71q2k2m72mhmvibjfigncj","acc":"Uq2gRpL8gLwc"}
[2021-10-05 13:38:38.325][14080][INFO] [CMD:1021]{"token":"k23g71q2k2m72mhmvibjfigncj","acc":"Uq2gRpL8gLwc"}
[2021-10-05 13:39:05.805][14080][INFO] [CMD:101][ACC:Uq2gRpL8gLwc]
[2021-10-05 13:39:05.964][14080][INFO] [CMD:1025]{"token":"bm3boagobr26lrip96he71q5eo","acc":"Uq2gRpL8gLwc"}
[2021-10-05 13:39:05.980][14080][INFO] [CMD:1021]{"token":"bm3boagobr26lrip96he71q5eo","acc":"Uq2gRpL8gLwc"}
[2021-10-05 13:39:05.983][14080][INFO] [CMD:1028]{"token":"bm3boagobr26lrip96he71q5eo","acc":"Uq2gRpL8gLwc"}
[2021-10-05 13:39:08.489][14080][INFO] [CMD:1011]{"token":"bm3boagobr26lrip96he71q5eo","acc":"Uq2gRpL8gLwc"}
[2021-10-05 13:39:11.183][14080][INFO] [CMD:1011]{"token":"bm3boagobr26lrip96he71q5eo","acc":"Uq2gRpL8gLwc"}
[2021-10-05 13:39:14.835][14080][INFO] [CMD:1045]{"token":"bm3boagobr26lrip96he71q5eo","acc":"Uq2gRpL8gLwc","missionId":4,"missionType":1,"count":1}
[2021-10-05 13:39:15.041][14080][INFO] [CMD:1045]{"token":"bm3boagobr26lrip96he71q5eo","acc":"Uq2gRpL8gLwc","missionId":4,"missionType":1,"count":1}
[2021-10-05 13:39:15.281][14080][INFO] [CMD:1045]{"token":"bm3boagobr26lrip96he71q5eo","acc":"Uq2gRpL8gLwc","missionId":4,"missionType":1,"count":1}
[2021-10-05 13:40:10.597][14080][INFO] [CMD:101][ACC:Uq2gRpL8gLwc]
[2021-10-05 13:40:10.776][14080][INFO] [CMD:1025]{"token":"flo4uhee25dbics9frf8m6u819","acc":"Uq2gRpL8gLwc"}
[2021-10-05 13:40:10.795][14080][INFO] [CMD:1028]{"token":"flo4uhee25dbics9frf8m6u819","acc":"Uq2gRpL8gLwc"}
[2021-10-05 13:40:10.795][14080][INFO] [CMD:1021]{"token":"flo4uhee25dbics9frf8m6u819","acc":"Uq2gRpL8gLwc"}
[2021-10-05 13:40:15.866][14080][INFO] [CMD:1011]{"token":"flo4uhee25dbics9frf8m6u819","acc":"Uq2gRpL8gLwc"}
[2021-10-05 13:40:17.791][14080][INFO] [CMD:1011]{"token":"flo4uhee25dbics9frf8m6u819","acc":"Uq2gRpL8gLwc"}
[2021-10-05 13:40:22.479][14080][INFO] [CMD:1045]{"token":"flo4uhee25dbics9frf8m6u819","acc":"Uq2gRpL8gLwc","missionId":4,"missionType":1,"count":1}
[2021-10-05 13:40:22.755][14080][INFO] [CMD:1045]{"token":"flo4uhee25dbics9frf8m6u819","acc":"Uq2gRpL8gLwc","missionId":4,"missionType":1,"count":1}
[2021-10-05 13:40:22.994][14080][INFO] [CMD:1045]{"token":"flo4uhee25dbics9frf8m6u819","acc":"Uq2gRpL8gLwc","missionId":4,"missionType":1,"count":1}
[2021-10-05 13:43:31.524][14080][INFO] [CMD:101][ACC:Uq2gRpL8gLwc]
[2021-10-05 13:43:31.752][14080][INFO] [CMD:1025]{"token":"r27o82n31j4mbfto8u8n6ebb97","acc":"Uq2gRpL8gLwc"}
[2021-10-05 13:43:31.752][14080][INFO] [CMD:1021]{"token":"r27o82n31j4mbfto8u8n6ebb97","acc":"Uq2gRpL8gLwc"}
[2021-10-05 13:43:31.752][14080][INFO] [CMD:1028]{"token":"r27o82n31j4mbfto8u8n6ebb97","acc":"Uq2gRpL8gLwc"}
[2021-10-05 13:43:33.905][14080][INFO] [CMD:1011]{"token":"r27o82n31j4mbfto8u8n6ebb97","acc":"Uq2gRpL8gLwc"}
[2021-10-05 13:43:35.847][14080][INFO] [CMD:1011]{"token":"r27o82n31j4mbfto8u8n6ebb97","acc":"Uq2gRpL8gLwc"}
[2021-10-05 13:43:39.395][14080][INFO] [CMD:1045]{"token":"r27o82n31j4mbfto8u8n6ebb97","acc":"Uq2gRpL8gLwc","missionId":4,"missionType":1,"count":1}
[2021-10-05 13:43:39.591][14080][INFO] [CMD:1045]{"token":"r27o82n31j4mbfto8u8n6ebb97","acc":"Uq2gRpL8gLwc","missionId":4,"missionType":1,"count":1}
[2021-10-05 13:43:39.832][14080][INFO] [CMD:1045]{"token":"r27o82n31j4mbfto8u8n6ebb97","acc":"Uq2gRpL8gLwc","missionId":4,"missionType":1,"count":1}
[2021-10-05 13:44:13.442][14080][INFO] [CMD:1011]{"token":"r27o82n31j4mbfto8u8n6ebb97","acc":"Uq2gRpL8gLwc"}
[2021-10-05 13:45:04.481][14080][INFO] [CMD:101][ACC:Uq2gRpL8gLwc]
[2021-10-05 13:45:04.668][14080][INFO] [CMD:1025]{"token":"edp15mfphlbpvqr1m1ol8paq4p","acc":"Uq2gRpL8gLwc"}
[2021-10-05 13:45:04.677][14080][INFO] [CMD:1028]{"token":"edp15mfphlbpvqr1m1ol8paq4p","acc":"Uq2gRpL8gLwc"}
[2021-10-05 13:45:04.697][14080][INFO] [CMD:1021]{"token":"edp15mfphlbpvqr1m1ol8paq4p","acc":"Uq2gRpL8gLwc"}
[2021-10-05 13:45:06.849][14080][INFO] [CMD:1011]{"token":"edp15mfphlbpvqr1m1ol8paq4p","acc":"Uq2gRpL8gLwc"}
[2021-10-05 13:45:08.500][14080][INFO] [CMD:1011]{"token":"edp15mfphlbpvqr1m1ol8paq4p","acc":"Uq2gRpL8gLwc"}
[2021-10-05 13:45:13.309][14080][INFO] [CMD:1045]{"token":"edp15mfphlbpvqr1m1ol8paq4p","acc":"Uq2gRpL8gLwc","missionId":4,"missionType":1,"count":1}
[2021-10-05 13:45:13.583][14080][INFO] [CMD:1045]{"token":"edp15mfphlbpvqr1m1ol8paq4p","acc":"Uq2gRpL8gLwc","missionId":4,"missionType":1,"count":1}
[2021-10-05 13:45:13.789][14080][INFO] [CMD:1045]{"token":"edp15mfphlbpvqr1m1ol8paq4p","acc":"Uq2gRpL8gLwc","missionId":4,"missionType":1,"count":1}
[2021-10-05 13:45:23.886][14080][INFO] [CMD:1011]{"token":"edp15mfphlbpvqr1m1ol8paq4p","acc":"Uq2gRpL8gLwc"}
[2021-10-05 13:46:45.650][14080][INFO] [CMD:101][ACC:Uq2gRpL8gLwc]
[2021-10-05 13:46:45.808][14080][INFO] [CMD:1025]{"token":"1djbg1bjth0rbmgfthki3cua5k","acc":"Uq2gRpL8gLwc"}
[2021-10-05 13:46:45.831][14080][INFO] [CMD:1021]{"token":"1djbg1bjth0rbmgfthki3cua5k","acc":"Uq2gRpL8gLwc"}
[2021-10-05 13:46:45.852][14080][INFO] [CMD:1028]{"token":"1djbg1bjth0rbmgfthki3cua5k","acc":"Uq2gRpL8gLwc"}
[2021-10-05 13:46:48.125][14080][INFO] [CMD:1011]{"token":"1djbg1bjth0rbmgfthki3cua5k","acc":"Uq2gRpL8gLwc"}
[2021-10-05 13:46:51.125][14080][INFO] [CMD:1011]{"token":"1djbg1bjth0rbmgfthki3cua5k","acc":"Uq2gRpL8gLwc"}
[2021-10-05 13:47:04.895][14080][INFO] [CMD:1045]{"token":"1djbg1bjth0rbmgfthki3cua5k","acc":"Uq2gRpL8gLwc","missionId":4,"missionType":1,"count":1}
[2021-10-05 13:47:05.099][14080][INFO] [CMD:1045]{"token":"1djbg1bjth0rbmgfthki3cua5k","acc":"Uq2gRpL8gLwc","missionId":4,"missionType":1,"count":1}
[2021-10-05 13:47:05.327][14080][INFO] [CMD:1045]{"token":"1djbg1bjth0rbmgfthki3cua5k","acc":"Uq2gRpL8gLwc","missionId":4,"missionType":1,"count":1}
[2021-10-05 13:47:14.246][14080][INFO] [CMD:1011]{"token":"1djbg1bjth0rbmgfthki3cua5k","acc":"Uq2gRpL8gLwc"}
[2021-10-05 13:52:13.379][14080][INFO] [CMD:101][ACC:Uq2gRpL8gLwc]
[2021-10-05 13:52:13.540][14080][INFO] [CMD:1025]{"token":"3vf384578du2v44ltnids5osbe","acc":"Uq2gRpL8gLwc"}
[2021-10-05 13:52:13.567][14080][INFO] [CMD:1021]{"token":"3vf384578du2v44ltnids5osbe","acc":"Uq2gRpL8gLwc"}
[2021-10-05 13:52:13.567][14080][INFO] [CMD:1028]{"token":"3vf384578du2v44ltnids5osbe","acc":"Uq2gRpL8gLwc"}
[2021-10-05 13:52:15.902][14080][INFO] [CMD:1011]{"token":"3vf384578du2v44ltnids5osbe","acc":"Uq2gRpL8gLwc"}
[2021-10-05 13:52:17.866][14080][INFO] [CMD:1011]{"token":"3vf384578du2v44ltnids5osbe","acc":"Uq2gRpL8gLwc"}
[2021-10-05 13:52:21.886][14080][INFO] [CMD:1045]{"token":"3vf384578du2v44ltnids5osbe","acc":"Uq2gRpL8gLwc","missionId":4,"missionType":1,"count":1}
[2021-10-05 13:52:22.083][14080][INFO] [CMD:1045]{"token":"3vf384578du2v44ltnids5osbe","acc":"Uq2gRpL8gLwc","missionId":4,"missionType":1,"count":1}
[2021-10-05 13:52:22.276][14080][INFO] [CMD:1045]{"token":"3vf384578du2v44ltnids5osbe","acc":"Uq2gRpL8gLwc","missionId":4,"missionType":1,"count":1}
[2021-10-05 13:52:31.203][14080][INFO] [CMD:1011]{"token":"3vf384578du2v44ltnids5osbe","acc":"Uq2gRpL8gLwc"}
[2021-10-05 13:54:14.439][14080][INFO] [CMD:101][ACC:Uq2gRpL8gLwc]
[2021-10-05 13:54:14.598][14080][INFO] [CMD:1021]{"token":"fs579q0p359522frs6jk0bobec","acc":"Uq2gRpL8gLwc"}
[2021-10-05 13:54:14.619][14080][INFO] [CMD:1025]{"token":"fs579q0p359522frs6jk0bobec","acc":"Uq2gRpL8gLwc"}
[2021-10-05 13:54:14.634][14080][INFO] [CMD:1028]{"token":"fs579q0p359522frs6jk0bobec","acc":"Uq2gRpL8gLwc"}
[2021-10-05 13:54:17.015][14080][INFO] [CMD:1011]{"token":"fs579q0p359522frs6jk0bobec","acc":"Uq2gRpL8gLwc"}
[2021-10-05 13:54:19.086][14080][INFO] [CMD:1011]{"token":"fs579q0p359522frs6jk0bobec","acc":"Uq2gRpL8gLwc"}
[2021-10-05 13:54:23.242][14080][INFO] [CMD:1045]{"token":"fs579q0p359522frs6jk0bobec","acc":"Uq2gRpL8gLwc","missionId":4,"missionType":1,"count":1}
[2021-10-05 13:54:23.521][14080][INFO] [CMD:1045]{"token":"fs579q0p359522frs6jk0bobec","acc":"Uq2gRpL8gLwc","missionId":4,"missionType":1,"count":1}
[2021-10-05 13:54:23.737][14080][INFO] [CMD:1045]{"token":"fs579q0p359522frs6jk0bobec","acc":"Uq2gRpL8gLwc","missionId":4,"missionType":1,"count":1}
[2021-10-05 13:54:33.019][14080][INFO] [CMD:1011]{"token":"fs579q0p359522frs6jk0bobec","acc":"Uq2gRpL8gLwc"}
[2021-10-05 13:55:20.220][14080][INFO] [CMD:101][ACC:Uq2gRpL8gLwc]
[2021-10-05 13:55:20.395][14080][INFO] [CMD:1025]{"token":"rh3ol2vilo4be7dr6flkeakn5s","acc":"Uq2gRpL8gLwc"}
[2021-10-05 13:55:20.401][14080][INFO] [CMD:1028]{"token":"rh3ol2vilo4be7dr6flkeakn5s","acc":"Uq2gRpL8gLwc"}
[2021-10-05 13:55:20.418][14080][INFO] [CMD:1021]{"token":"rh3ol2vilo4be7dr6flkeakn5s","acc":"Uq2gRpL8gLwc"}
[2021-10-05 13:55:22.304][14080][INFO] [CMD:1011]{"token":"rh3ol2vilo4be7dr6flkeakn5s","acc":"Uq2gRpL8gLwc"}
[2021-10-05 13:55:24.199][14080][INFO] [CMD:1011]{"token":"rh3ol2vilo4be7dr6flkeakn5s","acc":"Uq2gRpL8gLwc"}
[2021-10-05 13:55:28.336][14080][INFO] [CMD:1045]{"token":"rh3ol2vilo4be7dr6flkeakn5s","acc":"Uq2gRpL8gLwc","missionId":4,"missionType":1,"count":1}
[2021-10-05 13:55:28.418][14080][INFO] [CMD:1045]{"token":"rh3ol2vilo4be7dr6flkeakn5s","acc":"Uq2gRpL8gLwc","missionId":4,"missionType":1,"count":1}
[2021-10-05 13:55:28.713][14080][INFO] [CMD:1045]{"token":"rh3ol2vilo4be7dr6flkeakn5s","acc":"Uq2gRpL8gLwc","missionId":4,"missionType":1,"count":1}
[2021-10-05 13:55:38.038][14080][INFO] [CMD:1011]{"token":"rh3ol2vilo4be7dr6flkeakn5s","acc":"Uq2gRpL8gLwc"}
[2021-10-05 13:56:23.150][14080][INFO] [CMD:101][ACC:Uq2gRpL8gLwc]
[2021-10-05 13:56:23.300][14080][INFO] [CMD:1028]{"token":"tb33ou6uqpet1unip03kehmqve","acc":"Uq2gRpL8gLwc"}
[2021-10-05 13:56:23.309][14080][INFO] [CMD:1025]{"token":"tb33ou6uqpet1unip03kehmqve","acc":"Uq2gRpL8gLwc"}
[2021-10-05 13:56:23.335][14080][INFO] [CMD:1021]{"token":"tb33ou6uqpet1unip03kehmqve","acc":"Uq2gRpL8gLwc"}
[2021-10-05 13:56:25.658][14080][INFO] [CMD:1011]{"token":"tb33ou6uqpet1unip03kehmqve","acc":"Uq2gRpL8gLwc"}
[2021-10-05 13:56:27.407][14080][INFO] [CMD:1011]{"token":"tb33ou6uqpet1unip03kehmqve","acc":"Uq2gRpL8gLwc"}
[2021-10-05 13:56:32.505][14080][INFO] [CMD:1045]{"token":"tb33ou6uqpet1unip03kehmqve","acc":"Uq2gRpL8gLwc","missionId":4,"missionType":1,"count":1}
[2021-10-05 13:56:32.689][14080][INFO] [CMD:1045]{"token":"tb33ou6uqpet1unip03kehmqve","acc":"Uq2gRpL8gLwc","missionId":4,"missionType":1,"count":1}
[2021-10-05 13:56:32.941][14080][INFO] [CMD:1045]{"token":"tb33ou6uqpet1unip03kehmqve","acc":"Uq2gRpL8gLwc","missionId":4,"missionType":1,"count":1}
[2021-10-05 13:56:41.816][14080][INFO] [CMD:1011]{"token":"tb33ou6uqpet1unip03kehmqve","acc":"Uq2gRpL8gLwc"}
[2021-10-05 13:56:53.769][14080][INFO] [CMD:1015]{"token":"tb33ou6uqpet1unip03kehmqve","acc":"Uq2gRpL8gLwc","nickName":"sdg"}
[2021-10-05 13:59:52.360][14080][INFO] [CMD:1011]{"token":"tb33ou6uqpet1unip03kehmqve","acc":"Uq2gRpL8gLwc"}
[2021-10-05 14:06:11.530][14080][INFO] [CMD:101][ACC:Uq2gRpL8gLwc]
[2021-10-05 14:06:11.819][14080][INFO] [CMD:1028]{"token":"ohsjfho5md7422n9o7giorn2qd","acc":"Uq2gRpL8gLwc"}
[2021-10-05 14:06:11.831][14080][INFO] [CMD:1025]{"token":"ohsjfho5md7422n9o7giorn2qd","acc":"Uq2gRpL8gLwc"}
[2021-10-05 14:06:11.839][14080][INFO] [CMD:1021]{"token":"ohsjfho5md7422n9o7giorn2qd","acc":"Uq2gRpL8gLwc"}
[2021-10-05 14:06:14.101][14080][INFO] [CMD:1011]{"token":"ohsjfho5md7422n9o7giorn2qd","acc":"Uq2gRpL8gLwc"}
[2021-10-05 14:06:16.337][14080][INFO] [CMD:1011]{"token":"ohsjfho5md7422n9o7giorn2qd","acc":"Uq2gRpL8gLwc"}
[2021-10-05 14:06:20.693][14080][INFO] [CMD:1045]{"token":"ohsjfho5md7422n9o7giorn2qd","acc":"Uq2gRpL8gLwc","missionId":4,"missionType":1,"count":1}
[2021-10-05 14:06:20.851][14080][INFO] [CMD:1045]{"token":"ohsjfho5md7422n9o7giorn2qd","acc":"Uq2gRpL8gLwc","missionId":4,"missionType":1,"count":1}
[2021-10-05 14:06:21.041][14080][INFO] [CMD:1045]{"token":"ohsjfho5md7422n9o7giorn2qd","acc":"Uq2gRpL8gLwc","missionId":4,"missionType":1,"count":1}
[2021-10-05 14:06:29.530][14080][INFO] [CMD:1011]{"token":"ohsjfho5md7422n9o7giorn2qd","acc":"Uq2gRpL8gLwc"}
[2021-10-05 14:06:38.258][14080][INFO] [CMD:1015]{"token":"ohsjfho5md7422n9o7giorn2qd","acc":"Uq2gRpL8gLwc","nickName":"sdg"}
[2021-10-05 14:07:31.613][14080][INFO] [CMD:101][ACC:Uq2gRpL8gLwc]
[2021-10-05 14:07:31.782][14080][INFO] [CMD:1028]{"token":"tit1sl2hipdu60ehl7ppge5l2a","acc":"Uq2gRpL8gLwc"}
[2021-10-05 14:07:31.810][14080][INFO] [CMD:1021]{"token":"tit1sl2hipdu60ehl7ppge5l2a","acc":"Uq2gRpL8gLwc"}
[2021-10-05 14:07:31.810][14080][INFO] [CMD:1025]{"token":"tit1sl2hipdu60ehl7ppge5l2a","acc":"Uq2gRpL8gLwc"}
[2021-10-05 14:07:34.272][14080][INFO] [CMD:1011]{"token":"tit1sl2hipdu60ehl7ppge5l2a","acc":"Uq2gRpL8gLwc"}
[2021-10-05 14:07:36.513][14080][INFO] [CMD:1011]{"token":"tit1sl2hipdu60ehl7ppge5l2a","acc":"Uq2gRpL8gLwc"}
[2021-10-05 14:07:40.363][14080][INFO] [CMD:1045]{"token":"tit1sl2hipdu60ehl7ppge5l2a","acc":"Uq2gRpL8gLwc","missionId":4,"missionType":1,"count":1}
[2021-10-05 14:07:40.951][14080][INFO] [CMD:1045]{"token":"tit1sl2hipdu60ehl7ppge5l2a","acc":"Uq2gRpL8gLwc","missionId":4,"missionType":1,"count":1}
[2021-10-05 14:07:41.235][14080][INFO] [CMD:1045]{"token":"tit1sl2hipdu60ehl7ppge5l2a","acc":"Uq2gRpL8gLwc","missionId":4,"missionType":1,"count":1}
[2021-10-05 14:07:50.325][14080][INFO] [CMD:1011]{"token":"tit1sl2hipdu60ehl7ppge5l2a","acc":"Uq2gRpL8gLwc"}
[2021-10-05 14:08:00.475][14080][INFO] [CMD:1015]{"token":"tit1sl2hipdu60ehl7ppge5l2a","acc":"Uq2gRpL8gLwc","nickName":"sdg"}
[2021-10-05 14:08:47.919][14080][INFO] [CMD:101][ACC:Uq2gRpL8gLwc]
[2021-10-05 14:08:48.086][14080][INFO] [CMD:1021]{"token":"ctg2h4se41fsbf1mjlkj1m6oo6","acc":"Uq2gRpL8gLwc"}
[2021-10-05 14:08:48.089][14080][INFO] [CMD:1028]{"token":"ctg2h4se41fsbf1mjlkj1m6oo6","acc":"Uq2gRpL8gLwc"}
[2021-10-05 14:08:48.113][14080][INFO] [CMD:1025]{"token":"ctg2h4se41fsbf1mjlkj1m6oo6","acc":"Uq2gRpL8gLwc"}
[2021-10-05 14:08:50.366][14080][INFO] [CMD:1011]{"token":"ctg2h4se41fsbf1mjlkj1m6oo6","acc":"Uq2gRpL8gLwc"}
[2021-10-05 14:08:54.662][14080][INFO] [CMD:1011]{"token":"ctg2h4se41fsbf1mjlkj1m6oo6","acc":"Uq2gRpL8gLwc"}
[2021-10-05 14:09:43.039][14080][INFO] [CMD:101][ACC:Uq2gRpL8gLwc]
[2021-10-05 14:09:43.226][14080][INFO] [CMD:1028]{"token":"2cj5nr3nll5vg61ee7rlvel50s","acc":"Uq2gRpL8gLwc"}
[2021-10-05 14:09:43.236][14080][INFO] [CMD:1025]{"token":"2cj5nr3nll5vg61ee7rlvel50s","acc":"Uq2gRpL8gLwc"}
[2021-10-05 14:09:43.236][14080][INFO] [CMD:1021]{"token":"2cj5nr3nll5vg61ee7rlvel50s","acc":"Uq2gRpL8gLwc"}
[2021-10-05 14:09:45.558][14080][INFO] [CMD:1011]{"token":"2cj5nr3nll5vg61ee7rlvel50s","acc":"Uq2gRpL8gLwc"}
[2021-10-05 14:09:52.604][14080][INFO] [CMD:1015]{"token":"2cj5nr3nll5vg61ee7rlvel50s","acc":"Uq2gRpL8gLwc","nickName":"asdg"}
[2021-10-05 14:11:02.556][14080][INFO] [CMD:101][ACC:Uq2gRpL8gLwc]
[2021-10-05 14:11:02.865][14080][INFO] [CMD:1025]{"token":"n8l8ch1k9tnde2oa7bg2d2k7f7","acc":"Uq2gRpL8gLwc"}
[2021-10-05 14:11:02.882][14080][INFO] [CMD:1028]{"token":"n8l8ch1k9tnde2oa7bg2d2k7f7","acc":"Uq2gRpL8gLwc"}
[2021-10-05 14:11:02.902][14080][INFO] [CMD:1021]{"token":"n8l8ch1k9tnde2oa7bg2d2k7f7","acc":"Uq2gRpL8gLwc"}
[2021-10-05 14:11:35.243][14080][INFO] [CMD:101][ACC:Uq2gRpL8gLwc]
[2021-10-05 14:11:35.517][14080][INFO] [CMD:1025]{"token":"vflht38uch0m7tcm7hhtg3a0sn","acc":"Uq2gRpL8gLwc"}
[2021-10-05 14:11:35.540][14080][INFO] [CMD:1028]{"token":"vflht38uch0m7tcm7hhtg3a0sn","acc":"Uq2gRpL8gLwc"}
[2021-10-05 14:11:35.560][14080][INFO] [CMD:1021]{"token":"vflht38uch0m7tcm7hhtg3a0sn","acc":"Uq2gRpL8gLwc"}
[2021-10-05 14:11:44.509][14080][INFO] [CMD:1011]{"token":"vflht38uch0m7tcm7hhtg3a0sn","acc":"Uq2gRpL8gLwc"}
[2021-10-05 14:11:47.192][14080][INFO] [CMD:1011]{"token":"vflht38uch0m7tcm7hhtg3a0sn","acc":"Uq2gRpL8gLwc"}
[2021-10-05 14:12:01.098][14080][INFO] [CMD:101][ACC:Uq2gRpL8gLwc]
[2021-10-05 14:12:01.288][14080][INFO] [CMD:1028]{"token":"v7j0gl0grk9lu55d1jahlq3nei","acc":"Uq2gRpL8gLwc"}
[2021-10-05 14:12:01.296][14080][INFO] [CMD:1021]{"token":"v7j0gl0grk9lu55d1jahlq3nei","acc":"Uq2gRpL8gLwc"}
[2021-10-05 14:12:01.305][14080][INFO] [CMD:1025]{"token":"v7j0gl0grk9lu55d1jahlq3nei","acc":"Uq2gRpL8gLwc"}
[2021-10-05 14:12:03.266][14080][INFO] [CMD:1011]{"token":"v7j0gl0grk9lu55d1jahlq3nei","acc":"Uq2gRpL8gLwc"}
[2021-10-05 14:12:09.339][14080][INFO] [CMD:1015]{"token":"v7j0gl0grk9lu55d1jahlq3nei","acc":"Uq2gRpL8gLwc","nickName":"sadg"}
[2021-10-05 14:13:57.503][14080][INFO] [CMD:101][ACC:Uq2gRpL8gLwc]
[2021-10-05 14:13:57.694][14080][INFO] [CMD:1025]{"token":"hn79qcg9a5ftvc8e2r8l518l0h","acc":"Uq2gRpL8gLwc"}
[2021-10-05 14:13:57.700][14080][INFO] [CMD:1028]{"token":"hn79qcg9a5ftvc8e2r8l518l0h","acc":"Uq2gRpL8gLwc"}
[2021-10-05 14:13:57.705][14080][INFO] [CMD:1021]{"token":"hn79qcg9a5ftvc8e2r8l518l0h","acc":"Uq2gRpL8gLwc"}
[2021-10-05 14:13:59.986][14080][INFO] [CMD:1011]{"token":"hn79qcg9a5ftvc8e2r8l518l0h","acc":"Uq2gRpL8gLwc"}
[2021-10-05 14:14:06.679][14080][INFO] [CMD:1015]{"token":"hn79qcg9a5ftvc8e2r8l518l0h","acc":"Uq2gRpL8gLwc","nickName":"sdg"}
[2021-10-05 14:14:14.708][14080][INFO] [CMD:1001]{"token":"hn79qcg9a5ftvc8e2r8l518l0h","acc":"Uq2gRpL8gLwc"}
[2021-10-05 14:14:14.710][14080][INFO] [CMD:1011]{"token":"hn79qcg9a5ftvc8e2r8l518l0h","acc":"Uq2gRpL8gLwc"}
[2021-10-05 14:14:14.719][14080][INFO] [CMD:1023]{"token":"hn79qcg9a5ftvc8e2r8l518l0h","acc":"Uq2gRpL8gLwc"}
[2021-10-05 14:14:47.295][14080][INFO] [CMD:101][ACC:Uq2gRpL8gLwc]
[2021-10-05 14:14:47.439][14080][INFO] [CMD:1025]{"token":"el1mvhjr05r45urmefe9oepgcg","acc":"Uq2gRpL8gLwc"}
[2021-10-05 14:14:47.444][14080][INFO] [CMD:1021]{"token":"el1mvhjr05r45urmefe9oepgcg","acc":"Uq2gRpL8gLwc"}
[2021-10-05 14:14:47.478][14080][INFO] [CMD:1028]{"token":"el1mvhjr05r45urmefe9oepgcg","acc":"Uq2gRpL8gLwc"}
[2021-10-05 14:14:49.713][14080][INFO] [CMD:1011]{"token":"el1mvhjr05r45urmefe9oepgcg","acc":"Uq2gRpL8gLwc"}
[2021-10-05 14:15:45.350][14080][INFO] [CMD:1015]{"token":"el1mvhjr05r45urmefe9oepgcg","acc":"Uq2gRpL8gLwc","nickName":"wet"}
[2021-10-05 14:15:59.285][14080][INFO] [CMD:1023]{"token":"el1mvhjr05r45urmefe9oepgcg","acc":"Uq2gRpL8gLwc"}
[2021-10-05 14:15:59.290][14080][INFO] [CMD:1001]{"token":"el1mvhjr05r45urmefe9oepgcg","acc":"Uq2gRpL8gLwc"}
[2021-10-05 14:15:59.298][14080][INFO] [CMD:1011]{"token":"el1mvhjr05r45urmefe9oepgcg","acc":"Uq2gRpL8gLwc"}
[2021-10-05 14:16:30.685][14080][INFO] [CMD:101][ACC:Uq2gRpL8gLwc]
[2021-10-05 14:16:30.847][14080][INFO] [CMD:1025]{"token":"kl7b5v72ee8r3vpdue3fptnhav","acc":"Uq2gRpL8gLwc"}
[2021-10-05 14:16:30.865][14080][INFO] [CMD:1028]{"token":"kl7b5v72ee8r3vpdue3fptnhav","acc":"Uq2gRpL8gLwc"}
[2021-10-05 14:16:30.879][14080][INFO] [CMD:1021]{"token":"kl7b5v72ee8r3vpdue3fptnhav","acc":"Uq2gRpL8gLwc"}
[2021-10-05 14:16:37.431][14080][INFO] [CMD:1011]{"token":"kl7b5v72ee8r3vpdue3fptnhav","acc":"Uq2gRpL8gLwc"}
[2021-10-05 14:16:56.325][14080][INFO] [CMD:1015]{"token":"kl7b5v72ee8r3vpdue3fptnhav","acc":"Uq2gRpL8gLwc","nickName":"asdf"}
[2021-10-05 14:19:26.743][14080][INFO] [CMD:1023]{"token":"kl7b5v72ee8r3vpdue3fptnhav","acc":"Uq2gRpL8gLwc"}
[2021-10-05 14:19:26.754][14080][INFO] [CMD:1011]{"token":"kl7b5v72ee8r3vpdue3fptnhav","acc":"Uq2gRpL8gLwc"}
[2021-10-05 14:19:26.754][14080][INFO] [CMD:1001]{"token":"kl7b5v72ee8r3vpdue3fptnhav","acc":"Uq2gRpL8gLwc"}
[2021-10-05 14:19:43.364][14080][INFO] [CMD:101][ACC:Uq2gRpL8gLwc]
[2021-10-05 14:19:43.501][14080][INFO] [CMD:1025]{"token":"iiuq7r2mpj5mllvc1ero7kh3ln","acc":"Uq2gRpL8gLwc"}
[2021-10-05 14:19:43.515][14080][INFO] [CMD:1021]{"token":"iiuq7r2mpj5mllvc1ero7kh3ln","acc":"Uq2gRpL8gLwc"}
[2021-10-05 14:19:43.546][14080][INFO] [CMD:1028]{"token":"iiuq7r2mpj5mllvc1ero7kh3ln","acc":"Uq2gRpL8gLwc"}
[2021-10-05 14:19:53.288][14080][INFO] [CMD:1011]{"token":"iiuq7r2mpj5mllvc1ero7kh3ln","acc":"Uq2gRpL8gLwc"}
[2021-10-05 14:20:05.723][14080][INFO] [CMD:1015]{"token":"iiuq7r2mpj5mllvc1ero7kh3ln","acc":"Uq2gRpL8gLwc","nickName":"sdg"}
[2021-10-05 14:20:29.304][14080][INFO] [CMD:1029]{"token":"iiuq7r2mpj5mllvc1ero7kh3ln","acc":"Uq2gRpL8gLwc"}
[2021-10-05 14:20:34.873][14080][INFO] [CMD:1011]{"token":"iiuq7r2mpj5mllvc1ero7kh3ln","acc":"Uq2gRpL8gLwc"}
[2021-10-05 14:20:34.881][14080][INFO] [CMD:1023]{"token":"iiuq7r2mpj5mllvc1ero7kh3ln","acc":"Uq2gRpL8gLwc"}
[2021-10-05 14:20:34.881][14080][INFO] [CMD:1001]{"token":"iiuq7r2mpj5mllvc1ero7kh3ln","acc":"Uq2gRpL8gLwc"}
[2021-10-05 14:20:47.657][14080][INFO] [CMD:101][ACC:Uq2gRpL8gLwc]
[2021-10-05 14:20:47.871][14080][INFO] [CMD:1025]{"token":"ro1jr1ib46728o8qmk8a2dn4v8","acc":"Uq2gRpL8gLwc"}
[2021-10-05 14:20:47.934][14080][INFO] [CMD:1028]{"token":"ro1jr1ib46728o8qmk8a2dn4v8","acc":"Uq2gRpL8gLwc"}
[2021-10-05 14:20:47.959][14080][INFO] [CMD:1021]{"token":"ro1jr1ib46728o8qmk8a2dn4v8","acc":"Uq2gRpL8gLwc"}
[2021-10-05 14:20:52.997][14080][INFO] [CMD:1001]{"token":"ro1jr1ib46728o8qmk8a2dn4v8","acc":"Uq2gRpL8gLwc"}
[2021-10-05 14:20:53.009][14080][INFO] [CMD:1023]{"token":"ro1jr1ib46728o8qmk8a2dn4v8","acc":"Uq2gRpL8gLwc"}
[2021-10-05 14:20:53.013][14080][INFO] [CMD:1011]{"token":"ro1jr1ib46728o8qmk8a2dn4v8","acc":"Uq2gRpL8gLwc"}
[2021-10-05 15:42:03.269][14080][INFO] [CMD:101][ACC:Uq2gRpL8gLwc]
[2021-10-05 15:42:03.466][14080][INFO] [CMD:1025]{"token":"jhokqmsntb5j0s06bn1bgvopkt","acc":"Uq2gRpL8gLwc"}
[2021-10-05 15:42:03.485][14080][INFO] [CMD:1028]{"token":"jhokqmsntb5j0s06bn1bgvopkt","acc":"Uq2gRpL8gLwc"}
[2021-10-05 15:42:03.489][14080][INFO] [CMD:1021]{"token":"jhokqmsntb5j0s06bn1bgvopkt","acc":"Uq2gRpL8gLwc"}
[2021-10-05 15:42:21.782][14080][INFO] [CMD:101][ACC:Uq2gRpL8gLwc]
[2021-10-05 15:42:22.085][14080][INFO] [CMD:1025]{"token":"074f96h1p9g0kd81s79s0i8tic","acc":"Uq2gRpL8gLwc"}
[2021-10-05 15:42:22.089][14080][INFO] [CMD:1028]{"token":"074f96h1p9g0kd81s79s0i8tic","acc":"Uq2gRpL8gLwc"}
[2021-10-05 15:42:22.089][14080][INFO] [CMD:1021]{"token":"074f96h1p9g0kd81s79s0i8tic","acc":"Uq2gRpL8gLwc"}
[2021-10-05 15:42:27.235][14080][INFO] [CMD:1011]{"token":"074f96h1p9g0kd81s79s0i8tic","acc":"Uq2gRpL8gLwc"}
[2021-10-05 15:42:27.257][14080][INFO] [CMD:1001]{"token":"074f96h1p9g0kd81s79s0i8tic","acc":"Uq2gRpL8gLwc"}
[2021-10-05 15:42:27.257][14080][INFO] [CMD:1023]{"token":"074f96h1p9g0kd81s79s0i8tic","acc":"Uq2gRpL8gLwc"}
[2021-10-05 15:43:04.962][14080][INFO] [CMD:101][ACC:Uq2gRpL8gLwc]
[2021-10-05 15:43:05.133][14080][INFO] [CMD:1021]{"token":"l28qjppiemq75tkolmi5c9depb","acc":"Uq2gRpL8gLwc"}
[2021-10-05 15:43:05.153][14080][INFO] [CMD:1025]{"token":"l28qjppiemq75tkolmi5c9depb","acc":"Uq2gRpL8gLwc"}
[2021-10-05 15:43:05.162][14080][INFO] [CMD:1028]{"token":"l28qjppiemq75tkolmi5c9depb","acc":"Uq2gRpL8gLwc"}
[2021-10-05 15:43:11.746][14080][INFO] [CMD:1023]{"token":"l28qjppiemq75tkolmi5c9depb","acc":"Uq2gRpL8gLwc"}
[2021-10-05 15:43:11.746][14080][INFO] [CMD:1001]{"token":"l28qjppiemq75tkolmi5c9depb","acc":"Uq2gRpL8gLwc"}
[2021-10-05 15:43:11.774][14080][INFO] [CMD:1011]{"token":"l28qjppiemq75tkolmi5c9depb","acc":"Uq2gRpL8gLwc"}
[2021-10-05 15:44:31.785][14080][INFO] [CMD:101][ACC:Uq2gRpL8gLwc]
[2021-10-05 15:44:31.931][14080][INFO] [CMD:1025]{"token":"m2av0ndp2qgijoa0p88fhrji7r","acc":"Uq2gRpL8gLwc"}
[2021-10-05 15:44:31.949][14080][INFO] [CMD:1028]{"token":"m2av0ndp2qgijoa0p88fhrji7r","acc":"Uq2gRpL8gLwc"}
[2021-10-05 15:44:31.950][14080][INFO] [CMD:1021]{"token":"m2av0ndp2qgijoa0p88fhrji7r","acc":"Uq2gRpL8gLwc"}
[2021-10-05 15:44:37.039][14080][INFO] [CMD:1001]{"token":"m2av0ndp2qgijoa0p88fhrji7r","acc":"Uq2gRpL8gLwc"}
[2021-10-05 15:44:37.041][14080][INFO] [CMD:1023]{"token":"m2av0ndp2qgijoa0p88fhrji7r","acc":"Uq2gRpL8gLwc"}
[2021-10-05 15:44:37.042][14080][INFO] [CMD:1011]{"token":"m2av0ndp2qgijoa0p88fhrji7r","acc":"Uq2gRpL8gLwc"}
[2021-10-05 15:45:23.728][14080][INFO] [CMD:101][ACC:Uq2gRpL8gLwc]
[2021-10-05 15:45:23.881][14080][INFO] [CMD:1025]{"token":"7l52raqlp6eo0v860s75q263bq","acc":"Uq2gRpL8gLwc"}
[2021-10-05 15:45:23.886][14080][INFO] [CMD:1028]{"token":"7l52raqlp6eo0v860s75q263bq","acc":"Uq2gRpL8gLwc"}
[2021-10-05 15:45:23.897][14080][INFO] [CMD:1021]{"token":"7l52raqlp6eo0v860s75q263bq","acc":"Uq2gRpL8gLwc"}
[2021-10-05 15:45:29.381][14080][INFO] [CMD:1001]{"token":"7l52raqlp6eo0v860s75q263bq","acc":"Uq2gRpL8gLwc"}
[2021-10-05 15:45:29.385][14080][INFO] [CMD:1023]{"token":"7l52raqlp6eo0v860s75q263bq","acc":"Uq2gRpL8gLwc"}
[2021-10-05 15:45:29.385][14080][INFO] [CMD:1011]{"token":"7l52raqlp6eo0v860s75q263bq","acc":"Uq2gRpL8gLwc"}
[2021-10-05 15:48:03.545][14080][INFO] [CMD:101][ACC:Uq2gRpL8gLwc]
[2021-10-05 15:48:03.693][14080][INFO] [CMD:1025]{"token":"j2t7d64t1b2lo7to9o4dr2b7bo","acc":"Uq2gRpL8gLwc"}
[2021-10-05 15:48:03.717][14080][INFO] [CMD:1021]{"token":"j2t7d64t1b2lo7to9o4dr2b7bo","acc":"Uq2gRpL8gLwc"}
[2021-10-05 15:48:03.732][14080][INFO] [CMD:1028]{"token":"j2t7d64t1b2lo7to9o4dr2b7bo","acc":"Uq2gRpL8gLwc"}
[2021-10-05 15:48:22.404][14080][INFO] [CMD:101][ACC:Uq2gRpL8gLwc]
[2021-10-05 15:48:22.663][14080][INFO] [CMD:1025]{"token":"ltjv9raniuv813j04m24hrv243","acc":"Uq2gRpL8gLwc"}
[2021-10-05 15:48:22.671][14080][INFO] [CMD:1021]{"token":"ltjv9raniuv813j04m24hrv243","acc":"Uq2gRpL8gLwc"}
[2021-10-05 15:48:22.674][14080][INFO] [CMD:1028]{"token":"ltjv9raniuv813j04m24hrv243","acc":"Uq2gRpL8gLwc"}
[2021-10-05 15:49:25.864][14080][INFO] [CMD:101][ACC:Uq2gRpL8gLwc]
[2021-10-05 15:49:26.034][14080][INFO] [CMD:1025]{"token":"oc335vgcut2an9ej309uudo5me","acc":"Uq2gRpL8gLwc"}
[2021-10-05 15:49:26.049][14080][INFO] [CMD:1021]{"token":"oc335vgcut2an9ej309uudo5me","acc":"Uq2gRpL8gLwc"}
[2021-10-05 15:49:26.065][14080][INFO] [CMD:1028]{"token":"oc335vgcut2an9ej309uudo5me","acc":"Uq2gRpL8gLwc"}
[2021-10-05 15:50:48.551][14080][INFO] [CMD:101][ACC:Uq2gRpL8gLwc]
[2021-10-05 15:50:48.721][14080][INFO] [CMD:1028]{"token":"uc237s3clb2qlb6jvgb9qeik9k","acc":"Uq2gRpL8gLwc"}
[2021-10-05 15:50:48.725][14080][INFO] [CMD:1021]{"token":"uc237s3clb2qlb6jvgb9qeik9k","acc":"Uq2gRpL8gLwc"}
[2021-10-05 15:50:48.726][14080][INFO] [CMD:1025]{"token":"uc237s3clb2qlb6jvgb9qeik9k","acc":"Uq2gRpL8gLwc"}
[2021-10-05 15:50:55.443][14080][INFO] [CMD:1023]{"token":"uc237s3clb2qlb6jvgb9qeik9k","acc":"Uq2gRpL8gLwc"}
[2021-10-05 15:50:55.452][14080][INFO] [CMD:1011]{"token":"uc237s3clb2qlb6jvgb9qeik9k","acc":"Uq2gRpL8gLwc"}
[2021-10-05 15:50:55.452][14080][INFO] [CMD:1001]{"token":"uc237s3clb2qlb6jvgb9qeik9k","acc":"Uq2gRpL8gLwc"}
[2021-10-05 15:52:46.839][14080][INFO] [CMD:101][ACC:Uq2gRpL8gLwc]
[2021-10-05 15:52:47.056][14080][INFO] [CMD:1025]{"token":"ammd001j9ig8lvt253f1k9kr4e","acc":"Uq2gRpL8gLwc"}
[2021-10-05 15:52:47.068][14080][INFO] [CMD:1021]{"token":"ammd001j9ig8lvt253f1k9kr4e","acc":"Uq2gRpL8gLwc"}
[2021-10-05 15:52:47.096][14080][INFO] [CMD:1028]{"token":"ammd001j9ig8lvt253f1k9kr4e","acc":"Uq2gRpL8gLwc"}
[2021-10-05 15:52:52.683][14080][INFO] [CMD:1001]{"token":"ammd001j9ig8lvt253f1k9kr4e","acc":"Uq2gRpL8gLwc"}
[2021-10-05 15:52:52.684][14080][INFO] [CMD:1023]{"token":"ammd001j9ig8lvt253f1k9kr4e","acc":"Uq2gRpL8gLwc"}
[2021-10-05 15:52:52.691][14080][INFO] [CMD:1011]{"token":"ammd001j9ig8lvt253f1k9kr4e","acc":"Uq2gRpL8gLwc"}
[2021-10-05 15:58:56.151][14080][INFO] [CMD:101][ACC:Uq2gRpL8gLwc]
[2021-10-05 15:58:56.287][14080][INFO] [CMD:1025]{"token":"b43blsr5bk46f5a6s00osf0ih3","acc":"Uq2gRpL8gLwc"}
[2021-10-05 15:58:56.301][14080][INFO] [CMD:1021]{"token":"b43blsr5bk46f5a6s00osf0ih3","acc":"Uq2gRpL8gLwc"}
[2021-10-05 15:58:56.302][14080][INFO] [CMD:1028]{"token":"b43blsr5bk46f5a6s00osf0ih3","acc":"Uq2gRpL8gLwc"}
[2021-10-05 15:59:02.085][14080][INFO] [CMD:1001]{"token":"b43blsr5bk46f5a6s00osf0ih3","acc":"Uq2gRpL8gLwc"}
[2021-10-05 15:59:02.090][14080][INFO] [CMD:1011]{"token":"b43blsr5bk46f5a6s00osf0ih3","acc":"Uq2gRpL8gLwc"}
[2021-10-05 15:59:02.090][14080][INFO] [CMD:1023]{"token":"b43blsr5bk46f5a6s00osf0ih3","acc":"Uq2gRpL8gLwc"}
[2021-10-05 15:59:35.451][14080][INFO] [CMD:101][ACC:Uq2gRpL8gLwc]
[2021-10-05 15:59:35.599][14080][INFO] [CMD:1025]{"token":"hr81knvk6bo1vt0f30hrh15t8k","acc":"Uq2gRpL8gLwc"}
[2021-10-05 15:59:35.611][14080][INFO] [CMD:1028]{"token":"hr81knvk6bo1vt0f30hrh15t8k","acc":"Uq2gRpL8gLwc"}
[2021-10-05 15:59:35.613][14080][INFO] [CMD:1021]{"token":"hr81knvk6bo1vt0f30hrh15t8k","acc":"Uq2gRpL8gLwc"}
[2021-10-05 15:59:54.836][14080][INFO] [CMD:1023]{"token":"hr81knvk6bo1vt0f30hrh15t8k","acc":"Uq2gRpL8gLwc"}
[2021-10-05 15:59:54.850][14080][INFO] [CMD:1001]{"token":"hr81knvk6bo1vt0f30hrh15t8k","acc":"Uq2gRpL8gLwc"}
[2021-10-05 15:59:54.851][14080][INFO] [CMD:1011]{"token":"hr81knvk6bo1vt0f30hrh15t8k","acc":"Uq2gRpL8gLwc"}
[2021-10-05 16:00:51.978][14080][INFO] [CMD:101][ACC:Uq2gRpL8gLwc]
[2021-10-05 16:00:52.118][14080][INFO] [CMD:1025]{"token":"v4qto2d210jn40tucefg5jvadb","acc":"Uq2gRpL8gLwc"}
[2021-10-05 16:00:52.130][14080][INFO] [CMD:1028]{"token":"v4qto2d210jn40tucefg5jvadb","acc":"Uq2gRpL8gLwc"}
[2021-10-05 16:00:52.134][14080][INFO] [CMD:1021]{"token":"v4qto2d210jn40tucefg5jvadb","acc":"Uq2gRpL8gLwc"}
[2021-10-05 16:01:06.371][14080][INFO] [CMD:1001]{"token":"v4qto2d210jn40tucefg5jvadb","acc":"Uq2gRpL8gLwc"}
[2021-10-05 16:01:06.388][14080][INFO] [CMD:1023]{"token":"v4qto2d210jn40tucefg5jvadb","acc":"Uq2gRpL8gLwc"}
[2021-10-05 16:01:06.402][14080][INFO] [CMD:1011]{"token":"v4qto2d210jn40tucefg5jvadb","acc":"Uq2gRpL8gLwc"}
[2021-10-05 16:01:52.688][14080][INFO] [CMD:101][ACC:Uq2gRpL8gLwc]
[2021-10-05 16:01:52.840][14080][INFO] [CMD:1025]{"token":"m6jpoata47flu7ji177hlbqps8","acc":"Uq2gRpL8gLwc"}
[2021-10-05 16:01:52.845][14080][INFO] [CMD:1028]{"token":"m6jpoata47flu7ji177hlbqps8","acc":"Uq2gRpL8gLwc"}
[2021-10-05 16:01:52.862][14080][INFO] [CMD:1021]{"token":"m6jpoata47flu7ji177hlbqps8","acc":"Uq2gRpL8gLwc"}
[2021-10-05 16:02:00.749][14080][INFO] [CMD:1001]{"token":"m6jpoata47flu7ji177hlbqps8","acc":"Uq2gRpL8gLwc"}
[2021-10-05 16:02:00.749][14080][INFO] [CMD:1023]{"token":"m6jpoata47flu7ji177hlbqps8","acc":"Uq2gRpL8gLwc"}
[2021-10-05 16:02:00.749][14080][INFO] [CMD:1011]{"token":"m6jpoata47flu7ji177hlbqps8","acc":"Uq2gRpL8gLwc"}
[2021-10-05 16:06:18.993][14080][INFO] [CMD:101][ACC:Uq2gRpL8gLwc]
[2021-10-05 16:06:19.190][14080][INFO] [CMD:1025]{"token":"754v0jb26kjeq84vqas02irv4v","acc":"Uq2gRpL8gLwc"}
[2021-10-05 16:06:19.190][14080][INFO] [CMD:1028]{"token":"754v0jb26kjeq84vqas02irv4v","acc":"Uq2gRpL8gLwc"}
[2021-10-05 16:06:19.210][14080][INFO] [CMD:1021]{"token":"754v0jb26kjeq84vqas02irv4v","acc":"Uq2gRpL8gLwc"}
[2021-10-05 16:06:24.383][14080][INFO] [CMD:1023]{"token":"754v0jb26kjeq84vqas02irv4v","acc":"Uq2gRpL8gLwc"}
[2021-10-05 16:06:24.387][14080][INFO] [CMD:1011]{"token":"754v0jb26kjeq84vqas02irv4v","acc":"Uq2gRpL8gLwc"}
[2021-10-05 16:06:24.387][14080][INFO] [CMD:1001]{"token":"754v0jb26kjeq84vqas02irv4v","acc":"Uq2gRpL8gLwc"}
[2021-10-05 16:07:15.019][14080][INFO] [CMD:101][ACC:Uq2gRpL8gLwc]
[2021-10-05 16:07:15.413][14080][INFO] [CMD:1025]{"token":"fchup9q850mfl8gcdom4cf9uno","acc":"Uq2gRpL8gLwc"}
[2021-10-05 16:07:16.179][14080][INFO] [CMD:1021]{"token":"fchup9q850mfl8gcdom4cf9uno","acc":"Uq2gRpL8gLwc"}
[2021-10-05 16:07:16.223][14080][INFO] [CMD:1028]{"token":"fchup9q850mfl8gcdom4cf9uno","acc":"Uq2gRpL8gLwc"}
[2021-10-05 16:08:37.354][14080][INFO] [CMD:101][ACC:Uq2gRpL8gLwc]
[2021-10-05 16:08:37.500][14080][INFO] [CMD:1025]{"token":"6rvettmgvium9eiuqpfi4r79uh","acc":"Uq2gRpL8gLwc"}
[2021-10-05 16:08:37.516][14080][INFO] [CMD:1028]{"token":"6rvettmgvium9eiuqpfi4r79uh","acc":"Uq2gRpL8gLwc"}
[2021-10-05 16:08:37.517][14080][INFO] [CMD:1021]{"token":"6rvettmgvium9eiuqpfi4r79uh","acc":"Uq2gRpL8gLwc"}
[2021-10-05 16:08:46.502][14080][INFO] [CMD:1001]{"token":"6rvettmgvium9eiuqpfi4r79uh","acc":"Uq2gRpL8gLwc"}
[2021-10-05 16:08:46.502][14080][INFO] [CMD:1023]{"token":"6rvettmgvium9eiuqpfi4r79uh","acc":"Uq2gRpL8gLwc"}
[2021-10-05 16:08:46.515][14080][INFO] [CMD:1011]{"token":"6rvettmgvium9eiuqpfi4r79uh","acc":"Uq2gRpL8gLwc"}
[2021-10-05 16:09:11.418][14080][INFO] [CMD:101][ACC:Uq2gRpL8gLwc]
[2021-10-05 16:09:11.582][14080][INFO] [CMD:1028]{"token":"s31mg8j3jjmn4r9tsej5hjhcc1","acc":"Uq2gRpL8gLwc"}
[2021-10-05 16:09:11.582][14080][INFO] [CMD:1025]{"token":"s31mg8j3jjmn4r9tsej5hjhcc1","acc":"Uq2gRpL8gLwc"}
[2021-10-05 16:09:11.582][14080][INFO] [CMD:1021]{"token":"s31mg8j3jjmn4r9tsej5hjhcc1","acc":"Uq2gRpL8gLwc"}
[2021-10-05 16:09:16.631][14080][INFO] [CMD:1001]{"token":"s31mg8j3jjmn4r9tsej5hjhcc1","acc":"Uq2gRpL8gLwc"}
[2021-10-05 16:09:16.635][14080][INFO] [CMD:1011]{"token":"s31mg8j3jjmn4r9tsej5hjhcc1","acc":"Uq2gRpL8gLwc"}
[2021-10-05 16:09:16.637][14080][INFO] [CMD:1023]{"token":"s31mg8j3jjmn4r9tsej5hjhcc1","acc":"Uq2gRpL8gLwc"}
[2021-10-05 16:10:23.690][14080][INFO] [CMD:101][ACC:Uq2gRpL8gLwc]
[2021-10-05 16:10:23.855][14080][INFO] [CMD:1028]{"token":"tr8sl0h77u0ek1v8uuu2slc5r6","acc":"Uq2gRpL8gLwc"}
[2021-10-05 16:10:23.857][14080][INFO] [CMD:1021]{"token":"tr8sl0h77u0ek1v8uuu2slc5r6","acc":"Uq2gRpL8gLwc"}
[2021-10-05 16:10:23.858][14080][INFO] [CMD:1025]{"token":"tr8sl0h77u0ek1v8uuu2slc5r6","acc":"Uq2gRpL8gLwc"}
[2021-10-05 16:10:29.410][14080][INFO] [CMD:1011]{"token":"tr8sl0h77u0ek1v8uuu2slc5r6","acc":"Uq2gRpL8gLwc"}
[2021-10-05 16:10:29.414][14080][INFO] [CMD:1001]{"token":"tr8sl0h77u0ek1v8uuu2slc5r6","acc":"Uq2gRpL8gLwc"}
[2021-10-05 16:10:29.416][14080][INFO] [CMD:1023]{"token":"tr8sl0h77u0ek1v8uuu2slc5r6","acc":"Uq2gRpL8gLwc"}
[2021-10-05 16:10:53.564][14080][INFO] [CMD:1011]{"token":"tr8sl0h77u0ek1v8uuu2slc5r6","acc":"Uq2gRpL8gLwc"}
[2021-10-05 16:22:37.597][14080][INFO] [CMD:101][ACC:Uq2gRpL8gLwc]
[2021-10-05 16:22:37.809][14080][INFO] [CMD:1025]{"token":"8cnal94o73tg0a57tmta2m9gum","acc":"Uq2gRpL8gLwc"}
[2021-10-05 16:22:37.811][14080][INFO] [CMD:1028]{"token":"8cnal94o73tg0a57tmta2m9gum","acc":"Uq2gRpL8gLwc"}
[2021-10-05 16:22:37.824][14080][INFO] [CMD:1021]{"token":"8cnal94o73tg0a57tmta2m9gum","acc":"Uq2gRpL8gLwc"}
[2021-10-05 16:22:43.275][14080][INFO] [CMD:1023]{"token":"8cnal94o73tg0a57tmta2m9gum","acc":"Uq2gRpL8gLwc"}
[2021-10-05 16:22:43.282][14080][INFO] [CMD:1011]{"token":"8cnal94o73tg0a57tmta2m9gum","acc":"Uq2gRpL8gLwc"}
[2021-10-05 16:22:43.283][14080][INFO] [CMD:1001]{"token":"8cnal94o73tg0a57tmta2m9gum","acc":"Uq2gRpL8gLwc"}
[2021-10-05 16:22:47.638][14080][INFO] [CMD:1011]{"token":"8cnal94o73tg0a57tmta2m9gum","acc":"Uq2gRpL8gLwc"}
[2021-10-05 16:23:05.693][14080][INFO] [CMD:101][ACC:Uq2gRpL8gLwc]
[2021-10-05 16:23:05.914][14080][INFO] [CMD:1025]{"token":"h2mvgam3mr1i2inovn7hoqkuiu","acc":"Uq2gRpL8gLwc"}
[2021-10-05 16:23:05.932][14080][INFO] [CMD:1028]{"token":"h2mvgam3mr1i2inovn7hoqkuiu","acc":"Uq2gRpL8gLwc"}
[2021-10-05 16:23:05.932][14080][INFO] [CMD:1021]{"token":"h2mvgam3mr1i2inovn7hoqkuiu","acc":"Uq2gRpL8gLwc"}
[2021-10-05 16:34:14.876][14080][INFO] [CMD:1023]{"token":"h2mvgam3mr1i2inovn7hoqkuiu","acc":"Uq2gRpL8gLwc"}
[2021-10-05 16:34:14.877][14080][INFO] [CMD:1011]{"token":"h2mvgam3mr1i2inovn7hoqkuiu","acc":"Uq2gRpL8gLwc"}
[2021-10-05 16:34:14.878][14080][INFO] [CMD:1001]{"token":"h2mvgam3mr1i2inovn7hoqkuiu","acc":"Uq2gRpL8gLwc"}
[2021-10-05 16:35:30.002][14080][INFO] [CMD:101][ACC:Uq2gRpL8gLwc]
[2021-10-05 16:35:30.141][14080][INFO] [CMD:1025]{"token":"72e4evr6cu0k5o6di1dsgrqrne","acc":"Uq2gRpL8gLwc"}
[2021-10-05 16:35:30.157][14080][INFO] [CMD:1028]{"token":"72e4evr6cu0k5o6di1dsgrqrne","acc":"Uq2gRpL8gLwc"}
[2021-10-05 16:35:30.160][14080][INFO] [CMD:1021]{"token":"72e4evr6cu0k5o6di1dsgrqrne","acc":"Uq2gRpL8gLwc"}
[2021-10-05 16:35:35.665][14080][INFO] [CMD:1023]{"token":"72e4evr6cu0k5o6di1dsgrqrne","acc":"Uq2gRpL8gLwc"}
[2021-10-05 16:35:35.666][14080][INFO] [CMD:1001]{"token":"72e4evr6cu0k5o6di1dsgrqrne","acc":"Uq2gRpL8gLwc"}
[2021-10-05 16:35:35.673][14080][INFO] [CMD:1011]{"token":"72e4evr6cu0k5o6di1dsgrqrne","acc":"Uq2gRpL8gLwc"}
[2021-10-05 16:35:40.571][14080][INFO] [CMD:1011]{"token":"72e4evr6cu0k5o6di1dsgrqrne","acc":"Uq2gRpL8gLwc"}
[2021-10-05 16:36:47.880][14080][INFO] [CMD:101][ACC:Uq2gRpL8gLwc]
[2021-10-05 16:36:48.105][14080][INFO] [CMD:1021]{"token":"ifs08sstsmsa90eqi2o4gft399","acc":"Uq2gRpL8gLwc"}
[2021-10-05 16:36:48.105][14080][INFO] [CMD:1025]{"token":"ifs08sstsmsa90eqi2o4gft399","acc":"Uq2gRpL8gLwc"}
[2021-10-05 16:36:48.113][14080][INFO] [CMD:1028]{"token":"ifs08sstsmsa90eqi2o4gft399","acc":"Uq2gRpL8gLwc"}
[2021-10-05 16:37:45.214][14080][INFO] [CMD:101][ACC:Uq2gRpL8gLwc]
[2021-10-05 16:37:45.385][14080][INFO] [CMD:1021]{"token":"vl0m2mpoer0duq9m62culunicv","acc":"Uq2gRpL8gLwc"}
[2021-10-05 16:37:45.410][14080][INFO] [CMD:1028]{"token":"vl0m2mpoer0duq9m62culunicv","acc":"Uq2gRpL8gLwc"}
[2021-10-05 16:37:45.410][14080][INFO] [CMD:1025]{"token":"vl0m2mpoer0duq9m62culunicv","acc":"Uq2gRpL8gLwc"}
[2021-10-05 16:37:50.836][14080][INFO] [CMD:1011]{"token":"vl0m2mpoer0duq9m62culunicv","acc":"Uq2gRpL8gLwc"}
[2021-10-05 16:37:50.843][14080][INFO] [CMD:1023]{"token":"vl0m2mpoer0duq9m62culunicv","acc":"Uq2gRpL8gLwc"}
[2021-10-05 16:37:50.843][14080][INFO] [CMD:1001]{"token":"vl0m2mpoer0duq9m62culunicv","acc":"Uq2gRpL8gLwc"}
[2021-10-05 16:37:56.318][14080][INFO] [CMD:1011]{"token":"vl0m2mpoer0duq9m62culunicv","acc":"Uq2gRpL8gLwc"}
[2021-10-05 16:38:48.013][14080][INFO] [CMD:101][ACC:Uq2gRpL8gLwc]
[2021-10-05 16:38:48.175][14080][INFO] [CMD:1021]{"token":"50fi99pr97gc5ki5ufl4haiu5s","acc":"Uq2gRpL8gLwc"}
[2021-10-05 16:38:48.181][14080][INFO] [CMD:1028]{"token":"50fi99pr97gc5ki5ufl4haiu5s","acc":"Uq2gRpL8gLwc"}
[2021-10-05 16:38:48.183][14080][INFO] [CMD:1025]{"token":"50fi99pr97gc5ki5ufl4haiu5s","acc":"Uq2gRpL8gLwc"}
[2021-10-05 16:38:53.572][14080][INFO] [CMD:1001]{"token":"50fi99pr97gc5ki5ufl4haiu5s","acc":"Uq2gRpL8gLwc"}
[2021-10-05 16:38:53.573][14080][INFO] [CMD:1023]{"token":"50fi99pr97gc5ki5ufl4haiu5s","acc":"Uq2gRpL8gLwc"}
[2021-10-05 16:38:53.589][14080][INFO] [CMD:1011]{"token":"50fi99pr97gc5ki5ufl4haiu5s","acc":"Uq2gRpL8gLwc"}
[2021-10-05 16:38:58.007][14080][INFO] [CMD:1011]{"token":"50fi99pr97gc5ki5ufl4haiu5s","acc":"Uq2gRpL8gLwc"}
[2021-10-05 16:39:49.992][14080][INFO] [CMD:101][ACC:Uq2gRpL8gLwc]
[2021-10-05 16:39:50.156][14080][INFO] [CMD:1025]{"token":"ihirpv7l07p7g2ts3f05o4ejav","acc":"Uq2gRpL8gLwc"}
[2021-10-05 16:39:50.162][14080][INFO] [CMD:1028]{"token":"ihirpv7l07p7g2ts3f05o4ejav","acc":"Uq2gRpL8gLwc"}
[2021-10-05 16:39:50.169][14080][INFO] [CMD:1021]{"token":"ihirpv7l07p7g2ts3f05o4ejav","acc":"Uq2gRpL8gLwc"}
[2021-10-05 16:39:55.667][14080][INFO] [CMD:1023]{"token":"ihirpv7l07p7g2ts3f05o4ejav","acc":"Uq2gRpL8gLwc"}
[2021-10-05 16:39:55.672][14080][INFO] [CMD:1011]{"token":"ihirpv7l07p7g2ts3f05o4ejav","acc":"Uq2gRpL8gLwc"}
[2021-10-05 16:39:55.677][14080][INFO] [CMD:1001]{"token":"ihirpv7l07p7g2ts3f05o4ejav","acc":"Uq2gRpL8gLwc"}
[2021-10-05 16:40:00.478][14080][INFO] [CMD:1011]{"token":"ihirpv7l07p7g2ts3f05o4ejav","acc":"Uq2gRpL8gLwc"}
[2021-10-05 16:41:10.970][14080][INFO] [CMD:101][ACC:Uq2gRpL8gLwc]
[2021-10-05 16:41:11.141][14080][INFO] [CMD:1021]{"token":"be74rbhjq0ca2d27s0jh69tg5i","acc":"Uq2gRpL8gLwc"}
[2021-10-05 16:41:11.149][14080][INFO] [CMD:1028]{"token":"be74rbhjq0ca2d27s0jh69tg5i","acc":"Uq2gRpL8gLwc"}
[2021-10-05 16:41:11.150][14080][INFO] [CMD:1025]{"token":"be74rbhjq0ca2d27s0jh69tg5i","acc":"Uq2gRpL8gLwc"}
[2021-10-05 16:41:16.545][14080][INFO] [CMD:1001]{"token":"be74rbhjq0ca2d27s0jh69tg5i","acc":"Uq2gRpL8gLwc"}
[2021-10-05 16:41:16.553][14080][INFO] [CMD:1011]{"token":"be74rbhjq0ca2d27s0jh69tg5i","acc":"Uq2gRpL8gLwc"}
[2021-10-05 16:41:16.553][14080][INFO] [CMD:1023]{"token":"be74rbhjq0ca2d27s0jh69tg5i","acc":"Uq2gRpL8gLwc"}
[2021-10-05 16:41:21.561][14080][INFO] [CMD:1011]{"token":"be74rbhjq0ca2d27s0jh69tg5i","acc":"Uq2gRpL8gLwc"}
[2021-10-05 16:45:29.918][14080][INFO] [CMD:101][ACC:Uq2gRpL8gLwc]
[2021-10-05 16:45:30.101][14080][INFO] [CMD:1028]{"token":"8dhr2c7kkh3q4fdcigl9gn7tft","acc":"Uq2gRpL8gLwc"}
[2021-10-05 16:45:30.106][14080][INFO] [CMD:1025]{"token":"8dhr2c7kkh3q4fdcigl9gn7tft","acc":"Uq2gRpL8gLwc"}
[2021-10-05 16:45:30.116][14080][INFO] [CMD:1021]{"token":"8dhr2c7kkh3q4fdcigl9gn7tft","acc":"Uq2gRpL8gLwc"}
[2021-10-05 16:45:37.325][14080][INFO] [CMD:1001]{"token":"8dhr2c7kkh3q4fdcigl9gn7tft","acc":"Uq2gRpL8gLwc"}
[2021-10-05 16:45:37.332][14080][INFO] [CMD:1023]{"token":"8dhr2c7kkh3q4fdcigl9gn7tft","acc":"Uq2gRpL8gLwc"}
[2021-10-05 16:45:37.334][14080][INFO] [CMD:1011]{"token":"8dhr2c7kkh3q4fdcigl9gn7tft","acc":"Uq2gRpL8gLwc"}
[2021-10-05 16:45:41.844][14080][INFO] [CMD:1011]{"token":"8dhr2c7kkh3q4fdcigl9gn7tft","acc":"Uq2gRpL8gLwc"}
[2021-10-05 16:52:44.943][14080][INFO] [CMD:101][ACC:Uq2gRpL8gLwc]
[2021-10-05 16:52:45.101][14080][INFO] [CMD:1021]{"token":"e2rqbflnas1m8bsvc14ifq415g","acc":"Uq2gRpL8gLwc"}
[2021-10-05 16:52:45.112][14080][INFO] [CMD:1028]{"token":"e2rqbflnas1m8bsvc14ifq415g","acc":"Uq2gRpL8gLwc"}
[2021-10-05 16:52:45.113][14080][INFO] [CMD:1025]{"token":"e2rqbflnas1m8bsvc14ifq415g","acc":"Uq2gRpL8gLwc"}
[2021-10-05 16:52:51.888][14080][INFO] [CMD:1001]{"token":"e2rqbflnas1m8bsvc14ifq415g","acc":"Uq2gRpL8gLwc"}
[2021-10-05 16:52:51.896][14080][INFO] [CMD:1011]{"token":"e2rqbflnas1m8bsvc14ifq415g","acc":"Uq2gRpL8gLwc"}
[2021-10-05 16:52:51.896][14080][INFO] [CMD:1023]{"token":"e2rqbflnas1m8bsvc14ifq415g","acc":"Uq2gRpL8gLwc"}
[2021-10-05 16:53:02.208][14080][INFO] [CMD:1011]{"token":"e2rqbflnas1m8bsvc14ifq415g","acc":"Uq2gRpL8gLwc"}
[2021-10-05 16:54:45.765][14080][INFO] [CMD:101][ACC:Uq2gRpL8gLwc]
[2021-10-05 16:54:46.023][14080][INFO] [CMD:1025]{"token":"7lkchu9h4o2st8dbuaaojdevet","acc":"Uq2gRpL8gLwc"}
[2021-10-05 16:54:46.053][14080][INFO] [CMD:1028]{"token":"7lkchu9h4o2st8dbuaaojdevet","acc":"Uq2gRpL8gLwc"}
[2021-10-05 16:54:46.069][14080][INFO] [CMD:1021]{"token":"7lkchu9h4o2st8dbuaaojdevet","acc":"Uq2gRpL8gLwc"}
[2021-10-05 16:54:52.810][14080][INFO] [CMD:1023]{"token":"7lkchu9h4o2st8dbuaaojdevet","acc":"Uq2gRpL8gLwc"}
[2021-10-05 16:54:52.810][14080][INFO] [CMD:1011]{"token":"7lkchu9h4o2st8dbuaaojdevet","acc":"Uq2gRpL8gLwc"}
[2021-10-05 16:54:52.828][14080][INFO] [CMD:1001]{"token":"7lkchu9h4o2st8dbuaaojdevet","acc":"Uq2gRpL8gLwc"}
[2021-10-05 16:54:57.017][14080][INFO] [CMD:1011]{"token":"7lkchu9h4o2st8dbuaaojdevet","acc":"Uq2gRpL8gLwc"}
[2021-10-05 16:55:05.341][14080][INFO] [CMD:1016]{"token":"7lkchu9h4o2st8dbuaaojdevet","acc":"Uq2gRpL8gLwc","page":1,"nickName":"","sortType":2}
[2021-10-05 16:57:18.878][14080][INFO] [CMD:101][ACC:Uq2gRpL8gLwc]
[2021-10-05 16:57:19.052][14080][INFO] [CMD:1025]{"token":"ntb7jefmgic2ma7o57g6rmoepq","acc":"Uq2gRpL8gLwc"}
[2021-10-05 16:57:19.071][14080][INFO] [CMD:1021]{"token":"ntb7jefmgic2ma7o57g6rmoepq","acc":"Uq2gRpL8gLwc"}
[2021-10-05 16:57:19.083][14080][INFO] [CMD:1028]{"token":"ntb7jefmgic2ma7o57g6rmoepq","acc":"Uq2gRpL8gLwc"}
[2021-10-05 16:57:24.543][14080][INFO] [CMD:1001]{"token":"ntb7jefmgic2ma7o57g6rmoepq","acc":"Uq2gRpL8gLwc"}
[2021-10-05 16:57:24.552][14080][INFO] [CMD:1023]{"token":"ntb7jefmgic2ma7o57g6rmoepq","acc":"Uq2gRpL8gLwc"}
[2021-10-05 16:57:24.553][14080][INFO] [CMD:1011]{"token":"ntb7jefmgic2ma7o57g6rmoepq","acc":"Uq2gRpL8gLwc"}
[2021-10-05 16:57:28.731][14080][INFO] [CMD:1011]{"token":"ntb7jefmgic2ma7o57g6rmoepq","acc":"Uq2gRpL8gLwc"}
[2021-10-05 16:57:33.509][14080][INFO] [CMD:1016]{"token":"ntb7jefmgic2ma7o57g6rmoepq","acc":"Uq2gRpL8gLwc","page":1,"nickName":"","sortType":2}
[2021-10-05 16:58:01.730][14080][INFO] [CMD:101][ACC:Uq2gRpL8gLwc]
[2021-10-05 16:58:01.894][14080][INFO] [CMD:1028]{"token":"i9duc6us67ck5al2n5ls3t8pel","acc":"Uq2gRpL8gLwc"}
[2021-10-05 16:58:01.895][14080][INFO] [CMD:1025]{"token":"i9duc6us67ck5al2n5ls3t8pel","acc":"Uq2gRpL8gLwc"}
[2021-10-05 16:58:01.910][14080][INFO] [CMD:1021]{"token":"i9duc6us67ck5al2n5ls3t8pel","acc":"Uq2gRpL8gLwc"}
[2021-10-05 16:58:07.317][14080][INFO] [CMD:1023]{"token":"i9duc6us67ck5al2n5ls3t8pel","acc":"Uq2gRpL8gLwc"}
[2021-10-05 16:58:07.317][14080][INFO] [CMD:1001]{"token":"i9duc6us67ck5al2n5ls3t8pel","acc":"Uq2gRpL8gLwc"}
[2021-10-05 16:58:07.325][14080][INFO] [CMD:1011]{"token":"i9duc6us67ck5al2n5ls3t8pel","acc":"Uq2gRpL8gLwc"}
[2021-10-05 16:58:16.753][14080][INFO] [CMD:1011]{"token":"i9duc6us67ck5al2n5ls3t8pel","acc":"Uq2gRpL8gLwc"}
[2021-10-05 16:59:33.353][14080][INFO] [CMD:101][ACC:Uq2gRpL8gLwc]
[2021-10-05 16:59:33.505][14080][INFO] [CMD:1025]{"token":"fckd1n3lsc6kckt5otqk3smoc4","acc":"Uq2gRpL8gLwc"}
[2021-10-05 16:59:33.505][14080][INFO] [CMD:1028]{"token":"fckd1n3lsc6kckt5otqk3smoc4","acc":"Uq2gRpL8gLwc"}
[2021-10-05 16:59:33.515][14080][INFO] [CMD:1021]{"token":"fckd1n3lsc6kckt5otqk3smoc4","acc":"Uq2gRpL8gLwc"}
[2021-10-05 16:59:38.883][14080][INFO] [CMD:1011]{"token":"fckd1n3lsc6kckt5otqk3smoc4","acc":"Uq2gRpL8gLwc"}
[2021-10-05 16:59:38.885][14080][INFO] [CMD:1001]{"token":"fckd1n3lsc6kckt5otqk3smoc4","acc":"Uq2gRpL8gLwc"}
[2021-10-05 16:59:38.899][14080][INFO] [CMD:1023]{"token":"fckd1n3lsc6kckt5otqk3smoc4","acc":"Uq2gRpL8gLwc"}
[2021-10-05 17:00:25.596][14080][INFO] [CMD:1011]{"token":"fckd1n3lsc6kckt5otqk3smoc4","acc":"Uq2gRpL8gLwc"}
[2021-10-05 17:00:31.832][14080][INFO] [CMD:1016]{"token":"fckd1n3lsc6kckt5otqk3smoc4","acc":"Uq2gRpL8gLwc","page":1,"nickName":"","sortType":2}
[2021-10-05 17:00:34.824][14080][INFO] [CMD:1018]{"token":"fckd1n3lsc6kckt5otqk3smoc4","acc":"Uq2gRpL8gLwc","site":0,"isfree":1}
[2021-10-05 17:00:34.839][14080][INFO] [CMD:1018]{"token":"fckd1n3lsc6kckt5otqk3smoc4","acc":"Uq2gRpL8gLwc","site":0,"isfree":1}
[2021-10-05 17:00:34.845][14080][INFO] [CMD:1018]{"token":"fckd1n3lsc6kckt5otqk3smoc4","acc":"Uq2gRpL8gLwc","site":0,"isfree":1}
[2021-10-05 17:00:35.216][14080][INFO] [CMD:1016]{"token":"fckd1n3lsc6kckt5otqk3smoc4","acc":"Uq2gRpL8gLwc","page":1,"nickName":"","sortType":2}
[2021-10-05 17:00:49.365][14080][INFO] [CMD:101][ACC:Uq2gRpL8gLwc]
[2021-10-05 17:00:49.549][14080][INFO] [CMD:1025]{"token":"djttqlhb3mmsmqls1r39igdmuq","acc":"Uq2gRpL8gLwc"}
[2021-10-05 17:00:49.558][14080][INFO] [CMD:1028]{"token":"djttqlhb3mmsmqls1r39igdmuq","acc":"Uq2gRpL8gLwc"}
[2021-10-05 17:00:49.559][14080][INFO] [CMD:1021]{"token":"djttqlhb3mmsmqls1r39igdmuq","acc":"Uq2gRpL8gLwc"}
[2021-10-05 17:00:55.217][14080][INFO] [CMD:1001]{"token":"djttqlhb3mmsmqls1r39igdmuq","acc":"Uq2gRpL8gLwc"}
[2021-10-05 17:00:55.217][14080][INFO] [CMD:1011]{"token":"djttqlhb3mmsmqls1r39igdmuq","acc":"Uq2gRpL8gLwc"}
[2021-10-05 17:00:55.226][14080][INFO] [CMD:1023]{"token":"djttqlhb3mmsmqls1r39igdmuq","acc":"Uq2gRpL8gLwc"}
[2021-10-05 17:00:59.251][14080][INFO] [CMD:1011]{"token":"djttqlhb3mmsmqls1r39igdmuq","acc":"Uq2gRpL8gLwc"}
[2021-10-05 17:01:03.668][14080][INFO] [CMD:1016]{"token":"djttqlhb3mmsmqls1r39igdmuq","acc":"Uq2gRpL8gLwc","page":1,"nickName":"","sortType":2}
[2021-10-05 17:02:08.993][14080][INFO] [CMD:101][ACC:Uq2gRpL8gLwc]
[2021-10-05 17:02:09.162][14080][INFO] [CMD:1025]{"token":"5evhbljfh4h87salkdldlo2da5","acc":"Uq2gRpL8gLwc"}
[2021-10-05 17:02:09.168][14080][INFO] [CMD:1021]{"token":"5evhbljfh4h87salkdldlo2da5","acc":"Uq2gRpL8gLwc"}
[2021-10-05 17:02:09.185][14080][INFO] [CMD:1028]{"token":"5evhbljfh4h87salkdldlo2da5","acc":"Uq2gRpL8gLwc"}
[2021-10-05 17:02:14.404][14080][INFO] [CMD:1023]{"token":"5evhbljfh4h87salkdldlo2da5","acc":"Uq2gRpL8gLwc"}
[2021-10-05 17:02:14.406][14080][INFO] [CMD:1001]{"token":"5evhbljfh4h87salkdldlo2da5","acc":"Uq2gRpL8gLwc"}
[2021-10-05 17:02:14.427][14080][INFO] [CMD:1011]{"token":"5evhbljfh4h87salkdldlo2da5","acc":"Uq2gRpL8gLwc"}
[2021-10-05 17:02:18.659][14080][INFO] [CMD:1011]{"token":"5evhbljfh4h87salkdldlo2da5","acc":"Uq2gRpL8gLwc"}
[2021-10-05 17:02:38.561][14080][INFO] [CMD:1016]{"token":"5evhbljfh4h87salkdldlo2da5","acc":"Uq2gRpL8gLwc","page":1,"nickName":"","sortType":2}
[2021-10-05 17:02:42.085][14080][INFO] [CMD:1018]{"token":"5evhbljfh4h87salkdldlo2da5","acc":"Uq2gRpL8gLwc","site":0,"isfree":1}
[2021-10-05 17:02:42.093][14080][INFO] [CMD:1018]{"token":"5evhbljfh4h87salkdldlo2da5","acc":"Uq2gRpL8gLwc","site":0,"isfree":1}
[2021-10-05 17:02:42.105][14080][INFO] [CMD:1018]{"token":"5evhbljfh4h87salkdldlo2da5","acc":"Uq2gRpL8gLwc","site":0,"isfree":1}
[2021-10-05 17:14:55.154][14080][INFO] [CMD:101][ACC:Uq2gRpL8gLwc]
[2021-10-05 17:14:55.297][14080][INFO] [CMD:1025]{"token":"c2vdcfqq9m0j65eucig6b8i3nb","acc":"Uq2gRpL8gLwc"}
[2021-10-05 17:14:55.300][14080][INFO] [CMD:1021]{"token":"c2vdcfqq9m0j65eucig6b8i3nb","acc":"Uq2gRpL8gLwc"}
[2021-10-05 17:14:55.319][14080][INFO] [CMD:1028]{"token":"c2vdcfqq9m0j65eucig6b8i3nb","acc":"Uq2gRpL8gLwc"}
[2021-10-05 17:15:02.263][14080][INFO] [CMD:1011]{"token":"c2vdcfqq9m0j65eucig6b8i3nb","acc":"Uq2gRpL8gLwc"}
[2021-10-05 17:15:02.279][14080][INFO] [CMD:1001]{"token":"c2vdcfqq9m0j65eucig6b8i3nb","acc":"Uq2gRpL8gLwc"}
[2021-10-05 17:15:02.281][14080][INFO] [CMD:1023]{"token":"c2vdcfqq9m0j65eucig6b8i3nb","acc":"Uq2gRpL8gLwc"}
[2021-10-05 17:15:03.964][14080][INFO] [CMD:1016]{"token":"c2vdcfqq9m0j65eucig6b8i3nb","acc":"Uq2gRpL8gLwc","page":1,"nickName":"","sortType":2}
[2021-10-05 17:15:07.613][14080][INFO] [CMD:1016]{"token":"c2vdcfqq9m0j65eucig6b8i3nb","acc":"Uq2gRpL8gLwc","page":1,"nickName":"","sortType":2}
[2021-10-05 17:15:08.925][14080][INFO] [CMD:1018]{"token":"c2vdcfqq9m0j65eucig6b8i3nb","acc":"Uq2gRpL8gLwc","site":0,"isfree":1}
[2021-10-05 17:15:08.925][14080][INFO] [CMD:1018]{"token":"c2vdcfqq9m0j65eucig6b8i3nb","acc":"Uq2gRpL8gLwc","site":0,"isfree":1}
[2021-10-05 17:15:08.938][14080][INFO] [CMD:1018]{"token":"c2vdcfqq9m0j65eucig6b8i3nb","acc":"Uq2gRpL8gLwc","site":0,"isfree":1}
[2021-10-05 17:15:40.632][14080][INFO] [CMD:1005]{"token":"c2vdcfqq9m0j65eucig6b8i3nb","acc":"Uq2gRpL8gLwc","itemId":3002,"count":1,"newName":"Gsdg","rdata":"{\"sizeX\":6,\"sizeZ\":9,\"blocks\":[{\"id\":1600,\"posX\":-1,\"posY\":0,\"posZ\":-4,\"direction\":0},{\"id\":5000,\"posX\":-1,\"posY\":0,\"posZ\":-2,\"direction\":0},{\"id\":1600,\"posX\":-1,\"posY\":0,\"posZ\":2,\"direction\":0},{\"id\":1600,\"posX\":0,\"posY\":0,\"posZ\":-1,\"direction\":0},{\"id\":1600,\"posX\":0,\"posY\":0,\"posZ\":1,\"direction\":0},{\"id\":1600,\"posX\":1,\"posY\":0,\"posZ\":-4,\"direction\":0},{\"id\":5001,\"posX\":2,\"posY\":0,\"posZ\":-2,\"direction\":0},{\"id\":7027,\"posX\":2,\"posY\":0,\"posZ\":4,\"direction\":4},{\"id\":7027,\"posX\":3,\"posY\":0,\"posZ\":3,\"direction\":4},{\"id\":1502,\"posX\":3,\"posY\":0,\"posZ\":4,\"direction\":0}],\"IsDuplicate\":false}","textureName":"Blueprint-Uq2gRpL8gLwc-20211005051540"}
[2021-10-05 17:15:40.703][14080][INFO] [CMD:1001]{"token":"c2vdcfqq9m0j65eucig6b8i3nb","acc":"Uq2gRpL8gLwc"}
[2021-10-05 17:15:40.782][14080][INFO] [CMD:1003]{"token":"c2vdcfqq9m0j65eucig6b8i3nb","acc":"Uq2gRpL8gLwc","itemId":3001,"count":1}
[2021-10-05 17:15:40.908][14080][INFO] [CMD:1001]{"token":"c2vdcfqq9m0j65eucig6b8i3nb","acc":"Uq2gRpL8gLwc"}
[2021-10-05 17:15:41.869][14080][INFO] [CMD:1001]{"token":"c2vdcfqq9m0j65eucig6b8i3nb","acc":"Uq2gRpL8gLwc"}
[2021-10-05 17:15:41.878][14080][INFO] [CMD:1011]{"token":"c2vdcfqq9m0j65eucig6b8i3nb","acc":"Uq2gRpL8gLwc"}
[2021-10-05 17:15:43.238][14080][INFO] [CMD:1007]{"token":"c2vdcfqq9m0j65eucig6b8i3nb","acc":"Uq2gRpL8gLwc","guid":27,"site":3}
[2021-10-05 17:15:50.039][14080][INFO] [CMD:1011]{"token":"c2vdcfqq9m0j65eucig6b8i3nb","acc":"Uq2gRpL8gLwc"}
[2021-10-05 17:15:55.972][14080][INFO] [CMD:1016]{"token":"c2vdcfqq9m0j65eucig6b8i3nb","acc":"Uq2gRpL8gLwc","page":1,"nickName":"","sortType":2}
[2021-10-05 17:15:58.408][14080][INFO] [CMD:1018]{"token":"c2vdcfqq9m0j65eucig6b8i3nb","acc":"Uq2gRpL8gLwc","site":0,"isfree":1}
[2021-10-05 17:15:58.418][14080][INFO] [CMD:1018]{"token":"c2vdcfqq9m0j65eucig6b8i3nb","acc":"Uq2gRpL8gLwc","site":0,"isfree":1}
[2021-10-05 17:15:58.430][14080][INFO] [CMD:1018]{"token":"c2vdcfqq9m0j65eucig6b8i3nb","acc":"Uq2gRpL8gLwc","site":0,"isfree":1}
[2021-10-05 17:24:37.778][14080][INFO] [CMD:101][ACC:Uq2gRpL8gLwc]
[2021-10-05 17:24:37.950][14080][INFO] [CMD:1021]{"token":"i5iumbo944gmafhpu0d20ja6ee","acc":"Uq2gRpL8gLwc"}
[2021-10-05 17:24:37.971][14080][INFO] [CMD:1025]{"token":"i5iumbo944gmafhpu0d20ja6ee","acc":"Uq2gRpL8gLwc"}
[2021-10-05 17:24:37.985][14080][INFO] [CMD:1028]{"token":"i5iumbo944gmafhpu0d20ja6ee","acc":"Uq2gRpL8gLwc"}
[2021-10-05 17:24:43.402][14080][INFO] [CMD:1011]{"token":"i5iumbo944gmafhpu0d20ja6ee","acc":"Uq2gRpL8gLwc"}
[2021-10-05 17:24:43.408][14080][INFO] [CMD:1001]{"token":"i5iumbo944gmafhpu0d20ja6ee","acc":"Uq2gRpL8gLwc"}
[2021-10-05 17:24:43.418][14080][INFO] [CMD:1023]{"token":"i5iumbo944gmafhpu0d20ja6ee","acc":"Uq2gRpL8gLwc"}
[2021-10-05 17:24:48.324][14080][INFO] [CMD:1011]{"token":"i5iumbo944gmafhpu0d20ja6ee","acc":"Uq2gRpL8gLwc"}
[2021-10-05 17:25:36.982][14080][INFO] [CMD:101][ACC:Uq2gRpL8gLwc]
[2021-10-05 17:25:37.137][14080][INFO] [CMD:1025]{"token":"d1ceng0uduse1t9ecoeamr6cme","acc":"Uq2gRpL8gLwc"}
[2021-10-05 17:25:37.144][14080][INFO] [CMD:1021]{"token":"d1ceng0uduse1t9ecoeamr6cme","acc":"Uq2gRpL8gLwc"}
[2021-10-05 17:25:37.145][14080][INFO] [CMD:1028]{"token":"d1ceng0uduse1t9ecoeamr6cme","acc":"Uq2gRpL8gLwc"}
[2021-10-05 17:25:42.161][14080][INFO] [CMD:1011]{"token":"d1ceng0uduse1t9ecoeamr6cme","acc":"Uq2gRpL8gLwc"}
[2021-10-05 17:25:42.172][14080][INFO] [CMD:1001]{"token":"d1ceng0uduse1t9ecoeamr6cme","acc":"Uq2gRpL8gLwc"}
[2021-10-05 17:25:42.172][14080][INFO] [CMD:1023]{"token":"d1ceng0uduse1t9ecoeamr6cme","acc":"Uq2gRpL8gLwc"}
[2021-10-05 17:25:46.629][14080][INFO] [CMD:1011]{"token":"d1ceng0uduse1t9ecoeamr6cme","acc":"Uq2gRpL8gLwc"}
[2021-10-05 17:25:51.292][14080][INFO] [CMD:1016]{"token":"d1ceng0uduse1t9ecoeamr6cme","acc":"Uq2gRpL8gLwc","page":1,"nickName":"","sortType":2}
[2021-10-05 17:25:53.179][14080][INFO] [CMD:1018]{"token":"d1ceng0uduse1t9ecoeamr6cme","acc":"Uq2gRpL8gLwc","site":0,"isfree":1}
[2021-10-05 17:25:53.181][14080][INFO] [CMD:1018]{"token":"d1ceng0uduse1t9ecoeamr6cme","acc":"Uq2gRpL8gLwc","site":0,"isfree":1}
[2021-10-05 17:25:53.183][14080][INFO] [CMD:1018]{"token":"d1ceng0uduse1t9ecoeamr6cme","acc":"Uq2gRpL8gLwc","site":0,"isfree":1}
[2021-10-05 17:26:38.084][14080][INFO] [CMD:101][ACC:Uq2gRpL8gLwc]
[2021-10-05 17:26:38.253][14080][INFO] [CMD:1025]{"token":"c334trdks9lt8ipmvq0m2n1k9a","acc":"Uq2gRpL8gLwc"}
[2021-10-05 17:26:38.263][14080][INFO] [CMD:1021]{"token":"c334trdks9lt8ipmvq0m2n1k9a","acc":"Uq2gRpL8gLwc"}
[2021-10-05 17:26:38.266][14080][INFO] [CMD:1028]{"token":"c334trdks9lt8ipmvq0m2n1k9a","acc":"Uq2gRpL8gLwc"}
[2021-10-05 17:26:43.572][14080][INFO] [CMD:1011]{"token":"c334trdks9lt8ipmvq0m2n1k9a","acc":"Uq2gRpL8gLwc"}
[2021-10-05 17:26:43.578][14080][INFO] [CMD:1023]{"token":"c334trdks9lt8ipmvq0m2n1k9a","acc":"Uq2gRpL8gLwc"}
[2021-10-05 17:26:43.578][14080][INFO] [CMD:1001]{"token":"c334trdks9lt8ipmvq0m2n1k9a","acc":"Uq2gRpL8gLwc"}
[2021-10-05 17:26:47.634][14080][INFO] [CMD:1011]{"token":"c334trdks9lt8ipmvq0m2n1k9a","acc":"Uq2gRpL8gLwc"}
[2021-10-05 17:27:35.229][14080][INFO] [CMD:1016]{"token":"c334trdks9lt8ipmvq0m2n1k9a","acc":"Uq2gRpL8gLwc","page":1,"nickName":"","sortType":2}
[2021-10-05 17:28:00.927][14080][INFO] [CMD:1018]{"token":"c334trdks9lt8ipmvq0m2n1k9a","acc":"Uq2gRpL8gLwc","site":0,"isfree":1}
[2021-10-05 17:28:00.931][14080][INFO] [CMD:1018]{"token":"c334trdks9lt8ipmvq0m2n1k9a","acc":"Uq2gRpL8gLwc","site":0,"isfree":1}
[2021-10-05 17:28:00.941][14080][INFO] [CMD:1018]{"token":"c334trdks9lt8ipmvq0m2n1k9a","acc":"Uq2gRpL8gLwc","site":0,"isfree":1}
[2021-10-05 17:28:14.460][14080][INFO] [CMD:101][ACC:Uq2gRpL8gLwc]
[2021-10-05 17:28:14.706][14080][INFO] [CMD:1028]{"token":"3ul73fttd2dje7iuti90j5s3vm","acc":"Uq2gRpL8gLwc"}
[2021-10-05 17:28:14.711][14080][INFO] [CMD:1025]{"token":"3ul73fttd2dje7iuti90j5s3vm","acc":"Uq2gRpL8gLwc"}
[2021-10-05 17:28:14.729][14080][INFO] [CMD:1021]{"token":"3ul73fttd2dje7iuti90j5s3vm","acc":"Uq2gRpL8gLwc"}
[2021-10-05 17:28:23.581][14080][INFO] [CMD:1001]{"token":"3ul73fttd2dje7iuti90j5s3vm","acc":"Uq2gRpL8gLwc"}
[2021-10-05 17:28:23.582][14080][INFO] [CMD:1023]{"token":"3ul73fttd2dje7iuti90j5s3vm","acc":"Uq2gRpL8gLwc"}
[2021-10-05 17:28:23.609][14080][INFO] [CMD:1011]{"token":"3ul73fttd2dje7iuti90j5s3vm","acc":"Uq2gRpL8gLwc"}
[2021-10-05 17:28:27.680][14080][INFO] [CMD:1011]{"token":"3ul73fttd2dje7iuti90j5s3vm","acc":"Uq2gRpL8gLwc"}
[2021-10-05 17:28:37.299][14080][INFO] [CMD:1016]{"token":"3ul73fttd2dje7iuti90j5s3vm","acc":"Uq2gRpL8gLwc","page":1,"nickName":"","sortType":2}
[2021-10-05 17:29:34.695][14080][INFO] [CMD:101][ACC:Uq2gRpL8gLwc]
[2021-10-05 17:29:34.857][14080][INFO] [CMD:1028]{"token":"i94cmakstfiu9uf4ssmu7fpbvb","acc":"Uq2gRpL8gLwc"}
[2021-10-05 17:29:34.864][14080][INFO] [CMD:1025]{"token":"i94cmakstfiu9uf4ssmu7fpbvb","acc":"Uq2gRpL8gLwc"}
[2021-10-05 17:29:34.866][14080][INFO] [CMD:1021]{"token":"i94cmakstfiu9uf4ssmu7fpbvb","acc":"Uq2gRpL8gLwc"}
[2021-10-05 17:29:40.460][14080][INFO] [CMD:1011]{"token":"i94cmakstfiu9uf4ssmu7fpbvb","acc":"Uq2gRpL8gLwc"}
[2021-10-05 17:29:40.460][14080][INFO] [CMD:1023]{"token":"i94cmakstfiu9uf4ssmu7fpbvb","acc":"Uq2gRpL8gLwc"}
[2021-10-05 17:29:40.461][14080][INFO] [CMD:1001]{"token":"i94cmakstfiu9uf4ssmu7fpbvb","acc":"Uq2gRpL8gLwc"}
[2021-10-05 17:29:44.529][14080][INFO] [CMD:1011]{"token":"i94cmakstfiu9uf4ssmu7fpbvb","acc":"Uq2gRpL8gLwc"}
[2021-10-05 17:30:24.161][14080][INFO] [CMD:1016]{"token":"i94cmakstfiu9uf4ssmu7fpbvb","acc":"Uq2gRpL8gLwc","page":1,"nickName":"","sortType":2}
[2021-10-05 17:30:47.896][14080][INFO] [CMD:1018]{"token":"i94cmakstfiu9uf4ssmu7fpbvb","acc":"Uq2gRpL8gLwc","site":0,"isfree":1}
[2021-10-05 17:30:47.901][14080][INFO] [CMD:1018]{"token":"i94cmakstfiu9uf4ssmu7fpbvb","acc":"Uq2gRpL8gLwc","site":0,"isfree":1}
[2021-10-05 17:30:47.901][14080][INFO] [CMD:1018]{"token":"i94cmakstfiu9uf4ssmu7fpbvb","acc":"Uq2gRpL8gLwc","site":0,"isfree":1}
[2021-10-05 17:31:46.384][14080][INFO] [CMD:101][ACC:Uq2gRpL8gLwc]
[2021-10-05 17:31:46.544][14080][INFO] [CMD:1025]{"token":"6s23nsm52s1ualftqqp4lrft3o","acc":"Uq2gRpL8gLwc"}
[2021-10-05 17:31:46.557][14080][INFO] [CMD:1021]{"token":"6s23nsm52s1ualftqqp4lrft3o","acc":"Uq2gRpL8gLwc"}
[2021-10-05 17:31:46.563][14080][INFO] [CMD:1028]{"token":"6s23nsm52s1ualftqqp4lrft3o","acc":"Uq2gRpL8gLwc"}
[2021-10-05 17:31:51.660][14080][INFO] [CMD:1011]{"token":"6s23nsm52s1ualftqqp4lrft3o","acc":"Uq2gRpL8gLwc"}
[2021-10-05 17:31:51.668][14080][INFO] [CMD:1023]{"token":"6s23nsm52s1ualftqqp4lrft3o","acc":"Uq2gRpL8gLwc"}
[2021-10-05 17:31:51.671][14080][INFO] [CMD:1001]{"token":"6s23nsm52s1ualftqqp4lrft3o","acc":"Uq2gRpL8gLwc"}
[2021-10-05 17:31:55.773][14080][INFO] [CMD:1011]{"token":"6s23nsm52s1ualftqqp4lrft3o","acc":"Uq2gRpL8gLwc"}
[2021-10-05 17:31:59.524][14080][INFO] [CMD:1016]{"token":"6s23nsm52s1ualftqqp4lrft3o","acc":"Uq2gRpL8gLwc","page":1,"nickName":"","sortType":2}
[2021-10-05 17:32:35.225][14080][INFO] [CMD:101][ACC:Uq2gRpL8gLwc]
[2021-10-05 17:32:35.425][14080][INFO] [CMD:1021]{"token":"jihi7o5t6av4acn0ljdokkr6ig","acc":"Uq2gRpL8gLwc"}
[2021-10-05 17:32:35.429][14080][INFO] [CMD:1025]{"token":"jihi7o5t6av4acn0ljdokkr6ig","acc":"Uq2gRpL8gLwc"}
[2021-10-05 17:32:35.435][14080][INFO] [CMD:1028]{"token":"jihi7o5t6av4acn0ljdokkr6ig","acc":"Uq2gRpL8gLwc"}
[2021-10-05 17:32:42.348][14080][INFO] [CMD:1023]{"token":"jihi7o5t6av4acn0ljdokkr6ig","acc":"Uq2gRpL8gLwc"}
[2021-10-05 17:32:42.348][14080][INFO] [CMD:1001]{"token":"jihi7o5t6av4acn0ljdokkr6ig","acc":"Uq2gRpL8gLwc"}
[2021-10-05 17:32:42.356][14080][INFO] [CMD:1011]{"token":"jihi7o5t6av4acn0ljdokkr6ig","acc":"Uq2gRpL8gLwc"}
[2021-10-05 17:32:46.358][14080][INFO] [CMD:1011]{"token":"jihi7o5t6av4acn0ljdokkr6ig","acc":"Uq2gRpL8gLwc"}
[2021-10-05 17:32:50.712][14080][INFO] [CMD:1016]{"token":"jihi7o5t6av4acn0ljdokkr6ig","acc":"Uq2gRpL8gLwc","page":1,"nickName":"","sortType":2}
[2021-10-05 17:32:53.824][14080][INFO] [CMD:1018]{"token":"jihi7o5t6av4acn0ljdokkr6ig","acc":"Uq2gRpL8gLwc","site":0,"isfree":1}
[2021-10-05 17:32:53.829][14080][INFO] [CMD:1018]{"token":"jihi7o5t6av4acn0ljdokkr6ig","acc":"Uq2gRpL8gLwc","site":0,"isfree":1}
[2021-10-05 17:32:53.834][14080][INFO] [CMD:1018]{"token":"jihi7o5t6av4acn0ljdokkr6ig","acc":"Uq2gRpL8gLwc","site":0,"isfree":1}
[2021-10-05 17:33:14.107][14080][INFO] [CMD:101][ACC:Uq2gRpL8gLwc]
[2021-10-05 17:33:14.345][14080][INFO] [CMD:1021]{"token":"2t1p3f3f0kvsutgo6buesho308","acc":"Uq2gRpL8gLwc"}
[2021-10-05 17:33:14.346][14080][INFO] [CMD:1025]{"token":"2t1p3f3f0kvsutgo6buesho308","acc":"Uq2gRpL8gLwc"}
[2021-10-05 17:33:14.346][14080][INFO] [CMD:1028]{"token":"2t1p3f3f0kvsutgo6buesho308","acc":"Uq2gRpL8gLwc"}
[2021-10-05 17:33:39.032][14080][INFO] [CMD:101][ACC:Uq2gRpL8gLwc]
[2021-10-05 17:33:39.199][14080][INFO] [CMD:1028]{"token":"t03jc65hke88kf9k6lni4f2hto","acc":"Uq2gRpL8gLwc"}
[2021-10-05 17:33:39.200][14080][INFO] [CMD:1025]{"token":"t03jc65hke88kf9k6lni4f2hto","acc":"Uq2gRpL8gLwc"}
[2021-10-05 17:33:39.215][14080][INFO] [CMD:1021]{"token":"t03jc65hke88kf9k6lni4f2hto","acc":"Uq2gRpL8gLwc"}
[2021-10-05 17:33:44.774][14080][INFO] [CMD:1011]{"token":"t03jc65hke88kf9k6lni4f2hto","acc":"Uq2gRpL8gLwc"}
[2021-10-05 17:33:44.778][14080][INFO] [CMD:1001]{"token":"t03jc65hke88kf9k6lni4f2hto","acc":"Uq2gRpL8gLwc"}
[2021-10-05 17:33:44.778][14080][INFO] [CMD:1023]{"token":"t03jc65hke88kf9k6lni4f2hto","acc":"Uq2gRpL8gLwc"}
[2021-10-05 17:33:49.223][14080][INFO] [CMD:1011]{"token":"t03jc65hke88kf9k6lni4f2hto","acc":"Uq2gRpL8gLwc"}
[2021-10-05 17:33:52.880][14080][INFO] [CMD:1016]{"token":"t03jc65hke88kf9k6lni4f2hto","acc":"Uq2gRpL8gLwc","page":1,"nickName":"","sortType":2}
[2021-10-05 17:33:54.297][14080][INFO] [CMD:1018]{"token":"t03jc65hke88kf9k6lni4f2hto","acc":"Uq2gRpL8gLwc","site":0,"isfree":1}
[2021-10-05 17:33:54.305][14080][INFO] [CMD:1018]{"token":"t03jc65hke88kf9k6lni4f2hto","acc":"Uq2gRpL8gLwc","site":0,"isfree":1}
[2021-10-05 17:33:54.311][14080][INFO] [CMD:1018]{"token":"t03jc65hke88kf9k6lni4f2hto","acc":"Uq2gRpL8gLwc","site":0,"isfree":1}
[2021-10-05 17:42:42.835][14080][INFO] [CMD:101][ACC:Uq2gRpL8gLwc]
[2021-10-05 17:42:43.020][14080][INFO] [CMD:1028]{"token":"2416bo2ut2a4uhj57vmh0pqfkb","acc":"Uq2gRpL8gLwc"}
[2021-10-05 17:42:43.023][14080][INFO] [CMD:1025]{"token":"2416bo2ut2a4uhj57vmh0pqfkb","acc":"Uq2gRpL8gLwc"}
[2021-10-05 17:42:43.029][14080][INFO] [CMD:1021]{"token":"2416bo2ut2a4uhj57vmh0pqfkb","acc":"Uq2gRpL8gLwc"}
[2021-10-05 17:42:48.455][14080][INFO] [CMD:1011]{"token":"2416bo2ut2a4uhj57vmh0pqfkb","acc":"Uq2gRpL8gLwc"}
[2021-10-05 17:42:48.456][14080][INFO] [CMD:1023]{"token":"2416bo2ut2a4uhj57vmh0pqfkb","acc":"Uq2gRpL8gLwc"}
[2021-10-05 17:42:48.462][14080][INFO] [CMD:1001]{"token":"2416bo2ut2a4uhj57vmh0pqfkb","acc":"Uq2gRpL8gLwc"}
[2021-10-05 17:42:52.991][14080][INFO] [CMD:1011]{"token":"2416bo2ut2a4uhj57vmh0pqfkb","acc":"Uq2gRpL8gLwc"}
[2021-10-05 17:42:58.056][14080][INFO] [CMD:1016]{"token":"2416bo2ut2a4uhj57vmh0pqfkb","acc":"Uq2gRpL8gLwc","page":1,"nickName":"","sortType":2}
[2021-10-05 17:42:59.101][14080][INFO] [CMD:1018]{"token":"2416bo2ut2a4uhj57vmh0pqfkb","acc":"Uq2gRpL8gLwc","site":0,"isfree":1}
[2021-10-05 17:42:59.112][14080][INFO] [CMD:1018]{"token":"2416bo2ut2a4uhj57vmh0pqfkb","acc":"Uq2gRpL8gLwc","site":0,"isfree":1}
[2021-10-05 17:42:59.112][14080][INFO] [CMD:1018]{"token":"2416bo2ut2a4uhj57vmh0pqfkb","acc":"Uq2gRpL8gLwc","site":0,"isfree":1}
[2021-10-05 17:43:03.342][14080][INFO] [CMD:1029]{"token":"2416bo2ut2a4uhj57vmh0pqfkb","acc":"Uq2gRpL8gLwc","guidId":2}
[2021-10-05 17:44:15.988][14080][INFO] [CMD:101][ACC:Uq2gRpL8gLwc]
[2021-10-05 17:44:16.152][14080][INFO] [CMD:1021]{"token":"rda7qarsh7p9ju0or3vva3hd9g","acc":"Uq2gRpL8gLwc"}
[2021-10-05 17:44:16.157][14080][INFO] [CMD:1025]{"token":"rda7qarsh7p9ju0or3vva3hd9g","acc":"Uq2gRpL8gLwc"}
[2021-10-05 17:44:16.166][14080][INFO] [CMD:1028]{"token":"rda7qarsh7p9ju0or3vva3hd9g","acc":"Uq2gRpL8gLwc"}
[2021-10-05 17:44:21.237][14080][INFO] [CMD:1023]{"token":"rda7qarsh7p9ju0or3vva3hd9g","acc":"Uq2gRpL8gLwc"}
[2021-10-05 17:44:21.239][14080][INFO] [CMD:1001]{"token":"rda7qarsh7p9ju0or3vva3hd9g","acc":"Uq2gRpL8gLwc"}
[2021-10-05 17:44:21.242][14080][INFO] [CMD:1011]{"token":"rda7qarsh7p9ju0or3vva3hd9g","acc":"Uq2gRpL8gLwc"}
[2021-10-05 17:44:26.436][14080][INFO] [CMD:1011]{"token":"rda7qarsh7p9ju0or3vva3hd9g","acc":"Uq2gRpL8gLwc"}
[2021-10-05 17:44:30.473][14080][INFO] [CMD:1016]{"token":"rda7qarsh7p9ju0or3vva3hd9g","acc":"Uq2gRpL8gLwc","page":1,"nickName":"","sortType":2}
[2021-10-05 17:44:32.624][14080][INFO] [CMD:1018]{"token":"rda7qarsh7p9ju0or3vva3hd9g","acc":"Uq2gRpL8gLwc","site":0,"isfree":1}
[2021-10-05 17:44:32.626][14080][INFO] [CMD:1018]{"token":"rda7qarsh7p9ju0or3vva3hd9g","acc":"Uq2gRpL8gLwc","site":0,"isfree":1}
[2021-10-05 17:44:32.628][14080][INFO] [CMD:1018]{"token":"rda7qarsh7p9ju0or3vva3hd9g","acc":"Uq2gRpL8gLwc","site":0,"isfree":1}
[2021-10-05 17:44:48.543][14080][INFO] [CMD:1029]{"token":"rda7qarsh7p9ju0or3vva3hd9g","acc":"Uq2gRpL8gLwc","guidId":2}
[2021-10-05 17:49:12.121][14080][INFO] [CMD:101][ACC:Uq2gRpL8gLwc]
[2021-10-05 17:49:12.292][14080][INFO] [CMD:1025]{"token":"5i0rbp4aikmn4810aq4rj56paq","acc":"Uq2gRpL8gLwc"}
[2021-10-05 17:49:12.296][14080][INFO] [CMD:1021]{"token":"5i0rbp4aikmn4810aq4rj56paq","acc":"Uq2gRpL8gLwc"}
[2021-10-05 17:49:12.305][14080][INFO] [CMD:1028]{"token":"5i0rbp4aikmn4810aq4rj56paq","acc":"Uq2gRpL8gLwc"}
[2021-10-05 17:49:18.967][14080][INFO] [CMD:1023]{"token":"5i0rbp4aikmn4810aq4rj56paq","acc":"Uq2gRpL8gLwc"}
[2021-10-05 17:49:18.967][14080][INFO] [CMD:1001]{"token":"5i0rbp4aikmn4810aq4rj56paq","acc":"Uq2gRpL8gLwc"}
[2021-10-05 17:49:18.981][14080][INFO] [CMD:1011]{"token":"5i0rbp4aikmn4810aq4rj56paq","acc":"Uq2gRpL8gLwc"}
[2021-10-05 17:49:37.128][14080][INFO] [CMD:101][ACC:Uq2gRpL8gLwc]
[2021-10-05 17:49:37.274][14080][INFO] [CMD:1025]{"token":"2g2k04b9pmcteko46idp67ga4k","acc":"Uq2gRpL8gLwc"}
[2021-10-05 17:49:37.287][14080][INFO] [CMD:1021]{"token":"2g2k04b9pmcteko46idp67ga4k","acc":"Uq2gRpL8gLwc"}
[2021-10-05 17:49:37.291][14080][INFO] [CMD:1028]{"token":"2g2k04b9pmcteko46idp67ga4k","acc":"Uq2gRpL8gLwc"}
[2021-10-05 17:49:42.801][14080][INFO] [CMD:1023]{"token":"2g2k04b9pmcteko46idp67ga4k","acc":"Uq2gRpL8gLwc"}
[2021-10-05 17:49:42.810][14080][INFO] [CMD:1011]{"token":"2g2k04b9pmcteko46idp67ga4k","acc":"Uq2gRpL8gLwc"}
[2021-10-05 17:49:42.817][14080][INFO] [CMD:1001]{"token":"2g2k04b9pmcteko46idp67ga4k","acc":"Uq2gRpL8gLwc"}
[2021-10-05 17:49:47.120][14080][INFO] [CMD:1011]{"token":"2g2k04b9pmcteko46idp67ga4k","acc":"Uq2gRpL8gLwc"}
[2021-10-05 17:49:50.823][14080][INFO] [CMD:1016]{"token":"2g2k04b9pmcteko46idp67ga4k","acc":"Uq2gRpL8gLwc","page":1,"nickName":"","sortType":2}
[2021-10-05 17:49:58.856][14080][INFO] [CMD:1018]{"token":"2g2k04b9pmcteko46idp67ga4k","acc":"Uq2gRpL8gLwc","site":0,"isfree":1}
[2021-10-05 17:49:58.865][14080][INFO] [CMD:1018]{"token":"2g2k04b9pmcteko46idp67ga4k","acc":"Uq2gRpL8gLwc","site":0,"isfree":1}
[2021-10-05 17:49:58.865][14080][INFO] [CMD:1018]{"token":"2g2k04b9pmcteko46idp67ga4k","acc":"Uq2gRpL8gLwc","site":0,"isfree":1}
[2021-10-05 17:52:04.109][14080][INFO] [CMD:101][ACC:Uq2gRpL8gLwc]
[2021-10-05 17:52:04.256][14080][INFO] [CMD:1025]{"token":"adl2vqbqss24fvi8r970pj4vjq","acc":"Uq2gRpL8gLwc"}
[2021-10-05 17:52:04.262][14080][INFO] [CMD:1028]{"token":"adl2vqbqss24fvi8r970pj4vjq","acc":"Uq2gRpL8gLwc"}
[2021-10-05 17:52:04.265][14080][INFO] [CMD:1021]{"token":"adl2vqbqss24fvi8r970pj4vjq","acc":"Uq2gRpL8gLwc"}
[2021-10-05 17:52:09.659][14080][INFO] [CMD:1011]{"token":"adl2vqbqss24fvi8r970pj4vjq","acc":"Uq2gRpL8gLwc"}
[2021-10-05 17:52:09.671][14080][INFO] [CMD:1023]{"token":"adl2vqbqss24fvi8r970pj4vjq","acc":"Uq2gRpL8gLwc"}
[2021-10-05 17:52:09.674][14080][INFO] [CMD:1001]{"token":"adl2vqbqss24fvi8r970pj4vjq","acc":"Uq2gRpL8gLwc"}
[2021-10-05 17:52:13.622][14080][INFO] [CMD:1011]{"token":"adl2vqbqss24fvi8r970pj4vjq","acc":"Uq2gRpL8gLwc"}
[2021-10-05 17:52:17.950][14080][INFO] [CMD:1016]{"token":"adl2vqbqss24fvi8r970pj4vjq","acc":"Uq2gRpL8gLwc","page":1,"nickName":"","sortType":2}
[2021-10-05 17:52:19.366][14080][INFO] [CMD:1018]{"token":"adl2vqbqss24fvi8r970pj4vjq","acc":"Uq2gRpL8gLwc","site":0,"isfree":1}
[2021-10-05 17:52:19.380][14080][INFO] [CMD:1018]{"token":"adl2vqbqss24fvi8r970pj4vjq","acc":"Uq2gRpL8gLwc","site":0,"isfree":1}
[2021-10-05 17:52:19.388][14080][INFO] [CMD:1018]{"token":"adl2vqbqss24fvi8r970pj4vjq","acc":"Uq2gRpL8gLwc","site":0,"isfree":1}
[2021-10-05 17:52:37.300][14080][INFO] [CMD:1029]{"token":"adl2vqbqss24fvi8r970pj4vjq","acc":"Uq2gRpL8gLwc","guidId":2}
[2021-10-05 17:52:40.990][14080][INFO] [CMD:1001]{"token":"adl2vqbqss24fvi8r970pj4vjq","acc":"Uq2gRpL8gLwc"}
[2021-10-05 17:52:41.018][14080][INFO] [CMD:1011]{"token":"adl2vqbqss24fvi8r970pj4vjq","acc":"Uq2gRpL8gLwc"}
[2021-10-05 17:52:54.738][14080][INFO] [CMD:101][ACC:Uq2gRpL8gLwc]
[2021-10-05 17:52:54.893][14080][INFO] [CMD:1028]{"token":"lbq20ih128v5n74tbu6ovbjgk5","acc":"Uq2gRpL8gLwc"}
[2021-10-05 17:52:54.917][14080][INFO] [CMD:1025]{"token":"lbq20ih128v5n74tbu6ovbjgk5","acc":"Uq2gRpL8gLwc"}
[2021-10-05 17:52:54.929][14080][INFO] [CMD:1021]{"token":"lbq20ih128v5n74tbu6ovbjgk5","acc":"Uq2gRpL8gLwc"}
[2021-10-05 17:53:00.022][14080][INFO] [CMD:1023]{"token":"lbq20ih128v5n74tbu6ovbjgk5","acc":"Uq2gRpL8gLwc"}
[2021-10-05 17:53:00.029][14080][INFO] [CMD:1001]{"token":"lbq20ih128v5n74tbu6ovbjgk5","acc":"Uq2gRpL8gLwc"}
[2021-10-05 17:53:00.047][14080][INFO] [CMD:1011]{"token":"lbq20ih128v5n74tbu6ovbjgk5","acc":"Uq2gRpL8gLwc"}
[2021-10-05 17:53:18.067][14080][INFO] [CMD:101][ACC:Uq2gRpL8gLwc]
[2021-10-05 17:53:18.213][14080][INFO] [CMD:1025]{"token":"34am8n4bj6n442tljk7m2dea4j","acc":"Uq2gRpL8gLwc"}
[2021-10-05 17:53:18.233][14080][INFO] [CMD:1028]{"token":"34am8n4bj6n442tljk7m2dea4j","acc":"Uq2gRpL8gLwc"}
[2021-10-05 17:53:18.243][14080][INFO] [CMD:1021]{"token":"34am8n4bj6n442tljk7m2dea4j","acc":"Uq2gRpL8gLwc"}
[2021-10-05 17:53:23.817][14080][INFO] [CMD:1001]{"token":"34am8n4bj6n442tljk7m2dea4j","acc":"Uq2gRpL8gLwc"}
[2021-10-05 17:53:23.818][14080][INFO] [CMD:1023]{"token":"34am8n4bj6n442tljk7m2dea4j","acc":"Uq2gRpL8gLwc"}
[2021-10-05 17:53:23.826][14080][INFO] [CMD:1011]{"token":"34am8n4bj6n442tljk7m2dea4j","acc":"Uq2gRpL8gLwc"}
[2021-10-05 17:53:28.978][14080][INFO] [CMD:1011]{"token":"34am8n4bj6n442tljk7m2dea4j","acc":"Uq2gRpL8gLwc"}
[2021-10-05 17:53:50.242][14080][INFO] [CMD:1016]{"token":"34am8n4bj6n442tljk7m2dea4j","acc":"Uq2gRpL8gLwc","page":1,"nickName":"","sortType":2}
[2021-10-05 17:53:52.339][14080][INFO] [CMD:1018]{"token":"34am8n4bj6n442tljk7m2dea4j","acc":"Uq2gRpL8gLwc","site":0,"isfree":1}
[2021-10-05 17:53:52.339][14080][INFO] [CMD:1018]{"token":"34am8n4bj6n442tljk7m2dea4j","acc":"Uq2gRpL8gLwc","site":0,"isfree":1}
[2021-10-05 17:53:52.348][14080][INFO] [CMD:1018]{"token":"34am8n4bj6n442tljk7m2dea4j","acc":"Uq2gRpL8gLwc","site":0,"isfree":1}
[2021-10-05 17:55:32.575][14080][INFO] [CMD:101][ACC:Uq2gRpL8gLwc]
[2021-10-05 17:55:32.777][14080][INFO] [CMD:1025]{"token":"660cupmn3shv3ed4et02sa9mv3","acc":"Uq2gRpL8gLwc"}
[2021-10-05 17:55:32.783][14080][INFO] [CMD:1021]{"token":"660cupmn3shv3ed4et02sa9mv3","acc":"Uq2gRpL8gLwc"}
[2021-10-05 17:55:32.784][14080][INFO] [CMD:1028]{"token":"660cupmn3shv3ed4et02sa9mv3","acc":"Uq2gRpL8gLwc"}
[2021-10-05 17:55:38.128][14080][INFO] [CMD:1001]{"token":"660cupmn3shv3ed4et02sa9mv3","acc":"Uq2gRpL8gLwc"}
[2021-10-05 17:55:38.132][14080][INFO] [CMD:1023]{"token":"660cupmn3shv3ed4et02sa9mv3","acc":"Uq2gRpL8gLwc"}
[2021-10-05 17:55:38.133][14080][INFO] [CMD:1011]{"token":"660cupmn3shv3ed4et02sa9mv3","acc":"Uq2gRpL8gLwc"}
[2021-10-05 17:55:42.430][14080][INFO] [CMD:1011]{"token":"660cupmn3shv3ed4et02sa9mv3","acc":"Uq2gRpL8gLwc"}
[2021-10-05 17:55:46.396][14080][INFO] [CMD:1016]{"token":"660cupmn3shv3ed4et02sa9mv3","acc":"Uq2gRpL8gLwc","page":1,"nickName":"","sortType":2}
[2021-10-05 17:55:47.885][14080][INFO] [CMD:1018]{"token":"660cupmn3shv3ed4et02sa9mv3","acc":"Uq2gRpL8gLwc","site":0,"isfree":1}
[2021-10-05 17:55:47.890][14080][INFO] [CMD:1018]{"token":"660cupmn3shv3ed4et02sa9mv3","acc":"Uq2gRpL8gLwc","site":0,"isfree":1}
[2021-10-05 17:55:47.899][14080][INFO] [CMD:1018]{"token":"660cupmn3shv3ed4et02sa9mv3","acc":"Uq2gRpL8gLwc","site":0,"isfree":1}
[2021-10-05 17:55:56.741][14080][INFO] [CMD:1029]{"token":"660cupmn3shv3ed4et02sa9mv3","acc":"Uq2gRpL8gLwc","guidId":2}
[2021-10-05 17:56:01.928][14080][INFO] [CMD:1001]{"token":"660cupmn3shv3ed4et02sa9mv3","acc":"Uq2gRpL8gLwc"}
[2021-10-05 17:56:01.941][14080][INFO] [CMD:1011]{"token":"660cupmn3shv3ed4et02sa9mv3","acc":"Uq2gRpL8gLwc"}
[2021-10-05 17:56:27.618][14080][INFO] [CMD:101][ACC:Uq2gRpL8gLwc]
[2021-10-05 17:56:27.776][14080][INFO] [CMD:1021]{"token":"vjvkh6ji76vka130hf192vb20u","acc":"Uq2gRpL8gLwc"}
[2021-10-05 17:56:27.782][14080][INFO] [CMD:1025]{"token":"vjvkh6ji76vka130hf192vb20u","acc":"Uq2gRpL8gLwc"}
[2021-10-05 17:56:27.801][14080][INFO] [CMD:1028]{"token":"vjvkh6ji76vka130hf192vb20u","acc":"Uq2gRpL8gLwc"}
[2021-10-05 17:58:26.948][14080][INFO] [CMD:1001]{"token":"vjvkh6ji76vka130hf192vb20u","acc":"Uq2gRpL8gLwc"}
[2021-10-05 17:58:26.948][14080][INFO] [CMD:1023]{"token":"vjvkh6ji76vka130hf192vb20u","acc":"Uq2gRpL8gLwc"}
[2021-10-05 17:58:26.949][14080][INFO] [CMD:1011]{"token":"vjvkh6ji76vka130hf192vb20u","acc":"Uq2gRpL8gLwc"}
[2021-10-05 18:00:00.489][14080][INFO] [CMD:101][ACC:Uq2gRpL8gLwc]
[2021-10-05 18:00:00.940][14080][INFO] [CMD:1025]{"token":"7k7b4q6e04b0d6q4n8e6tmt3kv","acc":"Uq2gRpL8gLwc"}
[2021-10-05 18:00:00.945][14080][INFO] [CMD:1021]{"token":"7k7b4q6e04b0d6q4n8e6tmt3kv","acc":"Uq2gRpL8gLwc"}
[2021-10-05 18:00:00.948][14080][INFO] [CMD:1028]{"token":"7k7b4q6e04b0d6q4n8e6tmt3kv","acc":"Uq2gRpL8gLwc"}
[2021-10-05 18:00:06.073][14080][INFO] [CMD:1001]{"token":"7k7b4q6e04b0d6q4n8e6tmt3kv","acc":"Uq2gRpL8gLwc"}
[2021-10-05 18:00:06.085][14080][INFO] [CMD:1011]{"token":"7k7b4q6e04b0d6q4n8e6tmt3kv","acc":"Uq2gRpL8gLwc"}
[2021-10-05 18:00:06.087][14080][INFO] [CMD:1023]{"token":"7k7b4q6e04b0d6q4n8e6tmt3kv","acc":"Uq2gRpL8gLwc"}
[2021-10-05 18:01:08.512][14080][INFO] [CMD:101][ACC:Uq2gRpL8gLwc]
[2021-10-05 18:01:08.655][14080][INFO] [CMD:1025]{"token":"jqqrjjra3qducvm9jq5fhsa7e7","acc":"Uq2gRpL8gLwc"}
[2021-10-05 18:01:08.674][14080][INFO] [CMD:1021]{"token":"jqqrjjra3qducvm9jq5fhsa7e7","acc":"Uq2gRpL8gLwc"}
[2021-10-05 18:01:08.676][14080][INFO] [CMD:1028]{"token":"jqqrjjra3qducvm9jq5fhsa7e7","acc":"Uq2gRpL8gLwc"}
[2021-10-05 18:01:14.038][14080][INFO] [CMD:1023]{"token":"jqqrjjra3qducvm9jq5fhsa7e7","acc":"Uq2gRpL8gLwc"}
[2021-10-05 18:01:14.050][14080][INFO] [CMD:1001]{"token":"jqqrjjra3qducvm9jq5fhsa7e7","acc":"Uq2gRpL8gLwc"}
[2021-10-05 18:01:14.050][14080][INFO] [CMD:1011]{"token":"jqqrjjra3qducvm9jq5fhsa7e7","acc":"Uq2gRpL8gLwc"}
[2021-10-05 18:01:32.074][14080][INFO] [CMD:1016]{"token":"jqqrjjra3qducvm9jq5fhsa7e7","acc":"Uq2gRpL8gLwc","page":1,"nickName":"","sortType":2}
[2021-10-05 18:03:52.720][14080][INFO] [CMD:101][ACC:Uq2gRpL8gLwc]
[2021-10-05 18:03:52.849][14080][INFO] [CMD:1025]{"token":"0gscv34f9pcb6cj0vtgg0oj60i","acc":"Uq2gRpL8gLwc"}
[2021-10-05 18:03:52.860][14080][INFO] [CMD:1028]{"token":"0gscv34f9pcb6cj0vtgg0oj60i","acc":"Uq2gRpL8gLwc"}
[2021-10-05 18:03:52.868][14080][INFO] [CMD:1021]{"token":"0gscv34f9pcb6cj0vtgg0oj60i","acc":"Uq2gRpL8gLwc"}
[2021-10-05 18:03:58.276][14080][INFO] [CMD:1011]{"token":"0gscv34f9pcb6cj0vtgg0oj60i","acc":"Uq2gRpL8gLwc"}
[2021-10-05 18:03:58.276][14080][INFO] [CMD:1023]{"token":"0gscv34f9pcb6cj0vtgg0oj60i","acc":"Uq2gRpL8gLwc"}
[2021-10-05 18:03:58.288][14080][INFO] [CMD:1001]{"token":"0gscv34f9pcb6cj0vtgg0oj60i","acc":"Uq2gRpL8gLwc"}
[2021-10-05 18:04:16.437][14080][INFO] [CMD:101][ACC:Uq2gRpL8gLwc]
[2021-10-05 18:04:16.583][14080][INFO] [CMD:1025]{"token":"9bmojmmkqdtrhos52qib9oc28t","acc":"Uq2gRpL8gLwc"}
[2021-10-05 18:04:16.599][14080][INFO] [CMD:1021]{"token":"9bmojmmkqdtrhos52qib9oc28t","acc":"Uq2gRpL8gLwc"}
[2021-10-05 18:04:16.610][14080][INFO] [CMD:1028]{"token":"9bmojmmkqdtrhos52qib9oc28t","acc":"Uq2gRpL8gLwc"}
[2021-10-05 18:04:21.730][14080][INFO] [CMD:1001]{"token":"9bmojmmkqdtrhos52qib9oc28t","acc":"Uq2gRpL8gLwc"}
[2021-10-05 18:04:21.735][14080][INFO] [CMD:1023]{"token":"9bmojmmkqdtrhos52qib9oc28t","acc":"Uq2gRpL8gLwc"}
[2021-10-05 18:04:21.737][14080][INFO] [CMD:1011]{"token":"9bmojmmkqdtrhos52qib9oc28t","acc":"Uq2gRpL8gLwc"}
[2021-10-05 18:04:25.926][14080][INFO] [CMD:1011]{"token":"9bmojmmkqdtrhos52qib9oc28t","acc":"Uq2gRpL8gLwc"}
[2021-10-05 18:04:29.725][14080][INFO] [CMD:1016]{"token":"9bmojmmkqdtrhos52qib9oc28t","acc":"Uq2gRpL8gLwc","page":1,"nickName":"","sortType":2}
[2021-10-05 18:04:31.079][14080][INFO] [CMD:1018]{"token":"9bmojmmkqdtrhos52qib9oc28t","acc":"Uq2gRpL8gLwc","site":0,"isfree":1}
[2021-10-05 18:04:31.084][14080][INFO] [CMD:1018]{"token":"9bmojmmkqdtrhos52qib9oc28t","acc":"Uq2gRpL8gLwc","site":0,"isfree":1}
[2021-10-05 18:04:31.092][14080][INFO] [CMD:1018]{"token":"9bmojmmkqdtrhos52qib9oc28t","acc":"Uq2gRpL8gLwc","site":0,"isfree":1}
[2021-10-05 18:04:37.799][14080][INFO] [CMD:1016]{"token":"9bmojmmkqdtrhos52qib9oc28t","acc":"Uq2gRpL8gLwc","page":1,"nickName":"","sortType":2}
[2021-10-05 18:04:40.910][14080][INFO] [CMD:1029]{"token":"9bmojmmkqdtrhos52qib9oc28t","acc":"Uq2gRpL8gLwc","guidId":2}
[2021-10-05 18:05:36.174][14080][INFO] [CMD:101][ACC:Uq2gRpL8gLwc]
[2021-10-05 18:05:36.323][14080][INFO] [CMD:1025]{"token":"1jhhag064kgkkulf3jeh20s4ir","acc":"Uq2gRpL8gLwc"}
[2021-10-05 18:05:36.337][14080][INFO] [CMD:1021]{"token":"1jhhag064kgkkulf3jeh20s4ir","acc":"Uq2gRpL8gLwc"}
[2021-10-05 18:05:36.338][14080][INFO] [CMD:1028]{"token":"1jhhag064kgkkulf3jeh20s4ir","acc":"Uq2gRpL8gLwc"}
[2021-10-05 18:05:41.538][14080][INFO] [CMD:1011]{"token":"1jhhag064kgkkulf3jeh20s4ir","acc":"Uq2gRpL8gLwc"}
[2021-10-05 18:05:41.539][14080][INFO] [CMD:1023]{"token":"1jhhag064kgkkulf3jeh20s4ir","acc":"Uq2gRpL8gLwc"}
[2021-10-05 18:05:41.548][14080][INFO] [CMD:1001]{"token":"1jhhag064kgkkulf3jeh20s4ir","acc":"Uq2gRpL8gLwc"}
[2021-10-05 18:05:45.702][14080][INFO] [CMD:1011]{"token":"1jhhag064kgkkulf3jeh20s4ir","acc":"Uq2gRpL8gLwc"}
[2021-10-05 18:05:49.275][14080][INFO] [CMD:1016]{"token":"1jhhag064kgkkulf3jeh20s4ir","acc":"Uq2gRpL8gLwc","page":1,"nickName":"","sortType":2}
[2021-10-05 18:05:50.748][14080][INFO] [CMD:1018]{"token":"1jhhag064kgkkulf3jeh20s4ir","acc":"Uq2gRpL8gLwc","site":0,"isfree":1}
[2021-10-05 18:05:50.761][14080][INFO] [CMD:1018]{"token":"1jhhag064kgkkulf3jeh20s4ir","acc":"Uq2gRpL8gLwc","site":0,"isfree":1}
[2021-10-05 18:05:50.768][14080][INFO] [CMD:1018]{"token":"1jhhag064kgkkulf3jeh20s4ir","acc":"Uq2gRpL8gLwc","site":0,"isfree":1}
[2021-10-05 18:05:57.268][14080][INFO] [CMD:1016]{"token":"1jhhag064kgkkulf3jeh20s4ir","acc":"Uq2gRpL8gLwc","page":1,"nickName":"","sortType":2}
[2021-10-05 18:06:02.037][14080][INFO] [CMD:1029]{"token":"1jhhag064kgkkulf3jeh20s4ir","acc":"Uq2gRpL8gLwc","guidId":2}
[2021-10-05 18:06:05.714][14080][INFO] [CMD:1001]{"token":"1jhhag064kgkkulf3jeh20s4ir","acc":"Uq2gRpL8gLwc"}
[2021-10-05 18:06:05.732][14080][INFO] [CMD:1011]{"token":"1jhhag064kgkkulf3jeh20s4ir","acc":"Uq2gRpL8gLwc"}
[2021-10-05 18:06:39.017][14080][INFO] [CMD:101][ACC:Uq2gRpL8gLwc]
[2021-10-05 18:06:39.228][14080][INFO] [CMD:1025]{"token":"eqbek10pofu98irabsqt7tci73","acc":"Uq2gRpL8gLwc"}
[2021-10-05 18:06:39.245][14080][INFO] [CMD:1028]{"token":"eqbek10pofu98irabsqt7tci73","acc":"Uq2gRpL8gLwc"}
[2021-10-05 18:06:39.246][14080][INFO] [CMD:1021]{"token":"eqbek10pofu98irabsqt7tci73","acc":"Uq2gRpL8gLwc"}
[2021-10-05 18:06:50.771][14080][INFO] [CMD:101][ACC:Uq2gRpL8gLwc]
[2021-10-05 18:06:50.932][14080][INFO] [CMD:1025]{"token":"ubmjjjjk8oikpm25jcqq4b4m34","acc":"Uq2gRpL8gLwc"}
[2021-10-05 18:06:50.943][14080][INFO] [CMD:1028]{"token":"ubmjjjjk8oikpm25jcqq4b4m34","acc":"Uq2gRpL8gLwc"}
[2021-10-05 18:06:50.945][14080][INFO] [CMD:1021]{"token":"ubmjjjjk8oikpm25jcqq4b4m34","acc":"Uq2gRpL8gLwc"}
[2021-10-05 18:06:56.474][14080][INFO] [CMD:1023]{"token":"ubmjjjjk8oikpm25jcqq4b4m34","acc":"Uq2gRpL8gLwc"}
[2021-10-05 18:06:56.474][14080][INFO] [CMD:1011]{"token":"ubmjjjjk8oikpm25jcqq4b4m34","acc":"Uq2gRpL8gLwc"}
[2021-10-05 18:06:56.474][14080][INFO] [CMD:1001]{"token":"ubmjjjjk8oikpm25jcqq4b4m34","acc":"Uq2gRpL8gLwc"}
[2021-10-05 18:07:01.570][14080][INFO] [CMD:1011]{"token":"ubmjjjjk8oikpm25jcqq4b4m34","acc":"Uq2gRpL8gLwc"}
[2021-10-05 18:07:05.241][14080][INFO] [CMD:1016]{"token":"ubmjjjjk8oikpm25jcqq4b4m34","acc":"Uq2gRpL8gLwc","page":1,"nickName":"","sortType":2}
[2021-10-05 18:07:07.168][14080][INFO] [CMD:1018]{"token":"ubmjjjjk8oikpm25jcqq4b4m34","acc":"Uq2gRpL8gLwc","site":0,"isfree":1}
[2021-10-05 18:07:07.168][14080][INFO] [CMD:1018]{"token":"ubmjjjjk8oikpm25jcqq4b4m34","acc":"Uq2gRpL8gLwc","site":0,"isfree":1}
[2021-10-05 18:07:07.178][14080][INFO] [CMD:1018]{"token":"ubmjjjjk8oikpm25jcqq4b4m34","acc":"Uq2gRpL8gLwc","site":0,"isfree":1}
[2021-10-05 18:07:56.233][14080][INFO] [CMD:1016]{"token":"ubmjjjjk8oikpm25jcqq4b4m34","acc":"Uq2gRpL8gLwc","page":1,"nickName":"","sortType":2}
[2021-10-05 18:08:00.102][14080][INFO] [CMD:1029]{"token":"ubmjjjjk8oikpm25jcqq4b4m34","acc":"Uq2gRpL8gLwc","guidId":2}
[2021-10-05 18:08:05.312][14080][INFO] [CMD:1011]{"token":"ubmjjjjk8oikpm25jcqq4b4m34","acc":"Uq2gRpL8gLwc"}
[2021-10-05 18:08:05.320][14080][INFO] [CMD:1001]{"token":"ubmjjjjk8oikpm25jcqq4b4m34","acc":"Uq2gRpL8gLwc"}
[2021-10-05 18:08:13.389][14080][INFO] [CMD:1016]{"token":"ubmjjjjk8oikpm25jcqq4b4m34","acc":"Uq2gRpL8gLwc","page":1,"nickName":"","sortType":2}
[2021-10-05 18:08:15.118][14080][INFO] [CMD:1018]{"token":"ubmjjjjk8oikpm25jcqq4b4m34","acc":"Uq2gRpL8gLwc","site":0,"isfree":1}
[2021-10-05 18:08:15.118][14080][INFO] [CMD:1018]{"token":"ubmjjjjk8oikpm25jcqq4b4m34","acc":"Uq2gRpL8gLwc","site":0,"isfree":1}
[2021-10-05 18:08:15.124][14080][INFO] [CMD:1018]{"token":"ubmjjjjk8oikpm25jcqq4b4m34","acc":"Uq2gRpL8gLwc","site":0,"isfree":1}
[2021-10-05 18:08:21.557][14080][INFO] [CMD:1048]{"token":"ubmjjjjk8oikpm25jcqq4b4m34","acc":"Uq2gRpL8gLwc","guid":27}
[2021-10-05 18:08:29.439][14080][INFO] [CMD:1014]{"token":"ubmjjjjk8oikpm25jcqq4b4m34","acc":"Uq2gRpL8gLwc","nickName":"sdg","itemGuid":27,"site":1,"price":110,"texture":"Blueprint-Uq2gRpL8gLwc-20211005060829"}
[2021-10-05 18:08:29.525][14080][INFO] [CMD:1025]{"token":"ubmjjjjk8oikpm25jcqq4b4m34","acc":"Uq2gRpL8gLwc"}
[2021-10-05 18:08:41.008][14080][INFO] [CMD:1001]{"token":"ubmjjjjk8oikpm25jcqq4b4m34","acc":"Uq2gRpL8gLwc"}
[2021-10-05 18:08:41.010][14080][INFO] [CMD:1011]{"token":"ubmjjjjk8oikpm25jcqq4b4m34","acc":"Uq2gRpL8gLwc"}
