[2021-09-27 09:44:56.800][23336][INFO] [CMD:101][ACC:v6hrwzMYhvXU]
[2021-09-27 09:44:57.211][23336][INFO] [CMD:1025]{"token":"i3aup1u3ccgjeg66p74nc3o9h9","acc":"v6hrwzMYhvXU"}
[2021-09-27 09:44:57.223][23336][INFO] [CMD:1021]{"token":"i3aup1u3ccgjeg66p74nc3o9h9","acc":"v6hrwzMYhvXU"}
[2021-09-27 09:44:57.227][23336][INFO] [CMD:1028]{"token":"i3aup1u3ccgjeg66p74nc3o9h9","acc":"v6hrwzMYhvXU"}
[2021-09-27 09:45:03.384][23336][INFO] [CMD:1023]{"token":"i3aup1u3ccgjeg66p74nc3o9h9","acc":"v6hrwzMYhvXU"}
[2021-09-27 09:45:03.430][23336][INFO] [CMD:1011]{"token":"i3aup1u3ccgjeg66p74nc3o9h9","acc":"v6hrwzMYhvXU"}
[2021-09-27 09:45:03.433][23336][INFO] [CMD:1001]{"token":"i3aup1u3ccgjeg66p74nc3o9h9","acc":"v6hrwzMYhvXU"}
[2021-09-27 09:45:19.518][23336][INFO] [CMD:1011]{"token":"i3aup1u3ccgjeg66p74nc3o9h9","acc":"v6hrwzMYhvXU"}
[2021-09-27 09:45:19.519][23336][INFO] [CMD:1001]{"token":"i3aup1u3ccgjeg66p74nc3o9h9","acc":"v6hrwzMYhvXU"}
[2021-09-27 09:45:26.669][23336][INFO] [CMD:1019]{"token":"i3aup1u3ccgjeg66p74nc3o9h9","acc":"v6hrwzMYhvXU","page":1}
[2021-09-27 09:45:29.396][23336][INFO] [CMD:1020]{"token":"i3aup1u3ccgjeg66p74nc3o9h9","acc":"v6hrwzMYhvXU","guid":134}
[2021-09-27 09:45:29.408][23336][INFO] [CMD:1026]{"token":"i3aup1u3ccgjeg66p74nc3o9h9","acc":"v6hrwzMYhvXU","guid":134}
[2021-09-27 09:45:29.584][23336][INFO] [CMD:1001]{"token":"i3aup1u3ccgjeg66p74nc3o9h9","acc":"v6hrwzMYhvXU"}
[2021-09-27 09:45:30.534][23336][INFO] [CMD:1019]{"token":"i3aup1u3ccgjeg66p74nc3o9h9","acc":"v6hrwzMYhvXU","page":1}
[2021-09-27 09:45:43.152][23336][INFO] [CMD:1019]{"token":"i3aup1u3ccgjeg66p74nc3o9h9","acc":"v6hrwzMYhvXU","page":2}
[2021-09-27 09:45:44.572][23336][INFO] [CMD:1019]{"token":"i3aup1u3ccgjeg66p74nc3o9h9","acc":"v6hrwzMYhvXU","page":1}
[2021-09-27 09:46:59.458][23336][INFO] [CMD:1011]{"token":"i3aup1u3ccgjeg66p74nc3o9h9","acc":"v6hrwzMYhvXU"}
[2021-09-27 09:46:59.458][23336][INFO] [CMD:1001]{"token":"i3aup1u3ccgjeg66p74nc3o9h9","acc":"v6hrwzMYhvXU"}
[2021-09-27 09:47:01.508][23336][INFO] [CMD:1007]{"token":"i3aup1u3ccgjeg66p74nc3o9h9","acc":"v6hrwzMYhvXU","guid":2,"site":6}
[2021-09-27 09:47:05.944][23336][INFO] [CMD:1002]{"token":"i3aup1u3ccgjeg66p74nc3o9h9","acc":"v6hrwzMYhvXU","guid":2,"count":1}
[2021-09-27 09:47:05.944][23336][INFO] [CMD:1045]{"token":"i3aup1u3ccgjeg66p74nc3o9h9","acc":"v6hrwzMYhvXU","missionId":4,"missionType":1,"count":1}
[2021-09-27 09:47:08.345][23336][INFO] [CMD:1002]{"token":"i3aup1u3ccgjeg66p74nc3o9h9","acc":"v6hrwzMYhvXU","guid":2,"count":1}
[2021-09-27 09:47:08.350][23336][INFO] [CMD:1045]{"token":"i3aup1u3ccgjeg66p74nc3o9h9","acc":"v6hrwzMYhvXU","missionId":4,"missionType":1,"count":1}
[2021-09-27 09:47:09.717][23336][INFO] [CMD:1002]{"token":"i3aup1u3ccgjeg66p74nc3o9h9","acc":"v6hrwzMYhvXU","guid":2,"count":1}
[2021-09-27 09:47:09.727][23336][INFO] [CMD:1045]{"token":"i3aup1u3ccgjeg66p74nc3o9h9","acc":"v6hrwzMYhvXU","missionId":4,"missionType":1,"count":1}
[2021-09-27 09:48:22.713][23336][INFO] [CMD:101][ACC:v6hrwzMYhvXU]
[2021-09-27 09:48:22.837][23336][INFO] [CMD:1025]{"token":"nqu2g8otqesmdbfnuhpnv2fbj9","acc":"v6hrwzMYhvXU"}
[2021-09-27 09:48:22.853][23336][INFO] [CMD:1028]{"token":"nqu2g8otqesmdbfnuhpnv2fbj9","acc":"v6hrwzMYhvXU"}
[2021-09-27 09:48:22.861][23336][INFO] [CMD:1021]{"token":"nqu2g8otqesmdbfnuhpnv2fbj9","acc":"v6hrwzMYhvXU"}
[2021-09-27 09:48:28.115][23336][INFO] [CMD:1001]{"token":"nqu2g8otqesmdbfnuhpnv2fbj9","acc":"v6hrwzMYhvXU"}
[2021-09-27 09:48:28.115][23336][INFO] [CMD:1011]{"token":"nqu2g8otqesmdbfnuhpnv2fbj9","acc":"v6hrwzMYhvXU"}
[2021-09-27 09:48:28.131][23336][INFO] [CMD:1023]{"token":"nqu2g8otqesmdbfnuhpnv2fbj9","acc":"v6hrwzMYhvXU"}
[2021-09-27 10:21:33.112][23336][INFO] [CMD:101][ACC:p8qCgvHRwiWQ]
[2021-09-27 10:23:03.339][23336][INFO] [CMD:101][ACC:p8qCgvHRwiWQ]
[2021-09-27 10:23:50.358][23336][INFO] [CMD:101][ACC:v6hrwzMYhvXU]
[2021-09-27 10:23:50.499][23336][INFO] [CMD:1021]{"token":"e254qsjscnl3dvkkbtebnpbqua","acc":"v6hrwzMYhvXU"}
[2021-09-27 10:23:50.506][23336][INFO] [CMD:1025]{"token":"e254qsjscnl3dvkkbtebnpbqua","acc":"v6hrwzMYhvXU"}
[2021-09-27 10:23:50.534][23336][INFO] [CMD:1028]{"token":"e254qsjscnl3dvkkbtebnpbqua","acc":"v6hrwzMYhvXU"}
[2021-09-27 10:23:55.749][23336][INFO] [CMD:1011]{"token":"e254qsjscnl3dvkkbtebnpbqua","acc":"v6hrwzMYhvXU"}
[2021-09-27 10:23:55.767][23336][INFO] [CMD:1023]{"token":"e254qsjscnl3dvkkbtebnpbqua","acc":"v6hrwzMYhvXU"}
[2021-09-27 10:23:55.768][23336][INFO] [CMD:1001]{"token":"e254qsjscnl3dvkkbtebnpbqua","acc":"v6hrwzMYhvXU"}
[2021-09-27 10:26:17.781][23336][INFO] [CMD:101][ACC:v6hrwzMYhvXU]
[2021-09-27 10:26:17.995][23336][INFO] [CMD:1021]{"token":"a802dv5sgc5dffeategj6dgt4h","acc":"v6hrwzMYhvXU"}
[2021-09-27 10:26:18.010][23336][INFO] [CMD:1025]{"token":"a802dv5sgc5dffeategj6dgt4h","acc":"v6hrwzMYhvXU"}
[2021-09-27 10:26:18.026][23336][INFO] [CMD:1028]{"token":"a802dv5sgc5dffeategj6dgt4h","acc":"v6hrwzMYhvXU"}
[2021-09-27 10:26:23.036][23336][INFO] [CMD:1011]{"token":"a802dv5sgc5dffeategj6dgt4h","acc":"v6hrwzMYhvXU"}
[2021-09-27 10:26:23.037][23336][INFO] [CMD:1023]{"token":"a802dv5sgc5dffeategj6dgt4h","acc":"v6hrwzMYhvXU"}
[2021-09-27 10:26:23.038][23336][INFO] [CMD:1001]{"token":"a802dv5sgc5dffeategj6dgt4h","acc":"v6hrwzMYhvXU"}
[2021-09-27 10:27:17.686][23336][INFO] [CMD:1011]{"token":"a802dv5sgc5dffeategj6dgt4h","acc":"v6hrwzMYhvXU"}
[2021-09-27 10:27:17.686][23336][INFO] [CMD:1001]{"token":"a802dv5sgc5dffeategj6dgt4h","acc":"v6hrwzMYhvXU"}
[2021-09-27 10:27:22.467][23336][INFO] [CMD:1011]{"token":"a802dv5sgc5dffeategj6dgt4h","acc":"v6hrwzMYhvXU"}
[2021-09-27 10:27:22.468][23336][INFO] [CMD:1001]{"token":"a802dv5sgc5dffeategj6dgt4h","acc":"v6hrwzMYhvXU"}
[2021-09-27 10:27:26.830][23336][INFO] [CMD:1007]{"token":"a802dv5sgc5dffeategj6dgt4h","acc":"v6hrwzMYhvXU","guid":1,"site":0}
[2021-09-27 10:27:26.906][23336][INFO] [CMD:1007]{"token":"a802dv5sgc5dffeategj6dgt4h","acc":"v6hrwzMYhvXU","guid":40,"site":1}
[2021-09-27 10:38:24.355][23336][INFO] [CMD:101][ACC:v6hrwzMYhvXU]
[2021-09-27 10:38:24.519][23336][INFO] [CMD:1028]{"token":"827fujai98up676orb6viv5rfp","acc":"v6hrwzMYhvXU"}
[2021-09-27 10:38:24.519][23336][INFO] [CMD:1025]{"token":"827fujai98up676orb6viv5rfp","acc":"v6hrwzMYhvXU"}
[2021-09-27 10:38:24.520][23336][INFO] [CMD:1021]{"token":"827fujai98up676orb6viv5rfp","acc":"v6hrwzMYhvXU"}
[2021-09-27 10:38:29.553][23336][INFO] [CMD:1023]{"token":"827fujai98up676orb6viv5rfp","acc":"v6hrwzMYhvXU"}
[2021-09-27 10:38:29.555][23336][INFO] [CMD:1001]{"token":"827fujai98up676orb6viv5rfp","acc":"v6hrwzMYhvXU"}
[2021-09-27 10:38:29.555][23336][INFO] [CMD:1011]{"token":"827fujai98up676orb6viv5rfp","acc":"v6hrwzMYhvXU"}
[2021-09-27 10:38:42.154][23336][INFO] [CMD:1005]{"token":"827fujai98up676orb6viv5rfp","acc":"v6hrwzMYhvXU","itemId":3002,"count":1,"newName":"Gsge","rdata":"{\"sizeX\":7,\"sizeZ\":5,\"blocks\":[{\"id\":5000,\"posX\":-2,\"posY\":0,\"posZ\":-1,\"direction\":0},{\"id\":5001,\"posX\":1,\"posY\":0,\"posZ\":-1,\"direction\":0}],\"IsDuplicate\":false}","textureName":"v6hrwzMYhvXU_20213827_1009"}
[2021-09-27 10:38:42.223][23336][INFO] [CMD:1001]{"token":"827fujai98up676orb6viv5rfp","acc":"v6hrwzMYhvXU"}
[2021-09-27 10:38:42.292][23336][INFO] [CMD:1003]{"token":"827fujai98up676orb6viv5rfp","acc":"v6hrwzMYhvXU","itemId":3001,"count":1}
[2021-09-27 10:38:42.387][23336][INFO] [CMD:1001]{"token":"827fujai98up676orb6viv5rfp","acc":"v6hrwzMYhvXU"}
[2021-09-27 10:38:50.457][23336][INFO] [CMD:1011]{"token":"827fujai98up676orb6viv5rfp","acc":"v6hrwzMYhvXU"}
[2021-09-27 10:38:50.459][23336][INFO] [CMD:1001]{"token":"827fujai98up676orb6viv5rfp","acc":"v6hrwzMYhvXU"}
[2021-09-27 10:38:54.430][23336][INFO] [CMD:1001]{"token":"827fujai98up676orb6viv5rfp","acc":"v6hrwzMYhvXU"}
[2021-09-27 10:38:54.437][23336][INFO] [CMD:1011]{"token":"827fujai98up676orb6viv5rfp","acc":"v6hrwzMYhvXU"}
[2021-09-27 11:03:11.576][23336][INFO] [CMD:1001]{"token":"827fujai98up676orb6viv5rfp","acc":"v6hrwzMYhvXU"}
[2021-09-27 11:03:11.582][23336][INFO] [CMD:1011]{"token":"827fujai98up676orb6viv5rfp","acc":"v6hrwzMYhvXU"}
[2021-09-27 11:08:36.538][23336][INFO] [CMD:101][ACC:v6hrwzMYhvXU]
[2021-09-27 11:08:36.738][23336][INFO] [CMD:1025]{"token":"tl4s95n6hbshj6k9oaq48juhmq","acc":"v6hrwzMYhvXU"}
[2021-09-27 11:08:36.738][23336][INFO] [CMD:1021]{"token":"tl4s95n6hbshj6k9oaq48juhmq","acc":"v6hrwzMYhvXU"}
[2021-09-27 11:08:36.745][23336][INFO] [CMD:1028]{"token":"tl4s95n6hbshj6k9oaq48juhmq","acc":"v6hrwzMYhvXU"}
[2021-09-27 11:08:42.047][23336][INFO] [CMD:1011]{"token":"tl4s95n6hbshj6k9oaq48juhmq","acc":"v6hrwzMYhvXU"}
[2021-09-27 11:08:42.050][23336][INFO] [CMD:1001]{"token":"tl4s95n6hbshj6k9oaq48juhmq","acc":"v6hrwzMYhvXU"}
[2021-09-27 11:08:42.054][23336][INFO] [CMD:1023]{"token":"tl4s95n6hbshj6k9oaq48juhmq","acc":"v6hrwzMYhvXU"}
[2021-09-27 11:09:31.105][23336][INFO] [CMD:101][ACC:v6hrwzMYhvXU]
[2021-09-27 11:09:31.278][23336][INFO] [CMD:1021]{"token":"5k67tqfn6e274hllonj18p7j6m","acc":"v6hrwzMYhvXU"}
[2021-09-27 11:09:31.278][23336][INFO] [CMD:1028]{"token":"5k67tqfn6e274hllonj18p7j6m","acc":"v6hrwzMYhvXU"}
[2021-09-27 11:09:31.286][23336][INFO] [CMD:1025]{"token":"5k67tqfn6e274hllonj18p7j6m","acc":"v6hrwzMYhvXU"}
[2021-09-27 11:13:09.706][23336][INFO] [CMD:1023]{"token":"5k67tqfn6e274hllonj18p7j6m","acc":"v6hrwzMYhvXU"}
[2021-09-27 11:13:09.706][23336][INFO] [CMD:1011]{"token":"5k67tqfn6e274hllonj18p7j6m","acc":"v6hrwzMYhvXU"}
[2021-09-27 11:13:09.711][23336][INFO] [CMD:1001]{"token":"5k67tqfn6e274hllonj18p7j6m","acc":"v6hrwzMYhvXU"}
[2021-09-27 11:13:37.569][23336][INFO] [CMD:1005]{"token":"5k67tqfn6e274hllonj18p7j6m","acc":"v6hrwzMYhvXU","itemId":3002,"count":1,"newName":"Ggg","rdata":"{\"sizeX\":7,\"sizeZ\":5,\"blocks\":[{\"id\":5000,\"posX\":-2,\"posY\":0,\"posZ\":-1,\"direction\":0},{\"id\":5001,\"posX\":1,\"posY\":0,\"posZ\":-1,\"direction\":0}],\"IsDuplicate\":false}","textureName":"v6hrwzMYhvXU_20210927111337"}
[2021-09-27 11:13:38.136][23336][INFO] [CMD:1001]{"token":"5k67tqfn6e274hllonj18p7j6m","acc":"v6hrwzMYhvXU"}
[2021-09-27 11:13:38.267][23336][INFO] [CMD:1003]{"token":"5k67tqfn6e274hllonj18p7j6m","acc":"v6hrwzMYhvXU","itemId":3001,"count":1}
[2021-09-27 11:13:38.844][23336][INFO] [CMD:1001]{"token":"5k67tqfn6e274hllonj18p7j6m","acc":"v6hrwzMYhvXU"}
[2021-09-27 11:13:52.533][23336][INFO] [CMD:1011]{"token":"5k67tqfn6e274hllonj18p7j6m","acc":"v6hrwzMYhvXU"}
[2021-09-27 11:13:52.534][23336][INFO] [CMD:1001]{"token":"5k67tqfn6e274hllonj18p7j6m","acc":"v6hrwzMYhvXU"}
[2021-09-27 11:21:30.683][23336][INFO] [CMD:101][ACC:v6hrwzMYhvXU]
[2021-09-27 11:21:30.849][23336][INFO] [CMD:1021]{"token":"uoc4bgjq6v4sm51vgo1apf90sv","acc":"v6hrwzMYhvXU"}
[2021-09-27 11:21:30.879][23336][INFO] [CMD:1025]{"token":"uoc4bgjq6v4sm51vgo1apf90sv","acc":"v6hrwzMYhvXU"}
[2021-09-27 11:21:30.879][23336][INFO] [CMD:1028]{"token":"uoc4bgjq6v4sm51vgo1apf90sv","acc":"v6hrwzMYhvXU"}
[2021-09-27 11:21:35.904][23336][INFO] [CMD:1011]{"token":"uoc4bgjq6v4sm51vgo1apf90sv","acc":"v6hrwzMYhvXU"}
[2021-09-27 11:21:35.907][23336][INFO] [CMD:1023]{"token":"uoc4bgjq6v4sm51vgo1apf90sv","acc":"v6hrwzMYhvXU"}
[2021-09-27 11:21:35.919][23336][INFO] [CMD:1001]{"token":"uoc4bgjq6v4sm51vgo1apf90sv","acc":"v6hrwzMYhvXU"}
[2021-09-27 11:21:41.023][23336][INFO] [CMD:1001]{"token":"uoc4bgjq6v4sm51vgo1apf90sv","acc":"v6hrwzMYhvXU"}
[2021-09-27 11:21:41.024][23336][INFO] [CMD:1011]{"token":"uoc4bgjq6v4sm51vgo1apf90sv","acc":"v6hrwzMYhvXU"}
[2021-09-27 11:23:33.938][23336][INFO] [CMD:101][ACC:v6hrwzMYhvXU]
[2021-09-27 11:23:34.097][23336][INFO] [CMD:1025]{"token":"u1deau32u0405q560m7gdkoorv","acc":"v6hrwzMYhvXU"}
[2021-09-27 11:23:34.126][23336][INFO] [CMD:1021]{"token":"u1deau32u0405q560m7gdkoorv","acc":"v6hrwzMYhvXU"}
[2021-09-27 11:23:34.145][23336][INFO] [CMD:1028]{"token":"u1deau32u0405q560m7gdkoorv","acc":"v6hrwzMYhvXU"}
[2021-09-27 11:23:39.251][23336][INFO] [CMD:1023]{"token":"u1deau32u0405q560m7gdkoorv","acc":"v6hrwzMYhvXU"}
[2021-09-27 11:23:39.252][23336][INFO] [CMD:1001]{"token":"u1deau32u0405q560m7gdkoorv","acc":"v6hrwzMYhvXU"}
[2021-09-27 11:23:39.254][23336][INFO] [CMD:1011]{"token":"u1deau32u0405q560m7gdkoorv","acc":"v6hrwzMYhvXU"}
[2021-09-27 11:23:41.352][23336][INFO] [CMD:1001]{"token":"u1deau32u0405q560m7gdkoorv","acc":"v6hrwzMYhvXU"}
[2021-09-27 11:23:41.376][23336][INFO] [CMD:1011]{"token":"u1deau32u0405q560m7gdkoorv","acc":"v6hrwzMYhvXU"}
[2021-09-27 11:25:12.632][23336][INFO] [CMD:1001]{"token":"u1deau32u0405q560m7gdkoorv","acc":"v6hrwzMYhvXU"}
[2021-09-27 11:25:12.636][23336][INFO] [CMD:1011]{"token":"u1deau32u0405q560m7gdkoorv","acc":"v6hrwzMYhvXU"}
[2021-09-27 11:25:16.466][23336][INFO] [CMD:1001]{"token":"u1deau32u0405q560m7gdkoorv","acc":"v6hrwzMYhvXU"}
[2021-09-27 11:25:16.488][23336][INFO] [CMD:1011]{"token":"u1deau32u0405q560m7gdkoorv","acc":"v6hrwzMYhvXU"}
[2021-09-27 11:25:20.302][23336][INFO] [CMD:1011]{"token":"u1deau32u0405q560m7gdkoorv","acc":"v6hrwzMYhvXU"}
[2021-09-27 11:25:20.311][23336][INFO] [CMD:1001]{"token":"u1deau32u0405q560m7gdkoorv","acc":"v6hrwzMYhvXU"}
[2021-09-27 11:25:38.792][23336][INFO] [CMD:101][ACC:v6hrwzMYhvXU]
[2021-09-27 11:25:38.990][23336][INFO] [CMD:1025]{"token":"2kqppq2mpj6uj8s7ttm22m8vcj","acc":"v6hrwzMYhvXU"}
[2021-09-27 11:25:38.990][23336][INFO] [CMD:1021]{"token":"2kqppq2mpj6uj8s7ttm22m8vcj","acc":"v6hrwzMYhvXU"}
[2021-09-27 11:25:39.010][23336][INFO] [CMD:1028]{"token":"2kqppq2mpj6uj8s7ttm22m8vcj","acc":"v6hrwzMYhvXU"}
[2021-09-27 11:25:44.127][23336][INFO] [CMD:1023]{"token":"2kqppq2mpj6uj8s7ttm22m8vcj","acc":"v6hrwzMYhvXU"}
[2021-09-27 11:25:44.127][23336][INFO] [CMD:1001]{"token":"2kqppq2mpj6uj8s7ttm22m8vcj","acc":"v6hrwzMYhvXU"}
[2021-09-27 11:25:44.128][23336][INFO] [CMD:1011]{"token":"2kqppq2mpj6uj8s7ttm22m8vcj","acc":"v6hrwzMYhvXU"}
[2021-09-27 11:25:46.542][23336][INFO] [CMD:1001]{"token":"2kqppq2mpj6uj8s7ttm22m8vcj","acc":"v6hrwzMYhvXU"}
[2021-09-27 11:25:46.569][23336][INFO] [CMD:1011]{"token":"2kqppq2mpj6uj8s7ttm22m8vcj","acc":"v6hrwzMYhvXU"}
[2021-09-27 11:25:59.035][23336][INFO] [CMD:1011]{"token":"2kqppq2mpj6uj8s7ttm22m8vcj","acc":"v6hrwzMYhvXU"}
[2021-09-27 11:25:59.035][23336][INFO] [CMD:1001]{"token":"2kqppq2mpj6uj8s7ttm22m8vcj","acc":"v6hrwzMYhvXU"}
[2021-09-27 11:26:22.061][23336][INFO] [CMD:1005]{"token":"2kqppq2mpj6uj8s7ttm22m8vcj","acc":"v6hrwzMYhvXU","itemId":3002,"count":1,"newName":"Ggee","rdata":"{\"sizeX\":13,\"sizeZ\":9,\"blocks\":[{\"id\":1006,\"posX\":-6,\"posY\":0,\"posZ\":-3,\"direction\":0},{\"id\":1006,\"posX\":-6,\"posY\":0,\"posZ\":-2,\"direction\":0},{\"id\":1006,\"posX\":-6,\"posY\":0,\"posZ\":-1,\"direction\":0},{\"id\":1006,\"posX\":-6,\"posY\":0,\"posZ\":0,\"direction\":0},{\"id\":1006,\"posX\":-6,\"posY\":0,\"posZ\":1,\"direction\":0},{\"id\":1507,\"posX\":-5,\"posY\":0,\"posZ\":4,\"direction\":0},{\"id\":1504,\"posX\":-4,\"posY\":0,\"posZ\":-1,\"direction\":0},{\"id\":7019,\"posX\":-4,\"posY\":0,\"posZ\":2,\"direction\":3},{\"id\":7019,\"posX\":-1,\"posY\":0,\"posZ\":2,\"direction\":3},{\"id\":7027,\"posX\":0,\"posY\":0,\"posZ\":-2,\"direction\":4},{\"id\":7027,\"posX\":0,\"posY\":0,\"posZ\":0,\"direction\":4},{\"id\":7027,\"posX\":1,\"posY\":0,\"posZ\":-3,\"direction\":4},{\"id\":1502,\"posX\":1,\"posY\":0,\"posZ\":-2,\"direction\":0},{\"id\":7027,\"posX\":1,\"posY\":0,\"posZ\":0,\"direction\":4},{\"id\":7027,\"posX\":2,\"posY\":0,\"posZ\":-4,\"direction\":4},{\"id\":7027,\"posX\":2,\"posY\":0,\"posZ\":-2,\"direction\":4},{\"id\":7027,\"posX\":2,\"posY\":0,\"posZ\":0,\"direction\":4},{\"id\":7019,\"posX\":2,\"posY\":0,\"posZ\":2,\"direction\":3},{\"id\":7019,\"posX\":3,\"posY\":0,\"posZ\":-4,\"direction\":5},{\"id\":7019,\"posX\":3,\"posY\":0,\"posZ\":-1,\"direction\":5},{\"id\":7019,\"posX\":3,\"posY\":0,\"posZ\":2,\"direction\":5},{\"id\":7019,\"posX\":4,\"posY\":0,\"posZ\":-4,\"direction\":5},{\"id\":7019,\"posX\":4,\"posY\":0,\"posZ\":-1,\"direction\":5},{\"id\":7019,\"posX\":4,\"posY\":0,\"posZ\":2,\"direction\":5},{\"id\":7019,\"posX\":5,\"posY\":0,\"posZ\":-4,\"direction\":5},{\"id\":7019,\"posX\":5,\"posY\":0,\"posZ\":-1,\"direction\":5},{\"id\":7019,\"posX\":5,\"posY\":0,\"posZ\":2,\"direction\":5},{\"id\":7019,\"posX\":6,\"posY\":0,\"posZ\":-3,\"direction\":5}],\"IsDuplicate\":false}","textureName":"v6hrwzMYhvXU_20210927112622.png"}
[2021-09-27 11:26:22.166][23336][INFO] [CMD:1001]{"token":"2kqppq2mpj6uj8s7ttm22m8vcj","acc":"v6hrwzMYhvXU"}
[2021-09-27 11:26:22.249][23336][INFO] [CMD:1003]{"token":"2kqppq2mpj6uj8s7ttm22m8vcj","acc":"v6hrwzMYhvXU","itemId":3001,"count":1}
[2021-09-27 11:26:22.363][23336][INFO] [CMD:1001]{"token":"2kqppq2mpj6uj8s7ttm22m8vcj","acc":"v6hrwzMYhvXU"}
[2021-09-27 11:26:24.026][23336][INFO] [CMD:1001]{"token":"2kqppq2mpj6uj8s7ttm22m8vcj","acc":"v6hrwzMYhvXU"}
[2021-09-27 11:26:24.038][23336][INFO] [CMD:1011]{"token":"2kqppq2mpj6uj8s7ttm22m8vcj","acc":"v6hrwzMYhvXU"}
[2021-09-27 11:27:11.399][23336][INFO] [CMD:1001]{"token":"2kqppq2mpj6uj8s7ttm22m8vcj","acc":"v6hrwzMYhvXU"}
[2021-09-27 11:27:11.399][23336][INFO] [CMD:1011]{"token":"2kqppq2mpj6uj8s7ttm22m8vcj","acc":"v6hrwzMYhvXU"}
[2021-09-27 11:27:19.226][23336][INFO] [CMD:1011]{"token":"2kqppq2mpj6uj8s7ttm22m8vcj","acc":"v6hrwzMYhvXU"}
[2021-09-27 11:27:19.226][23336][INFO] [CMD:1001]{"token":"2kqppq2mpj6uj8s7ttm22m8vcj","acc":"v6hrwzMYhvXU"}
