[2021-08-23 13:33:12.064][7356][ERROR] Bad CMD 1038
[2021-08-23 13:35:52.347][7356][ERROR] Bad CMD 1038
[2021-08-23 13:35:55.383][7356][ERROR] Bad CMD 1038
[2021-08-23 13:37:52.222][7356][ERROR] Bad CMD 1038
[2021-08-23 13:38:56.023][7356][ERROR] Bad CMD 1038
[2021-08-23 13:39:01.281][7356][ERROR] Bad CMD 1038
[2021-08-23 13:39:17.330][7356][ERROR] Bad CMD 1038
[2021-08-23 13:39:28.583][7356][ERROR] Bad CMD 1038
[2021-08-23 13:40:43.681][7356][ERROR] Bad CMD 1038
[2021-08-23 13:41:33.893][7356][ERROR] Bad CMD 1038
[2021-08-23 13:42:25.507][7356][ERROR] Bad CMD 1038
[2021-08-23 13:42:48.574][7356][ERROR] Bad CMD 1038
[2021-08-23 13:43:16.946][7356][ERROR] Bad CMD 1038
[2021-08-23 14:33:17.449][7356][ERROR] PDOException: SQLSTATE[42000]: Syntax error or access violation: 1064 You have an error in your SQL syntax; check the manual that corresponds to your MySQL server version for the right syntax to use near 'updated_at=Now() WHERE id=48' at line 1 in D:\ProgramFiles\Apache24\htdocs\Local\Cmd\CMD0_1000.php:36
Stack trace:
#0 D:\ProgramFiles\Apache24\htdocs\Local\Cmd\CMD0_1000.php(36): PDO->query('UPDATE userdata...')
#1 D:\ProgramFiles\Apache24\htdocs\Local\Main.php(52): CMD0_1000::Login_101(Object(stdClass))
#2 {main}
[2021-08-23 14:34:06.742][7356][ERROR] PDOException: SQLSTATE[42000]: Syntax error or access violation: 1064 You have an error in your SQL syntax; check the manual that corresponds to your MySQL server version for the right syntax to use near 'updated_at='NOW()' WHERE id=48' at line 1 in D:\ProgramFiles\Apache24\htdocs\Local\Cmd\CMD0_1000.php:36
Stack trace:
#0 D:\ProgramFiles\Apache24\htdocs\Local\Cmd\CMD0_1000.php(36): PDO->query('UPDATE userdata...')
#1 D:\ProgramFiles\Apache24\htdocs\Local\Main.php(52): CMD0_1000::Login_101(Object(stdClass))
#2 {main}
[2021-08-23 15:17:35.707][7356][ERROR] {"acc":"ZrTX9evfIa2G","msg":"{\"Payload\":\"{ \\\"this\\\" : \\\"is a fake receipt\\\" }\",\"Store\":\"fake\",\"TransactionID\":\"3c64f70e-c9e4-4f18-9cea-3d115ff76830\"}"}
[2021-08-23 15:17:35.709][7356][ERROR] {"acc":"ZrTX9evfIa2G","msg":"\u8CFC\u5165\u6210\u529F:Acc = ZrTX9evfIa2G, productId = craftstory_120, ProductType = Consumable"}
[2021-08-23 15:17:41.573][7356][ERROR] {"acc":"ZrTX9evfIa2G","msg":"{\"Payload\":\"{ \\\"this\\\" : \\\"is a fake receipt\\\" }\",\"Store\":\"fake\",\"TransactionID\":\"5759960b-77e5-47ee-8e73-1889dc693bce\"}"}
[2021-08-23 15:17:41.575][7356][ERROR] {"acc":"ZrTX9evfIa2G","msg":"\u8CFC\u5165\u6210\u529F:Acc = ZrTX9evfIa2G, productId = craftstory_subsc_1960, ProductType = Consumable"}
[2021-08-23 15:21:42.305][7356][ERROR] {"acc":"ZrTX9evfIa2G","msg":"\u8CFC\u5165\u6210\u529F:Acc = ZrTX9evfIa2G, productId = craftstory_subsc_1960, ProductType = Consumable"}
[2021-08-23 15:21:42.318][7356][ERROR] {"acc":"ZrTX9evfIa2G","msg":"{\"Payload\":\"{ \\\"this\\\" : \\\"is a fake receipt\\\" }\",\"Store\":\"fake\",\"TransactionID\":\"e9e06333-4b29-4652-b49d-cd0e1e6278c4\"}"}
