[2021-08-26 09:56:06.932][18384][INFO] [CMD:101][ACC:MeX3Uq6I5zX7]
[2021-08-26 09:56:07.117][18384][INFO] [CMD:1025]{"token":"40b7i3v9c5gpvnsf426rop10ac","acc":"MeX3Uq6I5zX7"}
[2021-08-26 09:56:07.143][18384][INFO] [CMD:1028]{"token":"40b7i3v9c5gpvnsf426rop10ac","acc":"MeX3Uq6I5zX7"}
[2021-08-26 09:56:07.143][18384][INFO] [CMD:1021]{"token":"40b7i3v9c5gpvnsf426rop10ac","acc":"MeX3Uq6I5zX7"}
[2021-08-26 09:56:11.506][18384][INFO] [CMD:1023]{"token":"40b7i3v9c5gpvnsf426rop10ac","acc":"MeX3Uq6I5zX7"}
[2021-08-26 09:56:11.517][18384][INFO] [CMD:1011]{"token":"40b7i3v9c5gpvnsf426rop10ac","acc":"MeX3Uq6I5zX7"}
[2021-08-26 09:56:11.518][18384][INFO] [CMD:1001]{"token":"40b7i3v9c5gpvnsf426rop10ac","acc":"MeX3Uq6I5zX7"}
[2021-08-26 09:56:13.747][18384][INFO] [CMD:1001]{"token":"40b7i3v9c5gpvnsf426rop10ac","acc":"MeX3Uq6I5zX7"}
[2021-08-26 09:56:13.761][18384][INFO] [CMD:1011]{"token":"40b7i3v9c5gpvnsf426rop10ac","acc":"MeX3Uq6I5zX7"}
[2021-08-26 09:56:17.950][18384][INFO] [CMD:1011]{"token":"40b7i3v9c5gpvnsf426rop10ac","acc":"MeX3Uq6I5zX7"}
[2021-08-26 09:56:24.264][18384][INFO] [CMD:1010]{"token":"40b7i3v9c5gpvnsf426rop10ac","acc":"MeX3Uq6I5zX7","shopId":104}
[2021-08-26 09:56:24.596][18384][INFO] [CMD:1001]{"token":"40b7i3v9c5gpvnsf426rop10ac","acc":"MeX3Uq6I5zX7"}
[2021-08-26 09:56:24.611][18384][INFO] [CMD:1011]{"token":"40b7i3v9c5gpvnsf426rop10ac","acc":"MeX3Uq6I5zX7"}
[2021-08-26 09:56:28.188][18384][INFO] [CMD:1001]{"token":"40b7i3v9c5gpvnsf426rop10ac","acc":"MeX3Uq6I5zX7"}
[2021-08-26 09:56:28.190][18384][INFO] [CMD:1011]{"token":"40b7i3v9c5gpvnsf426rop10ac","acc":"MeX3Uq6I5zX7"}
[2021-08-26 09:56:30.175][18384][INFO] [CMD:1007]{"token":"40b7i3v9c5gpvnsf426rop10ac","acc":"MeX3Uq6I5zX7","guid":152,"site":2}
[2021-08-26 09:56:30.270][18384][INFO] [CMD:1001]{"token":"40b7i3v9c5gpvnsf426rop10ac","acc":"MeX3Uq6I5zX7"}
[2021-08-26 10:00:24.169][18384][INFO] [CMD:101][ACC:MeX3Uq6I5zX7]
[2021-08-26 10:00:24.346][18384][INFO] [CMD:1025]{"token":"ntm1hbs6s659qfdhevf86mll33","acc":"MeX3Uq6I5zX7"}
[2021-08-26 10:00:24.373][18384][INFO] [CMD:1028]{"token":"ntm1hbs6s659qfdhevf86mll33","acc":"MeX3Uq6I5zX7"}
[2021-08-26 10:00:24.389][18384][INFO] [CMD:1021]{"token":"ntm1hbs6s659qfdhevf86mll33","acc":"MeX3Uq6I5zX7"}
[2021-08-26 10:00:28.640][18384][INFO] [CMD:1011]{"token":"ntm1hbs6s659qfdhevf86mll33","acc":"MeX3Uq6I5zX7"}
[2021-08-26 10:00:28.645][18384][INFO] [CMD:1023]{"token":"ntm1hbs6s659qfdhevf86mll33","acc":"MeX3Uq6I5zX7"}
[2021-08-26 10:00:28.649][18384][INFO] [CMD:1001]{"token":"ntm1hbs6s659qfdhevf86mll33","acc":"MeX3Uq6I5zX7"}
[2021-08-26 10:12:03.765][18384][INFO] [CMD:101][ACC:MeX3Uq6I5zX7]
[2021-08-26 10:12:04.141][18384][INFO] [CMD:1025]{"token":"k5f7fjb03tge520mb6913472rk","acc":"MeX3Uq6I5zX7"}
[2021-08-26 10:12:04.164][18384][INFO] [CMD:1021]{"token":"k5f7fjb03tge520mb6913472rk","acc":"MeX3Uq6I5zX7"}
[2021-08-26 10:12:04.164][18384][INFO] [CMD:1028]{"token":"k5f7fjb03tge520mb6913472rk","acc":"MeX3Uq6I5zX7"}
[2021-08-26 10:12:08.012][18384][INFO] [CMD:1023]{"token":"k5f7fjb03tge520mb6913472rk","acc":"MeX3Uq6I5zX7"}
[2021-08-26 10:12:08.030][18384][INFO] [CMD:1001]{"token":"k5f7fjb03tge520mb6913472rk","acc":"MeX3Uq6I5zX7"}
[2021-08-26 10:12:08.043][18384][INFO] [CMD:1011]{"token":"k5f7fjb03tge520mb6913472rk","acc":"MeX3Uq6I5zX7"}
[2021-08-26 10:18:13.154][18384][INFO] [CMD:101][ACC:MeX3Uq6I5zX7]
[2021-08-26 10:18:13.352][18384][INFO] [CMD:1021]{"token":"kpdkb73abu465bvk1qni5a9in4","acc":"MeX3Uq6I5zX7"}
[2021-08-26 10:18:13.372][18384][INFO] [CMD:1025]{"token":"kpdkb73abu465bvk1qni5a9in4","acc":"MeX3Uq6I5zX7"}
[2021-08-26 10:18:13.372][18384][INFO] [CMD:1028]{"token":"kpdkb73abu465bvk1qni5a9in4","acc":"MeX3Uq6I5zX7"}
[2021-08-26 10:18:17.673][18384][INFO] [CMD:1023]{"token":"kpdkb73abu465bvk1qni5a9in4","acc":"MeX3Uq6I5zX7"}
[2021-08-26 10:18:17.687][18384][INFO] [CMD:1001]{"token":"kpdkb73abu465bvk1qni5a9in4","acc":"MeX3Uq6I5zX7"}
[2021-08-26 10:18:17.691][18384][INFO] [CMD:1011]{"token":"kpdkb73abu465bvk1qni5a9in4","acc":"MeX3Uq6I5zX7"}
[2021-08-26 10:44:01.710][18384][INFO] [CMD:101][ACC:MeX3Uq6I5zX7]
[2021-08-26 10:44:01.831][18384][INFO] [CMD:1025]{"token":"chkjri2v3j42pv9f53jtavu5i5","acc":"MeX3Uq6I5zX7"}
[2021-08-26 10:44:01.843][18384][INFO] [CMD:1028]{"token":"chkjri2v3j42pv9f53jtavu5i5","acc":"MeX3Uq6I5zX7"}
[2021-08-26 10:44:01.862][18384][INFO] [CMD:1021]{"token":"chkjri2v3j42pv9f53jtavu5i5","acc":"MeX3Uq6I5zX7"}
[2021-08-26 10:44:05.922][18384][INFO] [CMD:1023]{"token":"chkjri2v3j42pv9f53jtavu5i5","acc":"MeX3Uq6I5zX7"}
[2021-08-26 10:44:05.941][18384][INFO] [CMD:1011]{"token":"chkjri2v3j42pv9f53jtavu5i5","acc":"MeX3Uq6I5zX7"}
[2021-08-26 10:44:05.949][18384][INFO] [CMD:1001]{"token":"chkjri2v3j42pv9f53jtavu5i5","acc":"MeX3Uq6I5zX7"}
[2021-08-26 10:44:42.867][18384][INFO] [CMD:1005]{"token":"chkjri2v3j42pv9f53jtavu5i5","acc":"MeX3Uq6I5zX7","itemId":3002,"count":1,"newName":"Bb","rdata":"{\"sizeX\":3,\"sizeZ\":4,\"blocks\":[{\"id\":5000,\"posX\":1,\"posY\":0,\"posZ\":-1,\"direction\":0}],\"IsDuplicate\":false}"}
[2021-08-26 10:44:42.956][18384][INFO] [CMD:1001]{"token":"chkjri2v3j42pv9f53jtavu5i5","acc":"MeX3Uq6I5zX7"}
[2021-08-26 10:44:43.058][18384][INFO] [CMD:1003]{"token":"chkjri2v3j42pv9f53jtavu5i5","acc":"MeX3Uq6I5zX7","itemId":3001,"count":1}
[2021-08-26 10:44:43.163][18384][INFO] [CMD:1001]{"token":"chkjri2v3j42pv9f53jtavu5i5","acc":"MeX3Uq6I5zX7"}
[2021-08-26 10:44:43.981][18384][INFO] [CMD:1001]{"token":"chkjri2v3j42pv9f53jtavu5i5","acc":"MeX3Uq6I5zX7"}
[2021-08-26 10:44:43.981][18384][INFO] [CMD:1011]{"token":"chkjri2v3j42pv9f53jtavu5i5","acc":"MeX3Uq6I5zX7"}
[2021-08-26 10:44:46.334][18384][INFO] [CMD:1007]{"token":"chkjri2v3j42pv9f53jtavu5i5","acc":"MeX3Uq6I5zX7","guid":245,"site":3}
[2021-08-26 10:44:46.414][18384][INFO] [CMD:1001]{"token":"chkjri2v3j42pv9f53jtavu5i5","acc":"MeX3Uq6I5zX7"}
[2021-08-26 10:45:36.270][18384][INFO] [CMD:101][ACC:MeX3Uq6I5zX7]
[2021-08-26 10:45:36.394][18384][INFO] [CMD:1025]{"token":"46a0jhnae30dbphtu12s0tk7bl","acc":"MeX3Uq6I5zX7"}
[2021-08-26 10:45:36.424][18384][INFO] [CMD:1028]{"token":"46a0jhnae30dbphtu12s0tk7bl","acc":"MeX3Uq6I5zX7"}
[2021-08-26 10:45:36.424][18384][INFO] [CMD:1021]{"token":"46a0jhnae30dbphtu12s0tk7bl","acc":"MeX3Uq6I5zX7"}
[2021-08-26 10:45:40.246][18384][INFO] [CMD:1001]{"token":"46a0jhnae30dbphtu12s0tk7bl","acc":"MeX3Uq6I5zX7"}
[2021-08-26 10:45:40.246][18384][INFO] [CMD:1011]{"token":"46a0jhnae30dbphtu12s0tk7bl","acc":"MeX3Uq6I5zX7"}
[2021-08-26 10:45:40.264][18384][INFO] [CMD:1023]{"token":"46a0jhnae30dbphtu12s0tk7bl","acc":"MeX3Uq6I5zX7"}
[2021-08-26 10:45:44.009][18384][INFO] [CMD:1004]{"token":"46a0jhnae30dbphtu12s0tk7bl","acc":"MeX3Uq6I5zX7","itemId":105,"count":1}
[2021-08-26 10:45:44.088][18384][INFO] [CMD:1001]{"token":"46a0jhnae30dbphtu12s0tk7bl","acc":"MeX3Uq6I5zX7"}
[2021-08-26 10:47:26.522][18384][INFO] [CMD:101][ACC:MeX3Uq6I5zX7]
[2021-08-26 10:47:26.657][18384][INFO] [CMD:1021]{"token":"jvcj6is9ei27ue3v8tp3h3gkpl","acc":"MeX3Uq6I5zX7"}
[2021-08-26 10:47:26.664][18384][INFO] [CMD:1025]{"token":"jvcj6is9ei27ue3v8tp3h3gkpl","acc":"MeX3Uq6I5zX7"}
[2021-08-26 10:47:26.677][18384][INFO] [CMD:1028]{"token":"jvcj6is9ei27ue3v8tp3h3gkpl","acc":"MeX3Uq6I5zX7"}
[2021-08-26 10:47:30.798][18384][INFO] [CMD:1023]{"token":"jvcj6is9ei27ue3v8tp3h3gkpl","acc":"MeX3Uq6I5zX7"}
[2021-08-26 10:47:30.801][18384][INFO] [CMD:1001]{"token":"jvcj6is9ei27ue3v8tp3h3gkpl","acc":"MeX3Uq6I5zX7"}
[2021-08-26 10:47:30.802][18384][INFO] [CMD:1011]{"token":"jvcj6is9ei27ue3v8tp3h3gkpl","acc":"MeX3Uq6I5zX7"}
[2021-08-26 11:01:35.078][18384][INFO] [CMD:1004]{"token":"jvcj6is9ei27ue3v8tp3h3gkpl","acc":"MeX3Uq6I5zX7","itemId":1,"count":1}
[2021-08-26 11:01:35.291][18384][INFO] [CMD:1001]{"token":"jvcj6is9ei27ue3v8tp3h3gkpl","acc":"MeX3Uq6I5zX7"}
[2021-08-26 11:01:42.159][18384][INFO] [CMD:1002]{"token":"jvcj6is9ei27ue3v8tp3h3gkpl","acc":"MeX3Uq6I5zX7","guid":245,"count":1}
[2021-08-26 11:01:42.172][18384][INFO] [CMD:1003]{"token":"jvcj6is9ei27ue3v8tp3h3gkpl","acc":"MeX3Uq6I5zX7","itemId":1,"count":1}
[2021-08-26 11:01:42.307][18384][INFO] [CMD:1001]{"token":"jvcj6is9ei27ue3v8tp3h3gkpl","acc":"MeX3Uq6I5zX7"}
[2021-08-26 11:07:27.568][18384][INFO] [CMD:101][ACC:MeX3Uq6I5zX7]
[2021-08-26 11:07:27.682][18384][INFO] [CMD:1025]{"token":"islfk50stj3kso2u2g1je6dp25","acc":"MeX3Uq6I5zX7"}
[2021-08-26 11:07:27.700][18384][INFO] [CMD:1028]{"token":"islfk50stj3kso2u2g1je6dp25","acc":"MeX3Uq6I5zX7"}
[2021-08-26 11:07:27.710][18384][INFO] [CMD:1021]{"token":"islfk50stj3kso2u2g1je6dp25","acc":"MeX3Uq6I5zX7"}
[2021-08-26 11:07:31.591][18384][INFO] [CMD:1023]{"token":"islfk50stj3kso2u2g1je6dp25","acc":"MeX3Uq6I5zX7"}
[2021-08-26 11:07:31.615][18384][INFO] [CMD:1011]{"token":"islfk50stj3kso2u2g1je6dp25","acc":"MeX3Uq6I5zX7"}
[2021-08-26 11:07:31.625][18384][INFO] [CMD:1001]{"token":"islfk50stj3kso2u2g1je6dp25","acc":"MeX3Uq6I5zX7"}
[2021-08-26 11:08:36.682][18384][INFO] [CMD:101][ACC:MeX3Uq6I5zX7]
[2021-08-26 11:08:36.799][18384][INFO] [CMD:1025]{"token":"cbvo9lijmvfhp1v4s6tss3tv0s","acc":"MeX3Uq6I5zX7"}
[2021-08-26 11:08:36.814][18384][INFO] [CMD:1028]{"token":"cbvo9lijmvfhp1v4s6tss3tv0s","acc":"MeX3Uq6I5zX7"}
[2021-08-26 11:08:36.848][18384][INFO] [CMD:1021]{"token":"cbvo9lijmvfhp1v4s6tss3tv0s","acc":"MeX3Uq6I5zX7"}
[2021-08-26 11:08:40.268][18384][INFO] [CMD:1001]{"token":"cbvo9lijmvfhp1v4s6tss3tv0s","acc":"MeX3Uq6I5zX7"}
[2021-08-26 11:08:40.270][18384][INFO] [CMD:1023]{"token":"cbvo9lijmvfhp1v4s6tss3tv0s","acc":"MeX3Uq6I5zX7"}
[2021-08-26 11:08:40.272][18384][INFO] [CMD:1011]{"token":"cbvo9lijmvfhp1v4s6tss3tv0s","acc":"MeX3Uq6I5zX7"}
[2021-08-26 11:09:11.986][18384][INFO] [CMD:101][ACC:MeX3Uq6I5zX7]
[2021-08-26 11:09:12.107][18384][INFO] [CMD:1025]{"token":"fadmjkl3sq9htp2p48mmc87mnq","acc":"MeX3Uq6I5zX7"}
[2021-08-26 11:09:12.124][18384][INFO] [CMD:1028]{"token":"fadmjkl3sq9htp2p48mmc87mnq","acc":"MeX3Uq6I5zX7"}
[2021-08-26 11:09:12.139][18384][INFO] [CMD:1021]{"token":"fadmjkl3sq9htp2p48mmc87mnq","acc":"MeX3Uq6I5zX7"}
[2021-08-26 11:09:15.950][18384][INFO] [CMD:1023]{"token":"fadmjkl3sq9htp2p48mmc87mnq","acc":"MeX3Uq6I5zX7"}
[2021-08-26 11:09:15.986][18384][INFO] [CMD:1001]{"token":"fadmjkl3sq9htp2p48mmc87mnq","acc":"MeX3Uq6I5zX7"}
[2021-08-26 11:09:15.999][18384][INFO] [CMD:1011]{"token":"fadmjkl3sq9htp2p48mmc87mnq","acc":"MeX3Uq6I5zX7"}
[2021-08-26 11:09:17.661][18384][INFO] [CMD:1011]{"token":"fadmjkl3sq9htp2p48mmc87mnq","acc":"MeX3Uq6I5zX7"}
[2021-08-26 11:09:17.662][18384][INFO] [CMD:1001]{"token":"fadmjkl3sq9htp2p48mmc87mnq","acc":"MeX3Uq6I5zX7"}
[2021-08-26 11:09:36.734][18384][INFO] [CMD:1002]{"token":"fadmjkl3sq9htp2p48mmc87mnq","acc":"MeX3Uq6I5zX7","guid":216,"count":1}
[2021-08-26 11:09:40.791][18384][INFO] [CMD:1002]{"token":"fadmjkl3sq9htp2p48mmc87mnq","acc":"MeX3Uq6I5zX7","guid":216,"count":1}
[2021-08-26 11:09:42.075][18384][INFO] [CMD:1002]{"token":"fadmjkl3sq9htp2p48mmc87mnq","acc":"MeX3Uq6I5zX7","guid":216,"count":1}
[2021-08-26 11:09:48.621][18384][INFO] [CMD:1002]{"token":"fadmjkl3sq9htp2p48mmc87mnq","acc":"MeX3Uq6I5zX7","guid":216,"count":1}
[2021-08-26 11:09:55.282][18384][INFO] [CMD:1002]{"token":"fadmjkl3sq9htp2p48mmc87mnq","acc":"MeX3Uq6I5zX7","guid":216,"count":1}
[2021-08-26 11:09:56.817][18384][INFO] [CMD:1002]{"token":"fadmjkl3sq9htp2p48mmc87mnq","acc":"MeX3Uq6I5zX7","guid":216,"count":1}
[2021-08-26 11:10:04.507][18384][INFO] [CMD:1002]{"token":"fadmjkl3sq9htp2p48mmc87mnq","acc":"MeX3Uq6I5zX7","guid":216,"count":1}
[2021-08-26 11:10:06.464][18384][INFO] [CMD:1002]{"token":"fadmjkl3sq9htp2p48mmc87mnq","acc":"MeX3Uq6I5zX7","guid":216,"count":1}
[2021-08-26 11:10:06.935][18384][INFO] [CMD:1002]{"token":"fadmjkl3sq9htp2p48mmc87mnq","acc":"MeX3Uq6I5zX7","guid":216,"count":1}
[2021-08-26 11:10:07.447][18384][INFO] [CMD:1002]{"token":"fadmjkl3sq9htp2p48mmc87mnq","acc":"MeX3Uq6I5zX7","guid":216,"count":1}
[2021-08-26 11:10:09.085][18384][INFO] [CMD:1002]{"token":"fadmjkl3sq9htp2p48mmc87mnq","acc":"MeX3Uq6I5zX7","guid":216,"count":1}
[2021-08-26 11:10:14.912][18384][INFO] [CMD:1002]{"token":"fadmjkl3sq9htp2p48mmc87mnq","acc":"MeX3Uq6I5zX7","guid":216,"count":1}
[2021-08-26 11:10:15.209][18384][INFO] [CMD:1002]{"token":"fadmjkl3sq9htp2p48mmc87mnq","acc":"MeX3Uq6I5zX7","guid":216,"count":1}
[2021-08-26 11:10:15.550][18384][INFO] [CMD:1002]{"token":"fadmjkl3sq9htp2p48mmc87mnq","acc":"MeX3Uq6I5zX7","guid":216,"count":1}
[2021-08-26 11:10:16.839][18384][INFO] [CMD:1002]{"token":"fadmjkl3sq9htp2p48mmc87mnq","acc":"MeX3Uq6I5zX7","guid":216,"count":1}
[2021-08-26 11:10:22.988][18384][INFO] [CMD:1002]{"token":"fadmjkl3sq9htp2p48mmc87mnq","acc":"MeX3Uq6I5zX7","guid":216,"count":1}
[2021-08-26 11:10:30.984][18384][INFO] [CMD:1002]{"token":"fadmjkl3sq9htp2p48mmc87mnq","acc":"MeX3Uq6I5zX7","guid":216,"count":1}
[2021-08-26 11:10:32.481][18384][INFO] [CMD:1002]{"token":"fadmjkl3sq9htp2p48mmc87mnq","acc":"MeX3Uq6I5zX7","guid":216,"count":1}
[2021-08-26 11:10:34.409][18384][INFO] [CMD:1002]{"token":"fadmjkl3sq9htp2p48mmc87mnq","acc":"MeX3Uq6I5zX7","guid":216,"count":1}
[2021-08-26 11:10:35.727][18384][INFO] [CMD:1002]{"token":"fadmjkl3sq9htp2p48mmc87mnq","acc":"MeX3Uq6I5zX7","guid":216,"count":1}
[2021-08-26 11:10:36.826][18384][INFO] [CMD:1002]{"token":"fadmjkl3sq9htp2p48mmc87mnq","acc":"MeX3Uq6I5zX7","guid":216,"count":1}
[2021-08-26 11:10:37.274][18384][INFO] [CMD:1002]{"token":"fadmjkl3sq9htp2p48mmc87mnq","acc":"MeX3Uq6I5zX7","guid":216,"count":1}
[2021-08-26 11:10:43.349][18384][INFO] [CMD:1002]{"token":"fadmjkl3sq9htp2p48mmc87mnq","acc":"MeX3Uq6I5zX7","guid":216,"count":1}
[2021-08-26 11:10:43.846][18384][INFO] [CMD:1002]{"token":"fadmjkl3sq9htp2p48mmc87mnq","acc":"MeX3Uq6I5zX7","guid":216,"count":1}
[2021-08-26 11:10:44.296][18384][INFO] [CMD:1002]{"token":"fadmjkl3sq9htp2p48mmc87mnq","acc":"MeX3Uq6I5zX7","guid":216,"count":1}
[2021-08-26 11:10:44.665][18384][INFO] [CMD:1002]{"token":"fadmjkl3sq9htp2p48mmc87mnq","acc":"MeX3Uq6I5zX7","guid":216,"count":1}
[2021-08-26 11:10:45.837][18384][INFO] [CMD:1002]{"token":"fadmjkl3sq9htp2p48mmc87mnq","acc":"MeX3Uq6I5zX7","guid":216,"count":1}
[2021-08-26 11:10:46.892][18384][INFO] [CMD:1002]{"token":"fadmjkl3sq9htp2p48mmc87mnq","acc":"MeX3Uq6I5zX7","guid":216,"count":1}
[2021-08-26 11:10:51.435][18384][INFO] [CMD:1002]{"token":"fadmjkl3sq9htp2p48mmc87mnq","acc":"MeX3Uq6I5zX7","guid":216,"count":1}
[2021-08-26 11:10:52.485][18384][INFO] [CMD:1002]{"token":"fadmjkl3sq9htp2p48mmc87mnq","acc":"MeX3Uq6I5zX7","guid":216,"count":1}
[2021-08-26 11:10:53.976][18384][INFO] [CMD:1002]{"token":"fadmjkl3sq9htp2p48mmc87mnq","acc":"MeX3Uq6I5zX7","guid":216,"count":1}
[2021-08-26 11:10:54.815][18384][INFO] [CMD:1002]{"token":"fadmjkl3sq9htp2p48mmc87mnq","acc":"MeX3Uq6I5zX7","guid":216,"count":1}
[2021-08-26 11:10:55.869][18384][INFO] [CMD:1002]{"token":"fadmjkl3sq9htp2p48mmc87mnq","acc":"MeX3Uq6I5zX7","guid":216,"count":1}
[2021-08-26 11:10:56.830][18384][INFO] [CMD:1002]{"token":"fadmjkl3sq9htp2p48mmc87mnq","acc":"MeX3Uq6I5zX7","guid":216,"count":1}
[2021-08-26 11:10:57.959][18384][INFO] [CMD:1002]{"token":"fadmjkl3sq9htp2p48mmc87mnq","acc":"MeX3Uq6I5zX7","guid":216,"count":1}
[2021-08-26 11:10:59.424][18384][INFO] [CMD:1002]{"token":"fadmjkl3sq9htp2p48mmc87mnq","acc":"MeX3Uq6I5zX7","guid":216,"count":1}
[2021-08-26 11:10:59.915][18384][INFO] [CMD:1002]{"token":"fadmjkl3sq9htp2p48mmc87mnq","acc":"MeX3Uq6I5zX7","guid":216,"count":1}
[2021-08-26 11:11:00.323][18384][INFO] [CMD:1002]{"token":"fadmjkl3sq9htp2p48mmc87mnq","acc":"MeX3Uq6I5zX7","guid":216,"count":1}
[2021-08-26 11:11:01.325][18384][INFO] [CMD:1002]{"token":"fadmjkl3sq9htp2p48mmc87mnq","acc":"MeX3Uq6I5zX7","guid":216,"count":1}
[2021-08-26 11:11:02.755][18384][INFO] [CMD:1002]{"token":"fadmjkl3sq9htp2p48mmc87mnq","acc":"MeX3Uq6I5zX7","guid":216,"count":1}
[2021-08-26 11:11:04.304][18384][INFO] [CMD:1002]{"token":"fadmjkl3sq9htp2p48mmc87mnq","acc":"MeX3Uq6I5zX7","guid":216,"count":1}
[2021-08-26 11:11:08.156][18384][INFO] [CMD:1002]{"token":"fadmjkl3sq9htp2p48mmc87mnq","acc":"MeX3Uq6I5zX7","guid":216,"count":1}
[2021-08-26 11:11:08.636][18384][INFO] [CMD:1002]{"token":"fadmjkl3sq9htp2p48mmc87mnq","acc":"MeX3Uq6I5zX7","guid":216,"count":1}
[2021-08-26 11:11:10.396][18384][INFO] [CMD:1002]{"token":"fadmjkl3sq9htp2p48mmc87mnq","acc":"MeX3Uq6I5zX7","guid":216,"count":1}
[2021-08-26 11:11:10.888][18384][INFO] [CMD:1002]{"token":"fadmjkl3sq9htp2p48mmc87mnq","acc":"MeX3Uq6I5zX7","guid":216,"count":1}
[2021-08-26 11:11:11.628][18384][INFO] [CMD:1002]{"token":"fadmjkl3sq9htp2p48mmc87mnq","acc":"MeX3Uq6I5zX7","guid":216,"count":1}
[2021-08-26 11:11:12.746][18384][INFO] [CMD:1002]{"token":"fadmjkl3sq9htp2p48mmc87mnq","acc":"MeX3Uq6I5zX7","guid":216,"count":1}
[2021-08-26 11:11:13.162][18384][INFO] [CMD:1002]{"token":"fadmjkl3sq9htp2p48mmc87mnq","acc":"MeX3Uq6I5zX7","guid":216,"count":1}
[2021-08-26 11:11:14.234][18384][INFO] [CMD:1002]{"token":"fadmjkl3sq9htp2p48mmc87mnq","acc":"MeX3Uq6I5zX7","guid":216,"count":1}
[2021-08-26 11:11:14.753][18384][INFO] [CMD:1002]{"token":"fadmjkl3sq9htp2p48mmc87mnq","acc":"MeX3Uq6I5zX7","guid":216,"count":1}
[2021-08-26 11:11:18.305][18384][INFO] [CMD:1002]{"token":"fadmjkl3sq9htp2p48mmc87mnq","acc":"MeX3Uq6I5zX7","guid":216,"count":1}
[2021-08-26 11:11:18.634][18384][INFO] [CMD:1002]{"token":"fadmjkl3sq9htp2p48mmc87mnq","acc":"MeX3Uq6I5zX7","guid":216,"count":1}
[2021-08-26 11:11:19.296][18384][INFO] [CMD:1002]{"token":"fadmjkl3sq9htp2p48mmc87mnq","acc":"MeX3Uq6I5zX7","guid":216,"count":1}
[2021-08-26 11:11:19.800][18384][INFO] [CMD:1002]{"token":"fadmjkl3sq9htp2p48mmc87mnq","acc":"MeX3Uq6I5zX7","guid":216,"count":1}
[2021-08-26 11:11:20.300][18384][INFO] [CMD:1002]{"token":"fadmjkl3sq9htp2p48mmc87mnq","acc":"MeX3Uq6I5zX7","guid":216,"count":1}
[2021-08-26 11:11:22.931][18384][INFO] [CMD:1002]{"token":"fadmjkl3sq9htp2p48mmc87mnq","acc":"MeX3Uq6I5zX7","guid":216,"count":1}
[2021-08-26 11:11:25.340][18384][INFO] [CMD:1002]{"token":"fadmjkl3sq9htp2p48mmc87mnq","acc":"MeX3Uq6I5zX7","guid":216,"count":1}
[2021-08-26 11:11:28.933][18384][INFO] [CMD:1002]{"token":"fadmjkl3sq9htp2p48mmc87mnq","acc":"MeX3Uq6I5zX7","guid":216,"count":1}
[2021-08-26 11:11:30.200][18384][INFO] [CMD:1002]{"token":"fadmjkl3sq9htp2p48mmc87mnq","acc":"MeX3Uq6I5zX7","guid":216,"count":1}
[2021-08-26 11:11:31.104][18384][INFO] [CMD:1002]{"token":"fadmjkl3sq9htp2p48mmc87mnq","acc":"MeX3Uq6I5zX7","guid":216,"count":1}
[2021-08-26 11:11:32.364][18384][INFO] [CMD:1002]{"token":"fadmjkl3sq9htp2p48mmc87mnq","acc":"MeX3Uq6I5zX7","guid":216,"count":1}
[2021-08-26 11:11:34.574][18384][INFO] [CMD:1002]{"token":"fadmjkl3sq9htp2p48mmc87mnq","acc":"MeX3Uq6I5zX7","guid":216,"count":1}
[2021-08-26 11:11:35.338][18384][INFO] [CMD:1002]{"token":"fadmjkl3sq9htp2p48mmc87mnq","acc":"MeX3Uq6I5zX7","guid":216,"count":1}
[2021-08-26 11:11:35.913][18384][INFO] [CMD:1002]{"token":"fadmjkl3sq9htp2p48mmc87mnq","acc":"MeX3Uq6I5zX7","guid":216,"count":1}
[2021-08-26 11:11:37.472][18384][INFO] [CMD:1002]{"token":"fadmjkl3sq9htp2p48mmc87mnq","acc":"MeX3Uq6I5zX7","guid":216,"count":1}
[2021-08-26 11:11:37.819][18384][INFO] [CMD:1002]{"token":"fadmjkl3sq9htp2p48mmc87mnq","acc":"MeX3Uq6I5zX7","guid":216,"count":1}
[2021-08-26 11:11:38.876][18384][INFO] [CMD:1002]{"token":"fadmjkl3sq9htp2p48mmc87mnq","acc":"MeX3Uq6I5zX7","guid":216,"count":1}
[2021-08-26 11:12:01.335][18384][INFO] [CMD:1002]{"token":"fadmjkl3sq9htp2p48mmc87mnq","acc":"MeX3Uq6I5zX7","guid":216,"count":1}
[2021-08-26 11:12:02.944][18384][INFO] [CMD:1002]{"token":"fadmjkl3sq9htp2p48mmc87mnq","acc":"MeX3Uq6I5zX7","guid":216,"count":1}
[2021-08-26 11:12:04.353][18384][INFO] [CMD:1004]{"token":"fadmjkl3sq9htp2p48mmc87mnq","acc":"MeX3Uq6I5zX7","itemId":101,"count":1}
[2021-08-26 11:12:04.629][18384][INFO] [CMD:1001]{"token":"fadmjkl3sq9htp2p48mmc87mnq","acc":"MeX3Uq6I5zX7"}
[2021-08-26 11:12:07.155][18384][INFO] [CMD:1004]{"token":"fadmjkl3sq9htp2p48mmc87mnq","acc":"MeX3Uq6I5zX7","itemId":101,"count":1}
[2021-08-26 11:12:07.265][18384][INFO] [CMD:1001]{"token":"fadmjkl3sq9htp2p48mmc87mnq","acc":"MeX3Uq6I5zX7"}
[2021-08-26 11:12:10.776][18384][INFO] [CMD:1004]{"token":"fadmjkl3sq9htp2p48mmc87mnq","acc":"MeX3Uq6I5zX7","itemId":101,"count":1}
[2021-08-26 11:12:10.864][18384][INFO] [CMD:1001]{"token":"fadmjkl3sq9htp2p48mmc87mnq","acc":"MeX3Uq6I5zX7"}
[2021-08-26 11:12:13.209][18384][INFO] [CMD:1004]{"token":"fadmjkl3sq9htp2p48mmc87mnq","acc":"MeX3Uq6I5zX7","itemId":101,"count":1}
[2021-08-26 11:12:13.307][18384][INFO] [CMD:1001]{"token":"fadmjkl3sq9htp2p48mmc87mnq","acc":"MeX3Uq6I5zX7"}
[2021-08-26 11:12:17.911][18384][INFO] [CMD:1004]{"token":"fadmjkl3sq9htp2p48mmc87mnq","acc":"MeX3Uq6I5zX7","itemId":101,"count":1}
[2021-08-26 11:12:18.010][18384][INFO] [CMD:1001]{"token":"fadmjkl3sq9htp2p48mmc87mnq","acc":"MeX3Uq6I5zX7"}
[2021-08-26 11:12:18.876][18384][INFO] [CMD:1004]{"token":"fadmjkl3sq9htp2p48mmc87mnq","acc":"MeX3Uq6I5zX7","itemId":101,"count":1}
[2021-08-26 11:12:19.204][18384][INFO] [CMD:1001]{"token":"fadmjkl3sq9htp2p48mmc87mnq","acc":"MeX3Uq6I5zX7"}
[2021-08-26 11:12:21.304][18384][INFO] [CMD:1004]{"token":"fadmjkl3sq9htp2p48mmc87mnq","acc":"MeX3Uq6I5zX7","itemId":101,"count":1}
[2021-08-26 11:12:21.390][18384][INFO] [CMD:1001]{"token":"fadmjkl3sq9htp2p48mmc87mnq","acc":"MeX3Uq6I5zX7"}
[2021-08-26 11:12:25.849][18384][INFO] [CMD:1004]{"token":"fadmjkl3sq9htp2p48mmc87mnq","acc":"MeX3Uq6I5zX7","itemId":101,"count":1}
[2021-08-26 11:12:25.973][18384][INFO] [CMD:1001]{"token":"fadmjkl3sq9htp2p48mmc87mnq","acc":"MeX3Uq6I5zX7"}
[2021-08-26 11:12:29.738][18384][INFO] [CMD:1004]{"token":"fadmjkl3sq9htp2p48mmc87mnq","acc":"MeX3Uq6I5zX7","itemId":101,"count":1}
[2021-08-26 11:12:29.977][18384][INFO] [CMD:1001]{"token":"fadmjkl3sq9htp2p48mmc87mnq","acc":"MeX3Uq6I5zX7"}
[2021-08-26 11:12:30.817][18384][INFO] [CMD:1004]{"token":"fadmjkl3sq9htp2p48mmc87mnq","acc":"MeX3Uq6I5zX7","itemId":101,"count":1}
[2021-08-26 11:12:30.898][18384][INFO] [CMD:1001]{"token":"fadmjkl3sq9htp2p48mmc87mnq","acc":"MeX3Uq6I5zX7"}
[2021-08-26 11:12:31.725][18384][INFO] [CMD:1004]{"token":"fadmjkl3sq9htp2p48mmc87mnq","acc":"MeX3Uq6I5zX7","itemId":101,"count":1}
[2021-08-26 11:12:31.997][18384][INFO] [CMD:1001]{"token":"fadmjkl3sq9htp2p48mmc87mnq","acc":"MeX3Uq6I5zX7"}
[2021-08-26 11:12:34.376][18384][INFO] [CMD:1004]{"token":"fadmjkl3sq9htp2p48mmc87mnq","acc":"MeX3Uq6I5zX7","itemId":101,"count":1}
[2021-08-26 11:12:34.482][18384][INFO] [CMD:1001]{"token":"fadmjkl3sq9htp2p48mmc87mnq","acc":"MeX3Uq6I5zX7"}
[2021-08-26 11:12:40.181][18384][INFO] [CMD:1004]{"token":"fadmjkl3sq9htp2p48mmc87mnq","acc":"MeX3Uq6I5zX7","itemId":101,"count":1}
[2021-08-26 11:12:40.357][18384][INFO] [CMD:1001]{"token":"fadmjkl3sq9htp2p48mmc87mnq","acc":"MeX3Uq6I5zX7"}
[2021-08-26 11:12:41.179][18384][INFO] [CMD:1004]{"token":"fadmjkl3sq9htp2p48mmc87mnq","acc":"MeX3Uq6I5zX7","itemId":101,"count":1}
[2021-08-26 11:12:41.289][18384][INFO] [CMD:1001]{"token":"fadmjkl3sq9htp2p48mmc87mnq","acc":"MeX3Uq6I5zX7"}
[2021-08-26 11:12:42.161][18384][INFO] [CMD:1004]{"token":"fadmjkl3sq9htp2p48mmc87mnq","acc":"MeX3Uq6I5zX7","itemId":101,"count":1}
[2021-08-26 11:12:42.358][18384][INFO] [CMD:1001]{"token":"fadmjkl3sq9htp2p48mmc87mnq","acc":"MeX3Uq6I5zX7"}
[2021-08-26 11:12:45.340][18384][INFO] [CMD:1004]{"token":"fadmjkl3sq9htp2p48mmc87mnq","acc":"MeX3Uq6I5zX7","itemId":101,"count":1}
[2021-08-26 11:12:45.424][18384][INFO] [CMD:1001]{"token":"fadmjkl3sq9htp2p48mmc87mnq","acc":"MeX3Uq6I5zX7"}
[2021-08-26 11:12:46.216][18384][INFO] [CMD:1004]{"token":"fadmjkl3sq9htp2p48mmc87mnq","acc":"MeX3Uq6I5zX7","itemId":101,"count":1}
[2021-08-26 11:12:46.325][18384][INFO] [CMD:1001]{"token":"fadmjkl3sq9htp2p48mmc87mnq","acc":"MeX3Uq6I5zX7"}
[2021-08-26 11:12:47.165][18384][INFO] [CMD:1004]{"token":"fadmjkl3sq9htp2p48mmc87mnq","acc":"MeX3Uq6I5zX7","itemId":101,"count":1}
[2021-08-26 11:12:47.240][18384][INFO] [CMD:1001]{"token":"fadmjkl3sq9htp2p48mmc87mnq","acc":"MeX3Uq6I5zX7"}
[2021-08-26 11:12:48.046][18384][INFO] [CMD:1004]{"token":"fadmjkl3sq9htp2p48mmc87mnq","acc":"MeX3Uq6I5zX7","itemId":101,"count":1}
[2021-08-26 11:12:48.151][18384][INFO] [CMD:1001]{"token":"fadmjkl3sq9htp2p48mmc87mnq","acc":"MeX3Uq6I5zX7"}
[2021-08-26 11:12:50.013][18384][INFO] [CMD:1004]{"token":"fadmjkl3sq9htp2p48mmc87mnq","acc":"MeX3Uq6I5zX7","itemId":101,"count":1}
[2021-08-26 11:12:50.092][18384][INFO] [CMD:1001]{"token":"fadmjkl3sq9htp2p48mmc87mnq","acc":"MeX3Uq6I5zX7"}
[2021-08-26 11:20:59.449][18384][INFO] [CMD:101][ACC:MeX3Uq6I5zX7]
[2021-08-26 11:20:59.610][18384][INFO] [CMD:1021]{"token":"70m53qsf20af2nrabh2qo4m5tn","acc":"MeX3Uq6I5zX7"}
[2021-08-26 11:20:59.618][18384][INFO] [CMD:1025]{"token":"70m53qsf20af2nrabh2qo4m5tn","acc":"MeX3Uq6I5zX7"}
[2021-08-26 11:20:59.642][18384][INFO] [CMD:1028]{"token":"70m53qsf20af2nrabh2qo4m5tn","acc":"MeX3Uq6I5zX7"}
[2021-08-26 11:21:36.243][18384][INFO] [CMD:1001]{"token":"70m53qsf20af2nrabh2qo4m5tn","acc":"MeX3Uq6I5zX7"}
[2021-08-26 11:21:36.246][18384][INFO] [CMD:1023]{"token":"70m53qsf20af2nrabh2qo4m5tn","acc":"MeX3Uq6I5zX7"}
[2021-08-26 11:21:36.260][18384][INFO] [CMD:1011]{"token":"70m53qsf20af2nrabh2qo4m5tn","acc":"MeX3Uq6I5zX7"}
[2021-08-26 11:22:56.204][18384][INFO] [CMD:1011]{"token":"70m53qsf20af2nrabh2qo4m5tn","acc":"MeX3Uq6I5zX7"}
[2021-08-26 11:22:56.210][18384][INFO] [CMD:1001]{"token":"70m53qsf20af2nrabh2qo4m5tn","acc":"MeX3Uq6I5zX7"}
[2021-08-26 11:23:24.245][18384][INFO] [CMD:1009]{"token":"70m53qsf20af2nrabh2qo4m5tn","acc":"MeX3Uq6I5zX7","bonusList":"2,1,1,5"}
[2021-08-26 11:23:30.166][18384][INFO] [CMD:1001]{"token":"70m53qsf20af2nrabh2qo4m5tn","acc":"MeX3Uq6I5zX7"}
[2021-08-26 11:23:30.191][18384][INFO] [CMD:1011]{"token":"70m53qsf20af2nrabh2qo4m5tn","acc":"MeX3Uq6I5zX7"}
[2021-08-26 11:23:47.549][18384][INFO] [CMD:1011]{"token":"70m53qsf20af2nrabh2qo4m5tn","acc":"MeX3Uq6I5zX7"}
[2021-08-26 11:23:47.558][18384][INFO] [CMD:1001]{"token":"70m53qsf20af2nrabh2qo4m5tn","acc":"MeX3Uq6I5zX7"}
[2021-08-26 11:23:50.565][18384][INFO] [CMD:1007]{"token":"70m53qsf20af2nrabh2qo4m5tn","acc":"MeX3Uq6I5zX7","guid":244,"site":3}
[2021-08-26 11:23:50.636][18384][INFO] [CMD:1001]{"token":"70m53qsf20af2nrabh2qo4m5tn","acc":"MeX3Uq6I5zX7"}
[2021-08-26 11:24:01.965][18384][INFO] [CMD:1004]{"token":"70m53qsf20af2nrabh2qo4m5tn","acc":"MeX3Uq6I5zX7","itemId":1,"count":1}
[2021-08-26 11:24:02.250][18384][INFO] [CMD:1001]{"token":"70m53qsf20af2nrabh2qo4m5tn","acc":"MeX3Uq6I5zX7"}
[2021-08-26 11:24:04.350][18384][INFO] [CMD:1004]{"token":"70m53qsf20af2nrabh2qo4m5tn","acc":"MeX3Uq6I5zX7","itemId":2,"count":1}
[2021-08-26 11:24:05.071][18384][INFO] [CMD:1001]{"token":"70m53qsf20af2nrabh2qo4m5tn","acc":"MeX3Uq6I5zX7"}
[2021-08-26 11:24:08.692][18384][INFO] [CMD:1003]{"token":"70m53qsf20af2nrabh2qo4m5tn","acc":"MeX3Uq6I5zX7","itemId":103,"count":1}
[2021-08-26 11:24:08.692][18384][INFO] [CMD:1003]{"token":"70m53qsf20af2nrabh2qo4m5tn","acc":"MeX3Uq6I5zX7","itemId":2,"count":1}
[2021-08-26 11:24:08.694][18384][INFO] [CMD:1003]{"token":"70m53qsf20af2nrabh2qo4m5tn","acc":"MeX3Uq6I5zX7","itemId":1,"count":1}
[2021-08-26 11:24:08.694][18384][INFO] [CMD:1002]{"token":"70m53qsf20af2nrabh2qo4m5tn","acc":"MeX3Uq6I5zX7","guid":244,"count":1}
[2021-08-26 11:24:08.694][18384][INFO] [CMD:1003]{"token":"70m53qsf20af2nrabh2qo4m5tn","acc":"MeX3Uq6I5zX7","itemId":102,"count":1}
[2021-08-26 11:24:08.703][18384][INFO] [CMD:1003]{"token":"70m53qsf20af2nrabh2qo4m5tn","acc":"MeX3Uq6I5zX7","itemId":101,"count":30}
[2021-08-26 11:24:08.988][18384][INFO] [CMD:1001]{"token":"70m53qsf20af2nrabh2qo4m5tn","acc":"MeX3Uq6I5zX7"}
[2021-08-26 11:24:09.018][18384][INFO] [CMD:1001]{"token":"70m53qsf20af2nrabh2qo4m5tn","acc":"MeX3Uq6I5zX7"}
[2021-08-26 11:24:09.018][18384][INFO] [CMD:1001]{"token":"70m53qsf20af2nrabh2qo4m5tn","acc":"MeX3Uq6I5zX7"}
[2021-08-26 11:24:09.026][18384][INFO] [CMD:1001]{"token":"70m53qsf20af2nrabh2qo4m5tn","acc":"MeX3Uq6I5zX7"}
[2021-08-26 11:24:09.066][18384][INFO] [CMD:1001]{"token":"70m53qsf20af2nrabh2qo4m5tn","acc":"MeX3Uq6I5zX7"}
[2021-08-26 11:24:18.745][18384][INFO] [CMD:1001]{"token":"70m53qsf20af2nrabh2qo4m5tn","acc":"MeX3Uq6I5zX7"}
[2021-08-26 11:24:18.755][18384][INFO] [CMD:1011]{"token":"70m53qsf20af2nrabh2qo4m5tn","acc":"MeX3Uq6I5zX7"}
[2021-08-26 11:24:22.764][18384][INFO] [CMD:1007]{"token":"70m53qsf20af2nrabh2qo4m5tn","acc":"MeX3Uq6I5zX7","guid":213,"site":3}
[2021-08-26 11:24:22.867][18384][INFO] [CMD:1001]{"token":"70m53qsf20af2nrabh2qo4m5tn","acc":"MeX3Uq6I5zX7"}
[2021-08-26 11:24:28.536][18384][INFO] [CMD:1002]{"token":"70m53qsf20af2nrabh2qo4m5tn","acc":"MeX3Uq6I5zX7","guid":213,"count":1}
[2021-08-26 11:24:29.324][18384][INFO] [CMD:1002]{"token":"70m53qsf20af2nrabh2qo4m5tn","acc":"MeX3Uq6I5zX7","guid":213,"count":1}
[2021-08-26 11:24:30.192][18384][INFO] [CMD:1002]{"token":"70m53qsf20af2nrabh2qo4m5tn","acc":"MeX3Uq6I5zX7","guid":213,"count":1}
[2021-08-26 11:24:37.535][18384][INFO] [CMD:1002]{"token":"70m53qsf20af2nrabh2qo4m5tn","acc":"MeX3Uq6I5zX7","guid":213,"count":1}
[2021-08-26 11:24:38.279][18384][INFO] [CMD:1002]{"token":"70m53qsf20af2nrabh2qo4m5tn","acc":"MeX3Uq6I5zX7","guid":213,"count":1}
[2021-08-26 11:24:39.059][18384][INFO] [CMD:1002]{"token":"70m53qsf20af2nrabh2qo4m5tn","acc":"MeX3Uq6I5zX7","guid":213,"count":1}
[2021-08-26 11:24:40.546][18384][INFO] [CMD:1002]{"token":"70m53qsf20af2nrabh2qo4m5tn","acc":"MeX3Uq6I5zX7","guid":213,"count":1}
[2021-08-26 11:24:41.045][18384][INFO] [CMD:1002]{"token":"70m53qsf20af2nrabh2qo4m5tn","acc":"MeX3Uq6I5zX7","guid":213,"count":1}
[2021-08-26 11:24:41.638][18384][INFO] [CMD:1002]{"token":"70m53qsf20af2nrabh2qo4m5tn","acc":"MeX3Uq6I5zX7","guid":213,"count":1}
[2021-08-26 11:24:42.378][18384][INFO] [CMD:1002]{"token":"70m53qsf20af2nrabh2qo4m5tn","acc":"MeX3Uq6I5zX7","guid":213,"count":1}
[2021-08-26 11:24:42.765][18384][INFO] [CMD:1002]{"token":"70m53qsf20af2nrabh2qo4m5tn","acc":"MeX3Uq6I5zX7","guid":213,"count":1}
[2021-08-26 11:24:43.354][18384][INFO] [CMD:1002]{"token":"70m53qsf20af2nrabh2qo4m5tn","acc":"MeX3Uq6I5zX7","guid":213,"count":1}
[2021-08-26 11:24:44.013][18384][INFO] [CMD:1002]{"token":"70m53qsf20af2nrabh2qo4m5tn","acc":"MeX3Uq6I5zX7","guid":213,"count":1}
[2021-08-26 11:24:45.476][18384][INFO] [CMD:1004]{"token":"70m53qsf20af2nrabh2qo4m5tn","acc":"MeX3Uq6I5zX7","itemId":107,"count":1}
[2021-08-26 11:24:45.597][18384][INFO] [CMD:1001]{"token":"70m53qsf20af2nrabh2qo4m5tn","acc":"MeX3Uq6I5zX7"}
[2021-08-26 11:25:01.627][18384][INFO] [CMD:1002]{"token":"70m53qsf20af2nrabh2qo4m5tn","acc":"MeX3Uq6I5zX7","guid":213,"count":1}
[2021-08-26 11:25:02.119][18384][INFO] [CMD:1002]{"token":"70m53qsf20af2nrabh2qo4m5tn","acc":"MeX3Uq6I5zX7","guid":213,"count":1}
[2021-08-26 11:25:02.612][18384][INFO] [CMD:1002]{"token":"70m53qsf20af2nrabh2qo4m5tn","acc":"MeX3Uq6I5zX7","guid":213,"count":1}
[2021-08-26 11:25:04.512][18384][INFO] [CMD:1002]{"token":"70m53qsf20af2nrabh2qo4m5tn","acc":"MeX3Uq6I5zX7","guid":213,"count":1}
[2021-08-26 11:25:05.034][18384][INFO] [CMD:1002]{"token":"70m53qsf20af2nrabh2qo4m5tn","acc":"MeX3Uq6I5zX7","guid":213,"count":1}
[2021-08-26 11:25:05.640][18384][INFO] [CMD:1002]{"token":"70m53qsf20af2nrabh2qo4m5tn","acc":"MeX3Uq6I5zX7","guid":213,"count":1}
[2021-08-26 11:25:19.671][18384][INFO] [CMD:1008]{"token":"70m53qsf20af2nrabh2qo4m5tn","acc":"MeX3Uq6I5zX7","creaftId":16,"count":1}
[2021-08-26 11:25:20.066][18384][INFO] [CMD:1001]{"token":"70m53qsf20af2nrabh2qo4m5tn","acc":"MeX3Uq6I5zX7"}
[2021-08-26 11:25:23.023][18384][INFO] [CMD:1008]{"token":"70m53qsf20af2nrabh2qo4m5tn","acc":"MeX3Uq6I5zX7","creaftId":24,"count":1}
[2021-08-26 11:25:23.405][18384][INFO] [CMD:1001]{"token":"70m53qsf20af2nrabh2qo4m5tn","acc":"MeX3Uq6I5zX7"}
[2021-08-26 11:25:25.151][18384][INFO] [CMD:1011]{"token":"70m53qsf20af2nrabh2qo4m5tn","acc":"MeX3Uq6I5zX7"}
[2021-08-26 11:25:25.151][18384][INFO] [CMD:1001]{"token":"70m53qsf20af2nrabh2qo4m5tn","acc":"MeX3Uq6I5zX7"}
[2021-08-26 11:25:27.412][18384][INFO] [CMD:1007]{"token":"70m53qsf20af2nrabh2qo4m5tn","acc":"MeX3Uq6I5zX7","guid":159,"site":4}
[2021-08-26 11:25:27.481][18384][INFO] [CMD:1001]{"token":"70m53qsf20af2nrabh2qo4m5tn","acc":"MeX3Uq6I5zX7"}
[2021-08-26 11:25:31.677][18384][INFO] [CMD:1002]{"token":"70m53qsf20af2nrabh2qo4m5tn","acc":"MeX3Uq6I5zX7","guid":159,"count":1}
[2021-08-26 11:25:44.707][18384][INFO] [CMD:1002]{"token":"70m53qsf20af2nrabh2qo4m5tn","acc":"MeX3Uq6I5zX7","guid":213,"count":1}
[2021-08-26 13:11:19.200][18384][INFO] [CMD:101][ACC:MeX3Uq6I5zX7]
[2021-08-26 13:11:19.321][18384][INFO] [CMD:1025]{"token":"ge2jo1rlpv4t1q9bkrf14s19gd","acc":"MeX3Uq6I5zX7"}
[2021-08-26 13:11:19.342][18384][INFO] [CMD:1028]{"token":"ge2jo1rlpv4t1q9bkrf14s19gd","acc":"MeX3Uq6I5zX7"}
[2021-08-26 13:11:19.351][18384][INFO] [CMD:1021]{"token":"ge2jo1rlpv4t1q9bkrf14s19gd","acc":"MeX3Uq6I5zX7"}
[2021-08-26 13:11:23.192][18384][INFO] [CMD:1023]{"token":"ge2jo1rlpv4t1q9bkrf14s19gd","acc":"MeX3Uq6I5zX7"}
[2021-08-26 13:11:23.199][18384][INFO] [CMD:1001]{"token":"ge2jo1rlpv4t1q9bkrf14s19gd","acc":"MeX3Uq6I5zX7"}
[2021-08-26 13:11:23.202][18384][INFO] [CMD:1011]{"token":"ge2jo1rlpv4t1q9bkrf14s19gd","acc":"MeX3Uq6I5zX7"}
[2021-08-26 13:12:22.640][18384][INFO] [CMD:101][ACC:MeX3Uq6I5zX7]
[2021-08-26 13:12:22.768][18384][INFO] [CMD:1025]{"token":"qc84vqeeusmua6ual8m4tocurs","acc":"MeX3Uq6I5zX7"}
[2021-08-26 13:12:22.769][18384][INFO] [CMD:1028]{"token":"qc84vqeeusmua6ual8m4tocurs","acc":"MeX3Uq6I5zX7"}
[2021-08-26 13:12:22.771][18384][INFO] [CMD:1021]{"token":"qc84vqeeusmua6ual8m4tocurs","acc":"MeX3Uq6I5zX7"}
[2021-08-26 13:12:26.780][18384][INFO] [CMD:1023]{"token":"qc84vqeeusmua6ual8m4tocurs","acc":"MeX3Uq6I5zX7"}
[2021-08-26 13:12:26.801][18384][INFO] [CMD:1001]{"token":"qc84vqeeusmua6ual8m4tocurs","acc":"MeX3Uq6I5zX7"}
[2021-08-26 13:12:26.801][18384][INFO] [CMD:1011]{"token":"qc84vqeeusmua6ual8m4tocurs","acc":"MeX3Uq6I5zX7"}
[2021-08-26 13:34:58.186][18384][INFO] [CMD:101][ACC:MeX3Uq6I5zX7]
[2021-08-26 13:34:58.297][18384][INFO] [CMD:1025]{"token":"lb0p9mcrqk8tepl2g093arbtfr","acc":"MeX3Uq6I5zX7"}
[2021-08-26 13:34:58.304][18384][INFO] [CMD:1021]{"token":"lb0p9mcrqk8tepl2g093arbtfr","acc":"MeX3Uq6I5zX7"}
[2021-08-26 13:34:58.307][18384][INFO] [CMD:1028]{"token":"lb0p9mcrqk8tepl2g093arbtfr","acc":"MeX3Uq6I5zX7"}
[2021-08-26 13:35:02.544][18384][INFO] [CMD:1023]{"token":"lb0p9mcrqk8tepl2g093arbtfr","acc":"MeX3Uq6I5zX7"}
[2021-08-26 13:35:02.563][18384][INFO] [CMD:1001]{"token":"lb0p9mcrqk8tepl2g093arbtfr","acc":"MeX3Uq6I5zX7"}
[2021-08-26 13:35:02.563][18384][INFO] [CMD:1011]{"token":"lb0p9mcrqk8tepl2g093arbtfr","acc":"MeX3Uq6I5zX7"}
[2021-08-26 13:35:47.002][18384][INFO] [CMD:101][ACC:p8qCgvHRwiWQ]
[2021-08-26 13:36:10.984][18384][INFO] [CMD:101][ACC:p8qCgvHRwiWQ]
[2021-08-26 16:17:10.533][18384][INFO] [CMD:101][ACC:MeX3Uq6I5zX7]
[2021-08-26 16:17:10.647][18384][INFO] [CMD:1021]{"token":"2scuhjuplsuvrc0ekhfbjs3kqf","acc":"MeX3Uq6I5zX7"}
[2021-08-26 16:17:10.680][18384][INFO] [CMD:1025]{"token":"2scuhjuplsuvrc0ekhfbjs3kqf","acc":"MeX3Uq6I5zX7"}
[2021-08-26 16:17:10.680][18384][INFO] [CMD:1028]{"token":"2scuhjuplsuvrc0ekhfbjs3kqf","acc":"MeX3Uq6I5zX7"}
[2021-08-26 16:17:16.251][18384][INFO] [CMD:1011]{"token":"2scuhjuplsuvrc0ekhfbjs3kqf","acc":"MeX3Uq6I5zX7"}
[2021-08-26 16:17:16.255][18384][INFO] [CMD:1023]{"token":"2scuhjuplsuvrc0ekhfbjs3kqf","acc":"MeX3Uq6I5zX7"}
[2021-08-26 16:17:16.274][18384][INFO] [CMD:1001]{"token":"2scuhjuplsuvrc0ekhfbjs3kqf","acc":"MeX3Uq6I5zX7"}
[2021-08-26 16:17:20.920][18384][INFO] [CMD:1011]{"token":"2scuhjuplsuvrc0ekhfbjs3kqf","acc":"MeX3Uq6I5zX7"}
[2021-08-26 16:17:23.504][18384][INFO] [CMD:9000]{"token":"2scuhjuplsuvrc0ekhfbjs3kqf","acc":"MeX3Uq6I5zX7","productId":"craftstory_120","transactionId":"b340b52d-8238-4455-893c-1077039e4ada"}
[2021-08-26 16:17:23.624][18384][INFO] [CMD:1011]{"token":"2scuhjuplsuvrc0ekhfbjs3kqf","acc":"MeX3Uq6I5zX7"}
[2021-08-26 16:19:52.554][18384][INFO] [CMD:9000]{"token":"2scuhjuplsuvrc0ekhfbjs3kqf","acc":"MeX3Uq6I5zX7","productId":"craftstory_120","transactionId":"2e26512f-4fea-4ad2-a313-971f8a0b8862"}
[2021-08-26 16:21:18.813][18384][INFO] [CMD:9000]{"token":"2scuhjuplsuvrc0ekhfbjs3kqf","acc":"MeX3Uq6I5zX7","productId":"craftstory_120","transactionId":"b2eaa304-bf74-4df4-a8ab-c0a064ec853c"}
[2021-08-26 16:21:29.913][18384][INFO] [CMD:9000]{"token":"2scuhjuplsuvrc0ekhfbjs3kqf","acc":"MeX3Uq6I5zX7","productId":"craftstory_120","transactionId":"b77f246b-cd5f-4638-96fa-3c03c09dff2c"}
[2021-08-26 16:21:30.420][18384][INFO] [CMD:1011]{"token":"2scuhjuplsuvrc0ekhfbjs3kqf","acc":"MeX3Uq6I5zX7"}
[2021-08-26 16:53:47.028][18384][INFO] [CMD:101][ACC:p8qCgvHRwiWQ]
[2021-08-26 16:54:06.724][18384][INFO] [CMD:101][ACC:MeX3Uq6I5zX7]
[2021-08-26 16:54:06.836][18384][INFO] [CMD:1025]{"token":"p223064ojcgp9bpm4g61jt0fv6","acc":"MeX3Uq6I5zX7"}
[2021-08-26 16:54:06.851][18384][INFO] [CMD:1028]{"token":"p223064ojcgp9bpm4g61jt0fv6","acc":"MeX3Uq6I5zX7"}
[2021-08-26 16:54:06.864][18384][INFO] [CMD:1021]{"token":"p223064ojcgp9bpm4g61jt0fv6","acc":"MeX3Uq6I5zX7"}
[2021-08-26 16:54:10.861][18384][INFO] [CMD:1001]{"token":"p223064ojcgp9bpm4g61jt0fv6","acc":"MeX3Uq6I5zX7"}
[2021-08-26 16:54:10.861][18384][INFO] [CMD:1011]{"token":"p223064ojcgp9bpm4g61jt0fv6","acc":"MeX3Uq6I5zX7"}
[2021-08-26 16:54:10.874][18384][INFO] [CMD:1023]{"token":"p223064ojcgp9bpm4g61jt0fv6","acc":"MeX3Uq6I5zX7"}
[2021-08-26 16:54:13.050][18384][INFO] [CMD:1011]{"token":"p223064ojcgp9bpm4g61jt0fv6","acc":"MeX3Uq6I5zX7"}
[2021-08-26 16:54:13.057][18384][INFO] [CMD:1001]{"token":"p223064ojcgp9bpm4g61jt0fv6","acc":"MeX3Uq6I5zX7"}
[2021-08-26 16:54:23.736][18384][INFO] [CMD:1011]{"token":"p223064ojcgp9bpm4g61jt0fv6","acc":"MeX3Uq6I5zX7"}
[2021-08-26 16:54:25.203][18384][INFO] [CMD:1016]{"token":"p223064ojcgp9bpm4g61jt0fv6","acc":"MeX3Uq6I5zX7","page":1,"nickName":"","sortType":0}
[2021-08-26 16:54:27.020][18384][INFO] [CMD:1039]{"token":"p223064ojcgp9bpm4g61jt0fv6","acc":"MeX3Uq6I5zX7","myshopId":1}
[2021-08-26 16:54:28.246][18384][INFO] [CMD:1011]{"token":"p223064ojcgp9bpm4g61jt0fv6","acc":"MeX3Uq6I5zX7"}
[2021-08-26 16:54:29.873][18384][INFO] [CMD:1017]{"token":"p223064ojcgp9bpm4g61jt0fv6","acc":"MeX3Uq6I5zX7","guid":1}
[2021-08-26 16:54:31.537][18384][INFO] [CMD:1017]{"token":"p223064ojcgp9bpm4g61jt0fv6","acc":"MeX3Uq6I5zX7","guid":1}
[2021-08-26 16:54:35.115][18384][INFO] [CMD:1001]{"token":"p223064ojcgp9bpm4g61jt0fv6","acc":"MeX3Uq6I5zX7"}
[2021-08-26 16:54:35.115][18384][INFO] [CMD:1011]{"token":"p223064ojcgp9bpm4g61jt0fv6","acc":"MeX3Uq6I5zX7"}
[2021-08-26 16:56:16.322][18384][INFO] [CMD:1018]{"token":"p223064ojcgp9bpm4g61jt0fv6","acc":"MeX3Uq6I5zX7","site":1,"isfree":0}
[2021-08-26 16:56:20.609][18384][INFO] [CMD:1001]{"token":"p223064ojcgp9bpm4g61jt0fv6","acc":"MeX3Uq6I5zX7"}
[2021-08-26 16:56:20.616][18384][INFO] [CMD:1011]{"token":"p223064ojcgp9bpm4g61jt0fv6","acc":"MeX3Uq6I5zX7"}
[2021-08-26 16:56:44.978][18384][INFO] [CMD:1005]{"token":"p223064ojcgp9bpm4g61jt0fv6","acc":"MeX3Uq6I5zX7","itemId":3002,"count":1,"newName":"Tttteee","rdata":"{\"sizeX\":23,\"sizeZ\":20,\"blocks\":[{\"id\":1001,\"posX\":-11,\"posY\":0,\"posZ\":-9,\"direction\":0},{\"id\":1001,\"posX\":-10,\"posY\":0,\"posZ\":-8,\"direction\":0},{\"id\":1001,\"posX\":-9,\"posY\":0,\"posZ\":-10,\"direction\":0},{\"id\":1001,\"posX\":-8,\"posY\":0,\"posZ\":-6,\"direction\":0},{\"id\":1001,\"posX\":-8,\"posY\":0,\"posZ\":-5,\"direction\":0},{\"id\":1001,\"posX\":-8,\"posY\":0,\"posZ\":-4,\"direction\":0},{\"id\":1001,\"posX\":-8,\"posY\":0,\"posZ\":-3,\"direction\":0},{\"id\":1001,\"posX\":-8,\"posY\":0,\"posZ\":-2,\"direction\":0},{\"id\":1001,\"posX\":-8,\"posY\":0,\"posZ\":-1,\"direction\":0},{\"id\":1001,\"posX\":-8,\"posY\":0,\"posZ\":0,\"direction\":0},{\"id\":1001,\"posX\":-8,\"posY\":0,\"posZ\":1,\"direction\":0},{\"id\":1001,\"posX\":-8,\"posY\":0,\"posZ\":2,\"direction\":0},{\"id\":1001,\"posX\":-8,\"posY\":0,\"posZ\":3,\"direction\":0},{\"id\":1001,\"posX\":-7,\"posY\":0,\"posZ\":2,\"direction\":0},{\"id\":1001,\"posX\":-6,\"posY\":0,\"posZ\":2,\"direction\":0},{\"id\":1001,\"posX\":-6,\"posY\":0,\"posZ\":5,\"direction\":0},{\"id\":5000,\"posX\":-4,\"posY\":0,\"posZ\":-3,\"direction\":0},{\"id\":1001,\"posX\":-4,\"posY\":0,\"posZ\":2,\"direction\":0},{\"id\":5001,\"posX\":-1,\"posY\":0,\"posZ\":-3,\"direction\":0},{\"id\":1007,\"posX\":3,\"posY\":0,\"posZ\":4,\"direction\":0},{\"id\":1007,\"posX\":4,\"posY\":0,\"posZ\":4,\"direction\":0},{\"id\":1007,\"posX\":5,\"posY\":0,\"posZ\":4,\"direction\":0},{\"id\":5002,\"posX\":6,\"posY\":0,\"posZ\":4,\"direction\":3},{\"id\":1007,\"posX\":7,\"posY\":0,\"posZ\":4,\"direction\":0},{\"id\":1007,\"posX\":10,\"posY\":0,\"posZ\":4,\"direction\":0},{\"id\":1001,\"posX\":-11,\"posY\":1,\"posZ\":-9,\"direction\":0},{\"id\":1001,\"posX\":-10,\"posY\":1,\"posZ\":-8,\"direction\":0},{\"id\":1001,\"posX\":-9,\"posY\":1,\"posZ\":-10,\"direction\":0},{\"id\":1007,\"posX\":-8,\"posY\":1,\"posZ\":-6,\"direction\":0},{\"id\":5002,\"posX\":-8,\"posY\":1,\"posZ\":-4,\"direction\":5},{\"id\":1003,\"posX\":-8,\"posY\":1,\"posZ\":-2,\"direction\":0},{\"id\":1001,\"posX\":-8,\"posY\":1,\"posZ\":2,\"direction\":0},{\"id\":1001,\"posX\":-8,\"posY\":1,\"posZ\":3,\"direction\":0},{\"id\":1001,\"posX\":-7,\"posY\":1,\"posZ\":2,\"direction\":0},{\"id\":1001,\"posX\":-6,\"posY\":1,\"posZ\":2,\"direction\":0},{\"id\":1001,\"posX\":-6,\"posY\":1,\"posZ\":5,\"direction\":0},{\"id\":1001,\"posX\":-4,\"posY\":1,\"posZ\":2,\"direction\":0},{\"id\":1007,\"posX\":3,\"posY\":1,\"posZ\":4,\"direction\":0},{\"id\":1007,\"posX\":4,\"posY\":1,\"posZ\":4,\"direction\":0},{\"id\":1007,\"posX\":5,\"posY\":1,\"posZ\":4,\"direction\":0},{\"id\":1007,\"posX\":7,\"posY\":1,\"posZ\":4,\"direction\":0},{\"id\":1007,\"posX\":10,\"posY\":1,\"posZ\":4,\"direction\":0},{\"id\":1001,\"posX\":-9,\"posY\":2,\"posZ\":-10,\"direction\":0},{\"id\":1007,\"posX\":-8,\"posY\":2,\"posZ\":-6,\"direction\":0},{\"id\":1002,\"posX\":-8,\"posY\":2,\"posZ\":-5,\"direction\":0},{\"id\":1002,\"posX\":-8,\"posY\":2,\"posZ\":-3,\"direction\":0},{\"id\":1002,\"posX\":-8,\"posY\":2,\"posZ\":-2,\"direction\":0},{\"id\":1001,\"posX\":-8,\"posY\":2,\"posZ\":-1,\"direction\":0},{\"id\":1001,\"posX\":-8,\"posY\":2,\"posZ\":0,\"direction\":0},{\"id\":1001,\"posX\":-8,\"posY\":2,\"posZ\":1,\"direction\":0},{\"id\":1001,\"posX\":-8,\"posY\":2,\"posZ\":2,\"direction\":0},{\"id\":1001,\"posX\":-8,\"posY\":2,\"posZ\":3,\"direction\":0},{\"id\":1001,\"posX\":-7,\"posY\":2,\"posZ\":2,\"direction\":0},{\"id\":1001,\"posX\":-6,\"posY\":2,\"posZ\":2,\"direction\":0},{\"id\":1001,\"posX\":-6,\"posY\":2,\"posZ\":5,\"direction\":0},{\"id\":1001,\"posX\":-5,\"posY\":2,\"posZ\":2,\"direction\":0},{\"id\":1001,\"posX\":-4,\"posY\":2,\"posZ\":2,\"direction\":0},{\"id\":1007,\"posX\":3,\"posY\":2,\"posZ\":4,\"direction\":0},{\"id\":1007,\"posX\":4,\"posY\":2,\"posZ\":4,\"direction\":0},{\"id\":1007,\"posX\":5,\"posY\":2,\"posZ\":4,\"direction\":0},{\"id\":1007,\"posX\":6,\"posY\":2,\"posZ\":4,\"direction\":0},{\"id\":1007,\"posX\":7,\"posY\":2,\"posZ\":4,\"direction\":0},{\"id\":1007,\"posX\":10,\"posY\":2,\"posZ\":4,\"direction\":0},{\"id\":1001,\"posX\":-9,\"posY\":3,\"posZ\":-10,\"direction\":0},{\"id\":1007,\"posX\":-8,\"posY\":3,\"posZ\":-6,\"direction\":0},{\"id\":1002,\"posX\":-8,\"posY\":3,\"posZ\":-5,\"direction\":0},{\"id\":1002,\"posX\":-8,\"posY\":3,\"posZ\":-4,\"direction\":0},{\"id\":1002,\"posX\":-8,\"posY\":3,\"posZ\":-3,\"direction\":0},{\"id\":1014,\"posX\":-8,\"posY\":3,\"posZ\":-2,\"direction\":0},{\"id\":1014,\"posX\":-8,\"posY\":3,\"posZ\":-1,\"direction\":0},{\"id\":1014,\"posX\":-8,\"posY\":3,\"posZ\":0,\"direction\":0},{\"id\":1014,\"posX\":-3,\"posY\":3,\"posZ\":0,\"direction\":0},{\"id\":1002,\"posX\":-2,\"posY\":3,\"posZ\":0,\"direction\":0},{\"id\":1002,\"posX\":-1,\"posY\":3,\"posZ\":0,\"direction\":0},{\"id\":1002,\"posX\":0,\"posY\":3,\"posZ\":0,\"direction\":0},{\"id\":1014,\"posX\":1,\"posY\":3,\"posZ\":0,\"direction\":0},{\"id\":1001,\"posX\":-9,\"posY\":4,\"posZ\":-10,\"direction\":0},{\"id\":1014,\"posX\":-3,\"posY\":4,\"posZ\":0,\"direction\":0},{\"id\":1002,\"posX\":-2,\"posY\":4,\"posZ\":1,\"direction\":0},{\"id\":1002,\"posX\":-1,\"posY\":4,\"posZ\":1,\"direction\":0},{\"id\":1002,\"posX\":0,\"posY\":4,\"posZ\":1,\"direction\":0},{\"id\":1014,\"posX\":1,\"posY\":4,\"posZ\":0,\"direction\":0},{\"id\":1001,\"posX\":-9,\"posY\":5,\"posZ\":-10,\"direction\":0},{\"id\":5100,\"posX\":-4,\"posY\":5,\"posZ\":0,\"direction\":5},{\"id\":1014,\"posX\":-3,\"posY\":5,\"posZ\":0,\"direction\":0},{\"id\":1014,\"posX\":-3,\"posY\":5,\"posZ\":1,\"direction\":0},{\"id\":1002,\"posX\":-2,\"posY\":5,\"posZ\":2,\"direction\":0},{\"id\":1002,\"posX\":-1,\"posY\":5,\"posZ\":2,\"direction\":0},{\"id\":1002,\"posX\":0,\"posY\":5,\"posZ\":2,\"direction\":0},{\"id\":1014,\"posX\":1,\"posY\":5,\"posZ\":0,\"direction\":0},{\"id\":1014,\"posX\":1,\"posY\":5,\"posZ\":1,\"direction\":0},{\"id\":5100,\"posX\":2,\"posY\":5,\"posZ\":0,\"direction\":4},{\"id\":1001,\"posX\":-9,\"posY\":6,\"posZ\":-10,\"direction\":0},{\"id\":1014,\"posX\":-3,\"posY\":6,\"posZ\":0,\"direction\":0},{\"id\":1014,\"posX\":-3,\"posY\":6,\"posZ\":1,\"direction\":0},{\"id\":1014,\"posX\":-3,\"posY\":6,\"posZ\":2,\"direction\":0},{\"id\":1014,\"posX\":-3,\"posY\":6,\"posZ\":4,\"direction\":0},{\"id\":1014,\"posX\":-3,\"posY\":6,\"posZ\":5,\"direction\":0},{\"id\":1014,\"posX\":-3,\"posY\":6,\"posZ\":6,\"direction\":0},{\"id\":1014,\"posX\":-3,\"posY\":6,\"posZ\":7,\"direction\":0},{\"id\":1002,\"posX\":-2,\"posY\":6,\"posZ\":3,\"direction\":0},{\"id\":1014,\"posX\":-2,\"posY\":6,\"posZ\":4,\"direction\":0},{\"id\":1014,\"posX\":-2,\"posY\":6,\"posZ\":5,\"direction\":0},{\"id\":1014,\"posX\":-2,\"posY\":6,\"posZ\":6,\"direction\":0},{\"id\":1014,\"posX\":-2,\"posY\":6,\"posZ\":7,\"direction\":0},{\"id\":1002,\"posX\":-1,\"posY\":6,\"posZ\":3,\"direction\":0},{\"id\":1014,\"posX\":-1,\"posY\":6,\"posZ\":4,\"direction\":0},{\"id\":1014,\"posX\":-1,\"posY\":6,\"posZ\":5,\"direction\":0},{\"id\":1014,\"posX\":-1,\"posY\":6,\"posZ\":6,\"direction\":0},{\"id\":1014,\"posX\":-1,\"posY\":6,\"posZ\":7,\"direction\":0},{\"id\":1014,\"posX\":-1,\"posY\":6,\"posZ\":8,\"direction\":0},{\"id\":1014,\"posX\":-1,\"posY\":6,\"posZ\":9,\"direction\":0},{\"id\":1002,\"posX\":0,\"posY\":6,\"posZ\":3,\"direction\":0},{\"id\":1014,\"posX\":0,\"posY\":6,\"posZ\":4,\"direction\":0},{\"id\":1014,\"posX\":0,\"posY\":6,\"posZ\":5,\"direction\":0},{\"id\":1014,\"posX\":0,\"posY\":6,\"posZ\":6,\"direction\":0},{\"id\":1014,\"posX\":0,\"posY\":6,\"posZ\":7,\"direction\":0},{\"id\":1014,\"posX\":1,\"posY\":6,\"posZ\":0,\"direction\":0},{\"id\":1014,\"posX\":1,\"posY\":6,\"posZ\":1,\"direction\":0},{\"id\":1014,\"posX\":1,\"posY\":6,\"posZ\":2,\"direction\":0},{\"id\":1014,\"posX\":1,\"posY\":6,\"posZ\":4,\"direction\":0},{\"id\":1014,\"posX\":1,\"posY\":6,\"posZ\":5,\"direction\":0},{\"id\":1014,\"posX\":1,\"posY\":6,\"posZ\":6,\"direction\":0},{\"id\":1014,\"posX\":1,\"posY\":6,\"posZ\":7,\"direction\":0},{\"id\":1001,\"posX\":-9,\"posY\":7,\"posZ\":-10,\"direction\":0},{\"id\":1014,\"posX\":-3,\"posY\":7,\"posZ\":1,\"direction\":0},{\"id\":1014,\"posX\":-3,\"posY\":7,\"posZ\":2,\"direction\":0},{\"id\":1014,\"posX\":-3,\"posY\":7,\"posZ\":3,\"direction\":0},{\"id\":1014,\"posX\":0,\"posY\":7,\"posZ\":3,\"direction\":0},{\"id\":1014,\"posX\":1,\"posY\":7,\"posZ\":1,\"direction\":0},{\"id\":1014,\"posX\":1,\"posY\":7,\"posZ\":2,\"direction\":0},{\"id\":1014,\"posX\":1,\"posY\":7,\"posZ\":3,\"direction\":0},{\"id\":1001,\"posX\":-9,\"posY\":8,\"posZ\":-10,\"direction\":0},{\"id\":1014,\"posX\":-3,\"posY\":8,\"posZ\":2,\"direction\":0},{\"id\":1014,\"posX\":-3,\"posY\":8,\"posZ\":3,\"direction\":0},{\"id\":1014,\"posX\":0,\"posY\":8,\"posZ\":3,\"direction\":0},{\"id\":1014,\"posX\":1,\"posY\":8,\"posZ\":2,\"direction\":0},{\"id\":1014,\"posX\":1,\"posY\":8,\"posZ\":3,\"direction\":0},{\"id\":1001,\"posX\":-9,\"posY\":9,\"posZ\":-10,\"direction\":0},{\"id\":1001,\"posX\":-9,\"posY\":10,\"posZ\":-10,\"direction\":0},{\"id\":1001,\"posX\":-9,\"posY\":11,\"posZ\":-10,\"direction\":0}],\"IsDuplicate\":false}"}
[2021-08-26 16:56:45.056][18384][INFO] [CMD:1001]{"token":"p223064ojcgp9bpm4g61jt0fv6","acc":"MeX3Uq6I5zX7"}
[2021-08-26 16:56:45.157][18384][INFO] [CMD:1003]{"token":"p223064ojcgp9bpm4g61jt0fv6","acc":"MeX3Uq6I5zX7","itemId":3001,"count":1}
[2021-08-26 16:56:45.284][18384][INFO] [CMD:1001]{"token":"p223064ojcgp9bpm4g61jt0fv6","acc":"MeX3Uq6I5zX7"}
[2021-08-26 16:56:50.225][18384][INFO] [CMD:1014]{"token":"p223064ojcgp9bpm4g61jt0fv6","acc":"MeX3Uq6I5zX7","nickName":"gg","itemGuid":248,"site":1,"price":110}
[2021-08-26 17:20:05.950][18384][INFO] [CMD:101][ACC:MeX3Uq6I5zX7]
[2021-08-26 17:20:06.143][18384][INFO] [CMD:1025]{"token":"9h825hkt4niviqileh7lus7n1a","acc":"MeX3Uq6I5zX7"}
[2021-08-26 17:20:06.176][18384][INFO] [CMD:1021]{"token":"9h825hkt4niviqileh7lus7n1a","acc":"MeX3Uq6I5zX7"}
[2021-08-26 17:20:06.190][18384][INFO] [CMD:1028]{"token":"9h825hkt4niviqileh7lus7n1a","acc":"MeX3Uq6I5zX7"}
[2021-08-26 17:20:10.139][18384][INFO] [CMD:1011]{"token":"9h825hkt4niviqileh7lus7n1a","acc":"MeX3Uq6I5zX7"}
[2021-08-26 17:20:10.154][18384][INFO] [CMD:1001]{"token":"9h825hkt4niviqileh7lus7n1a","acc":"MeX3Uq6I5zX7"}
[2021-08-26 17:20:10.158][18384][INFO] [CMD:1023]{"token":"9h825hkt4niviqileh7lus7n1a","acc":"MeX3Uq6I5zX7"}
[2021-08-26 17:20:13.713][18384][INFO] [CMD:1039]{"token":"9h825hkt4niviqileh7lus7n1a","acc":"MeX3Uq6I5zX7","myshopId":2}
[2021-08-26 17:20:17.997][18384][INFO] [CMD:1001]{"token":"9h825hkt4niviqileh7lus7n1a","acc":"MeX3Uq6I5zX7"}
[2021-08-26 17:20:18.019][18384][INFO] [CMD:1011]{"token":"9h825hkt4niviqileh7lus7n1a","acc":"MeX3Uq6I5zX7"}
[2021-08-26 17:20:25.801][18384][INFO] [CMD:1001]{"token":"9h825hkt4niviqileh7lus7n1a","acc":"MeX3Uq6I5zX7"}
[2021-08-26 17:20:25.814][18384][INFO] [CMD:1011]{"token":"9h825hkt4niviqileh7lus7n1a","acc":"MeX3Uq6I5zX7"}
[2021-08-26 17:20:36.965][18384][INFO] [CMD:1039]{"token":"9h825hkt4niviqileh7lus7n1a","acc":"MeX3Uq6I5zX7","myshopId":2}
[2021-08-26 17:20:40.533][18384][INFO] [CMD:1011]{"token":"9h825hkt4niviqileh7lus7n1a","acc":"MeX3Uq6I5zX7"}
[2021-08-26 17:20:41.914][18384][INFO] [CMD:1016]{"token":"9h825hkt4niviqileh7lus7n1a","acc":"MeX3Uq6I5zX7","page":1,"nickName":"","sortType":0}
[2021-08-26 17:20:42.960][18384][INFO] [CMD:1039]{"token":"9h825hkt4niviqileh7lus7n1a","acc":"MeX3Uq6I5zX7","myshopId":1}
[2021-08-26 17:20:44.112][18384][INFO] [CMD:1011]{"token":"9h825hkt4niviqileh7lus7n1a","acc":"MeX3Uq6I5zX7"}
[2021-08-26 17:20:46.237][18384][INFO] [CMD:1011]{"token":"9h825hkt4niviqileh7lus7n1a","acc":"MeX3Uq6I5zX7"}
[2021-08-26 17:20:47.196][18384][INFO] [CMD:1016]{"token":"9h825hkt4niviqileh7lus7n1a","acc":"MeX3Uq6I5zX7","page":1,"nickName":"","sortType":0}
[2021-08-26 17:20:49.046][18384][INFO] [CMD:1039]{"token":"9h825hkt4niviqileh7lus7n1a","acc":"MeX3Uq6I5zX7","myshopId":1}
[2021-08-26 17:21:31.519][18384][INFO] [CMD:101][ACC:MeX3Uq6I5zX7]
[2021-08-26 17:21:31.655][18384][INFO] [CMD:1025]{"token":"aiotp2eq92fg0du8jqqemgo7qs","acc":"MeX3Uq6I5zX7"}
[2021-08-26 17:21:31.663][18384][INFO] [CMD:1021]{"token":"aiotp2eq92fg0du8jqqemgo7qs","acc":"MeX3Uq6I5zX7"}
[2021-08-26 17:21:31.678][18384][INFO] [CMD:1028]{"token":"aiotp2eq92fg0du8jqqemgo7qs","acc":"MeX3Uq6I5zX7"}
[2021-08-26 17:21:35.492][18384][INFO] [CMD:1023]{"token":"aiotp2eq92fg0du8jqqemgo7qs","acc":"MeX3Uq6I5zX7"}
[2021-08-26 17:21:35.518][18384][INFO] [CMD:1011]{"token":"aiotp2eq92fg0du8jqqemgo7qs","acc":"MeX3Uq6I5zX7"}
[2021-08-26 17:21:35.518][18384][INFO] [CMD:1001]{"token":"aiotp2eq92fg0du8jqqemgo7qs","acc":"MeX3Uq6I5zX7"}
[2021-08-26 17:21:37.244][18384][INFO] [CMD:1011]{"token":"aiotp2eq92fg0du8jqqemgo7qs","acc":"MeX3Uq6I5zX7"}
[2021-08-26 17:21:38.616][18384][INFO] [CMD:1016]{"token":"aiotp2eq92fg0du8jqqemgo7qs","acc":"MeX3Uq6I5zX7","page":1,"nickName":"","sortType":0}
[2021-08-26 17:21:40.787][18384][INFO] [CMD:1039]{"token":"aiotp2eq92fg0du8jqqemgo7qs","acc":"MeX3Uq6I5zX7","myshopId":1}
[2021-08-26 17:21:42.391][18384][INFO] [CMD:1011]{"token":"aiotp2eq92fg0du8jqqemgo7qs","acc":"MeX3Uq6I5zX7"}
[2021-08-26 17:21:46.106][18384][INFO] [CMD:1011]{"token":"aiotp2eq92fg0du8jqqemgo7qs","acc":"MeX3Uq6I5zX7"}
[2021-08-26 17:21:52.868][18384][INFO] [CMD:1016]{"token":"aiotp2eq92fg0du8jqqemgo7qs","acc":"MeX3Uq6I5zX7","page":1,"nickName":"","sortType":0}
[2021-08-26 17:22:01.815][18384][INFO] [CMD:1039]{"token":"aiotp2eq92fg0du8jqqemgo7qs","acc":"MeX3Uq6I5zX7","myshopId":1}
[2021-08-26 17:22:02.841][18384][INFO] [CMD:1011]{"token":"aiotp2eq92fg0du8jqqemgo7qs","acc":"MeX3Uq6I5zX7"}
[2021-08-26 17:22:07.304][18384][INFO] [CMD:1039]{"token":"aiotp2eq92fg0du8jqqemgo7qs","acc":"MeX3Uq6I5zX7","myshopId":2}
[2021-08-26 17:22:10.462][18384][INFO] [CMD:1011]{"token":"aiotp2eq92fg0du8jqqemgo7qs","acc":"MeX3Uq6I5zX7"}
[2021-08-26 17:22:19.609][18384][INFO] [CMD:1039]{"token":"aiotp2eq92fg0du8jqqemgo7qs","acc":"MeX3Uq6I5zX7","myshopId":2}
[2021-08-26 17:22:21.014][18384][INFO] [CMD:1011]{"token":"aiotp2eq92fg0du8jqqemgo7qs","acc":"MeX3Uq6I5zX7"}
[2021-08-26 17:23:22.039][18384][INFO] [CMD:101][ACC:MeX3Uq6I5zX7]
[2021-08-26 17:23:22.197][18384][INFO] [CMD:1025]{"token":"s3kuqkobplk2eo9pm4083a4ifc","acc":"MeX3Uq6I5zX7"}
[2021-08-26 17:23:22.219][18384][INFO] [CMD:1021]{"token":"s3kuqkobplk2eo9pm4083a4ifc","acc":"MeX3Uq6I5zX7"}
[2021-08-26 17:23:22.241][18384][INFO] [CMD:1028]{"token":"s3kuqkobplk2eo9pm4083a4ifc","acc":"MeX3Uq6I5zX7"}
[2021-08-26 17:23:26.041][18384][INFO] [CMD:1023]{"token":"s3kuqkobplk2eo9pm4083a4ifc","acc":"MeX3Uq6I5zX7"}
[2021-08-26 17:23:26.057][18384][INFO] [CMD:1011]{"token":"s3kuqkobplk2eo9pm4083a4ifc","acc":"MeX3Uq6I5zX7"}
[2021-08-26 17:23:26.070][18384][INFO] [CMD:1001]{"token":"s3kuqkobplk2eo9pm4083a4ifc","acc":"MeX3Uq6I5zX7"}
[2021-08-26 17:23:31.371][18384][INFO] [CMD:1039]{"token":"s3kuqkobplk2eo9pm4083a4ifc","acc":"MeX3Uq6I5zX7","myshopId":2}
[2021-08-26 17:24:43.102][18384][INFO] [CMD:101][ACC:MeX3Uq6I5zX7]
[2021-08-26 17:24:43.234][18384][INFO] [CMD:1025]{"token":"5rafjq1a7lrfo2ejm82fl0jkbr","acc":"MeX3Uq6I5zX7"}
[2021-08-26 17:24:43.251][18384][INFO] [CMD:1028]{"token":"5rafjq1a7lrfo2ejm82fl0jkbr","acc":"MeX3Uq6I5zX7"}
[2021-08-26 17:24:43.281][18384][INFO] [CMD:1021]{"token":"5rafjq1a7lrfo2ejm82fl0jkbr","acc":"MeX3Uq6I5zX7"}
[2021-08-26 17:24:50.862][18384][INFO] [CMD:1011]{"token":"5rafjq1a7lrfo2ejm82fl0jkbr","acc":"MeX3Uq6I5zX7"}
[2021-08-26 17:24:50.868][18384][INFO] [CMD:1023]{"token":"5rafjq1a7lrfo2ejm82fl0jkbr","acc":"MeX3Uq6I5zX7"}
[2021-08-26 17:24:50.868][18384][INFO] [CMD:1001]{"token":"5rafjq1a7lrfo2ejm82fl0jkbr","acc":"MeX3Uq6I5zX7"}
[2021-08-26 17:24:58.456][18384][INFO] [CMD:1039]{"token":"5rafjq1a7lrfo2ejm82fl0jkbr","acc":"MeX3Uq6I5zX7","myshopId":2}
[2021-08-26 17:25:09.284][18384][INFO] [CMD:1011]{"token":"5rafjq1a7lrfo2ejm82fl0jkbr","acc":"MeX3Uq6I5zX7"}
[2021-08-26 17:25:16.371][18384][INFO] [CMD:1039]{"token":"5rafjq1a7lrfo2ejm82fl0jkbr","acc":"MeX3Uq6I5zX7","myshopId":2}
[2021-08-26 17:26:36.233][18384][INFO] [CMD:1011]{"token":"5rafjq1a7lrfo2ejm82fl0jkbr","acc":"MeX3Uq6I5zX7"}
[2021-08-26 17:26:45.397][18384][INFO] [CMD:101][ACC:MeX3Uq6I5zX7]
[2021-08-26 17:26:45.613][18384][INFO] [CMD:1028]{"token":"ndni0kahopcnb38at0thpgnjt0","acc":"MeX3Uq6I5zX7"}
[2021-08-26 17:26:45.615][18384][INFO] [CMD:1025]{"token":"ndni0kahopcnb38at0thpgnjt0","acc":"MeX3Uq6I5zX7"}
[2021-08-26 17:26:45.631][18384][INFO] [CMD:1021]{"token":"ndni0kahopcnb38at0thpgnjt0","acc":"MeX3Uq6I5zX7"}
[2021-08-26 17:26:49.555][18384][INFO] [CMD:1011]{"token":"ndni0kahopcnb38at0thpgnjt0","acc":"MeX3Uq6I5zX7"}
[2021-08-26 17:26:49.562][18384][INFO] [CMD:1023]{"token":"ndni0kahopcnb38at0thpgnjt0","acc":"MeX3Uq6I5zX7"}
[2021-08-26 17:26:49.576][18384][INFO] [CMD:1001]{"token":"ndni0kahopcnb38at0thpgnjt0","acc":"MeX3Uq6I5zX7"}
[2021-08-26 17:26:53.604][18384][INFO] [CMD:1039]{"token":"ndni0kahopcnb38at0thpgnjt0","acc":"MeX3Uq6I5zX7","myshopId":2}
[2021-08-26 17:27:02.385][18384][INFO] [CMD:1039]{"token":"ndni0kahopcnb38at0thpgnjt0","acc":"MeX3Uq6I5zX7","myshopId":2}
[2021-08-26 17:27:06.492][18384][INFO] [CMD:1011]{"token":"ndni0kahopcnb38at0thpgnjt0","acc":"MeX3Uq6I5zX7"}
[2021-08-26 17:27:07.907][18384][INFO] [CMD:1016]{"token":"ndni0kahopcnb38at0thpgnjt0","acc":"MeX3Uq6I5zX7","page":1,"nickName":"","sortType":0}
[2021-08-26 17:27:13.144][18384][INFO] [CMD:1039]{"token":"ndni0kahopcnb38at0thpgnjt0","acc":"MeX3Uq6I5zX7","myshopId":1}
[2021-08-26 17:27:14.290][18384][INFO] [CMD:1011]{"token":"ndni0kahopcnb38at0thpgnjt0","acc":"MeX3Uq6I5zX7"}
[2021-08-26 17:27:17.034][18384][INFO] [CMD:1039]{"token":"ndni0kahopcnb38at0thpgnjt0","acc":"MeX3Uq6I5zX7","myshopId":2}
[2021-08-26 17:27:34.525][18384][INFO] [CMD:1018]{"token":"ndni0kahopcnb38at0thpgnjt0","acc":"MeX3Uq6I5zX7","site":1,"isfree":0}
[2021-08-26 17:27:40.290][18384][INFO] [CMD:1014]{"token":"ndni0kahopcnb38at0thpgnjt0","acc":"MeX3Uq6I5zX7","nickName":"gg","itemGuid":248,"site":1,"price":110}
[2021-08-26 17:27:40.429][18384][INFO] [CMD:1025]{"token":"ndni0kahopcnb38at0thpgnjt0","acc":"MeX3Uq6I5zX7"}
[2021-08-26 17:27:41.352][18384][INFO] [CMD:1039]{"token":"ndni0kahopcnb38at0thpgnjt0","acc":"MeX3Uq6I5zX7","myshopId":2}
