[2021-08-27 13:22:44.579][26948][INFO] [CMD:101][ACC:MeX3Uq6I5zX7]
[2021-08-27 13:22:44.697][26948][INFO] [CMD:1025]{"token":"2qihod2sdhu14q7tc9fnfjqpku","acc":"MeX3Uq6I5zX7"}
[2021-08-27 13:22:44.717][26948][INFO] [CMD:1028]{"token":"2qihod2sdhu14q7tc9fnfjqpku","acc":"MeX3Uq6I5zX7"}
[2021-08-27 13:22:44.746][26948][INFO] [CMD:1021]{"token":"2qihod2sdhu14q7tc9fnfjqpku","acc":"MeX3Uq6I5zX7"}
[2021-08-27 13:52:38.080][26948][INFO] [CMD:100]
[2021-08-27 13:52:38.390][26948][INFO] [CMD:101][ACC:kYE6t3EaVB34]
[2021-08-27 13:53:40.449][26948][INFO] [CMD:101][ACC:kYE6t3EaVB34]
[2021-08-27 13:53:40.655][26948][INFO] [CMD:1025]{"token":"l5bvc0mmc33can1k242oqcidkn","acc":"kYE6t3EaVB34"}
[2021-08-27 13:53:40.655][26948][INFO] [CMD:1021]{"token":"l5bvc0mmc33can1k242oqcidkn","acc":"kYE6t3EaVB34"}
[2021-08-27 13:53:40.680][26948][INFO] [CMD:1028]{"token":"l5bvc0mmc33can1k242oqcidkn","acc":"kYE6t3EaVB34"}
[2021-08-27 13:53:44.223][26948][INFO] [CMD:1011]{"token":"l5bvc0mmc33can1k242oqcidkn","acc":"kYE6t3EaVB34"}
[2021-08-27 13:53:45.582][26948][INFO] [CMD:1011]{"token":"l5bvc0mmc33can1k242oqcidkn","acc":"kYE6t3EaVB34"}
[2021-08-27 13:53:56.973][26948][INFO] [CMD:1011]{"token":"l5bvc0mmc33can1k242oqcidkn","acc":"kYE6t3EaVB34"}
[2021-08-27 13:54:07.142][26948][INFO] [CMD:1015]{"token":"l5bvc0mmc33can1k242oqcidkn","acc":"kYE6t3EaVB34","nickName":"gsdg"}
[2021-08-27 13:56:12.006][26948][INFO] [CMD:101][ACC:kYE6t3EaVB34]
[2021-08-27 13:56:12.157][26948][INFO] [CMD:1028]{"token":"6nks2bb9frvk8qbaofl13kk2bt","acc":"kYE6t3EaVB34"}
[2021-08-27 13:56:12.173][26948][INFO] [CMD:1025]{"token":"6nks2bb9frvk8qbaofl13kk2bt","acc":"kYE6t3EaVB34"}
[2021-08-27 13:56:12.188][26948][INFO] [CMD:1021]{"token":"6nks2bb9frvk8qbaofl13kk2bt","acc":"kYE6t3EaVB34"}
[2021-08-27 13:56:14.619][26948][INFO] [CMD:1011]{"token":"6nks2bb9frvk8qbaofl13kk2bt","acc":"kYE6t3EaVB34"}
[2021-08-27 13:56:22.085][26948][INFO] [CMD:1011]{"token":"6nks2bb9frvk8qbaofl13kk2bt","acc":"kYE6t3EaVB34"}
[2021-08-27 13:56:32.513][26948][INFO] [CMD:1029]{"token":"6nks2bb9frvk8qbaofl13kk2bt","acc":"kYE6t3EaVB34"}
[2021-08-27 13:56:32.516][26948][INFO] [CMD:1011]{"token":"6nks2bb9frvk8qbaofl13kk2bt","acc":"kYE6t3EaVB34"}
[2021-08-27 13:56:37.362][26948][INFO] [CMD:1011]{"token":"6nks2bb9frvk8qbaofl13kk2bt","acc":"kYE6t3EaVB34"}
[2021-08-27 13:56:47.113][26948][INFO] [CMD:1001]{"token":"6nks2bb9frvk8qbaofl13kk2bt","acc":"kYE6t3EaVB34"}
[2021-08-27 13:56:47.120][26948][INFO] [CMD:1011]{"token":"6nks2bb9frvk8qbaofl13kk2bt","acc":"kYE6t3EaVB34"}
[2021-08-27 13:56:47.120][26948][INFO] [CMD:1023]{"token":"6nks2bb9frvk8qbaofl13kk2bt","acc":"kYE6t3EaVB34"}
[2021-08-27 13:56:49.773][26948][INFO] [CMD:1019]{"token":"6nks2bb9frvk8qbaofl13kk2bt","acc":"kYE6t3EaVB34","page":1}
[2021-08-27 13:56:53.019][26948][INFO] [CMD:1020]{"token":"6nks2bb9frvk8qbaofl13kk2bt","acc":"kYE6t3EaVB34","guid":63}
[2021-08-27 13:56:53.025][26948][INFO] [CMD:1026]{"token":"6nks2bb9frvk8qbaofl13kk2bt","acc":"kYE6t3EaVB34","guid":63}
[2021-08-27 13:56:53.297][26948][INFO] [CMD:1001]{"token":"6nks2bb9frvk8qbaofl13kk2bt","acc":"kYE6t3EaVB34"}
[2021-08-27 13:56:57.649][26948][INFO] [CMD:1019]{"token":"6nks2bb9frvk8qbaofl13kk2bt","acc":"kYE6t3EaVB34","page":1}
[2021-08-27 13:56:58.565][26948][INFO] [CMD:1020]{"token":"6nks2bb9frvk8qbaofl13kk2bt","acc":"kYE6t3EaVB34","guid":64}
[2021-08-27 13:56:58.572][26948][INFO] [CMD:1026]{"token":"6nks2bb9frvk8qbaofl13kk2bt","acc":"kYE6t3EaVB34","guid":64}
[2021-08-27 13:56:58.735][26948][INFO] [CMD:1001]{"token":"6nks2bb9frvk8qbaofl13kk2bt","acc":"kYE6t3EaVB34"}
[2021-08-27 13:57:01.021][26948][INFO] [CMD:1019]{"token":"6nks2bb9frvk8qbaofl13kk2bt","acc":"kYE6t3EaVB34","page":1}
[2021-08-27 13:57:15.412][26948][INFO] [CMD:101][ACC:kYE6t3EaVB34]
[2021-08-27 13:57:15.585][26948][INFO] [CMD:1021]{"token":"tnltmarrgu49192hclqrbf295m","acc":"kYE6t3EaVB34"}
[2021-08-27 13:57:15.590][26948][INFO] [CMD:1025]{"token":"tnltmarrgu49192hclqrbf295m","acc":"kYE6t3EaVB34"}
[2021-08-27 13:57:15.590][26948][INFO] [CMD:1028]{"token":"tnltmarrgu49192hclqrbf295m","acc":"kYE6t3EaVB34"}
[2021-08-27 13:57:19.492][26948][INFO] [CMD:1023]{"token":"tnltmarrgu49192hclqrbf295m","acc":"kYE6t3EaVB34"}
[2021-08-27 13:57:19.505][26948][INFO] [CMD:1001]{"token":"tnltmarrgu49192hclqrbf295m","acc":"kYE6t3EaVB34"}
[2021-08-27 13:57:19.513][26948][INFO] [CMD:1011]{"token":"tnltmarrgu49192hclqrbf295m","acc":"kYE6t3EaVB34"}
[2021-08-27 13:58:01.093][26948][INFO] [CMD:100]
[2021-08-27 13:58:01.794][26948][INFO] [CMD:101][ACC:OCzYLRKgp5TF]
[2021-08-27 13:58:45.251][26948][INFO] [CMD:100]
[2021-08-27 13:58:45.548][26948][INFO] [CMD:101][ACC:wPzDegIwxKhx]
[2021-08-27 13:58:45.824][26948][INFO] [CMD:1028]{"token":"4vk6bl96bl27djh05ovfrk6pst","acc":"wPzDegIwxKhx"}
[2021-08-27 13:58:45.846][26948][INFO] [CMD:1025]{"token":"4vk6bl96bl27djh05ovfrk6pst","acc":"wPzDegIwxKhx"}
[2021-08-27 13:58:45.876][26948][INFO] [CMD:1021]{"token":"4vk6bl96bl27djh05ovfrk6pst","acc":"wPzDegIwxKhx"}
[2021-08-27 13:58:49.251][26948][INFO] [CMD:1011]{"token":"4vk6bl96bl27djh05ovfrk6pst","acc":"wPzDegIwxKhx"}
[2021-08-27 13:58:52.397][26948][INFO] [CMD:1029]{"token":"4vk6bl96bl27djh05ovfrk6pst","acc":"wPzDegIwxKhx"}
[2021-08-27 13:58:52.405][26948][INFO] [CMD:1011]{"token":"4vk6bl96bl27djh05ovfrk6pst","acc":"wPzDegIwxKhx"}
[2021-08-27 13:58:58.205][26948][INFO] [CMD:1011]{"token":"4vk6bl96bl27djh05ovfrk6pst","acc":"wPzDegIwxKhx"}
[2021-08-27 13:59:32.535][26948][INFO] [CMD:101][ACC:wPzDegIwxKhx]
[2021-08-27 13:59:32.910][26948][INFO] [CMD:1025]{"token":"ionf3uas2fn5jqvudq55l3q6fo","acc":"wPzDegIwxKhx"}
[2021-08-27 13:59:32.918][26948][INFO] [CMD:1028]{"token":"ionf3uas2fn5jqvudq55l3q6fo","acc":"wPzDegIwxKhx"}
[2021-08-27 13:59:32.944][26948][INFO] [CMD:1021]{"token":"ionf3uas2fn5jqvudq55l3q6fo","acc":"wPzDegIwxKhx"}
[2021-08-27 13:59:36.974][26948][INFO] [CMD:1001]{"token":"ionf3uas2fn5jqvudq55l3q6fo","acc":"wPzDegIwxKhx"}
[2021-08-27 13:59:36.977][26948][INFO] [CMD:1023]{"token":"ionf3uas2fn5jqvudq55l3q6fo","acc":"wPzDegIwxKhx"}
[2021-08-27 13:59:36.996][26948][INFO] [CMD:1011]{"token":"ionf3uas2fn5jqvudq55l3q6fo","acc":"wPzDegIwxKhx"}
[2021-08-27 13:59:39.586][26948][INFO] [CMD:1019]{"token":"ionf3uas2fn5jqvudq55l3q6fo","acc":"wPzDegIwxKhx","page":1}
[2021-08-27 13:59:40.236][26948][INFO] [CMD:1020]{"token":"ionf3uas2fn5jqvudq55l3q6fo","acc":"wPzDegIwxKhx","guid":67}
[2021-08-27 13:59:40.251][26948][INFO] [CMD:1026]{"token":"ionf3uas2fn5jqvudq55l3q6fo","acc":"wPzDegIwxKhx","guid":67}
[2021-08-27 13:59:40.513][26948][INFO] [CMD:1001]{"token":"ionf3uas2fn5jqvudq55l3q6fo","acc":"wPzDegIwxKhx"}
[2021-08-27 13:59:41.035][26948][INFO] [CMD:1019]{"token":"ionf3uas2fn5jqvudq55l3q6fo","acc":"wPzDegIwxKhx","page":1}
[2021-08-27 13:59:41.800][26948][INFO] [CMD:1020]{"token":"ionf3uas2fn5jqvudq55l3q6fo","acc":"wPzDegIwxKhx","guid":68}
[2021-08-27 13:59:41.801][26948][INFO] [CMD:1026]{"token":"ionf3uas2fn5jqvudq55l3q6fo","acc":"wPzDegIwxKhx","guid":68}
[2021-08-27 13:59:42.253][26948][INFO] [CMD:1001]{"token":"ionf3uas2fn5jqvudq55l3q6fo","acc":"wPzDegIwxKhx"}
[2021-08-27 13:59:42.337][26948][INFO] [CMD:1019]{"token":"ionf3uas2fn5jqvudq55l3q6fo","acc":"wPzDegIwxKhx","page":1}
[2021-08-27 14:00:00.417][26948][INFO] [CMD:100]
[2021-08-27 14:00:00.766][26948][INFO] [CMD:101][ACC:kgDHGYUdXfH6]
[2021-08-27 14:00:01.155][26948][INFO] [CMD:1025]{"token":"fjme92mpd61vfs3djl6he8rooo","acc":"kgDHGYUdXfH6"}
[2021-08-27 14:00:01.208][26948][INFO] [CMD:1028]{"token":"fjme92mpd61vfs3djl6he8rooo","acc":"kgDHGYUdXfH6"}
[2021-08-27 14:00:01.235][26948][INFO] [CMD:1021]{"token":"fjme92mpd61vfs3djl6he8rooo","acc":"kgDHGYUdXfH6"}
[2021-08-27 14:00:03.920][26948][INFO] [CMD:1011]{"token":"fjme92mpd61vfs3djl6he8rooo","acc":"kgDHGYUdXfH6"}
[2021-08-27 14:00:07.105][26948][INFO] [CMD:1029]{"token":"fjme92mpd61vfs3djl6he8rooo","acc":"kgDHGYUdXfH6"}
[2021-08-27 14:00:09.190][26948][INFO] [CMD:1001]{"token":"fjme92mpd61vfs3djl6he8rooo","acc":"kgDHGYUdXfH6"}
[2021-08-27 14:00:09.190][26948][INFO] [CMD:1023]{"token":"fjme92mpd61vfs3djl6he8rooo","acc":"kgDHGYUdXfH6"}
[2021-08-27 14:00:09.200][26948][INFO] [CMD:1011]{"token":"fjme92mpd61vfs3djl6he8rooo","acc":"kgDHGYUdXfH6"}
[2021-08-27 14:00:12.065][26948][INFO] [CMD:1019]{"token":"fjme92mpd61vfs3djl6he8rooo","acc":"kgDHGYUdXfH6","page":1}
[2021-08-27 14:00:13.681][26948][INFO] [CMD:1020]{"token":"fjme92mpd61vfs3djl6he8rooo","acc":"kgDHGYUdXfH6","guid":70}
[2021-08-27 14:00:13.685][26948][INFO] [CMD:1026]{"token":"fjme92mpd61vfs3djl6he8rooo","acc":"kgDHGYUdXfH6","guid":70}
[2021-08-27 14:00:14.467][26948][INFO] [CMD:1019]{"token":"fjme92mpd61vfs3djl6he8rooo","acc":"kgDHGYUdXfH6","page":1}
[2021-08-27 14:00:14.971][26948][INFO] [CMD:1001]{"token":"fjme92mpd61vfs3djl6he8rooo","acc":"kgDHGYUdXfH6"}
[2021-08-27 14:00:15.028][26948][INFO] [CMD:1026]{"token":"fjme92mpd61vfs3djl6he8rooo","acc":"kgDHGYUdXfH6","guid":69}
[2021-08-27 14:00:15.031][26948][INFO] [CMD:1020]{"token":"fjme92mpd61vfs3djl6he8rooo","acc":"kgDHGYUdXfH6","guid":69}
[2021-08-27 14:00:15.295][26948][INFO] [CMD:1001]{"token":"fjme92mpd61vfs3djl6he8rooo","acc":"kgDHGYUdXfH6"}
[2021-08-27 14:00:17.427][26948][INFO] [CMD:1019]{"token":"fjme92mpd61vfs3djl6he8rooo","acc":"kgDHGYUdXfH6","page":1}
[2021-08-27 14:46:40.201][26948][INFO] [CMD:101][ACC:p8qCgvHRwiWQ]
[2021-08-27 14:46:54.060][26948][INFO] [CMD:101][ACC:MeX3Uq6I5zX7]
[2021-08-27 14:46:54.313][26948][INFO] [CMD:1021]{"token":"ejfm24l1n5kakgjeljp3jdje7d","acc":"MeX3Uq6I5zX7"}
[2021-08-27 14:46:54.319][26948][INFO] [CMD:1025]{"token":"ejfm24l1n5kakgjeljp3jdje7d","acc":"MeX3Uq6I5zX7"}
[2021-08-27 14:46:54.319][26948][INFO] [CMD:1028]{"token":"ejfm24l1n5kakgjeljp3jdje7d","acc":"MeX3Uq6I5zX7"}
[2021-08-27 14:46:58.254][26948][INFO] [CMD:1001]{"token":"ejfm24l1n5kakgjeljp3jdje7d","acc":"MeX3Uq6I5zX7"}
[2021-08-27 14:46:58.273][26948][INFO] [CMD:1011]{"token":"ejfm24l1n5kakgjeljp3jdje7d","acc":"MeX3Uq6I5zX7"}
[2021-08-27 14:46:58.276][26948][INFO] [CMD:1023]{"token":"ejfm24l1n5kakgjeljp3jdje7d","acc":"MeX3Uq6I5zX7"}
[2021-08-27 14:47:00.166][26948][INFO] [CMD:1040]{"token":"ejfm24l1n5kakgjeljp3jdje7d","acc":"MeX3Uq6I5zX7","userGuid":1}
[2021-08-27 14:47:44.046][26948][INFO] [CMD:1040]{"token":"ejfm24l1n5kakgjeljp3jdje7d","acc":"MeX3Uq6I5zX7","userGuid":1}
[2021-08-27 14:49:28.293][26948][INFO] [CMD:101][ACC:MeX3Uq6I5zX7]
[2021-08-27 14:49:28.511][26948][INFO] [CMD:1025]{"token":"kemqhlao4eak7dc6ta1dq86up6","acc":"MeX3Uq6I5zX7"}
[2021-08-27 14:49:28.537][26948][INFO] [CMD:1021]{"token":"kemqhlao4eak7dc6ta1dq86up6","acc":"MeX3Uq6I5zX7"}
[2021-08-27 14:49:28.537][26948][INFO] [CMD:1028]{"token":"kemqhlao4eak7dc6ta1dq86up6","acc":"MeX3Uq6I5zX7"}
[2021-08-27 14:49:32.797][26948][INFO] [CMD:1001]{"token":"kemqhlao4eak7dc6ta1dq86up6","acc":"MeX3Uq6I5zX7"}
[2021-08-27 14:49:32.800][26948][INFO] [CMD:1023]{"token":"kemqhlao4eak7dc6ta1dq86up6","acc":"MeX3Uq6I5zX7"}
[2021-08-27 14:49:32.800][26948][INFO] [CMD:1011]{"token":"kemqhlao4eak7dc6ta1dq86up6","acc":"MeX3Uq6I5zX7"}
[2021-08-27 14:49:36.196][26948][INFO] [CMD:1040]{"token":"kemqhlao4eak7dc6ta1dq86up6","acc":"MeX3Uq6I5zX7","userGuid":1}
[2021-08-27 15:33:19.611][26948][INFO] [CMD:101][ACC:MeX3Uq6I5zX7]
[2021-08-27 15:33:19.741][26948][INFO] [CMD:1025]{"token":"9p0vav6r15jfiajajhcevldvu6","acc":"MeX3Uq6I5zX7"}
[2021-08-27 15:33:19.746][26948][INFO] [CMD:1028]{"token":"9p0vav6r15jfiajajhcevldvu6","acc":"MeX3Uq6I5zX7"}
[2021-08-27 15:33:19.747][26948][INFO] [CMD:1021]{"token":"9p0vav6r15jfiajajhcevldvu6","acc":"MeX3Uq6I5zX7"}
[2021-08-27 15:33:23.826][26948][INFO] [CMD:1023]{"token":"9p0vav6r15jfiajajhcevldvu6","acc":"MeX3Uq6I5zX7"}
[2021-08-27 15:33:23.836][26948][INFO] [CMD:1011]{"token":"9p0vav6r15jfiajajhcevldvu6","acc":"MeX3Uq6I5zX7"}
[2021-08-27 15:33:23.855][26948][INFO] [CMD:1001]{"token":"9p0vav6r15jfiajajhcevldvu6","acc":"MeX3Uq6I5zX7"}
[2021-08-27 15:33:28.317][26948][INFO] [CMD:1019]{"token":"9p0vav6r15jfiajajhcevldvu6","acc":"MeX3Uq6I5zX7","page":1}
[2021-08-27 15:33:30.175][26948][INFO] [CMD:1026]{"token":"9p0vav6r15jfiajajhcevldvu6","acc":"MeX3Uq6I5zX7","guid":71}
[2021-08-27 15:33:30.176][26948][INFO] [CMD:1020]{"token":"9p0vav6r15jfiajajhcevldvu6","acc":"MeX3Uq6I5zX7","guid":71}
[2021-08-27 15:33:30.322][26948][INFO] [CMD:1001]{"token":"9p0vav6r15jfiajajhcevldvu6","acc":"MeX3Uq6I5zX7"}
[2021-08-27 15:33:31.288][26948][INFO] [CMD:1019]{"token":"9p0vav6r15jfiajajhcevldvu6","acc":"MeX3Uq6I5zX7","page":1}
[2021-08-27 15:33:32.034][26948][INFO] [CMD:1020]{"token":"9p0vav6r15jfiajajhcevldvu6","acc":"MeX3Uq6I5zX7","guid":72}
[2021-08-27 15:33:32.043][26948][INFO] [CMD:1026]{"token":"9p0vav6r15jfiajajhcevldvu6","acc":"MeX3Uq6I5zX7","guid":72}
[2021-08-27 15:33:32.203][26948][INFO] [CMD:1001]{"token":"9p0vav6r15jfiajajhcevldvu6","acc":"MeX3Uq6I5zX7"}
[2021-08-27 15:33:32.995][26948][INFO] [CMD:1019]{"token":"9p0vav6r15jfiajajhcevldvu6","acc":"MeX3Uq6I5zX7","page":1}
[2021-08-27 15:33:42.446][26948][INFO] [CMD:101][ACC:MeX3Uq6I5zX7]
[2021-08-27 15:33:42.609][26948][INFO] [CMD:1025]{"token":"5de3h6hbgp6tdhthh8l4tf6dfo","acc":"MeX3Uq6I5zX7"}
[2021-08-27 15:33:42.619][26948][INFO] [CMD:1021]{"token":"5de3h6hbgp6tdhthh8l4tf6dfo","acc":"MeX3Uq6I5zX7"}
[2021-08-27 15:33:42.621][26948][INFO] [CMD:1028]{"token":"5de3h6hbgp6tdhthh8l4tf6dfo","acc":"MeX3Uq6I5zX7"}
[2021-08-27 15:33:46.363][26948][INFO] [CMD:1023]{"token":"5de3h6hbgp6tdhthh8l4tf6dfo","acc":"MeX3Uq6I5zX7"}
[2021-08-27 15:33:46.372][26948][INFO] [CMD:1001]{"token":"5de3h6hbgp6tdhthh8l4tf6dfo","acc":"MeX3Uq6I5zX7"}
[2021-08-27 15:33:46.381][26948][INFO] [CMD:1011]{"token":"5de3h6hbgp6tdhthh8l4tf6dfo","acc":"MeX3Uq6I5zX7"}
[2021-08-27 15:33:59.015][26948][INFO] [CMD:1040]{"token":"5de3h6hbgp6tdhthh8l4tf6dfo","acc":"MeX3Uq6I5zX7","userGuid":1}
[2021-08-27 15:37:31.920][26948][INFO] [CMD:101][ACC:MeX3Uq6I5zX7]
[2021-08-27 15:37:32.162][26948][INFO] [CMD:1021]{"token":"qmsisa1u0uj6vrip29hfp88amr","acc":"MeX3Uq6I5zX7"}
[2021-08-27 15:37:32.171][26948][INFO] [CMD:1025]{"token":"qmsisa1u0uj6vrip29hfp88amr","acc":"MeX3Uq6I5zX7"}
[2021-08-27 15:37:32.185][26948][INFO] [CMD:1028]{"token":"qmsisa1u0uj6vrip29hfp88amr","acc":"MeX3Uq6I5zX7"}
[2021-08-27 15:37:36.243][26948][INFO] [CMD:1011]{"token":"qmsisa1u0uj6vrip29hfp88amr","acc":"MeX3Uq6I5zX7"}
[2021-08-27 15:37:36.244][26948][INFO] [CMD:1023]{"token":"qmsisa1u0uj6vrip29hfp88amr","acc":"MeX3Uq6I5zX7"}
[2021-08-27 15:37:36.253][26948][INFO] [CMD:1001]{"token":"qmsisa1u0uj6vrip29hfp88amr","acc":"MeX3Uq6I5zX7"}
[2021-08-27 15:37:37.866][26948][INFO] [CMD:1040]{"token":"qmsisa1u0uj6vrip29hfp88amr","acc":"MeX3Uq6I5zX7","userGuid":1}
[2021-08-27 15:38:19.238][26948][INFO] [CMD:1040]{"token":"qmsisa1u0uj6vrip29hfp88amr","acc":"MeX3Uq6I5zX7","userGuid":1}
[2021-08-27 15:39:33.248][26948][INFO] [CMD:101][ACC:MeX3Uq6I5zX7]
[2021-08-27 15:39:33.412][26948][INFO] [CMD:1025]{"token":"pdu4r1iibnt7iqfikktppc9j56","acc":"MeX3Uq6I5zX7"}
[2021-08-27 15:39:33.427][26948][INFO] [CMD:1028]{"token":"pdu4r1iibnt7iqfikktppc9j56","acc":"MeX3Uq6I5zX7"}
[2021-08-27 15:39:33.433][26948][INFO] [CMD:1021]{"token":"pdu4r1iibnt7iqfikktppc9j56","acc":"MeX3Uq6I5zX7"}
[2021-08-27 15:39:37.451][26948][INFO] [CMD:1011]{"token":"pdu4r1iibnt7iqfikktppc9j56","acc":"MeX3Uq6I5zX7"}
[2021-08-27 15:39:37.455][26948][INFO] [CMD:1001]{"token":"pdu4r1iibnt7iqfikktppc9j56","acc":"MeX3Uq6I5zX7"}
[2021-08-27 15:39:37.456][26948][INFO] [CMD:1023]{"token":"pdu4r1iibnt7iqfikktppc9j56","acc":"MeX3Uq6I5zX7"}
[2021-08-27 15:39:38.880][26948][INFO] [CMD:1040]{"token":"pdu4r1iibnt7iqfikktppc9j56","acc":"MeX3Uq6I5zX7","userGuid":1}
[2021-08-27 15:40:32.740][26948][INFO] [CMD:1011]{"token":"pdu4r1iibnt7iqfikktppc9j56","acc":"MeX3Uq6I5zX7"}
[2021-08-27 15:40:32.748][26948][INFO] [CMD:1001]{"token":"pdu4r1iibnt7iqfikktppc9j56","acc":"MeX3Uq6I5zX7"}
[2021-08-27 15:41:21.687][26948][INFO] [CMD:1001]{"token":"pdu4r1iibnt7iqfikktppc9j56","acc":"MeX3Uq6I5zX7"}
[2021-08-27 15:41:21.687][26948][INFO] [CMD:1011]{"token":"pdu4r1iibnt7iqfikktppc9j56","acc":"MeX3Uq6I5zX7"}
[2021-08-27 15:41:27.546][26948][INFO] [CMD:1040]{"token":"pdu4r1iibnt7iqfikktppc9j56","acc":"MeX3Uq6I5zX7","userGuid":1}
[2021-08-27 15:41:34.774][26948][INFO] [CMD:1001]{"token":"pdu4r1iibnt7iqfikktppc9j56","acc":"MeX3Uq6I5zX7"}
[2021-08-27 15:41:34.812][26948][INFO] [CMD:1011]{"token":"pdu4r1iibnt7iqfikktppc9j56","acc":"MeX3Uq6I5zX7"}
[2021-08-27 15:41:50.073][26948][INFO] [CMD:1011]{"token":"pdu4r1iibnt7iqfikktppc9j56","acc":"MeX3Uq6I5zX7"}
[2021-08-27 15:41:50.084][26948][INFO] [CMD:1001]{"token":"pdu4r1iibnt7iqfikktppc9j56","acc":"MeX3Uq6I5zX7"}
[2021-08-27 15:41:51.698][26948][INFO] [CMD:1040]{"token":"pdu4r1iibnt7iqfikktppc9j56","acc":"MeX3Uq6I5zX7","userGuid":1}
[2021-08-27 15:41:55.227][26948][INFO] [CMD:1001]{"token":"pdu4r1iibnt7iqfikktppc9j56","acc":"MeX3Uq6I5zX7"}
[2021-08-27 15:41:55.245][26948][INFO] [CMD:1011]{"token":"pdu4r1iibnt7iqfikktppc9j56","acc":"MeX3Uq6I5zX7"}
[2021-08-27 15:42:02.682][26948][INFO] [CMD:1001]{"token":"pdu4r1iibnt7iqfikktppc9j56","acc":"MeX3Uq6I5zX7"}
[2021-08-27 15:42:02.695][26948][INFO] [CMD:1011]{"token":"pdu4r1iibnt7iqfikktppc9j56","acc":"MeX3Uq6I5zX7"}
[2021-08-27 15:43:47.387][26948][INFO] [CMD:101][ACC:MeX3Uq6I5zX7]
[2021-08-27 15:43:47.531][26948][INFO] [CMD:1025]{"token":"7i189nfe0p4cm1hortggf8j5u4","acc":"MeX3Uq6I5zX7"}
[2021-08-27 15:43:47.548][26948][INFO] [CMD:1028]{"token":"7i189nfe0p4cm1hortggf8j5u4","acc":"MeX3Uq6I5zX7"}
[2021-08-27 15:43:47.563][26948][INFO] [CMD:1021]{"token":"7i189nfe0p4cm1hortggf8j5u4","acc":"MeX3Uq6I5zX7"}
[2021-08-27 15:43:51.521][26948][INFO] [CMD:1023]{"token":"7i189nfe0p4cm1hortggf8j5u4","acc":"MeX3Uq6I5zX7"}
[2021-08-27 15:43:51.530][26948][INFO] [CMD:1011]{"token":"7i189nfe0p4cm1hortggf8j5u4","acc":"MeX3Uq6I5zX7"}
[2021-08-27 15:43:51.558][26948][INFO] [CMD:1001]{"token":"7i189nfe0p4cm1hortggf8j5u4","acc":"MeX3Uq6I5zX7"}
[2021-08-27 15:43:54.045][26948][INFO] [CMD:1040]{"token":"7i189nfe0p4cm1hortggf8j5u4","acc":"MeX3Uq6I5zX7","userGuid":1}
[2021-08-27 15:43:57.610][26948][INFO] [CMD:1001]{"token":"7i189nfe0p4cm1hortggf8j5u4","acc":"MeX3Uq6I5zX7"}
[2021-08-27 15:43:57.636][26948][INFO] [CMD:1011]{"token":"7i189nfe0p4cm1hortggf8j5u4","acc":"MeX3Uq6I5zX7"}
[2021-08-27 15:44:05.633][26948][INFO] [CMD:1001]{"token":"7i189nfe0p4cm1hortggf8j5u4","acc":"MeX3Uq6I5zX7"}
[2021-08-27 15:44:05.639][26948][INFO] [CMD:1011]{"token":"7i189nfe0p4cm1hortggf8j5u4","acc":"MeX3Uq6I5zX7"}
[2021-08-27 15:44:07.084][26948][INFO] [CMD:1040]{"token":"7i189nfe0p4cm1hortggf8j5u4","acc":"MeX3Uq6I5zX7","userGuid":1}
[2021-08-27 15:44:10.576][26948][INFO] [CMD:1011]{"token":"7i189nfe0p4cm1hortggf8j5u4","acc":"MeX3Uq6I5zX7"}
[2021-08-27 15:44:10.580][26948][INFO] [CMD:1001]{"token":"7i189nfe0p4cm1hortggf8j5u4","acc":"MeX3Uq6I5zX7"}
[2021-08-27 15:44:20.407][26948][INFO] [CMD:1001]{"token":"7i189nfe0p4cm1hortggf8j5u4","acc":"MeX3Uq6I5zX7"}
[2021-08-27 15:44:20.432][26948][INFO] [CMD:1011]{"token":"7i189nfe0p4cm1hortggf8j5u4","acc":"MeX3Uq6I5zX7"}
[2021-08-27 15:44:21.158][26948][INFO] [CMD:1040]{"token":"7i189nfe0p4cm1hortggf8j5u4","acc":"MeX3Uq6I5zX7","userGuid":1}
[2021-08-27 15:44:24.664][26948][INFO] [CMD:1011]{"token":"7i189nfe0p4cm1hortggf8j5u4","acc":"MeX3Uq6I5zX7"}
[2021-08-27 15:44:24.666][26948][INFO] [CMD:1001]{"token":"7i189nfe0p4cm1hortggf8j5u4","acc":"MeX3Uq6I5zX7"}
[2021-08-27 15:54:05.325][26948][INFO] [CMD:101][ACC:MeX3Uq6I5zX7]
[2021-08-27 15:54:05.521][26948][INFO] [CMD:1025]{"token":"hjrckjk8je4fna7olakqqfjepl","acc":"MeX3Uq6I5zX7"}
[2021-08-27 15:54:05.531][26948][INFO] [CMD:1021]{"token":"hjrckjk8je4fna7olakqqfjepl","acc":"MeX3Uq6I5zX7"}
[2021-08-27 15:54:05.531][26948][INFO] [CMD:1028]{"token":"hjrckjk8je4fna7olakqqfjepl","acc":"MeX3Uq6I5zX7"}
[2021-08-27 15:54:09.692][26948][INFO] [CMD:1023]{"token":"hjrckjk8je4fna7olakqqfjepl","acc":"MeX3Uq6I5zX7"}
[2021-08-27 15:54:09.709][26948][INFO] [CMD:1001]{"token":"hjrckjk8je4fna7olakqqfjepl","acc":"MeX3Uq6I5zX7"}
[2021-08-27 15:54:09.710][26948][INFO] [CMD:1011]{"token":"hjrckjk8je4fna7olakqqfjepl","acc":"MeX3Uq6I5zX7"}
[2021-08-27 15:54:11.724][26948][INFO] [CMD:1040]{"token":"hjrckjk8je4fna7olakqqfjepl","acc":"MeX3Uq6I5zX7","userGuid":1}
[2021-08-27 15:54:45.756][26948][INFO] [CMD:101][ACC:MeX3Uq6I5zX7]
[2021-08-27 15:54:45.891][26948][INFO] [CMD:1025]{"token":"d4npm603e8pj1n639l95hq51p1","acc":"MeX3Uq6I5zX7"}
[2021-08-27 15:54:45.898][26948][INFO] [CMD:1028]{"token":"d4npm603e8pj1n639l95hq51p1","acc":"MeX3Uq6I5zX7"}
[2021-08-27 15:54:45.908][26948][INFO] [CMD:1021]{"token":"d4npm603e8pj1n639l95hq51p1","acc":"MeX3Uq6I5zX7"}
[2021-08-27 15:55:29.665][26948][INFO] [CMD:101][ACC:MeX3Uq6I5zX7]
[2021-08-27 15:55:29.798][26948][INFO] [CMD:1025]{"token":"h4h3nka9vaere3uc1duuo89bau","acc":"MeX3Uq6I5zX7"}
[2021-08-27 15:55:29.852][26948][INFO] [CMD:1028]{"token":"h4h3nka9vaere3uc1duuo89bau","acc":"MeX3Uq6I5zX7"}
[2021-08-27 15:55:29.852][26948][INFO] [CMD:1021]{"token":"h4h3nka9vaere3uc1duuo89bau","acc":"MeX3Uq6I5zX7"}
[2021-08-27 15:55:34.267][26948][INFO] [CMD:1023]{"token":"h4h3nka9vaere3uc1duuo89bau","acc":"MeX3Uq6I5zX7"}
[2021-08-27 15:55:44.459][26948][INFO] [CMD:1001]{"token":"h4h3nka9vaere3uc1duuo89bau","acc":"MeX3Uq6I5zX7"}
[2021-08-27 15:55:44.479][26948][INFO] [CMD:1011]{"token":"h4h3nka9vaere3uc1duuo89bau","acc":"MeX3Uq6I5zX7"}
[2021-08-27 15:55:48.351][26948][INFO] [CMD:1040]{"token":"h4h3nka9vaere3uc1duuo89bau","acc":"MeX3Uq6I5zX7","userGuid":1}
[2021-08-27 15:58:15.525][26948][INFO] [CMD:101][ACC:MeX3Uq6I5zX7]
[2021-08-27 15:58:15.691][26948][INFO] [CMD:1025]{"token":"r1mb9a431gfe4t9gu5k79d2bjc","acc":"MeX3Uq6I5zX7"}
[2021-08-27 15:58:15.700][26948][INFO] [CMD:1028]{"token":"r1mb9a431gfe4t9gu5k79d2bjc","acc":"MeX3Uq6I5zX7"}
[2021-08-27 15:58:15.734][26948][INFO] [CMD:1021]{"token":"r1mb9a431gfe4t9gu5k79d2bjc","acc":"MeX3Uq6I5zX7"}
[2021-08-27 15:58:19.740][26948][INFO] [CMD:1023]{"token":"r1mb9a431gfe4t9gu5k79d2bjc","acc":"MeX3Uq6I5zX7"}
[2021-08-27 15:58:21.780][26948][INFO] [CMD:1001]{"token":"r1mb9a431gfe4t9gu5k79d2bjc","acc":"MeX3Uq6I5zX7"}
[2021-08-27 15:58:21.828][26948][INFO] [CMD:1011]{"token":"r1mb9a431gfe4t9gu5k79d2bjc","acc":"MeX3Uq6I5zX7"}
[2021-08-27 15:58:24.399][26948][INFO] [CMD:1040]{"token":"r1mb9a431gfe4t9gu5k79d2bjc","acc":"MeX3Uq6I5zX7","userGuid":1}
[2021-08-27 15:58:46.908][26948][INFO] [CMD:1001]{"token":"r1mb9a431gfe4t9gu5k79d2bjc","acc":"MeX3Uq6I5zX7"}
[2021-08-27 15:58:46.908][26948][INFO] [CMD:1011]{"token":"r1mb9a431gfe4t9gu5k79d2bjc","acc":"MeX3Uq6I5zX7"}
[2021-08-27 16:00:15.857][26948][INFO] [CMD:100]
[2021-08-27 16:00:16.180][26948][INFO] [CMD:101][ACC:NdDer4vBEshu]
[2021-08-27 16:00:16.429][26948][INFO] [CMD:1028]{"token":"5fj0utvthmjum62fqjrt3ac37l","acc":"NdDer4vBEshu"}
[2021-08-27 16:00:16.432][26948][INFO] [CMD:1021]{"token":"5fj0utvthmjum62fqjrt3ac37l","acc":"NdDer4vBEshu"}
[2021-08-27 16:00:16.448][26948][INFO] [CMD:1025]{"token":"5fj0utvthmjum62fqjrt3ac37l","acc":"NdDer4vBEshu"}
[2021-08-27 16:00:19.293][26948][INFO] [CMD:1011]{"token":"5fj0utvthmjum62fqjrt3ac37l","acc":"NdDer4vBEshu"}
[2021-08-27 16:00:23.648][26948][INFO] [CMD:1029]{"token":"5fj0utvthmjum62fqjrt3ac37l","acc":"NdDer4vBEshu"}
[2021-08-27 16:00:26.094][26948][INFO] [CMD:1023]{"token":"5fj0utvthmjum62fqjrt3ac37l","acc":"NdDer4vBEshu"}
[2021-08-27 16:00:26.116][26948][INFO] [CMD:1011]{"token":"5fj0utvthmjum62fqjrt3ac37l","acc":"NdDer4vBEshu"}
[2021-08-27 16:00:26.116][26948][INFO] [CMD:1001]{"token":"5fj0utvthmjum62fqjrt3ac37l","acc":"NdDer4vBEshu"}
[2021-08-27 16:00:30.927][26948][INFO] [CMD:1002]{"token":"5fj0utvthmjum62fqjrt3ac37l","acc":"NdDer4vBEshu","guid":262,"count":1}
[2021-08-27 16:00:33.133][26948][INFO] [CMD:1040]{"token":"5fj0utvthmjum62fqjrt3ac37l","acc":"NdDer4vBEshu","userGuid":48}
[2021-08-27 16:02:23.390][26948][INFO] [CMD:1001]{"token":"5fj0utvthmjum62fqjrt3ac37l","acc":"NdDer4vBEshu"}
[2021-08-27 16:02:23.391][26948][INFO] [CMD:1011]{"token":"5fj0utvthmjum62fqjrt3ac37l","acc":"NdDer4vBEshu"}
[2021-08-27 16:02:24.675][26948][INFO] [CMD:1040]{"token":"5fj0utvthmjum62fqjrt3ac37l","acc":"NdDer4vBEshu","userGuid":48}
[2021-08-27 16:04:19.576][26948][INFO] [CMD:101][ACC:NdDer4vBEshu]
[2021-08-27 16:04:19.704][26948][INFO] [CMD:1025]{"token":"1vrd3pq9877t2v0pu46msuffh1","acc":"NdDer4vBEshu"}
[2021-08-27 16:04:19.711][26948][INFO] [CMD:1028]{"token":"1vrd3pq9877t2v0pu46msuffh1","acc":"NdDer4vBEshu"}
[2021-08-27 16:04:19.734][26948][INFO] [CMD:1021]{"token":"1vrd3pq9877t2v0pu46msuffh1","acc":"NdDer4vBEshu"}
[2021-08-27 16:04:29.653][26948][INFO] [CMD:1001]{"token":"1vrd3pq9877t2v0pu46msuffh1","acc":"NdDer4vBEshu"}
[2021-08-27 16:04:29.657][26948][INFO] [CMD:1023]{"token":"1vrd3pq9877t2v0pu46msuffh1","acc":"NdDer4vBEshu"}
[2021-08-27 16:04:29.661][26948][INFO] [CMD:1011]{"token":"1vrd3pq9877t2v0pu46msuffh1","acc":"NdDer4vBEshu"}
[2021-08-27 16:04:31.869][26948][INFO] [CMD:1040]{"token":"1vrd3pq9877t2v0pu46msuffh1","acc":"NdDer4vBEshu","userGuid":48}
[2021-08-27 16:04:41.099][26948][INFO] [CMD:1001]{"token":"1vrd3pq9877t2v0pu46msuffh1","acc":"NdDer4vBEshu"}
[2021-08-27 16:04:41.107][26948][INFO] [CMD:1011]{"token":"1vrd3pq9877t2v0pu46msuffh1","acc":"NdDer4vBEshu"}
[2021-08-27 16:04:43.284][26948][INFO] [CMD:1040]{"token":"1vrd3pq9877t2v0pu46msuffh1","acc":"NdDer4vBEshu","userGuid":48}
[2021-08-27 16:05:59.608][26948][INFO] [CMD:101][ACC:NdDer4vBEshu]
[2021-08-27 16:05:59.753][26948][INFO] [CMD:1021]{"token":"idlm6p0f4937qv4bhgvgh4baqj","acc":"NdDer4vBEshu"}
[2021-08-27 16:05:59.771][26948][INFO] [CMD:1028]{"token":"idlm6p0f4937qv4bhgvgh4baqj","acc":"NdDer4vBEshu"}
[2021-08-27 16:05:59.771][26948][INFO] [CMD:1025]{"token":"idlm6p0f4937qv4bhgvgh4baqj","acc":"NdDer4vBEshu"}
[2021-08-27 16:06:04.298][26948][INFO] [CMD:1023]{"token":"idlm6p0f4937qv4bhgvgh4baqj","acc":"NdDer4vBEshu"}
[2021-08-27 16:06:04.305][26948][INFO] [CMD:1001]{"token":"idlm6p0f4937qv4bhgvgh4baqj","acc":"NdDer4vBEshu"}
[2021-08-27 16:06:04.311][26948][INFO] [CMD:1011]{"token":"idlm6p0f4937qv4bhgvgh4baqj","acc":"NdDer4vBEshu"}
[2021-08-27 16:06:15.004][26948][INFO] [CMD:1040]{"token":"idlm6p0f4937qv4bhgvgh4baqj","acc":"NdDer4vBEshu","userGuid":48}
