[2021-09-09 10:18:09.998][39180][ERROR] {"token":"mt6d7ucti6kfrbg1c3p4mfu0fi","acc":"ZrTX9evfIa2G","msg":"{\"Payload\":\"{ \\\"this\\\" : \\\"is a fake receipt\\\" }\",\"Store\":\"fake\",\"TransactionID\":\"e27e54e3-4375-4577-80fe-d0a85ce1fc80\"}"}
[2021-09-09 10:18:10.001][39180][ERROR] {"token":"mt6d7ucti6kfrbg1c3p4mfu0fi","acc":"ZrTX9evfIa2G","msg":"\u8CFC\u5165\u6210\u529F:Acc = ZrTX9evfIa2G, productId = craftstory_subsc_1960, ProductType = Consumable"}
[2021-09-09 11:15:14.974][39180][ERROR] {"token":"9brl02lotv0fage5ga33j7r7ld","acc":"ZrTX9evfIa2G","msg":"{\"Payload\":\"{ \\\"this\\\" : \\\"is a fake receipt\\\" }\",\"Store\":\"fake\",\"TransactionID\":\"6987f26d-78a0-4eed-944f-a54a9ba6a228\"}"}
[2021-09-09 11:15:14.976][39180][ERROR] {"token":"9brl02lotv0fage5ga33j7r7ld","acc":"ZrTX9evfIa2G","msg":"\u8CFC\u5165\u6210\u529F:Acc = ZrTX9evfIa2G, productId = craftstory_subsc_980, ProductType = Consumable"}
[2021-09-09 11:24:26.332][39180][ERROR] {"token":"sk2ndqc99m1njd098ti62b044c","acc":"ZrTX9evfIa2G","msg":"\u8CFC\u5165\u6210\u529F:Acc = ZrTX9evfIa2G, productId = craftstory_subsc_1960, ProductType = Consumable"}
[2021-09-09 11:24:26.335][39180][ERROR] {"token":"sk2ndqc99m1njd098ti62b044c","acc":"ZrTX9evfIa2G","msg":"{\"Payload\":\"{ \\\"this\\\" : \\\"is a fake receipt\\\" }\",\"Store\":\"fake\",\"TransactionID\":\"d540a304-eb7e-46fa-aa21-624582fe32d9\"}"}
[2021-09-09 11:29:43.092][39180][ERROR] {"token":"b3nvllqs8r0m5hfvqo498i3dts","acc":"ZrTX9evfIa2G","msg":"\u8CFC\u5165\u6210\u529F:Acc = ZrTX9evfIa2G, productId = craftstory_subsc_1960, ProductType = Consumable"}
[2021-09-09 11:29:43.097][39180][ERROR] {"token":"b3nvllqs8r0m5hfvqo498i3dts","acc":"ZrTX9evfIa2G","msg":"{\"Payload\":\"{ \\\"this\\\" : \\\"is a fake receipt\\\" }\",\"Store\":\"fake\",\"TransactionID\":\"d36c2295-974b-4894-9012-a7b35e39eb77\"}"}
[2021-09-09 11:31:51.728][39180][ERROR] {"token":"aef947q0nbi2hck4qu14ri47cd","acc":"ZrTX9evfIa2G","msg":"\u8CFC\u5165\u6210\u529F:Acc = ZrTX9evfIa2G, productId = craftstory_subsc_980, ProductType = Consumable"}
[2021-09-09 11:31:51.730][39180][ERROR] {"token":"aef947q0nbi2hck4qu14ri47cd","acc":"ZrTX9evfIa2G","msg":"{\"Payload\":\"{ \\\"this\\\" : \\\"is a fake receipt\\\" }\",\"Store\":\"fake\",\"TransactionID\":\"444a849e-7c24-4ebf-a4ef-bfd6d358ecf3\"}"}
[2021-09-09 11:31:55.984][39180][ERROR] {"token":"aef947q0nbi2hck4qu14ri47cd","acc":"ZrTX9evfIa2G","msg":"{\"Payload\":\"{ \\\"this\\\" : \\\"is a fake receipt\\\" }\",\"Store\":\"fake\",\"TransactionID\":\"1c79340c-802c-4b3c-8f92-f1788875929e\"}"}
[2021-09-09 11:31:55.985][39180][ERROR] {"token":"aef947q0nbi2hck4qu14ri47cd","acc":"ZrTX9evfIa2G","msg":"\u8CFC\u5165\u6210\u529F:Acc = ZrTX9evfIa2G, productId = craftstory_subsc_3060, ProductType = Consumable"}
[2021-09-09 11:33:34.996][39180][ERROR] {"token":"vg7uct7ft1u5os2hpc0b9qo275","acc":"ZrTX9evfIa2G","msg":"\u8CFC\u5165\u6210\u529F:Acc = ZrTX9evfIa2G, productId = craftstory_subsc_980, ProductType = Consumable"}
[2021-09-09 11:33:35.003][39180][ERROR] {"token":"vg7uct7ft1u5os2hpc0b9qo275","acc":"ZrTX9evfIa2G","msg":"{\"Payload\":\"{ \\\"this\\\" : \\\"is a fake receipt\\\" }\",\"Store\":\"fake\",\"TransactionID\":\"8a215d24-624f-4404-b056-c6cbdd48a258\"}"}
[2021-09-09 11:36:42.697][39180][ERROR] {"token":"vg7uct7ft1u5os2hpc0b9qo275","acc":"ZrTX9evfIa2G","msg":"{\"Payload\":\"{ \\\"this\\\" : \\\"is a fake receipt\\\" }\",\"Store\":\"fake\",\"TransactionID\":\"3141b9c7-04e1-4372-a267-340bdf022131\"}"}
[2021-09-09 11:36:42.701][39180][ERROR] {"token":"vg7uct7ft1u5os2hpc0b9qo275","acc":"ZrTX9evfIa2G","msg":"\u8CFC\u5165\u6210\u529F:Acc = ZrTX9evfIa2G, productId = craftstory_subsc_1960, ProductType = Consumable"}
[2021-09-09 11:39:02.695][39180][ERROR] {"token":"vg7uct7ft1u5os2hpc0b9qo275","acc":"ZrTX9evfIa2G","msg":"{\"Payload\":\"{ \\\"this\\\" : \\\"is a fake receipt\\\" }\",\"Store\":\"fake\",\"TransactionID\":\"a9fa6434-f2f5-4938-a631-8f2b5556de79\"}"}
[2021-09-09 11:39:02.701][39180][ERROR] {"token":"vg7uct7ft1u5os2hpc0b9qo275","acc":"ZrTX9evfIa2G","msg":"\u8CFC\u5165\u6210\u529F:Acc = ZrTX9evfIa2G, productId = craftstory_subsc_3060, ProductType = Consumable"}
[2021-09-09 13:27:30.922][39180][ERROR] Bad CMD 1043
[2021-09-09 13:28:11.946][39180][ERROR] Bad CMD 1043
[2021-09-09 13:30:47.723][39180][ERROR] Bad CMD 1043
[2021-09-09 15:22:19.280][39180][ERROR] {"token":"uk76f8ms9ibh0k6u9u7s81it2m","acc":"ZrTX9evfIa2G","msg":"{\"Payload\":\"{ \\\"this\\\" : \\\"is a fake receipt\\\" }\",\"Store\":\"fake\",\"TransactionID\":\"ab157c22-42b8-4990-bedc-457415377273\"}"}
[2021-09-09 15:22:19.280][39180][ERROR] {"token":"uk76f8ms9ibh0k6u9u7s81it2m","acc":"ZrTX9evfIa2G","msg":"\u8CFC\u5165\u6210\u529F:Acc = ZrTX9evfIa2G, productId = craftstory_4900, ProductType = Consumable"}
[2021-09-09 20:24:05.971][39180][ERROR] {"token":"v3qk51ni8b998jruh7dt9eg8ho","acc":"2zMZDLfsezdv","msg":"\u8CFC\u5165\u6210\u529F:Acc = 2zMZDLfsezdv, productId = craftstory_4900, ProductType = Consumable"}
[2021-09-09 20:24:05.971][39180][ERROR] {"token":"v3qk51ni8b998jruh7dt9eg8ho","acc":"2zMZDLfsezdv","msg":"{\"Payload\":\"{ \\\"this\\\" : \\\"is a fake receipt\\\" }\",\"Store\":\"fake\",\"TransactionID\":\"828aa3bc-4d47-414c-9ec9-6d6377fe5be6\"}"}
