[2021-09-29 09:06:35.354][29552][INFO] [CMD:101][ACC:qI47Rc8XQBqq]
[2021-09-29 09:06:35.669][29552][INFO] [CMD:1025]{"token":"sausgo66q48auf1h15rbftg1om","acc":"qI47Rc8XQBqq"}
[2021-09-29 09:06:35.685][29552][INFO] [CMD:1028]{"token":"sausgo66q48auf1h15rbftg1om","acc":"qI47Rc8XQBqq"}
[2021-09-29 09:06:35.687][29552][INFO] [CMD:1021]{"token":"sausgo66q48auf1h15rbftg1om","acc":"qI47Rc8XQBqq"}
[2021-09-29 09:08:04.858][29552][INFO] [CMD:1023]{"token":"sausgo66q48auf1h15rbftg1om","acc":"qI47Rc8XQBqq"}
[2021-09-29 09:08:04.860][29552][INFO] [CMD:1011]{"token":"sausgo66q48auf1h15rbftg1om","acc":"qI47Rc8XQBqq"}
[2021-09-29 09:08:04.868][29552][INFO] [CMD:1001]{"token":"sausgo66q48auf1h15rbftg1om","acc":"qI47Rc8XQBqq"}
[2021-09-29 09:08:09.843][29552][INFO] [CMD:1016]{"token":"sausgo66q48auf1h15rbftg1om","acc":"qI47Rc8XQBqq","page":1,"nickName":"","sortType":0}
[2021-09-29 09:08:19.806][29552][INFO] [CMD:1018]{"token":"sausgo66q48auf1h15rbftg1om","acc":"qI47Rc8XQBqq","site":2,"isfree":0}
[2021-09-29 09:08:23.881][29552][INFO] [CMD:1048]{"token":"sausgo66q48auf1h15rbftg1om","acc":"qI47Rc8XQBqq","guid":46}
[2021-09-29 09:08:26.588][29552][INFO] [CMD:1014]{"token":"sausgo66q48auf1h15rbftg1om","acc":"qI47Rc8XQBqq","nickName":"gsdg","itemGuid":46,"site":2,"price":110,"texture":"Blueprint-qI47Rc8XQBqq-20210929090826"}
[2021-09-29 09:08:26.731][29552][INFO] [CMD:1025]{"token":"sausgo66q48auf1h15rbftg1om","acc":"qI47Rc8XQBqq"}
[2021-09-29 09:22:34.060][29552][INFO] [CMD:101][ACC:qI47Rc8XQBqq]
[2021-09-29 09:22:34.234][29552][INFO] [CMD:1021]{"token":"5ic1dbfs0f25ecemfb92g7le78","acc":"qI47Rc8XQBqq"}
[2021-09-29 09:22:34.238][29552][INFO] [CMD:1025]{"token":"5ic1dbfs0f25ecemfb92g7le78","acc":"qI47Rc8XQBqq"}
[2021-09-29 09:22:34.268][29552][INFO] [CMD:1028]{"token":"5ic1dbfs0f25ecemfb92g7le78","acc":"qI47Rc8XQBqq"}
[2021-09-29 09:22:41.018][29552][INFO] [CMD:1001]{"token":"5ic1dbfs0f25ecemfb92g7le78","acc":"qI47Rc8XQBqq"}
[2021-09-29 09:22:41.030][29552][INFO] [CMD:1023]{"token":"5ic1dbfs0f25ecemfb92g7le78","acc":"qI47Rc8XQBqq"}
[2021-09-29 09:22:41.034][29552][INFO] [CMD:1011]{"token":"5ic1dbfs0f25ecemfb92g7le78","acc":"qI47Rc8XQBqq"}
[2021-09-29 09:22:45.827][29552][INFO] [CMD:1016]{"token":"5ic1dbfs0f25ecemfb92g7le78","acc":"qI47Rc8XQBqq","page":1,"nickName":"","sortType":0}
[2021-09-29 09:22:48.775][29552][INFO] [CMD:1018]{"token":"5ic1dbfs0f25ecemfb92g7le78","acc":"qI47Rc8XQBqq","site":2,"isfree":0}
[2021-09-29 09:22:52.240][29552][INFO] [CMD:1048]{"token":"5ic1dbfs0f25ecemfb92g7le78","acc":"qI47Rc8XQBqq","guid":46}
[2021-09-29 09:22:57.233][29552][INFO] [CMD:1048]{"token":"5ic1dbfs0f25ecemfb92g7le78","acc":"qI47Rc8XQBqq","guid":46}
[2021-09-29 09:22:58.234][29552][INFO] [CMD:1014]{"token":"5ic1dbfs0f25ecemfb92g7le78","acc":"qI47Rc8XQBqq","nickName":"gsdg","itemGuid":46,"site":2,"price":110,"texture":"Blueprint-qI47Rc8XQBqq-20210929092257"}
[2021-09-29 09:22:58.364][29552][INFO] [CMD:1025]{"token":"5ic1dbfs0f25ecemfb92g7le78","acc":"qI47Rc8XQBqq"}
[2021-09-29 09:23:53.021][29552][INFO] [CMD:1018]{"token":"5ic1dbfs0f25ecemfb92g7le78","acc":"qI47Rc8XQBqq","site":2,"isfree":0}
[2021-09-29 09:23:57.037][29552][INFO] [CMD:1018]{"token":"5ic1dbfs0f25ecemfb92g7le78","acc":"qI47Rc8XQBqq","site":1,"isfree":0}
[2021-09-29 09:24:04.897][29552][INFO] [CMD:1048]{"token":"5ic1dbfs0f25ecemfb92g7le78","acc":"qI47Rc8XQBqq","guid":46}
[2021-09-29 09:24:30.521][29552][INFO] [CMD:1014]{"token":"5ic1dbfs0f25ecemfb92g7le78","acc":"qI47Rc8XQBqq","nickName":"gsdg","itemGuid":46,"site":1,"price":110,"texture":"Blueprint-qI47Rc8XQBqq-20210929092430"}
[2021-09-29 09:24:30.635][29552][INFO] [CMD:1025]{"token":"5ic1dbfs0f25ecemfb92g7le78","acc":"qI47Rc8XQBqq"}
[2021-09-29 09:30:38.258][29552][INFO] [CMD:101][ACC:qI47Rc8XQBqq]
[2021-09-29 09:30:38.688][29552][INFO] [CMD:1025]{"token":"8gm8p1aqppvhms2rib3jhrrf09","acc":"qI47Rc8XQBqq"}
[2021-09-29 09:30:38.689][29552][INFO] [CMD:1021]{"token":"8gm8p1aqppvhms2rib3jhrrf09","acc":"qI47Rc8XQBqq"}
[2021-09-29 09:30:38.715][29552][INFO] [CMD:1028]{"token":"8gm8p1aqppvhms2rib3jhrrf09","acc":"qI47Rc8XQBqq"}
[2021-09-29 09:30:45.026][29552][INFO] [CMD:1001]{"token":"8gm8p1aqppvhms2rib3jhrrf09","acc":"qI47Rc8XQBqq"}
[2021-09-29 09:30:45.036][29552][INFO] [CMD:1023]{"token":"8gm8p1aqppvhms2rib3jhrrf09","acc":"qI47Rc8XQBqq"}
[2021-09-29 09:30:45.042][29552][INFO] [CMD:1011]{"token":"8gm8p1aqppvhms2rib3jhrrf09","acc":"qI47Rc8XQBqq"}
[2021-09-29 09:30:51.896][29552][INFO] [CMD:1016]{"token":"8gm8p1aqppvhms2rib3jhrrf09","acc":"qI47Rc8XQBqq","page":1,"nickName":"","sortType":0}
[2021-09-29 09:32:05.182][29552][INFO] [CMD:101][ACC:qI47Rc8XQBqq]
[2021-09-29 09:32:05.330][29552][INFO] [CMD:1021]{"token":"pdi658stm4bh1rnc9ka86upjp5","acc":"qI47Rc8XQBqq"}
[2021-09-29 09:32:05.331][29552][INFO] [CMD:1025]{"token":"pdi658stm4bh1rnc9ka86upjp5","acc":"qI47Rc8XQBqq"}
[2021-09-29 09:32:05.361][29552][INFO] [CMD:1028]{"token":"pdi658stm4bh1rnc9ka86upjp5","acc":"qI47Rc8XQBqq"}
[2021-09-29 09:32:11.496][29552][INFO] [CMD:1023]{"token":"pdi658stm4bh1rnc9ka86upjp5","acc":"qI47Rc8XQBqq"}
[2021-09-29 09:32:11.498][29552][INFO] [CMD:1011]{"token":"pdi658stm4bh1rnc9ka86upjp5","acc":"qI47Rc8XQBqq"}
[2021-09-29 09:32:11.515][29552][INFO] [CMD:1001]{"token":"pdi658stm4bh1rnc9ka86upjp5","acc":"qI47Rc8XQBqq"}
[2021-09-29 09:32:13.616][29552][INFO] [CMD:1016]{"token":"pdi658stm4bh1rnc9ka86upjp5","acc":"qI47Rc8XQBqq","page":1,"nickName":"","sortType":0}
[2021-09-29 09:32:19.934][29552][INFO] [CMD:1048]{"token":"pdi658stm4bh1rnc9ka86upjp5","acc":"qI47Rc8XQBqq","guid":46}
[2021-09-29 09:32:23.422][29552][INFO] [CMD:1014]{"token":"pdi658stm4bh1rnc9ka86upjp5","acc":"qI47Rc8XQBqq","nickName":"gsdg","itemGuid":46,"site":1,"price":110,"texture":"Blueprint-qI47Rc8XQBqq-20210929093222"}
[2021-09-29 09:32:23.729][29552][INFO] [CMD:1025]{"token":"pdi658stm4bh1rnc9ka86upjp5","acc":"qI47Rc8XQBqq"}
[2021-09-29 09:42:50.056][29552][INFO] [CMD:101][ACC:qI47Rc8XQBqq]
[2021-09-29 09:42:50.243][29552][INFO] [CMD:1028]{"token":"8l9tp0hlml5enjutlmg03bbemf","acc":"qI47Rc8XQBqq"}
[2021-09-29 09:42:50.270][29552][INFO] [CMD:1025]{"token":"8l9tp0hlml5enjutlmg03bbemf","acc":"qI47Rc8XQBqq"}
[2021-09-29 09:42:50.281][29552][INFO] [CMD:1021]{"token":"8l9tp0hlml5enjutlmg03bbemf","acc":"qI47Rc8XQBqq"}
[2021-09-29 09:43:02.749][29552][INFO] [CMD:1023]{"token":"8l9tp0hlml5enjutlmg03bbemf","acc":"qI47Rc8XQBqq"}
[2021-09-29 09:43:02.749][29552][INFO] [CMD:1011]{"token":"8l9tp0hlml5enjutlmg03bbemf","acc":"qI47Rc8XQBqq"}
[2021-09-29 09:43:02.776][29552][INFO] [CMD:1001]{"token":"8l9tp0hlml5enjutlmg03bbemf","acc":"qI47Rc8XQBqq"}
[2021-09-29 09:43:05.247][29552][INFO] [CMD:1016]{"token":"8l9tp0hlml5enjutlmg03bbemf","acc":"qI47Rc8XQBqq","page":1,"nickName":"","sortType":0}
[2021-09-29 09:43:11.880][29552][INFO] [CMD:1048]{"token":"8l9tp0hlml5enjutlmg03bbemf","acc":"qI47Rc8XQBqq","guid":46}
[2021-09-29 09:43:15.126][29552][INFO] [CMD:1014]{"token":"8l9tp0hlml5enjutlmg03bbemf","acc":"qI47Rc8XQBqq","nickName":"gsdg","itemGuid":46,"site":2,"price":110,"texture":"Blueprint-qI47Rc8XQBqq-20210929094314"}
[2021-09-29 09:43:15.243][29552][INFO] [CMD:1025]{"token":"8l9tp0hlml5enjutlmg03bbemf","acc":"qI47Rc8XQBqq"}
[2021-09-29 09:43:19.871][29552][INFO] [CMD:1018]{"token":"8l9tp0hlml5enjutlmg03bbemf","acc":"qI47Rc8XQBqq","site":1,"isfree":0}
[2021-09-29 09:43:21.059][29552][INFO] [CMD:1018]{"token":"8l9tp0hlml5enjutlmg03bbemf","acc":"qI47Rc8XQBqq","site":2,"isfree":0}
[2021-09-29 09:43:24.470][29552][INFO] [CMD:1048]{"token":"8l9tp0hlml5enjutlmg03bbemf","acc":"qI47Rc8XQBqq","guid":46}
[2021-09-29 09:43:27.305][29552][INFO] [CMD:1014]{"token":"8l9tp0hlml5enjutlmg03bbemf","acc":"qI47Rc8XQBqq","nickName":"gsdg","itemGuid":46,"site":1,"price":110,"texture":"Blueprint-qI47Rc8XQBqq-20210929094327"}
[2021-09-29 09:43:27.416][29552][INFO] [CMD:1025]{"token":"8l9tp0hlml5enjutlmg03bbemf","acc":"qI47Rc8XQBqq"}
[2021-09-29 09:43:32.130][29552][INFO] [CMD:1048]{"token":"8l9tp0hlml5enjutlmg03bbemf","acc":"qI47Rc8XQBqq","guid":46}
[2021-09-29 09:43:35.717][29552][INFO] [CMD:1014]{"token":"8l9tp0hlml5enjutlmg03bbemf","acc":"qI47Rc8XQBqq","nickName":"gsdg","itemGuid":46,"site":2,"price":110,"texture":"Blueprint-qI47Rc8XQBqq-20210929094335"}
[2021-09-29 09:43:35.878][29552][INFO] [CMD:1025]{"token":"8l9tp0hlml5enjutlmg03bbemf","acc":"qI47Rc8XQBqq"}
[2021-09-29 09:44:05.589][29552][INFO] [CMD:101][ACC:v6hrwzMYhvXU]
[2021-09-29 09:44:05.828][29552][INFO] [CMD:1025]{"token":"5him01574pfhs2f3neqfqkvh69","acc":"v6hrwzMYhvXU"}
[2021-09-29 09:44:05.838][29552][INFO] [CMD:1028]{"token":"5him01574pfhs2f3neqfqkvh69","acc":"v6hrwzMYhvXU"}
[2021-09-29 09:44:05.872][29552][INFO] [CMD:1021]{"token":"5him01574pfhs2f3neqfqkvh69","acc":"v6hrwzMYhvXU"}
[2021-09-29 09:44:29.145][29552][INFO] [CMD:1011]{"token":"5him01574pfhs2f3neqfqkvh69","acc":"v6hrwzMYhvXU"}
[2021-09-29 09:44:29.147][29552][INFO] [CMD:1001]{"token":"5him01574pfhs2f3neqfqkvh69","acc":"v6hrwzMYhvXU"}
[2021-09-29 09:44:29.148][29552][INFO] [CMD:1023]{"token":"5him01574pfhs2f3neqfqkvh69","acc":"v6hrwzMYhvXU"}
[2021-09-29 09:44:31.190][29552][INFO] [CMD:1016]{"token":"5him01574pfhs2f3neqfqkvh69","acc":"v6hrwzMYhvXU","page":1,"nickName":"","sortType":0}
[2021-09-29 09:44:33.492][29552][INFO] [CMD:1016]{"token":"5him01574pfhs2f3neqfqkvh69","acc":"v6hrwzMYhvXU","page":1,"nickName":"","sortType":0}
[2021-09-29 09:45:12.621][29552][INFO] [CMD:101][ACC:v6hrwzMYhvXU]
[2021-09-29 09:45:12.763][29552][INFO] [CMD:1025]{"token":"37hgolba7cghlr73qd1fco6l96","acc":"v6hrwzMYhvXU"}
[2021-09-29 09:45:12.779][29552][INFO] [CMD:1028]{"token":"37hgolba7cghlr73qd1fco6l96","acc":"v6hrwzMYhvXU"}
[2021-09-29 09:45:12.798][29552][INFO] [CMD:1021]{"token":"37hgolba7cghlr73qd1fco6l96","acc":"v6hrwzMYhvXU"}
[2021-09-29 09:45:22.434][29552][INFO] [CMD:1011]{"token":"37hgolba7cghlr73qd1fco6l96","acc":"v6hrwzMYhvXU"}
[2021-09-29 09:45:22.437][29552][INFO] [CMD:1001]{"token":"37hgolba7cghlr73qd1fco6l96","acc":"v6hrwzMYhvXU"}
[2021-09-29 09:45:22.479][29552][INFO] [CMD:1023]{"token":"37hgolba7cghlr73qd1fco6l96","acc":"v6hrwzMYhvXU"}
[2021-09-29 10:23:30.951][29552][INFO] [CMD:1016]{"token":"37hgolba7cghlr73qd1fco6l96","acc":"v6hrwzMYhvXU","page":1,"nickName":"","sortType":0}
[2021-09-29 10:23:48.923][29552][INFO] [CMD:1016]{"token":"37hgolba7cghlr73qd1fco6l96","acc":"v6hrwzMYhvXU","page":1,"nickName":"","sortType":0}
[2021-09-29 10:23:51.684][29552][INFO] [CMD:1016]{"token":"37hgolba7cghlr73qd1fco6l96","acc":"v6hrwzMYhvXU","page":1,"nickName":"","sortType":0}
[2021-09-29 10:23:59.855][29552][INFO] [CMD:101][ACC:v6hrwzMYhvXU]
[2021-09-29 10:24:00.405][29552][INFO] [CMD:1025]{"token":"04cg7daeksgs1m7tj3i1io8riq","acc":"v6hrwzMYhvXU"}
[2021-09-29 10:24:00.417][29552][INFO] [CMD:1028]{"token":"04cg7daeksgs1m7tj3i1io8riq","acc":"v6hrwzMYhvXU"}
[2021-09-29 10:24:00.423][29552][INFO] [CMD:1021]{"token":"04cg7daeksgs1m7tj3i1io8riq","acc":"v6hrwzMYhvXU"}
[2021-09-29 10:24:05.387][29552][INFO] [CMD:1011]{"token":"04cg7daeksgs1m7tj3i1io8riq","acc":"v6hrwzMYhvXU"}
[2021-09-29 10:24:05.390][29552][INFO] [CMD:1001]{"token":"04cg7daeksgs1m7tj3i1io8riq","acc":"v6hrwzMYhvXU"}
[2021-09-29 10:24:05.391][29552][INFO] [CMD:1023]{"token":"04cg7daeksgs1m7tj3i1io8riq","acc":"v6hrwzMYhvXU"}
[2021-09-29 10:24:07.605][29552][INFO] [CMD:1016]{"token":"04cg7daeksgs1m7tj3i1io8riq","acc":"v6hrwzMYhvXU","page":1,"nickName":"","sortType":0}
[2021-09-29 10:24:11.693][29552][INFO] [CMD:1016]{"token":"04cg7daeksgs1m7tj3i1io8riq","acc":"v6hrwzMYhvXU","page":1,"nickName":"","sortType":0}
[2021-09-29 10:24:15.661][29552][INFO] [CMD:1016]{"token":"04cg7daeksgs1m7tj3i1io8riq","acc":"v6hrwzMYhvXU","page":1,"nickName":"","sortType":0}
[2021-09-29 10:24:19.632][29552][INFO] [CMD:1016]{"token":"04cg7daeksgs1m7tj3i1io8riq","acc":"v6hrwzMYhvXU","page":2,"nickName":"","sortType":0}
[2021-09-29 10:24:20.810][29552][INFO] [CMD:1016]{"token":"04cg7daeksgs1m7tj3i1io8riq","acc":"v6hrwzMYhvXU","page":1,"nickName":"","sortType":0}
[2021-09-29 10:24:27.657][29552][INFO] [CMD:1016]{"token":"04cg7daeksgs1m7tj3i1io8riq","acc":"v6hrwzMYhvXU","page":1,"nickName":"","sortType":0}
[2021-09-29 10:24:36.764][29552][INFO] [CMD:1016]{"token":"04cg7daeksgs1m7tj3i1io8riq","acc":"v6hrwzMYhvXU","page":1,"nickName":"","sortType":0}
[2021-09-29 10:24:55.106][29552][INFO] [CMD:1048]{"token":"04cg7daeksgs1m7tj3i1io8riq","acc":"v6hrwzMYhvXU","guid":45}
[2021-09-29 10:24:58.428][29552][INFO] [CMD:1014]{"token":"04cg7daeksgs1m7tj3i1io8riq","acc":"v6hrwzMYhvXU","nickName":"ggggg","itemGuid":45,"site":1,"price":110,"texture":"Blueprint-v6hrwzMYhvXU-20210929102458"}
[2021-09-29 10:24:58.529][29552][INFO] [CMD:1025]{"token":"04cg7daeksgs1m7tj3i1io8riq","acc":"v6hrwzMYhvXU"}
[2021-09-29 10:25:05.356][29552][INFO] [CMD:1019]{"token":"04cg7daeksgs1m7tj3i1io8riq","acc":"v6hrwzMYhvXU","page":1}
[2021-09-29 10:25:06.118][29552][INFO] [CMD:1020]{"token":"04cg7daeksgs1m7tj3i1io8riq","acc":"v6hrwzMYhvXU","guid":135}
[2021-09-29 10:25:06.152][29552][INFO] [CMD:1026]{"token":"04cg7daeksgs1m7tj3i1io8riq","acc":"v6hrwzMYhvXU","guid":135}
[2021-09-29 10:25:06.340][29552][INFO] [CMD:1001]{"token":"04cg7daeksgs1m7tj3i1io8riq","acc":"v6hrwzMYhvXU"}
[2021-09-29 10:25:07.151][29552][INFO] [CMD:1019]{"token":"04cg7daeksgs1m7tj3i1io8riq","acc":"v6hrwzMYhvXU","page":1}
[2021-09-29 10:25:37.327][29552][INFO] [CMD:1011]{"token":"04cg7daeksgs1m7tj3i1io8riq","acc":"v6hrwzMYhvXU"}
[2021-09-29 10:25:37.329][29552][INFO] [CMD:1001]{"token":"04cg7daeksgs1m7tj3i1io8riq","acc":"v6hrwzMYhvXU"}
[2021-09-29 10:26:03.145][29552][INFO] [CMD:1011]{"token":"04cg7daeksgs1m7tj3i1io8riq","acc":"v6hrwzMYhvXU"}
[2021-09-29 10:26:03.156][29552][INFO] [CMD:1001]{"token":"04cg7daeksgs1m7tj3i1io8riq","acc":"v6hrwzMYhvXU"}
[2021-09-29 10:26:29.248][29552][INFO] [CMD:101][ACC:v6hrwzMYhvXU]
[2021-09-29 10:26:29.377][29552][INFO] [CMD:1025]{"token":"tg6gifri0t05h59u3krk1gi6t6","acc":"v6hrwzMYhvXU"}
[2021-09-29 10:26:29.404][29552][INFO] [CMD:1028]{"token":"tg6gifri0t05h59u3krk1gi6t6","acc":"v6hrwzMYhvXU"}
[2021-09-29 10:26:29.404][29552][INFO] [CMD:1021]{"token":"tg6gifri0t05h59u3krk1gi6t6","acc":"v6hrwzMYhvXU"}
[2021-09-29 10:26:34.504][29552][INFO] [CMD:1001]{"token":"tg6gifri0t05h59u3krk1gi6t6","acc":"v6hrwzMYhvXU"}
[2021-09-29 10:26:34.507][29552][INFO] [CMD:1023]{"token":"tg6gifri0t05h59u3krk1gi6t6","acc":"v6hrwzMYhvXU"}
[2021-09-29 10:26:34.507][29552][INFO] [CMD:1011]{"token":"tg6gifri0t05h59u3krk1gi6t6","acc":"v6hrwzMYhvXU"}
[2021-09-29 10:26:36.295][29552][INFO] [CMD:1011]{"token":"tg6gifri0t05h59u3krk1gi6t6","acc":"v6hrwzMYhvXU"}
[2021-09-29 10:26:36.295][29552][INFO] [CMD:1001]{"token":"tg6gifri0t05h59u3krk1gi6t6","acc":"v6hrwzMYhvXU"}
[2021-09-29 10:26:39.889][29552][INFO] [CMD:1011]{"token":"tg6gifri0t05h59u3krk1gi6t6","acc":"v6hrwzMYhvXU"}
[2021-09-29 10:26:47.856][29552][INFO] [CMD:1010]{"token":"tg6gifri0t05h59u3krk1gi6t6","acc":"v6hrwzMYhvXU","shopId":104}
[2021-09-29 10:26:48.065][29552][INFO] [CMD:1001]{"token":"tg6gifri0t05h59u3krk1gi6t6","acc":"v6hrwzMYhvXU"}
[2021-09-29 10:26:48.065][29552][INFO] [CMD:1011]{"token":"tg6gifri0t05h59u3krk1gi6t6","acc":"v6hrwzMYhvXU"}
[2021-09-29 10:26:50.781][29552][INFO] [CMD:1001]{"token":"tg6gifri0t05h59u3krk1gi6t6","acc":"v6hrwzMYhvXU"}
[2021-09-29 10:26:50.789][29552][INFO] [CMD:1011]{"token":"tg6gifri0t05h59u3krk1gi6t6","acc":"v6hrwzMYhvXU"}
[2021-09-29 10:26:52.204][29552][INFO] [CMD:1007]{"token":"tg6gifri0t05h59u3krk1gi6t6","acc":"v6hrwzMYhvXU","guid":1,"site":1}
[2021-09-29 10:39:06.460][29552][INFO] [CMD:101][ACC:v6hrwzMYhvXU]
[2021-09-29 10:39:06.641][29552][INFO] [CMD:1028]{"token":"lipc8qtvh73kerl3a5vi6m277u","acc":"v6hrwzMYhvXU"}
[2021-09-29 10:39:06.644][29552][INFO] [CMD:1025]{"token":"lipc8qtvh73kerl3a5vi6m277u","acc":"v6hrwzMYhvXU"}
[2021-09-29 10:39:06.662][29552][INFO] [CMD:1021]{"token":"lipc8qtvh73kerl3a5vi6m277u","acc":"v6hrwzMYhvXU"}
[2021-09-29 10:39:11.690][29552][INFO] [CMD:1023]{"token":"lipc8qtvh73kerl3a5vi6m277u","acc":"v6hrwzMYhvXU"}
[2021-09-29 10:39:11.703][29552][INFO] [CMD:1011]{"token":"lipc8qtvh73kerl3a5vi6m277u","acc":"v6hrwzMYhvXU"}
[2021-09-29 10:39:11.707][29552][INFO] [CMD:1001]{"token":"lipc8qtvh73kerl3a5vi6m277u","acc":"v6hrwzMYhvXU"}
[2021-09-29 10:39:13.929][29552][INFO] [CMD:1001]{"token":"lipc8qtvh73kerl3a5vi6m277u","acc":"v6hrwzMYhvXU"}
[2021-09-29 10:39:13.945][29552][INFO] [CMD:1011]{"token":"lipc8qtvh73kerl3a5vi6m277u","acc":"v6hrwzMYhvXU"}
[2021-09-29 10:40:12.267][29552][INFO] [CMD:101][ACC:v6hrwzMYhvXU]
[2021-09-29 10:40:12.425][29552][INFO] [CMD:1021]{"token":"v4ego4vqtfd2l7e11kdb5ig4lr","acc":"v6hrwzMYhvXU"}
[2021-09-29 10:40:12.432][29552][INFO] [CMD:1025]{"token":"v4ego4vqtfd2l7e11kdb5ig4lr","acc":"v6hrwzMYhvXU"}
[2021-09-29 10:40:12.444][29552][INFO] [CMD:1028]{"token":"v4ego4vqtfd2l7e11kdb5ig4lr","acc":"v6hrwzMYhvXU"}
[2021-09-29 10:41:15.801][29552][INFO] [CMD:101][ACC:v6hrwzMYhvXU]
[2021-09-29 10:41:15.963][29552][INFO] [CMD:1025]{"token":"tui4nu5hsguo9j4ckkc3v7u5qi","acc":"v6hrwzMYhvXU"}
[2021-09-29 10:41:15.979][29552][INFO] [CMD:1028]{"token":"tui4nu5hsguo9j4ckkc3v7u5qi","acc":"v6hrwzMYhvXU"}
[2021-09-29 10:41:15.982][29552][INFO] [CMD:1021]{"token":"tui4nu5hsguo9j4ckkc3v7u5qi","acc":"v6hrwzMYhvXU"}
[2021-09-29 10:41:21.337][29552][INFO] [CMD:1001]{"token":"tui4nu5hsguo9j4ckkc3v7u5qi","acc":"v6hrwzMYhvXU"}
[2021-09-29 10:41:21.344][29552][INFO] [CMD:1011]{"token":"tui4nu5hsguo9j4ckkc3v7u5qi","acc":"v6hrwzMYhvXU"}
[2021-09-29 10:41:21.344][29552][INFO] [CMD:1023]{"token":"tui4nu5hsguo9j4ckkc3v7u5qi","acc":"v6hrwzMYhvXU"}
[2021-09-29 10:44:31.207][29552][INFO] [CMD:101][ACC:v6hrwzMYhvXU]
[2021-09-29 10:44:31.371][29552][INFO] [CMD:1025]{"token":"r24mgav29j9n7evatp30k34t11","acc":"v6hrwzMYhvXU"}
[2021-09-29 10:44:31.382][29552][INFO] [CMD:1028]{"token":"r24mgav29j9n7evatp30k34t11","acc":"v6hrwzMYhvXU"}
[2021-09-29 10:44:31.383][29552][INFO] [CMD:1021]{"token":"r24mgav29j9n7evatp30k34t11","acc":"v6hrwzMYhvXU"}
[2021-09-29 10:44:36.544][29552][INFO] [CMD:1023]{"token":"r24mgav29j9n7evatp30k34t11","acc":"v6hrwzMYhvXU"}
[2021-09-29 10:44:36.564][29552][INFO] [CMD:1011]{"token":"r24mgav29j9n7evatp30k34t11","acc":"v6hrwzMYhvXU"}
[2021-09-29 10:44:36.565][29552][INFO] [CMD:1001]{"token":"r24mgav29j9n7evatp30k34t11","acc":"v6hrwzMYhvXU"}
[2021-09-29 10:44:59.524][29552][INFO] [CMD:1005]{"token":"r24mgav29j9n7evatp30k34t11","acc":"v6hrwzMYhvXU","itemId":3002,"count":1,"newName":"Ge","rdata":"{\"sizeX\":6,\"sizeZ\":11,\"blocks\":[{\"id\":5001,\"posX\":0,\"posY\":0,\"posZ\":-4,\"direction\":0},{\"id\":7027,\"posX\":0,\"posY\":0,\"posZ\":2,\"direction\":4},{\"id\":7027,\"posX\":0,\"posY\":0,\"posZ\":4,\"direction\":4},{\"id\":7027,\"posX\":1,\"posY\":0,\"posZ\":1,\"direction\":4},{\"id\":1502,\"posX\":1,\"posY\":0,\"posZ\":2,\"direction\":0},{\"id\":7027,\"posX\":1,\"posY\":0,\"posZ\":4,\"direction\":4},{\"id\":7027,\"posX\":2,\"posY\":0,\"posZ\":0,\"direction\":4},{\"id\":7027,\"posX\":2,\"posY\":0,\"posZ\":2,\"direction\":4},{\"id\":7027,\"posX\":2,\"posY\":0,\"posZ\":4,\"direction\":4},{\"id\":7019,\"posX\":3,\"posY\":0,\"posZ\":0,\"direction\":5},{\"id\":7019,\"posX\":3,\"posY\":0,\"posZ\":3,\"direction\":5}],\"IsDuplicate\":false}","textureName":"Blueprint-v6hrwzMYhvXU-20210929104459"}
[2021-09-29 10:44:59.599][29552][INFO] [CMD:1001]{"token":"r24mgav29j9n7evatp30k34t11","acc":"v6hrwzMYhvXU"}
[2021-09-29 10:44:59.846][29552][INFO] [CMD:1003]{"token":"r24mgav29j9n7evatp30k34t11","acc":"v6hrwzMYhvXU","itemId":3001,"count":1}
[2021-09-29 10:45:00.599][29552][INFO] [CMD:1001]{"token":"r24mgav29j9n7evatp30k34t11","acc":"v6hrwzMYhvXU"}
[2021-09-29 10:46:09.870][29552][INFO] [CMD:101][ACC:v6hrwzMYhvXU]
[2021-09-29 10:46:10.058][29552][INFO] [CMD:1028]{"token":"hgh4pe936jteqpasmv7i5q0q6a","acc":"v6hrwzMYhvXU"}
[2021-09-29 10:46:10.089][29552][INFO] [CMD:1025]{"token":"hgh4pe936jteqpasmv7i5q0q6a","acc":"v6hrwzMYhvXU"}
[2021-09-29 10:46:10.089][29552][INFO] [CMD:1021]{"token":"hgh4pe936jteqpasmv7i5q0q6a","acc":"v6hrwzMYhvXU"}
[2021-09-29 10:46:17.797][29552][INFO] [CMD:1011]{"token":"hgh4pe936jteqpasmv7i5q0q6a","acc":"v6hrwzMYhvXU"}
[2021-09-29 10:46:17.798][29552][INFO] [CMD:1023]{"token":"hgh4pe936jteqpasmv7i5q0q6a","acc":"v6hrwzMYhvXU"}
[2021-09-29 10:46:17.811][29552][INFO] [CMD:1001]{"token":"hgh4pe936jteqpasmv7i5q0q6a","acc":"v6hrwzMYhvXU"}
[2021-09-29 10:46:35.894][29552][INFO] [CMD:1005]{"token":"hgh4pe936jteqpasmv7i5q0q6a","acc":"v6hrwzMYhvXU","itemId":3002,"count":1,"newName":"Kiii","rdata":"{\"sizeX\":20,\"sizeZ\":2,\"blocks\":[{\"id\":7027,\"posX\":-7,\"posY\":0,\"posZ\":0,\"direction\":4},{\"id\":7027,\"posX\":-6,\"posY\":0,\"posZ\":0,\"direction\":4},{\"id\":7027,\"posX\":-5,\"posY\":0,\"posZ\":0,\"direction\":4},{\"id\":7019,\"posX\":2,\"posY\":0,\"posZ\":0,\"direction\":5},{\"id\":5102,\"posX\":3,\"posY\":0,\"posZ\":0,\"direction\":0},{\"id\":7019,\"posX\":3,\"posY\":0,\"posZ\":1,\"direction\":5},{\"id\":5102,\"posX\":3,\"posY\":1,\"posZ\":0,\"direction\":0},{\"id\":5102,\"posX\":3,\"posY\":2,\"posZ\":0,\"direction\":0}],\"IsDuplicate\":false}","textureName":"Blueprint-v6hrwzMYhvXU-20210929104635"}
[2021-09-29 10:46:35.968][29552][INFO] [CMD:1001]{"token":"hgh4pe936jteqpasmv7i5q0q6a","acc":"v6hrwzMYhvXU"}
[2021-09-29 10:46:36.042][29552][INFO] [CMD:1003]{"token":"hgh4pe936jteqpasmv7i5q0q6a","acc":"v6hrwzMYhvXU","itemId":3001,"count":1}
[2021-09-29 10:46:36.142][29552][INFO] [CMD:1001]{"token":"hgh4pe936jteqpasmv7i5q0q6a","acc":"v6hrwzMYhvXU"}
[2021-09-29 10:46:37.278][29552][INFO] [CMD:1001]{"token":"hgh4pe936jteqpasmv7i5q0q6a","acc":"v6hrwzMYhvXU"}
[2021-09-29 10:46:37.291][29552][INFO] [CMD:1011]{"token":"hgh4pe936jteqpasmv7i5q0q6a","acc":"v6hrwzMYhvXU"}
[2021-09-29 10:46:39.380][29552][INFO] [CMD:1007]{"token":"hgh4pe936jteqpasmv7i5q0q6a","acc":"v6hrwzMYhvXU","guid":2,"site":2}
[2021-09-29 10:46:40.361][29552][INFO] [CMD:1007]{"token":"hgh4pe936jteqpasmv7i5q0q6a","acc":"v6hrwzMYhvXU","guid":3,"site":3}
[2021-09-29 10:46:51.332][29552][INFO] [CMD:1011]{"token":"hgh4pe936jteqpasmv7i5q0q6a","acc":"v6hrwzMYhvXU"}
[2021-09-29 10:46:51.338][29552][INFO] [CMD:1001]{"token":"hgh4pe936jteqpasmv7i5q0q6a","acc":"v6hrwzMYhvXU"}
[2021-09-29 10:54:56.151][29552][INFO] [CMD:101][ACC:v6hrwzMYhvXU]
[2021-09-29 10:54:56.300][29552][INFO] [CMD:1025]{"token":"mftf8ncgkm1camq5a6sedggmb3","acc":"v6hrwzMYhvXU"}
[2021-09-29 10:54:56.326][29552][INFO] [CMD:1028]{"token":"mftf8ncgkm1camq5a6sedggmb3","acc":"v6hrwzMYhvXU"}
[2021-09-29 10:54:56.339][29552][INFO] [CMD:1021]{"token":"mftf8ncgkm1camq5a6sedggmb3","acc":"v6hrwzMYhvXU"}
[2021-09-29 10:55:02.029][29552][INFO] [CMD:1001]{"token":"mftf8ncgkm1camq5a6sedggmb3","acc":"v6hrwzMYhvXU"}
[2021-09-29 10:55:02.032][29552][INFO] [CMD:1023]{"token":"mftf8ncgkm1camq5a6sedggmb3","acc":"v6hrwzMYhvXU"}
[2021-09-29 10:55:02.043][29552][INFO] [CMD:1011]{"token":"mftf8ncgkm1camq5a6sedggmb3","acc":"v6hrwzMYhvXU"}
[2021-09-29 10:55:08.217][29552][INFO] [CMD:1001]{"token":"mftf8ncgkm1camq5a6sedggmb3","acc":"v6hrwzMYhvXU"}
[2021-09-29 10:55:08.219][29552][INFO] [CMD:1011]{"token":"mftf8ncgkm1camq5a6sedggmb3","acc":"v6hrwzMYhvXU"}
[2021-09-29 10:55:23.829][29552][INFO] [CMD:1001]{"token":"mftf8ncgkm1camq5a6sedggmb3","acc":"v6hrwzMYhvXU"}
[2021-09-29 10:55:23.845][29552][INFO] [CMD:1011]{"token":"mftf8ncgkm1camq5a6sedggmb3","acc":"v6hrwzMYhvXU"}
[2021-09-29 10:55:45.611][29552][INFO] [CMD:1011]{"token":"mftf8ncgkm1camq5a6sedggmb3","acc":"v6hrwzMYhvXU"}
[2021-09-29 10:55:45.614][29552][INFO] [CMD:1001]{"token":"mftf8ncgkm1camq5a6sedggmb3","acc":"v6hrwzMYhvXU"}
[2021-09-29 10:56:34.959][29552][INFO] [CMD:1016]{"token":"mftf8ncgkm1camq5a6sedggmb3","acc":"v6hrwzMYhvXU","page":1,"nickName":"","sortType":0}
[2021-09-29 10:56:38.334][29552][INFO] [CMD:1016]{"token":"mftf8ncgkm1camq5a6sedggmb3","acc":"v6hrwzMYhvXU","page":1,"nickName":"","sortType":0}
[2021-09-29 10:57:37.479][29552][INFO] [CMD:101][ACC:v6hrwzMYhvXU]
[2021-09-29 10:57:37.653][29552][INFO] [CMD:1028]{"token":"hblpb97546invslepohsaes43b","acc":"v6hrwzMYhvXU"}
[2021-09-29 10:57:37.672][29552][INFO] [CMD:1025]{"token":"hblpb97546invslepohsaes43b","acc":"v6hrwzMYhvXU"}
[2021-09-29 10:57:37.673][29552][INFO] [CMD:1021]{"token":"hblpb97546invslepohsaes43b","acc":"v6hrwzMYhvXU"}
[2021-09-29 10:57:42.875][29552][INFO] [CMD:1023]{"token":"hblpb97546invslepohsaes43b","acc":"v6hrwzMYhvXU"}
[2021-09-29 10:57:42.880][29552][INFO] [CMD:1001]{"token":"hblpb97546invslepohsaes43b","acc":"v6hrwzMYhvXU"}
[2021-09-29 10:57:42.880][29552][INFO] [CMD:1011]{"token":"hblpb97546invslepohsaes43b","acc":"v6hrwzMYhvXU"}
[2021-09-29 10:57:54.425][29552][INFO] [CMD:1016]{"token":"hblpb97546invslepohsaes43b","acc":"v6hrwzMYhvXU","page":1,"nickName":"","sortType":0}
[2021-09-29 10:58:36.040][29552][INFO] [CMD:101][ACC:v6hrwzMYhvXU]
[2021-09-29 10:58:36.341][29552][INFO] [CMD:1025]{"token":"7irfpfhbmobcu5unar55b0l2b3","acc":"v6hrwzMYhvXU"}
[2021-09-29 10:58:36.371][29552][INFO] [CMD:1028]{"token":"7irfpfhbmobcu5unar55b0l2b3","acc":"v6hrwzMYhvXU"}
[2021-09-29 10:58:36.371][29552][INFO] [CMD:1021]{"token":"7irfpfhbmobcu5unar55b0l2b3","acc":"v6hrwzMYhvXU"}
[2021-09-29 10:58:38.882][29552][INFO] [CMD:1011]{"token":"7irfpfhbmobcu5unar55b0l2b3","acc":"v6hrwzMYhvXU"}
[2021-09-29 10:58:40.253][29552][INFO] [CMD:1011]{"token":"7irfpfhbmobcu5unar55b0l2b3","acc":"v6hrwzMYhvXU"}
[2021-09-29 10:58:41.662][29552][INFO] [CMD:1016]{"token":"7irfpfhbmobcu5unar55b0l2b3","acc":"v6hrwzMYhvXU","page":1,"nickName":"","sortType":0}
[2021-09-29 10:58:52.863][29552][INFO] [CMD:101][ACC:v6hrwzMYhvXU]
[2021-09-29 10:58:53.692][29552][INFO] [CMD:1021]{"token":"6dfk45s4hpaeu1jpk88d6fk9ca","acc":"v6hrwzMYhvXU"}
[2021-09-29 10:58:53.698][29552][INFO] [CMD:1025]{"token":"6dfk45s4hpaeu1jpk88d6fk9ca","acc":"v6hrwzMYhvXU"}
[2021-09-29 10:58:53.714][29552][INFO] [CMD:1028]{"token":"6dfk45s4hpaeu1jpk88d6fk9ca","acc":"v6hrwzMYhvXU"}
[2021-09-29 10:58:55.681][29552][INFO] [CMD:1011]{"token":"6dfk45s4hpaeu1jpk88d6fk9ca","acc":"v6hrwzMYhvXU"}
[2021-09-29 10:58:58.743][29552][INFO] [CMD:1029]{"token":"6dfk45s4hpaeu1jpk88d6fk9ca","acc":"v6hrwzMYhvXU"}
[2021-09-29 10:59:02.072][29552][INFO] [CMD:1023]{"token":"6dfk45s4hpaeu1jpk88d6fk9ca","acc":"v6hrwzMYhvXU"}
[2021-09-29 10:59:02.075][29552][INFO] [CMD:1001]{"token":"6dfk45s4hpaeu1jpk88d6fk9ca","acc":"v6hrwzMYhvXU"}
[2021-09-29 10:59:02.098][29552][INFO] [CMD:1011]{"token":"6dfk45s4hpaeu1jpk88d6fk9ca","acc":"v6hrwzMYhvXU"}
[2021-09-29 10:59:10.657][29552][INFO] [CMD:1001]{"token":"6dfk45s4hpaeu1jpk88d6fk9ca","acc":"v6hrwzMYhvXU"}
[2021-09-29 10:59:10.660][29552][INFO] [CMD:1011]{"token":"6dfk45s4hpaeu1jpk88d6fk9ca","acc":"v6hrwzMYhvXU"}
[2021-09-29 10:59:26.344][29552][INFO] [CMD:1016]{"token":"6dfk45s4hpaeu1jpk88d6fk9ca","acc":"v6hrwzMYhvXU","page":1,"nickName":"","sortType":0}
[2021-09-29 10:59:29.365][29552][INFO] [CMD:1016]{"token":"6dfk45s4hpaeu1jpk88d6fk9ca","acc":"v6hrwzMYhvXU","page":1,"nickName":"","sortType":0}
[2021-09-29 10:59:32.082][29552][INFO] [CMD:1047]{"token":"6dfk45s4hpaeu1jpk88d6fk9ca","acc":"v6hrwzMYhvXU","targetAcc":null}
[2021-09-29 11:00:15.662][29552][INFO] [CMD:101][ACC:qI47Rc8XQBqq]
[2021-09-29 11:00:16.219][29552][INFO] [CMD:1028]{"token":"arqrrlscpq1jsv35e1l1eqnbhm","acc":"qI47Rc8XQBqq"}
[2021-09-29 11:00:16.220][29552][INFO] [CMD:1025]{"token":"arqrrlscpq1jsv35e1l1eqnbhm","acc":"qI47Rc8XQBqq"}
[2021-09-29 11:00:16.227][29552][INFO] [CMD:1021]{"token":"arqrrlscpq1jsv35e1l1eqnbhm","acc":"qI47Rc8XQBqq"}
[2021-09-29 11:00:18.489][29552][INFO] [CMD:1011]{"token":"arqrrlscpq1jsv35e1l1eqnbhm","acc":"qI47Rc8XQBqq"}
[2021-09-29 11:00:20.588][29552][INFO] [CMD:1016]{"token":"arqrrlscpq1jsv35e1l1eqnbhm","acc":"qI47Rc8XQBqq","page":1,"nickName":"","sortType":0}
[2021-09-29 11:00:31.264][29552][INFO] [CMD:101][ACC:qI47Rc8XQBqq]
[2021-09-29 11:00:31.437][29552][INFO] [CMD:1028]{"token":"cntgsrme2gk8gadc3igrulblt5","acc":"qI47Rc8XQBqq"}
[2021-09-29 11:00:31.460][29552][INFO] [CMD:1025]{"token":"cntgsrme2gk8gadc3igrulblt5","acc":"qI47Rc8XQBqq"}
[2021-09-29 11:00:31.460][29552][INFO] [CMD:1021]{"token":"cntgsrme2gk8gadc3igrulblt5","acc":"qI47Rc8XQBqq"}
[2021-09-29 11:00:33.681][29552][INFO] [CMD:1011]{"token":"cntgsrme2gk8gadc3igrulblt5","acc":"qI47Rc8XQBqq"}
[2021-09-29 11:00:36.750][29552][INFO] [CMD:1029]{"token":"cntgsrme2gk8gadc3igrulblt5","acc":"qI47Rc8XQBqq"}
[2021-09-29 11:00:40.088][29552][INFO] [CMD:1023]{"token":"cntgsrme2gk8gadc3igrulblt5","acc":"qI47Rc8XQBqq"}
[2021-09-29 11:00:40.092][29552][INFO] [CMD:1011]{"token":"cntgsrme2gk8gadc3igrulblt5","acc":"qI47Rc8XQBqq"}
[2021-09-29 11:00:40.109][29552][INFO] [CMD:1001]{"token":"cntgsrme2gk8gadc3igrulblt5","acc":"qI47Rc8XQBqq"}
[2021-09-29 11:00:45.434][29552][INFO] [CMD:1016]{"token":"cntgsrme2gk8gadc3igrulblt5","acc":"qI47Rc8XQBqq","page":1,"nickName":"","sortType":0}
[2021-09-29 11:01:14.907][29552][INFO] [CMD:101][ACC:v6hrwzMYhvXU]
[2021-09-29 11:01:15.125][29552][INFO] [CMD:1025]{"token":"9hnai1u5gqnvo6ra9vq65ossa5","acc":"v6hrwzMYhvXU"}
[2021-09-29 11:01:15.130][29552][INFO] [CMD:1028]{"token":"9hnai1u5gqnvo6ra9vq65ossa5","acc":"v6hrwzMYhvXU"}
[2021-09-29 11:01:15.136][29552][INFO] [CMD:1021]{"token":"9hnai1u5gqnvo6ra9vq65ossa5","acc":"v6hrwzMYhvXU"}
[2021-09-29 11:01:20.473][29552][INFO] [CMD:1001]{"token":"9hnai1u5gqnvo6ra9vq65ossa5","acc":"v6hrwzMYhvXU"}
[2021-09-29 11:01:20.478][29552][INFO] [CMD:1011]{"token":"9hnai1u5gqnvo6ra9vq65ossa5","acc":"v6hrwzMYhvXU"}
[2021-09-29 11:01:20.480][29552][INFO] [CMD:1023]{"token":"9hnai1u5gqnvo6ra9vq65ossa5","acc":"v6hrwzMYhvXU"}
[2021-09-29 11:01:28.968][29552][INFO] [CMD:1016]{"token":"9hnai1u5gqnvo6ra9vq65ossa5","acc":"v6hrwzMYhvXU","page":1,"nickName":"","sortType":0}
[2021-09-29 11:01:44.560][29552][INFO] [CMD:1047]{"token":"9hnai1u5gqnvo6ra9vq65ossa5","acc":"v6hrwzMYhvXU","targetAcc":null}
[2021-09-29 11:02:44.572][29552][INFO] [CMD:101][ACC:v6hrwzMYhvXU]
[2021-09-29 11:02:44.768][29552][INFO] [CMD:1021]{"token":"stohuvhrkk1a52nn3e2ph8tcgr","acc":"v6hrwzMYhvXU"}
[2021-09-29 11:02:44.772][29552][INFO] [CMD:1025]{"token":"stohuvhrkk1a52nn3e2ph8tcgr","acc":"v6hrwzMYhvXU"}
[2021-09-29 11:02:44.776][29552][INFO] [CMD:1028]{"token":"stohuvhrkk1a52nn3e2ph8tcgr","acc":"v6hrwzMYhvXU"}
[2021-09-29 11:02:49.997][29552][INFO] [CMD:1023]{"token":"stohuvhrkk1a52nn3e2ph8tcgr","acc":"v6hrwzMYhvXU"}
[2021-09-29 11:02:50.017][29552][INFO] [CMD:1011]{"token":"stohuvhrkk1a52nn3e2ph8tcgr","acc":"v6hrwzMYhvXU"}
[2021-09-29 11:02:50.017][29552][INFO] [CMD:1001]{"token":"stohuvhrkk1a52nn3e2ph8tcgr","acc":"v6hrwzMYhvXU"}
[2021-09-29 11:02:54.584][29552][INFO] [CMD:1016]{"token":"stohuvhrkk1a52nn3e2ph8tcgr","acc":"v6hrwzMYhvXU","page":1,"nickName":"","sortType":0}
[2021-09-29 11:02:56.270][29552][INFO] [CMD:1047]{"token":"stohuvhrkk1a52nn3e2ph8tcgr","acc":"v6hrwzMYhvXU","targetAcc":"qI47Rc8XQBqq"}
[2021-09-29 11:07:51.986][29552][INFO] [CMD:101][ACC:v6hrwzMYhvXU]
[2021-09-29 11:07:52.176][29552][INFO] [CMD:1021]{"token":"7pil9q85tar443f00umdblcv1g","acc":"v6hrwzMYhvXU"}
[2021-09-29 11:07:52.179][29552][INFO] [CMD:1025]{"token":"7pil9q85tar443f00umdblcv1g","acc":"v6hrwzMYhvXU"}
[2021-09-29 11:07:52.194][29552][INFO] [CMD:1028]{"token":"7pil9q85tar443f00umdblcv1g","acc":"v6hrwzMYhvXU"}
[2021-09-29 11:07:57.373][29552][INFO] [CMD:1001]{"token":"7pil9q85tar443f00umdblcv1g","acc":"v6hrwzMYhvXU"}
[2021-09-29 11:07:57.374][29552][INFO] [CMD:1023]{"token":"7pil9q85tar443f00umdblcv1g","acc":"v6hrwzMYhvXU"}
[2021-09-29 11:07:57.385][29552][INFO] [CMD:1011]{"token":"7pil9q85tar443f00umdblcv1g","acc":"v6hrwzMYhvXU"}
[2021-09-29 11:08:06.979][29552][INFO] [CMD:1016]{"token":"7pil9q85tar443f00umdblcv1g","acc":"v6hrwzMYhvXU","page":1,"nickName":"","sortType":0}
[2021-09-29 11:08:29.231][29552][INFO] [CMD:1016]{"token":"7pil9q85tar443f00umdblcv1g","acc":"v6hrwzMYhvXU","page":1,"nickName":"","sortType":0}
[2021-09-29 11:16:00.020][29552][INFO] [CMD:101][ACC:v6hrwzMYhvXU]
[2021-09-29 11:16:00.391][29552][INFO] [CMD:1021]{"token":"l0md5ukiohso275sbasbql44lh","acc":"v6hrwzMYhvXU"}
[2021-09-29 11:16:00.391][29552][INFO] [CMD:1028]{"token":"l0md5ukiohso275sbasbql44lh","acc":"v6hrwzMYhvXU"}
[2021-09-29 11:16:00.392][29552][INFO] [CMD:1025]{"token":"l0md5ukiohso275sbasbql44lh","acc":"v6hrwzMYhvXU"}
[2021-09-29 11:16:05.655][29552][INFO] [CMD:1011]{"token":"l0md5ukiohso275sbasbql44lh","acc":"v6hrwzMYhvXU"}
[2021-09-29 11:16:05.659][29552][INFO] [CMD:1001]{"token":"l0md5ukiohso275sbasbql44lh","acc":"v6hrwzMYhvXU"}
[2021-09-29 11:16:05.668][29552][INFO] [CMD:1023]{"token":"l0md5ukiohso275sbasbql44lh","acc":"v6hrwzMYhvXU"}
[2021-09-29 11:16:08.453][29552][INFO] [CMD:1016]{"token":"l0md5ukiohso275sbasbql44lh","acc":"v6hrwzMYhvXU","page":1,"nickName":"","sortType":0}
[2021-09-29 11:16:15.539][29552][INFO] [CMD:1016]{"token":"l0md5ukiohso275sbasbql44lh","acc":"v6hrwzMYhvXU","page":1,"nickName":"","sortType":0}
[2021-09-29 11:18:16.401][29552][INFO] [CMD:1016]{"token":"l0md5ukiohso275sbasbql44lh","acc":"v6hrwzMYhvXU","page":1,"nickName":"","sortType":0}
[2021-09-29 11:18:52.838][29552][INFO] [CMD:1016]{"token":"l0md5ukiohso275sbasbql44lh","acc":"v6hrwzMYhvXU","page":1,"nickName":"","sortType":0}
[2021-09-29 11:19:01.499][29552][INFO] [CMD:1016]{"token":"l0md5ukiohso275sbasbql44lh","acc":"v6hrwzMYhvXU","page":1,"nickName":"","sortType":0}
[2021-09-29 11:20:11.040][29552][INFO] [CMD:101][ACC:v6hrwzMYhvXU]
[2021-09-29 11:20:11.221][29552][INFO] [CMD:1025]{"token":"bgrf87iuql0kocbm6hfhjmnd4h","acc":"v6hrwzMYhvXU"}
[2021-09-29 11:20:11.225][29552][INFO] [CMD:1021]{"token":"bgrf87iuql0kocbm6hfhjmnd4h","acc":"v6hrwzMYhvXU"}
[2021-09-29 11:20:11.238][29552][INFO] [CMD:1028]{"token":"bgrf87iuql0kocbm6hfhjmnd4h","acc":"v6hrwzMYhvXU"}
[2021-09-29 11:28:37.072][29552][INFO] [CMD:1001]{"token":"bgrf87iuql0kocbm6hfhjmnd4h","acc":"v6hrwzMYhvXU"}
[2021-09-29 11:28:37.089][29552][INFO] [CMD:1011]{"token":"bgrf87iuql0kocbm6hfhjmnd4h","acc":"v6hrwzMYhvXU"}
[2021-09-29 11:28:37.102][29552][INFO] [CMD:1023]{"token":"bgrf87iuql0kocbm6hfhjmnd4h","acc":"v6hrwzMYhvXU"}
[2021-09-29 11:28:55.547][29552][INFO] [CMD:1016]{"token":"bgrf87iuql0kocbm6hfhjmnd4h","acc":"v6hrwzMYhvXU","page":1,"nickName":"","sortType":0}
[2021-09-29 11:30:51.755][29552][INFO] [CMD:101][ACC:v6hrwzMYhvXU]
[2021-09-29 11:30:51.931][29552][INFO] [CMD:1028]{"token":"5rfu28o4eoi3vhn1ukjh2rjegi","acc":"v6hrwzMYhvXU"}
[2021-09-29 11:30:51.960][29552][INFO] [CMD:1025]{"token":"5rfu28o4eoi3vhn1ukjh2rjegi","acc":"v6hrwzMYhvXU"}
[2021-09-29 11:30:51.960][29552][INFO] [CMD:1021]{"token":"5rfu28o4eoi3vhn1ukjh2rjegi","acc":"v6hrwzMYhvXU"}
[2021-09-29 11:30:57.060][29552][INFO] [CMD:1023]{"token":"5rfu28o4eoi3vhn1ukjh2rjegi","acc":"v6hrwzMYhvXU"}
[2021-09-29 11:30:57.073][29552][INFO] [CMD:1011]{"token":"5rfu28o4eoi3vhn1ukjh2rjegi","acc":"v6hrwzMYhvXU"}
[2021-09-29 11:30:57.087][29552][INFO] [CMD:1001]{"token":"5rfu28o4eoi3vhn1ukjh2rjegi","acc":"v6hrwzMYhvXU"}
[2021-09-29 11:31:00.861][29552][INFO] [CMD:1016]{"token":"5rfu28o4eoi3vhn1ukjh2rjegi","acc":"v6hrwzMYhvXU","page":1,"nickName":"","sortType":0}
[2021-09-29 11:31:36.780][29552][INFO] [CMD:1047]{"token":"5rfu28o4eoi3vhn1ukjh2rjegi","acc":"v6hrwzMYhvXU","targetAcc":"qI47Rc8XQBqq"}
[2021-09-29 11:31:45.170][29552][INFO] [CMD:1047]{"token":"5rfu28o4eoi3vhn1ukjh2rjegi","acc":"v6hrwzMYhvXU","targetAcc":"qI47Rc8XQBqq"}
[2021-09-29 11:31:50.644][29552][INFO] [CMD:1047]{"token":"5rfu28o4eoi3vhn1ukjh2rjegi","acc":"v6hrwzMYhvXU","targetAcc":"qI47Rc8XQBqq"}
[2021-09-29 11:32:21.917][29552][INFO] [CMD:1016]{"token":"5rfu28o4eoi3vhn1ukjh2rjegi","acc":"v6hrwzMYhvXU","page":1,"nickName":"","sortType":0}
[2021-09-29 12:34:38.378][29552][INFO] [CMD:1016]{"token":"5rfu28o4eoi3vhn1ukjh2rjegi","acc":"v6hrwzMYhvXU","page":1,"nickName":"","sortType":0}
[2021-09-29 12:34:46.903][29552][INFO] [CMD:1011]{"token":"5rfu28o4eoi3vhn1ukjh2rjegi","acc":"v6hrwzMYhvXU"}
[2021-09-29 12:34:46.912][29552][INFO] [CMD:1001]{"token":"5rfu28o4eoi3vhn1ukjh2rjegi","acc":"v6hrwzMYhvXU"}
[2021-09-29 13:55:58.372][29552][INFO] [CMD:101][ACC:v6hrwzMYhvXU]
[2021-09-29 13:55:58.744][29552][INFO] [CMD:1025]{"token":"hladksn1me2k8bojs4sllbldck","acc":"v6hrwzMYhvXU"}
[2021-09-29 13:55:58.746][29552][INFO] [CMD:1028]{"token":"hladksn1me2k8bojs4sllbldck","acc":"v6hrwzMYhvXU"}
[2021-09-29 13:55:58.758][29552][INFO] [CMD:1021]{"token":"hladksn1me2k8bojs4sllbldck","acc":"v6hrwzMYhvXU"}
[2021-09-29 13:56:03.941][29552][INFO] [CMD:1023]{"token":"hladksn1me2k8bojs4sllbldck","acc":"v6hrwzMYhvXU"}
[2021-09-29 13:56:03.944][29552][INFO] [CMD:1011]{"token":"hladksn1me2k8bojs4sllbldck","acc":"v6hrwzMYhvXU"}
[2021-09-29 13:56:03.966][29552][INFO] [CMD:1001]{"token":"hladksn1me2k8bojs4sllbldck","acc":"v6hrwzMYhvXU"}
[2021-09-29 13:56:07.033][29552][INFO] [CMD:1016]{"token":"hladksn1me2k8bojs4sllbldck","acc":"v6hrwzMYhvXU","page":1,"nickName":"","sortType":0}
[2021-09-29 13:56:11.669][29552][INFO] [CMD:1039]{"token":"hladksn1me2k8bojs4sllbldck","acc":"v6hrwzMYhvXU","myshopId":1}
[2021-09-29 13:57:38.948][29552][INFO] [CMD:101][ACC:v6hrwzMYhvXU]
[2021-09-29 13:57:39.132][29552][INFO] [CMD:1025]{"token":"e5apobqjqj29s9rij2q21qoq94","acc":"v6hrwzMYhvXU"}
[2021-09-29 13:57:39.133][29552][INFO] [CMD:1021]{"token":"e5apobqjqj29s9rij2q21qoq94","acc":"v6hrwzMYhvXU"}
[2021-09-29 13:57:39.148][29552][INFO] [CMD:1028]{"token":"e5apobqjqj29s9rij2q21qoq94","acc":"v6hrwzMYhvXU"}
[2021-09-29 13:57:44.509][29552][INFO] [CMD:1023]{"token":"e5apobqjqj29s9rij2q21qoq94","acc":"v6hrwzMYhvXU"}
[2021-09-29 13:57:44.511][29552][INFO] [CMD:1001]{"token":"e5apobqjqj29s9rij2q21qoq94","acc":"v6hrwzMYhvXU"}
[2021-09-29 13:57:44.540][29552][INFO] [CMD:1011]{"token":"e5apobqjqj29s9rij2q21qoq94","acc":"v6hrwzMYhvXU"}
[2021-09-29 13:57:46.516][29552][INFO] [CMD:1016]{"token":"e5apobqjqj29s9rij2q21qoq94","acc":"v6hrwzMYhvXU","page":1,"nickName":"","sortType":0}
[2021-09-29 13:57:50.156][29552][INFO] [CMD:1039]{"token":"e5apobqjqj29s9rij2q21qoq94","acc":"v6hrwzMYhvXU","myshopId":1}
[2021-09-29 13:57:54.044][29552][INFO] [CMD:1016]{"token":"e5apobqjqj29s9rij2q21qoq94","acc":"v6hrwzMYhvXU","page":2,"nickName":"","sortType":0}
[2021-09-29 13:57:55.441][29552][INFO] [CMD:1016]{"token":"e5apobqjqj29s9rij2q21qoq94","acc":"v6hrwzMYhvXU","page":1,"nickName":"","sortType":0}
[2021-09-29 13:57:57.428][29552][INFO] [CMD:1039]{"token":"e5apobqjqj29s9rij2q21qoq94","acc":"v6hrwzMYhvXU","myshopId":2}
[2021-09-29 13:58:01.021][29552][INFO] [CMD:1039]{"token":"e5apobqjqj29s9rij2q21qoq94","acc":"v6hrwzMYhvXU","myshopId":1}
[2021-09-29 13:58:42.844][29552][INFO] [CMD:101][ACC:v6hrwzMYhvXU]
[2021-09-29 13:58:43.024][29552][INFO] [CMD:1028]{"token":"k68jn1rhfkalkvtijvfb522daf","acc":"v6hrwzMYhvXU"}
[2021-09-29 13:58:43.029][29552][INFO] [CMD:1025]{"token":"k68jn1rhfkalkvtijvfb522daf","acc":"v6hrwzMYhvXU"}
[2021-09-29 13:58:43.069][29552][INFO] [CMD:1021]{"token":"k68jn1rhfkalkvtijvfb522daf","acc":"v6hrwzMYhvXU"}
[2021-09-29 13:58:48.365][29552][INFO] [CMD:1023]{"token":"k68jn1rhfkalkvtijvfb522daf","acc":"v6hrwzMYhvXU"}
[2021-09-29 13:58:48.370][29552][INFO] [CMD:1001]{"token":"k68jn1rhfkalkvtijvfb522daf","acc":"v6hrwzMYhvXU"}
[2021-09-29 13:58:48.371][29552][INFO] [CMD:1011]{"token":"k68jn1rhfkalkvtijvfb522daf","acc":"v6hrwzMYhvXU"}
[2021-09-29 13:59:03.950][29552][INFO] [CMD:101][ACC:v6hrwzMYhvXU]
[2021-09-29 13:59:04.116][29552][INFO] [CMD:1025]{"token":"8cu3tmp794k4teu36mc297151u","acc":"v6hrwzMYhvXU"}
[2021-09-29 13:59:04.122][29552][INFO] [CMD:1028]{"token":"8cu3tmp794k4teu36mc297151u","acc":"v6hrwzMYhvXU"}
[2021-09-29 13:59:04.133][29552][INFO] [CMD:1021]{"token":"8cu3tmp794k4teu36mc297151u","acc":"v6hrwzMYhvXU"}
[2021-09-29 13:59:09.733][29552][INFO] [CMD:1023]{"token":"8cu3tmp794k4teu36mc297151u","acc":"v6hrwzMYhvXU"}
[2021-09-29 13:59:09.737][29552][INFO] [CMD:1001]{"token":"8cu3tmp794k4teu36mc297151u","acc":"v6hrwzMYhvXU"}
[2021-09-29 13:59:09.768][29552][INFO] [CMD:1011]{"token":"8cu3tmp794k4teu36mc297151u","acc":"v6hrwzMYhvXU"}
[2021-09-29 13:59:15.180][29552][INFO] [CMD:1016]{"token":"8cu3tmp794k4teu36mc297151u","acc":"v6hrwzMYhvXU","page":1,"nickName":"","sortType":0}
[2021-09-29 13:59:25.477][29552][INFO] [CMD:1017]{"token":"8cu3tmp794k4teu36mc297151u","acc":"v6hrwzMYhvXU","guid":1}
[2021-09-29 13:59:38.801][29552][INFO] [CMD:1039]{"token":"8cu3tmp794k4teu36mc297151u","acc":"v6hrwzMYhvXU","myshopId":1}
[2021-09-29 13:59:53.266][29552][INFO] [CMD:1039]{"token":"8cu3tmp794k4teu36mc297151u","acc":"v6hrwzMYhvXU","myshopId":1}
[2021-09-29 14:00:02.732][29552][INFO] [CMD:1039]{"token":"8cu3tmp794k4teu36mc297151u","acc":"v6hrwzMYhvXU","myshopId":1}
[2021-09-29 14:00:18.579][29552][INFO] [CMD:1011]{"token":"8cu3tmp794k4teu36mc297151u","acc":"v6hrwzMYhvXU"}
[2021-09-29 14:00:18.580][29552][INFO] [CMD:1001]{"token":"8cu3tmp794k4teu36mc297151u","acc":"v6hrwzMYhvXU"}
[2021-09-29 14:00:22.149][29552][INFO] [CMD:1011]{"token":"8cu3tmp794k4teu36mc297151u","acc":"v6hrwzMYhvXU"}
[2021-09-29 14:02:15.832][29552][INFO] [CMD:101][ACC:v6hrwzMYhvXU]
[2021-09-29 14:02:15.992][29552][INFO] [CMD:1025]{"token":"7ei0qvbo6f77e5n6lunepfpmm7","acc":"v6hrwzMYhvXU"}
[2021-09-29 14:02:16.018][29552][INFO] [CMD:1028]{"token":"7ei0qvbo6f77e5n6lunepfpmm7","acc":"v6hrwzMYhvXU"}
[2021-09-29 14:02:16.032][29552][INFO] [CMD:1021]{"token":"7ei0qvbo6f77e5n6lunepfpmm7","acc":"v6hrwzMYhvXU"}
[2021-09-29 14:02:21.486][29552][INFO] [CMD:1001]{"token":"7ei0qvbo6f77e5n6lunepfpmm7","acc":"v6hrwzMYhvXU"}
[2021-09-29 14:02:21.492][29552][INFO] [CMD:1023]{"token":"7ei0qvbo6f77e5n6lunepfpmm7","acc":"v6hrwzMYhvXU"}
[2021-09-29 14:02:21.497][29552][INFO] [CMD:1011]{"token":"7ei0qvbo6f77e5n6lunepfpmm7","acc":"v6hrwzMYhvXU"}
[2021-09-29 14:02:28.189][29552][INFO] [CMD:1001]{"token":"7ei0qvbo6f77e5n6lunepfpmm7","acc":"v6hrwzMYhvXU"}
[2021-09-29 14:02:28.193][29552][INFO] [CMD:1011]{"token":"7ei0qvbo6f77e5n6lunepfpmm7","acc":"v6hrwzMYhvXU"}
[2021-09-29 14:02:34.446][29552][INFO] [CMD:1016]{"token":"7ei0qvbo6f77e5n6lunepfpmm7","acc":"v6hrwzMYhvXU","page":1,"nickName":"","sortType":0}
[2021-09-29 14:02:37.566][29552][INFO] [CMD:1016]{"token":"7ei0qvbo6f77e5n6lunepfpmm7","acc":"v6hrwzMYhvXU","page":1,"nickName":"","sortType":0}
[2021-09-29 14:02:44.546][29552][INFO] [CMD:1017]{"token":"7ei0qvbo6f77e5n6lunepfpmm7","acc":"v6hrwzMYhvXU","guid":1}
[2021-09-29 14:02:55.660][29552][INFO] [CMD:1017]{"token":"7ei0qvbo6f77e5n6lunepfpmm7","acc":"v6hrwzMYhvXU","guid":1}
[2021-09-29 14:02:59.960][29552][INFO] [CMD:1011]{"token":"7ei0qvbo6f77e5n6lunepfpmm7","acc":"v6hrwzMYhvXU"}
[2021-09-29 14:03:12.637][29552][INFO] [CMD:1017]{"token":"7ei0qvbo6f77e5n6lunepfpmm7","acc":"v6hrwzMYhvXU","guid":1}
[2021-09-29 14:03:16.938][29552][INFO] [CMD:1011]{"token":"7ei0qvbo6f77e5n6lunepfpmm7","acc":"v6hrwzMYhvXU"}
[2021-09-29 14:04:29.383][29552][INFO] [CMD:101][ACC:v6hrwzMYhvXU]
[2021-09-29 14:04:29.674][29552][INFO] [CMD:1025]{"token":"dvf9l5ct1v2cj48trehhtefc94","acc":"v6hrwzMYhvXU"}
[2021-09-29 14:04:29.697][29552][INFO] [CMD:1021]{"token":"dvf9l5ct1v2cj48trehhtefc94","acc":"v6hrwzMYhvXU"}
[2021-09-29 14:04:29.728][29552][INFO] [CMD:1028]{"token":"dvf9l5ct1v2cj48trehhtefc94","acc":"v6hrwzMYhvXU"}
[2021-09-29 14:04:34.855][29552][INFO] [CMD:1001]{"token":"dvf9l5ct1v2cj48trehhtefc94","acc":"v6hrwzMYhvXU"}
[2021-09-29 14:04:34.863][29552][INFO] [CMD:1011]{"token":"dvf9l5ct1v2cj48trehhtefc94","acc":"v6hrwzMYhvXU"}
[2021-09-29 14:04:34.865][29552][INFO] [CMD:1023]{"token":"dvf9l5ct1v2cj48trehhtefc94","acc":"v6hrwzMYhvXU"}
[2021-09-29 14:04:51.994][29552][INFO] [CMD:1016]{"token":"dvf9l5ct1v2cj48trehhtefc94","acc":"v6hrwzMYhvXU","page":1,"nickName":"","sortType":0}
[2021-09-29 14:04:55.829][29552][INFO] [CMD:1017]{"token":"dvf9l5ct1v2cj48trehhtefc94","acc":"v6hrwzMYhvXU","guid":1}
[2021-09-29 14:05:04.355][29552][INFO] [CMD:1039]{"token":"dvf9l5ct1v2cj48trehhtefc94","acc":"v6hrwzMYhvXU","myshopId":2}
[2021-09-29 14:05:08.407][29552][INFO] [CMD:1039]{"token":"dvf9l5ct1v2cj48trehhtefc94","acc":"v6hrwzMYhvXU","myshopId":1}
[2021-09-29 14:05:12.364][29552][INFO] [CMD:1039]{"token":"dvf9l5ct1v2cj48trehhtefc94","acc":"v6hrwzMYhvXU","myshopId":1}
[2021-09-29 14:05:46.819][29552][INFO] [CMD:101][ACC:v6hrwzMYhvXU]
[2021-09-29 14:05:46.998][29552][INFO] [CMD:1025]{"token":"opbeq2dqf8puhq2j76bi9kge4v","acc":"v6hrwzMYhvXU"}
[2021-09-29 14:05:47.001][29552][INFO] [CMD:1028]{"token":"opbeq2dqf8puhq2j76bi9kge4v","acc":"v6hrwzMYhvXU"}
[2021-09-29 14:05:47.012][29552][INFO] [CMD:1021]{"token":"opbeq2dqf8puhq2j76bi9kge4v","acc":"v6hrwzMYhvXU"}
[2021-09-29 14:05:52.188][29552][INFO] [CMD:1023]{"token":"opbeq2dqf8puhq2j76bi9kge4v","acc":"v6hrwzMYhvXU"}
[2021-09-29 14:05:52.194][29552][INFO] [CMD:1001]{"token":"opbeq2dqf8puhq2j76bi9kge4v","acc":"v6hrwzMYhvXU"}
[2021-09-29 14:05:52.201][29552][INFO] [CMD:1011]{"token":"opbeq2dqf8puhq2j76bi9kge4v","acc":"v6hrwzMYhvXU"}
[2021-09-29 14:05:53.876][29552][INFO] [CMD:1016]{"token":"opbeq2dqf8puhq2j76bi9kge4v","acc":"v6hrwzMYhvXU","page":1,"nickName":"","sortType":0}
[2021-09-29 14:05:57.945][29552][INFO] [CMD:1039]{"token":"opbeq2dqf8puhq2j76bi9kge4v","acc":"v6hrwzMYhvXU","myshopId":1}
[2021-09-29 14:06:07.060][29552][INFO] [CMD:1039]{"token":"opbeq2dqf8puhq2j76bi9kge4v","acc":"v6hrwzMYhvXU","myshopId":1}
[2021-09-29 14:06:14.083][29552][INFO] [CMD:1039]{"token":"opbeq2dqf8puhq2j76bi9kge4v","acc":"v6hrwzMYhvXU","myshopId":1}
[2021-09-29 14:06:46.023][29552][INFO] [CMD:101][ACC:v6hrwzMYhvXU]
[2021-09-29 14:06:46.208][29552][INFO] [CMD:1025]{"token":"hue366si33iun8g98nqr8o15rh","acc":"v6hrwzMYhvXU"}
[2021-09-29 14:06:46.217][29552][INFO] [CMD:1028]{"token":"hue366si33iun8g98nqr8o15rh","acc":"v6hrwzMYhvXU"}
[2021-09-29 14:06:46.223][29552][INFO] [CMD:1021]{"token":"hue366si33iun8g98nqr8o15rh","acc":"v6hrwzMYhvXU"}
[2021-09-29 14:06:51.243][29552][INFO] [CMD:1023]{"token":"hue366si33iun8g98nqr8o15rh","acc":"v6hrwzMYhvXU"}
[2021-09-29 14:06:51.256][29552][INFO] [CMD:1001]{"token":"hue366si33iun8g98nqr8o15rh","acc":"v6hrwzMYhvXU"}
[2021-09-29 14:06:51.256][29552][INFO] [CMD:1011]{"token":"hue366si33iun8g98nqr8o15rh","acc":"v6hrwzMYhvXU"}
[2021-09-29 14:06:53.315][29552][INFO] [CMD:1016]{"token":"hue366si33iun8g98nqr8o15rh","acc":"v6hrwzMYhvXU","page":1,"nickName":"","sortType":0}
[2021-09-29 14:07:00.321][29552][INFO] [CMD:1039]{"token":"hue366si33iun8g98nqr8o15rh","acc":"v6hrwzMYhvXU","myshopId":1}
[2021-09-29 14:08:08.485][29552][INFO] [CMD:101][ACC:v6hrwzMYhvXU]
[2021-09-29 14:08:08.645][29552][INFO] [CMD:1028]{"token":"jsu5vpq2gc5aek8rtkchfkcu89","acc":"v6hrwzMYhvXU"}
[2021-09-29 14:08:08.660][29552][INFO] [CMD:1021]{"token":"jsu5vpq2gc5aek8rtkchfkcu89","acc":"v6hrwzMYhvXU"}
[2021-09-29 14:08:08.664][29552][INFO] [CMD:1025]{"token":"jsu5vpq2gc5aek8rtkchfkcu89","acc":"v6hrwzMYhvXU"}
[2021-09-29 14:08:14.763][29552][INFO] [CMD:1001]{"token":"jsu5vpq2gc5aek8rtkchfkcu89","acc":"v6hrwzMYhvXU"}
[2021-09-29 14:08:14.763][29552][INFO] [CMD:1023]{"token":"jsu5vpq2gc5aek8rtkchfkcu89","acc":"v6hrwzMYhvXU"}
[2021-09-29 14:08:14.789][29552][INFO] [CMD:1011]{"token":"jsu5vpq2gc5aek8rtkchfkcu89","acc":"v6hrwzMYhvXU"}
[2021-09-29 14:08:26.786][29552][INFO] [CMD:1016]{"token":"jsu5vpq2gc5aek8rtkchfkcu89","acc":"v6hrwzMYhvXU","page":1,"nickName":"","sortType":0}
[2021-09-29 14:09:20.326][29552][INFO] [CMD:101][ACC:v6hrwzMYhvXU]
[2021-09-29 14:09:20.639][29552][INFO] [CMD:1021]{"token":"v0fnbidff4qm8pv7vcgt6qriqu","acc":"v6hrwzMYhvXU"}
[2021-09-29 14:09:20.656][29552][INFO] [CMD:1025]{"token":"v0fnbidff4qm8pv7vcgt6qriqu","acc":"v6hrwzMYhvXU"}
[2021-09-29 14:09:20.656][29552][INFO] [CMD:1028]{"token":"v0fnbidff4qm8pv7vcgt6qriqu","acc":"v6hrwzMYhvXU"}
[2021-09-29 14:09:25.998][29552][INFO] [CMD:1011]{"token":"v0fnbidff4qm8pv7vcgt6qriqu","acc":"v6hrwzMYhvXU"}
[2021-09-29 14:09:26.002][29552][INFO] [CMD:1001]{"token":"v0fnbidff4qm8pv7vcgt6qriqu","acc":"v6hrwzMYhvXU"}
[2021-09-29 14:09:26.011][29552][INFO] [CMD:1023]{"token":"v0fnbidff4qm8pv7vcgt6qriqu","acc":"v6hrwzMYhvXU"}
[2021-09-29 14:09:33.505][29552][INFO] [CMD:1011]{"token":"v0fnbidff4qm8pv7vcgt6qriqu","acc":"v6hrwzMYhvXU"}
[2021-09-29 14:09:33.526][29552][INFO] [CMD:1001]{"token":"v0fnbidff4qm8pv7vcgt6qriqu","acc":"v6hrwzMYhvXU"}
[2021-09-29 14:09:36.818][29552][INFO] [CMD:1007]{"token":"v0fnbidff4qm8pv7vcgt6qriqu","acc":"v6hrwzMYhvXU","guid":2,"site":0}
[2021-09-29 14:09:36.916][29552][INFO] [CMD:1007]{"token":"v0fnbidff4qm8pv7vcgt6qriqu","acc":"v6hrwzMYhvXU","guid":8,"site":2}
[2021-09-29 14:09:37.999][29552][INFO] [CMD:1007]{"token":"v0fnbidff4qm8pv7vcgt6qriqu","acc":"v6hrwzMYhvXU","guid":3,"site":0}
[2021-09-29 14:09:38.097][29552][INFO] [CMD:1007]{"token":"v0fnbidff4qm8pv7vcgt6qriqu","acc":"v6hrwzMYhvXU","guid":8,"site":3}
[2021-09-29 14:09:40.805][29552][INFO] [CMD:1016]{"token":"v0fnbidff4qm8pv7vcgt6qriqu","acc":"v6hrwzMYhvXU","page":1,"nickName":"","sortType":0}
[2021-09-29 14:10:31.871][29552][INFO] [CMD:101][ACC:v6hrwzMYhvXU]
[2021-09-29 14:10:32.072][29552][INFO] [CMD:1025]{"token":"2bj7rrbia9peufvjiqfsitn7vu","acc":"v6hrwzMYhvXU"}
[2021-09-29 14:10:32.082][29552][INFO] [CMD:1021]{"token":"2bj7rrbia9peufvjiqfsitn7vu","acc":"v6hrwzMYhvXU"}
[2021-09-29 14:10:32.083][29552][INFO] [CMD:1028]{"token":"2bj7rrbia9peufvjiqfsitn7vu","acc":"v6hrwzMYhvXU"}
[2021-09-29 14:10:37.365][29552][INFO] [CMD:1023]{"token":"2bj7rrbia9peufvjiqfsitn7vu","acc":"v6hrwzMYhvXU"}
[2021-09-29 14:10:37.387][29552][INFO] [CMD:1001]{"token":"2bj7rrbia9peufvjiqfsitn7vu","acc":"v6hrwzMYhvXU"}
[2021-09-29 14:10:37.395][29552][INFO] [CMD:1011]{"token":"2bj7rrbia9peufvjiqfsitn7vu","acc":"v6hrwzMYhvXU"}
[2021-09-29 14:10:39.496][29552][INFO] [CMD:1016]{"token":"2bj7rrbia9peufvjiqfsitn7vu","acc":"v6hrwzMYhvXU","page":1,"nickName":"","sortType":0}
[2021-09-29 14:10:43.656][29552][INFO] [CMD:1016]{"token":"2bj7rrbia9peufvjiqfsitn7vu","acc":"v6hrwzMYhvXU","page":1,"nickName":"","sortType":0}
[2021-09-29 14:10:50.697][29552][INFO] [CMD:1039]{"token":"2bj7rrbia9peufvjiqfsitn7vu","acc":"v6hrwzMYhvXU","myshopId":1}
[2021-09-29 14:10:57.898][29552][INFO] [CMD:1016]{"token":"2bj7rrbia9peufvjiqfsitn7vu","acc":"v6hrwzMYhvXU","page":2,"nickName":"","sortType":0}
[2021-09-29 14:10:59.028][29552][INFO] [CMD:1016]{"token":"2bj7rrbia9peufvjiqfsitn7vu","acc":"v6hrwzMYhvXU","page":1,"nickName":"","sortType":0}
[2021-09-29 14:11:21.099][29552][INFO] [CMD:101][ACC:v6hrwzMYhvXU]
[2021-09-29 14:11:21.246][29552][INFO] [CMD:1025]{"token":"nji779gghfmi1m56fqfibq8005","acc":"v6hrwzMYhvXU"}
[2021-09-29 14:11:21.264][29552][INFO] [CMD:1021]{"token":"nji779gghfmi1m56fqfibq8005","acc":"v6hrwzMYhvXU"}
[2021-09-29 14:11:21.287][29552][INFO] [CMD:1028]{"token":"nji779gghfmi1m56fqfibq8005","acc":"v6hrwzMYhvXU"}
[2021-09-29 14:11:26.674][29552][INFO] [CMD:1023]{"token":"nji779gghfmi1m56fqfibq8005","acc":"v6hrwzMYhvXU"}
[2021-09-29 14:11:26.675][29552][INFO] [CMD:1001]{"token":"nji779gghfmi1m56fqfibq8005","acc":"v6hrwzMYhvXU"}
[2021-09-29 14:11:26.677][29552][INFO] [CMD:1011]{"token":"nji779gghfmi1m56fqfibq8005","acc":"v6hrwzMYhvXU"}
[2021-09-29 14:11:28.492][29552][INFO] [CMD:1016]{"token":"nji779gghfmi1m56fqfibq8005","acc":"v6hrwzMYhvXU","page":1,"nickName":"","sortType":0}
[2021-09-29 14:11:47.745][29552][INFO] [CMD:1016]{"token":"nji779gghfmi1m56fqfibq8005","acc":"v6hrwzMYhvXU","page":1,"nickName":"","sortType":0}
[2021-09-29 14:11:51.238][29552][INFO] [CMD:1047]{"token":"nji779gghfmi1m56fqfibq8005","acc":"v6hrwzMYhvXU","targetAcc":"qI47Rc8XQBqq"}
[2021-09-29 14:13:08.872][29552][INFO] [CMD:101][ACC:v6hrwzMYhvXU]
[2021-09-29 14:13:09.032][29552][INFO] [CMD:1028]{"token":"3bfmq7tsakrap32epallbvco6r","acc":"v6hrwzMYhvXU"}
[2021-09-29 14:13:09.051][29552][INFO] [CMD:1025]{"token":"3bfmq7tsakrap32epallbvco6r","acc":"v6hrwzMYhvXU"}
[2021-09-29 14:13:09.051][29552][INFO] [CMD:1021]{"token":"3bfmq7tsakrap32epallbvco6r","acc":"v6hrwzMYhvXU"}
[2021-09-29 14:13:16.494][29552][INFO] [CMD:1023]{"token":"3bfmq7tsakrap32epallbvco6r","acc":"v6hrwzMYhvXU"}
[2021-09-29 14:13:16.497][29552][INFO] [CMD:1001]{"token":"3bfmq7tsakrap32epallbvco6r","acc":"v6hrwzMYhvXU"}
[2021-09-29 14:13:16.507][29552][INFO] [CMD:1011]{"token":"3bfmq7tsakrap32epallbvco6r","acc":"v6hrwzMYhvXU"}
[2021-09-29 14:13:22.329][29552][INFO] [CMD:1016]{"token":"3bfmq7tsakrap32epallbvco6r","acc":"v6hrwzMYhvXU","page":1,"nickName":"","sortType":0}
[2021-09-29 14:13:35.434][29552][INFO] [CMD:1016]{"token":"3bfmq7tsakrap32epallbvco6r","acc":"v6hrwzMYhvXU","page":1,"nickName":"","sortType":0}
[2021-09-29 14:13:38.078][29552][INFO] [CMD:1016]{"token":"3bfmq7tsakrap32epallbvco6r","acc":"v6hrwzMYhvXU","page":1,"nickName":"","sortType":0}
[2021-09-29 14:13:42.288][29552][INFO] [CMD:1047]{"token":"3bfmq7tsakrap32epallbvco6r","acc":"v6hrwzMYhvXU","targetAcc":"qI47Rc8XQBqq"}
[2021-09-29 14:13:43.819][29552][INFO] [CMD:1047]{"token":"3bfmq7tsakrap32epallbvco6r","acc":"v6hrwzMYhvXU","targetAcc":"qI47Rc8XQBqq"}
[2021-09-29 14:13:48.818][29552][INFO] [CMD:1016]{"token":"3bfmq7tsakrap32epallbvco6r","acc":"v6hrwzMYhvXU","page":1,"nickName":"","sortType":0}
[2021-09-29 14:14:05.403][29552][INFO] [CMD:1016]{"token":"3bfmq7tsakrap32epallbvco6r","acc":"v6hrwzMYhvXU","page":1,"nickName":"","sortType":0}
[2021-09-29 14:14:15.818][29552][INFO] [CMD:1001]{"token":"3bfmq7tsakrap32epallbvco6r","acc":"v6hrwzMYhvXU"}
[2021-09-29 14:14:15.819][29552][INFO] [CMD:1011]{"token":"3bfmq7tsakrap32epallbvco6r","acc":"v6hrwzMYhvXU"}
[2021-09-29 14:14:18.692][29552][INFO] [CMD:1001]{"token":"3bfmq7tsakrap32epallbvco6r","acc":"v6hrwzMYhvXU"}
[2021-09-29 14:14:18.713][29552][INFO] [CMD:1011]{"token":"3bfmq7tsakrap32epallbvco6r","acc":"v6hrwzMYhvXU"}
[2021-09-29 14:14:20.127][29552][INFO] [CMD:1011]{"token":"3bfmq7tsakrap32epallbvco6r","acc":"v6hrwzMYhvXU"}
[2021-09-29 14:14:20.129][29552][INFO] [CMD:1001]{"token":"3bfmq7tsakrap32epallbvco6r","acc":"v6hrwzMYhvXU"}
[2021-09-29 14:14:21.602][29552][INFO] [CMD:1001]{"token":"3bfmq7tsakrap32epallbvco6r","acc":"v6hrwzMYhvXU"}
[2021-09-29 14:14:21.605][29552][INFO] [CMD:1011]{"token":"3bfmq7tsakrap32epallbvco6r","acc":"v6hrwzMYhvXU"}
[2021-09-29 14:17:10.954][29552][INFO] [CMD:101][ACC:v6hrwzMYhvXU]
[2021-09-29 14:17:11.126][29552][INFO] [CMD:1021]{"token":"8sb53psgju301ce5e4djjldpou","acc":"v6hrwzMYhvXU"}
[2021-09-29 14:17:11.130][29552][INFO] [CMD:1025]{"token":"8sb53psgju301ce5e4djjldpou","acc":"v6hrwzMYhvXU"}
[2021-09-29 14:17:11.141][29552][INFO] [CMD:1028]{"token":"8sb53psgju301ce5e4djjldpou","acc":"v6hrwzMYhvXU"}
[2021-09-29 14:17:20.014][29552][INFO] [CMD:1023]{"token":"8sb53psgju301ce5e4djjldpou","acc":"v6hrwzMYhvXU"}
[2021-09-29 14:17:20.015][29552][INFO] [CMD:1001]{"token":"8sb53psgju301ce5e4djjldpou","acc":"v6hrwzMYhvXU"}
[2021-09-29 14:17:20.019][29552][INFO] [CMD:1011]{"token":"8sb53psgju301ce5e4djjldpou","acc":"v6hrwzMYhvXU"}
[2021-09-29 14:17:22.369][29552][INFO] [CMD:1016]{"token":"8sb53psgju301ce5e4djjldpou","acc":"v6hrwzMYhvXU","page":1,"nickName":"","sortType":0}
[2021-09-29 14:17:42.563][29552][INFO] [CMD:1016]{"token":"8sb53psgju301ce5e4djjldpou","acc":"v6hrwzMYhvXU","page":1,"nickName":"","sortType":0}
[2021-09-29 14:17:45.902][29552][INFO] [CMD:1039]{"token":"8sb53psgju301ce5e4djjldpou","acc":"v6hrwzMYhvXU","myshopId":1}
[2021-09-29 14:25:19.222][29552][INFO] [CMD:101][ACC:v6hrwzMYhvXU]
[2021-09-29 14:25:19.384][29552][INFO] [CMD:1028]{"token":"k4hpgon1mle91fng3n4rskngu3","acc":"v6hrwzMYhvXU"}
[2021-09-29 14:25:19.389][29552][INFO] [CMD:1021]{"token":"k4hpgon1mle91fng3n4rskngu3","acc":"v6hrwzMYhvXU"}
[2021-09-29 14:25:19.396][29552][INFO] [CMD:1025]{"token":"k4hpgon1mle91fng3n4rskngu3","acc":"v6hrwzMYhvXU"}
[2021-09-29 14:25:24.678][29552][INFO] [CMD:1023]{"token":"k4hpgon1mle91fng3n4rskngu3","acc":"v6hrwzMYhvXU"}
[2021-09-29 14:25:24.701][29552][INFO] [CMD:1001]{"token":"k4hpgon1mle91fng3n4rskngu3","acc":"v6hrwzMYhvXU"}
[2021-09-29 14:25:24.705][29552][INFO] [CMD:1011]{"token":"k4hpgon1mle91fng3n4rskngu3","acc":"v6hrwzMYhvXU"}
[2021-09-29 14:25:31.338][29552][INFO] [CMD:1001]{"token":"k4hpgon1mle91fng3n4rskngu3","acc":"v6hrwzMYhvXU"}
[2021-09-29 14:25:31.344][29552][INFO] [CMD:1011]{"token":"k4hpgon1mle91fng3n4rskngu3","acc":"v6hrwzMYhvXU"}
[2021-09-29 14:25:53.417][29552][INFO] [CMD:1016]{"token":"k4hpgon1mle91fng3n4rskngu3","acc":"v6hrwzMYhvXU","page":1,"nickName":"","sortType":0}
[2021-09-29 14:26:09.013][29552][INFO] [CMD:1016]{"token":"k4hpgon1mle91fng3n4rskngu3","acc":"v6hrwzMYhvXU","page":1,"nickName":"","sortType":1}
[2021-09-29 14:26:09.929][29552][INFO] [CMD:1016]{"token":"k4hpgon1mle91fng3n4rskngu3","acc":"v6hrwzMYhvXU","page":1,"nickName":"","sortType":1}
[2021-09-29 14:26:13.520][29552][INFO] [CMD:1016]{"token":"k4hpgon1mle91fng3n4rskngu3","acc":"v6hrwzMYhvXU","page":1,"nickName":"","sortType":0}
[2021-09-29 14:26:14.303][29552][INFO] [CMD:1016]{"token":"k4hpgon1mle91fng3n4rskngu3","acc":"v6hrwzMYhvXU","page":1,"nickName":"","sortType":0}
[2021-09-29 14:26:16.014][29552][INFO] [CMD:1016]{"token":"k4hpgon1mle91fng3n4rskngu3","acc":"v6hrwzMYhvXU","page":1,"nickName":"","sortType":2}
[2021-09-29 14:26:20.636][29552][INFO] [CMD:1016]{"token":"k4hpgon1mle91fng3n4rskngu3","acc":"v6hrwzMYhvXU","page":1,"nickName":"","sortType":3}
[2021-09-29 14:26:22.893][29552][INFO] [CMD:1016]{"token":"k4hpgon1mle91fng3n4rskngu3","acc":"v6hrwzMYhvXU","page":1,"nickName":"","sortType":4}
[2021-09-29 14:26:24.920][29552][INFO] [CMD:1016]{"token":"k4hpgon1mle91fng3n4rskngu3","acc":"v6hrwzMYhvXU","page":1,"nickName":"","sortType":5}
[2021-09-29 14:26:26.834][29552][INFO] [CMD:1016]{"token":"k4hpgon1mle91fng3n4rskngu3","acc":"v6hrwzMYhvXU","page":1,"nickName":"","sortType":6}
[2021-09-29 14:32:54.702][29552][INFO] [CMD:100]
[2021-09-29 14:32:55.066][29552][INFO] [CMD:101][ACC:af4EuAP3SVcj]
[2021-09-29 14:32:55.361][29552][INFO] [CMD:1025]{"token":"373ha0onsnoa8if3j49repdota","acc":"af4EuAP3SVcj"}
[2021-09-29 14:32:55.368][29552][INFO] [CMD:1028]{"token":"373ha0onsnoa8if3j49repdota","acc":"af4EuAP3SVcj"}
[2021-09-29 14:32:55.374][29552][INFO] [CMD:1021]{"token":"373ha0onsnoa8if3j49repdota","acc":"af4EuAP3SVcj"}
[2021-09-29 14:32:57.609][29552][INFO] [CMD:1011]{"token":"373ha0onsnoa8if3j49repdota","acc":"af4EuAP3SVcj"}
[2021-09-29 14:33:01.264][29552][INFO] [CMD:1029]{"token":"373ha0onsnoa8if3j49repdota","acc":"af4EuAP3SVcj"}
[2021-09-29 14:33:04.708][29552][INFO] [CMD:1001]{"token":"373ha0onsnoa8if3j49repdota","acc":"af4EuAP3SVcj"}
[2021-09-29 14:33:04.709][29552][INFO] [CMD:1023]{"token":"373ha0onsnoa8if3j49repdota","acc":"af4EuAP3SVcj"}
[2021-09-29 14:33:04.713][29552][INFO] [CMD:1011]{"token":"373ha0onsnoa8if3j49repdota","acc":"af4EuAP3SVcj"}
[2021-09-29 14:33:11.740][29552][INFO] [CMD:1011]{"token":"373ha0onsnoa8if3j49repdota","acc":"af4EuAP3SVcj"}
[2021-09-29 14:33:15.339][29552][INFO] [CMD:9000]{"token":"373ha0onsnoa8if3j49repdota","acc":"af4EuAP3SVcj","productId":"craftstory_3060","transactionId":"c4d5456a-02d5-4f16-8140-7a22f77c97bf"}
[2021-09-29 14:33:15.626][29552][INFO] [CMD:1011]{"token":"373ha0onsnoa8if3j49repdota","acc":"af4EuAP3SVcj"}
[2021-09-29 14:33:17.814][29552][INFO] [CMD:1016]{"token":"373ha0onsnoa8if3j49repdota","acc":"af4EuAP3SVcj","page":1,"nickName":"","sortType":0}
[2021-09-29 14:33:30.210][29552][INFO] [CMD:1016]{"token":"373ha0onsnoa8if3j49repdota","acc":"af4EuAP3SVcj","page":1,"nickName":"","sortType":0}
[2021-09-29 14:34:52.606][29552][INFO] [CMD:101][ACC:af4EuAP3SVcj]
[2021-09-29 14:34:52.796][29552][INFO] [CMD:1021]{"token":"fkutujj43894135digarjousj0","acc":"af4EuAP3SVcj"}
[2021-09-29 14:34:52.798][29552][INFO] [CMD:1025]{"token":"fkutujj43894135digarjousj0","acc":"af4EuAP3SVcj"}
[2021-09-29 14:34:52.804][29552][INFO] [CMD:1028]{"token":"fkutujj43894135digarjousj0","acc":"af4EuAP3SVcj"}
[2021-09-29 14:34:58.107][29552][INFO] [CMD:1011]{"token":"fkutujj43894135digarjousj0","acc":"af4EuAP3SVcj"}
[2021-09-29 14:34:58.108][29552][INFO] [CMD:1001]{"token":"fkutujj43894135digarjousj0","acc":"af4EuAP3SVcj"}
[2021-09-29 14:34:58.108][29552][INFO] [CMD:1023]{"token":"fkutujj43894135digarjousj0","acc":"af4EuAP3SVcj"}
[2021-09-29 14:34:59.795][29552][INFO] [CMD:1016]{"token":"fkutujj43894135digarjousj0","acc":"af4EuAP3SVcj","page":1,"nickName":"","sortType":0}
[2021-09-29 14:35:11.455][29552][INFO] [CMD:1010]{"token":"fkutujj43894135digarjousj0","acc":"af4EuAP3SVcj","shopId":1000}
[2021-09-29 14:35:11.661][29552][INFO] [CMD:1001]{"token":"fkutujj43894135digarjousj0","acc":"af4EuAP3SVcj"}
[2021-09-29 14:35:11.663][29552][INFO] [CMD:1011]{"token":"fkutujj43894135digarjousj0","acc":"af4EuAP3SVcj"}
[2021-09-29 14:38:01.501][29552][INFO] [CMD:101][ACC:af4EuAP3SVcj]
[2021-09-29 14:38:01.971][29552][INFO] [CMD:1025]{"token":"c9bu82mdmt2hcflkqogdk5tp5s","acc":"af4EuAP3SVcj"}
[2021-09-29 14:38:01.995][29552][INFO] [CMD:1028]{"token":"c9bu82mdmt2hcflkqogdk5tp5s","acc":"af4EuAP3SVcj"}
[2021-09-29 14:38:02.001][29552][INFO] [CMD:1021]{"token":"c9bu82mdmt2hcflkqogdk5tp5s","acc":"af4EuAP3SVcj"}
[2021-09-29 14:38:07.344][29552][INFO] [CMD:1023]{"token":"c9bu82mdmt2hcflkqogdk5tp5s","acc":"af4EuAP3SVcj"}
[2021-09-29 14:38:07.357][29552][INFO] [CMD:1011]{"token":"c9bu82mdmt2hcflkqogdk5tp5s","acc":"af4EuAP3SVcj"}
[2021-09-29 14:38:07.368][29552][INFO] [CMD:1001]{"token":"c9bu82mdmt2hcflkqogdk5tp5s","acc":"af4EuAP3SVcj"}
[2021-09-29 14:38:09.371][29552][INFO] [CMD:1016]{"token":"c9bu82mdmt2hcflkqogdk5tp5s","acc":"af4EuAP3SVcj","page":1,"nickName":"","sortType":0}
[2021-09-29 14:38:12.047][29552][INFO] [CMD:1016]{"token":"c9bu82mdmt2hcflkqogdk5tp5s","acc":"af4EuAP3SVcj","page":1,"nickName":"","sortType":0}
[2021-09-29 14:38:17.475][29552][INFO] [CMD:1016]{"token":"c9bu82mdmt2hcflkqogdk5tp5s","acc":"af4EuAP3SVcj","page":1,"nickName":"","sortType":0}
[2021-09-29 14:38:18.955][29552][INFO] [CMD:1039]{"token":"c9bu82mdmt2hcflkqogdk5tp5s","acc":"af4EuAP3SVcj","myshopId":1}
[2021-09-29 14:38:21.895][29552][INFO] [CMD:1010]{"token":"c9bu82mdmt2hcflkqogdk5tp5s","acc":"af4EuAP3SVcj","shopId":1000}
[2021-09-29 14:38:22.025][29552][INFO] [CMD:1001]{"token":"c9bu82mdmt2hcflkqogdk5tp5s","acc":"af4EuAP3SVcj"}
[2021-09-29 14:38:22.035][29552][INFO] [CMD:1011]{"token":"c9bu82mdmt2hcflkqogdk5tp5s","acc":"af4EuAP3SVcj"}
[2021-09-29 14:38:22.878][29552][INFO] [CMD:1016]{"token":"c9bu82mdmt2hcflkqogdk5tp5s","acc":"af4EuAP3SVcj","page":1,"nickName":"","sortType":0}
[2021-09-29 14:38:31.627][29552][INFO] [CMD:1019]{"token":"c9bu82mdmt2hcflkqogdk5tp5s","acc":"af4EuAP3SVcj","page":1}
[2021-09-29 14:38:36.352][29552][INFO] [CMD:1015]{"token":"c9bu82mdmt2hcflkqogdk5tp5s","acc":"af4EuAP3SVcj","nickName":"ggee"}
[2021-09-29 14:38:45.463][29552][INFO] [CMD:1048]{"token":"c9bu82mdmt2hcflkqogdk5tp5s","acc":"af4EuAP3SVcj","guid":13}
[2021-09-29 14:38:47.590][29552][INFO] [CMD:1014]{"token":"c9bu82mdmt2hcflkqogdk5tp5s","acc":"af4EuAP3SVcj","nickName":"ggee","itemGuid":13,"site":1,"price":11000,"texture":"Blueprint-af4EuAP3SVcj-20210929023847"}
[2021-09-29 14:38:47.735][29552][INFO] [CMD:1025]{"token":"c9bu82mdmt2hcflkqogdk5tp5s","acc":"af4EuAP3SVcj"}
[2021-09-29 14:38:57.956][29552][INFO] [CMD:1013]{"token":"c9bu82mdmt2hcflkqogdk5tp5s","acc":"af4EuAP3SVcj"}
[2021-09-29 14:38:59.150][29552][INFO] [CMD:1013]{"token":"c9bu82mdmt2hcflkqogdk5tp5s","acc":"af4EuAP3SVcj"}
[2021-09-29 14:39:03.734][29552][INFO] [CMD:1048]{"token":"c9bu82mdmt2hcflkqogdk5tp5s","acc":"af4EuAP3SVcj","guid":13}
[2021-09-29 14:39:07.977][29552][INFO] [CMD:1014]{"token":"c9bu82mdmt2hcflkqogdk5tp5s","acc":"af4EuAP3SVcj","nickName":"ggee","itemGuid":13,"site":2,"price":11000,"texture":"Blueprint-af4EuAP3SVcj-20210929023907"}
[2021-09-29 14:39:08.115][29552][INFO] [CMD:1025]{"token":"c9bu82mdmt2hcflkqogdk5tp5s","acc":"af4EuAP3SVcj"}
[2021-09-29 14:39:14.086][29552][INFO] [CMD:1048]{"token":"c9bu82mdmt2hcflkqogdk5tp5s","acc":"af4EuAP3SVcj","guid":13}
[2021-09-29 14:39:16.945][29552][INFO] [CMD:1014]{"token":"c9bu82mdmt2hcflkqogdk5tp5s","acc":"af4EuAP3SVcj","nickName":"ggee","itemGuid":13,"site":3,"price":11000,"texture":"Blueprint-af4EuAP3SVcj-20210929023916"}
[2021-09-29 14:39:17.214][29552][INFO] [CMD:1025]{"token":"c9bu82mdmt2hcflkqogdk5tp5s","acc":"af4EuAP3SVcj"}
[2021-09-29 14:39:42.047][29552][INFO] [CMD:101][ACC:qI47Rc8XQBqq]
[2021-09-29 14:39:42.183][29552][INFO] [CMD:1025]{"token":"sg73pq6iv68fravgf397bhdum7","acc":"qI47Rc8XQBqq"}
[2021-09-29 14:39:42.210][29552][INFO] [CMD:1028]{"token":"sg73pq6iv68fravgf397bhdum7","acc":"qI47Rc8XQBqq"}
[2021-09-29 14:39:42.229][29552][INFO] [CMD:1021]{"token":"sg73pq6iv68fravgf397bhdum7","acc":"qI47Rc8XQBqq"}
[2021-09-29 14:39:47.460][29552][INFO] [CMD:1023]{"token":"sg73pq6iv68fravgf397bhdum7","acc":"qI47Rc8XQBqq"}
[2021-09-29 14:39:47.463][29552][INFO] [CMD:1011]{"token":"sg73pq6iv68fravgf397bhdum7","acc":"qI47Rc8XQBqq"}
[2021-09-29 14:39:47.470][29552][INFO] [CMD:1001]{"token":"sg73pq6iv68fravgf397bhdum7","acc":"qI47Rc8XQBqq"}
[2021-09-29 14:39:49.498][29552][INFO] [CMD:1016]{"token":"sg73pq6iv68fravgf397bhdum7","acc":"qI47Rc8XQBqq","page":1,"nickName":"","sortType":0}
[2021-09-29 14:40:23.305][29552][INFO] [CMD:1039]{"token":"sg73pq6iv68fravgf397bhdum7","acc":"qI47Rc8XQBqq","myshopId":3}
[2021-09-29 14:40:29.833][29552][INFO] [CMD:1047]{"token":"sg73pq6iv68fravgf397bhdum7","acc":"qI47Rc8XQBqq","targetAcc":"v6hrwzMYhvXU"}
[2021-09-29 14:40:37.141][29552][INFO] [CMD:1047]{"token":"sg73pq6iv68fravgf397bhdum7","acc":"qI47Rc8XQBqq","targetAcc":"v6hrwzMYhvXU"}
[2021-09-29 14:40:39.051][29552][INFO] [CMD:1047]{"token":"sg73pq6iv68fravgf397bhdum7","acc":"qI47Rc8XQBqq","targetAcc":"af4EuAP3SVcj"}
[2021-09-29 14:40:46.833][29552][INFO] [CMD:1016]{"token":"sg73pq6iv68fravgf397bhdum7","acc":"qI47Rc8XQBqq","page":1,"nickName":"","sortType":5}
[2021-09-29 14:40:58.493][29552][INFO] [CMD:1016]{"token":"sg73pq6iv68fravgf397bhdum7","acc":"qI47Rc8XQBqq","page":1,"nickName":"","sortType":4}
[2021-09-29 14:41:02.132][29552][INFO] [CMD:1016]{"token":"sg73pq6iv68fravgf397bhdum7","acc":"qI47Rc8XQBqq","page":1,"nickName":"","sortType":0}
[2021-09-29 14:41:15.660][29552][INFO] [CMD:1016]{"token":"sg73pq6iv68fravgf397bhdum7","acc":"qI47Rc8XQBqq","page":1,"nickName":"","sortType":5}
[2021-09-29 14:42:21.261][29552][INFO] [CMD:1017]{"token":"sg73pq6iv68fravgf397bhdum7","acc":"qI47Rc8XQBqq","guid":3}
[2021-09-29 14:42:30.903][29552][INFO] [CMD:1017]{"token":"sg73pq6iv68fravgf397bhdum7","acc":"qI47Rc8XQBqq","guid":3}
[2021-09-29 14:42:46.286][29552][INFO] [CMD:101][ACC:v6hrwzMYhvXU]
[2021-09-29 14:42:46.445][29552][INFO] [CMD:1025]{"token":"i1troh3cbe2qqoaa2ic67ct1d0","acc":"v6hrwzMYhvXU"}
[2021-09-29 14:42:46.463][29552][INFO] [CMD:1021]{"token":"i1troh3cbe2qqoaa2ic67ct1d0","acc":"v6hrwzMYhvXU"}
[2021-09-29 14:42:46.479][29552][INFO] [CMD:1028]{"token":"i1troh3cbe2qqoaa2ic67ct1d0","acc":"v6hrwzMYhvXU"}
[2021-09-29 14:42:51.681][29552][INFO] [CMD:1001]{"token":"i1troh3cbe2qqoaa2ic67ct1d0","acc":"v6hrwzMYhvXU"}
[2021-09-29 14:42:51.693][29552][INFO] [CMD:1023]{"token":"i1troh3cbe2qqoaa2ic67ct1d0","acc":"v6hrwzMYhvXU"}
[2021-09-29 14:42:51.699][29552][INFO] [CMD:1011]{"token":"i1troh3cbe2qqoaa2ic67ct1d0","acc":"v6hrwzMYhvXU"}
[2021-09-29 14:42:59.776][29552][INFO] [CMD:1016]{"token":"i1troh3cbe2qqoaa2ic67ct1d0","acc":"v6hrwzMYhvXU","page":1,"nickName":"","sortType":0}
[2021-09-29 14:43:34.355][29552][INFO] [CMD:1016]{"token":"i1troh3cbe2qqoaa2ic67ct1d0","acc":"v6hrwzMYhvXU","page":1,"nickName":"","sortType":0}
[2021-09-29 14:43:35.599][29552][INFO] [CMD:1016]{"token":"i1troh3cbe2qqoaa2ic67ct1d0","acc":"v6hrwzMYhvXU","page":1,"nickName":"","sortType":0}
[2021-09-29 14:44:24.989][29552][INFO] [CMD:100]
[2021-09-29 14:44:25.588][29552][INFO] [CMD:101][ACC:PIiudLSfHwNQ]
[2021-09-29 14:44:25.831][29552][INFO] [CMD:1025]{"token":"rt872qsc59eg87jp2hkmjlj99e","acc":"PIiudLSfHwNQ"}
[2021-09-29 14:44:25.838][29552][INFO] [CMD:1028]{"token":"rt872qsc59eg87jp2hkmjlj99e","acc":"PIiudLSfHwNQ"}
[2021-09-29 14:44:25.852][29552][INFO] [CMD:1021]{"token":"rt872qsc59eg87jp2hkmjlj99e","acc":"PIiudLSfHwNQ"}
[2021-09-29 14:44:27.993][29552][INFO] [CMD:1011]{"token":"rt872qsc59eg87jp2hkmjlj99e","acc":"PIiudLSfHwNQ"}
[2021-09-29 14:44:31.244][29552][INFO] [CMD:1029]{"token":"rt872qsc59eg87jp2hkmjlj99e","acc":"PIiudLSfHwNQ"}
[2021-09-29 14:44:36.301][29552][INFO] [CMD:1001]{"token":"rt872qsc59eg87jp2hkmjlj99e","acc":"PIiudLSfHwNQ"}
[2021-09-29 14:44:36.302][29552][INFO] [CMD:1023]{"token":"rt872qsc59eg87jp2hkmjlj99e","acc":"PIiudLSfHwNQ"}
[2021-09-29 14:44:36.304][29552][INFO] [CMD:1011]{"token":"rt872qsc59eg87jp2hkmjlj99e","acc":"PIiudLSfHwNQ"}
[2021-09-29 14:44:40.960][29552][INFO] [CMD:1016]{"token":"rt872qsc59eg87jp2hkmjlj99e","acc":"PIiudLSfHwNQ","page":1,"nickName":"","sortType":0}
[2021-09-29 14:44:48.372][29552][INFO] [CMD:1016]{"token":"rt872qsc59eg87jp2hkmjlj99e","acc":"PIiudLSfHwNQ","page":1,"nickName":"","sortType":0}
[2021-09-29 14:45:04.528][29552][INFO] [CMD:1016]{"token":"rt872qsc59eg87jp2hkmjlj99e","acc":"PIiudLSfHwNQ","page":1,"nickName":"","sortType":1}
[2021-09-29 14:45:14.789][29552][INFO] [CMD:1016]{"token":"rt872qsc59eg87jp2hkmjlj99e","acc":"PIiudLSfHwNQ","page":1,"nickName":"","sortType":2}
[2021-09-29 14:45:22.079][29552][INFO] [CMD:1016]{"token":"rt872qsc59eg87jp2hkmjlj99e","acc":"PIiudLSfHwNQ","page":1,"nickName":"","sortType":3}
[2021-09-29 14:45:25.320][29552][INFO] [CMD:1016]{"token":"rt872qsc59eg87jp2hkmjlj99e","acc":"PIiudLSfHwNQ","page":1,"nickName":"","sortType":4}
[2021-09-29 14:46:09.273][29552][INFO] [CMD:1016]{"token":"rt872qsc59eg87jp2hkmjlj99e","acc":"PIiudLSfHwNQ","page":1,"nickName":"","sortType":5}
[2021-09-29 14:46:12.733][29552][INFO] [CMD:1016]{"token":"rt872qsc59eg87jp2hkmjlj99e","acc":"PIiudLSfHwNQ","page":1,"nickName":"","sortType":4}
[2021-09-29 14:46:17.270][29552][INFO] [CMD:1016]{"token":"rt872qsc59eg87jp2hkmjlj99e","acc":"PIiudLSfHwNQ","page":1,"nickName":"","sortType":3}
[2021-09-29 14:47:20.525][29552][INFO] [CMD:1016]{"token":"rt872qsc59eg87jp2hkmjlj99e","acc":"PIiudLSfHwNQ","page":1,"nickName":"","sortType":5}
[2021-09-29 14:47:26.326][29552][INFO] [CMD:1016]{"token":"rt872qsc59eg87jp2hkmjlj99e","acc":"PIiudLSfHwNQ","page":1,"nickName":"","sortType":4}
[2021-09-29 14:47:29.484][29552][INFO] [CMD:1016]{"token":"rt872qsc59eg87jp2hkmjlj99e","acc":"PIiudLSfHwNQ","page":1,"nickName":"","sortType":5}
[2021-09-29 14:47:33.645][29552][INFO] [CMD:1016]{"token":"rt872qsc59eg87jp2hkmjlj99e","acc":"PIiudLSfHwNQ","page":1,"nickName":"","sortType":4}
[2021-09-29 14:47:36.311][29552][INFO] [CMD:1016]{"token":"rt872qsc59eg87jp2hkmjlj99e","acc":"PIiudLSfHwNQ","page":2,"nickName":"","sortType":4}
[2021-09-29 14:47:37.645][29552][INFO] [CMD:1016]{"token":"rt872qsc59eg87jp2hkmjlj99e","acc":"PIiudLSfHwNQ","page":1,"nickName":"","sortType":4}
[2021-09-29 14:49:15.152][29552][INFO] [CMD:101][ACC:PIiudLSfHwNQ]
[2021-09-29 14:49:15.295][29552][INFO] [CMD:1025]{"token":"50erbo1vugljeo98s5243g9efo","acc":"PIiudLSfHwNQ"}
[2021-09-29 14:49:15.317][29552][INFO] [CMD:1028]{"token":"50erbo1vugljeo98s5243g9efo","acc":"PIiudLSfHwNQ"}
[2021-09-29 14:49:15.317][29552][INFO] [CMD:1021]{"token":"50erbo1vugljeo98s5243g9efo","acc":"PIiudLSfHwNQ"}
[2021-09-29 14:49:20.596][29552][INFO] [CMD:1023]{"token":"50erbo1vugljeo98s5243g9efo","acc":"PIiudLSfHwNQ"}
[2021-09-29 14:49:20.608][29552][INFO] [CMD:1011]{"token":"50erbo1vugljeo98s5243g9efo","acc":"PIiudLSfHwNQ"}
[2021-09-29 14:49:20.608][29552][INFO] [CMD:1001]{"token":"50erbo1vugljeo98s5243g9efo","acc":"PIiudLSfHwNQ"}
[2021-09-29 14:49:22.063][29552][INFO] [CMD:1016]{"token":"50erbo1vugljeo98s5243g9efo","acc":"PIiudLSfHwNQ","page":1,"nickName":"","sortType":0}
[2021-09-29 14:50:56.733][29552][INFO] [CMD:101][ACC:PIiudLSfHwNQ]
[2021-09-29 14:50:56.875][29552][INFO] [CMD:1025]{"token":"5nugme0mcvjik5n7b4bu82smq5","acc":"PIiudLSfHwNQ"}
[2021-09-29 14:50:56.889][29552][INFO] [CMD:1021]{"token":"5nugme0mcvjik5n7b4bu82smq5","acc":"PIiudLSfHwNQ"}
[2021-09-29 14:50:56.917][29552][INFO] [CMD:1028]{"token":"5nugme0mcvjik5n7b4bu82smq5","acc":"PIiudLSfHwNQ"}
[2021-09-29 14:51:10.453][29552][INFO] [CMD:1001]{"token":"5nugme0mcvjik5n7b4bu82smq5","acc":"PIiudLSfHwNQ"}
[2021-09-29 14:51:10.459][29552][INFO] [CMD:1011]{"token":"5nugme0mcvjik5n7b4bu82smq5","acc":"PIiudLSfHwNQ"}
[2021-09-29 14:51:10.459][29552][INFO] [CMD:1023]{"token":"5nugme0mcvjik5n7b4bu82smq5","acc":"PIiudLSfHwNQ"}
[2021-09-29 14:51:12.242][29552][INFO] [CMD:1016]{"token":"5nugme0mcvjik5n7b4bu82smq5","acc":"PIiudLSfHwNQ","page":1,"nickName":"","sortType":0}
[2021-09-29 14:51:20.372][29552][INFO] [CMD:101][ACC:PIiudLSfHwNQ]
[2021-09-29 14:51:20.530][29552][INFO] [CMD:1025]{"token":"rk5i957lguvgv3qa9dt3juu7s3","acc":"PIiudLSfHwNQ"}
[2021-09-29 14:51:20.536][29552][INFO] [CMD:1021]{"token":"rk5i957lguvgv3qa9dt3juu7s3","acc":"PIiudLSfHwNQ"}
[2021-09-29 14:51:20.589][29552][INFO] [CMD:1028]{"token":"rk5i957lguvgv3qa9dt3juu7s3","acc":"PIiudLSfHwNQ"}
[2021-09-29 14:51:25.734][29552][INFO] [CMD:1001]{"token":"rk5i957lguvgv3qa9dt3juu7s3","acc":"PIiudLSfHwNQ"}
[2021-09-29 14:51:25.736][29552][INFO] [CMD:1011]{"token":"rk5i957lguvgv3qa9dt3juu7s3","acc":"PIiudLSfHwNQ"}
[2021-09-29 14:51:25.748][29552][INFO] [CMD:1023]{"token":"rk5i957lguvgv3qa9dt3juu7s3","acc":"PIiudLSfHwNQ"}
[2021-09-29 14:51:27.489][29552][INFO] [CMD:1016]{"token":"rk5i957lguvgv3qa9dt3juu7s3","acc":"PIiudLSfHwNQ","page":1,"nickName":"","sortType":0}
[2021-09-29 14:51:42.917][29552][INFO] [CMD:1039]{"token":"rk5i957lguvgv3qa9dt3juu7s3","acc":"PIiudLSfHwNQ","myshopId":1}
[2021-09-29 14:51:52.668][29552][INFO] [CMD:1016]{"token":"rk5i957lguvgv3qa9dt3juu7s3","acc":"PIiudLSfHwNQ","page":2,"nickName":"","sortType":0}
[2021-09-29 14:51:53.535][29552][INFO] [CMD:1016]{"token":"rk5i957lguvgv3qa9dt3juu7s3","acc":"PIiudLSfHwNQ","page":1,"nickName":"","sortType":0}
[2021-09-29 15:24:20.457][29552][INFO] [CMD:101][ACC:PIiudLSfHwNQ]
[2021-09-29 15:24:20.629][29552][INFO] [CMD:1028]{"token":"dlo7mq76v4m1g087bur7ppfnnt","acc":"PIiudLSfHwNQ"}
[2021-09-29 15:24:20.657][29552][INFO] [CMD:1025]{"token":"dlo7mq76v4m1g087bur7ppfnnt","acc":"PIiudLSfHwNQ"}
[2021-09-29 15:24:20.682][29552][INFO] [CMD:1021]{"token":"dlo7mq76v4m1g087bur7ppfnnt","acc":"PIiudLSfHwNQ"}
[2021-09-29 15:24:47.862][29552][INFO] [CMD:101][ACC:PIiudLSfHwNQ]
[2021-09-29 15:24:47.998][29552][INFO] [CMD:1025]{"token":"mcqn835gcc8g8nm36sgkco3pnm","acc":"PIiudLSfHwNQ"}
[2021-09-29 15:24:48.032][29552][INFO] [CMD:1028]{"token":"mcqn835gcc8g8nm36sgkco3pnm","acc":"PIiudLSfHwNQ"}
[2021-09-29 15:24:48.051][29552][INFO] [CMD:1021]{"token":"mcqn835gcc8g8nm36sgkco3pnm","acc":"PIiudLSfHwNQ"}
[2021-09-29 15:24:54.859][29552][INFO] [CMD:1011]{"token":"mcqn835gcc8g8nm36sgkco3pnm","acc":"PIiudLSfHwNQ"}
[2021-09-29 15:24:54.876][29552][INFO] [CMD:1023]{"token":"mcqn835gcc8g8nm36sgkco3pnm","acc":"PIiudLSfHwNQ"}
[2021-09-29 15:24:54.888][29552][INFO] [CMD:1001]{"token":"mcqn835gcc8g8nm36sgkco3pnm","acc":"PIiudLSfHwNQ"}
[2021-09-29 15:25:41.457][29552][INFO] [CMD:101][ACC:PIiudLSfHwNQ]
[2021-09-29 15:25:41.622][29552][INFO] [CMD:1028]{"token":"3pof02e2vtc9geh15s6b7e21np","acc":"PIiudLSfHwNQ"}
[2021-09-29 15:25:41.637][29552][INFO] [CMD:1021]{"token":"3pof02e2vtc9geh15s6b7e21np","acc":"PIiudLSfHwNQ"}
[2021-09-29 15:25:41.637][29552][INFO] [CMD:1025]{"token":"3pof02e2vtc9geh15s6b7e21np","acc":"PIiudLSfHwNQ"}
[2021-09-29 15:25:48.362][29552][INFO] [CMD:1001]{"token":"3pof02e2vtc9geh15s6b7e21np","acc":"PIiudLSfHwNQ"}
[2021-09-29 15:25:48.364][29552][INFO] [CMD:1011]{"token":"3pof02e2vtc9geh15s6b7e21np","acc":"PIiudLSfHwNQ"}
[2021-09-29 15:25:48.367][29552][INFO] [CMD:1023]{"token":"3pof02e2vtc9geh15s6b7e21np","acc":"PIiudLSfHwNQ"}
[2021-09-29 15:26:19.788][29552][INFO] [CMD:101][ACC:PIiudLSfHwNQ]
[2021-09-29 15:26:19.979][29552][INFO] [CMD:1025]{"token":"d1qs8gphi04273qnpgkd3ojp35","acc":"PIiudLSfHwNQ"}
[2021-09-29 15:26:19.993][29552][INFO] [CMD:1021]{"token":"d1qs8gphi04273qnpgkd3ojp35","acc":"PIiudLSfHwNQ"}
[2021-09-29 15:26:20.010][29552][INFO] [CMD:1028]{"token":"d1qs8gphi04273qnpgkd3ojp35","acc":"PIiudLSfHwNQ"}
[2021-09-29 15:26:26.290][29552][INFO] [CMD:1011]{"token":"d1qs8gphi04273qnpgkd3ojp35","acc":"PIiudLSfHwNQ"}
[2021-09-29 15:26:26.294][29552][INFO] [CMD:1001]{"token":"d1qs8gphi04273qnpgkd3ojp35","acc":"PIiudLSfHwNQ"}
[2021-09-29 15:26:26.309][29552][INFO] [CMD:1023]{"token":"d1qs8gphi04273qnpgkd3ojp35","acc":"PIiudLSfHwNQ"}
[2021-09-29 15:26:47.167][29552][INFO] [CMD:1016]{"token":"d1qs8gphi04273qnpgkd3ojp35","acc":"PIiudLSfHwNQ","page":1,"nickName":"","sortType":0}
[2021-09-29 15:26:57.023][29552][INFO] [CMD:1018]{"token":"d1qs8gphi04273qnpgkd3ojp35","acc":"PIiudLSfHwNQ","site":0,"isfree":1}
[2021-09-29 15:26:57.024][29552][INFO] [CMD:1018]{"token":"d1qs8gphi04273qnpgkd3ojp35","acc":"PIiudLSfHwNQ","site":0,"isfree":1}
[2021-09-29 15:26:57.035][29552][INFO] [CMD:1018]{"token":"d1qs8gphi04273qnpgkd3ojp35","acc":"PIiudLSfHwNQ","site":0,"isfree":1}
[2021-09-29 15:26:57.589][29552][INFO] [CMD:1016]{"token":"d1qs8gphi04273qnpgkd3ojp35","acc":"PIiudLSfHwNQ","page":1,"nickName":"","sortType":0}
[2021-09-29 15:34:22.439][29552][INFO] [CMD:101][ACC:PIiudLSfHwNQ]
[2021-09-29 15:34:22.589][29552][INFO] [CMD:1025]{"token":"qshqi3vptm99v8jup8nce6eq4p","acc":"PIiudLSfHwNQ"}
[2021-09-29 15:34:22.612][29552][INFO] [CMD:1021]{"token":"qshqi3vptm99v8jup8nce6eq4p","acc":"PIiudLSfHwNQ"}
[2021-09-29 15:34:22.612][29552][INFO] [CMD:1028]{"token":"qshqi3vptm99v8jup8nce6eq4p","acc":"PIiudLSfHwNQ"}
[2021-09-29 15:34:28.047][29552][INFO] [CMD:1001]{"token":"qshqi3vptm99v8jup8nce6eq4p","acc":"PIiudLSfHwNQ"}
[2021-09-29 15:34:28.052][29552][INFO] [CMD:1023]{"token":"qshqi3vptm99v8jup8nce6eq4p","acc":"PIiudLSfHwNQ"}
[2021-09-29 15:34:28.056][29552][INFO] [CMD:1011]{"token":"qshqi3vptm99v8jup8nce6eq4p","acc":"PIiudLSfHwNQ"}
[2021-09-29 15:34:55.869][29552][INFO] [CMD:1016]{"token":"qshqi3vptm99v8jup8nce6eq4p","acc":"PIiudLSfHwNQ","page":1,"nickName":"","sortType":0}
[2021-09-29 15:35:01.668][29552][INFO] [CMD:1001]{"token":"qshqi3vptm99v8jup8nce6eq4p","acc":"PIiudLSfHwNQ"}
[2021-09-29 15:35:01.675][29552][INFO] [CMD:1011]{"token":"qshqi3vptm99v8jup8nce6eq4p","acc":"PIiudLSfHwNQ"}
[2021-09-29 15:51:54.627][29552][INFO] [CMD:101][ACC:PIiudLSfHwNQ]
[2021-09-29 15:51:54.794][29552][INFO] [CMD:1025]{"token":"sfcjdc11e92f45bis519pccfd0","acc":"PIiudLSfHwNQ"}
[2021-09-29 15:51:54.810][29552][INFO] [CMD:1021]{"token":"sfcjdc11e92f45bis519pccfd0","acc":"PIiudLSfHwNQ"}
[2021-09-29 15:51:54.831][29552][INFO] [CMD:1028]{"token":"sfcjdc11e92f45bis519pccfd0","acc":"PIiudLSfHwNQ"}
[2021-09-29 15:52:00.040][29552][INFO] [CMD:1001]{"token":"sfcjdc11e92f45bis519pccfd0","acc":"PIiudLSfHwNQ"}
[2021-09-29 15:52:00.042][29552][INFO] [CMD:1023]{"token":"sfcjdc11e92f45bis519pccfd0","acc":"PIiudLSfHwNQ"}
[2021-09-29 15:52:00.056][29552][INFO] [CMD:1011]{"token":"sfcjdc11e92f45bis519pccfd0","acc":"PIiudLSfHwNQ"}
[2021-09-29 15:52:44.689][29552][INFO] [CMD:101][ACC:qI47Rc8XQBqq]
[2021-09-29 15:52:45.281][29552][INFO] [CMD:1021]{"token":"sgp99u7b6okcaetsngaqa3n2sc","acc":"qI47Rc8XQBqq"}
[2021-09-29 15:52:45.282][29552][INFO] [CMD:1028]{"token":"sgp99u7b6okcaetsngaqa3n2sc","acc":"qI47Rc8XQBqq"}
[2021-09-29 15:52:45.306][29552][INFO] [CMD:1025]{"token":"sgp99u7b6okcaetsngaqa3n2sc","acc":"qI47Rc8XQBqq"}
[2021-09-29 15:52:52.113][29552][INFO] [CMD:1011]{"token":"sgp99u7b6okcaetsngaqa3n2sc","acc":"qI47Rc8XQBqq"}
[2021-09-29 15:52:52.116][29552][INFO] [CMD:1023]{"token":"sgp99u7b6okcaetsngaqa3n2sc","acc":"qI47Rc8XQBqq"}
[2021-09-29 15:52:52.147][29552][INFO] [CMD:1001]{"token":"sgp99u7b6okcaetsngaqa3n2sc","acc":"qI47Rc8XQBqq"}
[2021-09-29 15:52:54.935][29552][INFO] [CMD:1019]{"token":"sgp99u7b6okcaetsngaqa3n2sc","acc":"qI47Rc8XQBqq","page":1}
[2021-09-29 15:52:57.573][29552][INFO] [CMD:1020]{"token":"sgp99u7b6okcaetsngaqa3n2sc","acc":"qI47Rc8XQBqq","guid":137}
[2021-09-29 15:52:58.841][29552][INFO] [CMD:1019]{"token":"sgp99u7b6okcaetsngaqa3n2sc","acc":"qI47Rc8XQBqq","page":1}
[2021-09-29 15:52:59.600][29552][INFO] [CMD:1026]{"token":"sgp99u7b6okcaetsngaqa3n2sc","acc":"qI47Rc8XQBqq","guid":136}
[2021-09-29 15:52:59.613][29552][INFO] [CMD:1020]{"token":"sgp99u7b6okcaetsngaqa3n2sc","acc":"qI47Rc8XQBqq","guid":136}
[2021-09-29 15:53:00.252][29552][INFO] [CMD:1001]{"token":"sgp99u7b6okcaetsngaqa3n2sc","acc":"qI47Rc8XQBqq"}
[2021-09-29 15:53:00.285][29552][INFO] [CMD:1019]{"token":"sgp99u7b6okcaetsngaqa3n2sc","acc":"qI47Rc8XQBqq","page":1}
[2021-09-29 15:53:01.681][29552][INFO] [CMD:1020]{"token":"sgp99u7b6okcaetsngaqa3n2sc","acc":"qI47Rc8XQBqq","guid":141}
[2021-09-29 15:53:02.260][29552][INFO] [CMD:1019]{"token":"sgp99u7b6okcaetsngaqa3n2sc","acc":"qI47Rc8XQBqq","page":1}
[2021-09-29 15:53:02.883][29552][INFO] [CMD:1020]{"token":"sgp99u7b6okcaetsngaqa3n2sc","acc":"qI47Rc8XQBqq","guid":140}
[2021-09-29 15:53:03.324][29552][INFO] [CMD:1019]{"token":"sgp99u7b6okcaetsngaqa3n2sc","acc":"qI47Rc8XQBqq","page":1}
[2021-09-29 15:53:04.054][29552][INFO] [CMD:1020]{"token":"sgp99u7b6okcaetsngaqa3n2sc","acc":"qI47Rc8XQBqq","guid":139}
[2021-09-29 15:53:04.562][29552][INFO] [CMD:1019]{"token":"sgp99u7b6okcaetsngaqa3n2sc","acc":"qI47Rc8XQBqq","page":1}
[2021-09-29 15:53:05.098][29552][INFO] [CMD:1020]{"token":"sgp99u7b6okcaetsngaqa3n2sc","acc":"qI47Rc8XQBqq","guid":138}
[2021-09-29 15:53:05.574][29552][INFO] [CMD:1019]{"token":"sgp99u7b6okcaetsngaqa3n2sc","acc":"qI47Rc8XQBqq","page":1}
[2021-09-29 15:55:21.284][29552][INFO] [CMD:1011]{"token":"sgp99u7b6okcaetsngaqa3n2sc","acc":"qI47Rc8XQBqq"}
[2021-09-29 15:55:21.290][29552][INFO] [CMD:1001]{"token":"sgp99u7b6okcaetsngaqa3n2sc","acc":"qI47Rc8XQBqq"}
[2021-09-29 15:56:31.349][29552][INFO] [CMD:1001]{"token":"sgp99u7b6okcaetsngaqa3n2sc","acc":"qI47Rc8XQBqq"}
[2021-09-29 15:56:31.367][29552][INFO] [CMD:1011]{"token":"sgp99u7b6okcaetsngaqa3n2sc","acc":"qI47Rc8XQBqq"}
[2021-09-29 16:08:52.692][29552][INFO] [CMD:101][ACC:v6hrwzMYhvXU]
