[2021-09-02 09:15:53.435][35844][INFO] [CMD:101][ACC:MeX3Uq6I5zX7]
[2021-09-02 09:15:53.634][35844][INFO] [CMD:1028]{"token":"nuo899tso97qm1rvcs5tugiaid","acc":"MeX3Uq6I5zX7"}
[2021-09-02 09:15:53.673][35844][INFO] [CMD:1025]{"token":"nuo899tso97qm1rvcs5tugiaid","acc":"MeX3Uq6I5zX7"}
[2021-09-02 09:15:53.674][35844][INFO] [CMD:1021]{"token":"nuo899tso97qm1rvcs5tugiaid","acc":"MeX3Uq6I5zX7"}
[2021-09-02 09:15:59.039][35844][INFO] [CMD:1011]{"token":"nuo899tso97qm1rvcs5tugiaid","acc":"MeX3Uq6I5zX7"}
[2021-09-02 09:15:59.060][35844][INFO] [CMD:1001]{"token":"nuo899tso97qm1rvcs5tugiaid","acc":"MeX3Uq6I5zX7"}
[2021-09-02 09:15:59.060][35844][INFO] [CMD:1023]{"token":"nuo899tso97qm1rvcs5tugiaid","acc":"MeX3Uq6I5zX7"}
[2021-09-02 09:16:02.103][35844][INFO] [CMD:1011]{"token":"nuo899tso97qm1rvcs5tugiaid","acc":"MeX3Uq6I5zX7"}
[2021-09-02 09:16:04.261][35844][INFO] [CMD:1011]{"token":"nuo899tso97qm1rvcs5tugiaid","acc":"MeX3Uq6I5zX7"}
[2021-09-02 09:16:06.074][35844][INFO] [CMD:1030]{"token":"nuo899tso97qm1rvcs5tugiaid","acc":"MeX3Uq6I5zX7","gachaId":1}
[2021-09-02 09:34:39.357][35844][INFO] [CMD:101][ACC:MeX3Uq6I5zX7]
[2021-09-02 09:34:39.481][35844][INFO] [CMD:1025]{"token":"qibme082a95qvbl75cqg18e8ih","acc":"MeX3Uq6I5zX7"}
[2021-09-02 09:34:39.511][35844][INFO] [CMD:1028]{"token":"qibme082a95qvbl75cqg18e8ih","acc":"MeX3Uq6I5zX7"}
[2021-09-02 09:34:39.541][35844][INFO] [CMD:1021]{"token":"qibme082a95qvbl75cqg18e8ih","acc":"MeX3Uq6I5zX7"}
[2021-09-02 09:34:43.449][35844][INFO] [CMD:1023]{"token":"qibme082a95qvbl75cqg18e8ih","acc":"MeX3Uq6I5zX7"}
[2021-09-02 09:34:43.467][35844][INFO] [CMD:1001]{"token":"qibme082a95qvbl75cqg18e8ih","acc":"MeX3Uq6I5zX7"}
[2021-09-02 09:34:43.467][35844][INFO] [CMD:1011]{"token":"qibme082a95qvbl75cqg18e8ih","acc":"MeX3Uq6I5zX7"}
[2021-09-02 09:34:46.560][35844][INFO] [CMD:1011]{"token":"qibme082a95qvbl75cqg18e8ih","acc":"MeX3Uq6I5zX7"}
[2021-09-02 09:34:47.940][35844][INFO] [CMD:1030]{"token":"qibme082a95qvbl75cqg18e8ih","acc":"MeX3Uq6I5zX7","gachaId":1}
[2021-09-02 09:36:33.068][35844][INFO] [CMD:101][ACC:MeX3Uq6I5zX7]
[2021-09-02 09:36:33.205][35844][INFO] [CMD:1025]{"token":"bitpn19bl1pog5t6dijetoco2j","acc":"MeX3Uq6I5zX7"}
[2021-09-02 09:36:33.223][35844][INFO] [CMD:1028]{"token":"bitpn19bl1pog5t6dijetoco2j","acc":"MeX3Uq6I5zX7"}
[2021-09-02 09:36:33.261][35844][INFO] [CMD:1021]{"token":"bitpn19bl1pog5t6dijetoco2j","acc":"MeX3Uq6I5zX7"}
[2021-09-02 09:36:37.697][35844][INFO] [CMD:1001]{"token":"bitpn19bl1pog5t6dijetoco2j","acc":"MeX3Uq6I5zX7"}
[2021-09-02 09:36:37.697][35844][INFO] [CMD:1023]{"token":"bitpn19bl1pog5t6dijetoco2j","acc":"MeX3Uq6I5zX7"}
[2021-09-02 09:36:37.703][35844][INFO] [CMD:1011]{"token":"bitpn19bl1pog5t6dijetoco2j","acc":"MeX3Uq6I5zX7"}
[2021-09-02 09:37:22.850][35844][INFO] [CMD:101][ACC:MeX3Uq6I5zX7]
[2021-09-02 09:37:22.993][35844][INFO] [CMD:1028]{"token":"p9psoas5pqh1csi8dp24am3ml3","acc":"MeX3Uq6I5zX7"}
[2021-09-02 09:37:23.009][35844][INFO] [CMD:1021]{"token":"p9psoas5pqh1csi8dp24am3ml3","acc":"MeX3Uq6I5zX7"}
[2021-09-02 09:37:23.012][35844][INFO] [CMD:1025]{"token":"p9psoas5pqh1csi8dp24am3ml3","acc":"MeX3Uq6I5zX7"}
[2021-09-02 09:37:26.977][35844][INFO] [CMD:1023]{"token":"p9psoas5pqh1csi8dp24am3ml3","acc":"MeX3Uq6I5zX7"}
[2021-09-02 09:37:26.981][35844][INFO] [CMD:1001]{"token":"p9psoas5pqh1csi8dp24am3ml3","acc":"MeX3Uq6I5zX7"}
[2021-09-02 09:37:26.993][35844][INFO] [CMD:1011]{"token":"p9psoas5pqh1csi8dp24am3ml3","acc":"MeX3Uq6I5zX7"}
[2021-09-02 09:37:29.371][35844][INFO] [CMD:1011]{"token":"p9psoas5pqh1csi8dp24am3ml3","acc":"MeX3Uq6I5zX7"}
[2021-09-02 09:37:30.749][35844][INFO] [CMD:1030]{"token":"p9psoas5pqh1csi8dp24am3ml3","acc":"MeX3Uq6I5zX7","gachaId":1}
[2021-09-02 09:39:17.520][35844][INFO] [CMD:101][ACC:MeX3Uq6I5zX7]
[2021-09-02 09:39:17.661][35844][INFO] [CMD:1025]{"token":"lbunm0q1gd5ke4s7im4r3cm2da","acc":"MeX3Uq6I5zX7"}
[2021-09-02 09:39:17.698][35844][INFO] [CMD:1028]{"token":"lbunm0q1gd5ke4s7im4r3cm2da","acc":"MeX3Uq6I5zX7"}
[2021-09-02 09:39:17.714][35844][INFO] [CMD:1021]{"token":"lbunm0q1gd5ke4s7im4r3cm2da","acc":"MeX3Uq6I5zX7"}
[2021-09-02 09:39:21.971][35844][INFO] [CMD:1001]{"token":"lbunm0q1gd5ke4s7im4r3cm2da","acc":"MeX3Uq6I5zX7"}
[2021-09-02 09:39:21.972][35844][INFO] [CMD:1011]{"token":"lbunm0q1gd5ke4s7im4r3cm2da","acc":"MeX3Uq6I5zX7"}
[2021-09-02 09:39:21.972][35844][INFO] [CMD:1023]{"token":"lbunm0q1gd5ke4s7im4r3cm2da","acc":"MeX3Uq6I5zX7"}
[2021-09-02 09:39:24.480][35844][INFO] [CMD:1011]{"token":"lbunm0q1gd5ke4s7im4r3cm2da","acc":"MeX3Uq6I5zX7"}
[2021-09-02 09:39:25.729][35844][INFO] [CMD:1030]{"token":"lbunm0q1gd5ke4s7im4r3cm2da","acc":"MeX3Uq6I5zX7","gachaId":1}
[2021-09-02 09:39:59.868][35844][INFO] [CMD:1030]{"token":"lbunm0q1gd5ke4s7im4r3cm2da","acc":"MeX3Uq6I5zX7","gachaId":1}
[2021-09-02 10:47:27.518][35844][INFO] [CMD:101][ACC:MeX3Uq6I5zX7]
[2021-09-02 10:47:27.650][35844][INFO] [CMD:1025]{"token":"g4ntfosq0u2ps92m1kv0amvo1n","acc":"MeX3Uq6I5zX7"}
[2021-09-02 10:47:27.665][35844][INFO] [CMD:1021]{"token":"g4ntfosq0u2ps92m1kv0amvo1n","acc":"MeX3Uq6I5zX7"}
[2021-09-02 10:47:27.665][35844][INFO] [CMD:1028]{"token":"g4ntfosq0u2ps92m1kv0amvo1n","acc":"MeX3Uq6I5zX7"}
[2021-09-02 10:47:31.716][35844][INFO] [CMD:1001]{"token":"g4ntfosq0u2ps92m1kv0amvo1n","acc":"MeX3Uq6I5zX7"}
[2021-09-02 10:47:31.724][35844][INFO] [CMD:1023]{"token":"g4ntfosq0u2ps92m1kv0amvo1n","acc":"MeX3Uq6I5zX7"}
[2021-09-02 10:47:31.732][35844][INFO] [CMD:1011]{"token":"g4ntfosq0u2ps92m1kv0amvo1n","acc":"MeX3Uq6I5zX7"}
[2021-09-02 10:47:34.481][35844][INFO] [CMD:1011]{"token":"g4ntfosq0u2ps92m1kv0amvo1n","acc":"MeX3Uq6I5zX7"}
[2021-09-02 10:47:35.802][35844][INFO] [CMD:1030]{"token":"g4ntfosq0u2ps92m1kv0amvo1n","acc":"MeX3Uq6I5zX7","gachaId":1}
[2021-09-02 10:49:15.084][35844][INFO] [CMD:101][ACC:MeX3Uq6I5zX7]
[2021-09-02 10:49:15.227][35844][INFO] [CMD:1025]{"token":"iffibd9fc3h2fu35c8b1qub5h8","acc":"MeX3Uq6I5zX7"}
[2021-09-02 10:49:15.262][35844][INFO] [CMD:1021]{"token":"iffibd9fc3h2fu35c8b1qub5h8","acc":"MeX3Uq6I5zX7"}
[2021-09-02 10:49:15.262][35844][INFO] [CMD:1028]{"token":"iffibd9fc3h2fu35c8b1qub5h8","acc":"MeX3Uq6I5zX7"}
[2021-09-02 10:49:19.694][35844][INFO] [CMD:1023]{"token":"iffibd9fc3h2fu35c8b1qub5h8","acc":"MeX3Uq6I5zX7"}
[2021-09-02 10:49:19.695][35844][INFO] [CMD:1001]{"token":"iffibd9fc3h2fu35c8b1qub5h8","acc":"MeX3Uq6I5zX7"}
[2021-09-02 10:49:19.707][35844][INFO] [CMD:1011]{"token":"iffibd9fc3h2fu35c8b1qub5h8","acc":"MeX3Uq6I5zX7"}
[2021-09-02 10:49:22.344][35844][INFO] [CMD:1011]{"token":"iffibd9fc3h2fu35c8b1qub5h8","acc":"MeX3Uq6I5zX7"}
[2021-09-02 10:49:23.931][35844][INFO] [CMD:1030]{"token":"iffibd9fc3h2fu35c8b1qub5h8","acc":"MeX3Uq6I5zX7","gachaId":1}
[2021-09-02 10:51:48.752][35844][INFO] [CMD:101][ACC:MeX3Uq6I5zX7]
[2021-09-02 10:51:48.912][35844][INFO] [CMD:1021]{"token":"okiqe92h6ho0gf9afnmi2idlv7","acc":"MeX3Uq6I5zX7"}
[2021-09-02 10:51:48.915][35844][INFO] [CMD:1025]{"token":"okiqe92h6ho0gf9afnmi2idlv7","acc":"MeX3Uq6I5zX7"}
[2021-09-02 10:51:48.933][35844][INFO] [CMD:1028]{"token":"okiqe92h6ho0gf9afnmi2idlv7","acc":"MeX3Uq6I5zX7"}
[2021-09-02 10:52:02.271][35844][INFO] [CMD:101][ACC:MeX3Uq6I5zX7]
[2021-09-02 10:52:02.687][35844][INFO] [CMD:1025]{"token":"s5v9d1e4ml53mksm16uog2iaei","acc":"MeX3Uq6I5zX7"}
[2021-09-02 10:52:02.706][35844][INFO] [CMD:1021]{"token":"s5v9d1e4ml53mksm16uog2iaei","acc":"MeX3Uq6I5zX7"}
[2021-09-02 10:52:02.720][35844][INFO] [CMD:1028]{"token":"s5v9d1e4ml53mksm16uog2iaei","acc":"MeX3Uq6I5zX7"}
[2021-09-02 10:52:07.068][35844][INFO] [CMD:1001]{"token":"s5v9d1e4ml53mksm16uog2iaei","acc":"MeX3Uq6I5zX7"}
[2021-09-02 10:52:07.085][35844][INFO] [CMD:1023]{"token":"s5v9d1e4ml53mksm16uog2iaei","acc":"MeX3Uq6I5zX7"}
[2021-09-02 10:52:07.085][35844][INFO] [CMD:1011]{"token":"s5v9d1e4ml53mksm16uog2iaei","acc":"MeX3Uq6I5zX7"}
[2021-09-02 10:52:10.110][35844][INFO] [CMD:1011]{"token":"s5v9d1e4ml53mksm16uog2iaei","acc":"MeX3Uq6I5zX7"}
[2021-09-02 10:52:11.557][35844][INFO] [CMD:1030]{"token":"s5v9d1e4ml53mksm16uog2iaei","acc":"MeX3Uq6I5zX7","gachaId":1}
[2021-09-02 10:54:11.115][35844][INFO] [CMD:1011]{"token":"s5v9d1e4ml53mksm16uog2iaei","acc":"MeX3Uq6I5zX7"}
[2021-09-02 10:59:35.009][35844][INFO] [CMD:1010]{"token":"s5v9d1e4ml53mksm16uog2iaei","acc":"MeX3Uq6I5zX7","shopId":2000}
[2021-09-02 10:59:35.287][35844][INFO] [CMD:1001]{"token":"s5v9d1e4ml53mksm16uog2iaei","acc":"MeX3Uq6I5zX7"}
[2021-09-02 10:59:35.313][35844][INFO] [CMD:1011]{"token":"s5v9d1e4ml53mksm16uog2iaei","acc":"MeX3Uq6I5zX7"}
[2021-09-02 10:59:35.837][35844][INFO] [CMD:1010]{"token":"s5v9d1e4ml53mksm16uog2iaei","acc":"MeX3Uq6I5zX7","shopId":2000}
[2021-09-02 10:59:36.139][35844][INFO] [CMD:1001]{"token":"s5v9d1e4ml53mksm16uog2iaei","acc":"MeX3Uq6I5zX7"}
[2021-09-02 10:59:36.162][35844][INFO] [CMD:1011]{"token":"s5v9d1e4ml53mksm16uog2iaei","acc":"MeX3Uq6I5zX7"}
[2021-09-02 11:02:09.939][35844][INFO] [CMD:1011]{"token":"s5v9d1e4ml53mksm16uog2iaei","acc":"MeX3Uq6I5zX7"}
[2021-09-02 11:04:31.375][35844][INFO] [CMD:9000]{"token":"s5v9d1e4ml53mksm16uog2iaei","acc":"MeX3Uq6I5zX7","productId":"craftstory_120","transactionId":"90e77239-1cdc-4f81-801b-960ff97023a5"}
[2021-09-02 11:04:31.512][35844][INFO] [CMD:1011]{"token":"s5v9d1e4ml53mksm16uog2iaei","acc":"MeX3Uq6I5zX7"}
[2021-09-02 11:04:36.125][35844][INFO] [CMD:1030]{"token":"s5v9d1e4ml53mksm16uog2iaei","acc":"MeX3Uq6I5zX7","gachaId":1}
[2021-09-02 11:08:47.163][35844][INFO] [CMD:101][ACC:MeX3Uq6I5zX7]
[2021-09-02 11:08:47.738][35844][INFO] [CMD:1025]{"token":"08r8i6qthnsql6j39fj72g8a9j","acc":"MeX3Uq6I5zX7"}
[2021-09-02 11:08:47.745][35844][INFO] [CMD:1028]{"token":"08r8i6qthnsql6j39fj72g8a9j","acc":"MeX3Uq6I5zX7"}
[2021-09-02 11:08:47.777][35844][INFO] [CMD:1021]{"token":"08r8i6qthnsql6j39fj72g8a9j","acc":"MeX3Uq6I5zX7"}
[2021-09-02 11:08:52.053][35844][INFO] [CMD:1001]{"token":"08r8i6qthnsql6j39fj72g8a9j","acc":"MeX3Uq6I5zX7"}
[2021-09-02 11:08:52.060][35844][INFO] [CMD:1023]{"token":"08r8i6qthnsql6j39fj72g8a9j","acc":"MeX3Uq6I5zX7"}
[2021-09-02 11:08:52.065][35844][INFO] [CMD:1011]{"token":"08r8i6qthnsql6j39fj72g8a9j","acc":"MeX3Uq6I5zX7"}
[2021-09-02 11:08:54.353][35844][INFO] [CMD:1011]{"token":"08r8i6qthnsql6j39fj72g8a9j","acc":"MeX3Uq6I5zX7"}
[2021-09-02 11:08:59.724][35844][INFO] [CMD:9000]{"token":"08r8i6qthnsql6j39fj72g8a9j","acc":"MeX3Uq6I5zX7","productId":"craftstory_1960","transactionId":"35d34dd1-92a1-4613-8a6f-bdb75321fcda"}
[2021-09-02 11:08:59.842][35844][INFO] [CMD:1011]{"token":"08r8i6qthnsql6j39fj72g8a9j","acc":"MeX3Uq6I5zX7"}
[2021-09-02 11:09:02.999][35844][INFO] [CMD:1030]{"token":"08r8i6qthnsql6j39fj72g8a9j","acc":"MeX3Uq6I5zX7","gachaId":1}
[2021-09-02 11:09:27.453][35844][INFO] [CMD:1030]{"token":"08r8i6qthnsql6j39fj72g8a9j","acc":"MeX3Uq6I5zX7","gachaId":1}
[2021-09-02 11:09:59.256][35844][INFO] [CMD:101][ACC:MeX3Uq6I5zX7]
[2021-09-02 11:09:59.410][35844][INFO] [CMD:1028]{"token":"3r0qbad9qc2tqumrimp0m69ta2","acc":"MeX3Uq6I5zX7"}
[2021-09-02 11:09:59.427][35844][INFO] [CMD:1021]{"token":"3r0qbad9qc2tqumrimp0m69ta2","acc":"MeX3Uq6I5zX7"}
[2021-09-02 11:09:59.427][35844][INFO] [CMD:1025]{"token":"3r0qbad9qc2tqumrimp0m69ta2","acc":"MeX3Uq6I5zX7"}
[2021-09-02 11:10:03.798][35844][INFO] [CMD:1011]{"token":"3r0qbad9qc2tqumrimp0m69ta2","acc":"MeX3Uq6I5zX7"}
[2021-09-02 11:10:03.833][35844][INFO] [CMD:1023]{"token":"3r0qbad9qc2tqumrimp0m69ta2","acc":"MeX3Uq6I5zX7"}
[2021-09-02 11:10:03.833][35844][INFO] [CMD:1001]{"token":"3r0qbad9qc2tqumrimp0m69ta2","acc":"MeX3Uq6I5zX7"}
[2021-09-02 11:10:06.804][35844][INFO] [CMD:1011]{"token":"3r0qbad9qc2tqumrimp0m69ta2","acc":"MeX3Uq6I5zX7"}
[2021-09-02 11:10:08.040][35844][INFO] [CMD:1030]{"token":"3r0qbad9qc2tqumrimp0m69ta2","acc":"MeX3Uq6I5zX7","gachaId":1}
[2021-09-02 11:10:34.408][35844][INFO] [CMD:1042]{"token":"3r0qbad9qc2tqumrimp0m69ta2","acc":"MeX3Uq6I5zX7","gachaId":1}
[2021-09-02 11:11:04.331][35844][INFO] [CMD:1042]{"token":"3r0qbad9qc2tqumrimp0m69ta2","acc":"MeX3Uq6I5zX7","gachaId":1}
[2021-09-02 11:12:42.121][35844][INFO] [CMD:1042]{"token":"3r0qbad9qc2tqumrimp0m69ta2","acc":"MeX3Uq6I5zX7","gachaId":1}
[2021-09-02 11:15:46.358][35844][INFO] [CMD:101][ACC:MeX3Uq6I5zX7]
[2021-09-02 11:15:46.572][35844][INFO] [CMD:1025]{"token":"ob810o4rdigbrgq36q5ecuf8a2","acc":"MeX3Uq6I5zX7"}
[2021-09-02 11:15:46.573][35844][INFO] [CMD:1028]{"token":"ob810o4rdigbrgq36q5ecuf8a2","acc":"MeX3Uq6I5zX7"}
[2021-09-02 11:15:46.590][35844][INFO] [CMD:1021]{"token":"ob810o4rdigbrgq36q5ecuf8a2","acc":"MeX3Uq6I5zX7"}
[2021-09-02 11:15:50.970][35844][INFO] [CMD:1001]{"token":"ob810o4rdigbrgq36q5ecuf8a2","acc":"MeX3Uq6I5zX7"}
[2021-09-02 11:15:50.981][35844][INFO] [CMD:1023]{"token":"ob810o4rdigbrgq36q5ecuf8a2","acc":"MeX3Uq6I5zX7"}
[2021-09-02 11:15:51.000][35844][INFO] [CMD:1011]{"token":"ob810o4rdigbrgq36q5ecuf8a2","acc":"MeX3Uq6I5zX7"}
[2021-09-02 11:15:54.156][35844][INFO] [CMD:1011]{"token":"ob810o4rdigbrgq36q5ecuf8a2","acc":"MeX3Uq6I5zX7"}
[2021-09-02 11:15:55.413][35844][INFO] [CMD:1030]{"token":"ob810o4rdigbrgq36q5ecuf8a2","acc":"MeX3Uq6I5zX7","gachaId":1}
[2021-09-02 11:16:23.049][35844][INFO] [CMD:101][ACC:MeX3Uq6I5zX7]
[2021-09-02 11:16:23.203][35844][INFO] [CMD:1028]{"token":"6iob18get0ui8qhb9hrvo1i13k","acc":"MeX3Uq6I5zX7"}
[2021-09-02 11:16:23.216][35844][INFO] [CMD:1021]{"token":"6iob18get0ui8qhb9hrvo1i13k","acc":"MeX3Uq6I5zX7"}
[2021-09-02 11:16:23.220][35844][INFO] [CMD:1025]{"token":"6iob18get0ui8qhb9hrvo1i13k","acc":"MeX3Uq6I5zX7"}
[2021-09-02 11:16:27.199][35844][INFO] [CMD:1001]{"token":"6iob18get0ui8qhb9hrvo1i13k","acc":"MeX3Uq6I5zX7"}
[2021-09-02 11:16:27.207][35844][INFO] [CMD:1011]{"token":"6iob18get0ui8qhb9hrvo1i13k","acc":"MeX3Uq6I5zX7"}
[2021-09-02 11:16:27.228][35844][INFO] [CMD:1023]{"token":"6iob18get0ui8qhb9hrvo1i13k","acc":"MeX3Uq6I5zX7"}
[2021-09-02 11:16:29.659][35844][INFO] [CMD:1011]{"token":"6iob18get0ui8qhb9hrvo1i13k","acc":"MeX3Uq6I5zX7"}
[2021-09-02 11:16:30.790][35844][INFO] [CMD:1030]{"token":"6iob18get0ui8qhb9hrvo1i13k","acc":"MeX3Uq6I5zX7","gachaId":1}
[2021-09-02 11:16:49.436][35844][INFO] [CMD:1042]{"token":"6iob18get0ui8qhb9hrvo1i13k","acc":"MeX3Uq6I5zX7","gachaId":1}
[2021-09-02 11:17:20.591][35844][INFO] [CMD:101][ACC:MeX3Uq6I5zX7]
[2021-09-02 11:17:21.032][35844][INFO] [CMD:1025]{"token":"p2dlgrpti5apqfors55d6d7llp","acc":"MeX3Uq6I5zX7"}
[2021-09-02 11:17:21.047][35844][INFO] [CMD:1028]{"token":"p2dlgrpti5apqfors55d6d7llp","acc":"MeX3Uq6I5zX7"}
[2021-09-02 11:17:21.077][35844][INFO] [CMD:1021]{"token":"p2dlgrpti5apqfors55d6d7llp","acc":"MeX3Uq6I5zX7"}
[2021-09-02 11:17:24.993][35844][INFO] [CMD:1023]{"token":"p2dlgrpti5apqfors55d6d7llp","acc":"MeX3Uq6I5zX7"}
[2021-09-02 11:17:25.006][35844][INFO] [CMD:1011]{"token":"p2dlgrpti5apqfors55d6d7llp","acc":"MeX3Uq6I5zX7"}
[2021-09-02 11:17:25.023][35844][INFO] [CMD:1001]{"token":"p2dlgrpti5apqfors55d6d7llp","acc":"MeX3Uq6I5zX7"}
[2021-09-02 11:17:27.566][35844][INFO] [CMD:1011]{"token":"p2dlgrpti5apqfors55d6d7llp","acc":"MeX3Uq6I5zX7"}
[2021-09-02 11:17:28.679][35844][INFO] [CMD:1030]{"token":"p2dlgrpti5apqfors55d6d7llp","acc":"MeX3Uq6I5zX7","gachaId":1}
[2021-09-02 11:17:53.409][35844][INFO] [CMD:1030]{"token":"p2dlgrpti5apqfors55d6d7llp","acc":"MeX3Uq6I5zX7","gachaId":1}
[2021-09-02 11:28:34.317][35844][INFO] [CMD:101][ACC:MeX3Uq6I5zX7]
[2021-09-02 11:28:34.520][35844][INFO] [CMD:1025]{"token":"67ugd07gvcnj48uf4fivm917hj","acc":"MeX3Uq6I5zX7"}
[2021-09-02 11:28:34.524][35844][INFO] [CMD:1021]{"token":"67ugd07gvcnj48uf4fivm917hj","acc":"MeX3Uq6I5zX7"}
[2021-09-02 11:28:34.537][35844][INFO] [CMD:1028]{"token":"67ugd07gvcnj48uf4fivm917hj","acc":"MeX3Uq6I5zX7"}
[2021-09-02 11:28:38.518][35844][INFO] [CMD:1023]{"token":"67ugd07gvcnj48uf4fivm917hj","acc":"MeX3Uq6I5zX7"}
[2021-09-02 11:28:38.518][35844][INFO] [CMD:1001]{"token":"67ugd07gvcnj48uf4fivm917hj","acc":"MeX3Uq6I5zX7"}
[2021-09-02 11:28:38.536][35844][INFO] [CMD:1011]{"token":"67ugd07gvcnj48uf4fivm917hj","acc":"MeX3Uq6I5zX7"}
[2021-09-02 11:28:40.526][35844][INFO] [CMD:1024]{"token":"67ugd07gvcnj48uf4fivm917hj","acc":"MeX3Uq6I5zX7","guid":1}
[2021-09-02 11:28:44.281][35844][INFO] [CMD:1023]{"token":"67ugd07gvcnj48uf4fivm917hj","acc":"MeX3Uq6I5zX7"}
[2021-09-02 11:29:29.420][35844][INFO] [CMD:1002]{"token":"67ugd07gvcnj48uf4fivm917hj","acc":"MeX3Uq6I5zX7","guid":216,"count":1}
[2021-09-02 11:29:30.005][35844][INFO] [CMD:1002]{"token":"67ugd07gvcnj48uf4fivm917hj","acc":"MeX3Uq6I5zX7","guid":216,"count":1}
[2021-09-02 11:29:44.918][35844][INFO] [CMD:1002]{"token":"67ugd07gvcnj48uf4fivm917hj","acc":"MeX3Uq6I5zX7","guid":216,"count":1}
[2021-09-02 11:29:45.980][35844][INFO] [CMD:1002]{"token":"67ugd07gvcnj48uf4fivm917hj","acc":"MeX3Uq6I5zX7","guid":216,"count":1}
[2021-09-02 11:29:47.629][35844][INFO] [CMD:1002]{"token":"67ugd07gvcnj48uf4fivm917hj","acc":"MeX3Uq6I5zX7","guid":216,"count":1}
[2021-09-02 11:29:49.260][35844][INFO] [CMD:1002]{"token":"67ugd07gvcnj48uf4fivm917hj","acc":"MeX3Uq6I5zX7","guid":216,"count":1}
[2021-09-02 11:29:55.629][35844][INFO] [CMD:1002]{"token":"67ugd07gvcnj48uf4fivm917hj","acc":"MeX3Uq6I5zX7","guid":216,"count":1}
[2021-09-02 11:29:56.124][35844][INFO] [CMD:1002]{"token":"67ugd07gvcnj48uf4fivm917hj","acc":"MeX3Uq6I5zX7","guid":216,"count":1}
[2021-09-02 11:29:56.628][35844][INFO] [CMD:1002]{"token":"67ugd07gvcnj48uf4fivm917hj","acc":"MeX3Uq6I5zX7","guid":216,"count":1}
[2021-09-02 11:30:05.208][35844][INFO] [CMD:1002]{"token":"67ugd07gvcnj48uf4fivm917hj","acc":"MeX3Uq6I5zX7","guid":216,"count":1}
[2021-09-02 11:30:12.348][35844][INFO] [CMD:1002]{"token":"67ugd07gvcnj48uf4fivm917hj","acc":"MeX3Uq6I5zX7","guid":213,"count":1}
[2021-09-02 11:30:13.244][35844][INFO] [CMD:1002]{"token":"67ugd07gvcnj48uf4fivm917hj","acc":"MeX3Uq6I5zX7","guid":213,"count":1}
[2021-09-02 11:30:13.719][35844][INFO] [CMD:1002]{"token":"67ugd07gvcnj48uf4fivm917hj","acc":"MeX3Uq6I5zX7","guid":213,"count":1}
[2021-09-02 11:30:14.481][35844][INFO] [CMD:1002]{"token":"67ugd07gvcnj48uf4fivm917hj","acc":"MeX3Uq6I5zX7","guid":213,"count":1}
[2021-09-02 11:31:00.839][35844][INFO] [CMD:1011]{"token":"67ugd07gvcnj48uf4fivm917hj","acc":"MeX3Uq6I5zX7"}
[2021-09-02 11:31:03.889][35844][INFO] [CMD:1030]{"token":"67ugd07gvcnj48uf4fivm917hj","acc":"MeX3Uq6I5zX7","gachaId":1}
[2021-09-02 13:01:13.701][35844][INFO] [CMD:101][ACC:MeX3Uq6I5zX7]
[2021-09-02 13:01:13.968][35844][INFO] [CMD:1025]{"token":"nqoplgb6ja7tbgmukje3u2s0vv","acc":"MeX3Uq6I5zX7"}
[2021-09-02 13:01:14.022][35844][INFO] [CMD:1021]{"token":"nqoplgb6ja7tbgmukje3u2s0vv","acc":"MeX3Uq6I5zX7"}
[2021-09-02 13:01:14.022][35844][INFO] [CMD:1028]{"token":"nqoplgb6ja7tbgmukje3u2s0vv","acc":"MeX3Uq6I5zX7"}
[2021-09-02 13:01:17.993][35844][INFO] [CMD:1023]{"token":"nqoplgb6ja7tbgmukje3u2s0vv","acc":"MeX3Uq6I5zX7"}
[2021-09-02 13:01:18.008][35844][INFO] [CMD:1001]{"token":"nqoplgb6ja7tbgmukje3u2s0vv","acc":"MeX3Uq6I5zX7"}
[2021-09-02 13:01:18.018][35844][INFO] [CMD:1011]{"token":"nqoplgb6ja7tbgmukje3u2s0vv","acc":"MeX3Uq6I5zX7"}
[2021-09-02 13:01:23.472][35844][INFO] [CMD:1011]{"token":"nqoplgb6ja7tbgmukje3u2s0vv","acc":"MeX3Uq6I5zX7"}
[2021-09-02 13:01:26.653][35844][INFO] [CMD:1011]{"token":"nqoplgb6ja7tbgmukje3u2s0vv","acc":"MeX3Uq6I5zX7"}
[2021-09-02 13:03:08.296][35844][INFO] [CMD:1011]{"token":"nqoplgb6ja7tbgmukje3u2s0vv","acc":"MeX3Uq6I5zX7"}
[2021-09-02 13:03:31.864][35844][INFO] [CMD:1030]{"token":"nqoplgb6ja7tbgmukje3u2s0vv","acc":"MeX3Uq6I5zX7","gachaId":1}
[2021-09-02 13:03:51.004][35844][INFO] [CMD:1042]{"token":"nqoplgb6ja7tbgmukje3u2s0vv","acc":"MeX3Uq6I5zX7","gachaId":1}
[2021-09-02 13:04:07.952][35844][INFO] [CMD:1001]{"token":"nqoplgb6ja7tbgmukje3u2s0vv","acc":"MeX3Uq6I5zX7"}
[2021-09-02 13:04:07.965][35844][INFO] [CMD:1011]{"token":"nqoplgb6ja7tbgmukje3u2s0vv","acc":"MeX3Uq6I5zX7"}
[2021-09-02 13:25:12.502][35844][INFO] [CMD:1011]{"token":"nqoplgb6ja7tbgmukje3u2s0vv","acc":"MeX3Uq6I5zX7"}
[2021-09-02 13:25:13.887][35844][INFO] [CMD:1030]{"token":"nqoplgb6ja7tbgmukje3u2s0vv","acc":"MeX3Uq6I5zX7","gachaId":1}
[2021-09-02 13:27:51.247][35844][INFO] [CMD:101][ACC:MeX3Uq6I5zX7]
[2021-09-02 13:27:51.384][35844][INFO] [CMD:1025]{"token":"blvfnqdt7elgqfjat45p58bi3u","acc":"MeX3Uq6I5zX7"}
[2021-09-02 13:27:51.416][35844][INFO] [CMD:1028]{"token":"blvfnqdt7elgqfjat45p58bi3u","acc":"MeX3Uq6I5zX7"}
[2021-09-02 13:27:51.423][35844][INFO] [CMD:1021]{"token":"blvfnqdt7elgqfjat45p58bi3u","acc":"MeX3Uq6I5zX7"}
[2021-09-02 13:27:55.859][35844][INFO] [CMD:1001]{"token":"blvfnqdt7elgqfjat45p58bi3u","acc":"MeX3Uq6I5zX7"}
[2021-09-02 13:27:55.866][35844][INFO] [CMD:1023]{"token":"blvfnqdt7elgqfjat45p58bi3u","acc":"MeX3Uq6I5zX7"}
[2021-09-02 13:27:55.883][35844][INFO] [CMD:1011]{"token":"blvfnqdt7elgqfjat45p58bi3u","acc":"MeX3Uq6I5zX7"}
[2021-09-02 14:13:34.517][35844][INFO] [CMD:101][ACC:MeX3Uq6I5zX7]
[2021-09-02 14:13:34.855][35844][INFO] [CMD:1025]{"token":"k7pqj4o6uhsi4794mge5qj7hdg","acc":"MeX3Uq6I5zX7"}
[2021-09-02 14:13:34.859][35844][INFO] [CMD:1021]{"token":"k7pqj4o6uhsi4794mge5qj7hdg","acc":"MeX3Uq6I5zX7"}
[2021-09-02 14:13:34.871][35844][INFO] [CMD:1028]{"token":"k7pqj4o6uhsi4794mge5qj7hdg","acc":"MeX3Uq6I5zX7"}
[2021-09-02 14:13:38.977][35844][INFO] [CMD:1001]{"token":"k7pqj4o6uhsi4794mge5qj7hdg","acc":"MeX3Uq6I5zX7"}
[2021-09-02 14:13:38.977][35844][INFO] [CMD:1023]{"token":"k7pqj4o6uhsi4794mge5qj7hdg","acc":"MeX3Uq6I5zX7"}
[2021-09-02 14:13:38.986][35844][INFO] [CMD:1011]{"token":"k7pqj4o6uhsi4794mge5qj7hdg","acc":"MeX3Uq6I5zX7"}
[2021-09-02 14:15:19.035][35844][INFO] [CMD:101][ACC:MeX3Uq6I5zX7]
[2021-09-02 14:15:19.872][35844][INFO] [CMD:1021]{"token":"d0rle438shcusk4fbsqtojo927","acc":"MeX3Uq6I5zX7"}
[2021-09-02 14:15:19.893][35844][INFO] [CMD:1025]{"token":"d0rle438shcusk4fbsqtojo927","acc":"MeX3Uq6I5zX7"}
[2021-09-02 14:15:19.902][35844][INFO] [CMD:1028]{"token":"d0rle438shcusk4fbsqtojo927","acc":"MeX3Uq6I5zX7"}
[2021-09-02 14:15:24.072][35844][INFO] [CMD:1011]{"token":"d0rle438shcusk4fbsqtojo927","acc":"MeX3Uq6I5zX7"}
[2021-09-02 14:15:24.078][35844][INFO] [CMD:1023]{"token":"d0rle438shcusk4fbsqtojo927","acc":"MeX3Uq6I5zX7"}
[2021-09-02 14:15:24.089][35844][INFO] [CMD:1001]{"token":"d0rle438shcusk4fbsqtojo927","acc":"MeX3Uq6I5zX7"}
[2021-09-02 14:17:10.859][35844][INFO] [CMD:101][ACC:MeX3Uq6I5zX7]
[2021-09-02 14:17:10.999][35844][INFO] [CMD:1025]{"token":"0d90recqfnlb9lbop3bdebt9kh","acc":"MeX3Uq6I5zX7"}
[2021-09-02 14:17:11.013][35844][INFO] [CMD:1028]{"token":"0d90recqfnlb9lbop3bdebt9kh","acc":"MeX3Uq6I5zX7"}
[2021-09-02 14:17:11.024][35844][INFO] [CMD:1021]{"token":"0d90recqfnlb9lbop3bdebt9kh","acc":"MeX3Uq6I5zX7"}
[2021-09-02 14:18:42.431][35844][INFO] [CMD:1011]{"token":"0d90recqfnlb9lbop3bdebt9kh","acc":"MeX3Uq6I5zX7"}
[2021-09-02 14:18:42.435][35844][INFO] [CMD:1023]{"token":"0d90recqfnlb9lbop3bdebt9kh","acc":"MeX3Uq6I5zX7"}
[2021-09-02 14:18:42.448][35844][INFO] [CMD:1001]{"token":"0d90recqfnlb9lbop3bdebt9kh","acc":"MeX3Uq6I5zX7"}
[2021-09-02 14:18:56.190][35844][INFO] [CMD:101][ACC:MeX3Uq6I5zX7]
[2021-09-02 14:18:56.585][35844][INFO] [CMD:1021]{"token":"24jdcnhn0598ui951n84nf89if","acc":"MeX3Uq6I5zX7"}
[2021-09-02 14:18:56.586][35844][INFO] [CMD:1028]{"token":"24jdcnhn0598ui951n84nf89if","acc":"MeX3Uq6I5zX7"}
[2021-09-02 14:18:56.611][35844][INFO] [CMD:1025]{"token":"24jdcnhn0598ui951n84nf89if","acc":"MeX3Uq6I5zX7"}
[2021-09-02 14:19:00.970][35844][INFO] [CMD:]
[2021-09-02 14:19:09.999][35844][INFO] [CMD:1023]{"token":"24jdcnhn0598ui951n84nf89if","acc":"MeX3Uq6I5zX7"}
[2021-09-02 14:19:10.000][35844][INFO] [CMD:1011]{"token":"24jdcnhn0598ui951n84nf89if","acc":"MeX3Uq6I5zX7"}
[2021-09-02 14:19:10.000][35844][INFO] [CMD:1001]{"token":"24jdcnhn0598ui951n84nf89if","acc":"MeX3Uq6I5zX7"}
[2021-09-02 14:37:43.450][35844][INFO] [CMD:101][ACC:MeX3Uq6I5zX7]
[2021-09-02 14:37:43.575][35844][INFO] [CMD:1025]{"token":"ihcpsddi73a3752qbq6cid3pvf","acc":"MeX3Uq6I5zX7"}
[2021-09-02 14:37:43.603][35844][INFO] [CMD:1028]{"token":"ihcpsddi73a3752qbq6cid3pvf","acc":"MeX3Uq6I5zX7"}
[2021-09-02 14:37:43.635][35844][INFO] [CMD:1021]{"token":"ihcpsddi73a3752qbq6cid3pvf","acc":"MeX3Uq6I5zX7"}
[2021-09-02 14:37:48.085][35844][INFO] [CMD:]
[2021-09-02 14:43:28.457][35844][INFO] [CMD:1023]{"token":"ihcpsddi73a3752qbq6cid3pvf","acc":"MeX3Uq6I5zX7"}
[2021-09-02 14:43:28.464][35844][INFO] [CMD:1011]{"token":"ihcpsddi73a3752qbq6cid3pvf","acc":"MeX3Uq6I5zX7"}
[2021-09-02 14:43:28.477][35844][INFO] [CMD:1001]{"token":"ihcpsddi73a3752qbq6cid3pvf","acc":"MeX3Uq6I5zX7"}
[2021-09-02 14:43:41.730][35844][INFO] [CMD:101][ACC:MeX3Uq6I5zX7]
[2021-09-02 14:43:41.884][35844][INFO] [CMD:1025]{"token":"nrvj10ppo9u7i42i5h4vlet8u6","acc":"MeX3Uq6I5zX7"}
[2021-09-02 14:43:41.931][35844][INFO] [CMD:1028]{"token":"nrvj10ppo9u7i42i5h4vlet8u6","acc":"MeX3Uq6I5zX7"}
[2021-09-02 14:43:41.931][35844][INFO] [CMD:1021]{"token":"nrvj10ppo9u7i42i5h4vlet8u6","acc":"MeX3Uq6I5zX7"}
[2021-09-02 14:43:49.134][35844][INFO] [CMD:1001]{"token":"nrvj10ppo9u7i42i5h4vlet8u6","acc":"MeX3Uq6I5zX7"}
[2021-09-02 14:43:49.137][35844][INFO] [CMD:1011]{"token":"nrvj10ppo9u7i42i5h4vlet8u6","acc":"MeX3Uq6I5zX7"}
[2021-09-02 14:43:49.156][35844][INFO] [CMD:1023]{"token":"nrvj10ppo9u7i42i5h4vlet8u6","acc":"MeX3Uq6I5zX7"}
[2021-09-02 16:39:09.247][35844][INFO] [CMD:101][ACC:MeX3Uq6I5zX7]
[2021-09-02 16:39:09.604][35844][INFO] [CMD:1025]{"token":"jmsrdum97ia297f39lh7ua4pab","acc":"MeX3Uq6I5zX7"}
[2021-09-02 16:39:09.624][35844][INFO] [CMD:1028]{"token":"jmsrdum97ia297f39lh7ua4pab","acc":"MeX3Uq6I5zX7"}
[2021-09-02 16:39:09.690][35844][INFO] [CMD:1021]{"token":"jmsrdum97ia297f39lh7ua4pab","acc":"MeX3Uq6I5zX7"}
[2021-09-02 16:39:13.998][35844][INFO] [CMD:1001]{"token":"jmsrdum97ia297f39lh7ua4pab","acc":"MeX3Uq6I5zX7"}
[2021-09-02 16:39:13.999][35844][INFO] [CMD:1023]{"token":"jmsrdum97ia297f39lh7ua4pab","acc":"MeX3Uq6I5zX7"}
[2021-09-02 16:39:14.022][35844][INFO] [CMD:1011]{"token":"jmsrdum97ia297f39lh7ua4pab","acc":"MeX3Uq6I5zX7"}
[2021-09-02 16:39:17.499][35844][INFO] [CMD:1011]{"token":"jmsrdum97ia297f39lh7ua4pab","acc":"MeX3Uq6I5zX7"}
[2021-09-02 16:39:18.897][35844][INFO] [CMD:1030]{"token":"jmsrdum97ia297f39lh7ua4pab","acc":"MeX3Uq6I5zX7","gachaId":1}
[2021-09-02 16:41:16.748][35844][INFO] [CMD:101][ACC:MeX3Uq6I5zX7]
[2021-09-02 16:41:16.931][35844][INFO] [CMD:1028]{"token":"392vj7it806ho57111r88elmfl","acc":"MeX3Uq6I5zX7"}
[2021-09-02 16:41:16.934][35844][INFO] [CMD:1025]{"token":"392vj7it806ho57111r88elmfl","acc":"MeX3Uq6I5zX7"}
[2021-09-02 16:41:16.950][35844][INFO] [CMD:1021]{"token":"392vj7it806ho57111r88elmfl","acc":"MeX3Uq6I5zX7"}
[2021-09-02 16:41:21.002][35844][INFO] [CMD:1023]{"token":"392vj7it806ho57111r88elmfl","acc":"MeX3Uq6I5zX7"}
[2021-09-02 16:41:21.017][35844][INFO] [CMD:1011]{"token":"392vj7it806ho57111r88elmfl","acc":"MeX3Uq6I5zX7"}
[2021-09-02 16:41:21.222][35844][INFO] [CMD:1001]{"token":"392vj7it806ho57111r88elmfl","acc":"MeX3Uq6I5zX7"}
[2021-09-02 16:41:24.148][35844][INFO] [CMD:1011]{"token":"392vj7it806ho57111r88elmfl","acc":"MeX3Uq6I5zX7"}
[2021-09-02 16:41:26.073][35844][INFO] [CMD:1030]{"token":"392vj7it806ho57111r88elmfl","acc":"MeX3Uq6I5zX7","gachaId":1}
[2021-09-02 16:42:27.711][35844][INFO] [CMD:101][ACC:MeX3Uq6I5zX7]
[2021-09-02 16:42:27.958][35844][INFO] [CMD:1025]{"token":"6g4tn091be06clruagrsmelod1","acc":"MeX3Uq6I5zX7"}
[2021-09-02 16:42:27.961][35844][INFO] [CMD:1021]{"token":"6g4tn091be06clruagrsmelod1","acc":"MeX3Uq6I5zX7"}
[2021-09-02 16:42:27.972][35844][INFO] [CMD:1028]{"token":"6g4tn091be06clruagrsmelod1","acc":"MeX3Uq6I5zX7"}
[2021-09-02 16:44:22.070][35844][INFO] [CMD:101][ACC:MeX3Uq6I5zX7]
[2021-09-02 16:44:22.209][35844][INFO] [CMD:1028]{"token":"7u9r4mvvcgbqhnafkdtt6cmqmu","acc":"MeX3Uq6I5zX7"}
[2021-09-02 16:44:22.214][35844][INFO] [CMD:1025]{"token":"7u9r4mvvcgbqhnafkdtt6cmqmu","acc":"MeX3Uq6I5zX7"}
[2021-09-02 16:44:22.245][35844][INFO] [CMD:1021]{"token":"7u9r4mvvcgbqhnafkdtt6cmqmu","acc":"MeX3Uq6I5zX7"}
[2021-09-02 16:44:26.262][35844][INFO] [CMD:1001]{"token":"7u9r4mvvcgbqhnafkdtt6cmqmu","acc":"MeX3Uq6I5zX7"}
[2021-09-02 16:44:26.262][35844][INFO] [CMD:1011]{"token":"7u9r4mvvcgbqhnafkdtt6cmqmu","acc":"MeX3Uq6I5zX7"}
[2021-09-02 16:44:26.264][35844][INFO] [CMD:1023]{"token":"7u9r4mvvcgbqhnafkdtt6cmqmu","acc":"MeX3Uq6I5zX7"}
[2021-09-02 16:44:28.347][35844][INFO] [CMD:1011]{"token":"7u9r4mvvcgbqhnafkdtt6cmqmu","acc":"MeX3Uq6I5zX7"}
[2021-09-02 16:44:29.803][35844][INFO] [CMD:1030]{"token":"7u9r4mvvcgbqhnafkdtt6cmqmu","acc":"MeX3Uq6I5zX7","gachaId":1}
[2021-09-02 16:47:30.074][35844][INFO] [CMD:101][ACC:MeX3Uq6I5zX7]
[2021-09-02 16:47:30.211][35844][INFO] [CMD:1025]{"token":"j774vqd3qndir1iq3e76go5v07","acc":"MeX3Uq6I5zX7"}
[2021-09-02 16:47:30.260][35844][INFO] [CMD:1028]{"token":"j774vqd3qndir1iq3e76go5v07","acc":"MeX3Uq6I5zX7"}
[2021-09-02 16:47:30.260][35844][INFO] [CMD:1021]{"token":"j774vqd3qndir1iq3e76go5v07","acc":"MeX3Uq6I5zX7"}
[2021-09-02 16:47:34.196][35844][INFO] [CMD:1023]{"token":"j774vqd3qndir1iq3e76go5v07","acc":"MeX3Uq6I5zX7"}
[2021-09-02 16:47:34.200][35844][INFO] [CMD:1001]{"token":"j774vqd3qndir1iq3e76go5v07","acc":"MeX3Uq6I5zX7"}
[2021-09-02 16:47:34.205][35844][INFO] [CMD:1011]{"token":"j774vqd3qndir1iq3e76go5v07","acc":"MeX3Uq6I5zX7"}
[2021-09-02 16:47:36.611][35844][INFO] [CMD:1011]{"token":"j774vqd3qndir1iq3e76go5v07","acc":"MeX3Uq6I5zX7"}
[2021-09-02 16:47:37.988][35844][INFO] [CMD:1030]{"token":"j774vqd3qndir1iq3e76go5v07","acc":"MeX3Uq6I5zX7","gachaId":1}
[2021-09-02 16:48:12.936][35844][INFO] [CMD:101][ACC:MeX3Uq6I5zX7]
[2021-09-02 16:48:13.086][35844][INFO] [CMD:1021]{"token":"n8ccoav43grtkj9hkof2rlt7i5","acc":"MeX3Uq6I5zX7"}
[2021-09-02 16:48:13.104][35844][INFO] [CMD:1028]{"token":"n8ccoav43grtkj9hkof2rlt7i5","acc":"MeX3Uq6I5zX7"}
[2021-09-02 16:48:13.104][35844][INFO] [CMD:1025]{"token":"n8ccoav43grtkj9hkof2rlt7i5","acc":"MeX3Uq6I5zX7"}
[2021-09-02 16:48:17.001][35844][INFO] [CMD:1023]{"token":"n8ccoav43grtkj9hkof2rlt7i5","acc":"MeX3Uq6I5zX7"}
[2021-09-02 16:48:17.020][35844][INFO] [CMD:1011]{"token":"n8ccoav43grtkj9hkof2rlt7i5","acc":"MeX3Uq6I5zX7"}
[2021-09-02 16:48:17.020][35844][INFO] [CMD:1001]{"token":"n8ccoav43grtkj9hkof2rlt7i5","acc":"MeX3Uq6I5zX7"}
[2021-09-02 16:48:19.143][35844][INFO] [CMD:1011]{"token":"n8ccoav43grtkj9hkof2rlt7i5","acc":"MeX3Uq6I5zX7"}
[2021-09-02 16:48:20.535][35844][INFO] [CMD:1030]{"token":"n8ccoav43grtkj9hkof2rlt7i5","acc":"MeX3Uq6I5zX7","gachaId":1}
[2021-09-02 16:50:37.141][35844][INFO] [CMD:101][ACC:MeX3Uq6I5zX7]
[2021-09-02 16:50:37.290][35844][INFO] [CMD:1025]{"token":"u71ra39mkj4erclusu3hqup502","acc":"MeX3Uq6I5zX7"}
[2021-09-02 16:50:37.308][35844][INFO] [CMD:1021]{"token":"u71ra39mkj4erclusu3hqup502","acc":"MeX3Uq6I5zX7"}
[2021-09-02 16:50:37.308][35844][INFO] [CMD:1028]{"token":"u71ra39mkj4erclusu3hqup502","acc":"MeX3Uq6I5zX7"}
[2021-09-02 16:50:41.392][35844][INFO] [CMD:1023]{"token":"u71ra39mkj4erclusu3hqup502","acc":"MeX3Uq6I5zX7"}
[2021-09-02 16:50:41.394][35844][INFO] [CMD:1001]{"token":"u71ra39mkj4erclusu3hqup502","acc":"MeX3Uq6I5zX7"}
[2021-09-02 16:50:41.395][35844][INFO] [CMD:1011]{"token":"u71ra39mkj4erclusu3hqup502","acc":"MeX3Uq6I5zX7"}
[2021-09-02 16:50:43.355][35844][INFO] [CMD:1011]{"token":"u71ra39mkj4erclusu3hqup502","acc":"MeX3Uq6I5zX7"}
[2021-09-02 16:50:44.541][35844][INFO] [CMD:1030]{"token":"u71ra39mkj4erclusu3hqup502","acc":"MeX3Uq6I5zX7","gachaId":1}
[2021-09-02 17:10:54.632][35844][INFO] [CMD:101][ACC:MeX3Uq6I5zX7]
[2021-09-02 17:10:54.831][35844][INFO] [CMD:1025]{"token":"cnp8s462d2g1rb2qgu5541q3pq","acc":"MeX3Uq6I5zX7"}
[2021-09-02 17:10:54.846][35844][INFO] [CMD:1021]{"token":"cnp8s462d2g1rb2qgu5541q3pq","acc":"MeX3Uq6I5zX7"}
[2021-09-02 17:10:54.848][35844][INFO] [CMD:1028]{"token":"cnp8s462d2g1rb2qgu5541q3pq","acc":"MeX3Uq6I5zX7"}
[2021-09-02 17:10:59.467][35844][INFO] [CMD:1001]{"token":"cnp8s462d2g1rb2qgu5541q3pq","acc":"MeX3Uq6I5zX7"}
[2021-09-02 17:10:59.479][35844][INFO] [CMD:1023]{"token":"cnp8s462d2g1rb2qgu5541q3pq","acc":"MeX3Uq6I5zX7"}
[2021-09-02 17:10:59.480][35844][INFO] [CMD:1011]{"token":"cnp8s462d2g1rb2qgu5541q3pq","acc":"MeX3Uq6I5zX7"}
[2021-09-02 17:11:01.808][35844][INFO] [CMD:1011]{"token":"cnp8s462d2g1rb2qgu5541q3pq","acc":"MeX3Uq6I5zX7"}
[2021-09-02 17:11:03.208][35844][INFO] [CMD:1030]{"token":"cnp8s462d2g1rb2qgu5541q3pq","acc":"MeX3Uq6I5zX7","gachaId":1}
[2021-09-02 17:12:40.716][35844][INFO] [CMD:101][ACC:MeX3Uq6I5zX7]
[2021-09-02 17:12:40.884][35844][INFO] [CMD:1025]{"token":"hmsk3hg8u41hl0q1nqipji2qhi","acc":"MeX3Uq6I5zX7"}
[2021-09-02 17:12:40.885][35844][INFO] [CMD:1028]{"token":"hmsk3hg8u41hl0q1nqipji2qhi","acc":"MeX3Uq6I5zX7"}
[2021-09-02 17:12:40.886][35844][INFO] [CMD:1021]{"token":"hmsk3hg8u41hl0q1nqipji2qhi","acc":"MeX3Uq6I5zX7"}
[2021-09-02 17:12:45.037][35844][INFO] [CMD:1023]{"token":"hmsk3hg8u41hl0q1nqipji2qhi","acc":"MeX3Uq6I5zX7"}
[2021-09-02 17:12:45.037][35844][INFO] [CMD:1011]{"token":"hmsk3hg8u41hl0q1nqipji2qhi","acc":"MeX3Uq6I5zX7"}
[2021-09-02 17:12:45.056][35844][INFO] [CMD:1001]{"token":"hmsk3hg8u41hl0q1nqipji2qhi","acc":"MeX3Uq6I5zX7"}
[2021-09-02 17:12:47.489][35844][INFO] [CMD:1011]{"token":"hmsk3hg8u41hl0q1nqipji2qhi","acc":"MeX3Uq6I5zX7"}
[2021-09-02 17:12:49.116][35844][INFO] [CMD:1030]{"token":"hmsk3hg8u41hl0q1nqipji2qhi","acc":"MeX3Uq6I5zX7","gachaId":1}
[2021-09-02 17:14:31.169][35844][INFO] [CMD:101][ACC:MeX3Uq6I5zX7]
[2021-09-02 17:14:31.398][35844][INFO] [CMD:1025]{"token":"fdfuei4mp4l5u43ug4ttub15jp","acc":"MeX3Uq6I5zX7"}
[2021-09-02 17:14:31.414][35844][INFO] [CMD:1021]{"token":"fdfuei4mp4l5u43ug4ttub15jp","acc":"MeX3Uq6I5zX7"}
[2021-09-02 17:14:31.415][35844][INFO] [CMD:1028]{"token":"fdfuei4mp4l5u43ug4ttub15jp","acc":"MeX3Uq6I5zX7"}
[2021-09-02 17:14:35.019][35844][INFO] [CMD:1023]{"token":"fdfuei4mp4l5u43ug4ttub15jp","acc":"MeX3Uq6I5zX7"}
[2021-09-02 17:14:35.035][35844][INFO] [CMD:1001]{"token":"fdfuei4mp4l5u43ug4ttub15jp","acc":"MeX3Uq6I5zX7"}
[2021-09-02 17:14:35.041][35844][INFO] [CMD:1011]{"token":"fdfuei4mp4l5u43ug4ttub15jp","acc":"MeX3Uq6I5zX7"}
[2021-09-02 17:14:37.316][35844][INFO] [CMD:1011]{"token":"fdfuei4mp4l5u43ug4ttub15jp","acc":"MeX3Uq6I5zX7"}
[2021-09-02 17:14:38.502][35844][INFO] [CMD:1030]{"token":"fdfuei4mp4l5u43ug4ttub15jp","acc":"MeX3Uq6I5zX7","gachaId":1}
[2021-09-02 17:15:02.389][35844][INFO] [CMD:1030]{"token":"fdfuei4mp4l5u43ug4ttub15jp","acc":"MeX3Uq6I5zX7","gachaId":1}
[2021-09-02 17:17:02.789][35844][INFO] [CMD:1011]{"token":"fdfuei4mp4l5u43ug4ttub15jp","acc":"MeX3Uq6I5zX7"}
[2021-09-02 17:17:05.129][35844][INFO] [CMD:9000]{"token":"fdfuei4mp4l5u43ug4ttub15jp","acc":"MeX3Uq6I5zX7","productId":"craftstory_980","transactionId":"aa1ae9d9-e4fb-4745-a282-e8036efe0ad4"}
[2021-09-02 17:17:05.549][35844][INFO] [CMD:1011]{"token":"fdfuei4mp4l5u43ug4ttub15jp","acc":"MeX3Uq6I5zX7"}
[2021-09-02 17:17:10.056][35844][INFO] [CMD:1030]{"token":"fdfuei4mp4l5u43ug4ttub15jp","acc":"MeX3Uq6I5zX7","gachaId":1}
[2021-09-02 17:33:12.749][35844][INFO] [CMD:101][ACC:MeX3Uq6I5zX7]
[2021-09-02 17:33:12.890][35844][INFO] [CMD:1025]{"token":"4559o2vhv6rsk1qn203mpql587","acc":"MeX3Uq6I5zX7"}
[2021-09-02 17:33:12.906][35844][INFO] [CMD:1028]{"token":"4559o2vhv6rsk1qn203mpql587","acc":"MeX3Uq6I5zX7"}
[2021-09-02 17:33:12.918][35844][INFO] [CMD:1021]{"token":"4559o2vhv6rsk1qn203mpql587","acc":"MeX3Uq6I5zX7"}
[2021-09-02 17:33:16.906][35844][INFO] [CMD:1001]{"token":"4559o2vhv6rsk1qn203mpql587","acc":"MeX3Uq6I5zX7"}
[2021-09-02 17:33:16.907][35844][INFO] [CMD:1011]{"token":"4559o2vhv6rsk1qn203mpql587","acc":"MeX3Uq6I5zX7"}
[2021-09-02 17:33:16.908][35844][INFO] [CMD:1023]{"token":"4559o2vhv6rsk1qn203mpql587","acc":"MeX3Uq6I5zX7"}
[2021-09-02 17:40:01.741][35844][INFO] [CMD:101][ACC:MeX3Uq6I5zX7]
[2021-09-02 17:40:01.952][35844][INFO] [CMD:1025]{"token":"0m8glasivf36ck5spedll63hoc","acc":"MeX3Uq6I5zX7"}
[2021-09-02 17:40:01.955][35844][INFO] [CMD:1028]{"token":"0m8glasivf36ck5spedll63hoc","acc":"MeX3Uq6I5zX7"}
[2021-09-02 17:40:01.959][35844][INFO] [CMD:1021]{"token":"0m8glasivf36ck5spedll63hoc","acc":"MeX3Uq6I5zX7"}
[2021-09-02 17:40:06.052][35844][INFO] [CMD:1023]{"token":"0m8glasivf36ck5spedll63hoc","acc":"MeX3Uq6I5zX7"}
[2021-09-02 17:40:06.067][35844][INFO] [CMD:1011]{"token":"0m8glasivf36ck5spedll63hoc","acc":"MeX3Uq6I5zX7"}
[2021-09-02 17:40:06.068][35844][INFO] [CMD:1001]{"token":"0m8glasivf36ck5spedll63hoc","acc":"MeX3Uq6I5zX7"}
[2021-09-02 17:40:08.784][35844][INFO] [CMD:1011]{"token":"0m8glasivf36ck5spedll63hoc","acc":"MeX3Uq6I5zX7"}
[2021-09-02 17:40:10.517][35844][INFO] [CMD:1030]{"token":"0m8glasivf36ck5spedll63hoc","acc":"MeX3Uq6I5zX7","gachaId":1}
[2021-09-02 17:41:38.194][35844][INFO] [CMD:101][ACC:MeX3Uq6I5zX7]
[2021-09-02 17:41:38.337][35844][INFO] [CMD:1028]{"token":"5aqt180d62h65vnh77osel680r","acc":"MeX3Uq6I5zX7"}
[2021-09-02 17:41:38.338][35844][INFO] [CMD:1021]{"token":"5aqt180d62h65vnh77osel680r","acc":"MeX3Uq6I5zX7"}
[2021-09-02 17:41:38.350][35844][INFO] [CMD:1025]{"token":"5aqt180d62h65vnh77osel680r","acc":"MeX3Uq6I5zX7"}
[2021-09-02 17:41:41.931][35844][INFO] [CMD:1011]{"token":"5aqt180d62h65vnh77osel680r","acc":"MeX3Uq6I5zX7"}
[2021-09-02 17:41:41.931][35844][INFO] [CMD:1023]{"token":"5aqt180d62h65vnh77osel680r","acc":"MeX3Uq6I5zX7"}
[2021-09-02 17:41:41.931][35844][INFO] [CMD:1001]{"token":"5aqt180d62h65vnh77osel680r","acc":"MeX3Uq6I5zX7"}
[2021-09-02 17:54:09.681][35844][INFO] [CMD:101][ACC:MeX3Uq6I5zX7]
[2021-09-02 17:54:09.839][35844][INFO] [CMD:1021]{"token":"p5q9n5bvv3t9fh7337d918m6q3","acc":"MeX3Uq6I5zX7"}
[2021-09-02 17:54:09.856][35844][INFO] [CMD:1025]{"token":"p5q9n5bvv3t9fh7337d918m6q3","acc":"MeX3Uq6I5zX7"}
[2021-09-02 17:54:09.872][35844][INFO] [CMD:1028]{"token":"p5q9n5bvv3t9fh7337d918m6q3","acc":"MeX3Uq6I5zX7"}
[2021-09-02 17:54:13.972][35844][INFO] [CMD:1023]{"token":"p5q9n5bvv3t9fh7337d918m6q3","acc":"MeX3Uq6I5zX7"}
[2021-09-02 17:54:13.983][35844][INFO] [CMD:1011]{"token":"p5q9n5bvv3t9fh7337d918m6q3","acc":"MeX3Uq6I5zX7"}
[2021-09-02 17:54:14.020][35844][INFO] [CMD:1001]{"token":"p5q9n5bvv3t9fh7337d918m6q3","acc":"MeX3Uq6I5zX7"}
[2021-09-02 17:55:36.494][35844][INFO] [CMD:101][ACC:MeX3Uq6I5zX7]
[2021-09-02 17:55:36.633][35844][INFO] [CMD:1025]{"token":"o0gvhb4icocsrca3g6re52u4bi","acc":"MeX3Uq6I5zX7"}
[2021-09-02 17:55:36.650][35844][INFO] [CMD:1021]{"token":"o0gvhb4icocsrca3g6re52u4bi","acc":"MeX3Uq6I5zX7"}
[2021-09-02 17:55:36.652][35844][INFO] [CMD:1028]{"token":"o0gvhb4icocsrca3g6re52u4bi","acc":"MeX3Uq6I5zX7"}
[2021-09-02 17:55:40.687][35844][INFO] [CMD:1011]{"token":"o0gvhb4icocsrca3g6re52u4bi","acc":"MeX3Uq6I5zX7"}
[2021-09-02 17:55:40.698][35844][INFO] [CMD:1001]{"token":"o0gvhb4icocsrca3g6re52u4bi","acc":"MeX3Uq6I5zX7"}
[2021-09-02 17:55:40.699][35844][INFO] [CMD:1023]{"token":"o0gvhb4icocsrca3g6re52u4bi","acc":"MeX3Uq6I5zX7"}
[2021-09-02 17:55:51.275][35844][INFO] [CMD:1011]{"token":"o0gvhb4icocsrca3g6re52u4bi","acc":"MeX3Uq6I5zX7"}
[2021-09-02 17:55:55.080][35844][INFO] [CMD:9000]{"token":"o0gvhb4icocsrca3g6re52u4bi","acc":"MeX3Uq6I5zX7","productId":"craftstory_4900","transactionId":"e9c928a5-8482-4416-b8e1-32f571f5a5fd"}
[2021-09-02 17:55:56.200][35844][INFO] [CMD:1011]{"token":"o0gvhb4icocsrca3g6re52u4bi","acc":"MeX3Uq6I5zX7"}
[2021-09-02 17:56:01.075][35844][INFO] [CMD:1010]{"token":"o0gvhb4icocsrca3g6re52u4bi","acc":"MeX3Uq6I5zX7","shopId":2006}
[2021-09-02 17:56:01.206][35844][INFO] [CMD:1001]{"token":"o0gvhb4icocsrca3g6re52u4bi","acc":"MeX3Uq6I5zX7"}
[2021-09-02 17:56:01.218][35844][INFO] [CMD:1011]{"token":"o0gvhb4icocsrca3g6re52u4bi","acc":"MeX3Uq6I5zX7"}
[2021-09-02 17:56:11.680][35844][INFO] [CMD:9000]{"token":"o0gvhb4icocsrca3g6re52u4bi","acc":"MeX3Uq6I5zX7","productId":"craftstory_4900","transactionId":"5ddff2c1-100b-4093-87dd-da2c062ef455"}
[2021-09-02 17:56:11.974][35844][INFO] [CMD:1011]{"token":"o0gvhb4icocsrca3g6re52u4bi","acc":"MeX3Uq6I5zX7"}
[2021-09-02 17:56:13.587][35844][INFO] [CMD:9000]{"token":"o0gvhb4icocsrca3g6re52u4bi","acc":"MeX3Uq6I5zX7","productId":"craftstory_4900","transactionId":"e451e3f8-8298-4acb-8118-e9373e807bf8"}
[2021-09-02 17:56:13.748][35844][INFO] [CMD:1011]{"token":"o0gvhb4icocsrca3g6re52u4bi","acc":"MeX3Uq6I5zX7"}
[2021-09-02 17:56:15.082][35844][INFO] [CMD:9000]{"token":"o0gvhb4icocsrca3g6re52u4bi","acc":"MeX3Uq6I5zX7","productId":"craftstory_4900","transactionId":"f412ed0d-2540-464f-a0c0-acedb40493cf"}
[2021-09-02 17:56:15.338][35844][INFO] [CMD:1011]{"token":"o0gvhb4icocsrca3g6re52u4bi","acc":"MeX3Uq6I5zX7"}
[2021-09-02 17:56:17.875][35844][INFO] [CMD:9000]{"token":"o0gvhb4icocsrca3g6re52u4bi","acc":"MeX3Uq6I5zX7","productId":"craftstory_4900","transactionId":"57eb18ce-86e0-4a0b-b184-1430dee1a350"}
[2021-09-02 17:56:17.992][35844][INFO] [CMD:1011]{"token":"o0gvhb4icocsrca3g6re52u4bi","acc":"MeX3Uq6I5zX7"}
[2021-09-02 17:56:19.852][35844][INFO] [CMD:9000]{"token":"o0gvhb4icocsrca3g6re52u4bi","acc":"MeX3Uq6I5zX7","productId":"craftstory_4900","transactionId":"f9410ce3-795c-413e-8d4c-8f137aba38a5"}
[2021-09-02 17:56:19.989][35844][INFO] [CMD:1011]{"token":"o0gvhb4icocsrca3g6re52u4bi","acc":"MeX3Uq6I5zX7"}
[2021-09-02 17:56:21.484][35844][INFO] [CMD:9000]{"token":"o0gvhb4icocsrca3g6re52u4bi","acc":"MeX3Uq6I5zX7","productId":"craftstory_4900","transactionId":"faef5b54-d8c3-4eb3-b27c-4ce669ed746a"}
[2021-09-02 17:56:21.608][35844][INFO] [CMD:1011]{"token":"o0gvhb4icocsrca3g6re52u4bi","acc":"MeX3Uq6I5zX7"}
[2021-09-02 17:56:22.962][35844][INFO] [CMD:9000]{"token":"o0gvhb4icocsrca3g6re52u4bi","acc":"MeX3Uq6I5zX7","productId":"craftstory_4900","transactionId":"8f94a1c9-96e1-47cb-9f4c-ef4284d73448"}
[2021-09-02 17:56:23.073][35844][INFO] [CMD:1011]{"token":"o0gvhb4icocsrca3g6re52u4bi","acc":"MeX3Uq6I5zX7"}
[2021-09-02 17:56:24.552][35844][INFO] [CMD:9000]{"token":"o0gvhb4icocsrca3g6re52u4bi","acc":"MeX3Uq6I5zX7","productId":"craftstory_4900","transactionId":"46f08f1e-9250-40ef-ba2d-94255f28a6f7"}
[2021-09-02 17:56:24.702][35844][INFO] [CMD:1011]{"token":"o0gvhb4icocsrca3g6re52u4bi","acc":"MeX3Uq6I5zX7"}
[2021-09-02 17:56:26.073][35844][INFO] [CMD:9000]{"token":"o0gvhb4icocsrca3g6re52u4bi","acc":"MeX3Uq6I5zX7","productId":"craftstory_4900","transactionId":"b743ca3e-6ee5-47e0-a67f-06b4e006dd16"}
[2021-09-02 17:56:26.179][35844][INFO] [CMD:1011]{"token":"o0gvhb4icocsrca3g6re52u4bi","acc":"MeX3Uq6I5zX7"}
[2021-09-02 17:56:28.396][35844][INFO] [CMD:1010]{"token":"o0gvhb4icocsrca3g6re52u4bi","acc":"MeX3Uq6I5zX7","shopId":2006}
[2021-09-02 17:56:28.497][35844][INFO] [CMD:1001]{"token":"o0gvhb4icocsrca3g6re52u4bi","acc":"MeX3Uq6I5zX7"}
[2021-09-02 17:56:28.519][35844][INFO] [CMD:1011]{"token":"o0gvhb4icocsrca3g6re52u4bi","acc":"MeX3Uq6I5zX7"}
[2021-09-02 17:56:29.317][35844][INFO] [CMD:1010]{"token":"o0gvhb4icocsrca3g6re52u4bi","acc":"MeX3Uq6I5zX7","shopId":2006}
[2021-09-02 17:56:29.425][35844][INFO] [CMD:1001]{"token":"o0gvhb4icocsrca3g6re52u4bi","acc":"MeX3Uq6I5zX7"}
[2021-09-02 17:56:29.432][35844][INFO] [CMD:1011]{"token":"o0gvhb4icocsrca3g6re52u4bi","acc":"MeX3Uq6I5zX7"}
[2021-09-02 17:56:30.005][35844][INFO] [CMD:1010]{"token":"o0gvhb4icocsrca3g6re52u4bi","acc":"MeX3Uq6I5zX7","shopId":2006}
[2021-09-02 17:56:30.115][35844][INFO] [CMD:1001]{"token":"o0gvhb4icocsrca3g6re52u4bi","acc":"MeX3Uq6I5zX7"}
[2021-09-02 17:56:30.117][35844][INFO] [CMD:1011]{"token":"o0gvhb4icocsrca3g6re52u4bi","acc":"MeX3Uq6I5zX7"}
[2021-09-02 17:56:30.807][35844][INFO] [CMD:1010]{"token":"o0gvhb4icocsrca3g6re52u4bi","acc":"MeX3Uq6I5zX7","shopId":2006}
[2021-09-02 17:56:30.926][35844][INFO] [CMD:1001]{"token":"o0gvhb4icocsrca3g6re52u4bi","acc":"MeX3Uq6I5zX7"}
[2021-09-02 17:56:30.938][35844][INFO] [CMD:1011]{"token":"o0gvhb4icocsrca3g6re52u4bi","acc":"MeX3Uq6I5zX7"}
[2021-09-02 17:56:31.527][35844][INFO] [CMD:1010]{"token":"o0gvhb4icocsrca3g6re52u4bi","acc":"MeX3Uq6I5zX7","shopId":2006}
[2021-09-02 17:56:31.656][35844][INFO] [CMD:1001]{"token":"o0gvhb4icocsrca3g6re52u4bi","acc":"MeX3Uq6I5zX7"}
[2021-09-02 17:56:31.670][35844][INFO] [CMD:1011]{"token":"o0gvhb4icocsrca3g6re52u4bi","acc":"MeX3Uq6I5zX7"}
[2021-09-02 17:56:32.488][35844][INFO] [CMD:1010]{"token":"o0gvhb4icocsrca3g6re52u4bi","acc":"MeX3Uq6I5zX7","shopId":2006}
[2021-09-02 17:56:32.667][35844][INFO] [CMD:1001]{"token":"o0gvhb4icocsrca3g6re52u4bi","acc":"MeX3Uq6I5zX7"}
[2021-09-02 17:56:32.682][35844][INFO] [CMD:1011]{"token":"o0gvhb4icocsrca3g6re52u4bi","acc":"MeX3Uq6I5zX7"}
[2021-09-02 17:56:33.434][35844][INFO] [CMD:1010]{"token":"o0gvhb4icocsrca3g6re52u4bi","acc":"MeX3Uq6I5zX7","shopId":2006}
[2021-09-02 17:56:33.601][35844][INFO] [CMD:1001]{"token":"o0gvhb4icocsrca3g6re52u4bi","acc":"MeX3Uq6I5zX7"}
[2021-09-02 17:56:33.610][35844][INFO] [CMD:1011]{"token":"o0gvhb4icocsrca3g6re52u4bi","acc":"MeX3Uq6I5zX7"}
[2021-09-02 17:56:34.160][35844][INFO] [CMD:1010]{"token":"o0gvhb4icocsrca3g6re52u4bi","acc":"MeX3Uq6I5zX7","shopId":2006}
[2021-09-02 17:56:34.270][35844][INFO] [CMD:1011]{"token":"o0gvhb4icocsrca3g6re52u4bi","acc":"MeX3Uq6I5zX7"}
[2021-09-02 17:56:34.273][35844][INFO] [CMD:1001]{"token":"o0gvhb4icocsrca3g6re52u4bi","acc":"MeX3Uq6I5zX7"}
[2021-09-02 17:56:35.952][35844][INFO] [CMD:1010]{"token":"o0gvhb4icocsrca3g6re52u4bi","acc":"MeX3Uq6I5zX7","shopId":2006}
[2021-09-02 17:56:36.071][35844][INFO] [CMD:1001]{"token":"o0gvhb4icocsrca3g6re52u4bi","acc":"MeX3Uq6I5zX7"}
[2021-09-02 17:56:36.076][35844][INFO] [CMD:1011]{"token":"o0gvhb4icocsrca3g6re52u4bi","acc":"MeX3Uq6I5zX7"}
[2021-09-02 17:58:53.667][35844][INFO] [CMD:101][ACC:MeX3Uq6I5zX7]
[2021-09-02 17:58:53.860][35844][INFO] [CMD:1025]{"token":"u1gfl01ntr4fslae1hjb4g0p5g","acc":"MeX3Uq6I5zX7"}
[2021-09-02 17:58:53.869][35844][INFO] [CMD:1021]{"token":"u1gfl01ntr4fslae1hjb4g0p5g","acc":"MeX3Uq6I5zX7"}
[2021-09-02 17:58:53.873][35844][INFO] [CMD:1028]{"token":"u1gfl01ntr4fslae1hjb4g0p5g","acc":"MeX3Uq6I5zX7"}
[2021-09-02 17:58:57.740][35844][INFO] [CMD:1023]{"token":"u1gfl01ntr4fslae1hjb4g0p5g","acc":"MeX3Uq6I5zX7"}
[2021-09-02 17:58:57.745][35844][INFO] [CMD:1001]{"token":"u1gfl01ntr4fslae1hjb4g0p5g","acc":"MeX3Uq6I5zX7"}
[2021-09-02 17:58:57.755][35844][INFO] [CMD:1011]{"token":"u1gfl01ntr4fslae1hjb4g0p5g","acc":"MeX3Uq6I5zX7"}
[2021-09-02 17:59:00.675][35844][INFO] [CMD:1011]{"token":"u1gfl01ntr4fslae1hjb4g0p5g","acc":"MeX3Uq6I5zX7"}
[2021-09-02 17:59:02.234][35844][INFO] [CMD:1030]{"token":"u1gfl01ntr4fslae1hjb4g0p5g","acc":"MeX3Uq6I5zX7","gachaId":1}
[2021-09-02 18:00:15.439][35844][INFO] [CMD:101][ACC:MeX3Uq6I5zX7]
[2021-09-02 18:00:16.339][35844][INFO] [CMD:1025]{"token":"hhs4tr4m1nb6cu6id0o467of7t","acc":"MeX3Uq6I5zX7"}
[2021-09-02 18:00:16.348][35844][INFO] [CMD:1028]{"token":"hhs4tr4m1nb6cu6id0o467of7t","acc":"MeX3Uq6I5zX7"}
[2021-09-02 18:00:16.381][35844][INFO] [CMD:1021]{"token":"hhs4tr4m1nb6cu6id0o467of7t","acc":"MeX3Uq6I5zX7"}
