[2021-09-21 09:31:38.944][2856][INFO] [CMD:101][ACC:v6hrwzMYhvXU]
[2021-09-21 09:31:39.781][2856][INFO] [CMD:1025]{"token":"53vcd69jl1mqde1en3rpbposg4","acc":"v6hrwzMYhvXU"}
[2021-09-21 09:31:39.782][2856][INFO] [CMD:1028]{"token":"53vcd69jl1mqde1en3rpbposg4","acc":"v6hrwzMYhvXU"}
[2021-09-21 09:31:39.785][2856][INFO] [CMD:1021]{"token":"53vcd69jl1mqde1en3rpbposg4","acc":"v6hrwzMYhvXU"}
[2021-09-21 09:31:46.463][2856][INFO] [CMD:1023]{"token":"53vcd69jl1mqde1en3rpbposg4","acc":"v6hrwzMYhvXU"}
[2021-09-21 09:31:46.507][2856][INFO] [CMD:1011]{"token":"53vcd69jl1mqde1en3rpbposg4","acc":"v6hrwzMYhvXU"}
[2021-09-21 09:31:46.511][2856][INFO] [CMD:1001]{"token":"53vcd69jl1mqde1en3rpbposg4","acc":"v6hrwzMYhvXU"}
[2021-09-21 09:31:49.731][2856][INFO] [CMD:1024]{"token":"53vcd69jl1mqde1en3rpbposg4","acc":"v6hrwzMYhvXU","guid":1}
[2021-09-21 09:31:53.025][2856][INFO] [CMD:1019]{"token":"53vcd69jl1mqde1en3rpbposg4","acc":"v6hrwzMYhvXU","page":1}
[2021-09-21 09:31:55.268][2856][INFO] [CMD:1020]{"token":"53vcd69jl1mqde1en3rpbposg4","acc":"v6hrwzMYhvXU","guid":131}
[2021-09-21 09:31:55.311][2856][INFO] [CMD:1026]{"token":"53vcd69jl1mqde1en3rpbposg4","acc":"v6hrwzMYhvXU","guid":131}
[2021-09-21 09:31:55.628][2856][INFO] [CMD:1001]{"token":"53vcd69jl1mqde1en3rpbposg4","acc":"v6hrwzMYhvXU"}
[2021-09-21 09:32:08.717][2856][INFO] [CMD:1019]{"token":"53vcd69jl1mqde1en3rpbposg4","acc":"v6hrwzMYhvXU","page":1}
[2021-09-21 09:33:14.702][2856][INFO] [CMD:1011]{"token":"53vcd69jl1mqde1en3rpbposg4","acc":"v6hrwzMYhvXU"}
[2021-09-21 09:33:14.706][2856][INFO] [CMD:1001]{"token":"53vcd69jl1mqde1en3rpbposg4","acc":"v6hrwzMYhvXU"}
[2021-09-21 09:33:22.728][2856][INFO] [CMD:1043]{"token":"53vcd69jl1mqde1en3rpbposg4","acc":"v6hrwzMYhvXU","itemGuid":396}
[2021-09-21 09:33:27.118][2856][INFO] [CMD:1043]{"token":"53vcd69jl1mqde1en3rpbposg4","acc":"v6hrwzMYhvXU","itemGuid":396}
[2021-09-21 09:33:33.116][2856][INFO] [CMD:1043]{"token":"53vcd69jl1mqde1en3rpbposg4","acc":"v6hrwzMYhvXU","itemGuid":396}
[2021-09-21 10:40:38.481][2856][INFO] [CMD:101][ACC:v6hrwzMYhvXU]
[2021-09-21 10:40:38.684][2856][INFO] [CMD:1025]{"token":"b3eh5af59f40umpgt61o6gcchl","acc":"v6hrwzMYhvXU"}
[2021-09-21 10:40:38.708][2856][INFO] [CMD:1021]{"token":"b3eh5af59f40umpgt61o6gcchl","acc":"v6hrwzMYhvXU"}
[2021-09-21 10:40:38.723][2856][INFO] [CMD:1028]{"token":"b3eh5af59f40umpgt61o6gcchl","acc":"v6hrwzMYhvXU"}
[2021-09-21 10:40:44.943][2856][INFO] [CMD:1023]{"token":"b3eh5af59f40umpgt61o6gcchl","acc":"v6hrwzMYhvXU"}
[2021-09-21 10:40:44.973][2856][INFO] [CMD:1001]{"token":"b3eh5af59f40umpgt61o6gcchl","acc":"v6hrwzMYhvXU"}
[2021-09-21 10:40:44.973][2856][INFO] [CMD:1011]{"token":"b3eh5af59f40umpgt61o6gcchl","acc":"v6hrwzMYhvXU"}
[2021-09-21 10:40:51.251][2856][INFO] [CMD:1011]{"token":"b3eh5af59f40umpgt61o6gcchl","acc":"v6hrwzMYhvXU"}
[2021-09-21 10:40:51.266][2856][INFO] [CMD:1001]{"token":"b3eh5af59f40umpgt61o6gcchl","acc":"v6hrwzMYhvXU"}
[2021-09-21 10:40:53.658][2856][INFO] [CMD:1011]{"token":"b3eh5af59f40umpgt61o6gcchl","acc":"v6hrwzMYhvXU"}
[2021-09-21 10:40:59.928][2856][INFO] [CMD:1030]{"token":"b3eh5af59f40umpgt61o6gcchl","acc":"v6hrwzMYhvXU","gachaId":1}
[2021-09-21 11:40:54.121][2856][INFO] [CMD:101][ACC:v6hrwzMYhvXU]
[2021-09-21 11:40:54.299][2856][INFO] [CMD:1028]{"token":"24tfqp638uc2t0n4ktr5qge41m","acc":"v6hrwzMYhvXU"}
[2021-09-21 11:40:54.300][2856][INFO] [CMD:1025]{"token":"24tfqp638uc2t0n4ktr5qge41m","acc":"v6hrwzMYhvXU"}
[2021-09-21 11:40:54.316][2856][INFO] [CMD:1021]{"token":"24tfqp638uc2t0n4ktr5qge41m","acc":"v6hrwzMYhvXU"}
[2021-09-21 11:40:59.491][2856][INFO] [CMD:1001]{"token":"24tfqp638uc2t0n4ktr5qge41m","acc":"v6hrwzMYhvXU"}
[2021-09-21 11:40:59.494][2856][INFO] [CMD:1011]{"token":"24tfqp638uc2t0n4ktr5qge41m","acc":"v6hrwzMYhvXU"}
[2021-09-21 11:40:59.501][2856][INFO] [CMD:1023]{"token":"24tfqp638uc2t0n4ktr5qge41m","acc":"v6hrwzMYhvXU"}
[2021-09-21 11:41:02.354][2856][INFO] [CMD:1011]{"token":"24tfqp638uc2t0n4ktr5qge41m","acc":"v6hrwzMYhvXU"}
[2021-09-21 11:41:04.051][2856][INFO] [CMD:1030]{"token":"24tfqp638uc2t0n4ktr5qge41m","acc":"v6hrwzMYhvXU","gachaId":1}
[2021-09-21 13:05:05.132][2856][INFO] [CMD:101][ACC:v6hrwzMYhvXU]
[2021-09-21 13:05:05.272][2856][INFO] [CMD:1025]{"token":"a8sst1pf1vvd0sphl95rpusr1f","acc":"v6hrwzMYhvXU"}
[2021-09-21 13:05:05.303][2856][INFO] [CMD:1021]{"token":"a8sst1pf1vvd0sphl95rpusr1f","acc":"v6hrwzMYhvXU"}
[2021-09-21 13:05:05.303][2856][INFO] [CMD:1028]{"token":"a8sst1pf1vvd0sphl95rpusr1f","acc":"v6hrwzMYhvXU"}
[2021-09-21 13:05:10.443][2856][INFO] [CMD:1023]{"token":"a8sst1pf1vvd0sphl95rpusr1f","acc":"v6hrwzMYhvXU"}
[2021-09-21 13:05:10.458][2856][INFO] [CMD:1001]{"token":"a8sst1pf1vvd0sphl95rpusr1f","acc":"v6hrwzMYhvXU"}
[2021-09-21 13:05:10.475][2856][INFO] [CMD:1011]{"token":"a8sst1pf1vvd0sphl95rpusr1f","acc":"v6hrwzMYhvXU"}
[2021-09-21 13:05:15.104][2856][INFO] [CMD:1011]{"token":"a8sst1pf1vvd0sphl95rpusr1f","acc":"v6hrwzMYhvXU"}
[2021-09-21 13:05:16.890][2856][INFO] [CMD:1030]{"token":"a8sst1pf1vvd0sphl95rpusr1f","acc":"v6hrwzMYhvXU","gachaId":1}
[2021-09-21 13:06:46.247][2856][INFO] [CMD:101][ACC:v6hrwzMYhvXU]
[2021-09-21 13:06:46.471][2856][INFO] [CMD:1025]{"token":"hu1kgpherhoc6oe06kh3ugksjt","acc":"v6hrwzMYhvXU"}
[2021-09-21 13:06:46.495][2856][INFO] [CMD:1028]{"token":"hu1kgpherhoc6oe06kh3ugksjt","acc":"v6hrwzMYhvXU"}
[2021-09-21 13:06:46.500][2856][INFO] [CMD:1021]{"token":"hu1kgpherhoc6oe06kh3ugksjt","acc":"v6hrwzMYhvXU"}
[2021-09-21 13:06:52.754][2856][INFO] [CMD:1001]{"token":"hu1kgpherhoc6oe06kh3ugksjt","acc":"v6hrwzMYhvXU"}
[2021-09-21 13:06:52.764][2856][INFO] [CMD:1023]{"token":"hu1kgpherhoc6oe06kh3ugksjt","acc":"v6hrwzMYhvXU"}
[2021-09-21 13:06:52.766][2856][INFO] [CMD:1011]{"token":"hu1kgpherhoc6oe06kh3ugksjt","acc":"v6hrwzMYhvXU"}
[2021-09-21 13:06:55.467][2856][INFO] [CMD:1011]{"token":"hu1kgpherhoc6oe06kh3ugksjt","acc":"v6hrwzMYhvXU"}
[2021-09-21 13:06:57.247][2856][INFO] [CMD:1030]{"token":"hu1kgpherhoc6oe06kh3ugksjt","acc":"v6hrwzMYhvXU","gachaId":1}
[2021-09-21 13:08:55.509][2856][INFO] [CMD:101][ACC:v6hrwzMYhvXU]
[2021-09-21 13:08:55.643][2856][INFO] [CMD:1025]{"token":"41u1qgdlphv5ac1lp42586ndrq","acc":"v6hrwzMYhvXU"}
[2021-09-21 13:08:55.660][2856][INFO] [CMD:1021]{"token":"41u1qgdlphv5ac1lp42586ndrq","acc":"v6hrwzMYhvXU"}
[2021-09-21 13:08:55.708][2856][INFO] [CMD:1028]{"token":"41u1qgdlphv5ac1lp42586ndrq","acc":"v6hrwzMYhvXU"}
[2021-09-21 13:09:00.795][2856][INFO] [CMD:1001]{"token":"41u1qgdlphv5ac1lp42586ndrq","acc":"v6hrwzMYhvXU"}
[2021-09-21 13:09:00.802][2856][INFO] [CMD:1023]{"token":"41u1qgdlphv5ac1lp42586ndrq","acc":"v6hrwzMYhvXU"}
[2021-09-21 13:09:00.804][2856][INFO] [CMD:1011]{"token":"41u1qgdlphv5ac1lp42586ndrq","acc":"v6hrwzMYhvXU"}
[2021-09-21 13:09:04.639][2856][INFO] [CMD:1011]{"token":"41u1qgdlphv5ac1lp42586ndrq","acc":"v6hrwzMYhvXU"}
[2021-09-21 13:09:05.959][2856][INFO] [CMD:1030]{"token":"41u1qgdlphv5ac1lp42586ndrq","acc":"v6hrwzMYhvXU","gachaId":1}
[2021-09-21 13:11:35.302][2856][INFO] [CMD:101][ACC:v6hrwzMYhvXU]
[2021-09-21 13:11:35.463][2856][INFO] [CMD:1021]{"token":"0cu8343a89u699pvulls4ccqlg","acc":"v6hrwzMYhvXU"}
[2021-09-21 13:11:35.471][2856][INFO] [CMD:1028]{"token":"0cu8343a89u699pvulls4ccqlg","acc":"v6hrwzMYhvXU"}
[2021-09-21 13:11:35.477][2856][INFO] [CMD:1025]{"token":"0cu8343a89u699pvulls4ccqlg","acc":"v6hrwzMYhvXU"}
[2021-09-21 13:11:40.741][2856][INFO] [CMD:1023]{"token":"0cu8343a89u699pvulls4ccqlg","acc":"v6hrwzMYhvXU"}
[2021-09-21 13:11:40.744][2856][INFO] [CMD:1001]{"token":"0cu8343a89u699pvulls4ccqlg","acc":"v6hrwzMYhvXU"}
[2021-09-21 13:11:40.744][2856][INFO] [CMD:1011]{"token":"0cu8343a89u699pvulls4ccqlg","acc":"v6hrwzMYhvXU"}
[2021-09-21 13:11:43.699][2856][INFO] [CMD:1011]{"token":"0cu8343a89u699pvulls4ccqlg","acc":"v6hrwzMYhvXU"}
[2021-09-21 13:11:45.191][2856][INFO] [CMD:1030]{"token":"0cu8343a89u699pvulls4ccqlg","acc":"v6hrwzMYhvXU","gachaId":1}
[2021-09-21 13:13:41.909][2856][INFO] [CMD:101][ACC:v6hrwzMYhvXU]
[2021-09-21 13:13:42.340][2856][INFO] [CMD:1025]{"token":"1gc88ff5cn9djtgsgus441h971","acc":"v6hrwzMYhvXU"}
[2021-09-21 13:13:42.343][2856][INFO] [CMD:1021]{"token":"1gc88ff5cn9djtgsgus441h971","acc":"v6hrwzMYhvXU"}
[2021-09-21 13:13:42.345][2856][INFO] [CMD:1028]{"token":"1gc88ff5cn9djtgsgus441h971","acc":"v6hrwzMYhvXU"}
[2021-09-21 13:13:57.860][2856][INFO] [CMD:1023]{"token":"1gc88ff5cn9djtgsgus441h971","acc":"v6hrwzMYhvXU"}
[2021-09-21 13:13:57.860][2856][INFO] [CMD:1011]{"token":"1gc88ff5cn9djtgsgus441h971","acc":"v6hrwzMYhvXU"}
[2021-09-21 13:13:57.870][2856][INFO] [CMD:1001]{"token":"1gc88ff5cn9djtgsgus441h971","acc":"v6hrwzMYhvXU"}
[2021-09-21 13:14:00.161][2856][INFO] [CMD:1011]{"token":"1gc88ff5cn9djtgsgus441h971","acc":"v6hrwzMYhvXU"}
[2021-09-21 13:14:01.530][2856][INFO] [CMD:1030]{"token":"1gc88ff5cn9djtgsgus441h971","acc":"v6hrwzMYhvXU","gachaId":1}
[2021-09-21 13:15:17.517][2856][INFO] [CMD:101][ACC:v6hrwzMYhvXU]
[2021-09-21 13:15:17.661][2856][INFO] [CMD:1025]{"token":"p0ct6ffek4ci7rvlh7v4geuqgu","acc":"v6hrwzMYhvXU"}
[2021-09-21 13:15:17.671][2856][INFO] [CMD:1021]{"token":"p0ct6ffek4ci7rvlh7v4geuqgu","acc":"v6hrwzMYhvXU"}
[2021-09-21 13:15:17.677][2856][INFO] [CMD:1028]{"token":"p0ct6ffek4ci7rvlh7v4geuqgu","acc":"v6hrwzMYhvXU"}
[2021-09-21 13:15:22.869][2856][INFO] [CMD:1011]{"token":"p0ct6ffek4ci7rvlh7v4geuqgu","acc":"v6hrwzMYhvXU"}
[2021-09-21 13:15:22.877][2856][INFO] [CMD:1023]{"token":"p0ct6ffek4ci7rvlh7v4geuqgu","acc":"v6hrwzMYhvXU"}
[2021-09-21 13:15:22.878][2856][INFO] [CMD:1001]{"token":"p0ct6ffek4ci7rvlh7v4geuqgu","acc":"v6hrwzMYhvXU"}
[2021-09-21 13:15:25.870][2856][INFO] [CMD:1011]{"token":"p0ct6ffek4ci7rvlh7v4geuqgu","acc":"v6hrwzMYhvXU"}
[2021-09-21 13:15:27.300][2856][INFO] [CMD:1030]{"token":"p0ct6ffek4ci7rvlh7v4geuqgu","acc":"v6hrwzMYhvXU","gachaId":1}
[2021-09-21 13:17:35.548][2856][INFO] [CMD:101][ACC:v6hrwzMYhvXU]
[2021-09-21 13:17:35.769][2856][INFO] [CMD:1025]{"token":"qevghtqfmncfu9jrtrmsvr7b5e","acc":"v6hrwzMYhvXU"}
[2021-09-21 13:17:35.807][2856][INFO] [CMD:1028]{"token":"qevghtqfmncfu9jrtrmsvr7b5e","acc":"v6hrwzMYhvXU"}
[2021-09-21 13:17:35.810][2856][INFO] [CMD:1021]{"token":"qevghtqfmncfu9jrtrmsvr7b5e","acc":"v6hrwzMYhvXU"}
[2021-09-21 13:17:41.663][2856][INFO] [CMD:1023]{"token":"qevghtqfmncfu9jrtrmsvr7b5e","acc":"v6hrwzMYhvXU"}
[2021-09-21 13:17:41.663][2856][INFO] [CMD:1001]{"token":"qevghtqfmncfu9jrtrmsvr7b5e","acc":"v6hrwzMYhvXU"}
[2021-09-21 13:17:41.664][2856][INFO] [CMD:1011]{"token":"qevghtqfmncfu9jrtrmsvr7b5e","acc":"v6hrwzMYhvXU"}
[2021-09-21 13:17:44.759][2856][INFO] [CMD:1011]{"token":"qevghtqfmncfu9jrtrmsvr7b5e","acc":"v6hrwzMYhvXU"}
[2021-09-21 13:17:46.189][2856][INFO] [CMD:1030]{"token":"qevghtqfmncfu9jrtrmsvr7b5e","acc":"v6hrwzMYhvXU","gachaId":1}
[2021-09-21 13:18:25.937][2856][INFO] [CMD:101][ACC:v6hrwzMYhvXU]
[2021-09-21 13:18:26.250][2856][INFO] [CMD:1028]{"token":"7en4ok1g96jifm266ivu22r567","acc":"v6hrwzMYhvXU"}
[2021-09-21 13:18:26.250][2856][INFO] [CMD:1021]{"token":"7en4ok1g96jifm266ivu22r567","acc":"v6hrwzMYhvXU"}
[2021-09-21 13:18:26.250][2856][INFO] [CMD:1025]{"token":"7en4ok1g96jifm266ivu22r567","acc":"v6hrwzMYhvXU"}
[2021-09-21 13:18:31.674][2856][INFO] [CMD:1011]{"token":"7en4ok1g96jifm266ivu22r567","acc":"v6hrwzMYhvXU"}
[2021-09-21 13:18:31.680][2856][INFO] [CMD:1001]{"token":"7en4ok1g96jifm266ivu22r567","acc":"v6hrwzMYhvXU"}
[2021-09-21 13:18:31.686][2856][INFO] [CMD:1023]{"token":"7en4ok1g96jifm266ivu22r567","acc":"v6hrwzMYhvXU"}
[2021-09-21 13:18:35.981][2856][INFO] [CMD:1011]{"token":"7en4ok1g96jifm266ivu22r567","acc":"v6hrwzMYhvXU"}
[2021-09-21 13:18:37.716][2856][INFO] [CMD:1030]{"token":"7en4ok1g96jifm266ivu22r567","acc":"v6hrwzMYhvXU","gachaId":1}
[2021-09-21 13:19:07.800][2856][INFO] [CMD:1001]{"token":"7en4ok1g96jifm266ivu22r567","acc":"v6hrwzMYhvXU"}
[2021-09-21 13:19:07.811][2856][INFO] [CMD:1042]{"token":"7en4ok1g96jifm266ivu22r567","acc":"v6hrwzMYhvXU","gachaId":1}
[2021-09-21 13:19:18.496][2856][INFO] [CMD:1001]{"token":"7en4ok1g96jifm266ivu22r567","acc":"v6hrwzMYhvXU"}
[2021-09-21 13:19:20.031][2856][INFO] [CMD:1030]{"token":"7en4ok1g96jifm266ivu22r567","acc":"v6hrwzMYhvXU","gachaId":1}
[2021-09-21 13:21:22.812][2856][INFO] [CMD:101][ACC:v6hrwzMYhvXU]
[2021-09-21 13:21:23.003][2856][INFO] [CMD:1028]{"token":"aeklkq73uqk1u3vhbcrclducgm","acc":"v6hrwzMYhvXU"}
[2021-09-21 13:21:23.005][2856][INFO] [CMD:1021]{"token":"aeklkq73uqk1u3vhbcrclducgm","acc":"v6hrwzMYhvXU"}
[2021-09-21 13:21:23.006][2856][INFO] [CMD:1025]{"token":"aeklkq73uqk1u3vhbcrclducgm","acc":"v6hrwzMYhvXU"}
[2021-09-21 13:21:28.413][2856][INFO] [CMD:1023]{"token":"aeklkq73uqk1u3vhbcrclducgm","acc":"v6hrwzMYhvXU"}
[2021-09-21 13:21:28.416][2856][INFO] [CMD:1001]{"token":"aeklkq73uqk1u3vhbcrclducgm","acc":"v6hrwzMYhvXU"}
[2021-09-21 13:21:28.418][2856][INFO] [CMD:1011]{"token":"aeklkq73uqk1u3vhbcrclducgm","acc":"v6hrwzMYhvXU"}
[2021-09-21 13:21:30.756][2856][INFO] [CMD:1011]{"token":"aeklkq73uqk1u3vhbcrclducgm","acc":"v6hrwzMYhvXU"}
[2021-09-21 13:21:32.112][2856][INFO] [CMD:1030]{"token":"aeklkq73uqk1u3vhbcrclducgm","acc":"v6hrwzMYhvXU","gachaId":1}
[2021-09-21 13:22:01.281][2856][INFO] [CMD:1001]{"token":"aeklkq73uqk1u3vhbcrclducgm","acc":"v6hrwzMYhvXU"}
[2021-09-21 13:22:11.668][2856][INFO] [CMD:101][ACC:v6hrwzMYhvXU]
[2021-09-21 13:22:11.887][2856][INFO] [CMD:1021]{"token":"eb7imuuv5n3mhobf6j341g1evb","acc":"v6hrwzMYhvXU"}
[2021-09-21 13:22:11.892][2856][INFO] [CMD:1025]{"token":"eb7imuuv5n3mhobf6j341g1evb","acc":"v6hrwzMYhvXU"}
[2021-09-21 13:22:11.898][2856][INFO] [CMD:1028]{"token":"eb7imuuv5n3mhobf6j341g1evb","acc":"v6hrwzMYhvXU"}
[2021-09-21 13:31:33.540][2856][INFO] [CMD:101][ACC:v6hrwzMYhvXU]
[2021-09-21 13:31:33.925][2856][INFO] [CMD:1025]{"token":"blkdf0sdq8bopsth67fa5dvo1l","acc":"v6hrwzMYhvXU"}
[2021-09-21 13:31:33.935][2856][INFO] [CMD:1021]{"token":"blkdf0sdq8bopsth67fa5dvo1l","acc":"v6hrwzMYhvXU"}
[2021-09-21 13:31:33.935][2856][INFO] [CMD:1028]{"token":"blkdf0sdq8bopsth67fa5dvo1l","acc":"v6hrwzMYhvXU"}
[2021-09-21 13:32:11.611][2856][INFO] [CMD:1001]{"token":"blkdf0sdq8bopsth67fa5dvo1l","acc":"v6hrwzMYhvXU"}
[2021-09-21 13:32:11.613][2856][INFO] [CMD:1023]{"token":"blkdf0sdq8bopsth67fa5dvo1l","acc":"v6hrwzMYhvXU"}
[2021-09-21 13:32:11.626][2856][INFO] [CMD:1011]{"token":"blkdf0sdq8bopsth67fa5dvo1l","acc":"v6hrwzMYhvXU"}
[2021-09-21 13:33:02.220][2856][INFO] [CMD:101][ACC:v6hrwzMYhvXU]
[2021-09-21 13:33:02.409][2856][INFO] [CMD:1025]{"token":"lf4oa36i95f5ki1ckfa5u7lm8m","acc":"v6hrwzMYhvXU"}
[2021-09-21 13:33:02.417][2856][INFO] [CMD:1021]{"token":"lf4oa36i95f5ki1ckfa5u7lm8m","acc":"v6hrwzMYhvXU"}
[2021-09-21 13:33:02.418][2856][INFO] [CMD:1028]{"token":"lf4oa36i95f5ki1ckfa5u7lm8m","acc":"v6hrwzMYhvXU"}
[2021-09-21 13:58:57.840][2856][INFO] [CMD:101][ACC:v6hrwzMYhvXU]
[2021-09-21 13:58:58.000][2856][INFO] [CMD:1028]{"token":"6dd0en2rhv4rrs3omkhlb2scf2","acc":"v6hrwzMYhvXU"}
[2021-09-21 13:58:58.015][2856][INFO] [CMD:1021]{"token":"6dd0en2rhv4rrs3omkhlb2scf2","acc":"v6hrwzMYhvXU"}
[2021-09-21 13:58:58.016][2856][INFO] [CMD:1025]{"token":"6dd0en2rhv4rrs3omkhlb2scf2","acc":"v6hrwzMYhvXU"}
[2021-09-21 14:01:18.635][2856][INFO] [CMD:101][ACC:v6hrwzMYhvXU]
[2021-09-21 14:01:18.866][2856][INFO] [CMD:1028]{"token":"ved3rfifqmvlcbhp0p91n0jvqu","acc":"v6hrwzMYhvXU"}
[2021-09-21 14:01:18.876][2856][INFO] [CMD:1025]{"token":"ved3rfifqmvlcbhp0p91n0jvqu","acc":"v6hrwzMYhvXU"}
[2021-09-21 14:01:18.879][2856][INFO] [CMD:1021]{"token":"ved3rfifqmvlcbhp0p91n0jvqu","acc":"v6hrwzMYhvXU"}
[2021-09-21 14:01:46.136][2856][INFO] [CMD:101][ACC:v6hrwzMYhvXU]
[2021-09-21 14:02:18.127][2856][INFO] [CMD:101][ACC:v6hrwzMYhvXU]
[2021-09-21 14:02:18.973][2856][INFO] [CMD:1025]{"token":"qf9mn7co2mdrmebbsfujeknhnn","acc":"v6hrwzMYhvXU"}
[2021-09-21 14:02:18.985][2856][INFO] [CMD:1028]{"token":"qf9mn7co2mdrmebbsfujeknhnn","acc":"v6hrwzMYhvXU"}
[2021-09-21 14:02:19.001][2856][INFO] [CMD:1021]{"token":"qf9mn7co2mdrmebbsfujeknhnn","acc":"v6hrwzMYhvXU"}
[2021-09-21 14:05:39.112][2856][INFO] [CMD:101][ACC:v6hrwzMYhvXU]
[2021-09-21 14:05:40.012][2856][INFO] [CMD:1025]{"token":"42doib8f6ie4i3tp07v3c5cs4g","acc":"v6hrwzMYhvXU"}
[2021-09-21 14:05:40.036][2856][INFO] [CMD:1028]{"token":"42doib8f6ie4i3tp07v3c5cs4g","acc":"v6hrwzMYhvXU"}
[2021-09-21 14:05:40.049][2856][INFO] [CMD:1021]{"token":"42doib8f6ie4i3tp07v3c5cs4g","acc":"v6hrwzMYhvXU"}
[2021-09-21 14:06:18.807][2856][INFO] [CMD:101][ACC:v6hrwzMYhvXU]
[2021-09-21 14:06:19.029][2856][INFO] [CMD:1025]{"token":"925rps8ji3c62apdfubnjhih6n","acc":"v6hrwzMYhvXU"}
[2021-09-21 14:06:19.033][2856][INFO] [CMD:1028]{"token":"925rps8ji3c62apdfubnjhih6n","acc":"v6hrwzMYhvXU"}
[2021-09-21 14:06:19.049][2856][INFO] [CMD:1021]{"token":"925rps8ji3c62apdfubnjhih6n","acc":"v6hrwzMYhvXU"}
[2021-09-21 14:06:39.078][2856][INFO] [CMD:1011]{"token":"925rps8ji3c62apdfubnjhih6n","acc":"v6hrwzMYhvXU"}
[2021-09-21 14:06:39.090][2856][INFO] [CMD:1023]{"token":"925rps8ji3c62apdfubnjhih6n","acc":"v6hrwzMYhvXU"}
[2021-09-21 14:06:39.091][2856][INFO] [CMD:1001]{"token":"925rps8ji3c62apdfubnjhih6n","acc":"v6hrwzMYhvXU"}
[2021-09-21 14:11:37.447][2856][INFO] [CMD:101][ACC:v6hrwzMYhvXU]
[2021-09-21 14:11:38.100][2856][INFO] [CMD:1025]{"token":"ua67ppufkks8o6isiap38ped4f","acc":"v6hrwzMYhvXU"}
[2021-09-21 14:11:38.114][2856][INFO] [CMD:1021]{"token":"ua67ppufkks8o6isiap38ped4f","acc":"v6hrwzMYhvXU"}
[2021-09-21 14:11:38.148][2856][INFO] [CMD:1028]{"token":"ua67ppufkks8o6isiap38ped4f","acc":"v6hrwzMYhvXU"}
[2021-09-21 14:12:25.045][2856][INFO] [CMD:1023]{"token":"ua67ppufkks8o6isiap38ped4f","acc":"v6hrwzMYhvXU"}
[2021-09-21 14:12:25.056][2856][INFO] [CMD:1011]{"token":"ua67ppufkks8o6isiap38ped4f","acc":"v6hrwzMYhvXU"}
[2021-09-21 14:12:25.056][2856][INFO] [CMD:1001]{"token":"ua67ppufkks8o6isiap38ped4f","acc":"v6hrwzMYhvXU"}
[2021-09-21 14:14:41.518][2856][INFO] [CMD:101][ACC:v6hrwzMYhvXU]
[2021-09-21 14:14:41.678][2856][INFO] [CMD:1025]{"token":"b77qhj8kmkkgvjb46urfdt7sen","acc":"v6hrwzMYhvXU"}
[2021-09-21 14:14:41.708][2856][INFO] [CMD:1028]{"token":"b77qhj8kmkkgvjb46urfdt7sen","acc":"v6hrwzMYhvXU"}
[2021-09-21 14:14:41.720][2856][INFO] [CMD:1021]{"token":"b77qhj8kmkkgvjb46urfdt7sen","acc":"v6hrwzMYhvXU"}
[2021-09-21 14:15:04.295][2856][INFO] [CMD:101][ACC:v6hrwzMYhvXU]
[2021-09-21 14:15:04.701][2856][INFO] [CMD:1025]{"token":"hqnj7sf07bf24t2tm8fqef5m9e","acc":"v6hrwzMYhvXU"}
[2021-09-21 14:15:04.707][2856][INFO] [CMD:1021]{"token":"hqnj7sf07bf24t2tm8fqef5m9e","acc":"v6hrwzMYhvXU"}
[2021-09-21 14:15:04.744][2856][INFO] [CMD:1028]{"token":"hqnj7sf07bf24t2tm8fqef5m9e","acc":"v6hrwzMYhvXU"}
[2021-09-21 14:20:04.021][2856][INFO] [CMD:101][ACC:v6hrwzMYhvXU]
[2021-09-21 14:20:04.180][2856][INFO] [CMD:1025]{"token":"9fr9s42s959h46lkva4aguvqmf","acc":"v6hrwzMYhvXU"}
[2021-09-21 14:20:04.221][2856][INFO] [CMD:1028]{"token":"9fr9s42s959h46lkva4aguvqmf","acc":"v6hrwzMYhvXU"}
[2021-09-21 14:20:04.221][2856][INFO] [CMD:1021]{"token":"9fr9s42s959h46lkva4aguvqmf","acc":"v6hrwzMYhvXU"}
[2021-09-21 14:20:09.066][2856][INFO] [CMD:1011]{"token":"9fr9s42s959h46lkva4aguvqmf","acc":"v6hrwzMYhvXU"}
[2021-09-21 14:20:09.070][2856][INFO] [CMD:1023]{"token":"9fr9s42s959h46lkva4aguvqmf","acc":"v6hrwzMYhvXU"}
[2021-09-21 14:20:09.071][2856][INFO] [CMD:1001]{"token":"9fr9s42s959h46lkva4aguvqmf","acc":"v6hrwzMYhvXU"}
[2021-09-21 14:25:23.462][2856][INFO] [CMD:101][ACC:v6hrwzMYhvXU]
[2021-09-21 14:25:23.606][2856][INFO] [CMD:1025]{"token":"e8st694l5bt3i8lehrf1nbpoe9","acc":"v6hrwzMYhvXU"}
[2021-09-21 14:25:23.625][2856][INFO] [CMD:1028]{"token":"e8st694l5bt3i8lehrf1nbpoe9","acc":"v6hrwzMYhvXU"}
[2021-09-21 14:25:23.664][2856][INFO] [CMD:1021]{"token":"e8st694l5bt3i8lehrf1nbpoe9","acc":"v6hrwzMYhvXU"}
[2021-09-21 15:03:18.535][2856][INFO] [CMD:101][ACC:v6hrwzMYhvXU]
[2021-09-21 15:03:18.668][2856][INFO] [CMD:1025]{"token":"lo2pgpuhlfe7evgh8npb9hfhhd","acc":"v6hrwzMYhvXU"}
[2021-09-21 15:03:18.686][2856][INFO] [CMD:1028]{"token":"lo2pgpuhlfe7evgh8npb9hfhhd","acc":"v6hrwzMYhvXU"}
[2021-09-21 15:03:18.713][2856][INFO] [CMD:1021]{"token":"lo2pgpuhlfe7evgh8npb9hfhhd","acc":"v6hrwzMYhvXU"}
[2021-09-21 15:03:25.195][2856][INFO] [CMD:1001]{"token":"lo2pgpuhlfe7evgh8npb9hfhhd","acc":"v6hrwzMYhvXU"}
[2021-09-21 15:03:25.198][2856][INFO] [CMD:1023]{"token":"lo2pgpuhlfe7evgh8npb9hfhhd","acc":"v6hrwzMYhvXU"}
[2021-09-21 15:03:25.199][2856][INFO] [CMD:1011]{"token":"lo2pgpuhlfe7evgh8npb9hfhhd","acc":"v6hrwzMYhvXU"}
[2021-09-21 15:03:28.881][2856][INFO] [CMD:1011]{"token":"lo2pgpuhlfe7evgh8npb9hfhhd","acc":"v6hrwzMYhvXU"}
[2021-09-21 15:03:31.588][2856][INFO] [CMD:1030]{"token":"lo2pgpuhlfe7evgh8npb9hfhhd","acc":"v6hrwzMYhvXU","gachaId":1}
[2021-09-21 15:04:25.875][2856][INFO] [CMD:101][ACC:v6hrwzMYhvXU]
[2021-09-21 15:04:25.998][2856][INFO] [CMD:1025]{"token":"5vd3slqfjce6oniail3al5b1tv","acc":"v6hrwzMYhvXU"}
[2021-09-21 15:04:26.028][2856][INFO] [CMD:1021]{"token":"5vd3slqfjce6oniail3al5b1tv","acc":"v6hrwzMYhvXU"}
[2021-09-21 15:04:26.029][2856][INFO] [CMD:1028]{"token":"5vd3slqfjce6oniail3al5b1tv","acc":"v6hrwzMYhvXU"}
[2021-09-21 15:04:31.103][2856][INFO] [CMD:1023]{"token":"5vd3slqfjce6oniail3al5b1tv","acc":"v6hrwzMYhvXU"}
[2021-09-21 15:04:31.106][2856][INFO] [CMD:1001]{"token":"5vd3slqfjce6oniail3al5b1tv","acc":"v6hrwzMYhvXU"}
[2021-09-21 15:04:31.114][2856][INFO] [CMD:1011]{"token":"5vd3slqfjce6oniail3al5b1tv","acc":"v6hrwzMYhvXU"}
[2021-09-21 15:04:33.230][2856][INFO] [CMD:1011]{"token":"5vd3slqfjce6oniail3al5b1tv","acc":"v6hrwzMYhvXU"}
[2021-09-21 15:04:34.769][2856][INFO] [CMD:1030]{"token":"5vd3slqfjce6oniail3al5b1tv","acc":"v6hrwzMYhvXU","gachaId":1}
[2021-09-21 15:11:36.164][2856][INFO] [CMD:101][ACC:v6hrwzMYhvXU]
[2021-09-21 15:11:36.509][2856][INFO] [CMD:1025]{"token":"t1tt34ku7rd1ngim1vouqvv2r2","acc":"v6hrwzMYhvXU"}
[2021-09-21 15:11:36.532][2856][INFO] [CMD:1028]{"token":"t1tt34ku7rd1ngim1vouqvv2r2","acc":"v6hrwzMYhvXU"}
[2021-09-21 15:11:36.547][2856][INFO] [CMD:1021]{"token":"t1tt34ku7rd1ngim1vouqvv2r2","acc":"v6hrwzMYhvXU"}
[2021-09-21 15:11:41.808][2856][INFO] [CMD:1023]{"token":"t1tt34ku7rd1ngim1vouqvv2r2","acc":"v6hrwzMYhvXU"}
[2021-09-21 15:11:41.808][2856][INFO] [CMD:1011]{"token":"t1tt34ku7rd1ngim1vouqvv2r2","acc":"v6hrwzMYhvXU"}
[2021-09-21 15:11:41.821][2856][INFO] [CMD:1001]{"token":"t1tt34ku7rd1ngim1vouqvv2r2","acc":"v6hrwzMYhvXU"}
[2021-09-21 15:11:44.872][2856][INFO] [CMD:1011]{"token":"t1tt34ku7rd1ngim1vouqvv2r2","acc":"v6hrwzMYhvXU"}
[2021-09-21 15:11:46.267][2856][INFO] [CMD:1030]{"token":"t1tt34ku7rd1ngim1vouqvv2r2","acc":"v6hrwzMYhvXU","gachaId":1}
[2021-09-21 15:12:20.466][2856][INFO] [CMD:101][ACC:v6hrwzMYhvXU]
[2021-09-21 15:12:20.618][2856][INFO] [CMD:1025]{"token":"0fj2j5e396i2beu7q3k4ndm19r","acc":"v6hrwzMYhvXU"}
[2021-09-21 15:12:20.622][2856][INFO] [CMD:1021]{"token":"0fj2j5e396i2beu7q3k4ndm19r","acc":"v6hrwzMYhvXU"}
[2021-09-21 15:12:20.636][2856][INFO] [CMD:1028]{"token":"0fj2j5e396i2beu7q3k4ndm19r","acc":"v6hrwzMYhvXU"}
[2021-09-21 15:12:25.745][2856][INFO] [CMD:1023]{"token":"0fj2j5e396i2beu7q3k4ndm19r","acc":"v6hrwzMYhvXU"}
[2021-09-21 15:12:25.750][2856][INFO] [CMD:1011]{"token":"0fj2j5e396i2beu7q3k4ndm19r","acc":"v6hrwzMYhvXU"}
[2021-09-21 15:12:25.751][2856][INFO] [CMD:1001]{"token":"0fj2j5e396i2beu7q3k4ndm19r","acc":"v6hrwzMYhvXU"}
[2021-09-21 15:12:38.143][2856][INFO] [CMD:1011]{"token":"0fj2j5e396i2beu7q3k4ndm19r","acc":"v6hrwzMYhvXU"}
[2021-09-21 15:12:39.504][2856][INFO] [CMD:1030]{"token":"0fj2j5e396i2beu7q3k4ndm19r","acc":"v6hrwzMYhvXU","gachaId":1}
[2021-09-21 15:12:53.136][2856][INFO] [CMD:101][ACC:v6hrwzMYhvXU]
[2021-09-21 15:12:53.373][2856][INFO] [CMD:1025]{"token":"61p3dsu33fiqf1vikn4mn65gnn","acc":"v6hrwzMYhvXU"}
[2021-09-21 15:12:53.391][2856][INFO] [CMD:1021]{"token":"61p3dsu33fiqf1vikn4mn65gnn","acc":"v6hrwzMYhvXU"}
[2021-09-21 15:12:53.403][2856][INFO] [CMD:1028]{"token":"61p3dsu33fiqf1vikn4mn65gnn","acc":"v6hrwzMYhvXU"}
[2021-09-21 15:12:58.718][2856][INFO] [CMD:1001]{"token":"61p3dsu33fiqf1vikn4mn65gnn","acc":"v6hrwzMYhvXU"}
[2021-09-21 15:12:58.720][2856][INFO] [CMD:1023]{"token":"61p3dsu33fiqf1vikn4mn65gnn","acc":"v6hrwzMYhvXU"}
[2021-09-21 15:12:58.728][2856][INFO] [CMD:1011]{"token":"61p3dsu33fiqf1vikn4mn65gnn","acc":"v6hrwzMYhvXU"}
[2021-09-21 15:13:03.677][2856][INFO] [CMD:1011]{"token":"61p3dsu33fiqf1vikn4mn65gnn","acc":"v6hrwzMYhvXU"}
[2021-09-21 15:13:04.760][2856][INFO] [CMD:1030]{"token":"61p3dsu33fiqf1vikn4mn65gnn","acc":"v6hrwzMYhvXU","gachaId":1}
[2021-09-21 15:13:33.346][2856][INFO] [CMD:101][ACC:v6hrwzMYhvXU]
[2021-09-21 15:13:33.974][2856][INFO] [CMD:1025]{"token":"nmctt1ps2s5bb4gauilaah4h57","acc":"v6hrwzMYhvXU"}
[2021-09-21 15:13:33.990][2856][INFO] [CMD:1028]{"token":"nmctt1ps2s5bb4gauilaah4h57","acc":"v6hrwzMYhvXU"}
[2021-09-21 15:13:34.005][2856][INFO] [CMD:1021]{"token":"nmctt1ps2s5bb4gauilaah4h57","acc":"v6hrwzMYhvXU"}
[2021-09-21 15:13:40.922][2856][INFO] [CMD:1011]{"token":"nmctt1ps2s5bb4gauilaah4h57","acc":"v6hrwzMYhvXU"}
[2021-09-21 15:13:40.922][2856][INFO] [CMD:1001]{"token":"nmctt1ps2s5bb4gauilaah4h57","acc":"v6hrwzMYhvXU"}
[2021-09-21 15:13:40.924][2856][INFO] [CMD:1023]{"token":"nmctt1ps2s5bb4gauilaah4h57","acc":"v6hrwzMYhvXU"}
[2021-09-21 15:13:44.017][2856][INFO] [CMD:1011]{"token":"nmctt1ps2s5bb4gauilaah4h57","acc":"v6hrwzMYhvXU"}
[2021-09-21 15:13:45.336][2856][INFO] [CMD:1030]{"token":"nmctt1ps2s5bb4gauilaah4h57","acc":"v6hrwzMYhvXU","gachaId":1}
[2021-09-21 15:14:45.505][2856][INFO] [CMD:1001]{"token":"nmctt1ps2s5bb4gauilaah4h57","acc":"v6hrwzMYhvXU"}
[2021-09-21 15:14:47.819][2856][INFO] [CMD:1030]{"token":"nmctt1ps2s5bb4gauilaah4h57","acc":"v6hrwzMYhvXU","gachaId":1}
[2021-09-21 15:17:59.646][2856][INFO] [CMD:101][ACC:v6hrwzMYhvXU]
[2021-09-21 15:17:59.857][2856][INFO] [CMD:1021]{"token":"gejnsjrva2gok6t2uhubo4182l","acc":"v6hrwzMYhvXU"}
[2021-09-21 15:17:59.873][2856][INFO] [CMD:1025]{"token":"gejnsjrva2gok6t2uhubo4182l","acc":"v6hrwzMYhvXU"}
[2021-09-21 15:17:59.873][2856][INFO] [CMD:1028]{"token":"gejnsjrva2gok6t2uhubo4182l","acc":"v6hrwzMYhvXU"}
[2021-09-21 15:18:05.342][2856][INFO] [CMD:1011]{"token":"gejnsjrva2gok6t2uhubo4182l","acc":"v6hrwzMYhvXU"}
[2021-09-21 15:18:05.350][2856][INFO] [CMD:1023]{"token":"gejnsjrva2gok6t2uhubo4182l","acc":"v6hrwzMYhvXU"}
[2021-09-21 15:18:05.351][2856][INFO] [CMD:1001]{"token":"gejnsjrva2gok6t2uhubo4182l","acc":"v6hrwzMYhvXU"}
[2021-09-21 15:18:08.918][2856][INFO] [CMD:1011]{"token":"gejnsjrva2gok6t2uhubo4182l","acc":"v6hrwzMYhvXU"}
[2021-09-21 15:18:10.378][2856][INFO] [CMD:1030]{"token":"gejnsjrva2gok6t2uhubo4182l","acc":"v6hrwzMYhvXU","gachaId":1}
[2021-09-21 15:19:42.907][2856][INFO] [CMD:101][ACC:v6hrwzMYhvXU]
[2021-09-21 15:19:43.061][2856][INFO] [CMD:1025]{"token":"e2vvgjn4m0gllc0t1fdph0j6tm","acc":"v6hrwzMYhvXU"}
[2021-09-21 15:19:43.088][2856][INFO] [CMD:1028]{"token":"e2vvgjn4m0gllc0t1fdph0j6tm","acc":"v6hrwzMYhvXU"}
[2021-09-21 15:19:43.107][2856][INFO] [CMD:1021]{"token":"e2vvgjn4m0gllc0t1fdph0j6tm","acc":"v6hrwzMYhvXU"}
[2021-09-21 15:19:48.147][2856][INFO] [CMD:1011]{"token":"e2vvgjn4m0gllc0t1fdph0j6tm","acc":"v6hrwzMYhvXU"}
[2021-09-21 15:19:48.147][2856][INFO] [CMD:1001]{"token":"e2vvgjn4m0gllc0t1fdph0j6tm","acc":"v6hrwzMYhvXU"}
[2021-09-21 15:19:48.151][2856][INFO] [CMD:1023]{"token":"e2vvgjn4m0gllc0t1fdph0j6tm","acc":"v6hrwzMYhvXU"}
[2021-09-21 15:19:50.735][2856][INFO] [CMD:1011]{"token":"e2vvgjn4m0gllc0t1fdph0j6tm","acc":"v6hrwzMYhvXU"}
[2021-09-21 15:19:52.066][2856][INFO] [CMD:1030]{"token":"e2vvgjn4m0gllc0t1fdph0j6tm","acc":"v6hrwzMYhvXU","gachaId":1}
[2021-09-21 15:25:28.505][2856][INFO] [CMD:101][ACC:v6hrwzMYhvXU]
[2021-09-21 15:25:28.968][2856][INFO] [CMD:1028]{"token":"r1ldm6fmlatn1khv2ut99iklf5","acc":"v6hrwzMYhvXU"}
[2021-09-21 15:25:28.980][2856][INFO] [CMD:1025]{"token":"r1ldm6fmlatn1khv2ut99iklf5","acc":"v6hrwzMYhvXU"}
[2021-09-21 15:25:28.992][2856][INFO] [CMD:1021]{"token":"r1ldm6fmlatn1khv2ut99iklf5","acc":"v6hrwzMYhvXU"}
[2021-09-21 15:25:34.141][2856][INFO] [CMD:1011]{"token":"r1ldm6fmlatn1khv2ut99iklf5","acc":"v6hrwzMYhvXU"}
[2021-09-21 15:25:34.146][2856][INFO] [CMD:1023]{"token":"r1ldm6fmlatn1khv2ut99iklf5","acc":"v6hrwzMYhvXU"}
[2021-09-21 15:25:34.154][2856][INFO] [CMD:1001]{"token":"r1ldm6fmlatn1khv2ut99iklf5","acc":"v6hrwzMYhvXU"}
[2021-09-21 15:25:38.746][2856][INFO] [CMD:1011]{"token":"r1ldm6fmlatn1khv2ut99iklf5","acc":"v6hrwzMYhvXU"}
[2021-09-21 15:25:40.239][2856][INFO] [CMD:1030]{"token":"r1ldm6fmlatn1khv2ut99iklf5","acc":"v6hrwzMYhvXU","gachaId":1}
[2021-09-21 15:26:12.763][2856][INFO] [CMD:1001]{"token":"r1ldm6fmlatn1khv2ut99iklf5","acc":"v6hrwzMYhvXU"}
[2021-09-21 15:26:12.780][2856][INFO] [CMD:1042]{"token":"r1ldm6fmlatn1khv2ut99iklf5","acc":"v6hrwzMYhvXU","gachaId":1}
[2021-09-21 15:26:23.366][2856][INFO] [CMD:1001]{"token":"r1ldm6fmlatn1khv2ut99iklf5","acc":"v6hrwzMYhvXU"}
[2021-09-21 15:26:23.370][2856][INFO] [CMD:1042]{"token":"r1ldm6fmlatn1khv2ut99iklf5","acc":"v6hrwzMYhvXU","gachaId":1}
[2021-09-21 15:26:33.740][2856][INFO] [CMD:1001]{"token":"r1ldm6fmlatn1khv2ut99iklf5","acc":"v6hrwzMYhvXU"}
[2021-09-21 15:26:36.049][2856][INFO] [CMD:1030]{"token":"r1ldm6fmlatn1khv2ut99iklf5","acc":"v6hrwzMYhvXU","gachaId":1}
[2021-09-21 15:27:09.351][2856][INFO] [CMD:1001]{"token":"r1ldm6fmlatn1khv2ut99iklf5","acc":"v6hrwzMYhvXU"}
[2021-09-21 15:27:09.359][2856][INFO] [CMD:1042]{"token":"r1ldm6fmlatn1khv2ut99iklf5","acc":"v6hrwzMYhvXU","gachaId":1}
[2021-09-21 15:27:19.609][2856][INFO] [CMD:1001]{"token":"r1ldm6fmlatn1khv2ut99iklf5","acc":"v6hrwzMYhvXU"}
[2021-09-21 15:27:19.637][2856][INFO] [CMD:1042]{"token":"r1ldm6fmlatn1khv2ut99iklf5","acc":"v6hrwzMYhvXU","gachaId":1}
[2021-09-21 15:27:30.083][2856][INFO] [CMD:1001]{"token":"r1ldm6fmlatn1khv2ut99iklf5","acc":"v6hrwzMYhvXU"}
[2021-09-21 15:27:34.983][2856][INFO] [CMD:1001]{"token":"r1ldm6fmlatn1khv2ut99iklf5","acc":"v6hrwzMYhvXU"}
[2021-09-21 15:27:34.988][2856][INFO] [CMD:1011]{"token":"r1ldm6fmlatn1khv2ut99iklf5","acc":"v6hrwzMYhvXU"}
[2021-09-21 15:27:38.569][2856][INFO] [CMD:1007]{"token":"r1ldm6fmlatn1khv2ut99iklf5","acc":"v6hrwzMYhvXU","guid":404,"site":6}
[2021-09-21 15:27:40.184][2856][INFO] [CMD:1007]{"token":"r1ldm6fmlatn1khv2ut99iklf5","acc":"v6hrwzMYhvXU","guid":389,"site":0}
[2021-09-21 15:27:40.523][2856][INFO] [CMD:1007]{"token":"r1ldm6fmlatn1khv2ut99iklf5","acc":"v6hrwzMYhvXU","guid":394,"site":5}
[2021-09-21 15:27:42.514][2856][INFO] [CMD:1002]{"token":"r1ldm6fmlatn1khv2ut99iklf5","acc":"v6hrwzMYhvXU","guid":394,"count":1}
[2021-09-21 15:27:42.525][2856][INFO] [CMD:1045]{"token":"r1ldm6fmlatn1khv2ut99iklf5","acc":"v6hrwzMYhvXU","missionId":4,"missionType":1,"count":1}
[2021-09-21 15:27:43.230][2856][INFO] [CMD:1002]{"token":"r1ldm6fmlatn1khv2ut99iklf5","acc":"v6hrwzMYhvXU","guid":394,"count":1}
[2021-09-21 15:27:43.237][2856][INFO] [CMD:1045]{"token":"r1ldm6fmlatn1khv2ut99iklf5","acc":"v6hrwzMYhvXU","missionId":4,"missionType":1,"count":1}
[2021-09-21 15:27:43.730][2856][INFO] [CMD:1002]{"token":"r1ldm6fmlatn1khv2ut99iklf5","acc":"v6hrwzMYhvXU","guid":394,"count":1}
[2021-09-21 15:27:43.743][2856][INFO] [CMD:1045]{"token":"r1ldm6fmlatn1khv2ut99iklf5","acc":"v6hrwzMYhvXU","missionId":4,"missionType":1,"count":1}
[2021-09-21 15:27:46.268][2856][INFO] [CMD:1002]{"token":"r1ldm6fmlatn1khv2ut99iklf5","acc":"v6hrwzMYhvXU","guid":404,"count":1}
[2021-09-21 15:27:46.493][2856][INFO] [CMD:1045]{"token":"r1ldm6fmlatn1khv2ut99iklf5","acc":"v6hrwzMYhvXU","missionId":4,"missionType":1,"count":1}
[2021-09-21 15:27:46.974][2856][INFO] [CMD:1002]{"token":"r1ldm6fmlatn1khv2ut99iklf5","acc":"v6hrwzMYhvXU","guid":404,"count":1}
[2021-09-21 15:27:46.977][2856][INFO] [CMD:1045]{"token":"r1ldm6fmlatn1khv2ut99iklf5","acc":"v6hrwzMYhvXU","missionId":4,"missionType":1,"count":1}
[2021-09-21 15:27:49.315][2856][INFO] [CMD:1002]{"token":"r1ldm6fmlatn1khv2ut99iklf5","acc":"v6hrwzMYhvXU","guid":404,"count":1}
[2021-09-21 15:27:49.325][2856][INFO] [CMD:1045]{"token":"r1ldm6fmlatn1khv2ut99iklf5","acc":"v6hrwzMYhvXU","missionId":4,"missionType":1,"count":1}
[2021-09-21 15:52:57.399][2856][INFO] [CMD:101][ACC:v6hrwzMYhvXU]
[2021-09-21 15:52:58.028][2856][INFO] [CMD:1025]{"token":"ilrb4veclpv6cjnram640hq47v","acc":"v6hrwzMYhvXU"}
[2021-09-21 15:52:58.065][2856][INFO] [CMD:1021]{"token":"ilrb4veclpv6cjnram640hq47v","acc":"v6hrwzMYhvXU"}
[2021-09-21 15:52:58.079][2856][INFO] [CMD:1028]{"token":"ilrb4veclpv6cjnram640hq47v","acc":"v6hrwzMYhvXU"}
[2021-09-21 15:53:06.785][2856][INFO] [CMD:1023]{"token":"ilrb4veclpv6cjnram640hq47v","acc":"v6hrwzMYhvXU"}
[2021-09-21 15:53:06.832][2856][INFO] [CMD:1011]{"token":"ilrb4veclpv6cjnram640hq47v","acc":"v6hrwzMYhvXU"}
[2021-09-21 15:53:06.844][2856][INFO] [CMD:1001]{"token":"ilrb4veclpv6cjnram640hq47v","acc":"v6hrwzMYhvXU"}
[2021-09-21 15:53:20.135][2856][INFO] [CMD:1011]{"token":"ilrb4veclpv6cjnram640hq47v","acc":"v6hrwzMYhvXU"}
[2021-09-21 15:53:43.497][2856][INFO] [CMD:1030]{"token":"ilrb4veclpv6cjnram640hq47v","acc":"v6hrwzMYhvXU","gachaId":1}
[2021-09-21 16:02:26.765][2856][INFO] [CMD:101][ACC:v6hrwzMYhvXU]
[2021-09-21 16:02:26.926][2856][INFO] [CMD:1025]{"token":"t2dv32b3ttigi6i6bie258kdtr","acc":"v6hrwzMYhvXU"}
[2021-09-21 16:02:26.966][2856][INFO] [CMD:1021]{"token":"t2dv32b3ttigi6i6bie258kdtr","acc":"v6hrwzMYhvXU"}
[2021-09-21 16:02:26.980][2856][INFO] [CMD:1028]{"token":"t2dv32b3ttigi6i6bie258kdtr","acc":"v6hrwzMYhvXU"}
[2021-09-21 16:23:57.252][2856][INFO] [CMD:101][ACC:v6hrwzMYhvXU]
[2021-09-21 16:23:57.413][2856][INFO] [CMD:1028]{"token":"h6bg2m6fmrunanj7empf0u0rlv","acc":"v6hrwzMYhvXU"}
[2021-09-21 16:23:57.427][2856][INFO] [CMD:1025]{"token":"h6bg2m6fmrunanj7empf0u0rlv","acc":"v6hrwzMYhvXU"}
[2021-09-21 16:23:57.442][2856][INFO] [CMD:1021]{"token":"h6bg2m6fmrunanj7empf0u0rlv","acc":"v6hrwzMYhvXU"}
[2021-09-21 16:24:05.197][2856][INFO] [CMD:1023]{"token":"h6bg2m6fmrunanj7empf0u0rlv","acc":"v6hrwzMYhvXU"}
[2021-09-21 16:24:05.224][2856][INFO] [CMD:1011]{"token":"h6bg2m6fmrunanj7empf0u0rlv","acc":"v6hrwzMYhvXU"}
[2021-09-21 16:24:05.235][2856][INFO] [CMD:1001]{"token":"h6bg2m6fmrunanj7empf0u0rlv","acc":"v6hrwzMYhvXU"}
[2021-09-21 16:24:09.053][2856][INFO] [CMD:1011]{"token":"h6bg2m6fmrunanj7empf0u0rlv","acc":"v6hrwzMYhvXU"}
[2021-09-21 16:24:10.594][2856][INFO] [CMD:1030]{"token":"h6bg2m6fmrunanj7empf0u0rlv","acc":"v6hrwzMYhvXU","gachaId":1}
[2021-09-21 16:31:25.801][2856][INFO] [CMD:101][ACC:v6hrwzMYhvXU]
[2021-09-21 16:31:25.949][2856][INFO] [CMD:1025]{"token":"j10in64q6hgpgtetksh4a3b7v1","acc":"v6hrwzMYhvXU"}
[2021-09-21 16:31:25.976][2856][INFO] [CMD:1021]{"token":"j10in64q6hgpgtetksh4a3b7v1","acc":"v6hrwzMYhvXU"}
[2021-09-21 16:31:25.995][2856][INFO] [CMD:1028]{"token":"j10in64q6hgpgtetksh4a3b7v1","acc":"v6hrwzMYhvXU"}
[2021-09-21 16:31:33.993][2856][INFO] [CMD:1023]{"token":"j10in64q6hgpgtetksh4a3b7v1","acc":"v6hrwzMYhvXU"}
[2021-09-21 16:31:34.009][2856][INFO] [CMD:1001]{"token":"j10in64q6hgpgtetksh4a3b7v1","acc":"v6hrwzMYhvXU"}
[2021-09-21 16:31:34.024][2856][INFO] [CMD:1011]{"token":"j10in64q6hgpgtetksh4a3b7v1","acc":"v6hrwzMYhvXU"}
[2021-09-21 16:40:30.317][2856][INFO] [CMD:1011]{"token":"j10in64q6hgpgtetksh4a3b7v1","acc":"v6hrwzMYhvXU"}
[2021-09-21 16:40:31.829][2856][INFO] [CMD:1030]{"token":"j10in64q6hgpgtetksh4a3b7v1","acc":"v6hrwzMYhvXU","gachaId":1}
[2021-09-21 16:41:44.223][2856][INFO] [CMD:101][ACC:v6hrwzMYhvXU]
[2021-09-21 16:41:44.401][2856][INFO] [CMD:1021]{"token":"c76gh5j3rfeui34sn7qjhamn2l","acc":"v6hrwzMYhvXU"}
[2021-09-21 16:41:44.405][2856][INFO] [CMD:1025]{"token":"c76gh5j3rfeui34sn7qjhamn2l","acc":"v6hrwzMYhvXU"}
[2021-09-21 16:41:44.406][2856][INFO] [CMD:1028]{"token":"c76gh5j3rfeui34sn7qjhamn2l","acc":"v6hrwzMYhvXU"}
[2021-09-21 16:41:55.534][2856][INFO] [CMD:1023]{"token":"c76gh5j3rfeui34sn7qjhamn2l","acc":"v6hrwzMYhvXU"}
[2021-09-21 16:41:55.548][2856][INFO] [CMD:1001]{"token":"c76gh5j3rfeui34sn7qjhamn2l","acc":"v6hrwzMYhvXU"}
[2021-09-21 16:41:55.559][2856][INFO] [CMD:1011]{"token":"c76gh5j3rfeui34sn7qjhamn2l","acc":"v6hrwzMYhvXU"}
[2021-09-21 16:41:58.201][2856][INFO] [CMD:1011]{"token":"c76gh5j3rfeui34sn7qjhamn2l","acc":"v6hrwzMYhvXU"}
[2021-09-21 16:41:59.465][2856][INFO] [CMD:1030]{"token":"c76gh5j3rfeui34sn7qjhamn2l","acc":"v6hrwzMYhvXU","gachaId":1}
[2021-09-21 16:42:44.793][2856][INFO] [CMD:1042]{"token":"c76gh5j3rfeui34sn7qjhamn2l","acc":"v6hrwzMYhvXU","gachaId":1}
[2021-09-21 16:42:44.794][2856][INFO] [CMD:1001]{"token":"c76gh5j3rfeui34sn7qjhamn2l","acc":"v6hrwzMYhvXU"}
[2021-09-21 16:42:58.559][2856][INFO] [CMD:1001]{"token":"c76gh5j3rfeui34sn7qjhamn2l","acc":"v6hrwzMYhvXU"}
[2021-09-21 17:02:19.281][2856][INFO] [CMD:1030]{"token":"c76gh5j3rfeui34sn7qjhamn2l","acc":"v6hrwzMYhvXU","gachaId":1}
[2021-09-21 17:45:18.157][2856][INFO] [CMD:101][ACC:v6hrwzMYhvXU]
[2021-09-21 17:45:18.355][2856][INFO] [CMD:1021]{"token":"vdqdrdsham5afhumghiih7bb8p","acc":"v6hrwzMYhvXU"}
[2021-09-21 17:45:18.360][2856][INFO] [CMD:1025]{"token":"vdqdrdsham5afhumghiih7bb8p","acc":"v6hrwzMYhvXU"}
[2021-09-21 17:45:18.374][2856][INFO] [CMD:1028]{"token":"vdqdrdsham5afhumghiih7bb8p","acc":"v6hrwzMYhvXU"}
[2021-09-21 17:45:28.447][2856][INFO] [CMD:1023]{"token":"vdqdrdsham5afhumghiih7bb8p","acc":"v6hrwzMYhvXU"}
[2021-09-21 17:45:28.453][2856][INFO] [CMD:1001]{"token":"vdqdrdsham5afhumghiih7bb8p","acc":"v6hrwzMYhvXU"}
[2021-09-21 17:45:28.461][2856][INFO] [CMD:1011]{"token":"vdqdrdsham5afhumghiih7bb8p","acc":"v6hrwzMYhvXU"}
[2021-09-21 17:45:31.021][2856][INFO] [CMD:1011]{"token":"vdqdrdsham5afhumghiih7bb8p","acc":"v6hrwzMYhvXU"}
[2021-09-21 17:45:32.240][2856][INFO] [CMD:1030]{"token":"vdqdrdsham5afhumghiih7bb8p","acc":"v6hrwzMYhvXU","gachaId":1}
[2021-09-21 17:47:12.409][2856][INFO] [CMD:101][ACC:v6hrwzMYhvXU]
[2021-09-21 17:47:12.565][2856][INFO] [CMD:1025]{"token":"gicofoscg67a4qte4upftinsbc","acc":"v6hrwzMYhvXU"}
[2021-09-21 17:47:12.629][2856][INFO] [CMD:1021]{"token":"gicofoscg67a4qte4upftinsbc","acc":"v6hrwzMYhvXU"}
[2021-09-21 17:47:12.629][2856][INFO] [CMD:1028]{"token":"gicofoscg67a4qte4upftinsbc","acc":"v6hrwzMYhvXU"}
[2021-09-21 17:47:17.850][2856][INFO] [CMD:1001]{"token":"gicofoscg67a4qte4upftinsbc","acc":"v6hrwzMYhvXU"}
[2021-09-21 17:47:17.865][2856][INFO] [CMD:1011]{"token":"gicofoscg67a4qte4upftinsbc","acc":"v6hrwzMYhvXU"}
[2021-09-21 17:47:17.871][2856][INFO] [CMD:1023]{"token":"gicofoscg67a4qte4upftinsbc","acc":"v6hrwzMYhvXU"}
[2021-09-21 17:47:20.504][2856][INFO] [CMD:1011]{"token":"gicofoscg67a4qte4upftinsbc","acc":"v6hrwzMYhvXU"}
[2021-09-21 17:47:21.821][2856][INFO] [CMD:1030]{"token":"gicofoscg67a4qte4upftinsbc","acc":"v6hrwzMYhvXU","gachaId":1}
[2021-09-21 17:48:08.418][2856][INFO] [CMD:101][ACC:v6hrwzMYhvXU]
[2021-09-21 17:48:08.592][2856][INFO] [CMD:1025]{"token":"85edbs6d8mm12vrnes8mreqbpp","acc":"v6hrwzMYhvXU"}
[2021-09-21 17:48:08.610][2856][INFO] [CMD:1028]{"token":"85edbs6d8mm12vrnes8mreqbpp","acc":"v6hrwzMYhvXU"}
[2021-09-21 17:48:08.618][2856][INFO] [CMD:1021]{"token":"85edbs6d8mm12vrnes8mreqbpp","acc":"v6hrwzMYhvXU"}
[2021-09-21 17:48:14.217][2856][INFO] [CMD:1023]{"token":"85edbs6d8mm12vrnes8mreqbpp","acc":"v6hrwzMYhvXU"}
[2021-09-21 17:48:14.217][2856][INFO] [CMD:1001]{"token":"85edbs6d8mm12vrnes8mreqbpp","acc":"v6hrwzMYhvXU"}
[2021-09-21 17:48:14.218][2856][INFO] [CMD:1011]{"token":"85edbs6d8mm12vrnes8mreqbpp","acc":"v6hrwzMYhvXU"}
[2021-09-21 17:48:17.026][2856][INFO] [CMD:1011]{"token":"85edbs6d8mm12vrnes8mreqbpp","acc":"v6hrwzMYhvXU"}
[2021-09-21 17:48:18.449][2856][INFO] [CMD:1030]{"token":"85edbs6d8mm12vrnes8mreqbpp","acc":"v6hrwzMYhvXU","gachaId":1}
[2021-09-21 17:48:54.892][2856][INFO] [CMD:1001]{"token":"85edbs6d8mm12vrnes8mreqbpp","acc":"v6hrwzMYhvXU"}
[2021-09-21 17:48:56.460][2856][INFO] [CMD:1030]{"token":"85edbs6d8mm12vrnes8mreqbpp","acc":"v6hrwzMYhvXU","gachaId":1}
