[2021-09-08 09:20:11.930][29472][INFO] [CMD:101][ACC:2zMZDLfsezdv]
[2021-09-08 09:20:12.070][29472][INFO] [CMD:1025]{"token":"r735hb346e0vo3kttile33oe7n","acc":"2zMZDLfsezdv"}
[2021-09-08 09:20:12.078][29472][INFO] [CMD:1028]{"token":"r735hb346e0vo3kttile33oe7n","acc":"2zMZDLfsezdv"}
[2021-09-08 09:20:12.105][29472][INFO] [CMD:1021]{"token":"r735hb346e0vo3kttile33oe7n","acc":"2zMZDLfsezdv"}
[2021-09-08 09:20:21.691][29472][INFO] [CMD:1001]{"token":"r735hb346e0vo3kttile33oe7n","acc":"2zMZDLfsezdv"}
[2021-09-08 09:20:21.693][29472][INFO] [CMD:1023]{"token":"r735hb346e0vo3kttile33oe7n","acc":"2zMZDLfsezdv"}
[2021-09-08 09:20:21.710][29472][INFO] [CMD:1011]{"token":"r735hb346e0vo3kttile33oe7n","acc":"2zMZDLfsezdv"}
[2021-09-08 09:20:39.256][29472][INFO] [CMD:1011]{"token":"r735hb346e0vo3kttile33oe7n","acc":"2zMZDLfsezdv"}
[2021-09-08 09:20:48.119][29472][INFO] [CMD:1041]{"token":"r735hb346e0vo3kttile33oe7n","acc":"2zMZDLfsezdv","point":1000,"money":300,"email":"sss@sss.com"}
[2021-09-08 09:35:26.801][29472][INFO] [CMD:101][ACC:2zMZDLfsezdv]
[2021-09-08 09:35:26.956][29472][INFO] [CMD:1025]{"token":"hi44nvpb8hj26b8uddr1fusc4c","acc":"2zMZDLfsezdv"}
[2021-09-08 09:35:26.969][29472][INFO] [CMD:1021]{"token":"hi44nvpb8hj26b8uddr1fusc4c","acc":"2zMZDLfsezdv"}
[2021-09-08 09:35:26.971][29472][INFO] [CMD:1028]{"token":"hi44nvpb8hj26b8uddr1fusc4c","acc":"2zMZDLfsezdv"}
[2021-09-08 09:35:37.891][29472][INFO] [CMD:1011]{"token":"hi44nvpb8hj26b8uddr1fusc4c","acc":"2zMZDLfsezdv"}
[2021-09-08 09:35:37.892][29472][INFO] [CMD:1001]{"token":"hi44nvpb8hj26b8uddr1fusc4c","acc":"2zMZDLfsezdv"}
[2021-09-08 09:35:37.908][29472][INFO] [CMD:1023]{"token":"hi44nvpb8hj26b8uddr1fusc4c","acc":"2zMZDLfsezdv"}
[2021-09-08 09:35:40.147][29472][INFO] [CMD:1019]{"token":"hi44nvpb8hj26b8uddr1fusc4c","acc":"2zMZDLfsezdv","page":1}
[2021-09-08 09:35:40.798][29472][INFO] [CMD:1020]{"token":"hi44nvpb8hj26b8uddr1fusc4c","acc":"2zMZDLfsezdv","guid":102}
[2021-09-08 09:36:31.832][29472][INFO] [CMD:101][ACC:2zMZDLfsezdv]
[2021-09-08 09:36:31.997][29472][INFO] [CMD:1028]{"token":"rq3np19df7jpldpharhh5s5h9d","acc":"2zMZDLfsezdv"}
[2021-09-08 09:36:32.000][29472][INFO] [CMD:1025]{"token":"rq3np19df7jpldpharhh5s5h9d","acc":"2zMZDLfsezdv"}
[2021-09-08 09:36:32.016][29472][INFO] [CMD:1021]{"token":"rq3np19df7jpldpharhh5s5h9d","acc":"2zMZDLfsezdv"}
[2021-09-08 09:36:36.236][29472][INFO] [CMD:1011]{"token":"rq3np19df7jpldpharhh5s5h9d","acc":"2zMZDLfsezdv"}
[2021-09-08 09:36:36.260][29472][INFO] [CMD:1023]{"token":"rq3np19df7jpldpharhh5s5h9d","acc":"2zMZDLfsezdv"}
[2021-09-08 09:36:36.276][29472][INFO] [CMD:1001]{"token":"rq3np19df7jpldpharhh5s5h9d","acc":"2zMZDLfsezdv"}
[2021-09-08 09:37:19.701][29472][INFO] [CMD:101][ACC:2zMZDLfsezdv]
[2021-09-08 09:37:19.848][29472][INFO] [CMD:1025]{"token":"h7st3s0ejb97tduhvblt7mrg30","acc":"2zMZDLfsezdv"}
[2021-09-08 09:37:19.883][29472][INFO] [CMD:1028]{"token":"h7st3s0ejb97tduhvblt7mrg30","acc":"2zMZDLfsezdv"}
[2021-09-08 09:37:19.901][29472][INFO] [CMD:1021]{"token":"h7st3s0ejb97tduhvblt7mrg30","acc":"2zMZDLfsezdv"}
[2021-09-08 09:37:23.684][29472][INFO] [CMD:1001]{"token":"h7st3s0ejb97tduhvblt7mrg30","acc":"2zMZDLfsezdv"}
[2021-09-08 09:37:23.685][29472][INFO] [CMD:1011]{"token":"h7st3s0ejb97tduhvblt7mrg30","acc":"2zMZDLfsezdv"}
[2021-09-08 09:37:23.688][29472][INFO] [CMD:1023]{"token":"h7st3s0ejb97tduhvblt7mrg30","acc":"2zMZDLfsezdv"}
[2021-09-08 09:37:52.720][29472][INFO] [CMD:101][ACC:2zMZDLfsezdv]
[2021-09-08 09:37:52.862][29472][INFO] [CMD:1025]{"token":"qb426ilvg9s7r67tal1rpkksfc","acc":"2zMZDLfsezdv"}
[2021-09-08 09:37:52.868][29472][INFO] [CMD:1021]{"token":"qb426ilvg9s7r67tal1rpkksfc","acc":"2zMZDLfsezdv"}
[2021-09-08 09:37:52.875][29472][INFO] [CMD:1028]{"token":"qb426ilvg9s7r67tal1rpkksfc","acc":"2zMZDLfsezdv"}
[2021-09-08 09:37:59.047][29472][INFO] [CMD:1023]{"token":"qb426ilvg9s7r67tal1rpkksfc","acc":"2zMZDLfsezdv"}
[2021-09-08 09:37:59.067][29472][INFO] [CMD:1001]{"token":"qb426ilvg9s7r67tal1rpkksfc","acc":"2zMZDLfsezdv"}
[2021-09-08 09:37:59.067][29472][INFO] [CMD:1011]{"token":"qb426ilvg9s7r67tal1rpkksfc","acc":"2zMZDLfsezdv"}
[2021-09-08 09:39:14.382][29472][INFO] [CMD:101][ACC:2zMZDLfsezdv]
[2021-09-08 09:39:14.526][29472][INFO] [CMD:1025]{"token":"sp4c8pup3o08jmsgat2rpoe286","acc":"2zMZDLfsezdv"}
[2021-09-08 09:39:14.528][29472][INFO] [CMD:1028]{"token":"sp4c8pup3o08jmsgat2rpoe286","acc":"2zMZDLfsezdv"}
[2021-09-08 09:39:14.562][29472][INFO] [CMD:1021]{"token":"sp4c8pup3o08jmsgat2rpoe286","acc":"2zMZDLfsezdv"}
[2021-09-08 09:39:18.424][29472][INFO] [CMD:1011]{"token":"sp4c8pup3o08jmsgat2rpoe286","acc":"2zMZDLfsezdv"}
[2021-09-08 09:39:18.426][29472][INFO] [CMD:1023]{"token":"sp4c8pup3o08jmsgat2rpoe286","acc":"2zMZDLfsezdv"}
[2021-09-08 09:39:18.445][29472][INFO] [CMD:1001]{"token":"sp4c8pup3o08jmsgat2rpoe286","acc":"2zMZDLfsezdv"}
[2021-09-08 09:41:17.512][29472][INFO] [CMD:101][ACC:2zMZDLfsezdv]
[2021-09-08 09:41:17.638][29472][INFO] [CMD:1025]{"token":"2doocrss1rakdpa891pshpks31","acc":"2zMZDLfsezdv"}
[2021-09-08 09:41:17.656][29472][INFO] [CMD:1028]{"token":"2doocrss1rakdpa891pshpks31","acc":"2zMZDLfsezdv"}
[2021-09-08 09:41:17.700][29472][INFO] [CMD:1021]{"token":"2doocrss1rakdpa891pshpks31","acc":"2zMZDLfsezdv"}
[2021-09-08 09:41:49.781][29472][INFO] [CMD:1023]{"token":"2doocrss1rakdpa891pshpks31","acc":"2zMZDLfsezdv"}
[2021-09-08 09:41:49.796][29472][INFO] [CMD:1011]{"token":"2doocrss1rakdpa891pshpks31","acc":"2zMZDLfsezdv"}
[2021-09-08 09:41:49.808][29472][INFO] [CMD:1001]{"token":"2doocrss1rakdpa891pshpks31","acc":"2zMZDLfsezdv"}
[2021-09-08 09:42:26.497][29472][INFO] [CMD:1041]{"token":"2doocrss1rakdpa891pshpks31","acc":"2zMZDLfsezdv","point":1000,"money":300,"email":"sss@sss.com"}
[2021-09-08 09:43:49.121][29472][INFO] [CMD:101][ACC:2zMZDLfsezdv]
[2021-09-08 09:43:49.343][29472][INFO] [CMD:1025]{"token":"8j3a3naiivh7250bni9ja88umv","acc":"2zMZDLfsezdv"}
[2021-09-08 09:43:49.359][29472][INFO] [CMD:1028]{"token":"8j3a3naiivh7250bni9ja88umv","acc":"2zMZDLfsezdv"}
[2021-09-08 09:43:49.366][29472][INFO] [CMD:1021]{"token":"8j3a3naiivh7250bni9ja88umv","acc":"2zMZDLfsezdv"}
[2021-09-08 09:46:00.928][29472][INFO] [CMD:1011]{"token":"8j3a3naiivh7250bni9ja88umv","acc":"2zMZDLfsezdv"}
[2021-09-08 09:46:00.955][29472][INFO] [CMD:1023]{"token":"8j3a3naiivh7250bni9ja88umv","acc":"2zMZDLfsezdv"}
[2021-09-08 09:46:00.955][29472][INFO] [CMD:1001]{"token":"8j3a3naiivh7250bni9ja88umv","acc":"2zMZDLfsezdv"}
[2021-09-08 09:47:43.725][29472][INFO] [CMD:1041]{"token":"8j3a3naiivh7250bni9ja88umv","acc":"2zMZDLfsezdv","point":1000,"money":300,"email":"sss@sss.com"}
[2021-09-08 09:53:04.638][29472][INFO] [CMD:101][ACC:2zMZDLfsezdv]
[2021-09-08 09:53:04.810][29472][INFO] [CMD:1025]{"token":"pmlkpjansobl63kstf9m6kfcht","acc":"2zMZDLfsezdv"}
[2021-09-08 09:53:04.823][29472][INFO] [CMD:1021]{"token":"pmlkpjansobl63kstf9m6kfcht","acc":"2zMZDLfsezdv"}
[2021-09-08 09:53:04.842][29472][INFO] [CMD:1028]{"token":"pmlkpjansobl63kstf9m6kfcht","acc":"2zMZDLfsezdv"}
[2021-09-08 09:53:08.544][29472][INFO] [CMD:1023]{"token":"pmlkpjansobl63kstf9m6kfcht","acc":"2zMZDLfsezdv"}
[2021-09-08 09:53:08.560][29472][INFO] [CMD:1011]{"token":"pmlkpjansobl63kstf9m6kfcht","acc":"2zMZDLfsezdv"}
[2021-09-08 09:53:08.560][29472][INFO] [CMD:1001]{"token":"pmlkpjansobl63kstf9m6kfcht","acc":"2zMZDLfsezdv"}
[2021-09-08 09:58:58.537][29472][INFO] [CMD:1001]{"token":"pmlkpjansobl63kstf9m6kfcht","acc":"2zMZDLfsezdv"}
[2021-09-08 09:58:58.539][29472][INFO] [CMD:1011]{"token":"pmlkpjansobl63kstf9m6kfcht","acc":"2zMZDLfsezdv"}
[2021-09-08 09:59:00.843][29472][INFO] [CMD:1007]{"token":"pmlkpjansobl63kstf9m6kfcht","acc":"2zMZDLfsezdv","guid":309,"site":0}
[2021-09-08 09:59:00.912][29472][INFO] [CMD:1007]{"token":"pmlkpjansobl63kstf9m6kfcht","acc":"2zMZDLfsezdv","guid":235,"site":2}
[2021-09-08 09:59:02.875][29472][INFO] [CMD:1011]{"token":"pmlkpjansobl63kstf9m6kfcht","acc":"2zMZDLfsezdv"}
[2021-09-08 09:59:02.880][29472][INFO] [CMD:1001]{"token":"pmlkpjansobl63kstf9m6kfcht","acc":"2zMZDLfsezdv"}
[2021-09-08 09:59:05.849][29472][INFO] [CMD:1032]{"token":"pmlkpjansobl63kstf9m6kfcht","acc":"2zMZDLfsezdv","items":"[{\"guid\":309},{\"guid\":306}]"}
[2021-09-08 10:00:25.159][29472][INFO] [CMD:101][ACC:2zMZDLfsezdv]
[2021-09-08 10:00:25.430][29472][INFO] [CMD:1025]{"token":"bnfoafsknk9seoe9kpbq45upp1","acc":"2zMZDLfsezdv"}
[2021-09-08 10:00:25.457][29472][INFO] [CMD:1021]{"token":"bnfoafsknk9seoe9kpbq45upp1","acc":"2zMZDLfsezdv"}
[2021-09-08 10:00:25.464][29472][INFO] [CMD:1028]{"token":"bnfoafsknk9seoe9kpbq45upp1","acc":"2zMZDLfsezdv"}
[2021-09-08 10:00:29.234][29472][INFO] [CMD:1023]{"token":"bnfoafsknk9seoe9kpbq45upp1","acc":"2zMZDLfsezdv"}
[2021-09-08 10:00:29.246][29472][INFO] [CMD:1011]{"token":"bnfoafsknk9seoe9kpbq45upp1","acc":"2zMZDLfsezdv"}
[2021-09-08 10:00:29.249][29472][INFO] [CMD:1001]{"token":"bnfoafsknk9seoe9kpbq45upp1","acc":"2zMZDLfsezdv"}
[2021-09-08 10:01:47.493][29472][INFO] [CMD:101][ACC:2zMZDLfsezdv]
[2021-09-08 10:01:48.036][29472][INFO] [CMD:1025]{"token":"78fsqpu66v9cec4obuk8phuhqa","acc":"2zMZDLfsezdv"}
[2021-09-08 10:01:48.036][29472][INFO] [CMD:1021]{"token":"78fsqpu66v9cec4obuk8phuhqa","acc":"2zMZDLfsezdv"}
[2021-09-08 10:01:48.044][29472][INFO] [CMD:1028]{"token":"78fsqpu66v9cec4obuk8phuhqa","acc":"2zMZDLfsezdv"}
[2021-09-08 10:01:51.580][29472][INFO] [CMD:1023]{"token":"78fsqpu66v9cec4obuk8phuhqa","acc":"2zMZDLfsezdv"}
[2021-09-08 10:01:51.607][29472][INFO] [CMD:1001]{"token":"78fsqpu66v9cec4obuk8phuhqa","acc":"2zMZDLfsezdv"}
[2021-09-08 10:01:51.607][29472][INFO] [CMD:1011]{"token":"78fsqpu66v9cec4obuk8phuhqa","acc":"2zMZDLfsezdv"}
[2021-09-08 10:01:54.061][29472][INFO] [CMD:1019]{"token":"78fsqpu66v9cec4obuk8phuhqa","acc":"2zMZDLfsezdv","page":1}
[2021-09-08 10:01:54.671][29472][INFO] [CMD:1020]{"token":"78fsqpu66v9cec4obuk8phuhqa","acc":"2zMZDLfsezdv","guid":103}
[2021-09-08 10:01:57.498][29472][INFO] [CMD:1019]{"token":"78fsqpu66v9cec4obuk8phuhqa","acc":"2zMZDLfsezdv","page":1}
[2021-09-08 10:01:58.433][29472][INFO] [CMD:1020]{"token":"78fsqpu66v9cec4obuk8phuhqa","acc":"2zMZDLfsezdv","guid":104}
[2021-09-08 10:02:01.844][29472][INFO] [CMD:1019]{"token":"78fsqpu66v9cec4obuk8phuhqa","acc":"2zMZDLfsezdv","page":1}
[2021-09-08 10:02:22.365][29472][INFO] [CMD:1008]{"token":"78fsqpu66v9cec4obuk8phuhqa","acc":"2zMZDLfsezdv","creaftId":26,"count":11}
[2021-09-08 10:02:22.678][29472][INFO] [CMD:1001]{"token":"78fsqpu66v9cec4obuk8phuhqa","acc":"2zMZDLfsezdv"}
[2021-09-08 10:02:32.649][29472][INFO] [CMD:1001]{"token":"78fsqpu66v9cec4obuk8phuhqa","acc":"2zMZDLfsezdv"}
[2021-09-08 10:02:32.659][29472][INFO] [CMD:1011]{"token":"78fsqpu66v9cec4obuk8phuhqa","acc":"2zMZDLfsezdv"}
[2021-09-08 10:02:36.809][29472][INFO] [CMD:1007]{"token":"78fsqpu66v9cec4obuk8phuhqa","acc":"2zMZDLfsezdv","guid":265,"site":0}
[2021-09-08 10:02:36.912][29472][INFO] [CMD:1007]{"token":"78fsqpu66v9cec4obuk8phuhqa","acc":"2zMZDLfsezdv","guid":168,"site":3}
[2021-09-08 10:02:40.204][29472][INFO] [CMD:1001]{"token":"78fsqpu66v9cec4obuk8phuhqa","acc":"2zMZDLfsezdv"}
[2021-09-08 10:02:40.207][29472][INFO] [CMD:1011]{"token":"78fsqpu66v9cec4obuk8phuhqa","acc":"2zMZDLfsezdv"}
[2021-09-08 10:02:42.364][29472][INFO] [CMD:1007]{"token":"78fsqpu66v9cec4obuk8phuhqa","acc":"2zMZDLfsezdv","guid":168,"site":0}
[2021-09-08 10:02:42.435][29472][INFO] [CMD:1007]{"token":"78fsqpu66v9cec4obuk8phuhqa","acc":"2zMZDLfsezdv","guid":265,"site":3}
[2021-09-08 10:02:44.417][29472][INFO] [CMD:1007]{"token":"78fsqpu66v9cec4obuk8phuhqa","acc":"2zMZDLfsezdv","guid":244,"site":0}
[2021-09-08 10:02:44.486][29472][INFO] [CMD:1007]{"token":"78fsqpu66v9cec4obuk8phuhqa","acc":"2zMZDLfsezdv","guid":168,"site":4}
[2021-09-08 10:02:49.460][29472][INFO] [CMD:1002]{"token":"78fsqpu66v9cec4obuk8phuhqa","acc":"2zMZDLfsezdv","guid":265,"count":1}
[2021-09-08 10:02:53.004][29472][INFO] [CMD:1001]{"token":"78fsqpu66v9cec4obuk8phuhqa","acc":"2zMZDLfsezdv"}
[2021-09-08 10:02:53.011][29472][INFO] [CMD:1011]{"token":"78fsqpu66v9cec4obuk8phuhqa","acc":"2zMZDLfsezdv"}
[2021-09-08 10:02:54.690][29472][INFO] [CMD:1007]{"token":"78fsqpu66v9cec4obuk8phuhqa","acc":"2zMZDLfsezdv","guid":265,"site":0}
[2021-09-08 10:02:54.769][29472][INFO] [CMD:1007]{"token":"78fsqpu66v9cec4obuk8phuhqa","acc":"2zMZDLfsezdv","guid":169,"site":3}
[2021-09-08 10:02:57.576][29472][INFO] [CMD:1002]{"token":"78fsqpu66v9cec4obuk8phuhqa","acc":"2zMZDLfsezdv","guid":169,"count":1}
[2021-09-08 10:03:00.510][29472][INFO] [CMD:1004]{"token":"78fsqpu66v9cec4obuk8phuhqa","acc":"2zMZDLfsezdv","itemId":2,"count":1}
[2021-09-08 10:06:53.317][29472][INFO] [CMD:101][ACC:2zMZDLfsezdv]
[2021-09-08 10:06:53.470][29472][INFO] [CMD:1025]{"token":"vags5e8q0p6nhl9uqt78c5s41m","acc":"2zMZDLfsezdv"}
[2021-09-08 10:06:53.485][29472][INFO] [CMD:1028]{"token":"vags5e8q0p6nhl9uqt78c5s41m","acc":"2zMZDLfsezdv"}
[2021-09-08 10:06:53.509][29472][INFO] [CMD:1021]{"token":"vags5e8q0p6nhl9uqt78c5s41m","acc":"2zMZDLfsezdv"}
[2021-09-08 10:06:57.438][29472][INFO] [CMD:1023]{"token":"vags5e8q0p6nhl9uqt78c5s41m","acc":"2zMZDLfsezdv"}
[2021-09-08 10:06:57.463][29472][INFO] [CMD:1011]{"token":"vags5e8q0p6nhl9uqt78c5s41m","acc":"2zMZDLfsezdv"}
[2021-09-08 10:06:57.463][29472][INFO] [CMD:1001]{"token":"vags5e8q0p6nhl9uqt78c5s41m","acc":"2zMZDLfsezdv"}
[2021-09-08 10:09:47.402][29472][INFO] [CMD:1002]{"token":"vags5e8q0p6nhl9uqt78c5s41m","acc":"2zMZDLfsezdv","guid":168,"count":1}
[2021-09-08 10:24:29.511][29472][INFO] [CMD:101][ACC:2zMZDLfsezdv]
[2021-09-08 10:24:29.880][29472][INFO] [CMD:1028]{"token":"m3c2o3e4419lktb4d8e1g8kqpn","acc":"2zMZDLfsezdv"}
[2021-09-08 10:24:29.884][29472][INFO] [CMD:1021]{"token":"m3c2o3e4419lktb4d8e1g8kqpn","acc":"2zMZDLfsezdv"}
[2021-09-08 10:24:29.921][29472][INFO] [CMD:1025]{"token":"m3c2o3e4419lktb4d8e1g8kqpn","acc":"2zMZDLfsezdv"}
[2021-09-08 10:24:36.467][29472][INFO] [CMD:1001]{"token":"m3c2o3e4419lktb4d8e1g8kqpn","acc":"2zMZDLfsezdv"}
[2021-09-08 10:24:36.468][29472][INFO] [CMD:1011]{"token":"m3c2o3e4419lktb4d8e1g8kqpn","acc":"2zMZDLfsezdv"}
[2021-09-08 10:24:36.474][29472][INFO] [CMD:1023]{"token":"m3c2o3e4419lktb4d8e1g8kqpn","acc":"2zMZDLfsezdv"}
[2021-09-08 10:24:39.670][29472][INFO] [CMD:1011]{"token":"m3c2o3e4419lktb4d8e1g8kqpn","acc":"2zMZDLfsezdv"}
[2021-09-08 10:25:26.493][29472][INFO] [CMD:1011]{"token":"m3c2o3e4419lktb4d8e1g8kqpn","acc":"2zMZDLfsezdv"}
[2021-09-08 10:25:26.495][29472][INFO] [CMD:1001]{"token":"m3c2o3e4419lktb4d8e1g8kqpn","acc":"2zMZDLfsezdv"}
[2021-09-08 10:26:11.269][29472][INFO] [CMD:1011]{"token":"m3c2o3e4419lktb4d8e1g8kqpn","acc":"2zMZDLfsezdv"}
[2021-09-08 10:44:33.520][29472][INFO] [CMD:1004]{"token":"m3c2o3e4419lktb4d8e1g8kqpn","acc":"2zMZDLfsezdv","itemId":1,"count":1}
[2021-09-08 11:04:47.125][29472][INFO] [CMD:101][ACC:2zMZDLfsezdv]
[2021-09-08 11:04:47.265][29472][INFO] [CMD:1025]{"token":"shvebi6bl3t1tm6om8vtatkc12","acc":"2zMZDLfsezdv"}
[2021-09-08 11:04:47.281][29472][INFO] [CMD:1028]{"token":"shvebi6bl3t1tm6om8vtatkc12","acc":"2zMZDLfsezdv"}
[2021-09-08 11:04:47.297][29472][INFO] [CMD:1021]{"token":"shvebi6bl3t1tm6om8vtatkc12","acc":"2zMZDLfsezdv"}
[2021-09-08 11:06:37.008][29472][INFO] [CMD:101][ACC:2zMZDLfsezdv]
[2021-09-08 11:06:37.149][29472][INFO] [CMD:1025]{"token":"t5a32nge0gmvubbeto7e7ikb86","acc":"2zMZDLfsezdv"}
[2021-09-08 11:06:37.165][29472][INFO] [CMD:1028]{"token":"t5a32nge0gmvubbeto7e7ikb86","acc":"2zMZDLfsezdv"}
[2021-09-08 11:06:37.203][29472][INFO] [CMD:1021]{"token":"t5a32nge0gmvubbeto7e7ikb86","acc":"2zMZDLfsezdv"}
[2021-09-08 11:09:37.755][29472][INFO] [CMD:1001]{"token":"t5a32nge0gmvubbeto7e7ikb86","acc":"2zMZDLfsezdv"}
[2021-09-08 11:09:37.757][29472][INFO] [CMD:1011]{"token":"t5a32nge0gmvubbeto7e7ikb86","acc":"2zMZDLfsezdv"}
[2021-09-08 11:09:37.757][29472][INFO] [CMD:1023]{"token":"t5a32nge0gmvubbeto7e7ikb86","acc":"2zMZDLfsezdv"}
[2021-09-08 11:10:59.819][29472][INFO] [CMD:100]
[2021-09-08 11:11:00.263][29472][INFO] [CMD:101][ACC:zEwCzDZsGC0h]
[2021-09-08 11:11:00.442][29472][INFO] [CMD:1021]{"token":"6lrunlurrpc3cdapccmhrdbpbg","acc":"zEwCzDZsGC0h"}
[2021-09-08 11:11:00.445][29472][INFO] [CMD:1025]{"token":"6lrunlurrpc3cdapccmhrdbpbg","acc":"zEwCzDZsGC0h"}
[2021-09-08 11:11:00.463][29472][INFO] [CMD:1028]{"token":"6lrunlurrpc3cdapccmhrdbpbg","acc":"zEwCzDZsGC0h"}
[2021-09-08 11:11:03.141][29472][INFO] [CMD:1011]{"token":"6lrunlurrpc3cdapccmhrdbpbg","acc":"zEwCzDZsGC0h"}
[2021-09-08 11:20:41.779][29472][INFO] [CMD:1029]{"token":"6lrunlurrpc3cdapccmhrdbpbg","acc":"zEwCzDZsGC0h"}
[2021-09-08 11:20:43.964][29472][INFO] [CMD:1023]{"token":"6lrunlurrpc3cdapccmhrdbpbg","acc":"zEwCzDZsGC0h"}
[2021-09-08 11:20:43.976][29472][INFO] [CMD:1001]{"token":"6lrunlurrpc3cdapccmhrdbpbg","acc":"zEwCzDZsGC0h"}
[2021-09-08 11:20:43.993][29472][INFO] [CMD:1011]{"token":"6lrunlurrpc3cdapccmhrdbpbg","acc":"zEwCzDZsGC0h"}
[2021-09-08 11:20:53.948][29472][INFO] [CMD:1004]{"token":"6lrunlurrpc3cdapccmhrdbpbg","acc":"zEwCzDZsGC0h","itemId":106,"count":1}
[2021-09-08 11:20:54.659][29472][INFO] [CMD:1004]{"token":"6lrunlurrpc3cdapccmhrdbpbg","acc":"zEwCzDZsGC0h","itemId":105,"count":1}
[2021-09-08 11:20:55.373][29472][INFO] [CMD:1004]{"token":"6lrunlurrpc3cdapccmhrdbpbg","acc":"zEwCzDZsGC0h","itemId":105,"count":1}
[2021-09-08 11:20:56.096][29472][INFO] [CMD:1004]{"token":"6lrunlurrpc3cdapccmhrdbpbg","acc":"zEwCzDZsGC0h","itemId":105,"count":1}
[2021-09-08 11:20:56.803][29472][INFO] [CMD:1004]{"token":"6lrunlurrpc3cdapccmhrdbpbg","acc":"zEwCzDZsGC0h","itemId":105,"count":1}
[2021-09-08 11:20:57.518][29472][INFO] [CMD:1004]{"token":"6lrunlurrpc3cdapccmhrdbpbg","acc":"zEwCzDZsGC0h","itemId":105,"count":1}
[2021-09-08 11:20:58.246][29472][INFO] [CMD:1004]{"token":"6lrunlurrpc3cdapccmhrdbpbg","acc":"zEwCzDZsGC0h","itemId":105,"count":1}
[2021-09-08 11:21:00.502][29472][INFO] [CMD:1004]{"token":"6lrunlurrpc3cdapccmhrdbpbg","acc":"zEwCzDZsGC0h","itemId":105,"count":1}
[2021-09-08 11:21:01.200][29472][INFO] [CMD:1004]{"token":"6lrunlurrpc3cdapccmhrdbpbg","acc":"zEwCzDZsGC0h","itemId":101,"count":1}
[2021-09-08 11:21:01.929][29472][INFO] [CMD:1004]{"token":"6lrunlurrpc3cdapccmhrdbpbg","acc":"zEwCzDZsGC0h","itemId":101,"count":1}
[2021-09-08 11:21:04.690][29472][INFO] [CMD:1004]{"token":"6lrunlurrpc3cdapccmhrdbpbg","acc":"zEwCzDZsGC0h","itemId":105,"count":1}
[2021-09-08 11:21:05.417][29472][INFO] [CMD:1004]{"token":"6lrunlurrpc3cdapccmhrdbpbg","acc":"zEwCzDZsGC0h","itemId":101,"count":1}
[2021-09-08 11:21:06.118][29472][INFO] [CMD:1004]{"token":"6lrunlurrpc3cdapccmhrdbpbg","acc":"zEwCzDZsGC0h","itemId":101,"count":1}
[2021-09-08 11:21:06.823][29472][INFO] [CMD:1004]{"token":"6lrunlurrpc3cdapccmhrdbpbg","acc":"zEwCzDZsGC0h","itemId":101,"count":1}
[2021-09-08 11:21:07.566][29472][INFO] [CMD:1004]{"token":"6lrunlurrpc3cdapccmhrdbpbg","acc":"zEwCzDZsGC0h","itemId":101,"count":1}
[2021-09-08 11:21:10.788][29472][INFO] [CMD:1004]{"token":"6lrunlurrpc3cdapccmhrdbpbg","acc":"zEwCzDZsGC0h","itemId":106,"count":1}
[2021-09-08 11:21:11.430][29472][INFO] [CMD:1004]{"token":"6lrunlurrpc3cdapccmhrdbpbg","acc":"zEwCzDZsGC0h","itemId":105,"count":1}
[2021-09-08 11:21:12.150][29472][INFO] [CMD:1004]{"token":"6lrunlurrpc3cdapccmhrdbpbg","acc":"zEwCzDZsGC0h","itemId":105,"count":1}
[2021-09-08 11:21:12.863][29472][INFO] [CMD:1004]{"token":"6lrunlurrpc3cdapccmhrdbpbg","acc":"zEwCzDZsGC0h","itemId":105,"count":1}
[2021-09-08 11:21:13.578][29472][INFO] [CMD:1004]{"token":"6lrunlurrpc3cdapccmhrdbpbg","acc":"zEwCzDZsGC0h","itemId":105,"count":1}
[2021-09-08 11:21:14.290][29472][INFO] [CMD:1004]{"token":"6lrunlurrpc3cdapccmhrdbpbg","acc":"zEwCzDZsGC0h","itemId":105,"count":1}
[2021-09-08 11:21:14.995][29472][INFO] [CMD:1004]{"token":"6lrunlurrpc3cdapccmhrdbpbg","acc":"zEwCzDZsGC0h","itemId":101,"count":1}
[2021-09-08 11:21:15.718][29472][INFO] [CMD:1004]{"token":"6lrunlurrpc3cdapccmhrdbpbg","acc":"zEwCzDZsGC0h","itemId":101,"count":1}
[2021-09-08 11:21:16.425][29472][INFO] [CMD:1004]{"token":"6lrunlurrpc3cdapccmhrdbpbg","acc":"zEwCzDZsGC0h","itemId":101,"count":1}
[2021-09-08 11:21:17.140][29472][INFO] [CMD:1004]{"token":"6lrunlurrpc3cdapccmhrdbpbg","acc":"zEwCzDZsGC0h","itemId":101,"count":1}
[2021-09-08 11:21:17.878][29472][INFO] [CMD:1004]{"token":"6lrunlurrpc3cdapccmhrdbpbg","acc":"zEwCzDZsGC0h","itemId":101,"count":1}
[2021-09-08 11:21:27.244][29472][INFO] [CMD:1004]{"token":"6lrunlurrpc3cdapccmhrdbpbg","acc":"zEwCzDZsGC0h","itemId":101,"count":1}
[2021-09-08 11:22:10.600][29472][INFO] [CMD:101][ACC:zEwCzDZsGC0h]
[2021-09-08 11:22:10.748][29472][INFO] [CMD:1025]{"token":"enfi1vf9i935rdq9lib6c28ntu","acc":"zEwCzDZsGC0h"}
[2021-09-08 11:22:10.761][29472][INFO] [CMD:1028]{"token":"enfi1vf9i935rdq9lib6c28ntu","acc":"zEwCzDZsGC0h"}
[2021-09-08 11:22:10.779][29472][INFO] [CMD:1021]{"token":"enfi1vf9i935rdq9lib6c28ntu","acc":"zEwCzDZsGC0h"}
[2021-09-08 11:22:14.650][29472][INFO] [CMD:1023]{"token":"enfi1vf9i935rdq9lib6c28ntu","acc":"zEwCzDZsGC0h"}
[2021-09-08 11:22:14.665][29472][INFO] [CMD:1011]{"token":"enfi1vf9i935rdq9lib6c28ntu","acc":"zEwCzDZsGC0h"}
[2021-09-08 11:22:14.680][29472][INFO] [CMD:1001]{"token":"enfi1vf9i935rdq9lib6c28ntu","acc":"zEwCzDZsGC0h"}
[2021-09-08 11:22:30.046][29472][INFO] [CMD:101][ACC:zEwCzDZsGC0h]
[2021-09-08 11:22:30.296][29472][INFO] [CMD:1025]{"token":"c0sd8s2vovh0tpf954sfu04125","acc":"zEwCzDZsGC0h"}
[2021-09-08 11:22:30.335][29472][INFO] [CMD:1028]{"token":"c0sd8s2vovh0tpf954sfu04125","acc":"zEwCzDZsGC0h"}
[2021-09-08 11:22:30.345][29472][INFO] [CMD:1021]{"token":"c0sd8s2vovh0tpf954sfu04125","acc":"zEwCzDZsGC0h"}
[2021-09-08 11:22:50.364][29472][INFO] [CMD:1023]{"token":"c0sd8s2vovh0tpf954sfu04125","acc":"zEwCzDZsGC0h"}
[2021-09-08 11:22:50.367][29472][INFO] [CMD:1011]{"token":"c0sd8s2vovh0tpf954sfu04125","acc":"zEwCzDZsGC0h"}
[2021-09-08 11:22:50.391][29472][INFO] [CMD:1001]{"token":"c0sd8s2vovh0tpf954sfu04125","acc":"zEwCzDZsGC0h"}
[2021-09-08 11:22:59.063][29472][INFO] [CMD:1002]{"token":"c0sd8s2vovh0tpf954sfu04125","acc":"zEwCzDZsGC0h","guid":311,"count":1}
[2021-09-08 11:23:01.714][29472][INFO] [CMD:1002]{"token":"c0sd8s2vovh0tpf954sfu04125","acc":"zEwCzDZsGC0h","guid":311,"count":1}
[2021-09-08 11:23:02.152][29472][INFO] [CMD:1002]{"token":"c0sd8s2vovh0tpf954sfu04125","acc":"zEwCzDZsGC0h","guid":311,"count":1}
[2021-09-08 11:23:03.542][29472][INFO] [CMD:1002]{"token":"c0sd8s2vovh0tpf954sfu04125","acc":"zEwCzDZsGC0h","guid":311,"count":1}
[2021-09-08 11:23:03.969][29472][INFO] [CMD:1002]{"token":"c0sd8s2vovh0tpf954sfu04125","acc":"zEwCzDZsGC0h","guid":311,"count":1}
[2021-09-08 11:23:04.425][29472][INFO] [CMD:1002]{"token":"c0sd8s2vovh0tpf954sfu04125","acc":"zEwCzDZsGC0h","guid":311,"count":1}
[2021-09-08 11:23:04.959][29472][INFO] [CMD:1002]{"token":"c0sd8s2vovh0tpf954sfu04125","acc":"zEwCzDZsGC0h","guid":311,"count":1}
[2021-09-08 11:23:05.464][29472][INFO] [CMD:1002]{"token":"c0sd8s2vovh0tpf954sfu04125","acc":"zEwCzDZsGC0h","guid":311,"count":1}
[2021-09-08 11:23:05.967][29472][INFO] [CMD:1002]{"token":"c0sd8s2vovh0tpf954sfu04125","acc":"zEwCzDZsGC0h","guid":311,"count":1}
[2021-09-08 11:23:06.556][29472][INFO] [CMD:1002]{"token":"c0sd8s2vovh0tpf954sfu04125","acc":"zEwCzDZsGC0h","guid":311,"count":1}
[2021-09-08 11:23:07.156][29472][INFO] [CMD:1002]{"token":"c0sd8s2vovh0tpf954sfu04125","acc":"zEwCzDZsGC0h","guid":311,"count":1}
[2021-09-08 11:23:08.270][29472][INFO] [CMD:1002]{"token":"c0sd8s2vovh0tpf954sfu04125","acc":"zEwCzDZsGC0h","guid":311,"count":1}
[2021-09-08 11:23:08.838][29472][INFO] [CMD:1002]{"token":"c0sd8s2vovh0tpf954sfu04125","acc":"zEwCzDZsGC0h","guid":311,"count":1}
[2021-09-08 11:23:09.383][29472][INFO] [CMD:1002]{"token":"c0sd8s2vovh0tpf954sfu04125","acc":"zEwCzDZsGC0h","guid":311,"count":1}
[2021-09-08 11:23:09.931][29472][INFO] [CMD:1002]{"token":"c0sd8s2vovh0tpf954sfu04125","acc":"zEwCzDZsGC0h","guid":311,"count":1}
[2021-09-08 11:23:15.326][29472][INFO] [CMD:1002]{"token":"c0sd8s2vovh0tpf954sfu04125","acc":"zEwCzDZsGC0h","guid":311,"count":1}
[2021-09-08 11:23:15.735][29472][INFO] [CMD:1002]{"token":"c0sd8s2vovh0tpf954sfu04125","acc":"zEwCzDZsGC0h","guid":311,"count":1}
[2021-09-08 11:23:16.381][29472][INFO] [CMD:1002]{"token":"c0sd8s2vovh0tpf954sfu04125","acc":"zEwCzDZsGC0h","guid":311,"count":1}
[2021-09-08 11:23:17.093][29472][INFO] [CMD:1002]{"token":"c0sd8s2vovh0tpf954sfu04125","acc":"zEwCzDZsGC0h","guid":311,"count":1}
[2021-09-08 11:23:17.706][29472][INFO] [CMD:1002]{"token":"c0sd8s2vovh0tpf954sfu04125","acc":"zEwCzDZsGC0h","guid":311,"count":1}
[2021-09-08 11:23:19.458][29472][INFO] [CMD:1004]{"token":"c0sd8s2vovh0tpf954sfu04125","acc":"zEwCzDZsGC0h","itemId":101,"count":1}
[2021-09-08 11:23:20.297][29472][INFO] [CMD:1002]{"token":"c0sd8s2vovh0tpf954sfu04125","acc":"zEwCzDZsGC0h","guid":311,"count":1}
[2021-09-08 11:23:20.751][29472][INFO] [CMD:1002]{"token":"c0sd8s2vovh0tpf954sfu04125","acc":"zEwCzDZsGC0h","guid":311,"count":1}
[2021-09-08 11:23:21.338][29472][INFO] [CMD:1002]{"token":"c0sd8s2vovh0tpf954sfu04125","acc":"zEwCzDZsGC0h","guid":311,"count":1}
[2021-09-08 11:23:22.023][29472][INFO] [CMD:1002]{"token":"c0sd8s2vovh0tpf954sfu04125","acc":"zEwCzDZsGC0h","guid":311,"count":1}
[2021-09-08 11:23:24.506][29472][INFO] [CMD:1002]{"token":"c0sd8s2vovh0tpf954sfu04125","acc":"zEwCzDZsGC0h","guid":311,"count":1}
[2021-09-08 11:23:24.946][29472][INFO] [CMD:1002]{"token":"c0sd8s2vovh0tpf954sfu04125","acc":"zEwCzDZsGC0h","guid":311,"count":1}
[2021-09-08 11:23:25.463][29472][INFO] [CMD:1002]{"token":"c0sd8s2vovh0tpf954sfu04125","acc":"zEwCzDZsGC0h","guid":311,"count":1}
[2021-09-08 11:23:25.970][29472][INFO] [CMD:1002]{"token":"c0sd8s2vovh0tpf954sfu04125","acc":"zEwCzDZsGC0h","guid":311,"count":1}
[2021-09-08 11:23:26.436][29472][INFO] [CMD:1002]{"token":"c0sd8s2vovh0tpf954sfu04125","acc":"zEwCzDZsGC0h","guid":311,"count":1}
[2021-09-08 11:23:26.916][29472][INFO] [CMD:1002]{"token":"c0sd8s2vovh0tpf954sfu04125","acc":"zEwCzDZsGC0h","guid":311,"count":1}
[2021-09-08 11:23:27.412][29472][INFO] [CMD:1002]{"token":"c0sd8s2vovh0tpf954sfu04125","acc":"zEwCzDZsGC0h","guid":311,"count":1}
[2021-09-08 11:23:27.989][29472][INFO] [CMD:1002]{"token":"c0sd8s2vovh0tpf954sfu04125","acc":"zEwCzDZsGC0h","guid":311,"count":1}
[2021-09-08 11:23:30.671][29472][INFO] [CMD:1002]{"token":"c0sd8s2vovh0tpf954sfu04125","acc":"zEwCzDZsGC0h","guid":311,"count":1}
[2021-09-08 11:23:31.119][29472][INFO] [CMD:1002]{"token":"c0sd8s2vovh0tpf954sfu04125","acc":"zEwCzDZsGC0h","guid":311,"count":1}
[2021-09-08 11:23:31.717][29472][INFO] [CMD:1002]{"token":"c0sd8s2vovh0tpf954sfu04125","acc":"zEwCzDZsGC0h","guid":311,"count":1}
[2021-09-08 11:23:32.615][29472][INFO] [CMD:1002]{"token":"c0sd8s2vovh0tpf954sfu04125","acc":"zEwCzDZsGC0h","guid":311,"count":1}
[2021-09-08 11:23:33.166][29472][INFO] [CMD:1002]{"token":"c0sd8s2vovh0tpf954sfu04125","acc":"zEwCzDZsGC0h","guid":311,"count":1}
[2021-09-08 11:23:34.675][29472][INFO] [CMD:1004]{"token":"c0sd8s2vovh0tpf954sfu04125","acc":"zEwCzDZsGC0h","itemId":101,"count":1}
[2021-09-08 11:23:35.513][29472][INFO] [CMD:1002]{"token":"c0sd8s2vovh0tpf954sfu04125","acc":"zEwCzDZsGC0h","guid":311,"count":1}
[2021-09-08 11:23:35.928][29472][INFO] [CMD:1002]{"token":"c0sd8s2vovh0tpf954sfu04125","acc":"zEwCzDZsGC0h","guid":311,"count":1}
[2021-09-08 11:23:36.810][29472][INFO] [CMD:1002]{"token":"c0sd8s2vovh0tpf954sfu04125","acc":"zEwCzDZsGC0h","guid":311,"count":1}
[2021-09-08 11:23:37.299][29472][INFO] [CMD:1002]{"token":"c0sd8s2vovh0tpf954sfu04125","acc":"zEwCzDZsGC0h","guid":311,"count":1}
[2021-09-08 11:23:39.899][29472][INFO] [CMD:1002]{"token":"c0sd8s2vovh0tpf954sfu04125","acc":"zEwCzDZsGC0h","guid":311,"count":1}
[2021-09-08 11:23:40.359][29472][INFO] [CMD:1002]{"token":"c0sd8s2vovh0tpf954sfu04125","acc":"zEwCzDZsGC0h","guid":311,"count":1}
[2021-09-08 11:23:40.888][29472][INFO] [CMD:1002]{"token":"c0sd8s2vovh0tpf954sfu04125","acc":"zEwCzDZsGC0h","guid":311,"count":1}
[2021-09-08 11:23:41.334][29472][INFO] [CMD:1002]{"token":"c0sd8s2vovh0tpf954sfu04125","acc":"zEwCzDZsGC0h","guid":311,"count":1}
[2021-09-08 11:23:41.879][29472][INFO] [CMD:1002]{"token":"c0sd8s2vovh0tpf954sfu04125","acc":"zEwCzDZsGC0h","guid":311,"count":1}
[2021-09-08 11:23:42.396][29472][INFO] [CMD:1002]{"token":"c0sd8s2vovh0tpf954sfu04125","acc":"zEwCzDZsGC0h","guid":311,"count":1}
[2021-09-08 11:23:42.929][29472][INFO] [CMD:1002]{"token":"c0sd8s2vovh0tpf954sfu04125","acc":"zEwCzDZsGC0h","guid":311,"count":1}
[2021-09-08 11:23:43.447][29472][INFO] [CMD:1002]{"token":"c0sd8s2vovh0tpf954sfu04125","acc":"zEwCzDZsGC0h","guid":311,"count":1}
[2021-09-08 11:23:45.857][29472][INFO] [CMD:1002]{"token":"c0sd8s2vovh0tpf954sfu04125","acc":"zEwCzDZsGC0h","guid":311,"count":1}
[2021-09-08 11:23:46.278][29472][INFO] [CMD:1002]{"token":"c0sd8s2vovh0tpf954sfu04125","acc":"zEwCzDZsGC0h","guid":311,"count":1}
[2021-09-08 11:23:46.728][29472][INFO] [CMD:1002]{"token":"c0sd8s2vovh0tpf954sfu04125","acc":"zEwCzDZsGC0h","guid":311,"count":1}
[2021-09-08 11:23:47.167][29472][INFO] [CMD:1002]{"token":"c0sd8s2vovh0tpf954sfu04125","acc":"zEwCzDZsGC0h","guid":311,"count":1}
[2021-09-08 11:23:47.732][29472][INFO] [CMD:1002]{"token":"c0sd8s2vovh0tpf954sfu04125","acc":"zEwCzDZsGC0h","guid":311,"count":1}
[2021-09-08 11:23:48.337][29472][INFO] [CMD:1002]{"token":"c0sd8s2vovh0tpf954sfu04125","acc":"zEwCzDZsGC0h","guid":311,"count":1}
[2021-09-08 11:23:49.001][29472][INFO] [CMD:1002]{"token":"c0sd8s2vovh0tpf954sfu04125","acc":"zEwCzDZsGC0h","guid":311,"count":1}
[2021-09-08 11:23:49.451][29472][INFO] [CMD:1002]{"token":"c0sd8s2vovh0tpf954sfu04125","acc":"zEwCzDZsGC0h","guid":311,"count":1}
[2021-09-08 11:23:52.166][29472][INFO] [CMD:1002]{"token":"c0sd8s2vovh0tpf954sfu04125","acc":"zEwCzDZsGC0h","guid":311,"count":1}
[2021-09-08 11:23:52.592][29472][INFO] [CMD:1002]{"token":"c0sd8s2vovh0tpf954sfu04125","acc":"zEwCzDZsGC0h","guid":311,"count":1}
[2021-09-08 11:23:53.106][29472][INFO] [CMD:1002]{"token":"c0sd8s2vovh0tpf954sfu04125","acc":"zEwCzDZsGC0h","guid":311,"count":1}
[2021-09-08 11:23:53.594][29472][INFO] [CMD:1002]{"token":"c0sd8s2vovh0tpf954sfu04125","acc":"zEwCzDZsGC0h","guid":311,"count":1}
[2021-09-08 11:23:54.152][29472][INFO] [CMD:1002]{"token":"c0sd8s2vovh0tpf954sfu04125","acc":"zEwCzDZsGC0h","guid":311,"count":1}
[2021-09-08 11:23:54.637][29472][INFO] [CMD:1002]{"token":"c0sd8s2vovh0tpf954sfu04125","acc":"zEwCzDZsGC0h","guid":311,"count":1}
[2021-09-08 11:23:55.304][29472][INFO] [CMD:1002]{"token":"c0sd8s2vovh0tpf954sfu04125","acc":"zEwCzDZsGC0h","guid":311,"count":1}
[2021-09-08 11:23:55.772][29472][INFO] [CMD:1002]{"token":"c0sd8s2vovh0tpf954sfu04125","acc":"zEwCzDZsGC0h","guid":311,"count":1}
[2021-09-08 11:23:58.173][29472][INFO] [CMD:1002]{"token":"c0sd8s2vovh0tpf954sfu04125","acc":"zEwCzDZsGC0h","guid":311,"count":1}
[2021-09-08 11:23:58.593][29472][INFO] [CMD:1002]{"token":"c0sd8s2vovh0tpf954sfu04125","acc":"zEwCzDZsGC0h","guid":311,"count":1}
[2021-09-08 11:23:59.103][29472][INFO] [CMD:1002]{"token":"c0sd8s2vovh0tpf954sfu04125","acc":"zEwCzDZsGC0h","guid":311,"count":1}
[2021-09-08 11:23:59.567][29472][INFO] [CMD:1002]{"token":"c0sd8s2vovh0tpf954sfu04125","acc":"zEwCzDZsGC0h","guid":311,"count":1}
[2021-09-08 11:24:00.134][29472][INFO] [CMD:1002]{"token":"c0sd8s2vovh0tpf954sfu04125","acc":"zEwCzDZsGC0h","guid":311,"count":1}
[2021-09-08 11:24:00.654][29472][INFO] [CMD:1002]{"token":"c0sd8s2vovh0tpf954sfu04125","acc":"zEwCzDZsGC0h","guid":311,"count":1}
[2021-09-08 11:24:02.919][29472][INFO] [CMD:1002]{"token":"c0sd8s2vovh0tpf954sfu04125","acc":"zEwCzDZsGC0h","guid":311,"count":1}
[2021-09-08 11:24:03.351][29472][INFO] [CMD:1002]{"token":"c0sd8s2vovh0tpf954sfu04125","acc":"zEwCzDZsGC0h","guid":311,"count":1}
[2021-09-08 11:24:03.868][29472][INFO] [CMD:1002]{"token":"c0sd8s2vovh0tpf954sfu04125","acc":"zEwCzDZsGC0h","guid":311,"count":1}
[2021-09-08 11:24:04.360][29472][INFO] [CMD:1002]{"token":"c0sd8s2vovh0tpf954sfu04125","acc":"zEwCzDZsGC0h","guid":311,"count":1}
[2021-09-08 11:24:04.876][29472][INFO] [CMD:1002]{"token":"c0sd8s2vovh0tpf954sfu04125","acc":"zEwCzDZsGC0h","guid":311,"count":1}
[2021-09-08 11:24:05.417][29472][INFO] [CMD:1002]{"token":"c0sd8s2vovh0tpf954sfu04125","acc":"zEwCzDZsGC0h","guid":311,"count":1}
[2021-09-08 11:24:05.939][29472][INFO] [CMD:1002]{"token":"c0sd8s2vovh0tpf954sfu04125","acc":"zEwCzDZsGC0h","guid":311,"count":1}
[2021-09-08 11:24:06.424][29472][INFO] [CMD:1002]{"token":"c0sd8s2vovh0tpf954sfu04125","acc":"zEwCzDZsGC0h","guid":311,"count":1}
[2021-09-08 11:24:09.029][29472][INFO] [CMD:1002]{"token":"c0sd8s2vovh0tpf954sfu04125","acc":"zEwCzDZsGC0h","guid":311,"count":1}
[2021-09-08 11:24:09.462][29472][INFO] [CMD:1002]{"token":"c0sd8s2vovh0tpf954sfu04125","acc":"zEwCzDZsGC0h","guid":311,"count":1}
[2021-09-08 11:24:09.962][29472][INFO] [CMD:1002]{"token":"c0sd8s2vovh0tpf954sfu04125","acc":"zEwCzDZsGC0h","guid":311,"count":1}
[2021-09-08 11:24:10.423][29472][INFO] [CMD:1002]{"token":"c0sd8s2vovh0tpf954sfu04125","acc":"zEwCzDZsGC0h","guid":311,"count":1}
[2021-09-08 11:24:11.012][29472][INFO] [CMD:1002]{"token":"c0sd8s2vovh0tpf954sfu04125","acc":"zEwCzDZsGC0h","guid":311,"count":1}
[2021-09-08 11:24:11.485][29472][INFO] [CMD:1002]{"token":"c0sd8s2vovh0tpf954sfu04125","acc":"zEwCzDZsGC0h","guid":311,"count":1}
[2021-09-08 11:24:12.694][29472][INFO] [CMD:1002]{"token":"c0sd8s2vovh0tpf954sfu04125","acc":"zEwCzDZsGC0h","guid":311,"count":1}
[2021-09-08 11:24:13.170][29472][INFO] [CMD:1002]{"token":"c0sd8s2vovh0tpf954sfu04125","acc":"zEwCzDZsGC0h","guid":311,"count":1}
[2021-09-08 11:24:15.715][29472][INFO] [CMD:1002]{"token":"c0sd8s2vovh0tpf954sfu04125","acc":"zEwCzDZsGC0h","guid":311,"count":1}
[2021-09-08 11:24:18.482][29472][INFO] [CMD:1002]{"token":"c0sd8s2vovh0tpf954sfu04125","acc":"zEwCzDZsGC0h","guid":311,"count":1}
[2021-09-08 11:24:18.684][29472][INFO] [CMD:1002]{"token":"c0sd8s2vovh0tpf954sfu04125","acc":"zEwCzDZsGC0h","guid":311,"count":1}
[2021-09-08 11:24:20.364][29472][INFO] [CMD:1004]{"token":"c0sd8s2vovh0tpf954sfu04125","acc":"zEwCzDZsGC0h","itemId":101,"count":1}
[2021-09-08 11:24:21.370][29472][INFO] [CMD:1002]{"token":"c0sd8s2vovh0tpf954sfu04125","acc":"zEwCzDZsGC0h","guid":311,"count":1}
[2021-09-08 11:24:21.834][29472][INFO] [CMD:1002]{"token":"c0sd8s2vovh0tpf954sfu04125","acc":"zEwCzDZsGC0h","guid":311,"count":1}
[2021-09-08 11:24:22.389][29472][INFO] [CMD:1002]{"token":"c0sd8s2vovh0tpf954sfu04125","acc":"zEwCzDZsGC0h","guid":311,"count":1}
[2021-09-08 11:24:22.812][29472][INFO] [CMD:1002]{"token":"c0sd8s2vovh0tpf954sfu04125","acc":"zEwCzDZsGC0h","guid":311,"count":1}
[2021-09-08 11:24:23.506][29472][INFO] [CMD:1002]{"token":"c0sd8s2vovh0tpf954sfu04125","acc":"zEwCzDZsGC0h","guid":311,"count":1}
[2021-09-08 11:24:23.866][29472][INFO] [CMD:1002]{"token":"c0sd8s2vovh0tpf954sfu04125","acc":"zEwCzDZsGC0h","guid":311,"count":1}
[2021-09-08 11:24:25.310][29472][INFO] [CMD:1004]{"token":"c0sd8s2vovh0tpf954sfu04125","acc":"zEwCzDZsGC0h","itemId":101,"count":1}
[2021-09-08 11:24:25.932][29472][INFO] [CMD:1002]{"token":"c0sd8s2vovh0tpf954sfu04125","acc":"zEwCzDZsGC0h","guid":311,"count":1}
[2021-09-08 11:24:28.298][29472][INFO] [CMD:1002]{"token":"c0sd8s2vovh0tpf954sfu04125","acc":"zEwCzDZsGC0h","guid":311,"count":1}
[2021-09-08 11:24:28.719][29472][INFO] [CMD:1002]{"token":"c0sd8s2vovh0tpf954sfu04125","acc":"zEwCzDZsGC0h","guid":311,"count":1}
[2021-09-08 11:24:29.219][29472][INFO] [CMD:1002]{"token":"c0sd8s2vovh0tpf954sfu04125","acc":"zEwCzDZsGC0h","guid":311,"count":1}
[2021-09-08 11:24:29.615][29472][INFO] [CMD:1002]{"token":"c0sd8s2vovh0tpf954sfu04125","acc":"zEwCzDZsGC0h","guid":311,"count":1}
[2021-09-08 11:24:30.404][29472][INFO] [CMD:1002]{"token":"c0sd8s2vovh0tpf954sfu04125","acc":"zEwCzDZsGC0h","guid":311,"count":1}
[2021-09-08 11:24:30.759][29472][INFO] [CMD:1002]{"token":"c0sd8s2vovh0tpf954sfu04125","acc":"zEwCzDZsGC0h","guid":311,"count":1}
[2021-09-08 11:24:31.853][29472][INFO] [CMD:1002]{"token":"c0sd8s2vovh0tpf954sfu04125","acc":"zEwCzDZsGC0h","guid":311,"count":1}
[2021-09-08 11:24:32.428][29472][INFO] [CMD:1002]{"token":"c0sd8s2vovh0tpf954sfu04125","acc":"zEwCzDZsGC0h","guid":311,"count":1}
[2021-09-08 11:24:35.398][29472][INFO] [CMD:1002]{"token":"c0sd8s2vovh0tpf954sfu04125","acc":"zEwCzDZsGC0h","guid":311,"count":1}
[2021-09-08 11:24:35.839][29472][INFO] [CMD:1002]{"token":"c0sd8s2vovh0tpf954sfu04125","acc":"zEwCzDZsGC0h","guid":311,"count":1}
[2021-09-08 11:24:36.294][29472][INFO] [CMD:1002]{"token":"c0sd8s2vovh0tpf954sfu04125","acc":"zEwCzDZsGC0h","guid":311,"count":1}
[2021-09-08 11:24:36.873][29472][INFO] [CMD:1002]{"token":"c0sd8s2vovh0tpf954sfu04125","acc":"zEwCzDZsGC0h","guid":311,"count":1}
[2021-09-08 11:24:37.382][29472][INFO] [CMD:1002]{"token":"c0sd8s2vovh0tpf954sfu04125","acc":"zEwCzDZsGC0h","guid":311,"count":1}
[2021-09-08 11:24:37.815][29472][INFO] [CMD:1002]{"token":"c0sd8s2vovh0tpf954sfu04125","acc":"zEwCzDZsGC0h","guid":311,"count":1}
[2021-09-08 11:24:39.214][29472][INFO] [CMD:1004]{"token":"c0sd8s2vovh0tpf954sfu04125","acc":"zEwCzDZsGC0h","itemId":101,"count":1}
[2021-09-08 11:24:39.854][29472][INFO] [CMD:1002]{"token":"c0sd8s2vovh0tpf954sfu04125","acc":"zEwCzDZsGC0h","guid":311,"count":1}
[2021-09-08 11:24:40.568][29472][INFO] [CMD:1002]{"token":"c0sd8s2vovh0tpf954sfu04125","acc":"zEwCzDZsGC0h","guid":311,"count":1}
[2021-09-08 11:24:40.997][29472][INFO] [CMD:1002]{"token":"c0sd8s2vovh0tpf954sfu04125","acc":"zEwCzDZsGC0h","guid":311,"count":1}
[2021-09-08 11:24:43.796][29472][INFO] [CMD:1002]{"token":"c0sd8s2vovh0tpf954sfu04125","acc":"zEwCzDZsGC0h","guid":311,"count":1}
[2021-09-08 11:24:44.249][29472][INFO] [CMD:1002]{"token":"c0sd8s2vovh0tpf954sfu04125","acc":"zEwCzDZsGC0h","guid":311,"count":1}
[2021-09-08 11:24:45.081][29472][INFO] [CMD:1002]{"token":"c0sd8s2vovh0tpf954sfu04125","acc":"zEwCzDZsGC0h","guid":311,"count":1}
[2021-09-08 11:24:46.728][29472][INFO] [CMD:1002]{"token":"c0sd8s2vovh0tpf954sfu04125","acc":"zEwCzDZsGC0h","guid":310,"count":1}
[2021-09-08 11:24:47.315][29472][INFO] [CMD:1002]{"token":"c0sd8s2vovh0tpf954sfu04125","acc":"zEwCzDZsGC0h","guid":310,"count":1}
[2021-09-08 11:24:47.828][29472][INFO] [CMD:1002]{"token":"c0sd8s2vovh0tpf954sfu04125","acc":"zEwCzDZsGC0h","guid":310,"count":1}
[2021-09-08 11:24:50.292][29472][INFO] [CMD:1002]{"token":"c0sd8s2vovh0tpf954sfu04125","acc":"zEwCzDZsGC0h","guid":310,"count":1}
[2021-09-08 11:24:50.787][29472][INFO] [CMD:1002]{"token":"c0sd8s2vovh0tpf954sfu04125","acc":"zEwCzDZsGC0h","guid":310,"count":1}
[2021-09-08 11:24:51.279][29472][INFO] [CMD:1002]{"token":"c0sd8s2vovh0tpf954sfu04125","acc":"zEwCzDZsGC0h","guid":310,"count":1}
[2021-09-08 11:24:51.745][29472][INFO] [CMD:1002]{"token":"c0sd8s2vovh0tpf954sfu04125","acc":"zEwCzDZsGC0h","guid":310,"count":1}
[2021-09-08 11:24:52.412][29472][INFO] [CMD:1002]{"token":"c0sd8s2vovh0tpf954sfu04125","acc":"zEwCzDZsGC0h","guid":310,"count":1}
[2021-09-08 11:24:52.935][29472][INFO] [CMD:1002]{"token":"c0sd8s2vovh0tpf954sfu04125","acc":"zEwCzDZsGC0h","guid":310,"count":1}
[2021-09-08 11:24:55.279][29472][INFO] [CMD:1002]{"token":"c0sd8s2vovh0tpf954sfu04125","acc":"zEwCzDZsGC0h","guid":310,"count":1}
[2021-09-08 11:24:58.426][29472][INFO] [CMD:1002]{"token":"c0sd8s2vovh0tpf954sfu04125","acc":"zEwCzDZsGC0h","guid":310,"count":1}
[2021-09-08 11:24:59.106][29472][INFO] [CMD:1002]{"token":"c0sd8s2vovh0tpf954sfu04125","acc":"zEwCzDZsGC0h","guid":310,"count":1}
[2021-09-08 11:24:59.590][29472][INFO] [CMD:1002]{"token":"c0sd8s2vovh0tpf954sfu04125","acc":"zEwCzDZsGC0h","guid":310,"count":1}
[2021-09-08 11:25:00.269][29472][INFO] [CMD:1002]{"token":"c0sd8s2vovh0tpf954sfu04125","acc":"zEwCzDZsGC0h","guid":310,"count":1}
[2021-09-08 11:25:00.821][29472][INFO] [CMD:1002]{"token":"c0sd8s2vovh0tpf954sfu04125","acc":"zEwCzDZsGC0h","guid":310,"count":1}
[2021-09-08 11:25:01.483][29472][INFO] [CMD:1002]{"token":"c0sd8s2vovh0tpf954sfu04125","acc":"zEwCzDZsGC0h","guid":310,"count":1}
[2021-09-08 11:25:02.081][29472][INFO] [CMD:1002]{"token":"c0sd8s2vovh0tpf954sfu04125","acc":"zEwCzDZsGC0h","guid":310,"count":1}
[2021-09-08 11:25:04.752][29472][INFO] [CMD:1002]{"token":"c0sd8s2vovh0tpf954sfu04125","acc":"zEwCzDZsGC0h","guid":310,"count":1}
[2021-09-08 11:25:05.336][29472][INFO] [CMD:1002]{"token":"c0sd8s2vovh0tpf954sfu04125","acc":"zEwCzDZsGC0h","guid":310,"count":1}
[2021-09-08 11:25:05.895][29472][INFO] [CMD:1002]{"token":"c0sd8s2vovh0tpf954sfu04125","acc":"zEwCzDZsGC0h","guid":310,"count":1}
[2021-09-08 11:25:06.374][29472][INFO] [CMD:1002]{"token":"c0sd8s2vovh0tpf954sfu04125","acc":"zEwCzDZsGC0h","guid":310,"count":1}
[2021-09-08 11:25:06.917][29472][INFO] [CMD:1002]{"token":"c0sd8s2vovh0tpf954sfu04125","acc":"zEwCzDZsGC0h","guid":310,"count":1}
[2021-09-08 11:25:07.395][29472][INFO] [CMD:1002]{"token":"c0sd8s2vovh0tpf954sfu04125","acc":"zEwCzDZsGC0h","guid":310,"count":1}
[2021-09-08 11:25:07.978][29472][INFO] [CMD:1002]{"token":"c0sd8s2vovh0tpf954sfu04125","acc":"zEwCzDZsGC0h","guid":310,"count":1}
[2021-09-08 11:25:08.403][29472][INFO] [CMD:1002]{"token":"c0sd8s2vovh0tpf954sfu04125","acc":"zEwCzDZsGC0h","guid":310,"count":1}
[2021-09-08 11:25:11.031][29472][INFO] [CMD:1002]{"token":"c0sd8s2vovh0tpf954sfu04125","acc":"zEwCzDZsGC0h","guid":310,"count":1}
[2021-09-08 11:25:14.139][29472][INFO] [CMD:1002]{"token":"c0sd8s2vovh0tpf954sfu04125","acc":"zEwCzDZsGC0h","guid":310,"count":1}
[2021-09-08 11:25:14.739][29472][INFO] [CMD:1002]{"token":"c0sd8s2vovh0tpf954sfu04125","acc":"zEwCzDZsGC0h","guid":310,"count":1}
[2021-09-08 11:25:15.226][29472][INFO] [CMD:1002]{"token":"c0sd8s2vovh0tpf954sfu04125","acc":"zEwCzDZsGC0h","guid":310,"count":1}
[2021-09-08 11:25:15.856][29472][INFO] [CMD:1002]{"token":"c0sd8s2vovh0tpf954sfu04125","acc":"zEwCzDZsGC0h","guid":310,"count":1}
[2021-09-08 11:25:16.272][29472][INFO] [CMD:1002]{"token":"c0sd8s2vovh0tpf954sfu04125","acc":"zEwCzDZsGC0h","guid":310,"count":1}
[2021-09-08 11:25:16.840][29472][INFO] [CMD:1002]{"token":"c0sd8s2vovh0tpf954sfu04125","acc":"zEwCzDZsGC0h","guid":310,"count":1}
[2021-09-08 11:25:17.291][29472][INFO] [CMD:1002]{"token":"c0sd8s2vovh0tpf954sfu04125","acc":"zEwCzDZsGC0h","guid":310,"count":1}
[2021-09-08 11:25:19.934][29472][INFO] [CMD:1002]{"token":"c0sd8s2vovh0tpf954sfu04125","acc":"zEwCzDZsGC0h","guid":310,"count":1}
[2021-09-08 11:25:20.416][29472][INFO] [CMD:1002]{"token":"c0sd8s2vovh0tpf954sfu04125","acc":"zEwCzDZsGC0h","guid":310,"count":1}
[2021-09-08 11:25:21.058][29472][INFO] [CMD:1002]{"token":"c0sd8s2vovh0tpf954sfu04125","acc":"zEwCzDZsGC0h","guid":310,"count":1}
[2021-09-08 11:25:21.626][29472][INFO] [CMD:1002]{"token":"c0sd8s2vovh0tpf954sfu04125","acc":"zEwCzDZsGC0h","guid":310,"count":1}
[2021-09-08 11:25:22.265][29472][INFO] [CMD:1002]{"token":"c0sd8s2vovh0tpf954sfu04125","acc":"zEwCzDZsGC0h","guid":310,"count":1}
[2021-09-08 11:25:22.726][29472][INFO] [CMD:1002]{"token":"c0sd8s2vovh0tpf954sfu04125","acc":"zEwCzDZsGC0h","guid":310,"count":1}
[2021-09-08 11:25:23.275][29472][INFO] [CMD:1002]{"token":"c0sd8s2vovh0tpf954sfu04125","acc":"zEwCzDZsGC0h","guid":310,"count":1}
[2021-09-08 11:25:23.747][29472][INFO] [CMD:1002]{"token":"c0sd8s2vovh0tpf954sfu04125","acc":"zEwCzDZsGC0h","guid":310,"count":1}
[2021-09-08 11:25:26.311][29472][INFO] [CMD:1002]{"token":"c0sd8s2vovh0tpf954sfu04125","acc":"zEwCzDZsGC0h","guid":310,"count":1}
[2021-09-08 11:25:26.686][29472][INFO] [CMD:1002]{"token":"c0sd8s2vovh0tpf954sfu04125","acc":"zEwCzDZsGC0h","guid":310,"count":1}
[2021-09-08 11:25:27.199][29472][INFO] [CMD:1002]{"token":"c0sd8s2vovh0tpf954sfu04125","acc":"zEwCzDZsGC0h","guid":310,"count":1}
[2021-09-08 11:25:27.640][29472][INFO] [CMD:1002]{"token":"c0sd8s2vovh0tpf954sfu04125","acc":"zEwCzDZsGC0h","guid":310,"count":1}
[2021-09-08 11:25:28.135][29472][INFO] [CMD:1002]{"token":"c0sd8s2vovh0tpf954sfu04125","acc":"zEwCzDZsGC0h","guid":310,"count":1}
[2021-09-08 11:25:28.579][29472][INFO] [CMD:1002]{"token":"c0sd8s2vovh0tpf954sfu04125","acc":"zEwCzDZsGC0h","guid":310,"count":1}
[2021-09-08 11:25:29.030][29472][INFO] [CMD:1002]{"token":"c0sd8s2vovh0tpf954sfu04125","acc":"zEwCzDZsGC0h","guid":310,"count":1}
[2021-09-08 11:25:29.662][29472][INFO] [CMD:1002]{"token":"c0sd8s2vovh0tpf954sfu04125","acc":"zEwCzDZsGC0h","guid":310,"count":1}
[2021-09-08 11:25:32.095][29472][INFO] [CMD:1002]{"token":"c0sd8s2vovh0tpf954sfu04125","acc":"zEwCzDZsGC0h","guid":310,"count":1}
[2021-09-08 11:25:32.499][29472][INFO] [CMD:1002]{"token":"c0sd8s2vovh0tpf954sfu04125","acc":"zEwCzDZsGC0h","guid":310,"count":1}
[2021-09-08 11:25:33.208][29472][INFO] [CMD:1002]{"token":"c0sd8s2vovh0tpf954sfu04125","acc":"zEwCzDZsGC0h","guid":310,"count":1}
[2021-09-08 11:25:33.635][29472][INFO] [CMD:1002]{"token":"c0sd8s2vovh0tpf954sfu04125","acc":"zEwCzDZsGC0h","guid":310,"count":1}
[2021-09-08 11:25:34.193][29472][INFO] [CMD:1002]{"token":"c0sd8s2vovh0tpf954sfu04125","acc":"zEwCzDZsGC0h","guid":310,"count":1}
[2021-09-08 11:25:34.594][29472][INFO] [CMD:1002]{"token":"c0sd8s2vovh0tpf954sfu04125","acc":"zEwCzDZsGC0h","guid":310,"count":1}
[2021-09-08 11:25:35.176][29472][INFO] [CMD:1002]{"token":"c0sd8s2vovh0tpf954sfu04125","acc":"zEwCzDZsGC0h","guid":310,"count":1}
[2021-09-08 11:25:35.602][29472][INFO] [CMD:1002]{"token":"c0sd8s2vovh0tpf954sfu04125","acc":"zEwCzDZsGC0h","guid":310,"count":1}
[2021-09-08 11:25:38.417][29472][INFO] [CMD:1002]{"token":"c0sd8s2vovh0tpf954sfu04125","acc":"zEwCzDZsGC0h","guid":310,"count":1}
[2021-09-08 11:25:38.882][29472][INFO] [CMD:1002]{"token":"c0sd8s2vovh0tpf954sfu04125","acc":"zEwCzDZsGC0h","guid":310,"count":1}
[2021-09-08 11:25:39.355][29472][INFO] [CMD:1002]{"token":"c0sd8s2vovh0tpf954sfu04125","acc":"zEwCzDZsGC0h","guid":310,"count":1}
[2021-09-08 11:25:40.974][29472][INFO] [CMD:1004]{"token":"c0sd8s2vovh0tpf954sfu04125","acc":"zEwCzDZsGC0h","itemId":105,"count":1}
[2021-09-08 11:25:41.744][29472][INFO] [CMD:1002]{"token":"c0sd8s2vovh0tpf954sfu04125","acc":"zEwCzDZsGC0h","guid":310,"count":1}
[2021-09-08 11:25:42.193][29472][INFO] [CMD:1002]{"token":"c0sd8s2vovh0tpf954sfu04125","acc":"zEwCzDZsGC0h","guid":310,"count":1}
[2021-09-08 11:25:42.663][29472][INFO] [CMD:1002]{"token":"c0sd8s2vovh0tpf954sfu04125","acc":"zEwCzDZsGC0h","guid":310,"count":1}
[2021-09-08 11:25:43.138][29472][INFO] [CMD:1002]{"token":"c0sd8s2vovh0tpf954sfu04125","acc":"zEwCzDZsGC0h","guid":310,"count":1}
[2021-09-08 11:25:43.646][29472][INFO] [CMD:1002]{"token":"c0sd8s2vovh0tpf954sfu04125","acc":"zEwCzDZsGC0h","guid":310,"count":1}
[2021-09-08 11:25:44.146][29472][INFO] [CMD:1002]{"token":"c0sd8s2vovh0tpf954sfu04125","acc":"zEwCzDZsGC0h","guid":310,"count":1}
[2021-09-08 11:25:46.403][29472][INFO] [CMD:1002]{"token":"c0sd8s2vovh0tpf954sfu04125","acc":"zEwCzDZsGC0h","guid":310,"count":1}
[2021-09-08 11:27:22.334][29472][INFO] [CMD:1011]{"token":"c0sd8s2vovh0tpf954sfu04125","acc":"zEwCzDZsGC0h"}
[2021-09-08 11:27:29.208][29472][INFO] [CMD:9000]{"token":"c0sd8s2vovh0tpf954sfu04125","acc":"zEwCzDZsGC0h","productId":"craftstory_4900","transactionId":"4ac03cb2-019f-4520-8e9f-e48a7d577708"}
[2021-09-08 11:27:29.315][29472][INFO] [CMD:1011]{"token":"c0sd8s2vovh0tpf954sfu04125","acc":"zEwCzDZsGC0h"}
[2021-09-08 11:27:38.225][29472][INFO] [CMD:1010]{"token":"c0sd8s2vovh0tpf954sfu04125","acc":"zEwCzDZsGC0h","shopId":103}
[2021-09-08 11:27:38.510][29472][INFO] [CMD:1001]{"token":"c0sd8s2vovh0tpf954sfu04125","acc":"zEwCzDZsGC0h"}
[2021-09-08 11:27:38.517][29472][INFO] [CMD:1011]{"token":"c0sd8s2vovh0tpf954sfu04125","acc":"zEwCzDZsGC0h"}
[2021-09-08 11:27:39.859][29472][INFO] [CMD:1001]{"token":"c0sd8s2vovh0tpf954sfu04125","acc":"zEwCzDZsGC0h"}
[2021-09-08 11:27:39.873][29472][INFO] [CMD:1011]{"token":"c0sd8s2vovh0tpf954sfu04125","acc":"zEwCzDZsGC0h"}
[2021-09-08 11:27:41.143][29472][INFO] [CMD:1007]{"token":"c0sd8s2vovh0tpf954sfu04125","acc":"zEwCzDZsGC0h","guid":243,"site":2}
[2021-09-08 11:28:13.574][29472][INFO] [CMD:1002]{"token":"c0sd8s2vovh0tpf954sfu04125","acc":"zEwCzDZsGC0h","guid":310,"count":1}
[2021-09-08 11:28:14.174][29472][INFO] [CMD:1002]{"token":"c0sd8s2vovh0tpf954sfu04125","acc":"zEwCzDZsGC0h","guid":310,"count":1}
[2021-09-08 11:29:30.503][29472][INFO] [CMD:1004]{"token":"c0sd8s2vovh0tpf954sfu04125","acc":"zEwCzDZsGC0h","itemId":506,"count":1}
[2021-09-08 11:29:31.910][29472][INFO] [CMD:1004]{"token":"c0sd8s2vovh0tpf954sfu04125","acc":"zEwCzDZsGC0h","itemId":505,"count":1}
[2021-09-08 11:29:36.186][29472][INFO] [CMD:1004]{"token":"c0sd8s2vovh0tpf954sfu04125","acc":"zEwCzDZsGC0h","itemId":506,"count":1}
[2021-09-08 11:29:38.191][29472][INFO] [CMD:1001]{"token":"c0sd8s2vovh0tpf954sfu04125","acc":"zEwCzDZsGC0h"}
[2021-09-08 11:29:38.200][29472][INFO] [CMD:1011]{"token":"c0sd8s2vovh0tpf954sfu04125","acc":"zEwCzDZsGC0h"}
[2021-09-08 11:29:40.254][29472][INFO] [CMD:1007]{"token":"c0sd8s2vovh0tpf954sfu04125","acc":"zEwCzDZsGC0h","guid":266,"site":4}
[2021-09-08 11:29:42.164][29472][INFO] [CMD:1002]{"token":"c0sd8s2vovh0tpf954sfu04125","acc":"zEwCzDZsGC0h","guid":266,"count":1}
[2021-09-08 11:29:43.372][29472][INFO] [CMD:1002]{"token":"c0sd8s2vovh0tpf954sfu04125","acc":"zEwCzDZsGC0h","guid":266,"count":1}
[2021-09-08 11:31:54.987][29472][INFO] [CMD:1002]{"token":"c0sd8s2vovh0tpf954sfu04125","acc":"zEwCzDZsGC0h","guid":310,"count":1}
[2021-09-08 11:35:20.906][29472][INFO] [CMD:1011]{"token":"c0sd8s2vovh0tpf954sfu04125","acc":"zEwCzDZsGC0h"}
[2021-09-08 11:35:20.908][29472][INFO] [CMD:1001]{"token":"c0sd8s2vovh0tpf954sfu04125","acc":"zEwCzDZsGC0h"}
[2021-09-08 11:37:57.573][29472][INFO] [CMD:1011]{"token":"c0sd8s2vovh0tpf954sfu04125","acc":"zEwCzDZsGC0h"}
[2021-09-08 11:37:57.577][29472][INFO] [CMD:1001]{"token":"c0sd8s2vovh0tpf954sfu04125","acc":"zEwCzDZsGC0h"}
[2021-09-08 11:39:09.370][29472][INFO] [CMD:1007]{"token":"c0sd8s2vovh0tpf954sfu04125","acc":"zEwCzDZsGC0h","guid":241,"site":4}
[2021-09-08 11:40:14.247][29472][INFO] [CMD:1001]{"token":"c0sd8s2vovh0tpf954sfu04125","acc":"zEwCzDZsGC0h"}
[2021-09-08 11:40:14.251][29472][INFO] [CMD:1011]{"token":"c0sd8s2vovh0tpf954sfu04125","acc":"zEwCzDZsGC0h"}
[2021-09-08 11:40:45.852][29472][INFO] [CMD:1007]{"token":"c0sd8s2vovh0tpf954sfu04125","acc":"zEwCzDZsGC0h","guid":241,"site":0}
[2021-09-08 11:40:45.936][29472][INFO] [CMD:1007]{"token":"c0sd8s2vovh0tpf954sfu04125","acc":"zEwCzDZsGC0h","guid":310,"site":4}
[2021-09-08 11:40:47.410][29472][INFO] [CMD:1007]{"token":"c0sd8s2vovh0tpf954sfu04125","acc":"zEwCzDZsGC0h","guid":310,"site":5}
[2021-09-08 11:44:43.925][29472][INFO] [CMD:1001]{"token":"c0sd8s2vovh0tpf954sfu04125","acc":"zEwCzDZsGC0h"}
[2021-09-08 11:44:43.929][29472][INFO] [CMD:1011]{"token":"c0sd8s2vovh0tpf954sfu04125","acc":"zEwCzDZsGC0h"}
[2021-09-08 11:44:46.765][29472][INFO] [CMD:1011]{"token":"c0sd8s2vovh0tpf954sfu04125","acc":"zEwCzDZsGC0h"}
[2021-09-08 12:59:08.927][29472][INFO] [CMD:1002]{"token":"c0sd8s2vovh0tpf954sfu04125","acc":"zEwCzDZsGC0h","guid":310,"count":1}
[2021-09-08 12:59:09.505][29472][INFO] [CMD:1002]{"token":"c0sd8s2vovh0tpf954sfu04125","acc":"zEwCzDZsGC0h","guid":310,"count":1}
[2021-09-08 13:48:32.659][29472][INFO] [CMD:100]
[2021-09-08 13:48:32.973][29472][INFO] [CMD:101][ACC:dc8FkM0VsYRu]
[2021-09-08 13:48:33.142][29472][INFO] [CMD:1025]{"token":"05d2hf81eikmab7jrel715c8e1","acc":"dc8FkM0VsYRu"}
[2021-09-08 13:48:33.172][29472][INFO] [CMD:1028]{"token":"05d2hf81eikmab7jrel715c8e1","acc":"dc8FkM0VsYRu"}
[2021-09-08 13:48:33.193][29472][INFO] [CMD:1021]{"token":"05d2hf81eikmab7jrel715c8e1","acc":"dc8FkM0VsYRu"}
[2021-09-08 13:48:35.376][29472][INFO] [CMD:1011]{"token":"05d2hf81eikmab7jrel715c8e1","acc":"dc8FkM0VsYRu"}
[2021-09-08 13:48:39.154][29472][INFO] [CMD:1029]{"token":"05d2hf81eikmab7jrel715c8e1","acc":"dc8FkM0VsYRu"}
[2021-09-08 13:48:41.425][29472][INFO] [CMD:1023]{"token":"05d2hf81eikmab7jrel715c8e1","acc":"dc8FkM0VsYRu"}
[2021-09-08 13:48:41.426][29472][INFO] [CMD:1011]{"token":"05d2hf81eikmab7jrel715c8e1","acc":"dc8FkM0VsYRu"}
[2021-09-08 13:48:41.450][29472][INFO] [CMD:1001]{"token":"05d2hf81eikmab7jrel715c8e1","acc":"dc8FkM0VsYRu"}
[2021-09-08 13:48:44.594][29472][INFO] [CMD:1011]{"token":"05d2hf81eikmab7jrel715c8e1","acc":"dc8FkM0VsYRu"}
[2021-09-08 13:49:29.546][29472][INFO] [CMD:9000]{"token":"05d2hf81eikmab7jrel715c8e1","acc":"dc8FkM0VsYRu","productId":"craftstory_120","transactionId":"810ae14e-a46a-425e-bcb6-c54f55e8d0b5"}
[2021-09-08 13:49:29.739][29472][INFO] [CMD:1011]{"token":"05d2hf81eikmab7jrel715c8e1","acc":"dc8FkM0VsYRu"}
[2021-09-08 13:50:34.917][29472][INFO] [CMD:9000]{"token":"05d2hf81eikmab7jrel715c8e1","acc":"dc8FkM0VsYRu","productId":"craftstory_980","transactionId":"4f10fd67-ba86-44a3-9bd2-7ab41e475adf"}
[2021-09-08 13:50:35.061][29472][INFO] [CMD:1011]{"token":"05d2hf81eikmab7jrel715c8e1","acc":"dc8FkM0VsYRu"}
[2021-09-08 13:50:50.717][29472][INFO] [CMD:9000]{"token":"05d2hf81eikmab7jrel715c8e1","acc":"dc8FkM0VsYRu","productId":"craftstory_1960","transactionId":"379a1e58-0c52-4a84-8e54-b842df2b767b"}
[2021-09-08 13:50:50.874][29472][INFO] [CMD:1011]{"token":"05d2hf81eikmab7jrel715c8e1","acc":"dc8FkM0VsYRu"}
[2021-09-08 14:13:23.360][29472][INFO] [CMD:100]
[2021-09-08 14:13:23.777][29472][INFO] [CMD:101][ACC:YqYzQ9JB5gnx]
[2021-09-08 14:13:24.106][29472][INFO] [CMD:1025]{"token":"9hs44p2svnvqint1f7egacbb9f","acc":"YqYzQ9JB5gnx"}
[2021-09-08 14:13:24.117][29472][INFO] [CMD:1028]{"token":"9hs44p2svnvqint1f7egacbb9f","acc":"YqYzQ9JB5gnx"}
[2021-09-08 14:13:24.142][29472][INFO] [CMD:1021]{"token":"9hs44p2svnvqint1f7egacbb9f","acc":"YqYzQ9JB5gnx"}
[2021-09-08 14:13:26.325][29472][INFO] [CMD:1011]{"token":"9hs44p2svnvqint1f7egacbb9f","acc":"YqYzQ9JB5gnx"}
[2021-09-08 14:13:29.904][29472][INFO] [CMD:1029]{"token":"9hs44p2svnvqint1f7egacbb9f","acc":"YqYzQ9JB5gnx"}
[2021-09-08 14:13:32.113][29472][INFO] [CMD:1023]{"token":"9hs44p2svnvqint1f7egacbb9f","acc":"YqYzQ9JB5gnx"}
[2021-09-08 14:13:32.130][29472][INFO] [CMD:1001]{"token":"9hs44p2svnvqint1f7egacbb9f","acc":"YqYzQ9JB5gnx"}
[2021-09-08 14:13:32.161][29472][INFO] [CMD:1011]{"token":"9hs44p2svnvqint1f7egacbb9f","acc":"YqYzQ9JB5gnx"}
[2021-09-08 14:13:47.394][29472][INFO] [CMD:101][ACC:YqYzQ9JB5gnx]
[2021-09-08 14:13:47.565][29472][INFO] [CMD:1028]{"token":"k8funm27uuvlqvqd0bph0vrhg2","acc":"YqYzQ9JB5gnx"}
[2021-09-08 14:13:47.565][29472][INFO] [CMD:1021]{"token":"k8funm27uuvlqvqd0bph0vrhg2","acc":"YqYzQ9JB5gnx"}
[2021-09-08 14:13:47.584][29472][INFO] [CMD:1025]{"token":"k8funm27uuvlqvqd0bph0vrhg2","acc":"YqYzQ9JB5gnx"}
[2021-09-08 14:13:51.301][29472][INFO] [CMD:1001]{"token":"k8funm27uuvlqvqd0bph0vrhg2","acc":"YqYzQ9JB5gnx"}
[2021-09-08 14:13:51.303][29472][INFO] [CMD:1011]{"token":"k8funm27uuvlqvqd0bph0vrhg2","acc":"YqYzQ9JB5gnx"}
[2021-09-08 14:13:51.320][29472][INFO] [CMD:1023]{"token":"k8funm27uuvlqvqd0bph0vrhg2","acc":"YqYzQ9JB5gnx"}
[2021-09-08 14:15:53.685][29472][INFO] [CMD:101][ACC:YqYzQ9JB5gnx]
[2021-09-08 14:15:53.848][29472][INFO] [CMD:1028]{"token":"mf2afccuquviae8huinr8uh2sj","acc":"YqYzQ9JB5gnx"}
[2021-09-08 14:15:53.865][29472][INFO] [CMD:1025]{"token":"mf2afccuquviae8huinr8uh2sj","acc":"YqYzQ9JB5gnx"}
[2021-09-08 14:15:53.874][29472][INFO] [CMD:1021]{"token":"mf2afccuquviae8huinr8uh2sj","acc":"YqYzQ9JB5gnx"}
[2021-09-08 14:15:57.567][29472][INFO] [CMD:1011]{"token":"mf2afccuquviae8huinr8uh2sj","acc":"YqYzQ9JB5gnx"}
[2021-09-08 14:15:57.572][29472][INFO] [CMD:1023]{"token":"mf2afccuquviae8huinr8uh2sj","acc":"YqYzQ9JB5gnx"}
[2021-09-08 14:15:57.585][29472][INFO] [CMD:1001]{"token":"mf2afccuquviae8huinr8uh2sj","acc":"YqYzQ9JB5gnx"}
[2021-09-08 14:17:50.447][29472][INFO] [CMD:101][ACC:YqYzQ9JB5gnx]
[2021-09-08 14:17:50.599][29472][INFO] [CMD:1028]{"token":"e6nm1upfs4emo1epdp6rgbts1v","acc":"YqYzQ9JB5gnx"}
[2021-09-08 14:17:50.601][29472][INFO] [CMD:1025]{"token":"e6nm1upfs4emo1epdp6rgbts1v","acc":"YqYzQ9JB5gnx"}
[2021-09-08 14:17:50.613][29472][INFO] [CMD:1021]{"token":"e6nm1upfs4emo1epdp6rgbts1v","acc":"YqYzQ9JB5gnx"}
[2021-09-08 14:17:54.489][29472][INFO] [CMD:1023]{"token":"e6nm1upfs4emo1epdp6rgbts1v","acc":"YqYzQ9JB5gnx"}
[2021-09-08 14:17:54.521][29472][INFO] [CMD:1011]{"token":"e6nm1upfs4emo1epdp6rgbts1v","acc":"YqYzQ9JB5gnx"}
[2021-09-08 14:17:54.521][29472][INFO] [CMD:1001]{"token":"e6nm1upfs4emo1epdp6rgbts1v","acc":"YqYzQ9JB5gnx"}
[2021-09-08 14:18:45.747][29472][INFO] [CMD:101][ACC:YqYzQ9JB5gnx]
[2021-09-08 14:18:45.891][29472][INFO] [CMD:1028]{"token":"62gnmou3d4h0svrpt9oip0rgae","acc":"YqYzQ9JB5gnx"}
[2021-09-08 14:18:45.909][29472][INFO] [CMD:1025]{"token":"62gnmou3d4h0svrpt9oip0rgae","acc":"YqYzQ9JB5gnx"}
[2021-09-08 14:18:45.909][29472][INFO] [CMD:1021]{"token":"62gnmou3d4h0svrpt9oip0rgae","acc":"YqYzQ9JB5gnx"}
[2021-09-08 14:18:50.100][29472][INFO] [CMD:1011]{"token":"62gnmou3d4h0svrpt9oip0rgae","acc":"YqYzQ9JB5gnx"}
[2021-09-08 14:18:50.125][29472][INFO] [CMD:1023]{"token":"62gnmou3d4h0svrpt9oip0rgae","acc":"YqYzQ9JB5gnx"}
[2021-09-08 14:18:50.141][29472][INFO] [CMD:1001]{"token":"62gnmou3d4h0svrpt9oip0rgae","acc":"YqYzQ9JB5gnx"}
[2021-09-08 14:20:27.721][29472][INFO] [CMD:101][ACC:YqYzQ9JB5gnx]
[2021-09-08 14:20:35.473][29472][INFO] [CMD:101][ACC:YqYzQ9JB5gnx]
[2021-09-08 14:20:35.642][29472][INFO] [CMD:1025]{"token":"p923rgjkrbvffajiqrql4sf0jl","acc":"YqYzQ9JB5gnx"}
[2021-09-08 14:20:35.642][29472][INFO] [CMD:1021]{"token":"p923rgjkrbvffajiqrql4sf0jl","acc":"YqYzQ9JB5gnx"}
[2021-09-08 14:20:35.652][29472][INFO] [CMD:1028]{"token":"p923rgjkrbvffajiqrql4sf0jl","acc":"YqYzQ9JB5gnx"}
[2021-09-08 14:20:39.209][29472][INFO] [CMD:1011]{"token":"p923rgjkrbvffajiqrql4sf0jl","acc":"YqYzQ9JB5gnx"}
[2021-09-08 14:20:39.226][29472][INFO] [CMD:1001]{"token":"p923rgjkrbvffajiqrql4sf0jl","acc":"YqYzQ9JB5gnx"}
[2021-09-08 14:20:39.226][29472][INFO] [CMD:1023]{"token":"p923rgjkrbvffajiqrql4sf0jl","acc":"YqYzQ9JB5gnx"}
[2021-09-08 14:21:56.058][29472][INFO] [CMD:101][ACC:YqYzQ9JB5gnx]
[2021-09-08 14:22:10.246][29472][INFO] [CMD:101][ACC:YqYzQ9JB5gnx]
[2021-09-08 14:22:10.434][29472][INFO] [CMD:1028]{"token":"fccuhbe5vc74793msant8bpe2i","acc":"YqYzQ9JB5gnx"}
[2021-09-08 14:22:10.436][29472][INFO] [CMD:1025]{"token":"fccuhbe5vc74793msant8bpe2i","acc":"YqYzQ9JB5gnx"}
[2021-09-08 14:22:10.455][29472][INFO] [CMD:1021]{"token":"fccuhbe5vc74793msant8bpe2i","acc":"YqYzQ9JB5gnx"}
[2021-09-08 14:22:14.243][29472][INFO] [CMD:1023]{"token":"fccuhbe5vc74793msant8bpe2i","acc":"YqYzQ9JB5gnx"}
[2021-09-08 14:22:14.260][29472][INFO] [CMD:1011]{"token":"fccuhbe5vc74793msant8bpe2i","acc":"YqYzQ9JB5gnx"}
[2021-09-08 14:22:14.268][29472][INFO] [CMD:1001]{"token":"fccuhbe5vc74793msant8bpe2i","acc":"YqYzQ9JB5gnx"}
[2021-09-08 14:24:49.324][29472][INFO] [CMD:101][ACC:YqYzQ9JB5gnx]
[2021-09-08 14:24:49.712][29472][INFO] [CMD:1025]{"token":"ml01b4mgks76jbe5lb54jj4eee","acc":"YqYzQ9JB5gnx"}
[2021-09-08 14:24:49.735][29472][INFO] [CMD:1028]{"token":"ml01b4mgks76jbe5lb54jj4eee","acc":"YqYzQ9JB5gnx"}
[2021-09-08 14:24:49.736][29472][INFO] [CMD:1021]{"token":"ml01b4mgks76jbe5lb54jj4eee","acc":"YqYzQ9JB5gnx"}
[2021-09-08 14:24:53.556][29472][INFO] [CMD:1011]{"token":"ml01b4mgks76jbe5lb54jj4eee","acc":"YqYzQ9JB5gnx"}
[2021-09-08 14:24:53.559][29472][INFO] [CMD:1023]{"token":"ml01b4mgks76jbe5lb54jj4eee","acc":"YqYzQ9JB5gnx"}
[2021-09-08 14:24:53.573][29472][INFO] [CMD:1001]{"token":"ml01b4mgks76jbe5lb54jj4eee","acc":"YqYzQ9JB5gnx"}
[2021-09-08 14:24:56.075][29472][INFO] [CMD:1011]{"token":"ml01b4mgks76jbe5lb54jj4eee","acc":"YqYzQ9JB5gnx"}
[2021-09-08 14:29:35.949][29472][INFO] [CMD:1027]{"token":"ml01b4mgks76jbe5lb54jj4eee","acc":"YqYzQ9JB5gnx","type":1}
[2021-09-08 14:29:36.128][29472][INFO] [CMD:1028]{"token":"ml01b4mgks76jbe5lb54jj4eee","acc":"YqYzQ9JB5gnx"}
[2021-09-08 14:29:36.228][29472][INFO] [CMD:1021]{"token":"ml01b4mgks76jbe5lb54jj4eee","acc":"YqYzQ9JB5gnx"}
[2021-09-08 14:29:42.011][29472][INFO] [CMD:1027]{"token":"ml01b4mgks76jbe5lb54jj4eee","acc":"YqYzQ9JB5gnx","type":2}
[2021-09-08 14:29:42.172][29472][INFO] [CMD:1028]{"token":"ml01b4mgks76jbe5lb54jj4eee","acc":"YqYzQ9JB5gnx"}
[2021-09-08 14:29:42.265][29472][INFO] [CMD:1021]{"token":"ml01b4mgks76jbe5lb54jj4eee","acc":"YqYzQ9JB5gnx"}
[2021-09-08 14:29:50.693][29472][INFO] [CMD:1027]{"token":"ml01b4mgks76jbe5lb54jj4eee","acc":"YqYzQ9JB5gnx","type":3}
[2021-09-08 14:29:50.845][29472][INFO] [CMD:1028]{"token":"ml01b4mgks76jbe5lb54jj4eee","acc":"YqYzQ9JB5gnx"}
[2021-09-08 14:29:50.945][29472][INFO] [CMD:1021]{"token":"ml01b4mgks76jbe5lb54jj4eee","acc":"YqYzQ9JB5gnx"}
[2021-09-08 14:30:23.151][29472][INFO] [CMD:1019]{"token":"ml01b4mgks76jbe5lb54jj4eee","acc":"YqYzQ9JB5gnx","page":1}
[2021-09-08 14:30:37.495][29472][INFO] [CMD:1026]{"token":"ml01b4mgks76jbe5lb54jj4eee","acc":"YqYzQ9JB5gnx","guid":107}
[2021-09-08 14:30:37.503][29472][INFO] [CMD:1020]{"token":"ml01b4mgks76jbe5lb54jj4eee","acc":"YqYzQ9JB5gnx","guid":107}
[2021-09-08 14:30:38.046][29472][INFO] [CMD:1001]{"token":"ml01b4mgks76jbe5lb54jj4eee","acc":"YqYzQ9JB5gnx"}
[2021-09-08 14:33:48.754][29472][INFO] [CMD:1015]{"token":"ml01b4mgks76jbe5lb54jj4eee","acc":"YqYzQ9JB5gnx","nickName":"gseg"}
[2021-09-08 14:35:31.941][29472][INFO] [CMD:1005]{"token":"ml01b4mgks76jbe5lb54jj4eee","acc":"YqYzQ9JB5gnx","itemId":3002,"count":1,"newName":"Gseg","rdata":"{\"sizeX\":6,\"sizeZ\":6,\"blocks\":[{\"id\":1502,\"posX\":-2,\"posY\":0,\"posZ\":1,\"direction\":0},{\"id\":5000,\"posX\":-1,\"posY\":0,\"posZ\":0,\"direction\":0},{\"id\":5001,\"posX\":2,\"posY\":0,\"posZ\":0,\"direction\":0}],\"IsDuplicate\":false}"}
[2021-09-08 14:35:32.047][29472][INFO] [CMD:1001]{"token":"ml01b4mgks76jbe5lb54jj4eee","acc":"YqYzQ9JB5gnx"}
[2021-09-08 14:35:32.149][29472][INFO] [CMD:1003]{"token":"ml01b4mgks76jbe5lb54jj4eee","acc":"YqYzQ9JB5gnx","itemId":3001,"count":1}
[2021-09-08 14:35:32.248][29472][INFO] [CMD:1001]{"token":"ml01b4mgks76jbe5lb54jj4eee","acc":"YqYzQ9JB5gnx"}
[2021-09-08 14:35:33.701][29472][INFO] [CMD:1011]{"token":"ml01b4mgks76jbe5lb54jj4eee","acc":"YqYzQ9JB5gnx"}
[2021-09-08 14:35:37.739][29472][INFO] [CMD:1010]{"token":"ml01b4mgks76jbe5lb54jj4eee","acc":"YqYzQ9JB5gnx","shopId":1000}
[2021-09-08 14:35:38.320][29472][INFO] [CMD:1001]{"token":"ml01b4mgks76jbe5lb54jj4eee","acc":"YqYzQ9JB5gnx"}
[2021-09-08 14:35:38.327][29472][INFO] [CMD:1011]{"token":"ml01b4mgks76jbe5lb54jj4eee","acc":"YqYzQ9JB5gnx"}
[2021-09-08 14:35:48.746][29472][INFO] [CMD:1011]{"token":"ml01b4mgks76jbe5lb54jj4eee","acc":"YqYzQ9JB5gnx"}
[2021-09-08 14:35:52.920][29472][INFO] [CMD:9000]{"token":"ml01b4mgks76jbe5lb54jj4eee","acc":"YqYzQ9JB5gnx","productId":"craftstory_4900","transactionId":"ba4f621d-baf9-4979-951a-b6e78cd08583"}
[2021-09-08 14:35:53.647][29472][INFO] [CMD:1011]{"token":"ml01b4mgks76jbe5lb54jj4eee","acc":"YqYzQ9JB5gnx"}
[2021-09-08 14:36:00.134][29472][INFO] [CMD:1010]{"token":"ml01b4mgks76jbe5lb54jj4eee","acc":"YqYzQ9JB5gnx","shopId":2002}
[2021-09-08 14:36:00.240][29472][INFO] [CMD:1001]{"token":"ml01b4mgks76jbe5lb54jj4eee","acc":"YqYzQ9JB5gnx"}
[2021-09-08 14:36:00.261][29472][INFO] [CMD:1011]{"token":"ml01b4mgks76jbe5lb54jj4eee","acc":"YqYzQ9JB5gnx"}
[2021-09-08 14:36:01.239][29472][INFO] [CMD:1016]{"token":"ml01b4mgks76jbe5lb54jj4eee","acc":"YqYzQ9JB5gnx","page":1,"nickName":"","sortType":0}
[2021-09-08 14:36:03.131][29472][INFO] [CMD:1017]{"token":"ml01b4mgks76jbe5lb54jj4eee","acc":"YqYzQ9JB5gnx","guid":1}
[2021-09-08 14:36:11.377][29472][INFO] [CMD:1001]{"token":"ml01b4mgks76jbe5lb54jj4eee","acc":"YqYzQ9JB5gnx"}
[2021-09-08 14:36:11.380][29472][INFO] [CMD:1011]{"token":"ml01b4mgks76jbe5lb54jj4eee","acc":"YqYzQ9JB5gnx"}
[2021-09-08 14:36:15.221][29472][INFO] [CMD:1001]{"token":"ml01b4mgks76jbe5lb54jj4eee","acc":"YqYzQ9JB5gnx"}
[2021-09-08 14:36:15.230][29472][INFO] [CMD:1011]{"token":"ml01b4mgks76jbe5lb54jj4eee","acc":"YqYzQ9JB5gnx"}
[2021-09-08 14:40:10.911][29472][INFO] [CMD:1014]{"token":"ml01b4mgks76jbe5lb54jj4eee","acc":"YqYzQ9JB5gnx","nickName":"gseg","itemGuid":320,"site":1,"price":330}
[2021-09-08 14:40:11.200][29472][INFO] [CMD:1025]{"token":"ml01b4mgks76jbe5lb54jj4eee","acc":"YqYzQ9JB5gnx"}
[2021-09-08 14:40:54.797][29472][INFO] [CMD:1039]{"token":"ml01b4mgks76jbe5lb54jj4eee","acc":"YqYzQ9JB5gnx","myshopId":3}
[2021-09-08 14:42:02.330][29472][INFO] [CMD:1013]{"token":"ml01b4mgks76jbe5lb54jj4eee","acc":"YqYzQ9JB5gnx"}
[2021-09-08 15:05:54.181][29472][INFO] [CMD:1019]{"token":"ml01b4mgks76jbe5lb54jj4eee","acc":"YqYzQ9JB5gnx","page":1}
[2021-09-08 15:06:39.354][29472][INFO] [CMD:101][ACC:YqYzQ9JB5gnx]
[2021-09-08 15:06:39.761][29472][INFO] [CMD:1025]{"token":"4r1cm1uud5e5h4lgo6actj70f0","acc":"YqYzQ9JB5gnx"}
[2021-09-08 15:06:39.771][29472][INFO] [CMD:1028]{"token":"4r1cm1uud5e5h4lgo6actj70f0","acc":"YqYzQ9JB5gnx"}
[2021-09-08 15:06:39.778][29472][INFO] [CMD:1021]{"token":"4r1cm1uud5e5h4lgo6actj70f0","acc":"YqYzQ9JB5gnx"}
[2021-09-08 15:45:54.148][29472][INFO] [CMD:101][ACC:YqYzQ9JB5gnx]
[2021-09-08 15:45:54.401][29472][INFO] [CMD:1025]{"token":"6lvbhhcrrtfgt75getokdi9abh","acc":"YqYzQ9JB5gnx"}
[2021-09-08 15:45:54.411][29472][INFO] [CMD:1028]{"token":"6lvbhhcrrtfgt75getokdi9abh","acc":"YqYzQ9JB5gnx"}
[2021-09-08 15:45:54.840][29472][INFO] [CMD:1021]{"token":"6lvbhhcrrtfgt75getokdi9abh","acc":"YqYzQ9JB5gnx"}
[2021-09-08 15:45:58.500][29472][INFO] [CMD:1011]{"token":"6lvbhhcrrtfgt75getokdi9abh","acc":"YqYzQ9JB5gnx"}
[2021-09-08 15:45:59.017][29472][INFO] [CMD:1023]{"token":"6lvbhhcrrtfgt75getokdi9abh","acc":"YqYzQ9JB5gnx"}
[2021-09-08 15:45:59.024][29472][INFO] [CMD:1001]{"token":"6lvbhhcrrtfgt75getokdi9abh","acc":"YqYzQ9JB5gnx"}
[2021-09-08 15:46:25.352][29472][INFO] [CMD:1009]{"token":"6lvbhhcrrtfgt75getokdi9abh","acc":"YqYzQ9JB5gnx","bonusList":"2,2,2,2"}
[2021-09-08 15:46:27.423][29472][INFO] [CMD:1009]{"token":"6lvbhhcrrtfgt75getokdi9abh","acc":"YqYzQ9JB5gnx","bonusList":"2,2,2,2"}
[2021-09-08 15:46:36.110][29472][INFO] [CMD:1001]{"token":"6lvbhhcrrtfgt75getokdi9abh","acc":"YqYzQ9JB5gnx"}
[2021-09-08 15:46:36.131][29472][INFO] [CMD:1011]{"token":"6lvbhhcrrtfgt75getokdi9abh","acc":"YqYzQ9JB5gnx"}
[2021-09-08 17:43:08.631][29472][INFO] [CMD:101][ACC:2zMZDLfsezdv]
[2021-09-08 17:43:08.814][29472][INFO] [CMD:1025]{"token":"alnafhs6oc8b9v6bnbdv8irs20","acc":"2zMZDLfsezdv"}
[2021-09-08 17:43:08.828][29472][INFO] [CMD:1021]{"token":"alnafhs6oc8b9v6bnbdv8irs20","acc":"2zMZDLfsezdv"}
[2021-09-08 17:43:08.847][29472][INFO] [CMD:1028]{"token":"alnafhs6oc8b9v6bnbdv8irs20","acc":"2zMZDLfsezdv"}
[2021-09-08 17:43:12.737][29472][INFO] [CMD:1023]{"token":"alnafhs6oc8b9v6bnbdv8irs20","acc":"2zMZDLfsezdv"}
[2021-09-08 17:43:12.751][29472][INFO] [CMD:1011]{"token":"alnafhs6oc8b9v6bnbdv8irs20","acc":"2zMZDLfsezdv"}
[2021-09-08 17:43:12.757][29472][INFO] [CMD:1001]{"token":"alnafhs6oc8b9v6bnbdv8irs20","acc":"2zMZDLfsezdv"}
[2021-09-08 17:43:15.587][29472][INFO] [CMD:1011]{"token":"alnafhs6oc8b9v6bnbdv8irs20","acc":"2zMZDLfsezdv"}
[2021-09-08 17:43:29.593][29472][INFO] [CMD:1030]{"token":"alnafhs6oc8b9v6bnbdv8irs20","acc":"2zMZDLfsezdv","gachaId":1}
[2021-09-08 17:44:32.594][29472][INFO] [CMD:1030]{"token":"alnafhs6oc8b9v6bnbdv8irs20","acc":"2zMZDLfsezdv","gachaId":1}
[2021-09-08 17:46:34.352][29472][INFO] [CMD:1042]{"token":"alnafhs6oc8b9v6bnbdv8irs20","acc":"2zMZDLfsezdv","gachaId":1}
[2021-09-08 17:46:44.676][29472][INFO] [CMD:1030]{"token":"alnafhs6oc8b9v6bnbdv8irs20","acc":"2zMZDLfsezdv","gachaId":1}
[2021-09-08 17:47:15.745][29472][INFO] [CMD:1030]{"token":"alnafhs6oc8b9v6bnbdv8irs20","acc":"2zMZDLfsezdv","gachaId":1}
[2021-09-08 17:48:37.896][29472][INFO] [CMD:101][ACC:2zMZDLfsezdv]
[2021-09-08 17:48:38.043][29472][INFO] [CMD:1021]{"token":"ljrbom5skn6ovqdkq7lo6eoflu","acc":"2zMZDLfsezdv"}
[2021-09-08 17:48:38.049][29472][INFO] [CMD:1025]{"token":"ljrbom5skn6ovqdkq7lo6eoflu","acc":"2zMZDLfsezdv"}
[2021-09-08 17:48:38.049][29472][INFO] [CMD:1028]{"token":"ljrbom5skn6ovqdkq7lo6eoflu","acc":"2zMZDLfsezdv"}
[2021-09-08 17:48:42.151][29472][INFO] [CMD:1001]{"token":"ljrbom5skn6ovqdkq7lo6eoflu","acc":"2zMZDLfsezdv"}
[2021-09-08 17:48:42.158][29472][INFO] [CMD:1023]{"token":"ljrbom5skn6ovqdkq7lo6eoflu","acc":"2zMZDLfsezdv"}
[2021-09-08 17:48:42.159][29472][INFO] [CMD:1011]{"token":"ljrbom5skn6ovqdkq7lo6eoflu","acc":"2zMZDLfsezdv"}
[2021-09-08 17:48:44.418][29472][INFO] [CMD:1011]{"token":"ljrbom5skn6ovqdkq7lo6eoflu","acc":"2zMZDLfsezdv"}
[2021-09-08 17:48:45.683][29472][INFO] [CMD:1030]{"token":"ljrbom5skn6ovqdkq7lo6eoflu","acc":"2zMZDLfsezdv","gachaId":1}
[2021-09-08 17:49:11.352][29472][INFO] [CMD:1030]{"token":"ljrbom5skn6ovqdkq7lo6eoflu","acc":"2zMZDLfsezdv","gachaId":1}
[2021-09-08 17:49:35.476][29472][INFO] [CMD:1030]{"token":"ljrbom5skn6ovqdkq7lo6eoflu","acc":"2zMZDLfsezdv","gachaId":1}
[2021-09-08 17:51:35.909][29472][INFO] [CMD:1030]{"token":"ljrbom5skn6ovqdkq7lo6eoflu","acc":"2zMZDLfsezdv","gachaId":1}
[2021-09-08 17:53:41.616][29472][INFO] [CMD:1030]{"token":"ljrbom5skn6ovqdkq7lo6eoflu","acc":"2zMZDLfsezdv","gachaId":1}
[2021-09-08 17:54:03.012][29472][INFO] [CMD:1030]{"token":"ljrbom5skn6ovqdkq7lo6eoflu","acc":"2zMZDLfsezdv","gachaId":1}
[2021-09-08 17:54:44.885][29472][INFO] [CMD:1030]{"token":"ljrbom5skn6ovqdkq7lo6eoflu","acc":"2zMZDLfsezdv","gachaId":1}
[2021-09-08 17:55:06.176][29472][INFO] [CMD:1042]{"token":"ljrbom5skn6ovqdkq7lo6eoflu","acc":"2zMZDLfsezdv","gachaId":1}
[2021-09-08 17:58:16.946][29472][INFO] [CMD:1019]{"token":"ljrbom5skn6ovqdkq7lo6eoflu","acc":"2zMZDLfsezdv","page":1}
[2021-09-08 17:58:17.953][29472][INFO] [CMD:1020]{"token":"ljrbom5skn6ovqdkq7lo6eoflu","acc":"2zMZDLfsezdv","guid":108}
[2021-09-08 17:58:22.576][29472][INFO] [CMD:1019]{"token":"ljrbom5skn6ovqdkq7lo6eoflu","acc":"2zMZDLfsezdv","page":1}
[2021-09-08 17:58:25.260][29472][INFO] [CMD:1001]{"token":"ljrbom5skn6ovqdkq7lo6eoflu","acc":"2zMZDLfsezdv"}
[2021-09-08 17:58:25.262][29472][INFO] [CMD:1011]{"token":"ljrbom5skn6ovqdkq7lo6eoflu","acc":"2zMZDLfsezdv"}
[2021-09-08 17:58:43.925][29472][INFO] [CMD:1011]{"token":"ljrbom5skn6ovqdkq7lo6eoflu","acc":"2zMZDLfsezdv"}
[2021-09-08 17:58:43.934][29472][INFO] [CMD:1001]{"token":"ljrbom5skn6ovqdkq7lo6eoflu","acc":"2zMZDLfsezdv"}
