[2021-09-02 11:04:31.375][35844][ERROR] {"token":"s5v9d1e4ml53mksm16uog2iaei","acc":"MeX3Uq6I5zX7","msg":"{\"Payload\":\"{ \\\"this\\\" : \\\"is a fake receipt\\\" }\",\"Store\":\"fake\",\"TransactionID\":\"90e77239-1cdc-4f81-801b-960ff97023a5\"}"}
[2021-09-02 11:04:31.377][35844][ERROR] {"token":"s5v9d1e4ml53mksm16uog2iaei","acc":"MeX3Uq6I5zX7","msg":"\u8CFC\u5165\u6210\u529F:Acc = MeX3Uq6I5zX7, productId = craftstory_120, ProductType = Consumable"}
[2021-09-02 11:08:59.719][35844][ERROR] {"token":"08r8i6qthnsql6j39fj72g8a9j","acc":"MeX3Uq6I5zX7","msg":"{\"Payload\":\"{ \\\"this\\\" : \\\"is a fake receipt\\\" }\",\"Store\":\"fake\",\"TransactionID\":\"35d34dd1-92a1-4613-8a6f-bdb75321fcda\"}"}
[2021-09-02 11:08:59.720][35844][ERROR] {"token":"08r8i6qthnsql6j39fj72g8a9j","acc":"MeX3Uq6I5zX7","msg":"\u8CFC\u5165\u6210\u529F:Acc = MeX3Uq6I5zX7, productId = craftstory_1960, ProductType = Consumable"}
[2021-09-02 17:17:05.118][35844][ERROR] {"token":"fdfuei4mp4l5u43ug4ttub15jp","acc":"MeX3Uq6I5zX7","msg":"\u8CFC\u5165\u6210\u529F:Acc = MeX3Uq6I5zX7, productId = craftstory_980, ProductType = Consumable"}
[2021-09-02 17:17:05.125][35844][ERROR] {"token":"fdfuei4mp4l5u43ug4ttub15jp","acc":"MeX3Uq6I5zX7","msg":"{\"Payload\":\"{ \\\"this\\\" : \\\"is a fake receipt\\\" }\",\"Store\":\"fake\",\"TransactionID\":\"aa1ae9d9-e4fb-4745-a282-e8036efe0ad4\"}"}
[2021-09-02 17:55:55.060][35844][ERROR] {"token":"o0gvhb4icocsrca3g6re52u4bi","acc":"MeX3Uq6I5zX7","msg":"\u8CFC\u5165\u6210\u529F:Acc = MeX3Uq6I5zX7, productId = craftstory_4900, ProductType = Consumable"}
[2021-09-02 17:55:55.095][35844][ERROR] {"token":"o0gvhb4icocsrca3g6re52u4bi","acc":"MeX3Uq6I5zX7","msg":"{\"Payload\":\"{ \\\"this\\\" : \\\"is a fake receipt\\\" }\",\"Store\":\"fake\",\"TransactionID\":\"e9c928a5-8482-4416-b8e1-32f571f5a5fd\"}"}
[2021-09-02 17:56:11.668][35844][ERROR] {"token":"o0gvhb4icocsrca3g6re52u4bi","acc":"MeX3Uq6I5zX7","msg":"{\"Payload\":\"{ \\\"this\\\" : \\\"is a fake receipt\\\" }\",\"Store\":\"fake\",\"TransactionID\":\"5ddff2c1-100b-4093-87dd-da2c062ef455\"}"}
[2021-09-02 17:56:11.676][35844][ERROR] {"token":"o0gvhb4icocsrca3g6re52u4bi","acc":"MeX3Uq6I5zX7","msg":"\u8CFC\u5165\u6210\u529F:Acc = MeX3Uq6I5zX7, productId = craftstory_4900, ProductType = Consumable"}
[2021-09-02 17:56:13.581][35844][ERROR] {"token":"o0gvhb4icocsrca3g6re52u4bi","acc":"MeX3Uq6I5zX7","msg":"\u8CFC\u5165\u6210\u529F:Acc = MeX3Uq6I5zX7, productId = craftstory_4900, ProductType = Consumable"}
[2021-09-02 17:56:13.592][35844][ERROR] {"token":"o0gvhb4icocsrca3g6re52u4bi","acc":"MeX3Uq6I5zX7","msg":"{\"Payload\":\"{ \\\"this\\\" : \\\"is a fake receipt\\\" }\",\"Store\":\"fake\",\"TransactionID\":\"e451e3f8-8298-4acb-8118-e9373e807bf8\"}"}
[2021-09-02 17:56:15.076][35844][ERROR] {"token":"o0gvhb4icocsrca3g6re52u4bi","acc":"MeX3Uq6I5zX7","msg":"\u8CFC\u5165\u6210\u529F:Acc = MeX3Uq6I5zX7, productId = craftstory_4900, ProductType = Consumable"}
[2021-09-02 17:56:15.082][35844][ERROR] {"token":"o0gvhb4icocsrca3g6re52u4bi","acc":"MeX3Uq6I5zX7","msg":"{\"Payload\":\"{ \\\"this\\\" : \\\"is a fake receipt\\\" }\",\"Store\":\"fake\",\"TransactionID\":\"f412ed0d-2540-464f-a0c0-acedb40493cf\"}"}
[2021-09-02 17:56:17.869][35844][ERROR] {"token":"o0gvhb4icocsrca3g6re52u4bi","acc":"MeX3Uq6I5zX7","msg":"{\"Payload\":\"{ \\\"this\\\" : \\\"is a fake receipt\\\" }\",\"Store\":\"fake\",\"TransactionID\":\"57eb18ce-86e0-4a0b-b184-1430dee1a350\"}"}
[2021-09-02 17:56:17.871][35844][ERROR] {"token":"o0gvhb4icocsrca3g6re52u4bi","acc":"MeX3Uq6I5zX7","msg":"\u8CFC\u5165\u6210\u529F:Acc = MeX3Uq6I5zX7, productId = craftstory_4900, ProductType = Consumable"}
[2021-09-02 17:56:19.819][35844][ERROR] {"token":"o0gvhb4icocsrca3g6re52u4bi","acc":"MeX3Uq6I5zX7","msg":"\u8CFC\u5165\u6210\u529F:Acc = MeX3Uq6I5zX7, productId = craftstory_4900, ProductType = Consumable"}
[2021-09-02 17:56:19.852][35844][ERROR] {"token":"o0gvhb4icocsrca3g6re52u4bi","acc":"MeX3Uq6I5zX7","msg":"{\"Payload\":\"{ \\\"this\\\" : \\\"is a fake receipt\\\" }\",\"Store\":\"fake\",\"TransactionID\":\"f9410ce3-795c-413e-8d4c-8f137aba38a5\"}"}
[2021-09-02 17:56:21.486][35844][ERROR] {"token":"o0gvhb4icocsrca3g6re52u4bi","acc":"MeX3Uq6I5zX7","msg":"{\"Payload\":\"{ \\\"this\\\" : \\\"is a fake receipt\\\" }\",\"Store\":\"fake\",\"TransactionID\":\"faef5b54-d8c3-4eb3-b27c-4ce669ed746a\"}"}
[2021-09-02 17:56:21.487][35844][ERROR] {"token":"o0gvhb4icocsrca3g6re52u4bi","acc":"MeX3Uq6I5zX7","msg":"\u8CFC\u5165\u6210\u529F:Acc = MeX3Uq6I5zX7, productId = craftstory_4900, ProductType = Consumable"}
[2021-09-02 17:56:22.962][35844][ERROR] {"token":"o0gvhb4icocsrca3g6re52u4bi","acc":"MeX3Uq6I5zX7","msg":"{\"Payload\":\"{ \\\"this\\\" : \\\"is a fake receipt\\\" }\",\"Store\":\"fake\",\"TransactionID\":\"8f94a1c9-96e1-47cb-9f4c-ef4284d73448\"}"}
[2021-09-02 17:56:22.966][35844][ERROR] {"token":"o0gvhb4icocsrca3g6re52u4bi","acc":"MeX3Uq6I5zX7","msg":"\u8CFC\u5165\u6210\u529F:Acc = MeX3Uq6I5zX7, productId = craftstory_4900, ProductType = Consumable"}
[2021-09-02 17:56:24.532][35844][ERROR] {"token":"o0gvhb4icocsrca3g6re52u4bi","acc":"MeX3Uq6I5zX7","msg":"\u8CFC\u5165\u6210\u529F:Acc = MeX3Uq6I5zX7, productId = craftstory_4900, ProductType = Consumable"}
[2021-09-02 17:56:24.568][35844][ERROR] {"token":"o0gvhb4icocsrca3g6re52u4bi","acc":"MeX3Uq6I5zX7","msg":"{\"Payload\":\"{ \\\"this\\\" : \\\"is a fake receipt\\\" }\",\"Store\":\"fake\",\"TransactionID\":\"46f08f1e-9250-40ef-ba2d-94255f28a6f7\"}"}
[2021-09-02 17:56:26.066][35844][ERROR] {"token":"o0gvhb4icocsrca3g6re52u4bi","acc":"MeX3Uq6I5zX7","msg":"{\"Payload\":\"{ \\\"this\\\" : \\\"is a fake receipt\\\" }\",\"Store\":\"fake\",\"TransactionID\":\"b743ca3e-6ee5-47e0-a67f-06b4e006dd16\"}"}
[2021-09-02 17:56:26.067][35844][ERROR] {"token":"o0gvhb4icocsrca3g6re52u4bi","acc":"MeX3Uq6I5zX7","msg":"\u8CFC\u5165\u6210\u529F:Acc = MeX3Uq6I5zX7, productId = craftstory_4900, ProductType = Consumable"}
