[2021-09-03 09:20:37.435][7700][INFO] [CMD:101][ACC:MeX3Uq6I5zX7]
[2021-09-03 09:20:37.594][7700][INFO] [CMD:1025]{"token":"5740glhgpqr9sar81pubds1b6o","acc":"MeX3Uq6I5zX7"}
[2021-09-03 09:20:37.613][7700][INFO] [CMD:1028]{"token":"5740glhgpqr9sar81pubds1b6o","acc":"MeX3Uq6I5zX7"}
[2021-09-03 09:20:37.618][7700][INFO] [CMD:1021]{"token":"5740glhgpqr9sar81pubds1b6o","acc":"MeX3Uq6I5zX7"}
[2021-09-03 09:34:15.005][7700][INFO] [CMD:1023]{"token":"5740glhgpqr9sar81pubds1b6o","acc":"MeX3Uq6I5zX7"}
[2021-09-03 09:34:15.005][7700][INFO] [CMD:1001]{"token":"5740glhgpqr9sar81pubds1b6o","acc":"MeX3Uq6I5zX7"}
[2021-09-03 09:34:15.023][7700][INFO] [CMD:1011]{"token":"5740glhgpqr9sar81pubds1b6o","acc":"MeX3Uq6I5zX7"}
[2021-09-03 09:46:38.483][7700][INFO] [CMD:101][ACC:MeX3Uq6I5zX7]
[2021-09-03 09:46:38.619][7700][INFO] [CMD:1025]{"token":"8l8irfkc6dmfm6b99hre0uccka","acc":"MeX3Uq6I5zX7"}
[2021-09-03 09:46:38.651][7700][INFO] [CMD:1021]{"token":"8l8irfkc6dmfm6b99hre0uccka","acc":"MeX3Uq6I5zX7"}
[2021-09-03 09:46:38.651][7700][INFO] [CMD:1028]{"token":"8l8irfkc6dmfm6b99hre0uccka","acc":"MeX3Uq6I5zX7"}
[2021-09-03 09:46:42.935][7700][INFO] [CMD:1001]{"token":"8l8irfkc6dmfm6b99hre0uccka","acc":"MeX3Uq6I5zX7"}
[2021-09-03 09:46:42.936][7700][INFO] [CMD:1023]{"token":"8l8irfkc6dmfm6b99hre0uccka","acc":"MeX3Uq6I5zX7"}
[2021-09-03 09:46:42.962][7700][INFO] [CMD:1011]{"token":"8l8irfkc6dmfm6b99hre0uccka","acc":"MeX3Uq6I5zX7"}
[2021-09-03 09:49:30.586][7700][INFO] [CMD:101][ACC:MeX3Uq6I5zX7]
[2021-09-03 09:49:30.749][7700][INFO] [CMD:1028]{"token":"k6o187k4npmqe8krsd9bqim0q0","acc":"MeX3Uq6I5zX7"}
[2021-09-03 09:49:30.750][7700][INFO] [CMD:1025]{"token":"k6o187k4npmqe8krsd9bqim0q0","acc":"MeX3Uq6I5zX7"}
[2021-09-03 09:49:30.766][7700][INFO] [CMD:1021]{"token":"k6o187k4npmqe8krsd9bqim0q0","acc":"MeX3Uq6I5zX7"}
[2021-09-03 09:49:40.465][7700][INFO] [CMD:1023]{"token":"k6o187k4npmqe8krsd9bqim0q0","acc":"MeX3Uq6I5zX7"}
[2021-09-03 09:49:40.472][7700][INFO] [CMD:1001]{"token":"k6o187k4npmqe8krsd9bqim0q0","acc":"MeX3Uq6I5zX7"}
[2021-09-03 09:49:40.472][7700][INFO] [CMD:1011]{"token":"k6o187k4npmqe8krsd9bqim0q0","acc":"MeX3Uq6I5zX7"}
[2021-09-03 09:51:18.114][7700][INFO] [CMD:101][ACC:MeX3Uq6I5zX7]
[2021-09-03 09:51:18.255][7700][INFO] [CMD:1025]{"token":"4p0mh5do0skm5ql5vu4gn2ul1u","acc":"MeX3Uq6I5zX7"}
[2021-09-03 09:51:18.255][7700][INFO] [CMD:1028]{"token":"4p0mh5do0skm5ql5vu4gn2ul1u","acc":"MeX3Uq6I5zX7"}
[2021-09-03 09:51:18.268][7700][INFO] [CMD:1021]{"token":"4p0mh5do0skm5ql5vu4gn2ul1u","acc":"MeX3Uq6I5zX7"}
[2021-09-03 09:51:22.337][7700][INFO] [CMD:1023]{"token":"4p0mh5do0skm5ql5vu4gn2ul1u","acc":"MeX3Uq6I5zX7"}
[2021-09-03 09:51:22.351][7700][INFO] [CMD:1001]{"token":"4p0mh5do0skm5ql5vu4gn2ul1u","acc":"MeX3Uq6I5zX7"}
[2021-09-03 09:51:22.356][7700][INFO] [CMD:1011]{"token":"4p0mh5do0skm5ql5vu4gn2ul1u","acc":"MeX3Uq6I5zX7"}
[2021-09-03 10:06:02.642][7700][INFO] [CMD:101][ACC:MeX3Uq6I5zX7]
[2021-09-03 10:06:02.972][7700][INFO] [CMD:1028]{"token":"5uvbhe05ibl3fv3l5jevc8u2lc","acc":"MeX3Uq6I5zX7"}
[2021-09-03 10:06:02.975][7700][INFO] [CMD:1025]{"token":"5uvbhe05ibl3fv3l5jevc8u2lc","acc":"MeX3Uq6I5zX7"}
[2021-09-03 10:06:02.997][7700][INFO] [CMD:1021]{"token":"5uvbhe05ibl3fv3l5jevc8u2lc","acc":"MeX3Uq6I5zX7"}
[2021-09-03 10:06:06.947][7700][INFO] [CMD:1001]{"token":"5uvbhe05ibl3fv3l5jevc8u2lc","acc":"MeX3Uq6I5zX7"}
[2021-09-03 10:06:06.955][7700][INFO] [CMD:1023]{"token":"5uvbhe05ibl3fv3l5jevc8u2lc","acc":"MeX3Uq6I5zX7"}
[2021-09-03 10:06:06.958][7700][INFO] [CMD:1011]{"token":"5uvbhe05ibl3fv3l5jevc8u2lc","acc":"MeX3Uq6I5zX7"}
[2021-09-03 10:06:17.208][7700][INFO] [CMD:1041]{"token":"5uvbhe05ibl3fv3l5jevc8u2lc","acc":"MeX3Uq6I5zX7","point":1000,"email":"sss@sss.com"}
[2021-09-03 10:15:03.687][7700][INFO] [CMD:101][ACC:MeX3Uq6I5zX7]
[2021-09-03 10:15:03.938][7700][INFO] [CMD:1021]{"token":"q6ffh4tcknkg4qoqv9i89mia41","acc":"MeX3Uq6I5zX7"}
[2021-09-03 10:15:03.939][7700][INFO] [CMD:1028]{"token":"q6ffh4tcknkg4qoqv9i89mia41","acc":"MeX3Uq6I5zX7"}
[2021-09-03 10:15:03.950][7700][INFO] [CMD:1025]{"token":"q6ffh4tcknkg4qoqv9i89mia41","acc":"MeX3Uq6I5zX7"}
[2021-09-03 10:15:13.657][7700][INFO] [CMD:101][ACC:MeX3Uq6I5zX7]
[2021-09-03 10:15:13.801][7700][INFO] [CMD:1025]{"token":"5iqn1i86esctsvgoogkb0hclat","acc":"MeX3Uq6I5zX7"}
[2021-09-03 10:15:13.814][7700][INFO] [CMD:1028]{"token":"5iqn1i86esctsvgoogkb0hclat","acc":"MeX3Uq6I5zX7"}
[2021-09-03 10:15:13.831][7700][INFO] [CMD:1021]{"token":"5iqn1i86esctsvgoogkb0hclat","acc":"MeX3Uq6I5zX7"}
[2021-09-03 10:15:17.737][7700][INFO] [CMD:1023]{"token":"5iqn1i86esctsvgoogkb0hclat","acc":"MeX3Uq6I5zX7"}
[2021-09-03 10:15:17.756][7700][INFO] [CMD:1001]{"token":"5iqn1i86esctsvgoogkb0hclat","acc":"MeX3Uq6I5zX7"}
[2021-09-03 10:15:17.758][7700][INFO] [CMD:1011]{"token":"5iqn1i86esctsvgoogkb0hclat","acc":"MeX3Uq6I5zX7"}
[2021-09-03 10:15:28.816][7700][INFO] [CMD:1041]{"token":"5iqn1i86esctsvgoogkb0hclat","acc":"MeX3Uq6I5zX7","point":1000,"email":"sss@sss.com"}
[2021-09-03 10:18:46.455][7700][INFO] [CMD:101][ACC:MeX3Uq6I5zX7]
[2021-09-03 10:18:46.622][7700][INFO] [CMD:1021]{"token":"4kuuo368b5rom854p0dnqe0ecc","acc":"MeX3Uq6I5zX7"}
[2021-09-03 10:18:46.625][7700][INFO] [CMD:1025]{"token":"4kuuo368b5rom854p0dnqe0ecc","acc":"MeX3Uq6I5zX7"}
[2021-09-03 10:18:46.636][7700][INFO] [CMD:1028]{"token":"4kuuo368b5rom854p0dnqe0ecc","acc":"MeX3Uq6I5zX7"}
[2021-09-03 10:18:50.548][7700][INFO] [CMD:1011]{"token":"4kuuo368b5rom854p0dnqe0ecc","acc":"MeX3Uq6I5zX7"}
[2021-09-03 10:18:50.553][7700][INFO] [CMD:1023]{"token":"4kuuo368b5rom854p0dnqe0ecc","acc":"MeX3Uq6I5zX7"}
[2021-09-03 10:18:50.562][7700][INFO] [CMD:1001]{"token":"4kuuo368b5rom854p0dnqe0ecc","acc":"MeX3Uq6I5zX7"}
[2021-09-03 10:18:59.550][7700][INFO] [CMD:1041]{"token":"4kuuo368b5rom854p0dnqe0ecc","acc":"MeX3Uq6I5zX7","point":1000,"email":"sss@sss.com"}
[2021-09-03 10:20:14.597][7700][INFO] [CMD:101][ACC:MeX3Uq6I5zX7]
[2021-09-03 10:20:14.762][7700][INFO] [CMD:1021]{"token":"fpcr2h7beptanp2t7sfhlcepkk","acc":"MeX3Uq6I5zX7"}
[2021-09-03 10:20:14.767][7700][INFO] [CMD:1028]{"token":"fpcr2h7beptanp2t7sfhlcepkk","acc":"MeX3Uq6I5zX7"}
[2021-09-03 10:20:14.767][7700][INFO] [CMD:1025]{"token":"fpcr2h7beptanp2t7sfhlcepkk","acc":"MeX3Uq6I5zX7"}
[2021-09-03 10:20:18.690][7700][INFO] [CMD:1023]{"token":"fpcr2h7beptanp2t7sfhlcepkk","acc":"MeX3Uq6I5zX7"}
[2021-09-03 10:20:18.699][7700][INFO] [CMD:1001]{"token":"fpcr2h7beptanp2t7sfhlcepkk","acc":"MeX3Uq6I5zX7"}
[2021-09-03 10:20:18.706][7700][INFO] [CMD:1011]{"token":"fpcr2h7beptanp2t7sfhlcepkk","acc":"MeX3Uq6I5zX7"}
[2021-09-03 10:20:27.757][7700][INFO] [CMD:1041]{"token":"fpcr2h7beptanp2t7sfhlcepkk","acc":"MeX3Uq6I5zX7","point":1000,"email":"sss@sss.com"}
[2021-09-03 10:22:20.218][7700][INFO] [CMD:101][ACC:MeX3Uq6I5zX7]
[2021-09-03 10:22:20.363][7700][INFO] [CMD:1025]{"token":"dhv5vglkbqdigg4u7por8ve424","acc":"MeX3Uq6I5zX7"}
[2021-09-03 10:22:20.398][7700][INFO] [CMD:1021]{"token":"dhv5vglkbqdigg4u7por8ve424","acc":"MeX3Uq6I5zX7"}
[2021-09-03 10:22:20.398][7700][INFO] [CMD:1028]{"token":"dhv5vglkbqdigg4u7por8ve424","acc":"MeX3Uq6I5zX7"}
[2021-09-03 10:22:24.353][7700][INFO] [CMD:1023]{"token":"dhv5vglkbqdigg4u7por8ve424","acc":"MeX3Uq6I5zX7"}
[2021-09-03 10:22:24.359][7700][INFO] [CMD:1001]{"token":"dhv5vglkbqdigg4u7por8ve424","acc":"MeX3Uq6I5zX7"}
[2021-09-03 10:22:24.369][7700][INFO] [CMD:1011]{"token":"dhv5vglkbqdigg4u7por8ve424","acc":"MeX3Uq6I5zX7"}
[2021-09-03 10:22:25.194][7700][INFO] [CMD:1024]{"token":"dhv5vglkbqdigg4u7por8ve424","acc":"MeX3Uq6I5zX7","guid":1}
[2021-09-03 10:23:33.014][7700][INFO] [CMD:101][ACC:MeX3Uq6I5zX7]
[2021-09-03 10:23:33.144][7700][INFO] [CMD:1025]{"token":"t78l1v4b36e1h2ndmgpoj5shfu","acc":"MeX3Uq6I5zX7"}
[2021-09-03 10:23:33.156][7700][INFO] [CMD:1021]{"token":"t78l1v4b36e1h2ndmgpoj5shfu","acc":"MeX3Uq6I5zX7"}
[2021-09-03 10:23:33.159][7700][INFO] [CMD:1028]{"token":"t78l1v4b36e1h2ndmgpoj5shfu","acc":"MeX3Uq6I5zX7"}
[2021-09-03 10:23:36.730][7700][INFO] [CMD:1023]{"token":"t78l1v4b36e1h2ndmgpoj5shfu","acc":"MeX3Uq6I5zX7"}
[2021-09-03 10:23:36.732][7700][INFO] [CMD:1011]{"token":"t78l1v4b36e1h2ndmgpoj5shfu","acc":"MeX3Uq6I5zX7"}
[2021-09-03 10:23:36.733][7700][INFO] [CMD:1001]{"token":"t78l1v4b36e1h2ndmgpoj5shfu","acc":"MeX3Uq6I5zX7"}
[2021-09-03 10:23:45.948][7700][INFO] [CMD:1041]{"token":"t78l1v4b36e1h2ndmgpoj5shfu","acc":"MeX3Uq6I5zX7","point":1000,"email":"sss@sss.com"}
[2021-09-03 10:36:01.034][7700][INFO] [CMD:101][ACC:MeX3Uq6I5zX7]
[2021-09-03 10:36:01.182][7700][INFO] [CMD:1021]{"token":"5hr9vkvps5it5594r45q43b0i8","acc":"MeX3Uq6I5zX7"}
[2021-09-03 10:36:01.210][7700][INFO] [CMD:1025]{"token":"5hr9vkvps5it5594r45q43b0i8","acc":"MeX3Uq6I5zX7"}
[2021-09-03 10:36:01.211][7700][INFO] [CMD:1028]{"token":"5hr9vkvps5it5594r45q43b0i8","acc":"MeX3Uq6I5zX7"}
[2021-09-03 10:36:07.653][7700][INFO] [CMD:1011]{"token":"5hr9vkvps5it5594r45q43b0i8","acc":"MeX3Uq6I5zX7"}
[2021-09-03 10:36:07.672][7700][INFO] [CMD:1001]{"token":"5hr9vkvps5it5594r45q43b0i8","acc":"MeX3Uq6I5zX7"}
[2021-09-03 10:36:07.672][7700][INFO] [CMD:1023]{"token":"5hr9vkvps5it5594r45q43b0i8","acc":"MeX3Uq6I5zX7"}
[2021-09-03 10:36:16.360][7700][INFO] [CMD:1041]{"token":"5hr9vkvps5it5594r45q43b0i8","acc":"MeX3Uq6I5zX7","point":1000,"email":"sss@sss.com"}
[2021-09-03 10:44:36.978][7700][INFO] [CMD:101][ACC:MeX3Uq6I5zX7]
[2021-09-03 10:44:37.116][7700][INFO] [CMD:1025]{"token":"pivjn5ckr3ju6vhlt17mep5ick","acc":"MeX3Uq6I5zX7"}
[2021-09-03 10:44:37.131][7700][INFO] [CMD:1028]{"token":"pivjn5ckr3ju6vhlt17mep5ick","acc":"MeX3Uq6I5zX7"}
[2021-09-03 10:44:37.134][7700][INFO] [CMD:1021]{"token":"pivjn5ckr3ju6vhlt17mep5ick","acc":"MeX3Uq6I5zX7"}
[2021-09-03 10:44:44.333][7700][INFO] [CMD:1023]{"token":"pivjn5ckr3ju6vhlt17mep5ick","acc":"MeX3Uq6I5zX7"}
[2021-09-03 10:44:44.350][7700][INFO] [CMD:1001]{"token":"pivjn5ckr3ju6vhlt17mep5ick","acc":"MeX3Uq6I5zX7"}
[2021-09-03 10:44:44.351][7700][INFO] [CMD:1011]{"token":"pivjn5ckr3ju6vhlt17mep5ick","acc":"MeX3Uq6I5zX7"}
[2021-09-03 10:44:47.203][7700][INFO] [CMD:1019]{"token":"pivjn5ckr3ju6vhlt17mep5ick","acc":"MeX3Uq6I5zX7","page":1}
[2021-09-03 10:44:51.649][7700][INFO] [CMD:1020]{"token":"pivjn5ckr3ju6vhlt17mep5ick","acc":"MeX3Uq6I5zX7","guid":82}
[2021-09-03 10:44:52.534][7700][INFO] [CMD:1019]{"token":"pivjn5ckr3ju6vhlt17mep5ick","acc":"MeX3Uq6I5zX7","page":1}
[2021-09-03 10:44:53.546][7700][INFO] [CMD:1020]{"token":"pivjn5ckr3ju6vhlt17mep5ick","acc":"MeX3Uq6I5zX7","guid":80}
[2021-09-03 10:44:54.147][7700][INFO] [CMD:1019]{"token":"pivjn5ckr3ju6vhlt17mep5ick","acc":"MeX3Uq6I5zX7","page":1}
[2021-09-03 10:44:54.671][7700][INFO] [CMD:1020]{"token":"pivjn5ckr3ju6vhlt17mep5ick","acc":"MeX3Uq6I5zX7","guid":81}
[2021-09-03 10:44:55.461][7700][INFO] [CMD:1019]{"token":"pivjn5ckr3ju6vhlt17mep5ick","acc":"MeX3Uq6I5zX7","page":1}
[2021-09-03 10:44:55.922][7700][INFO] [CMD:1020]{"token":"pivjn5ckr3ju6vhlt17mep5ick","acc":"MeX3Uq6I5zX7","guid":79}
[2021-09-03 10:44:56.530][7700][INFO] [CMD:1019]{"token":"pivjn5ckr3ju6vhlt17mep5ick","acc":"MeX3Uq6I5zX7","page":1}
[2021-09-03 10:44:57.018][7700][INFO] [CMD:1020]{"token":"pivjn5ckr3ju6vhlt17mep5ick","acc":"MeX3Uq6I5zX7","guid":78}
[2021-09-03 10:44:57.982][7700][INFO] [CMD:1019]{"token":"pivjn5ckr3ju6vhlt17mep5ick","acc":"MeX3Uq6I5zX7","page":1}
[2021-09-03 10:44:58.432][7700][INFO] [CMD:1020]{"token":"pivjn5ckr3ju6vhlt17mep5ick","acc":"MeX3Uq6I5zX7","guid":77}
[2021-09-03 10:44:59.028][7700][INFO] [CMD:1019]{"token":"pivjn5ckr3ju6vhlt17mep5ick","acc":"MeX3Uq6I5zX7","page":1}
[2021-09-03 10:44:59.529][7700][INFO] [CMD:1020]{"token":"pivjn5ckr3ju6vhlt17mep5ick","acc":"MeX3Uq6I5zX7","guid":76}
[2021-09-03 10:45:00.087][7700][INFO] [CMD:1019]{"token":"pivjn5ckr3ju6vhlt17mep5ick","acc":"MeX3Uq6I5zX7","page":1}
[2021-09-03 10:45:00.555][7700][INFO] [CMD:1020]{"token":"pivjn5ckr3ju6vhlt17mep5ick","acc":"MeX3Uq6I5zX7","guid":75}
[2021-09-03 10:45:01.149][7700][INFO] [CMD:1019]{"token":"pivjn5ckr3ju6vhlt17mep5ick","acc":"MeX3Uq6I5zX7","page":1}
[2021-09-03 10:45:03.029][7700][INFO] [CMD:1001]{"token":"pivjn5ckr3ju6vhlt17mep5ick","acc":"MeX3Uq6I5zX7"}
[2021-09-03 10:45:03.034][7700][INFO] [CMD:1011]{"token":"pivjn5ckr3ju6vhlt17mep5ick","acc":"MeX3Uq6I5zX7"}
[2021-09-03 10:45:09.871][7700][INFO] [CMD:1041]{"token":"pivjn5ckr3ju6vhlt17mep5ick","acc":"MeX3Uq6I5zX7","point":1000,"email":"sss@sss.com"}
[2021-09-03 10:45:14.985][7700][INFO] [CMD:1019]{"token":"pivjn5ckr3ju6vhlt17mep5ick","acc":"MeX3Uq6I5zX7","page":1}
[2021-09-03 10:45:16.167][7700][INFO] [CMD:1020]{"token":"pivjn5ckr3ju6vhlt17mep5ick","acc":"MeX3Uq6I5zX7","guid":83}
[2021-09-03 10:45:44.746][7700][INFO] [CMD:1019]{"token":"pivjn5ckr3ju6vhlt17mep5ick","acc":"MeX3Uq6I5zX7","page":1}
[2021-09-03 10:47:44.442][7700][INFO] [CMD:101][ACC:MeX3Uq6I5zX7]
[2021-09-03 10:47:44.581][7700][INFO] [CMD:1025]{"token":"3om57jssbiuukqmgn583odnc7v","acc":"MeX3Uq6I5zX7"}
[2021-09-03 10:47:44.601][7700][INFO] [CMD:1028]{"token":"3om57jssbiuukqmgn583odnc7v","acc":"MeX3Uq6I5zX7"}
[2021-09-03 10:47:44.605][7700][INFO] [CMD:1021]{"token":"3om57jssbiuukqmgn583odnc7v","acc":"MeX3Uq6I5zX7"}
[2021-09-03 10:47:54.382][7700][INFO] [CMD:1023]{"token":"3om57jssbiuukqmgn583odnc7v","acc":"MeX3Uq6I5zX7"}
[2021-09-03 10:47:54.404][7700][INFO] [CMD:1011]{"token":"3om57jssbiuukqmgn583odnc7v","acc":"MeX3Uq6I5zX7"}
[2021-09-03 10:47:54.414][7700][INFO] [CMD:1001]{"token":"3om57jssbiuukqmgn583odnc7v","acc":"MeX3Uq6I5zX7"}
[2021-09-03 10:49:20.944][7700][INFO] [CMD:1041]{"token":"3om57jssbiuukqmgn583odnc7v","acc":"MeX3Uq6I5zX7","point":1000,"email":"sss@sss.com"}
[2021-09-03 10:50:46.807][7700][INFO] [CMD:1019]{"token":"3om57jssbiuukqmgn583odnc7v","acc":"MeX3Uq6I5zX7","page":1}
[2021-09-03 10:51:02.477][7700][INFO] [CMD:1020]{"token":"3om57jssbiuukqmgn583odnc7v","acc":"MeX3Uq6I5zX7","guid":84}
[2021-09-03 10:54:59.639][7700][INFO] [CMD:101][ACC:MeX3Uq6I5zX7]
[2021-09-03 10:55:00.116][7700][INFO] [CMD:1025]{"token":"iptu3eg6t60v2a1s71ca7ajbg4","acc":"MeX3Uq6I5zX7"}
[2021-09-03 10:55:00.130][7700][INFO] [CMD:1028]{"token":"iptu3eg6t60v2a1s71ca7ajbg4","acc":"MeX3Uq6I5zX7"}
[2021-09-03 10:55:00.162][7700][INFO] [CMD:1021]{"token":"iptu3eg6t60v2a1s71ca7ajbg4","acc":"MeX3Uq6I5zX7"}
[2021-09-03 10:55:03.800][7700][INFO] [CMD:1023]{"token":"iptu3eg6t60v2a1s71ca7ajbg4","acc":"MeX3Uq6I5zX7"}
[2021-09-03 10:55:03.808][7700][INFO] [CMD:1001]{"token":"iptu3eg6t60v2a1s71ca7ajbg4","acc":"MeX3Uq6I5zX7"}
[2021-09-03 10:55:03.810][7700][INFO] [CMD:1011]{"token":"iptu3eg6t60v2a1s71ca7ajbg4","acc":"MeX3Uq6I5zX7"}
[2021-09-03 10:55:06.283][7700][INFO] [CMD:1019]{"token":"iptu3eg6t60v2a1s71ca7ajbg4","acc":"MeX3Uq6I5zX7","page":1}
[2021-09-03 10:56:54.632][7700][INFO] [CMD:101][ACC:MeX3Uq6I5zX7]
[2021-09-03 10:56:55.092][7700][INFO] [CMD:1025]{"token":"8mlqiapbs7k3ol7okiasm1igf9","acc":"MeX3Uq6I5zX7"}
[2021-09-03 10:56:55.105][7700][INFO] [CMD:1028]{"token":"8mlqiapbs7k3ol7okiasm1igf9","acc":"MeX3Uq6I5zX7"}
[2021-09-03 10:56:55.143][7700][INFO] [CMD:1021]{"token":"8mlqiapbs7k3ol7okiasm1igf9","acc":"MeX3Uq6I5zX7"}
[2021-09-03 10:56:59.086][7700][INFO] [CMD:1011]{"token":"8mlqiapbs7k3ol7okiasm1igf9","acc":"MeX3Uq6I5zX7"}
[2021-09-03 10:56:59.098][7700][INFO] [CMD:1001]{"token":"8mlqiapbs7k3ol7okiasm1igf9","acc":"MeX3Uq6I5zX7"}
[2021-09-03 10:56:59.098][7700][INFO] [CMD:1023]{"token":"8mlqiapbs7k3ol7okiasm1igf9","acc":"MeX3Uq6I5zX7"}
[2021-09-03 10:57:02.061][7700][INFO] [CMD:1019]{"token":"8mlqiapbs7k3ol7okiasm1igf9","acc":"MeX3Uq6I5zX7","page":1}
[2021-09-03 10:58:46.608][7700][INFO] [CMD:101][ACC:MeX3Uq6I5zX7]
[2021-09-03 10:58:46.819][7700][INFO] [CMD:1025]{"token":"0c6q1ca3g4dlmdfsf9seuc7mas","acc":"MeX3Uq6I5zX7"}
[2021-09-03 10:58:46.838][7700][INFO] [CMD:1028]{"token":"0c6q1ca3g4dlmdfsf9seuc7mas","acc":"MeX3Uq6I5zX7"}
[2021-09-03 10:58:46.872][7700][INFO] [CMD:1021]{"token":"0c6q1ca3g4dlmdfsf9seuc7mas","acc":"MeX3Uq6I5zX7"}
[2021-09-03 10:58:50.871][7700][INFO] [CMD:1001]{"token":"0c6q1ca3g4dlmdfsf9seuc7mas","acc":"MeX3Uq6I5zX7"}
[2021-09-03 10:58:50.877][7700][INFO] [CMD:1011]{"token":"0c6q1ca3g4dlmdfsf9seuc7mas","acc":"MeX3Uq6I5zX7"}
[2021-09-03 10:58:50.877][7700][INFO] [CMD:1023]{"token":"0c6q1ca3g4dlmdfsf9seuc7mas","acc":"MeX3Uq6I5zX7"}
[2021-09-03 10:58:53.570][7700][INFO] [CMD:1019]{"token":"0c6q1ca3g4dlmdfsf9seuc7mas","acc":"MeX3Uq6I5zX7","page":1}
[2021-09-03 10:59:07.881][7700][INFO] [CMD:101][ACC:MeX3Uq6I5zX7]
[2021-09-03 10:59:08.054][7700][INFO] [CMD:1025]{"token":"fublqngjlh95i2n6dnbolnsdmq","acc":"MeX3Uq6I5zX7"}
[2021-09-03 10:59:08.107][7700][INFO] [CMD:1028]{"token":"fublqngjlh95i2n6dnbolnsdmq","acc":"MeX3Uq6I5zX7"}
[2021-09-03 10:59:08.142][7700][INFO] [CMD:1021]{"token":"fublqngjlh95i2n6dnbolnsdmq","acc":"MeX3Uq6I5zX7"}
[2021-09-03 10:59:12.045][7700][INFO] [CMD:1023]{"token":"fublqngjlh95i2n6dnbolnsdmq","acc":"MeX3Uq6I5zX7"}
[2021-09-03 10:59:12.059][7700][INFO] [CMD:1011]{"token":"fublqngjlh95i2n6dnbolnsdmq","acc":"MeX3Uq6I5zX7"}
[2021-09-03 10:59:12.064][7700][INFO] [CMD:1001]{"token":"fublqngjlh95i2n6dnbolnsdmq","acc":"MeX3Uq6I5zX7"}
[2021-09-03 10:59:16.117][7700][INFO] [CMD:1019]{"token":"fublqngjlh95i2n6dnbolnsdmq","acc":"MeX3Uq6I5zX7","page":1}
[2021-09-03 11:00:16.281][7700][INFO] [CMD:101][ACC:MeX3Uq6I5zX7]
[2021-09-03 11:00:16.452][7700][INFO] [CMD:1028]{"token":"bm365ud582bae4ejp8vksib2mn","acc":"MeX3Uq6I5zX7"}
[2021-09-03 11:00:16.457][7700][INFO] [CMD:1021]{"token":"bm365ud582bae4ejp8vksib2mn","acc":"MeX3Uq6I5zX7"}
[2021-09-03 11:00:16.479][7700][INFO] [CMD:1025]{"token":"bm365ud582bae4ejp8vksib2mn","acc":"MeX3Uq6I5zX7"}
[2021-09-03 11:00:20.366][7700][INFO] [CMD:1023]{"token":"bm365ud582bae4ejp8vksib2mn","acc":"MeX3Uq6I5zX7"}
[2021-09-03 11:00:20.387][7700][INFO] [CMD:1011]{"token":"bm365ud582bae4ejp8vksib2mn","acc":"MeX3Uq6I5zX7"}
[2021-09-03 11:00:20.398][7700][INFO] [CMD:1001]{"token":"bm365ud582bae4ejp8vksib2mn","acc":"MeX3Uq6I5zX7"}
[2021-09-03 11:00:22.809][7700][INFO] [CMD:1019]{"token":"bm365ud582bae4ejp8vksib2mn","acc":"MeX3Uq6I5zX7","page":1}
[2021-09-03 11:08:11.902][7700][INFO] [CMD:101][ACC:MeX3Uq6I5zX7]
[2021-09-03 11:08:12.234][7700][INFO] [CMD:1025]{"token":"2r4l503hkmiln6qhrgiruh5j08","acc":"MeX3Uq6I5zX7"}
[2021-09-03 11:08:12.245][7700][INFO] [CMD:1028]{"token":"2r4l503hkmiln6qhrgiruh5j08","acc":"MeX3Uq6I5zX7"}
[2021-09-03 11:08:12.263][7700][INFO] [CMD:1021]{"token":"2r4l503hkmiln6qhrgiruh5j08","acc":"MeX3Uq6I5zX7"}
[2021-09-03 11:08:16.356][7700][INFO] [CMD:1011]{"token":"2r4l503hkmiln6qhrgiruh5j08","acc":"MeX3Uq6I5zX7"}
[2021-09-03 11:08:16.362][7700][INFO] [CMD:1023]{"token":"2r4l503hkmiln6qhrgiruh5j08","acc":"MeX3Uq6I5zX7"}
[2021-09-03 11:08:16.385][7700][INFO] [CMD:1001]{"token":"2r4l503hkmiln6qhrgiruh5j08","acc":"MeX3Uq6I5zX7"}
[2021-09-03 11:08:20.502][7700][INFO] [CMD:1019]{"token":"2r4l503hkmiln6qhrgiruh5j08","acc":"MeX3Uq6I5zX7","page":1}
[2021-09-03 11:08:39.413][7700][INFO] [CMD:101][ACC:MeX3Uq6I5zX7]
[2021-09-03 11:08:39.600][7700][INFO] [CMD:1021]{"token":"aalhvtngsetd6qvmfd25cqc78g","acc":"MeX3Uq6I5zX7"}
[2021-09-03 11:08:39.601][7700][INFO] [CMD:1028]{"token":"aalhvtngsetd6qvmfd25cqc78g","acc":"MeX3Uq6I5zX7"}
[2021-09-03 11:08:39.601][7700][INFO] [CMD:1025]{"token":"aalhvtngsetd6qvmfd25cqc78g","acc":"MeX3Uq6I5zX7"}
[2021-09-03 11:08:43.876][7700][INFO] [CMD:1023]{"token":"aalhvtngsetd6qvmfd25cqc78g","acc":"MeX3Uq6I5zX7"}
[2021-09-03 11:08:43.914][7700][INFO] [CMD:1001]{"token":"aalhvtngsetd6qvmfd25cqc78g","acc":"MeX3Uq6I5zX7"}
[2021-09-03 11:08:43.914][7700][INFO] [CMD:1011]{"token":"aalhvtngsetd6qvmfd25cqc78g","acc":"MeX3Uq6I5zX7"}
[2021-09-03 11:08:52.307][7700][INFO] [CMD:1019]{"token":"aalhvtngsetd6qvmfd25cqc78g","acc":"MeX3Uq6I5zX7","page":1}
[2021-09-03 11:10:32.126][7700][INFO] [CMD:101][ACC:MeX3Uq6I5zX7]
[2021-09-03 11:10:32.465][7700][INFO] [CMD:1025]{"token":"bj6vdba17ba80av7ivhl8fvbqu","acc":"MeX3Uq6I5zX7"}
[2021-09-03 11:10:32.485][7700][INFO] [CMD:1028]{"token":"bj6vdba17ba80av7ivhl8fvbqu","acc":"MeX3Uq6I5zX7"}
[2021-09-03 11:10:32.491][7700][INFO] [CMD:1021]{"token":"bj6vdba17ba80av7ivhl8fvbqu","acc":"MeX3Uq6I5zX7"}
[2021-09-03 11:10:36.395][7700][INFO] [CMD:1023]{"token":"bj6vdba17ba80av7ivhl8fvbqu","acc":"MeX3Uq6I5zX7"}
[2021-09-03 11:10:36.413][7700][INFO] [CMD:1011]{"token":"bj6vdba17ba80av7ivhl8fvbqu","acc":"MeX3Uq6I5zX7"}
[2021-09-03 11:10:36.414][7700][INFO] [CMD:1001]{"token":"bj6vdba17ba80av7ivhl8fvbqu","acc":"MeX3Uq6I5zX7"}
[2021-09-03 11:10:39.357][7700][INFO] [CMD:1019]{"token":"bj6vdba17ba80av7ivhl8fvbqu","acc":"MeX3Uq6I5zX7","page":1}
[2021-09-03 11:10:54.862][7700][INFO] [CMD:1041]{"token":"bj6vdba17ba80av7ivhl8fvbqu","acc":"MeX3Uq6I5zX7","point":1000,"email":"sss@sss.com"}
[2021-09-03 11:11:02.403][7700][INFO] [CMD:1019]{"token":"bj6vdba17ba80av7ivhl8fvbqu","acc":"MeX3Uq6I5zX7","page":1}
[2021-09-03 11:11:03.221][7700][INFO] [CMD:1020]{"token":"bj6vdba17ba80av7ivhl8fvbqu","acc":"MeX3Uq6I5zX7","guid":85}
[2021-09-03 11:12:40.315][7700][INFO] [CMD:1011]{"token":"bj6vdba17ba80av7ivhl8fvbqu","acc":"MeX3Uq6I5zX7"}
[2021-09-03 11:16:15.562][7700][INFO] [CMD:1041]{"token":"bj6vdba17ba80av7ivhl8fvbqu","acc":"MeX3Uq6I5zX7","point":1000,"email":"sss@sss.com"}
[2021-09-03 11:16:20.372][7700][INFO] [CMD:1011]{"token":"bj6vdba17ba80av7ivhl8fvbqu","acc":"MeX3Uq6I5zX7"}
[2021-09-03 11:17:03.799][7700][INFO] [CMD:1019]{"token":"bj6vdba17ba80av7ivhl8fvbqu","acc":"MeX3Uq6I5zX7","page":1}
[2021-09-03 11:17:05.008][7700][INFO] [CMD:1020]{"token":"bj6vdba17ba80av7ivhl8fvbqu","acc":"MeX3Uq6I5zX7","guid":86}
[2021-09-03 11:20:02.431][7700][INFO] [CMD:1019]{"token":"bj6vdba17ba80av7ivhl8fvbqu","acc":"MeX3Uq6I5zX7","page":1}
[2021-09-03 12:00:36.301][7700][INFO] [CMD:1041]{"token":"bj6vdba17ba80av7ivhl8fvbqu","acc":"MeX3Uq6I5zX7","point":1000,"email":"sss@sss.com"}
[2021-09-03 14:07:00.366][7700][INFO] [CMD:101][ACC:MeX3Uq6I5zX7]
[2021-09-03 14:07:00.666][7700][INFO] [CMD:1021]{"token":"d4sgf58abm35fdbr9l9k7ttarm","acc":"MeX3Uq6I5zX7"}
[2021-09-03 14:07:00.684][7700][INFO] [CMD:1025]{"token":"d4sgf58abm35fdbr9l9k7ttarm","acc":"MeX3Uq6I5zX7"}
[2021-09-03 14:07:00.698][7700][INFO] [CMD:1028]{"token":"d4sgf58abm35fdbr9l9k7ttarm","acc":"MeX3Uq6I5zX7"}
[2021-09-03 14:07:04.627][7700][INFO] [CMD:1011]{"token":"d4sgf58abm35fdbr9l9k7ttarm","acc":"MeX3Uq6I5zX7"}
[2021-09-03 14:07:04.630][7700][INFO] [CMD:1001]{"token":"d4sgf58abm35fdbr9l9k7ttarm","acc":"MeX3Uq6I5zX7"}
[2021-09-03 14:07:04.631][7700][INFO] [CMD:1023]{"token":"d4sgf58abm35fdbr9l9k7ttarm","acc":"MeX3Uq6I5zX7"}
[2021-09-03 14:07:07.329][7700][INFO] [CMD:1019]{"token":"d4sgf58abm35fdbr9l9k7ttarm","acc":"MeX3Uq6I5zX7","page":1}
[2021-09-03 14:07:08.353][7700][INFO] [CMD:1020]{"token":"d4sgf58abm35fdbr9l9k7ttarm","acc":"MeX3Uq6I5zX7","guid":87}
[2021-09-03 14:07:09.320][7700][INFO] [CMD:1019]{"token":"d4sgf58abm35fdbr9l9k7ttarm","acc":"MeX3Uq6I5zX7","page":1}
[2021-09-03 14:09:03.841][7700][INFO] [CMD:101][ACC:MeX3Uq6I5zX7]
[2021-09-03 14:09:04.278][7700][INFO] [CMD:1025]{"token":"25d6f70voa3v696vbn0gjhs8ig","acc":"MeX3Uq6I5zX7"}
[2021-09-03 14:09:04.288][7700][INFO] [CMD:1028]{"token":"25d6f70voa3v696vbn0gjhs8ig","acc":"MeX3Uq6I5zX7"}
[2021-09-03 14:09:04.289][7700][INFO] [CMD:1021]{"token":"25d6f70voa3v696vbn0gjhs8ig","acc":"MeX3Uq6I5zX7"}
[2021-09-03 14:09:09.975][7700][INFO] [CMD:1001]{"token":"25d6f70voa3v696vbn0gjhs8ig","acc":"MeX3Uq6I5zX7"}
[2021-09-03 14:09:09.997][7700][INFO] [CMD:1011]{"token":"25d6f70voa3v696vbn0gjhs8ig","acc":"MeX3Uq6I5zX7"}
[2021-09-03 14:09:09.997][7700][INFO] [CMD:1023]{"token":"25d6f70voa3v696vbn0gjhs8ig","acc":"MeX3Uq6I5zX7"}
[2021-09-03 14:25:58.078][7700][INFO] [CMD:101][ACC:MeX3Uq6I5zX7]
[2021-09-03 14:25:58.318][7700][INFO] [CMD:1021]{"token":"gf11gpqpglol039o430b6akld5","acc":"MeX3Uq6I5zX7"}
[2021-09-03 14:25:58.324][7700][INFO] [CMD:1028]{"token":"gf11gpqpglol039o430b6akld5","acc":"MeX3Uq6I5zX7"}
[2021-09-03 14:25:58.338][7700][INFO] [CMD:1025]{"token":"gf11gpqpglol039o430b6akld5","acc":"MeX3Uq6I5zX7"}
[2021-09-03 14:26:02.287][7700][INFO] [CMD:1023]{"token":"gf11gpqpglol039o430b6akld5","acc":"MeX3Uq6I5zX7"}
[2021-09-03 14:26:02.298][7700][INFO] [CMD:1011]{"token":"gf11gpqpglol039o430b6akld5","acc":"MeX3Uq6I5zX7"}
[2021-09-03 14:26:02.319][7700][INFO] [CMD:1001]{"token":"gf11gpqpglol039o430b6akld5","acc":"MeX3Uq6I5zX7"}
[2021-09-03 14:26:07.874][7700][INFO] [CMD:1041]{"token":"gf11gpqpglol039o430b6akld5","acc":"MeX3Uq6I5zX7","point":93660,"email":"sss@sss.com"}
[2021-09-03 14:27:10.927][7700][INFO] [CMD:101][ACC:MeX3Uq6I5zX7]
[2021-09-03 14:27:11.170][7700][INFO] [CMD:1021]{"token":"t8our9htkseb81mjju4hmomtlb","acc":"MeX3Uq6I5zX7"}
[2021-09-03 14:27:11.170][7700][INFO] [CMD:1028]{"token":"t8our9htkseb81mjju4hmomtlb","acc":"MeX3Uq6I5zX7"}
[2021-09-03 14:27:11.197][7700][INFO] [CMD:1025]{"token":"t8our9htkseb81mjju4hmomtlb","acc":"MeX3Uq6I5zX7"}
[2021-09-03 14:27:15.199][7700][INFO] [CMD:1011]{"token":"t8our9htkseb81mjju4hmomtlb","acc":"MeX3Uq6I5zX7"}
[2021-09-03 14:27:15.207][7700][INFO] [CMD:1023]{"token":"t8our9htkseb81mjju4hmomtlb","acc":"MeX3Uq6I5zX7"}
[2021-09-03 14:27:15.216][7700][INFO] [CMD:1001]{"token":"t8our9htkseb81mjju4hmomtlb","acc":"MeX3Uq6I5zX7"}
[2021-09-03 14:27:18.137][7700][INFO] [CMD:1019]{"token":"t8our9htkseb81mjju4hmomtlb","acc":"MeX3Uq6I5zX7","page":1}
[2021-09-03 14:27:18.858][7700][INFO] [CMD:1020]{"token":"t8our9htkseb81mjju4hmomtlb","acc":"MeX3Uq6I5zX7","guid":88}
[2021-09-03 14:27:27.991][7700][INFO] [CMD:1011]{"token":"t8our9htkseb81mjju4hmomtlb","acc":"MeX3Uq6I5zX7"}
[2021-09-03 14:27:31.290][7700][INFO] [CMD:1010]{"token":"t8our9htkseb81mjju4hmomtlb","acc":"MeX3Uq6I5zX7","shopId":2006}
[2021-09-03 14:27:31.639][7700][INFO] [CMD:1001]{"token":"t8our9htkseb81mjju4hmomtlb","acc":"MeX3Uq6I5zX7"}
[2021-09-03 14:27:31.667][7700][INFO] [CMD:1011]{"token":"t8our9htkseb81mjju4hmomtlb","acc":"MeX3Uq6I5zX7"}
[2021-09-03 14:27:38.503][7700][INFO] [CMD:1041]{"token":"t8our9htkseb81mjju4hmomtlb","acc":"MeX3Uq6I5zX7","point":1000,"email":"sss@sss.com"}
[2021-09-03 14:28:36.242][7700][INFO] [CMD:101][ACC:MeX3Uq6I5zX7]
[2021-09-03 14:28:36.660][7700][INFO] [CMD:1025]{"token":"gv68nk67vq56sfqavaejcors28","acc":"MeX3Uq6I5zX7"}
[2021-09-03 14:28:36.661][7700][INFO] [CMD:1028]{"token":"gv68nk67vq56sfqavaejcors28","acc":"MeX3Uq6I5zX7"}
[2021-09-03 14:28:36.664][7700][INFO] [CMD:1021]{"token":"gv68nk67vq56sfqavaejcors28","acc":"MeX3Uq6I5zX7"}
[2021-09-03 14:28:40.491][7700][INFO] [CMD:1011]{"token":"gv68nk67vq56sfqavaejcors28","acc":"MeX3Uq6I5zX7"}
[2021-09-03 14:28:40.503][7700][INFO] [CMD:1001]{"token":"gv68nk67vq56sfqavaejcors28","acc":"MeX3Uq6I5zX7"}
[2021-09-03 14:28:40.503][7700][INFO] [CMD:1023]{"token":"gv68nk67vq56sfqavaejcors28","acc":"MeX3Uq6I5zX7"}
[2021-09-03 14:28:42.688][7700][INFO] [CMD:1019]{"token":"gv68nk67vq56sfqavaejcors28","acc":"MeX3Uq6I5zX7","page":1}
[2021-09-03 14:28:43.319][7700][INFO] [CMD:1020]{"token":"gv68nk67vq56sfqavaejcors28","acc":"MeX3Uq6I5zX7","guid":89}
[2021-09-03 14:28:44.113][7700][INFO] [CMD:1019]{"token":"gv68nk67vq56sfqavaejcors28","acc":"MeX3Uq6I5zX7","page":1}
[2021-09-03 14:28:51.181][7700][INFO] [CMD:1041]{"token":"gv68nk67vq56sfqavaejcors28","acc":"MeX3Uq6I5zX7","point":1000,"email":"sss@sss.com"}
[2021-09-03 14:29:26.919][7700][INFO] [CMD:101][ACC:MeX3Uq6I5zX7]
[2021-09-03 14:29:27.400][7700][INFO] [CMD:1025]{"token":"fp8s5cplrg6kok36ckpoen4r48","acc":"MeX3Uq6I5zX7"}
[2021-09-03 14:29:27.414][7700][INFO] [CMD:1028]{"token":"fp8s5cplrg6kok36ckpoen4r48","acc":"MeX3Uq6I5zX7"}
[2021-09-03 14:29:27.438][7700][INFO] [CMD:1021]{"token":"fp8s5cplrg6kok36ckpoen4r48","acc":"MeX3Uq6I5zX7"}
[2021-09-03 14:29:31.608][7700][INFO] [CMD:1011]{"token":"fp8s5cplrg6kok36ckpoen4r48","acc":"MeX3Uq6I5zX7"}
[2021-09-03 14:29:31.611][7700][INFO] [CMD:1023]{"token":"fp8s5cplrg6kok36ckpoen4r48","acc":"MeX3Uq6I5zX7"}
[2021-09-03 14:29:31.633][7700][INFO] [CMD:1001]{"token":"fp8s5cplrg6kok36ckpoen4r48","acc":"MeX3Uq6I5zX7"}
[2021-09-03 14:29:33.733][7700][INFO] [CMD:1019]{"token":"fp8s5cplrg6kok36ckpoen4r48","acc":"MeX3Uq6I5zX7","page":1}
[2021-09-03 14:29:34.768][7700][INFO] [CMD:1020]{"token":"fp8s5cplrg6kok36ckpoen4r48","acc":"MeX3Uq6I5zX7","guid":90}
[2021-09-03 14:29:41.946][7700][INFO] [CMD:1041]{"token":"fp8s5cplrg6kok36ckpoen4r48","acc":"MeX3Uq6I5zX7","point":1000,"email":"sss@sss.com"}
[2021-09-03 14:35:52.979][7700][INFO] [CMD:101][ACC:MeX3Uq6I5zX7]
[2021-09-03 14:35:53.517][7700][INFO] [CMD:1025]{"token":"438eghbvh773lvgk8s2tq8f443","acc":"MeX3Uq6I5zX7"}
[2021-09-03 14:35:53.525][7700][INFO] [CMD:1021]{"token":"438eghbvh773lvgk8s2tq8f443","acc":"MeX3Uq6I5zX7"}
[2021-09-03 14:35:53.531][7700][INFO] [CMD:1028]{"token":"438eghbvh773lvgk8s2tq8f443","acc":"MeX3Uq6I5zX7"}
[2021-09-03 14:35:57.433][7700][INFO] [CMD:1001]{"token":"438eghbvh773lvgk8s2tq8f443","acc":"MeX3Uq6I5zX7"}
[2021-09-03 14:35:57.434][7700][INFO] [CMD:1011]{"token":"438eghbvh773lvgk8s2tq8f443","acc":"MeX3Uq6I5zX7"}
[2021-09-03 14:35:57.443][7700][INFO] [CMD:1023]{"token":"438eghbvh773lvgk8s2tq8f443","acc":"MeX3Uq6I5zX7"}
[2021-09-03 14:53:49.425][7700][INFO] [CMD:101][ACC:MeX3Uq6I5zX7]
[2021-09-03 14:53:49.599][7700][INFO] [CMD:1025]{"token":"80gsgcurha9qrogfq6dfkt1vg3","acc":"MeX3Uq6I5zX7"}
[2021-09-03 14:53:49.630][7700][INFO] [CMD:1028]{"token":"80gsgcurha9qrogfq6dfkt1vg3","acc":"MeX3Uq6I5zX7"}
[2021-09-03 14:53:49.638][7700][INFO] [CMD:1021]{"token":"80gsgcurha9qrogfq6dfkt1vg3","acc":"MeX3Uq6I5zX7"}
[2021-09-03 14:53:53.552][7700][INFO] [CMD:1023]{"token":"80gsgcurha9qrogfq6dfkt1vg3","acc":"MeX3Uq6I5zX7"}
[2021-09-03 14:53:53.554][7700][INFO] [CMD:1001]{"token":"80gsgcurha9qrogfq6dfkt1vg3","acc":"MeX3Uq6I5zX7"}
[2021-09-03 14:53:53.570][7700][INFO] [CMD:1011]{"token":"80gsgcurha9qrogfq6dfkt1vg3","acc":"MeX3Uq6I5zX7"}
[2021-09-03 14:53:56.049][7700][INFO] [CMD:1019]{"token":"80gsgcurha9qrogfq6dfkt1vg3","acc":"MeX3Uq6I5zX7","page":1}
[2021-09-03 14:53:56.695][7700][INFO] [CMD:1020]{"token":"80gsgcurha9qrogfq6dfkt1vg3","acc":"MeX3Uq6I5zX7","guid":91}
[2021-09-03 14:53:57.481][7700][INFO] [CMD:1019]{"token":"80gsgcurha9qrogfq6dfkt1vg3","acc":"MeX3Uq6I5zX7","page":1}
[2021-09-03 14:56:23.448][7700][INFO] [CMD:101][ACC:MeX3Uq6I5zX7]
[2021-09-03 14:56:23.582][7700][INFO] [CMD:1025]{"token":"taq7jo4hfnuk4s1li5mbuq4lb4","acc":"MeX3Uq6I5zX7"}
[2021-09-03 14:56:23.609][7700][INFO] [CMD:1028]{"token":"taq7jo4hfnuk4s1li5mbuq4lb4","acc":"MeX3Uq6I5zX7"}
[2021-09-03 14:56:23.626][7700][INFO] [CMD:1021]{"token":"taq7jo4hfnuk4s1li5mbuq4lb4","acc":"MeX3Uq6I5zX7"}
[2021-09-03 14:56:27.787][7700][INFO] [CMD:1023]{"token":"taq7jo4hfnuk4s1li5mbuq4lb4","acc":"MeX3Uq6I5zX7"}
[2021-09-03 14:56:27.807][7700][INFO] [CMD:1001]{"token":"taq7jo4hfnuk4s1li5mbuq4lb4","acc":"MeX3Uq6I5zX7"}
[2021-09-03 14:56:27.813][7700][INFO] [CMD:1011]{"token":"taq7jo4hfnuk4s1li5mbuq4lb4","acc":"MeX3Uq6I5zX7"}
[2021-09-03 14:56:41.228][7700][INFO] [CMD:1041]{"token":"taq7jo4hfnuk4s1li5mbuq4lb4","acc":"MeX3Uq6I5zX7","point":8000,"email":"sss@sss.com"}
[2021-09-03 14:56:45.233][7700][INFO] [CMD:1011]{"token":"taq7jo4hfnuk4s1li5mbuq4lb4","acc":"MeX3Uq6I5zX7"}
[2021-09-03 14:56:53.308][7700][INFO] [CMD:9000]{"token":"taq7jo4hfnuk4s1li5mbuq4lb4","acc":"MeX3Uq6I5zX7","productId":"craftstory_4900","transactionId":"5cd08989-0e4f-4f5f-b748-c852f5fdcffd"}
[2021-09-03 14:56:53.419][7700][INFO] [CMD:1011]{"token":"taq7jo4hfnuk4s1li5mbuq4lb4","acc":"MeX3Uq6I5zX7"}
[2021-09-03 14:56:59.156][7700][INFO] [CMD:1010]{"token":"taq7jo4hfnuk4s1li5mbuq4lb4","acc":"MeX3Uq6I5zX7","shopId":2002}
[2021-09-03 14:56:59.263][7700][INFO] [CMD:1001]{"token":"taq7jo4hfnuk4s1li5mbuq4lb4","acc":"MeX3Uq6I5zX7"}
[2021-09-03 14:56:59.272][7700][INFO] [CMD:1011]{"token":"taq7jo4hfnuk4s1li5mbuq4lb4","acc":"MeX3Uq6I5zX7"}
[2021-09-03 14:57:23.638][7700][INFO] [CMD:1011]{"token":"taq7jo4hfnuk4s1li5mbuq4lb4","acc":"MeX3Uq6I5zX7"}
[2021-09-03 14:57:27.616][7700][INFO] [CMD:1010]{"token":"taq7jo4hfnuk4s1li5mbuq4lb4","acc":"MeX3Uq6I5zX7","shopId":101}
[2021-09-03 14:57:27.786][7700][INFO] [CMD:1001]{"token":"taq7jo4hfnuk4s1li5mbuq4lb4","acc":"MeX3Uq6I5zX7"}
[2021-09-03 14:57:27.802][7700][INFO] [CMD:1011]{"token":"taq7jo4hfnuk4s1li5mbuq4lb4","acc":"MeX3Uq6I5zX7"}
[2021-09-03 14:57:30.347][7700][INFO] [CMD:1016]{"token":"taq7jo4hfnuk4s1li5mbuq4lb4","acc":"MeX3Uq6I5zX7","page":1,"nickName":"","sortType":0}
[2021-09-03 14:57:31.808][7700][INFO] [CMD:1016]{"token":"taq7jo4hfnuk4s1li5mbuq4lb4","acc":"MeX3Uq6I5zX7","page":1,"nickName":"","sortType":0}
[2021-09-03 14:57:39.279][7700][INFO] [CMD:1041]{"token":"taq7jo4hfnuk4s1li5mbuq4lb4","acc":"MeX3Uq6I5zX7","point":1000,"email":"sss@sss.com"}
[2021-09-03 15:01:09.714][7700][INFO] [CMD:1011]{"token":"taq7jo4hfnuk4s1li5mbuq4lb4","acc":"MeX3Uq6I5zX7"}
[2021-09-03 15:01:13.240][7700][INFO] [CMD:1010]{"token":"taq7jo4hfnuk4s1li5mbuq4lb4","acc":"MeX3Uq6I5zX7","shopId":2002}
[2021-09-03 15:01:13.344][7700][INFO] [CMD:1001]{"token":"taq7jo4hfnuk4s1li5mbuq4lb4","acc":"MeX3Uq6I5zX7"}
[2021-09-03 15:01:13.349][7700][INFO] [CMD:1011]{"token":"taq7jo4hfnuk4s1li5mbuq4lb4","acc":"MeX3Uq6I5zX7"}
[2021-09-03 15:01:17.548][7700][INFO] [CMD:1041]{"token":"taq7jo4hfnuk4s1li5mbuq4lb4","acc":"MeX3Uq6I5zX7","point":1000,"email":"sss@sss.com"}
[2021-09-03 15:04:58.978][7700][INFO] [CMD:101][ACC:MeX3Uq6I5zX7]
[2021-09-03 15:04:59.147][7700][INFO] [CMD:1025]{"token":"u20iem6bukb0s8a47f2u4tbfr9","acc":"MeX3Uq6I5zX7"}
[2021-09-03 15:04:59.173][7700][INFO] [CMD:1028]{"token":"u20iem6bukb0s8a47f2u4tbfr9","acc":"MeX3Uq6I5zX7"}
[2021-09-03 15:04:59.202][7700][INFO] [CMD:1021]{"token":"u20iem6bukb0s8a47f2u4tbfr9","acc":"MeX3Uq6I5zX7"}
[2021-09-03 15:05:03.492][7700][INFO] [CMD:1001]{"token":"u20iem6bukb0s8a47f2u4tbfr9","acc":"MeX3Uq6I5zX7"}
[2021-09-03 15:05:03.515][7700][INFO] [CMD:1011]{"token":"u20iem6bukb0s8a47f2u4tbfr9","acc":"MeX3Uq6I5zX7"}
[2021-09-03 15:05:03.515][7700][INFO] [CMD:1023]{"token":"u20iem6bukb0s8a47f2u4tbfr9","acc":"MeX3Uq6I5zX7"}
[2021-09-03 15:05:05.344][7700][INFO] [CMD:1019]{"token":"u20iem6bukb0s8a47f2u4tbfr9","acc":"MeX3Uq6I5zX7","page":1}
[2021-09-03 15:05:05.978][7700][INFO] [CMD:1020]{"token":"u20iem6bukb0s8a47f2u4tbfr9","acc":"MeX3Uq6I5zX7","guid":94}
[2021-09-03 15:05:06.792][7700][INFO] [CMD:1019]{"token":"u20iem6bukb0s8a47f2u4tbfr9","acc":"MeX3Uq6I5zX7","page":1}
[2021-09-03 15:05:07.282][7700][INFO] [CMD:1020]{"token":"u20iem6bukb0s8a47f2u4tbfr9","acc":"MeX3Uq6I5zX7","guid":92}
[2021-09-03 15:05:07.834][7700][INFO] [CMD:1019]{"token":"u20iem6bukb0s8a47f2u4tbfr9","acc":"MeX3Uq6I5zX7","page":1}
[2021-09-03 15:05:08.280][7700][INFO] [CMD:1020]{"token":"u20iem6bukb0s8a47f2u4tbfr9","acc":"MeX3Uq6I5zX7","guid":93}
[2021-09-03 15:05:08.824][7700][INFO] [CMD:1019]{"token":"u20iem6bukb0s8a47f2u4tbfr9","acc":"MeX3Uq6I5zX7","page":1}
[2021-09-03 15:05:10.440][7700][INFO] [CMD:1011]{"token":"u20iem6bukb0s8a47f2u4tbfr9","acc":"MeX3Uq6I5zX7"}
[2021-09-03 15:05:15.805][7700][INFO] [CMD:1010]{"token":"u20iem6bukb0s8a47f2u4tbfr9","acc":"MeX3Uq6I5zX7","shopId":2005}
[2021-09-03 15:05:15.939][7700][INFO] [CMD:1001]{"token":"u20iem6bukb0s8a47f2u4tbfr9","acc":"MeX3Uq6I5zX7"}
[2021-09-03 15:05:15.956][7700][INFO] [CMD:1011]{"token":"u20iem6bukb0s8a47f2u4tbfr9","acc":"MeX3Uq6I5zX7"}
[2021-09-03 15:05:21.325][7700][INFO] [CMD:1041]{"token":"u20iem6bukb0s8a47f2u4tbfr9","acc":"MeX3Uq6I5zX7","point":1000,"email":"sss@sss.com"}
[2021-09-03 15:13:16.175][7700][INFO] [CMD:101][ACC:MeX3Uq6I5zX7]
[2021-09-03 15:13:16.310][7700][INFO] [CMD:1025]{"token":"ilbo3kv21aplretrj9tk6atv90","acc":"MeX3Uq6I5zX7"}
[2021-09-03 15:13:16.352][7700][INFO] [CMD:1021]{"token":"ilbo3kv21aplretrj9tk6atv90","acc":"MeX3Uq6I5zX7"}
[2021-09-03 15:13:16.352][7700][INFO] [CMD:1028]{"token":"ilbo3kv21aplretrj9tk6atv90","acc":"MeX3Uq6I5zX7"}
[2021-09-03 15:13:20.270][7700][INFO] [CMD:1023]{"token":"ilbo3kv21aplretrj9tk6atv90","acc":"MeX3Uq6I5zX7"}
[2021-09-03 15:13:20.289][7700][INFO] [CMD:1001]{"token":"ilbo3kv21aplretrj9tk6atv90","acc":"MeX3Uq6I5zX7"}
[2021-09-03 15:13:20.297][7700][INFO] [CMD:1011]{"token":"ilbo3kv21aplretrj9tk6atv90","acc":"MeX3Uq6I5zX7"}
[2021-09-03 15:13:22.026][7700][INFO] [CMD:1019]{"token":"ilbo3kv21aplretrj9tk6atv90","acc":"MeX3Uq6I5zX7","page":1}
[2021-09-03 15:13:22.562][7700][INFO] [CMD:1020]{"token":"ilbo3kv21aplretrj9tk6atv90","acc":"MeX3Uq6I5zX7","guid":95}
[2021-09-03 15:13:23.288][7700][INFO] [CMD:1019]{"token":"ilbo3kv21aplretrj9tk6atv90","acc":"MeX3Uq6I5zX7","page":1}
[2021-09-03 15:13:27.651][7700][INFO] [CMD:1041]{"token":"ilbo3kv21aplretrj9tk6atv90","acc":"MeX3Uq6I5zX7","point":1000,"money":300,"email":"sss@sss.com"}
[2021-09-03 15:36:05.599][7700][INFO] [CMD:100]
[2021-09-03 15:36:05.988][7700][INFO] [CMD:101][ACC:2zMZDLfsezdv]
[2021-09-03 15:36:06.178][7700][INFO] [CMD:1025]{"token":"8o8j5imac7q7evbgk5jbkpgp42","acc":"2zMZDLfsezdv"}
[2021-09-03 15:36:06.200][7700][INFO] [CMD:1028]{"token":"8o8j5imac7q7evbgk5jbkpgp42","acc":"2zMZDLfsezdv"}
[2021-09-03 15:36:06.235][7700][INFO] [CMD:1021]{"token":"8o8j5imac7q7evbgk5jbkpgp42","acc":"2zMZDLfsezdv"}
[2021-09-03 15:36:08.798][7700][INFO] [CMD:1011]{"token":"8o8j5imac7q7evbgk5jbkpgp42","acc":"2zMZDLfsezdv"}
[2021-09-03 15:36:10.263][7700][INFO] [CMD:1011]{"token":"8o8j5imac7q7evbgk5jbkpgp42","acc":"2zMZDLfsezdv"}
[2021-09-03 15:36:16.782][7700][INFO] [CMD:1011]{"token":"8o8j5imac7q7evbgk5jbkpgp42","acc":"2zMZDLfsezdv"}
[2021-09-03 15:36:44.066][7700][INFO] [CMD:101][ACC:2zMZDLfsezdv]
[2021-09-03 15:36:44.199][7700][INFO] [CMD:1028]{"token":"2qe1sb9ga7smgc0au5elrl0k3t","acc":"2zMZDLfsezdv"}
[2021-09-03 15:36:44.216][7700][INFO] [CMD:1021]{"token":"2qe1sb9ga7smgc0au5elrl0k3t","acc":"2zMZDLfsezdv"}
[2021-09-03 15:36:44.233][7700][INFO] [CMD:1025]{"token":"2qe1sb9ga7smgc0au5elrl0k3t","acc":"2zMZDLfsezdv"}
[2021-09-03 15:36:46.617][7700][INFO] [CMD:1011]{"token":"2qe1sb9ga7smgc0au5elrl0k3t","acc":"2zMZDLfsezdv"}
[2021-09-03 15:36:51.030][7700][INFO] [CMD:1029]{"token":"2qe1sb9ga7smgc0au5elrl0k3t","acc":"2zMZDLfsezdv"}
[2021-09-03 15:36:53.117][7700][INFO] [CMD:1023]{"token":"2qe1sb9ga7smgc0au5elrl0k3t","acc":"2zMZDLfsezdv"}
[2021-09-03 15:36:53.129][7700][INFO] [CMD:1011]{"token":"2qe1sb9ga7smgc0au5elrl0k3t","acc":"2zMZDLfsezdv"}
[2021-09-03 15:36:53.129][7700][INFO] [CMD:1001]{"token":"2qe1sb9ga7smgc0au5elrl0k3t","acc":"2zMZDLfsezdv"}
[2021-09-03 15:38:20.200][7700][INFO] [CMD:101][ACC:2zMZDLfsezdv]
[2021-09-03 15:38:21.058][7700][INFO] [CMD:1025]{"token":"a83gnmmlio13hupvccimr6v2cf","acc":"2zMZDLfsezdv"}
[2021-09-03 15:38:21.070][7700][INFO] [CMD:1028]{"token":"a83gnmmlio13hupvccimr6v2cf","acc":"2zMZDLfsezdv"}
[2021-09-03 15:38:21.070][7700][INFO] [CMD:1021]{"token":"a83gnmmlio13hupvccimr6v2cf","acc":"2zMZDLfsezdv"}
[2021-09-03 15:38:25.191][7700][INFO] [CMD:1011]{"token":"a83gnmmlio13hupvccimr6v2cf","acc":"2zMZDLfsezdv"}
[2021-09-03 15:38:25.198][7700][INFO] [CMD:1001]{"token":"a83gnmmlio13hupvccimr6v2cf","acc":"2zMZDLfsezdv"}
[2021-09-03 15:38:25.198][7700][INFO] [CMD:1023]{"token":"a83gnmmlio13hupvccimr6v2cf","acc":"2zMZDLfsezdv"}
[2021-09-03 15:41:56.120][7700][INFO] [CMD:101][ACC:2zMZDLfsezdv]
[2021-09-03 15:41:56.943][7700][INFO] [CMD:1025]{"token":"f72ppmnpb0miu45hdbjhtpkolo","acc":"2zMZDLfsezdv"}
[2021-09-03 15:41:56.979][7700][INFO] [CMD:1028]{"token":"f72ppmnpb0miu45hdbjhtpkolo","acc":"2zMZDLfsezdv"}
[2021-09-03 15:41:56.979][7700][INFO] [CMD:1021]{"token":"f72ppmnpb0miu45hdbjhtpkolo","acc":"2zMZDLfsezdv"}
[2021-09-03 15:42:01.092][7700][INFO] [CMD:1001]{"token":"f72ppmnpb0miu45hdbjhtpkolo","acc":"2zMZDLfsezdv"}
[2021-09-03 15:42:01.095][7700][INFO] [CMD:1023]{"token":"f72ppmnpb0miu45hdbjhtpkolo","acc":"2zMZDLfsezdv"}
[2021-09-03 15:42:01.102][7700][INFO] [CMD:1011]{"token":"f72ppmnpb0miu45hdbjhtpkolo","acc":"2zMZDLfsezdv"}
[2021-09-03 15:44:38.773][7700][INFO] [CMD:101][ACC:2zMZDLfsezdv]
[2021-09-03 15:44:38.968][7700][INFO] [CMD:1025]{"token":"eb56au64j0dnjk5ufftadpeose","acc":"2zMZDLfsezdv"}
[2021-09-03 15:44:38.980][7700][INFO] [CMD:1028]{"token":"eb56au64j0dnjk5ufftadpeose","acc":"2zMZDLfsezdv"}
[2021-09-03 15:44:38.996][7700][INFO] [CMD:1021]{"token":"eb56au64j0dnjk5ufftadpeose","acc":"2zMZDLfsezdv"}
[2021-09-03 15:44:58.740][7700][INFO] [CMD:1023]{"token":"eb56au64j0dnjk5ufftadpeose","acc":"2zMZDLfsezdv"}
[2021-09-03 15:44:58.750][7700][INFO] [CMD:1001]{"token":"eb56au64j0dnjk5ufftadpeose","acc":"2zMZDLfsezdv"}
[2021-09-03 15:44:58.755][7700][INFO] [CMD:1011]{"token":"eb56au64j0dnjk5ufftadpeose","acc":"2zMZDLfsezdv"}
[2021-09-03 15:46:35.644][7700][INFO] [CMD:101][ACC:2zMZDLfsezdv]
[2021-09-03 15:46:35.793][7700][INFO] [CMD:1025]{"token":"3rkiv9env4vbalihojl86ekqfa","acc":"2zMZDLfsezdv"}
[2021-09-03 15:46:35.812][7700][INFO] [CMD:1021]{"token":"3rkiv9env4vbalihojl86ekqfa","acc":"2zMZDLfsezdv"}
[2021-09-03 15:46:35.821][7700][INFO] [CMD:1028]{"token":"3rkiv9env4vbalihojl86ekqfa","acc":"2zMZDLfsezdv"}
[2021-09-03 15:46:40.177][7700][INFO] [CMD:1023]{"token":"3rkiv9env4vbalihojl86ekqfa","acc":"2zMZDLfsezdv"}
[2021-09-03 15:46:40.195][7700][INFO] [CMD:1001]{"token":"3rkiv9env4vbalihojl86ekqfa","acc":"2zMZDLfsezdv"}
[2021-09-03 15:46:40.196][7700][INFO] [CMD:1011]{"token":"3rkiv9env4vbalihojl86ekqfa","acc":"2zMZDLfsezdv"}
[2021-09-03 15:48:41.108][7700][INFO] [CMD:101][ACC:2zMZDLfsezdv]
[2021-09-03 15:48:41.414][7700][INFO] [CMD:1025]{"token":"e6sfvq08h96t9h40f3fhs5b0p2","acc":"2zMZDLfsezdv"}
[2021-09-03 15:48:41.429][7700][INFO] [CMD:1028]{"token":"e6sfvq08h96t9h40f3fhs5b0p2","acc":"2zMZDLfsezdv"}
[2021-09-03 15:48:41.463][7700][INFO] [CMD:1021]{"token":"e6sfvq08h96t9h40f3fhs5b0p2","acc":"2zMZDLfsezdv"}
[2021-09-03 15:48:45.344][7700][INFO] [CMD:1023]{"token":"e6sfvq08h96t9h40f3fhs5b0p2","acc":"2zMZDLfsezdv"}
[2021-09-03 15:48:45.345][7700][INFO] [CMD:1001]{"token":"e6sfvq08h96t9h40f3fhs5b0p2","acc":"2zMZDLfsezdv"}
[2021-09-03 15:48:45.346][7700][INFO] [CMD:1011]{"token":"e6sfvq08h96t9h40f3fhs5b0p2","acc":"2zMZDLfsezdv"}
[2021-09-03 15:50:01.234][7700][INFO] [CMD:101][ACC:2zMZDLfsezdv]
[2021-09-03 15:50:01.435][7700][INFO] [CMD:1025]{"token":"rbqtchird7lcq2kq2giasvk42m","acc":"2zMZDLfsezdv"}
[2021-09-03 15:50:01.439][7700][INFO] [CMD:1021]{"token":"rbqtchird7lcq2kq2giasvk42m","acc":"2zMZDLfsezdv"}
[2021-09-03 15:50:01.465][7700][INFO] [CMD:1028]{"token":"rbqtchird7lcq2kq2giasvk42m","acc":"2zMZDLfsezdv"}
[2021-09-03 15:50:05.403][7700][INFO] [CMD:1023]{"token":"rbqtchird7lcq2kq2giasvk42m","acc":"2zMZDLfsezdv"}
[2021-09-03 15:50:05.403][7700][INFO] [CMD:1011]{"token":"rbqtchird7lcq2kq2giasvk42m","acc":"2zMZDLfsezdv"}
[2021-09-03 15:50:05.412][7700][INFO] [CMD:1001]{"token":"rbqtchird7lcq2kq2giasvk42m","acc":"2zMZDLfsezdv"}
[2021-09-03 15:50:58.590][7700][INFO] [CMD:101][ACC:2zMZDLfsezdv]
[2021-09-03 15:50:58.777][7700][INFO] [CMD:1025]{"token":"tlt53dut6ret67jojp15brcf1o","acc":"2zMZDLfsezdv"}
[2021-09-03 15:50:58.780][7700][INFO] [CMD:1021]{"token":"tlt53dut6ret67jojp15brcf1o","acc":"2zMZDLfsezdv"}
[2021-09-03 15:50:58.795][7700][INFO] [CMD:1028]{"token":"tlt53dut6ret67jojp15brcf1o","acc":"2zMZDLfsezdv"}
[2021-09-03 15:51:02.901][7700][INFO] [CMD:1023]{"token":"tlt53dut6ret67jojp15brcf1o","acc":"2zMZDLfsezdv"}
[2021-09-03 15:51:02.914][7700][INFO] [CMD:1011]{"token":"tlt53dut6ret67jojp15brcf1o","acc":"2zMZDLfsezdv"}
[2021-09-03 15:51:02.916][7700][INFO] [CMD:1001]{"token":"tlt53dut6ret67jojp15brcf1o","acc":"2zMZDLfsezdv"}
[2021-09-03 15:51:26.925][7700][INFO] [CMD:1004]{"token":"tlt53dut6ret67jojp15brcf1o","acc":"2zMZDLfsezdv","itemId":500,"count":1}
[2021-09-03 15:51:36.858][7700][INFO] [CMD:1001]{"token":"tlt53dut6ret67jojp15brcf1o","acc":"2zMZDLfsezdv"}
[2021-09-03 15:51:43.760][7700][INFO] [CMD:1001]{"token":"tlt53dut6ret67jojp15brcf1o","acc":"2zMZDLfsezdv"}
[2021-09-03 15:51:43.766][7700][INFO] [CMD:1011]{"token":"tlt53dut6ret67jojp15brcf1o","acc":"2zMZDLfsezdv"}
[2021-09-03 15:51:45.555][7700][INFO] [CMD:1007]{"token":"tlt53dut6ret67jojp15brcf1o","acc":"2zMZDLfsezdv","guid":165,"site":4}
[2021-09-03 15:51:49.134][7700][INFO] [CMD:1004]{"token":"tlt53dut6ret67jojp15brcf1o","acc":"2zMZDLfsezdv","itemId":500,"count":1}
[2021-09-03 15:51:51.442][7700][INFO] [CMD:1001]{"token":"tlt53dut6ret67jojp15brcf1o","acc":"2zMZDLfsezdv"}
[2021-09-03 15:51:57.442][7700][INFO] [CMD:1004]{"token":"tlt53dut6ret67jojp15brcf1o","acc":"2zMZDLfsezdv","itemId":500,"count":1}
[2021-09-03 15:51:57.555][7700][INFO] [CMD:1001]{"token":"tlt53dut6ret67jojp15brcf1o","acc":"2zMZDLfsezdv"}
[2021-09-03 15:51:59.944][7700][INFO] [CMD:1004]{"token":"tlt53dut6ret67jojp15brcf1o","acc":"2zMZDLfsezdv","itemId":500,"count":1}
[2021-09-03 15:52:00.166][7700][INFO] [CMD:1001]{"token":"tlt53dut6ret67jojp15brcf1o","acc":"2zMZDLfsezdv"}
[2021-09-03 15:52:05.979][7700][INFO] [CMD:1004]{"token":"tlt53dut6ret67jojp15brcf1o","acc":"2zMZDLfsezdv","itemId":500,"count":1}
[2021-09-03 15:52:06.124][7700][INFO] [CMD:1001]{"token":"tlt53dut6ret67jojp15brcf1o","acc":"2zMZDLfsezdv"}
[2021-09-03 15:52:09.339][7700][INFO] [CMD:1004]{"token":"tlt53dut6ret67jojp15brcf1o","acc":"2zMZDLfsezdv","itemId":500,"count":1}
[2021-09-03 15:52:09.459][7700][INFO] [CMD:1001]{"token":"tlt53dut6ret67jojp15brcf1o","acc":"2zMZDLfsezdv"}
[2021-09-03 15:52:11.877][7700][INFO] [CMD:1004]{"token":"tlt53dut6ret67jojp15brcf1o","acc":"2zMZDLfsezdv","itemId":501,"count":1}
[2021-09-03 15:52:12.847][7700][INFO] [CMD:1004]{"token":"tlt53dut6ret67jojp15brcf1o","acc":"2zMZDLfsezdv","itemId":501,"count":1}
[2021-09-03 15:53:00.929][7700][INFO] [CMD:101][ACC:2zMZDLfsezdv]
[2021-09-03 15:53:01.053][7700][INFO] [CMD:1025]{"token":"pf84epak6roqp41d8ipgt6h2rc","acc":"2zMZDLfsezdv"}
[2021-09-03 15:53:01.057][7700][INFO] [CMD:1028]{"token":"pf84epak6roqp41d8ipgt6h2rc","acc":"2zMZDLfsezdv"}
[2021-09-03 15:53:01.092][7700][INFO] [CMD:1021]{"token":"pf84epak6roqp41d8ipgt6h2rc","acc":"2zMZDLfsezdv"}
[2021-09-03 15:53:05.227][7700][INFO] [CMD:1011]{"token":"pf84epak6roqp41d8ipgt6h2rc","acc":"2zMZDLfsezdv"}
[2021-09-03 15:53:05.232][7700][INFO] [CMD:1023]{"token":"pf84epak6roqp41d8ipgt6h2rc","acc":"2zMZDLfsezdv"}
[2021-09-03 15:53:05.234][7700][INFO] [CMD:1001]{"token":"pf84epak6roqp41d8ipgt6h2rc","acc":"2zMZDLfsezdv"}
[2021-09-03 15:53:09.112][7700][INFO] [CMD:1004]{"token":"pf84epak6roqp41d8ipgt6h2rc","acc":"2zMZDLfsezdv","itemId":500,"count":1}
[2021-09-03 15:53:09.252][7700][INFO] [CMD:1001]{"token":"pf84epak6roqp41d8ipgt6h2rc","acc":"2zMZDLfsezdv"}
[2021-09-03 15:53:16.948][7700][INFO] [CMD:1004]{"token":"pf84epak6roqp41d8ipgt6h2rc","acc":"2zMZDLfsezdv","itemId":501,"count":1}
[2021-09-03 15:53:17.263][7700][INFO] [CMD:1001]{"token":"pf84epak6roqp41d8ipgt6h2rc","acc":"2zMZDLfsezdv"}
[2021-09-03 15:53:18.596][7700][INFO] [CMD:1001]{"token":"pf84epak6roqp41d8ipgt6h2rc","acc":"2zMZDLfsezdv"}
[2021-09-03 15:53:18.604][7700][INFO] [CMD:1011]{"token":"pf84epak6roqp41d8ipgt6h2rc","acc":"2zMZDLfsezdv"}
[2021-09-03 15:53:20.181][7700][INFO] [CMD:1007]{"token":"pf84epak6roqp41d8ipgt6h2rc","acc":"2zMZDLfsezdv","guid":166,"site":5}
[2021-09-03 15:57:41.801][7700][INFO] [CMD:101][ACC:2zMZDLfsezdv]
[2021-09-03 15:57:42.015][7700][INFO] [CMD:1021]{"token":"hb1qh66j8is92023d6rd4dgq9r","acc":"2zMZDLfsezdv"}
[2021-09-03 15:57:42.015][7700][INFO] [CMD:1025]{"token":"hb1qh66j8is92023d6rd4dgq9r","acc":"2zMZDLfsezdv"}
[2021-09-03 15:57:42.019][7700][INFO] [CMD:1028]{"token":"hb1qh66j8is92023d6rd4dgq9r","acc":"2zMZDLfsezdv"}
[2021-09-03 15:57:46.077][7700][INFO] [CMD:1023]{"token":"hb1qh66j8is92023d6rd4dgq9r","acc":"2zMZDLfsezdv"}
[2021-09-03 15:57:46.087][7700][INFO] [CMD:1001]{"token":"hb1qh66j8is92023d6rd4dgq9r","acc":"2zMZDLfsezdv"}
[2021-09-03 15:57:46.101][7700][INFO] [CMD:1011]{"token":"hb1qh66j8is92023d6rd4dgq9r","acc":"2zMZDLfsezdv"}
[2021-09-03 15:58:53.377][7700][INFO] [CMD:101][ACC:2zMZDLfsezdv]
[2021-09-03 15:58:53.590][7700][INFO] [CMD:1021]{"token":"ihf1je6d6dbq5oeap7bh1gl84j","acc":"2zMZDLfsezdv"}
[2021-09-03 15:58:53.603][7700][INFO] [CMD:1025]{"token":"ihf1je6d6dbq5oeap7bh1gl84j","acc":"2zMZDLfsezdv"}
[2021-09-03 15:58:53.623][7700][INFO] [CMD:1028]{"token":"ihf1je6d6dbq5oeap7bh1gl84j","acc":"2zMZDLfsezdv"}
[2021-09-03 15:58:57.666][7700][INFO] [CMD:1023]{"token":"ihf1je6d6dbq5oeap7bh1gl84j","acc":"2zMZDLfsezdv"}
[2021-09-03 15:58:57.670][7700][INFO] [CMD:1011]{"token":"ihf1je6d6dbq5oeap7bh1gl84j","acc":"2zMZDLfsezdv"}
[2021-09-03 15:58:57.682][7700][INFO] [CMD:1001]{"token":"ihf1je6d6dbq5oeap7bh1gl84j","acc":"2zMZDLfsezdv"}
[2021-09-03 15:59:00.263][7700][INFO] [CMD:1002]{"token":"ihf1je6d6dbq5oeap7bh1gl84j","acc":"2zMZDLfsezdv","guid":165,"count":1}
[2021-09-03 15:59:01.542][7700][INFO] [CMD:1002]{"token":"ihf1je6d6dbq5oeap7bh1gl84j","acc":"2zMZDLfsezdv","guid":165,"count":1}
[2021-09-03 15:59:05.112][7700][INFO] [CMD:1004]{"token":"ihf1je6d6dbq5oeap7bh1gl84j","acc":"2zMZDLfsezdv","itemId":500,"count":1}
[2021-09-03 15:59:05.198][7700][INFO] [CMD:1001]{"token":"ihf1je6d6dbq5oeap7bh1gl84j","acc":"2zMZDLfsezdv"}
[2021-09-03 15:59:39.482][7700][INFO] [CMD:101][ACC:2zMZDLfsezdv]
[2021-09-03 15:59:39.629][7700][INFO] [CMD:1025]{"token":"u7hu0dh69kk5qfseifufstr1do","acc":"2zMZDLfsezdv"}
[2021-09-03 15:59:39.645][7700][INFO] [CMD:1021]{"token":"u7hu0dh69kk5qfseifufstr1do","acc":"2zMZDLfsezdv"}
[2021-09-03 15:59:39.649][7700][INFO] [CMD:1028]{"token":"u7hu0dh69kk5qfseifufstr1do","acc":"2zMZDLfsezdv"}
[2021-09-03 15:59:43.635][7700][INFO] [CMD:1023]{"token":"u7hu0dh69kk5qfseifufstr1do","acc":"2zMZDLfsezdv"}
[2021-09-03 15:59:43.640][7700][INFO] [CMD:1001]{"token":"u7hu0dh69kk5qfseifufstr1do","acc":"2zMZDLfsezdv"}
[2021-09-03 15:59:43.646][7700][INFO] [CMD:1011]{"token":"u7hu0dh69kk5qfseifufstr1do","acc":"2zMZDLfsezdv"}
[2021-09-03 16:16:22.141][7700][INFO] [CMD:101][ACC:2zMZDLfsezdv]
[2021-09-03 16:16:22.402][7700][INFO] [CMD:1021]{"token":"05l8fpbcjnsvaenfkd0ne11sja","acc":"2zMZDLfsezdv"}
[2021-09-03 16:16:22.409][7700][INFO] [CMD:1025]{"token":"05l8fpbcjnsvaenfkd0ne11sja","acc":"2zMZDLfsezdv"}
[2021-09-03 16:16:22.424][7700][INFO] [CMD:1028]{"token":"05l8fpbcjnsvaenfkd0ne11sja","acc":"2zMZDLfsezdv"}
[2021-09-03 16:16:31.881][7700][INFO] [CMD:1023]{"token":"05l8fpbcjnsvaenfkd0ne11sja","acc":"2zMZDLfsezdv"}
[2021-09-03 16:16:31.882][7700][INFO] [CMD:1011]{"token":"05l8fpbcjnsvaenfkd0ne11sja","acc":"2zMZDLfsezdv"}
[2021-09-03 16:16:31.883][7700][INFO] [CMD:1001]{"token":"05l8fpbcjnsvaenfkd0ne11sja","acc":"2zMZDLfsezdv"}
[2021-09-03 16:16:36.871][7700][INFO] [CMD:1011]{"token":"05l8fpbcjnsvaenfkd0ne11sja","acc":"2zMZDLfsezdv"}
[2021-09-03 16:16:41.556][7700][INFO] [CMD:9000]{"token":"05l8fpbcjnsvaenfkd0ne11sja","acc":"2zMZDLfsezdv","productId":"craftstory_4900","transactionId":"5767b73b-9b52-4acb-81a3-a9ab115b5361"}
[2021-09-03 16:16:41.798][7700][INFO] [CMD:1011]{"token":"05l8fpbcjnsvaenfkd0ne11sja","acc":"2zMZDLfsezdv"}
[2021-09-03 16:16:45.849][7700][INFO] [CMD:1010]{"token":"05l8fpbcjnsvaenfkd0ne11sja","acc":"2zMZDLfsezdv","shopId":2002}
[2021-09-03 16:16:46.032][7700][INFO] [CMD:1001]{"token":"05l8fpbcjnsvaenfkd0ne11sja","acc":"2zMZDLfsezdv"}
[2021-09-03 16:16:46.035][7700][INFO] [CMD:1011]{"token":"05l8fpbcjnsvaenfkd0ne11sja","acc":"2zMZDLfsezdv"}
[2021-09-03 16:20:11.628][7700][INFO] [CMD:1011]{"token":"05l8fpbcjnsvaenfkd0ne11sja","acc":"2zMZDLfsezdv"}
[2021-09-03 16:20:14.529][7700][INFO] [CMD:1010]{"token":"05l8fpbcjnsvaenfkd0ne11sja","acc":"2zMZDLfsezdv","shopId":2002}
[2021-09-03 16:20:14.633][7700][INFO] [CMD:1001]{"token":"05l8fpbcjnsvaenfkd0ne11sja","acc":"2zMZDLfsezdv"}
[2021-09-03 16:20:14.644][7700][INFO] [CMD:1011]{"token":"05l8fpbcjnsvaenfkd0ne11sja","acc":"2zMZDLfsezdv"}
[2021-09-03 16:36:38.332][7700][INFO] [CMD:101][ACC:2zMZDLfsezdv]
[2021-09-03 16:36:38.483][7700][INFO] [CMD:1025]{"token":"oc89j14j8cd6duol6gibdkm595","acc":"2zMZDLfsezdv"}
[2021-09-03 16:36:38.510][7700][INFO] [CMD:1028]{"token":"oc89j14j8cd6duol6gibdkm595","acc":"2zMZDLfsezdv"}
[2021-09-03 16:36:38.511][7700][INFO] [CMD:1021]{"token":"oc89j14j8cd6duol6gibdkm595","acc":"2zMZDLfsezdv"}
[2021-09-03 16:36:43.041][7700][INFO] [CMD:1023]{"token":"oc89j14j8cd6duol6gibdkm595","acc":"2zMZDLfsezdv"}
[2021-09-03 16:36:43.057][7700][INFO] [CMD:1011]{"token":"oc89j14j8cd6duol6gibdkm595","acc":"2zMZDLfsezdv"}
[2021-09-03 16:36:43.062][7700][INFO] [CMD:1001]{"token":"oc89j14j8cd6duol6gibdkm595","acc":"2zMZDLfsezdv"}
[2021-09-03 16:36:48.906][7700][INFO] [CMD:1002]{"token":"oc89j14j8cd6duol6gibdkm595","acc":"2zMZDLfsezdv","guid":166,"count":1}
[2021-09-03 16:36:51.154][7700][INFO] [CMD:1002]{"token":"oc89j14j8cd6duol6gibdkm595","acc":"2zMZDLfsezdv","guid":165,"count":1}
[2021-09-03 16:36:52.154][7700][INFO] [CMD:1002]{"token":"oc89j14j8cd6duol6gibdkm595","acc":"2zMZDLfsezdv","guid":165,"count":1}
[2021-09-03 16:36:52.604][7700][INFO] [CMD:1002]{"token":"oc89j14j8cd6duol6gibdkm595","acc":"2zMZDLfsezdv","guid":165,"count":1}
[2021-09-03 16:36:56.469][7700][INFO] [CMD:1002]{"token":"oc89j14j8cd6duol6gibdkm595","acc":"2zMZDLfsezdv","guid":165,"count":1}
[2021-09-03 16:36:57.211][7700][INFO] [CMD:1002]{"token":"oc89j14j8cd6duol6gibdkm595","acc":"2zMZDLfsezdv","guid":165,"count":1}
[2021-09-03 16:36:57.631][7700][INFO] [CMD:1002]{"token":"oc89j14j8cd6duol6gibdkm595","acc":"2zMZDLfsezdv","guid":165,"count":1}
[2021-09-03 16:41:54.228][7700][INFO] [CMD:101][ACC:2zMZDLfsezdv]
[2021-09-03 16:41:54.391][7700][INFO] [CMD:1025]{"token":"e13j0qlg8jil2egii6fgeursvo","acc":"2zMZDLfsezdv"}
[2021-09-03 16:41:54.413][7700][INFO] [CMD:1028]{"token":"e13j0qlg8jil2egii6fgeursvo","acc":"2zMZDLfsezdv"}
[2021-09-03 16:41:54.422][7700][INFO] [CMD:1021]{"token":"e13j0qlg8jil2egii6fgeursvo","acc":"2zMZDLfsezdv"}
[2021-09-03 16:41:58.521][7700][INFO] [CMD:1023]{"token":"e13j0qlg8jil2egii6fgeursvo","acc":"2zMZDLfsezdv"}
[2021-09-03 16:41:58.521][7700][INFO] [CMD:1001]{"token":"e13j0qlg8jil2egii6fgeursvo","acc":"2zMZDLfsezdv"}
[2021-09-03 16:41:58.523][7700][INFO] [CMD:1011]{"token":"e13j0qlg8jil2egii6fgeursvo","acc":"2zMZDLfsezdv"}
[2021-09-03 16:42:51.889][7700][INFO] [CMD:101][ACC:2zMZDLfsezdv]
[2021-09-03 16:42:52.033][7700][INFO] [CMD:1025]{"token":"ta6esmmsb3heggvnrk18bk2036","acc":"2zMZDLfsezdv"}
[2021-09-03 16:42:52.040][7700][INFO] [CMD:1021]{"token":"ta6esmmsb3heggvnrk18bk2036","acc":"2zMZDLfsezdv"}
[2021-09-03 16:42:52.041][7700][INFO] [CMD:1028]{"token":"ta6esmmsb3heggvnrk18bk2036","acc":"2zMZDLfsezdv"}
[2021-09-03 16:42:56.914][7700][INFO] [CMD:1011]{"token":"ta6esmmsb3heggvnrk18bk2036","acc":"2zMZDLfsezdv"}
[2021-09-03 16:42:56.917][7700][INFO] [CMD:1001]{"token":"ta6esmmsb3heggvnrk18bk2036","acc":"2zMZDLfsezdv"}
[2021-09-03 16:42:56.917][7700][INFO] [CMD:1023]{"token":"ta6esmmsb3heggvnrk18bk2036","acc":"2zMZDLfsezdv"}
[2021-09-03 16:43:57.434][7700][INFO] [CMD:101][ACC:2zMZDLfsezdv]
[2021-09-03 16:43:57.573][7700][INFO] [CMD:1021]{"token":"gb5du1djfq11dvienlu5upuuj4","acc":"2zMZDLfsezdv"}
[2021-09-03 16:43:57.574][7700][INFO] [CMD:1025]{"token":"gb5du1djfq11dvienlu5upuuj4","acc":"2zMZDLfsezdv"}
[2021-09-03 16:43:57.579][7700][INFO] [CMD:1028]{"token":"gb5du1djfq11dvienlu5upuuj4","acc":"2zMZDLfsezdv"}
[2021-09-03 16:44:02.073][7700][INFO] [CMD:1023]{"token":"gb5du1djfq11dvienlu5upuuj4","acc":"2zMZDLfsezdv"}
[2021-09-03 16:44:02.092][7700][INFO] [CMD:1001]{"token":"gb5du1djfq11dvienlu5upuuj4","acc":"2zMZDLfsezdv"}
[2021-09-03 16:44:02.092][7700][INFO] [CMD:1011]{"token":"gb5du1djfq11dvienlu5upuuj4","acc":"2zMZDLfsezdv"}
[2021-09-03 16:48:02.733][7700][INFO] [CMD:101][ACC:2zMZDLfsezdv]
[2021-09-03 16:48:03.167][7700][INFO] [CMD:1025]{"token":"vh2pbo39vkeupggepjipikc2n8","acc":"2zMZDLfsezdv"}
[2021-09-03 16:48:03.178][7700][INFO] [CMD:1021]{"token":"vh2pbo39vkeupggepjipikc2n8","acc":"2zMZDLfsezdv"}
[2021-09-03 16:48:03.180][7700][INFO] [CMD:1028]{"token":"vh2pbo39vkeupggepjipikc2n8","acc":"2zMZDLfsezdv"}
[2021-09-03 16:48:07.382][7700][INFO] [CMD:1023]{"token":"vh2pbo39vkeupggepjipikc2n8","acc":"2zMZDLfsezdv"}
[2021-09-03 16:48:07.384][7700][INFO] [CMD:1011]{"token":"vh2pbo39vkeupggepjipikc2n8","acc":"2zMZDLfsezdv"}
[2021-09-03 16:48:07.400][7700][INFO] [CMD:1001]{"token":"vh2pbo39vkeupggepjipikc2n8","acc":"2zMZDLfsezdv"}
[2021-09-03 16:50:31.574][7700][INFO] [CMD:101][ACC:2zMZDLfsezdv]
[2021-09-03 16:50:31.727][7700][INFO] [CMD:1021]{"token":"7al0fhrohcpulu4ntl3q6d2l6t","acc":"2zMZDLfsezdv"}
[2021-09-03 16:50:31.731][7700][INFO] [CMD:1025]{"token":"7al0fhrohcpulu4ntl3q6d2l6t","acc":"2zMZDLfsezdv"}
[2021-09-03 16:50:31.753][7700][INFO] [CMD:1028]{"token":"7al0fhrohcpulu4ntl3q6d2l6t","acc":"2zMZDLfsezdv"}
[2021-09-03 16:50:35.981][7700][INFO] [CMD:1023]{"token":"7al0fhrohcpulu4ntl3q6d2l6t","acc":"2zMZDLfsezdv"}
[2021-09-03 16:50:35.992][7700][INFO] [CMD:1001]{"token":"7al0fhrohcpulu4ntl3q6d2l6t","acc":"2zMZDLfsezdv"}
[2021-09-03 16:50:36.005][7700][INFO] [CMD:1011]{"token":"7al0fhrohcpulu4ntl3q6d2l6t","acc":"2zMZDLfsezdv"}
[2021-09-03 16:51:58.784][7700][INFO] [CMD:101][ACC:2zMZDLfsezdv]
[2021-09-03 16:51:58.910][7700][INFO] [CMD:1021]{"token":"h09pbk0gitlng5a45derc9d501","acc":"2zMZDLfsezdv"}
[2021-09-03 16:51:58.921][7700][INFO] [CMD:1025]{"token":"h09pbk0gitlng5a45derc9d501","acc":"2zMZDLfsezdv"}
[2021-09-03 16:51:58.922][7700][INFO] [CMD:1028]{"token":"h09pbk0gitlng5a45derc9d501","acc":"2zMZDLfsezdv"}
[2021-09-03 16:52:02.988][7700][INFO] [CMD:1023]{"token":"h09pbk0gitlng5a45derc9d501","acc":"2zMZDLfsezdv"}
[2021-09-03 16:52:02.993][7700][INFO] [CMD:1001]{"token":"h09pbk0gitlng5a45derc9d501","acc":"2zMZDLfsezdv"}
[2021-09-03 16:52:03.010][7700][INFO] [CMD:1011]{"token":"h09pbk0gitlng5a45derc9d501","acc":"2zMZDLfsezdv"}
[2021-09-03 16:52:30.138][7700][INFO] [CMD:1011]{"token":"h09pbk0gitlng5a45derc9d501","acc":"2zMZDLfsezdv"}
[2021-09-03 16:52:34.903][7700][INFO] [CMD:9000]{"token":"h09pbk0gitlng5a45derc9d501","acc":"2zMZDLfsezdv","productId":"craftstory_4900","transactionId":"cf6e1020-4a72-4a2d-ad84-207c3042899e"}
[2021-09-03 16:52:35.128][7700][INFO] [CMD:1011]{"token":"h09pbk0gitlng5a45derc9d501","acc":"2zMZDLfsezdv"}
[2021-09-03 16:52:37.521][7700][INFO] [CMD:1010]{"token":"h09pbk0gitlng5a45derc9d501","acc":"2zMZDLfsezdv","shopId":2006}
[2021-09-03 16:52:37.708][7700][INFO] [CMD:1001]{"token":"h09pbk0gitlng5a45derc9d501","acc":"2zMZDLfsezdv"}
[2021-09-03 16:52:37.724][7700][INFO] [CMD:1011]{"token":"h09pbk0gitlng5a45derc9d501","acc":"2zMZDLfsezdv"}
[2021-09-03 16:52:39.407][7700][INFO] [CMD:1010]{"token":"h09pbk0gitlng5a45derc9d501","acc":"2zMZDLfsezdv","shopId":2006}
[2021-09-03 16:52:39.522][7700][INFO] [CMD:1001]{"token":"h09pbk0gitlng5a45derc9d501","acc":"2zMZDLfsezdv"}
[2021-09-03 16:52:39.527][7700][INFO] [CMD:1011]{"token":"h09pbk0gitlng5a45derc9d501","acc":"2zMZDLfsezdv"}
[2021-09-03 16:53:38.929][7700][INFO] [CMD:101][ACC:2zMZDLfsezdv]
[2021-09-03 16:53:39.077][7700][INFO] [CMD:1025]{"token":"mos01gtue45mvlfsbiudlj4pgk","acc":"2zMZDLfsezdv"}
[2021-09-03 16:53:39.093][7700][INFO] [CMD:1021]{"token":"mos01gtue45mvlfsbiudlj4pgk","acc":"2zMZDLfsezdv"}
[2021-09-03 16:53:39.095][7700][INFO] [CMD:1028]{"token":"mos01gtue45mvlfsbiudlj4pgk","acc":"2zMZDLfsezdv"}
[2021-09-03 16:53:44.061][7700][INFO] [CMD:1011]{"token":"mos01gtue45mvlfsbiudlj4pgk","acc":"2zMZDLfsezdv"}
[2021-09-03 16:53:44.068][7700][INFO] [CMD:1001]{"token":"mos01gtue45mvlfsbiudlj4pgk","acc":"2zMZDLfsezdv"}
[2021-09-03 16:53:44.068][7700][INFO] [CMD:1023]{"token":"mos01gtue45mvlfsbiudlj4pgk","acc":"2zMZDLfsezdv"}
[2021-09-03 16:53:50.367][7700][INFO] [CMD:1011]{"token":"mos01gtue45mvlfsbiudlj4pgk","acc":"2zMZDLfsezdv"}
[2021-09-03 16:56:29.492][7700][INFO] [CMD:101][ACC:2zMZDLfsezdv]
[2021-09-03 16:56:29.639][7700][INFO] [CMD:1021]{"token":"ba5gve2smmd9ct5i9pt5054qs6","acc":"2zMZDLfsezdv"}
[2021-09-03 16:56:29.644][7700][INFO] [CMD:1025]{"token":"ba5gve2smmd9ct5i9pt5054qs6","acc":"2zMZDLfsezdv"}
[2021-09-03 16:56:29.644][7700][INFO] [CMD:1028]{"token":"ba5gve2smmd9ct5i9pt5054qs6","acc":"2zMZDLfsezdv"}
[2021-09-03 16:56:33.361][7700][INFO] [CMD:1023]{"token":"ba5gve2smmd9ct5i9pt5054qs6","acc":"2zMZDLfsezdv"}
[2021-09-03 16:56:33.381][7700][INFO] [CMD:1011]{"token":"ba5gve2smmd9ct5i9pt5054qs6","acc":"2zMZDLfsezdv"}
[2021-09-03 16:56:33.382][7700][INFO] [CMD:1001]{"token":"ba5gve2smmd9ct5i9pt5054qs6","acc":"2zMZDLfsezdv"}
[2021-09-03 17:17:17.063][7700][INFO] [CMD:1004]{"token":"ba5gve2smmd9ct5i9pt5054qs6","acc":"2zMZDLfsezdv","itemId":500,"count":1}
[2021-09-03 17:17:17.277][7700][INFO] [CMD:1001]{"token":"ba5gve2smmd9ct5i9pt5054qs6","acc":"2zMZDLfsezdv"}
[2021-09-03 17:17:20.835][7700][INFO] [CMD:1004]{"token":"ba5gve2smmd9ct5i9pt5054qs6","acc":"2zMZDLfsezdv","itemId":500,"count":1}
[2021-09-03 17:17:20.915][7700][INFO] [CMD:1001]{"token":"ba5gve2smmd9ct5i9pt5054qs6","acc":"2zMZDLfsezdv"}
[2021-09-03 17:17:28.857][7700][INFO] [CMD:1011]{"token":"ba5gve2smmd9ct5i9pt5054qs6","acc":"2zMZDLfsezdv"}
[2021-09-03 17:17:28.858][7700][INFO] [CMD:1001]{"token":"ba5gve2smmd9ct5i9pt5054qs6","acc":"2zMZDLfsezdv"}
[2021-09-03 17:17:30.623][7700][INFO] [CMD:1007]{"token":"ba5gve2smmd9ct5i9pt5054qs6","acc":"2zMZDLfsezdv","guid":165,"site":4}
[2021-09-03 17:17:32.734][7700][INFO] [CMD:1002]{"token":"ba5gve2smmd9ct5i9pt5054qs6","acc":"2zMZDLfsezdv","guid":165,"count":1}
[2021-09-03 17:17:35.671][7700][INFO] [CMD:1002]{"token":"ba5gve2smmd9ct5i9pt5054qs6","acc":"2zMZDLfsezdv","guid":165,"count":1}
